2025-12-15 11:57:55 [INFO] __main__ - ===== Driver Style Map logging started for race_id=2024yasisland =====
2025-12-15 11:57:55 [INFO] __main__ - log file: log/driver_style_2024yasisland.log
2025-12-15 11:57:55 [INFO] __main__ - === Start processing 2024yasisland ===
2025-12-15 11:57:55 [DEBUG] __main__ - [get_openf1] GET https://api.openf1.org/v1/meetings params={'year': 2024}
2025-12-15 11:57:56 [DEBUG] __main__ - [get_openf1] GET https://api.openf1.org/v1/sessions params={'meeting_key': 1252}
2025-12-15 11:57:56 [INFO] __main__ - [find_race_session] year=2024 slug=yasisland -> session_key=9662, meeting_name=Abu Dhabi Grand Prix
2025-12-15 11:57:56 [INFO] __main__ - [main] race_id=2024yasisland -> session_key=9662, meeting_name=Abu Dhabi Grand Prix
2025-12-15 11:57:56 [DEBUG] __main__ - [get_openf1] GET https://api.openf1.org/v1/session_result params={'session_key': 9662}
2025-12-15 11:57:56 [DEBUG] __main__ - [get_openf1] GET https://api.openf1.org/v1/drivers params={'session_key': 9662}
2025-12-15 11:57:57 [INFO] __main__ - [select_race_drivers] session_key=9662 winner=4 teammate=81 last_finisher=30
2025-12-15 11:57:57 [INFO] __main__ - [build_driver_style_embedding_json] start session_key=9662, drivers=[4, 81, 30]
2025-12-15 11:57:57 [DEBUG] __main__ - [get_openf1] GET https://api.openf1.org/v1/race_control params={'session_key': 9662}
2025-12-15 11:57:57 [DEBUG] __main__ - [get_openf1] GET https://api.openf1.org/v1/sessions params={'session_key': 9662}
2025-12-15 11:57:58 [INFO] __main__ - [fetch_session_start] session_key=9662, date_start=2024-12-08 13:00:00+00:00
2025-12-15 11:57:58 [INFO] __main__ - [fetch_race_start_time] use first GREEN as race_start: 2024-12-08 12:20:01+00:00
2025-12-15 11:57:58 [DEBUG] __main__ - [get_openf1] GET https://api.openf1.org/v1/laps params={'session_key': 9662, 'driver_number': 4}
2025-12-15 11:57:59 [INFO] __main__ - [fetch_laps] fill lap 1 date_start with race_start=2024-12-08 12:20:01+00:00
2025-12-15 11:57:59 [INFO] __main__ - [fetch_laps] driver=4, laps: min=1, max=58, count=58
2025-12-15 11:57:59 [DEBUG] __main__ - [fetch_laps] head:
   meeting_key  session_key  ...  st_speed  lap_duration_s
0         1252         9662  ...       293        2705.611
1         1252         9662  ...       295         108.227
2         1252         9662  ...       209         103.528
3         1252         9662  ...       301          88.958
4         1252         9662  ...       301          89.103

[5 rows x 17 columns]
2025-12-15 11:57:59 [INFO] __main__ - [build_driver_style_embedding_json] ref_driver=4, min_lap=1, max_lap=58
2025-12-15 11:57:59 [INFO] __main__ - [build_driver_style_embedding_json] phase_split plan =
2025-12-15 11:57:59 [INFO] __main__ -   opening: [1, 2, 3, 4, 5, 6, 7, 8, 9, 10, 11, 12, 13, 14, 15, 16, 17, 18, 19, 20]
2025-12-15 11:57:59 [INFO] __main__ -   middle : [21, 22, 23, 24, 25, 26, 27, 28, 29, 30, 31, 32, 33, 34, 35, 36, 37, 38, 39]
2025-12-15 11:57:59 [INFO] __main__ -   ending : [40, 41, 42, 43, 44, 45, 46, 47, 48, 49, 50, 51, 52, 53, 54, 55, 56, 57, 58]
2025-12-15 11:57:59 [INFO] __main__ - [build_driver_style_embedding_json] compute features for driver=4
2025-12-15 11:57:59 [DEBUG] __main__ - [get_openf1] GET https://api.openf1.org/v1/laps params={'session_key': 9662, 'driver_number': 4}
2025-12-15 11:58:00 [DEBUG] __main__ - [get_openf1] GET https://api.openf1.org/v1/sessions params={'session_key': 9662}
2025-12-15 11:58:00 [INFO] __main__ - [fetch_session_start] session_key=9662, date_start=2024-12-08 13:00:00+00:00
2025-12-15 11:58:00 [INFO] __main__ - [fetch_race_start_time] use first GREEN as race_start: 2024-12-08 12:20:01+00:00
2025-12-15 11:58:00 [INFO] __main__ - [fetch_laps] fill lap 1 date_start with race_start=2024-12-08 12:20:01+00:00
2025-12-15 11:58:00 [INFO] __main__ - [fetch_laps] driver=4, laps: min=1, max=58, count=58
2025-12-15 11:58:00 [DEBUG] __main__ - [fetch_laps] head:
   meeting_key  session_key  ...  st_speed  lap_duration_s
0         1252         9662  ...       293        2705.611
1         1252         9662  ...       295         108.227
2         1252         9662  ...       209         103.528
3         1252         9662  ...       301          88.958
4         1252         9662  ...       301          89.103

[5 rows x 17 columns]
2025-12-15 11:58:00 [DEBUG] __main__ - [build_lap_status_mapping] status_by_lap={1: 'YELLOW', 2: 'VSC;YELLOW', 3: 'VSC;YELLOW', 4: 'GREEN', 5: 'GREEN', 6: 'GREEN', 7: 'GREEN', 8: 'GREEN', 9: 'GREEN', 10: 'GREEN', 11: 'GREEN', 12: 'GREEN', 13: 'GREEN', 14: 'GREEN', 15: 'GREEN', 16: 'GREEN', 17: 'GREEN', 18: 'GREEN', 19: 'GREEN', 20: 'GREEN', 21: 'GREEN', 22: 'GREEN', 23: 'GREEN', 24: 'GREEN', 25: 'GREEN', 26: 'GREEN', 27: 'GREEN', 28: 'GREEN', 29: 'GREEN', 30: 'GREEN', 31: 'YELLOW', 32: 'GREEN', 33: 'GREEN', 34: 'GREEN', 35: 'GREEN', 36: 'GREEN', 37: 'GREEN', 38: 'GREEN', 39: 'GREEN', 40: 'GREEN', 41: 'GREEN', 42: 'GREEN', 43: 'GREEN', 44: 'GREEN', 45: 'GREEN', 46: 'GREEN', 47: 'GREEN', 48: 'GREEN', 49: 'GREEN', 50: 'GREEN', 51: 'GREEN', 52: 'GREEN', 53: 'GREEN', 54: 'GREEN', 55: 'GREEN', 56: 'GREEN', 57: 'GREEN', 58: 'YELLOW;RED_FLAG;CHEQUERED'}
2025-12-15 11:58:00 [INFO] __main__ - [compute_lap_features_for_driver] driver=4, typical_duration_s=88.42699999999999
2025-12-15 11:58:00 [INFO] __main__ - [compute_lap_features_for_driver] driver=4 lap=1 DROP (YELLOW_FLAG_LAP), status=YELLOW, duration=2705.6s
2025-12-15 11:58:00 [INFO] __main__ - [compute_lap_features_for_driver] driver=4 lap=2 DROP (VSC_LAP), status=VSC;YELLOW, duration=108.2s
2025-12-15 11:58:00 [INFO] __main__ - [compute_lap_features_for_driver] driver=4 lap=3 DROP (VSC_LAP), status=VSC;YELLOW, duration=103.5s
2025-12-15 11:58:00 [INFO] __main__ - [compute_lap_features_for_driver] driver=4 lap=4 KEEP, status=GREEN, duration=89.0s
2025-12-15 11:58:00 [DEBUG] __main__ - [get_openf1] GET https://api.openf1.org/v1/car_data params={'session_key': 9662, 'driver_number': 4, 'date>': '2024-12-08T13:08:38.366000+00:00', 'date<': '2024-12-08T13:10:07.324000+00:00'}
2025-12-15 11:58:01 [DEBUG] __main__ - [compute_lap_features_for_driver] driver=4 lap=4, car_data rows=333
2025-12-15 11:58:01 [INFO] __main__ - [compute_lap_features_for_driver] driver=4 lap=5 KEEP, status=GREEN, duration=89.1s
2025-12-15 11:58:01 [DEBUG] __main__ - [get_openf1] GET https://api.openf1.org/v1/car_data params={'session_key': 9662, 'driver_number': 4, 'date>': '2024-12-08T13:10:07.324000+00:00', 'date<': '2024-12-08T13:11:36.427000+00:00'}
2025-12-15 11:58:03 [DEBUG] __main__ - [compute_lap_features_for_driver] driver=4 lap=5, car_data rows=327
2025-12-15 11:58:03 [INFO] __main__ - [compute_lap_features_for_driver] driver=4 lap=6 KEEP, status=GREEN, duration=89.4s
2025-12-15 11:58:03 [DEBUG] __main__ - [get_openf1] GET https://api.openf1.org/v1/car_data params={'session_key': 9662, 'driver_number': 4, 'date>': '2024-12-08T13:11:36.427000+00:00', 'date<': '2024-12-08T13:13:05.792000+00:00'}
2025-12-15 11:58:03 [DEBUG] __main__ - [compute_lap_features_for_driver] driver=4 lap=6, car_data rows=341
2025-12-15 11:58:03 [INFO] __main__ - [compute_lap_features_for_driver] driver=4 lap=7 KEEP, status=GREEN, duration=89.0s
2025-12-15 11:58:03 [DEBUG] __main__ - [get_openf1] GET https://api.openf1.org/v1/car_data params={'session_key': 9662, 'driver_number': 4, 'date>': '2024-12-08T13:13:05.792000+00:00', 'date<': '2024-12-08T13:14:34.806000+00:00'}
2025-12-15 11:58:04 [DEBUG] __main__ - [compute_lap_features_for_driver] driver=4 lap=7, car_data rows=332
2025-12-15 11:58:04 [INFO] __main__ - [compute_lap_features_for_driver] driver=4 lap=8 KEEP, status=GREEN, duration=89.0s
2025-12-15 11:58:04 [DEBUG] __main__ - [get_openf1] GET https://api.openf1.org/v1/car_data params={'session_key': 9662, 'driver_number': 4, 'date>': '2024-12-08T13:14:34.806000+00:00', 'date<': '2024-12-08T13:16:03.805000+00:00'}
2025-12-15 11:58:05 [DEBUG] __main__ - [compute_lap_features_for_driver] driver=4 lap=8, car_data rows=322
2025-12-15 11:58:05 [INFO] __main__ - [compute_lap_features_for_driver] driver=4 lap=9 KEEP, status=GREEN, duration=88.9s
2025-12-15 11:58:05 [DEBUG] __main__ - [get_openf1] GET https://api.openf1.org/v1/car_data params={'session_key': 9662, 'driver_number': 4, 'date>': '2024-12-08T13:16:03.805000+00:00', 'date<': '2024-12-08T13:17:32.700000+00:00'}
2025-12-15 11:58:06 [DEBUG] __main__ - [compute_lap_features_for_driver] driver=4 lap=9, car_data rows=330
2025-12-15 11:58:06 [INFO] __main__ - [compute_lap_features_for_driver] driver=4 lap=10 KEEP, status=GREEN, duration=89.2s
2025-12-15 11:58:06 [DEBUG] __main__ - [get_openf1] GET https://api.openf1.org/v1/car_data params={'session_key': 9662, 'driver_number': 4, 'date>': '2024-12-08T13:17:32.700000+00:00', 'date<': '2024-12-08T13:19:01.884000+00:00'}
2025-12-15 11:58:07 [DEBUG] __main__ - [compute_lap_features_for_driver] driver=4 lap=10, car_data rows=338
2025-12-15 11:58:07 [INFO] __main__ - [compute_lap_features_for_driver] driver=4 lap=11 KEEP, status=GREEN, duration=89.1s
2025-12-15 11:58:07 [DEBUG] __main__ - [get_openf1] GET https://api.openf1.org/v1/car_data params={'session_key': 9662, 'driver_number': 4, 'date>': '2024-12-08T13:19:01.884000+00:00', 'date<': '2024-12-08T13:20:30.935000+00:00'}
2025-12-15 11:58:07 [DEBUG] __main__ - [compute_lap_features_for_driver] driver=4 lap=11, car_data rows=330
2025-12-15 11:58:07 [INFO] __main__ - [compute_lap_features_for_driver] driver=4 lap=12 KEEP, status=GREEN, duration=89.2s
2025-12-15 11:58:07 [DEBUG] __main__ - [get_openf1] GET https://api.openf1.org/v1/car_data params={'session_key': 9662, 'driver_number': 4, 'date>': '2024-12-08T13:20:30.935000+00:00', 'date<': '2024-12-08T13:22:00.129000+00:00'}
2025-12-15 11:58:09 [DEBUG] __main__ - [compute_lap_features_for_driver] driver=4 lap=12, car_data rows=339
2025-12-15 11:58:09 [INFO] __main__ - [compute_lap_features_for_driver] driver=4 lap=13 KEEP, status=GREEN, duration=89.3s
2025-12-15 11:58:09 [DEBUG] __main__ - [get_openf1] GET https://api.openf1.org/v1/car_data params={'session_key': 9662, 'driver_number': 4, 'date>': '2024-12-08T13:22:00.129000+00:00', 'date<': '2024-12-08T13:23:29.460000+00:00'}
2025-12-15 11:58:09 [DEBUG] __main__ - [compute_lap_features_for_driver] driver=4 lap=13, car_data rows=345
2025-12-15 11:58:09 [INFO] __main__ - [compute_lap_features_for_driver] driver=4 lap=14 KEEP, status=GREEN, duration=89.0s
2025-12-15 11:58:09 [DEBUG] __main__ - [get_openf1] GET https://api.openf1.org/v1/car_data params={'session_key': 9662, 'driver_number': 4, 'date>': '2024-12-08T13:23:29.460000+00:00', 'date<': '2024-12-08T13:24:58.509000+00:00'}
2025-12-15 11:58:10 [DEBUG] __main__ - [compute_lap_features_for_driver] driver=4 lap=14, car_data rows=331
2025-12-15 11:58:10 [INFO] __main__ - [compute_lap_features_for_driver] driver=4 lap=15 KEEP, status=GREEN, duration=89.0s
2025-12-15 11:58:10 [DEBUG] __main__ - [get_openf1] GET https://api.openf1.org/v1/car_data params={'session_key': 9662, 'driver_number': 4, 'date>': '2024-12-08T13:24:58.509000+00:00', 'date<': '2024-12-08T13:26:27.533000+00:00'}
2025-12-15 11:58:11 [DEBUG] __main__ - [compute_lap_features_for_driver] driver=4 lap=15, car_data rows=329
2025-12-15 11:58:11 [INFO] __main__ - [compute_lap_features_for_driver] driver=4 lap=16 KEEP, status=GREEN, duration=88.9s
2025-12-15 11:58:11 [DEBUG] __main__ - [get_openf1] GET https://api.openf1.org/v1/car_data params={'session_key': 9662, 'driver_number': 4, 'date>': '2024-12-08T13:26:27.533000+00:00', 'date<': '2024-12-08T13:27:56.430000+00:00'}
2025-12-15 11:58:11 [DEBUG] __main__ - [compute_lap_features_for_driver] driver=4 lap=16, car_data rows=330
2025-12-15 11:58:11 [INFO] __main__ - [compute_lap_features_for_driver] driver=4 lap=17 KEEP, status=GREEN, duration=89.0s
2025-12-15 11:58:11 [DEBUG] __main__ - [get_openf1] GET https://api.openf1.org/v1/car_data params={'session_key': 9662, 'driver_number': 4, 'date>': '2024-12-08T13:27:56.430000+00:00', 'date<': '2024-12-08T13:29:25.422000+00:00'}
2025-12-15 11:58:12 [DEBUG] __main__ - [compute_lap_features_for_driver] driver=4 lap=17, car_data rows=332
2025-12-15 11:58:12 [INFO] __main__ - [compute_lap_features_for_driver] driver=4 lap=18 KEEP, status=GREEN, duration=89.2s
2025-12-15 11:58:12 [DEBUG] __main__ - [get_openf1] GET https://api.openf1.org/v1/car_data params={'session_key': 9662, 'driver_number': 4, 'date>': '2024-12-08T13:29:25.422000+00:00', 'date<': '2024-12-08T13:30:54.662000+00:00'}
2025-12-15 11:58:14 [DEBUG] __main__ - [compute_lap_features_for_driver] driver=4 lap=18, car_data rows=329
2025-12-15 11:58:14 [INFO] __main__ - [compute_lap_features_for_driver] driver=4 lap=19 KEEP, status=GREEN, duration=89.1s
2025-12-15 11:58:14 [DEBUG] __main__ - [get_openf1] GET https://api.openf1.org/v1/car_data params={'session_key': 9662, 'driver_number': 4, 'date>': '2024-12-08T13:30:54.662000+00:00', 'date<': '2024-12-08T13:32:23.717000+00:00'}
2025-12-15 11:58:14 [DEBUG] __main__ - [compute_lap_features_for_driver] driver=4 lap=19, car_data rows=324
2025-12-15 11:58:14 [INFO] __main__ - [compute_lap_features_for_driver] driver=4 lap=20 KEEP, status=GREEN, duration=89.4s
2025-12-15 11:58:14 [DEBUG] __main__ - [get_openf1] GET https://api.openf1.org/v1/car_data params={'session_key': 9662, 'driver_number': 4, 'date>': '2024-12-08T13:32:23.717000+00:00', 'date<': '2024-12-08T13:33:53.092000+00:00'}
2025-12-15 11:58:15 [DEBUG] __main__ - [compute_lap_features_for_driver] driver=4 lap=20, car_data rows=327
2025-12-15 11:58:15 [INFO] __main__ - [compute_lap_features_for_driver] driver=4 lap=21 KEEP, status=GREEN, duration=89.0s
2025-12-15 11:58:15 [DEBUG] __main__ - [get_openf1] GET https://api.openf1.org/v1/car_data params={'session_key': 9662, 'driver_number': 4, 'date>': '2024-12-08T13:33:53.092000+00:00', 'date<': '2024-12-08T13:35:22.086000+00:00'}
2025-12-15 11:58:16 [DEBUG] __main__ - [compute_lap_features_for_driver] driver=4 lap=21, car_data rows=335
2025-12-15 11:58:16 [INFO] __main__ - [compute_lap_features_for_driver] driver=4 lap=22 KEEP, status=GREEN, duration=89.3s
2025-12-15 11:58:16 [DEBUG] __main__ - [get_openf1] GET https://api.openf1.org/v1/car_data params={'session_key': 9662, 'driver_number': 4, 'date>': '2024-12-08T13:35:22.086000+00:00', 'date<': '2024-12-08T13:36:51.352000+00:00'}
2025-12-15 11:58:16 [DEBUG] __main__ - [compute_lap_features_for_driver] driver=4 lap=22, car_data rows=333
2025-12-15 11:58:16 [INFO] __main__ - [compute_lap_features_for_driver] driver=4 lap=23 KEEP, status=GREEN, duration=89.2s
2025-12-15 11:58:16 [DEBUG] __main__ - [get_openf1] GET https://api.openf1.org/v1/car_data params={'session_key': 9662, 'driver_number': 4, 'date>': '2024-12-08T13:36:51.352000+00:00', 'date<': '2024-12-08T13:38:20.593000+00:00'}
2025-12-15 11:58:17 [DEBUG] __main__ - [compute_lap_features_for_driver] driver=4 lap=23, car_data rows=335
2025-12-15 11:58:17 [INFO] __main__ - [compute_lap_features_for_driver] driver=4 lap=24 KEEP, status=GREEN, duration=89.5s
2025-12-15 11:58:17 [DEBUG] __main__ - [get_openf1] GET https://api.openf1.org/v1/car_data params={'session_key': 9662, 'driver_number': 4, 'date>': '2024-12-08T13:38:20.593000+00:00', 'date<': '2024-12-08T13:39:50.077000+00:00'}
2025-12-15 11:58:18 [DEBUG] __main__ - [compute_lap_features_for_driver] driver=4 lap=24, car_data rows=344
2025-12-15 11:58:18 [INFO] __main__ - [compute_lap_features_for_driver] driver=4 lap=25 KEEP, status=GREEN, duration=89.3s
2025-12-15 11:58:18 [DEBUG] __main__ - [get_openf1] GET https://api.openf1.org/v1/car_data params={'session_key': 9662, 'driver_number': 4, 'date>': '2024-12-08T13:39:50.077000+00:00', 'date<': '2024-12-08T13:41:19.345000+00:00'}
2025-12-15 11:58:18 [DEBUG] __main__ - [compute_lap_features_for_driver] driver=4 lap=25, car_data rows=328
2025-12-15 11:58:18 [INFO] __main__ - [compute_lap_features_for_driver] driver=4 lap=26 KEEP, status=GREEN, duration=91.6s
2025-12-15 11:58:18 [DEBUG] __main__ - [get_openf1] GET https://api.openf1.org/v1/car_data params={'session_key': 9662, 'driver_number': 4, 'date>': '2024-12-08T13:41:19.345000+00:00', 'date<': '2024-12-08T13:42:50.906000+00:00'}
2025-12-15 11:58:19 [DEBUG] __main__ - [compute_lap_features_for_driver] driver=4 lap=26, car_data rows=346
2025-12-15 11:58:19 [INFO] __main__ - [compute_lap_features_for_driver] driver=4 lap=27 KEEP, status=GREEN, duration=107.5s
2025-12-15 11:58:19 [DEBUG] __main__ - [get_openf1] GET https://api.openf1.org/v1/car_data params={'session_key': 9662, 'driver_number': 4, 'date>': '2024-12-08T13:42:50.906000+00:00', 'date<': '2024-12-08T13:44:38.429000+00:00'}
2025-12-15 11:58:20 [DEBUG] __main__ - [compute_lap_features_for_driver] driver=4 lap=27, car_data rows=404
2025-12-15 11:58:20 [INFO] __main__ - [compute_lap_features_for_driver] driver=4 lap=28 KEEP, status=GREEN, duration=88.2s
2025-12-15 11:58:20 [DEBUG] __main__ - [get_openf1] GET https://api.openf1.org/v1/car_data params={'session_key': 9662, 'driver_number': 4, 'date>': '2024-12-08T13:44:38.429000+00:00', 'date<': '2024-12-08T13:46:06.664000+00:00'}
2025-12-15 11:58:20 [DEBUG] __main__ - [compute_lap_features_for_driver] driver=4 lap=28, car_data rows=327
2025-12-15 11:58:20 [INFO] __main__ - [compute_lap_features_for_driver] driver=4 lap=29 KEEP, status=GREEN, duration=88.5s
2025-12-15 11:58:20 [DEBUG] __main__ - [get_openf1] GET https://api.openf1.org/v1/car_data params={'session_key': 9662, 'driver_number': 4, 'date>': '2024-12-08T13:46:06.664000+00:00', 'date<': '2024-12-08T13:47:35.164000+00:00'}
2025-12-15 11:58:21 [DEBUG] __main__ - [compute_lap_features_for_driver] driver=4 lap=29, car_data rows=332
2025-12-15 11:58:21 [INFO] __main__ - [compute_lap_features_for_driver] driver=4 lap=30 KEEP, status=GREEN, duration=88.2s
2025-12-15 11:58:21 [DEBUG] __main__ - [get_openf1] GET https://api.openf1.org/v1/car_data params={'session_key': 9662, 'driver_number': 4, 'date>': '2024-12-08T13:47:35.164000+00:00', 'date<': '2024-12-08T13:49:03.316000+00:00'}
2025-12-15 11:58:21 [DEBUG] __main__ - [compute_lap_features_for_driver] driver=4 lap=30, car_data rows=339
2025-12-15 11:58:21 [INFO] __main__ - [compute_lap_features_for_driver] driver=4 lap=31 DROP (YELLOW_FLAG_LAP), status=YELLOW, duration=88.4s
2025-12-15 11:58:21 [INFO] __main__ - [compute_lap_features_for_driver] driver=4 lap=32 KEEP, status=GREEN, duration=88.5s
2025-12-15 11:58:21 [DEBUG] __main__ - [get_openf1] GET https://api.openf1.org/v1/car_data params={'session_key': 9662, 'driver_number': 4, 'date>': '2024-12-08T13:50:31.715000+00:00', 'date<': '2024-12-08T13:52:00.170000+00:00'}
2025-12-15 11:58:22 [DEBUG] __main__ - [compute_lap_features_for_driver] driver=4 lap=32, car_data rows=324
2025-12-15 11:58:22 [INFO] __main__ - [compute_lap_features_for_driver] driver=4 lap=33 KEEP, status=GREEN, duration=88.2s
2025-12-15 11:58:22 [DEBUG] __main__ - [get_openf1] GET https://api.openf1.org/v1/car_data params={'session_key': 9662, 'driver_number': 4, 'date>': '2024-12-08T13:52:00.170000+00:00', 'date<': '2024-12-08T13:53:28.323000+00:00'}
2025-12-15 11:58:23 [DEBUG] __main__ - [compute_lap_features_for_driver] driver=4 lap=33, car_data rows=344
2025-12-15 11:58:23 [INFO] __main__ - [compute_lap_features_for_driver] driver=4 lap=34 KEEP, status=GREEN, duration=88.1s
2025-12-15 11:58:23 [DEBUG] __main__ - [get_openf1] GET https://api.openf1.org/v1/car_data params={'session_key': 9662, 'driver_number': 4, 'date>': '2024-12-08T13:53:28.323000+00:00', 'date<': '2024-12-08T13:54:56.420000+00:00'}
2025-12-15 11:58:23 [DEBUG] __main__ - [compute_lap_features_for_driver] driver=4 lap=34, car_data rows=324
2025-12-15 11:58:23 [INFO] __main__ - [compute_lap_features_for_driver] driver=4 lap=35 KEEP, status=GREEN, duration=87.8s
2025-12-15 11:58:23 [DEBUG] __main__ - [get_openf1] GET https://api.openf1.org/v1/car_data params={'session_key': 9662, 'driver_number': 4, 'date>': '2024-12-08T13:54:56.420000+00:00', 'date<': '2024-12-08T13:56:24.267000+00:00'}
2025-12-15 11:58:24 [DEBUG] __main__ - [compute_lap_features_for_driver] driver=4 lap=35, car_data rows=329
2025-12-15 11:58:24 [INFO] __main__ - [compute_lap_features_for_driver] driver=4 lap=36 KEEP, status=GREEN, duration=88.0s
2025-12-15 11:58:24 [DEBUG] __main__ - [get_openf1] GET https://api.openf1.org/v1/car_data params={'session_key': 9662, 'driver_number': 4, 'date>': '2024-12-08T13:56:24.267000+00:00', 'date<': '2024-12-08T13:57:52.247000+00:00'}
2025-12-15 11:58:24 [DEBUG] __main__ - [compute_lap_features_for_driver] driver=4 lap=36, car_data rows=341
2025-12-15 11:58:24 [INFO] __main__ - [compute_lap_features_for_driver] driver=4 lap=37 KEEP, status=GREEN, duration=88.0s
2025-12-15 11:58:24 [DEBUG] __main__ - [get_openf1] GET https://api.openf1.org/v1/car_data params={'session_key': 9662, 'driver_number': 4, 'date>': '2024-12-08T13:57:52.247000+00:00', 'date<': '2024-12-08T13:59:20.201000+00:00'}
2025-12-15 11:58:25 [DEBUG] __main__ - [compute_lap_features_for_driver] driver=4 lap=37, car_data rows=324
2025-12-15 11:58:25 [INFO] __main__ - [compute_lap_features_for_driver] driver=4 lap=38 KEEP, status=GREEN, duration=88.1s
2025-12-15 11:58:25 [DEBUG] __main__ - [get_openf1] GET https://api.openf1.org/v1/car_data params={'session_key': 9662, 'driver_number': 4, 'date>': '2024-12-08T13:59:20.201000+00:00', 'date<': '2024-12-08T14:00:48.269000+00:00'}
2025-12-15 11:58:25 [DEBUG] __main__ - [compute_lap_features_for_driver] driver=4 lap=38, car_data rows=337
2025-12-15 11:58:25 [INFO] __main__ - [compute_lap_features_for_driver] driver=4 lap=39 KEEP, status=GREEN, duration=87.8s
2025-12-15 11:58:25 [DEBUG] __main__ - [get_openf1] GET https://api.openf1.org/v1/car_data params={'session_key': 9662, 'driver_number': 4, 'date>': '2024-12-08T14:00:48.269000+00:00', 'date<': '2024-12-08T14:02:16.044000+00:00'}
2025-12-15 11:58:27 [DEBUG] __main__ - [compute_lap_features_for_driver] driver=4 lap=39, car_data rows=335
2025-12-15 11:58:27 [INFO] __main__ - [compute_lap_features_for_driver] driver=4 lap=40 KEEP, status=GREEN, duration=87.7s
2025-12-15 11:58:27 [DEBUG] __main__ - [get_openf1] GET https://api.openf1.org/v1/car_data params={'session_key': 9662, 'driver_number': 4, 'date>': '2024-12-08T14:02:16.044000+00:00', 'date<': '2024-12-08T14:03:43.712000+00:00'}
2025-12-15 11:58:29 [DEBUG] __main__ - [compute_lap_features_for_driver] driver=4 lap=40, car_data rows=310
2025-12-15 11:58:29 [INFO] __main__ - [compute_lap_features_for_driver] driver=4 lap=41 KEEP, status=GREEN, duration=87.8s
2025-12-15 11:58:29 [DEBUG] __main__ - [get_openf1] GET https://api.openf1.org/v1/car_data params={'session_key': 9662, 'driver_number': 4, 'date>': '2024-12-08T14:03:43.712000+00:00', 'date<': '2024-12-08T14:05:11.471000+00:00'}
2025-12-15 11:58:30 [DEBUG] __main__ - [compute_lap_features_for_driver] driver=4 lap=41, car_data rows=323
2025-12-15 11:58:30 [INFO] __main__ - [compute_lap_features_for_driver] driver=4 lap=42 KEEP, status=GREEN, duration=88.2s
2025-12-15 11:58:30 [DEBUG] __main__ - [get_openf1] GET https://api.openf1.org/v1/car_data params={'session_key': 9662, 'driver_number': 4, 'date>': '2024-12-08T14:05:11.471000+00:00', 'date<': '2024-12-08T14:06:39.680000+00:00'}
2025-12-15 11:58:30 [DEBUG] __main__ - [compute_lap_features_for_driver] driver=4 lap=42, car_data rows=333
2025-12-15 11:58:30 [INFO] __main__ - [compute_lap_features_for_driver] driver=4 lap=43 KEEP, status=GREEN, duration=87.9s
2025-12-15 11:58:30 [DEBUG] __main__ - [get_openf1] GET https://api.openf1.org/v1/car_data params={'session_key': 9662, 'driver_number': 4, 'date>': '2024-12-08T14:06:39.680000+00:00', 'date<': '2024-12-08T14:08:07.619000+00:00'}
2025-12-15 11:58:31 [DEBUG] __main__ - [compute_lap_features_for_driver] driver=4 lap=43, car_data rows=330
2025-12-15 11:58:31 [INFO] __main__ - [compute_lap_features_for_driver] driver=4 lap=44 KEEP, status=GREEN, duration=88.0s
2025-12-15 11:58:31 [DEBUG] __main__ - [get_openf1] GET https://api.openf1.org/v1/car_data params={'session_key': 9662, 'driver_number': 4, 'date>': '2024-12-08T14:08:07.619000+00:00', 'date<': '2024-12-08T14:09:35.628000+00:00'}
2025-12-15 11:58:32 [DEBUG] __main__ - [compute_lap_features_for_driver] driver=4 lap=44, car_data rows=339
2025-12-15 11:58:32 [INFO] __main__ - [compute_lap_features_for_driver] driver=4 lap=45 KEEP, status=GREEN, duration=88.1s
2025-12-15 11:58:32 [DEBUG] __main__ - [get_openf1] GET https://api.openf1.org/v1/car_data params={'session_key': 9662, 'driver_number': 4, 'date>': '2024-12-08T14:09:35.628000+00:00', 'date<': '2024-12-08T14:11:03.769000+00:00'}
2025-12-15 11:58:32 [DEBUG] __main__ - [compute_lap_features_for_driver] driver=4 lap=45, car_data rows=336
2025-12-15 11:58:32 [INFO] __main__ - [compute_lap_features_for_driver] driver=4 lap=46 KEEP, status=GREEN, duration=88.1s
2025-12-15 11:58:32 [DEBUG] __main__ - [get_openf1] GET https://api.openf1.org/v1/car_data params={'session_key': 9662, 'driver_number': 4, 'date>': '2024-12-08T14:11:03.769000+00:00', 'date<': '2024-12-08T14:12:31.823000+00:00'}
2025-12-15 11:58:33 [DEBUG] __main__ - [compute_lap_features_for_driver] driver=4 lap=46, car_data rows=335
2025-12-15 11:58:33 [INFO] __main__ - [compute_lap_features_for_driver] driver=4 lap=47 KEEP, status=GREEN, duration=88.3s
2025-12-15 11:58:33 [DEBUG] __main__ - [get_openf1] GET https://api.openf1.org/v1/car_data params={'session_key': 9662, 'driver_number': 4, 'date>': '2024-12-08T14:12:31.823000+00:00', 'date<': '2024-12-08T14:14:00.076000+00:00'}
2025-12-15 11:58:34 [DEBUG] __main__ - [compute_lap_features_for_driver] driver=4 lap=47, car_data rows=344
2025-12-15 11:58:34 [INFO] __main__ - [compute_lap_features_for_driver] driver=4 lap=48 KEEP, status=GREEN, duration=88.3s
2025-12-15 11:58:34 [DEBUG] __main__ - [get_openf1] GET https://api.openf1.org/v1/car_data params={'session_key': 9662, 'driver_number': 4, 'date>': '2024-12-08T14:14:00.076000+00:00', 'date<': '2024-12-08T14:15:28.346000+00:00'}
2025-12-15 11:58:34 [DEBUG] __main__ - [compute_lap_features_for_driver] driver=4 lap=48, car_data rows=342
2025-12-15 11:58:34 [INFO] __main__ - [compute_lap_features_for_driver] driver=4 lap=49 KEEP, status=GREEN, duration=88.2s
2025-12-15 11:58:34 [DEBUG] __main__ - [get_openf1] GET https://api.openf1.org/v1/car_data params={'session_key': 9662, 'driver_number': 4, 'date>': '2024-12-08T14:15:28.346000+00:00', 'date<': '2024-12-08T14:16:56.560000+00:00'}
2025-12-15 11:58:35 [DEBUG] __main__ - [compute_lap_features_for_driver] driver=4 lap=49, car_data rows=342
2025-12-15 11:58:35 [INFO] __main__ - [compute_lap_features_for_driver] driver=4 lap=50 KEEP, status=GREEN, duration=88.1s
2025-12-15 11:58:35 [DEBUG] __main__ - [get_openf1] GET https://api.openf1.org/v1/car_data params={'session_key': 9662, 'driver_number': 4, 'date>': '2024-12-08T14:16:56.560000+00:00', 'date<': '2024-12-08T14:18:24.691000+00:00'}
2025-12-15 11:58:35 [DEBUG] __main__ - [compute_lap_features_for_driver] driver=4 lap=50, car_data rows=342
2025-12-15 11:58:35 [INFO] __main__ - [compute_lap_features_for_driver] driver=4 lap=51 KEEP, status=GREEN, duration=87.8s
2025-12-15 11:58:35 [DEBUG] __main__ - [get_openf1] GET https://api.openf1.org/v1/car_data params={'session_key': 9662, 'driver_number': 4, 'date>': '2024-12-08T14:18:24.691000+00:00', 'date<': '2024-12-08T14:19:52.518000+00:00'}
2025-12-15 11:58:36 [DEBUG] __main__ - [compute_lap_features_for_driver] driver=4 lap=51, car_data rows=326
2025-12-15 11:58:36 [INFO] __main__ - [compute_lap_features_for_driver] driver=4 lap=52 KEEP, status=GREEN, duration=87.5s
2025-12-15 11:58:36 [DEBUG] __main__ - [get_openf1] GET https://api.openf1.org/v1/car_data params={'session_key': 9662, 'driver_number': 4, 'date>': '2024-12-08T14:19:52.518000+00:00', 'date<': '2024-12-08T14:21:20+00:00'}
2025-12-15 11:58:37 [DEBUG] __main__ - [compute_lap_features_for_driver] driver=4 lap=52, car_data rows=331
2025-12-15 11:58:37 [INFO] __main__ - [compute_lap_features_for_driver] driver=4 lap=53 KEEP, status=GREEN, duration=87.6s
2025-12-15 11:58:37 [DEBUG] __main__ - [get_openf1] GET https://api.openf1.org/v1/car_data params={'session_key': 9662, 'driver_number': 4, 'date>': '2024-12-08T14:21:20+00:00', 'date<': '2024-12-08T14:22:47.573000+00:00'}
2025-12-15 11:58:37 [DEBUG] __main__ - [compute_lap_features_for_driver] driver=4 lap=53, car_data rows=339
2025-12-15 11:58:37 [INFO] __main__ - [compute_lap_features_for_driver] driver=4 lap=54 KEEP, status=GREEN, duration=88.0s
2025-12-15 11:58:37 [DEBUG] __main__ - [get_openf1] GET https://api.openf1.org/v1/car_data params={'session_key': 9662, 'driver_number': 4, 'date>': '2024-12-08T14:22:47.573000+00:00', 'date<': '2024-12-08T14:24:15.611000+00:00'}
2025-12-15 11:58:38 [DEBUG] __main__ - [compute_lap_features_for_driver] driver=4 lap=54, car_data rows=327
2025-12-15 11:58:38 [INFO] __main__ - [compute_lap_features_for_driver] driver=4 lap=55 KEEP, status=GREEN, duration=87.7s
2025-12-15 11:58:38 [DEBUG] __main__ - [get_openf1] GET https://api.openf1.org/v1/car_data params={'session_key': 9662, 'driver_number': 4, 'date>': '2024-12-08T14:24:15.611000+00:00', 'date<': '2024-12-08T14:25:43.344000+00:00'}
2025-12-15 11:58:38 [DEBUG] __main__ - [compute_lap_features_for_driver] driver=4 lap=55, car_data rows=325
2025-12-15 11:58:38 [INFO] __main__ - [compute_lap_features_for_driver] driver=4 lap=56 KEEP, status=GREEN, duration=87.6s
2025-12-15 11:58:38 [DEBUG] __main__ - [get_openf1] GET https://api.openf1.org/v1/car_data params={'session_key': 9662, 'driver_number': 4, 'date>': '2024-12-08T14:25:43.344000+00:00', 'date<': '2024-12-08T14:27:10.989000+00:00'}
2025-12-15 11:58:39 [DEBUG] __main__ - [compute_lap_features_for_driver] driver=4 lap=56, car_data rows=325
2025-12-15 11:58:39 [INFO] __main__ - [compute_lap_features_for_driver] driver=4 lap=57 KEEP, status=GREEN, duration=87.9s
2025-12-15 11:58:39 [DEBUG] __main__ - [get_openf1] GET https://api.openf1.org/v1/car_data params={'session_key': 9662, 'driver_number': 4, 'date>': '2024-12-08T14:27:10.989000+00:00', 'date<': '2024-12-08T14:28:38.920000+00:00'}
2025-12-15 11:58:40 [DEBUG] __main__ - [compute_lap_features_for_driver] driver=4 lap=57, car_data rows=336
2025-12-15 11:58:40 [INFO] __main__ - [compute_lap_features_for_driver] driver=4 lap=58 DROP (CHEQUERED_FLAG_LAP), status=YELLOW;RED_FLAG;CHEQUERED, duration=nans
2025-12-15 11:58:40 [INFO] __main__ - [compute_lap_features_for_driver] driver=4, feature laps=[4, 5, 6, 7, 8, 9, 10, 11, 12, 13, 14, 15, 16, 17, 18, 19, 20, 21, 22, 23, 24, 25, 26, 27, 28, 29, 30, 32, 33, 34, 35, 36, 37, 38, 39, 40, 41, 42, 43, 44, 45, 46, 47, 48, 49, 50, 51, 52, 53, 54, 55, 56, 57]
2025-12-15 11:58:40 [INFO] __main__ - [build_driver_style_embedding_json] compute features for driver=81
2025-12-15 11:58:40 [DEBUG] __main__ - [get_openf1] GET https://api.openf1.org/v1/laps params={'session_key': 9662, 'driver_number': 81}
2025-12-15 11:58:40 [DEBUG] __main__ - [get_openf1] GET https://api.openf1.org/v1/sessions params={'session_key': 9662}
2025-12-15 11:58:41 [INFO] __main__ - [fetch_session_start] session_key=9662, date_start=2024-12-08 13:00:00+00:00
2025-12-15 11:58:41 [INFO] __main__ - [fetch_race_start_time] use first GREEN as race_start: 2024-12-08 12:20:01+00:00
2025-12-15 11:58:41 [INFO] __main__ - [fetch_laps] fill lap 1 date_start with race_start=2024-12-08 12:20:01+00:00
2025-12-15 11:58:41 [INFO] __main__ - [fetch_laps] driver=81, laps: min=1, max=58, count=58
2025-12-15 11:58:41 [DEBUG] __main__ - [fetch_laps] head:
   meeting_key  session_key  ...  st_speed  lap_duration_s
0         1252         9662  ...       295        2718.062
1         1252         9662  ...        92         122.038
2         1252         9662  ...       262          94.824
3         1252         9662  ...       308          92.352
4         1252         9662  ...       296         110.802

[5 rows x 17 columns]
2025-12-15 11:58:41 [DEBUG] __main__ - [build_lap_status_mapping] status_by_lap={1: 'YELLOW', 2: 'VSC;YELLOW', 3: 'VSC', 4: 'GREEN', 5: 'GREEN', 6: 'GREEN', 7: 'GREEN', 8: 'GREEN', 9: 'GREEN', 10: 'GREEN', 11: 'GREEN', 12: 'GREEN', 13: 'GREEN', 14: 'GREEN', 15: 'GREEN', 16: 'GREEN', 17: 'GREEN', 18: 'GREEN', 19: 'GREEN', 20: 'GREEN', 21: 'GREEN', 22: 'GREEN', 23: 'GREEN', 24: 'GREEN', 25: 'GREEN', 26: 'GREEN', 27: 'GREEN', 28: 'GREEN', 29: 'GREEN', 30: 'YELLOW', 31: 'GREEN', 32: 'GREEN', 33: 'GREEN', 34: 'GREEN', 35: 'GREEN', 36: 'GREEN', 37: 'GREEN', 38: 'GREEN', 39: 'GREEN', 40: 'GREEN', 41: 'GREEN', 42: 'GREEN', 43: 'GREEN', 44: 'GREEN', 45: 'GREEN', 46: 'GREEN', 47: 'GREEN', 48: 'GREEN', 49: 'GREEN', 50: 'GREEN', 51: 'GREEN', 52: 'GREEN', 53: 'GREEN', 54: 'GREEN', 55: 'GREEN', 56: 'GREEN', 57: 'YELLOW', 58: 'YELLOW;RED_FLAG;CHEQUERED'}
2025-12-15 11:58:41 [INFO] __main__ - [compute_lap_features_for_driver] driver=81, typical_duration_s=89.578
2025-12-15 11:58:41 [INFO] __main__ - [compute_lap_features_for_driver] driver=81 lap=1 DROP (YELLOW_FLAG_LAP), status=YELLOW, duration=2718.1s
2025-12-15 11:58:41 [INFO] __main__ - [compute_lap_features_for_driver] driver=81 lap=2 DROP (VSC_LAP), status=VSC;YELLOW, duration=122.0s
2025-12-15 11:58:41 [INFO] __main__ - [compute_lap_features_for_driver] driver=81 lap=3 DROP (VSC_LAP), status=VSC, duration=94.8s
2025-12-15 11:58:41 [INFO] __main__ - [compute_lap_features_for_driver] driver=81 lap=4 KEEP, status=GREEN, duration=92.4s
2025-12-15 11:58:41 [DEBUG] __main__ - [get_openf1] GET https://api.openf1.org/v1/car_data params={'session_key': 9662, 'driver_number': 81, 'date>': '2024-12-08T13:08:55.924000+00:00', 'date<': '2024-12-08T13:10:28.276000+00:00'}
2025-12-15 11:58:42 [DEBUG] __main__ - [compute_lap_features_for_driver] driver=81 lap=4, car_data rows=343
2025-12-15 11:58:42 [INFO] __main__ - [compute_lap_features_for_driver] driver=81 lap=5 KEEP, status=GREEN, duration=110.8s
2025-12-15 11:58:42 [DEBUG] __main__ - [get_openf1] GET https://api.openf1.org/v1/car_data params={'session_key': 9662, 'driver_number': 81, 'date>': '2024-12-08T13:10:28.276000+00:00', 'date<': '2024-12-08T13:12:19.078000+00:00'}
2025-12-15 11:58:42 [DEBUG] __main__ - [compute_lap_features_for_driver] driver=81 lap=5, car_data rows=420
2025-12-15 11:58:42 [INFO] __main__ - [compute_lap_features_for_driver] driver=81 lap=6 KEEP, status=GREEN, duration=89.0s
2025-12-15 11:58:42 [DEBUG] __main__ - [get_openf1] GET https://api.openf1.org/v1/car_data params={'session_key': 9662, 'driver_number': 81, 'date>': '2024-12-08T13:12:19.078000+00:00', 'date<': '2024-12-08T13:13:48.033000+00:00'}
2025-12-15 11:58:43 [DEBUG] __main__ - [compute_lap_features_for_driver] driver=81 lap=6, car_data rows=330
2025-12-15 11:58:43 [INFO] __main__ - [compute_lap_features_for_driver] driver=81 lap=7 KEEP, status=GREEN, duration=89.1s
2025-12-15 11:58:43 [DEBUG] __main__ - [get_openf1] GET https://api.openf1.org/v1/car_data params={'session_key': 9662, 'driver_number': 81, 'date>': '2024-12-08T13:13:48.033000+00:00', 'date<': '2024-12-08T13:15:17.169000+00:00'}
2025-12-15 11:58:44 [DEBUG] __main__ - [compute_lap_features_for_driver] driver=81 lap=7, car_data rows=328
2025-12-15 11:58:44 [INFO] __main__ - [compute_lap_features_for_driver] driver=81 lap=8 KEEP, status=GREEN, duration=89.6s
2025-12-15 11:58:44 [DEBUG] __main__ - [get_openf1] GET https://api.openf1.org/v1/car_data params={'session_key': 9662, 'driver_number': 81, 'date>': '2024-12-08T13:15:17.169000+00:00', 'date<': '2024-12-08T13:16:46.728000+00:00'}
2025-12-15 11:58:45 [DEBUG] __main__ - [compute_lap_features_for_driver] driver=81 lap=8, car_data rows=333
2025-12-15 11:58:45 [INFO] __main__ - [compute_lap_features_for_driver] driver=81 lap=9 KEEP, status=GREEN, duration=89.6s
2025-12-15 11:58:45 [DEBUG] __main__ - [get_openf1] GET https://api.openf1.org/v1/car_data params={'session_key': 9662, 'driver_number': 81, 'date>': '2024-12-08T13:16:46.728000+00:00', 'date<': '2024-12-08T13:18:16.281000+00:00'}
2025-12-15 11:58:46 [DEBUG] __main__ - [compute_lap_features_for_driver] driver=81 lap=9, car_data rows=330
2025-12-15 11:58:46 [INFO] __main__ - [compute_lap_features_for_driver] driver=81 lap=10 KEEP, status=GREEN, duration=89.6s
2025-12-15 11:58:46 [DEBUG] __main__ - [get_openf1] GET https://api.openf1.org/v1/car_data params={'session_key': 9662, 'driver_number': 81, 'date>': '2024-12-08T13:18:16.281000+00:00', 'date<': '2024-12-08T13:19:45.925000+00:00'}
2025-12-15 11:58:46 [DEBUG] __main__ - [compute_lap_features_for_driver] driver=81 lap=10, car_data rows=337
2025-12-15 11:58:46 [INFO] __main__ - [compute_lap_features_for_driver] driver=81 lap=11 KEEP, status=GREEN, duration=89.2s
2025-12-15 11:58:46 [DEBUG] __main__ - [get_openf1] GET https://api.openf1.org/v1/car_data params={'session_key': 9662, 'driver_number': 81, 'date>': '2024-12-08T13:19:45.925000+00:00', 'date<': '2024-12-08T13:21:15.164000+00:00'}
2025-12-15 11:58:47 [DEBUG] __main__ - [compute_lap_features_for_driver] driver=81 lap=11, car_data rows=335
2025-12-15 11:58:47 [INFO] __main__ - [compute_lap_features_for_driver] driver=81 lap=12 KEEP, status=GREEN, duration=90.0s
2025-12-15 11:58:47 [DEBUG] __main__ - [get_openf1] GET https://api.openf1.org/v1/car_data params={'session_key': 9662, 'driver_number': 81, 'date>': '2024-12-08T13:21:15.164000+00:00', 'date<': '2024-12-08T13:22:45.133000+00:00'}
2025-12-15 11:58:48 [DEBUG] __main__ - [compute_lap_features_for_driver] driver=81 lap=12, car_data rows=343
2025-12-15 11:58:48 [INFO] __main__ - [compute_lap_features_for_driver] driver=81 lap=13 KEEP, status=GREEN, duration=89.5s
2025-12-15 11:58:48 [DEBUG] __main__ - [get_openf1] GET https://api.openf1.org/v1/car_data params={'session_key': 9662, 'driver_number': 81, 'date>': '2024-12-08T13:22:45.133000+00:00', 'date<': '2024-12-08T13:24:14.668000+00:00'}
2025-12-15 11:58:49 [DEBUG] __main__ - [compute_lap_features_for_driver] driver=81 lap=13, car_data rows=335
2025-12-15 11:58:49 [INFO] __main__ - [compute_lap_features_for_driver] driver=81 lap=14 KEEP, status=GREEN, duration=89.2s
2025-12-15 11:58:49 [DEBUG] __main__ - [get_openf1] GET https://api.openf1.org/v1/car_data params={'session_key': 9662, 'driver_number': 81, 'date>': '2024-12-08T13:24:14.668000+00:00', 'date<': '2024-12-08T13:25:43.909000+00:00'}
2025-12-15 11:58:49 [DEBUG] __main__ - [compute_lap_features_for_driver] driver=81 lap=14, car_data rows=335
2025-12-15 11:58:49 [INFO] __main__ - [compute_lap_features_for_driver] driver=81 lap=15 KEEP, status=GREEN, duration=89.9s
2025-12-15 11:58:49 [DEBUG] __main__ - [get_openf1] GET https://api.openf1.org/v1/car_data params={'session_key': 9662, 'driver_number': 81, 'date>': '2024-12-08T13:25:43.909000+00:00', 'date<': '2024-12-08T13:27:13.848000+00:00'}
2025-12-15 11:58:50 [DEBUG] __main__ - [compute_lap_features_for_driver] driver=81 lap=15, car_data rows=337
2025-12-15 11:58:50 [INFO] __main__ - [compute_lap_features_for_driver] driver=81 lap=16 KEEP, status=GREEN, duration=89.9s
2025-12-15 11:58:50 [DEBUG] __main__ - [get_openf1] GET https://api.openf1.org/v1/car_data params={'session_key': 9662, 'driver_number': 81, 'date>': '2024-12-08T13:27:13.848000+00:00', 'date<': '2024-12-08T13:28:43.714000+00:00'}
2025-12-15 11:58:51 [DEBUG] __main__ - [compute_lap_features_for_driver] driver=81 lap=16, car_data rows=335
2025-12-15 11:58:51 [INFO] __main__ - [compute_lap_features_for_driver] driver=81 lap=17 KEEP, status=GREEN, duration=89.7s
2025-12-15 11:58:51 [DEBUG] __main__ - [get_openf1] GET https://api.openf1.org/v1/car_data params={'session_key': 9662, 'driver_number': 81, 'date>': '2024-12-08T13:28:43.714000+00:00', 'date<': '2024-12-08T13:30:13.374000+00:00'}
2025-12-15 11:58:51 [DEBUG] __main__ - [compute_lap_features_for_driver] driver=81 lap=17, car_data rows=332
2025-12-15 11:58:51 [INFO] __main__ - [compute_lap_features_for_driver] driver=81 lap=18 KEEP, status=GREEN, duration=89.6s
2025-12-15 11:58:51 [DEBUG] __main__ - [get_openf1] GET https://api.openf1.org/v1/car_data params={'session_key': 9662, 'driver_number': 81, 'date>': '2024-12-08T13:30:13.374000+00:00', 'date<': '2024-12-08T13:31:42.978000+00:00'}
2025-12-15 11:58:52 [DEBUG] __main__ - [compute_lap_features_for_driver] driver=81 lap=18, car_data rows=329
2025-12-15 11:58:52 [INFO] __main__ - [compute_lap_features_for_driver] driver=81 lap=19 KEEP, status=GREEN, duration=90.1s
2025-12-15 11:58:52 [DEBUG] __main__ - [get_openf1] GET https://api.openf1.org/v1/car_data params={'session_key': 9662, 'driver_number': 81, 'date>': '2024-12-08T13:31:42.978000+00:00', 'date<': '2024-12-08T13:33:13.033000+00:00'}
2025-12-15 11:58:53 [DEBUG] __main__ - [compute_lap_features_for_driver] driver=81 lap=19, car_data rows=327
2025-12-15 11:58:53 [INFO] __main__ - [compute_lap_features_for_driver] driver=81 lap=20 KEEP, status=GREEN, duration=90.2s
2025-12-15 11:58:53 [DEBUG] __main__ - [get_openf1] GET https://api.openf1.org/v1/car_data params={'session_key': 9662, 'driver_number': 81, 'date>': '2024-12-08T13:33:13.033000+00:00', 'date<': '2024-12-08T13:34:43.253000+00:00'}
2025-12-15 11:58:53 [DEBUG] __main__ - [compute_lap_features_for_driver] driver=81 lap=20, car_data rows=338
2025-12-15 11:58:53 [INFO] __main__ - [compute_lap_features_for_driver] driver=81 lap=21 KEEP, status=GREEN, duration=90.4s
2025-12-15 11:58:53 [DEBUG] __main__ - [get_openf1] GET https://api.openf1.org/v1/car_data params={'session_key': 9662, 'driver_number': 81, 'date>': '2024-12-08T13:34:43.253000+00:00', 'date<': '2024-12-08T13:36:13.630000+00:00'}
2025-12-15 11:58:54 [DEBUG] __main__ - [compute_lap_features_for_driver] driver=81 lap=21, car_data rows=337
2025-12-15 11:58:54 [INFO] __main__ - [compute_lap_features_for_driver] driver=81 lap=22 KEEP, status=GREEN, duration=90.1s
2025-12-15 11:58:54 [DEBUG] __main__ - [get_openf1] GET https://api.openf1.org/v1/car_data params={'session_key': 9662, 'driver_number': 81, 'date>': '2024-12-08T13:36:13.630000+00:00', 'date<': '2024-12-08T13:37:43.730000+00:00'}
2025-12-15 11:58:55 [DEBUG] __main__ - [compute_lap_features_for_driver] driver=81 lap=22, car_data rows=338
2025-12-15 11:58:55 [INFO] __main__ - [compute_lap_features_for_driver] driver=81 lap=23 KEEP, status=GREEN, duration=89.6s
2025-12-15 11:58:55 [DEBUG] __main__ - [get_openf1] GET https://api.openf1.org/v1/car_data params={'session_key': 9662, 'driver_number': 81, 'date>': '2024-12-08T13:37:43.730000+00:00', 'date<': '2024-12-08T13:39:13.327000+00:00'}
2025-12-15 11:58:55 [DEBUG] __main__ - [compute_lap_features_for_driver] driver=81 lap=23, car_data rows=341
2025-12-15 11:58:55 [INFO] __main__ - [compute_lap_features_for_driver] driver=81 lap=24 KEEP, status=GREEN, duration=89.8s
2025-12-15 11:58:55 [DEBUG] __main__ - [get_openf1] GET https://api.openf1.org/v1/car_data params={'session_key': 9662, 'driver_number': 81, 'date>': '2024-12-08T13:39:13.327000+00:00', 'date<': '2024-12-08T13:40:43.142000+00:00'}
2025-12-15 11:58:56 [DEBUG] __main__ - [compute_lap_features_for_driver] driver=81 lap=24, car_data rows=334
2025-12-15 11:58:56 [INFO] __main__ - [compute_lap_features_for_driver] driver=81 lap=25 KEEP, status=GREEN, duration=90.0s
2025-12-15 11:58:56 [DEBUG] __main__ - [get_openf1] GET https://api.openf1.org/v1/car_data params={'session_key': 9662, 'driver_number': 81, 'date>': '2024-12-08T13:40:43.142000+00:00', 'date<': '2024-12-08T13:42:13.092000+00:00'}
2025-12-15 11:58:56 [DEBUG] __main__ - [compute_lap_features_for_driver] driver=81 lap=25, car_data rows=331
2025-12-15 11:58:56 [INFO] __main__ - [compute_lap_features_for_driver] driver=81 lap=26 KEEP, status=GREEN, duration=89.7s
2025-12-15 11:58:56 [DEBUG] __main__ - [get_openf1] GET https://api.openf1.org/v1/car_data params={'session_key': 9662, 'driver_number': 81, 'date>': '2024-12-08T13:42:13.092000+00:00', 'date<': '2024-12-08T13:43:42.761000+00:00'}
2025-12-15 11:58:57 [DEBUG] __main__ - [compute_lap_features_for_driver] driver=81 lap=26, car_data rows=344
2025-12-15 11:58:57 [INFO] __main__ - [compute_lap_features_for_driver] driver=81 lap=27 KEEP, status=GREEN, duration=89.6s
2025-12-15 11:58:57 [DEBUG] __main__ - [get_openf1] GET https://api.openf1.org/v1/car_data params={'session_key': 9662, 'driver_number': 81, 'date>': '2024-12-08T13:43:42.761000+00:00', 'date<': '2024-12-08T13:45:12.389000+00:00'}
2025-12-15 11:58:58 [DEBUG] __main__ - [compute_lap_features_for_driver] driver=81 lap=27, car_data rows=334
2025-12-15 11:58:58 [INFO] __main__ - [compute_lap_features_for_driver] driver=81 lap=28 KEEP, status=GREEN, duration=90.1s
2025-12-15 11:58:58 [DEBUG] __main__ - [get_openf1] GET https://api.openf1.org/v1/car_data params={'session_key': 9662, 'driver_number': 81, 'date>': '2024-12-08T13:45:12.389000+00:00', 'date<': '2024-12-08T13:46:42.471000+00:00'}
2025-12-15 11:58:58 [DEBUG] __main__ - [compute_lap_features_for_driver] driver=81 lap=28, car_data rows=336
2025-12-15 11:58:58 [INFO] __main__ - [compute_lap_features_for_driver] driver=81 lap=29 KEEP, status=GREEN, duration=89.7s
2025-12-15 11:58:58 [DEBUG] __main__ - [get_openf1] GET https://api.openf1.org/v1/car_data params={'session_key': 9662, 'driver_number': 81, 'date>': '2024-12-08T13:46:42.471000+00:00', 'date<': '2024-12-08T13:48:12.186000+00:00'}
2025-12-15 11:58:59 [DEBUG] __main__ - [compute_lap_features_for_driver] driver=81 lap=29, car_data rows=339
2025-12-15 11:58:59 [INFO] __main__ - [compute_lap_features_for_driver] driver=81 lap=30 DROP (YELLOW_FLAG_LAP), status=YELLOW, duration=89.8s
2025-12-15 11:58:59 [INFO] __main__ - [compute_lap_features_for_driver] driver=81 lap=31 KEEP, status=GREEN, duration=90.2s
2025-12-15 11:58:59 [DEBUG] __main__ - [get_openf1] GET https://api.openf1.org/v1/car_data params={'session_key': 9662, 'driver_number': 81, 'date>': '2024-12-08T13:49:42.016000+00:00', 'date<': '2024-12-08T13:51:12.260000+00:00'}
2025-12-15 11:58:59 [DEBUG] __main__ - [compute_lap_features_for_driver] driver=81 lap=31, car_data rows=346
2025-12-15 11:58:59 [INFO] __main__ - [compute_lap_features_for_driver] driver=81 lap=32 KEEP, status=GREEN, duration=91.6s
2025-12-15 11:58:59 [DEBUG] __main__ - [get_openf1] GET https://api.openf1.org/v1/car_data params={'session_key': 9662, 'driver_number': 81, 'date>': '2024-12-08T13:51:12.260000+00:00', 'date<': '2024-12-08T13:52:43.886000+00:00'}
2025-12-15 11:59:00 [DEBUG] __main__ - [compute_lap_features_for_driver] driver=81 lap=32, car_data rows=343
2025-12-15 11:59:00 [INFO] __main__ - [compute_lap_features_for_driver] driver=81 lap=33 KEEP, status=GREEN, duration=120.4s
2025-12-15 11:59:00 [DEBUG] __main__ - [get_openf1] GET https://api.openf1.org/v1/car_data params={'session_key': 9662, 'driver_number': 81, 'date>': '2024-12-08T13:52:43.886000+00:00', 'date<': '2024-12-08T13:54:44.296000+00:00'}
2025-12-15 11:59:01 [DEBUG] __main__ - [compute_lap_features_for_driver] driver=81 lap=33, car_data rows=447
2025-12-15 11:59:01 [INFO] __main__ - [compute_lap_features_for_driver] driver=81 lap=34 KEEP, status=GREEN, duration=88.6s
2025-12-15 11:59:01 [DEBUG] __main__ - [get_openf1] GET https://api.openf1.org/v1/car_data params={'session_key': 9662, 'driver_number': 81, 'date>': '2024-12-08T13:54:44.296000+00:00', 'date<': '2024-12-08T13:56:12.890000+00:00'}
2025-12-15 11:59:01 [DEBUG] __main__ - [compute_lap_features_for_driver] driver=81 lap=34, car_data rows=331
2025-12-15 11:59:01 [INFO] __main__ - [compute_lap_features_for_driver] driver=81 lap=35 KEEP, status=GREEN, duration=88.2s
2025-12-15 11:59:01 [DEBUG] __main__ - [get_openf1] GET https://api.openf1.org/v1/car_data params={'session_key': 9662, 'driver_number': 81, 'date>': '2024-12-08T13:56:12.890000+00:00', 'date<': '2024-12-08T13:57:41.078000+00:00'}
2025-12-15 11:59:02 [DEBUG] __main__ - [compute_lap_features_for_driver] driver=81 lap=35, car_data rows=340
2025-12-15 11:59:02 [INFO] __main__ - [compute_lap_features_for_driver] driver=81 lap=36 KEEP, status=GREEN, duration=87.9s
2025-12-15 11:59:02 [DEBUG] __main__ - [get_openf1] GET https://api.openf1.org/v1/car_data params={'session_key': 9662, 'driver_number': 81, 'date>': '2024-12-08T13:57:41.078000+00:00', 'date<': '2024-12-08T13:59:08.941000+00:00'}
2025-12-15 11:59:02 [DEBUG] __main__ - [compute_lap_features_for_driver] driver=81 lap=36, car_data rows=327
2025-12-15 11:59:02 [INFO] __main__ - [compute_lap_features_for_driver] driver=81 lap=37 KEEP, status=GREEN, duration=88.5s
2025-12-15 11:59:02 [DEBUG] __main__ - [get_openf1] GET https://api.openf1.org/v1/car_data params={'session_key': 9662, 'driver_number': 81, 'date>': '2024-12-08T13:59:08.941000+00:00', 'date<': '2024-12-08T14:00:37.441000+00:00'}
2025-12-15 11:59:03 [DEBUG] __main__ - [compute_lap_features_for_driver] driver=81 lap=37, car_data rows=335
2025-12-15 11:59:03 [INFO] __main__ - [compute_lap_features_for_driver] driver=81 lap=38 KEEP, status=GREEN, duration=88.1s
2025-12-15 11:59:03 [DEBUG] __main__ - [get_openf1] GET https://api.openf1.org/v1/car_data params={'session_key': 9662, 'driver_number': 81, 'date>': '2024-12-08T14:00:37.441000+00:00', 'date<': '2024-12-08T14:02:05.573000+00:00'}
2025-12-15 11:59:04 [DEBUG] __main__ - [compute_lap_features_for_driver] driver=81 lap=38, car_data rows=340
2025-12-15 11:59:04 [INFO] __main__ - [compute_lap_features_for_driver] driver=81 lap=39 KEEP, status=GREEN, duration=88.3s
2025-12-15 11:59:04 [DEBUG] __main__ - [get_openf1] GET https://api.openf1.org/v1/car_data params={'session_key': 9662, 'driver_number': 81, 'date>': '2024-12-08T14:02:05.573000+00:00', 'date<': '2024-12-08T14:03:33.867000+00:00'}
2025-12-15 11:59:05 [DEBUG] __main__ - [compute_lap_features_for_driver] driver=81 lap=39, car_data rows=315
2025-12-15 11:59:05 [INFO] __main__ - [compute_lap_features_for_driver] driver=81 lap=40 KEEP, status=GREEN, duration=88.3s
2025-12-15 11:59:05 [DEBUG] __main__ - [get_openf1] GET https://api.openf1.org/v1/car_data params={'session_key': 9662, 'driver_number': 81, 'date>': '2024-12-08T14:03:33.867000+00:00', 'date<': '2024-12-08T14:05:02.216000+00:00'}
2025-12-15 11:59:06 [DEBUG] __main__ - [compute_lap_features_for_driver] driver=81 lap=40, car_data rows=324
2025-12-15 11:59:06 [INFO] __main__ - [compute_lap_features_for_driver] driver=81 lap=41 KEEP, status=GREEN, duration=88.2s
2025-12-15 11:59:06 [DEBUG] __main__ - [get_openf1] GET https://api.openf1.org/v1/car_data params={'session_key': 9662, 'driver_number': 81, 'date>': '2024-12-08T14:05:02.216000+00:00', 'date<': '2024-12-08T14:06:30.436000+00:00'}
2025-12-15 11:59:07 [DEBUG] __main__ - [compute_lap_features_for_driver] driver=81 lap=41, car_data rows=332
2025-12-15 11:59:07 [INFO] __main__ - [compute_lap_features_for_driver] driver=81 lap=42 KEEP, status=GREEN, duration=88.0s
2025-12-15 11:59:07 [DEBUG] __main__ - [get_openf1] GET https://api.openf1.org/v1/car_data params={'session_key': 9662, 'driver_number': 81, 'date>': '2024-12-08T14:06:30.436000+00:00', 'date<': '2024-12-08T14:07:58.427000+00:00'}
2025-12-15 11:59:07 [DEBUG] __main__ - [compute_lap_features_for_driver] driver=81 lap=42, car_data rows=329
2025-12-15 11:59:07 [INFO] __main__ - [compute_lap_features_for_driver] driver=81 lap=43 KEEP, status=GREEN, duration=88.0s
2025-12-15 11:59:07 [DEBUG] __main__ - [get_openf1] GET https://api.openf1.org/v1/car_data params={'session_key': 9662, 'driver_number': 81, 'date>': '2024-12-08T14:07:58.427000+00:00', 'date<': '2024-12-08T14:09:26.412000+00:00'}
2025-12-15 11:59:08 [DEBUG] __main__ - [compute_lap_features_for_driver] driver=81 lap=43, car_data rows=340
2025-12-15 11:59:08 [INFO] __main__ - [compute_lap_features_for_driver] driver=81 lap=44 KEEP, status=GREEN, duration=88.6s
2025-12-15 11:59:08 [DEBUG] __main__ - [get_openf1] GET https://api.openf1.org/v1/car_data params={'session_key': 9662, 'driver_number': 81, 'date>': '2024-12-08T14:09:26.412000+00:00', 'date<': '2024-12-08T14:10:54.985000+00:00'}
2025-12-15 11:59:09 [DEBUG] __main__ - [compute_lap_features_for_driver] driver=81 lap=44, car_data rows=339
2025-12-15 11:59:09 [INFO] __main__ - [compute_lap_features_for_driver] driver=81 lap=45 KEEP, status=GREEN, duration=90.0s
2025-12-15 11:59:09 [DEBUG] __main__ - [get_openf1] GET https://api.openf1.org/v1/car_data params={'session_key': 9662, 'driver_number': 81, 'date>': '2024-12-08T14:10:54.985000+00:00', 'date<': '2024-12-08T14:12:24.967000+00:00'}
2025-12-15 11:59:09 [DEBUG] __main__ - [compute_lap_features_for_driver] driver=81 lap=45, car_data rows=339
2025-12-15 11:59:09 [INFO] __main__ - [compute_lap_features_for_driver] driver=81 lap=46 KEEP, status=GREEN, duration=89.7s
2025-12-15 11:59:09 [DEBUG] __main__ - [get_openf1] GET https://api.openf1.org/v1/car_data params={'session_key': 9662, 'driver_number': 81, 'date>': '2024-12-08T14:12:24.967000+00:00', 'date<': '2024-12-08T14:13:54.636000+00:00'}
2025-12-15 11:59:10 [DEBUG] __main__ - [compute_lap_features_for_driver] driver=81 lap=46, car_data rows=349
2025-12-15 11:59:10 [INFO] __main__ - [compute_lap_features_for_driver] driver=81 lap=47 KEEP, status=GREEN, duration=89.8s
2025-12-15 11:59:10 [DEBUG] __main__ - [get_openf1] GET https://api.openf1.org/v1/car_data params={'session_key': 9662, 'driver_number': 81, 'date>': '2024-12-08T14:13:54.636000+00:00', 'date<': '2024-12-08T14:15:24.418000+00:00'}
2025-12-15 11:59:11 [DEBUG] __main__ - [compute_lap_features_for_driver] driver=81 lap=47, car_data rows=350
2025-12-15 11:59:11 [INFO] __main__ - [compute_lap_features_for_driver] driver=81 lap=48 KEEP, status=GREEN, duration=88.3s
2025-12-15 11:59:11 [DEBUG] __main__ - [get_openf1] GET https://api.openf1.org/v1/car_data params={'session_key': 9662, 'driver_number': 81, 'date>': '2024-12-08T14:15:24.418000+00:00', 'date<': '2024-12-08T14:16:52.741000+00:00'}
2025-12-15 11:59:11 [DEBUG] __main__ - [compute_lap_features_for_driver] driver=81 lap=48, car_data rows=341
2025-12-15 11:59:11 [INFO] __main__ - [compute_lap_features_for_driver] driver=81 lap=49 KEEP, status=GREEN, duration=87.9s
2025-12-15 11:59:11 [DEBUG] __main__ - [get_openf1] GET https://api.openf1.org/v1/car_data params={'session_key': 9662, 'driver_number': 81, 'date>': '2024-12-08T14:16:52.741000+00:00', 'date<': '2024-12-08T14:18:20.628000+00:00'}
2025-12-15 11:59:12 [DEBUG] __main__ - [compute_lap_features_for_driver] driver=81 lap=49, car_data rows=341
2025-12-15 11:59:12 [INFO] __main__ - [compute_lap_features_for_driver] driver=81 lap=50 KEEP, status=GREEN, duration=87.7s
2025-12-15 11:59:12 [DEBUG] __main__ - [get_openf1] GET https://api.openf1.org/v1/car_data params={'session_key': 9662, 'driver_number': 81, 'date>': '2024-12-08T14:18:20.628000+00:00', 'date<': '2024-12-08T14:19:48.354000+00:00'}
2025-12-15 11:59:13 [DEBUG] __main__ - [compute_lap_features_for_driver] driver=81 lap=50, car_data rows=326
2025-12-15 11:59:13 [INFO] __main__ - [compute_lap_features_for_driver] driver=81 lap=51 KEEP, status=GREEN, duration=87.7s
2025-12-15 11:59:13 [DEBUG] __main__ - [get_openf1] GET https://api.openf1.org/v1/car_data params={'session_key': 9662, 'driver_number': 81, 'date>': '2024-12-08T14:19:48.354000+00:00', 'date<': '2024-12-08T14:21:16.012000+00:00'}
2025-12-15 11:59:13 [DEBUG] __main__ - [compute_lap_features_for_driver] driver=81 lap=51, car_data rows=330
2025-12-15 11:59:13 [INFO] __main__ - [compute_lap_features_for_driver] driver=81 lap=52 KEEP, status=GREEN, duration=88.6s
2025-12-15 11:59:13 [DEBUG] __main__ - [get_openf1] GET https://api.openf1.org/v1/car_data params={'session_key': 9662, 'driver_number': 81, 'date>': '2024-12-08T14:21:16.012000+00:00', 'date<': '2024-12-08T14:22:44.574000+00:00'}
2025-12-15 11:59:14 [DEBUG] __main__ - [compute_lap_features_for_driver] driver=81 lap=52, car_data rows=345
2025-12-15 11:59:14 [INFO] __main__ - [compute_lap_features_for_driver] driver=81 lap=53 KEEP, status=GREEN, duration=88.2s
2025-12-15 11:59:14 [DEBUG] __main__ - [get_openf1] GET https://api.openf1.org/v1/car_data params={'session_key': 9662, 'driver_number': 81, 'date>': '2024-12-08T14:22:44.574000+00:00', 'date<': '2024-12-08T14:24:12.742000+00:00'}
2025-12-15 11:59:14 [DEBUG] __main__ - [compute_lap_features_for_driver] driver=81 lap=53, car_data rows=326
2025-12-15 11:59:14 [INFO] __main__ - [compute_lap_features_for_driver] driver=81 lap=54 KEEP, status=GREEN, duration=87.8s
2025-12-15 11:59:14 [DEBUG] __main__ - [get_openf1] GET https://api.openf1.org/v1/car_data params={'session_key': 9662, 'driver_number': 81, 'date>': '2024-12-08T14:24:12.742000+00:00', 'date<': '2024-12-08T14:25:40.531000+00:00'}
2025-12-15 11:59:15 [DEBUG] __main__ - [compute_lap_features_for_driver] driver=81 lap=54, car_data rows=326
2025-12-15 11:59:15 [INFO] __main__ - [compute_lap_features_for_driver] driver=81 lap=55 KEEP, status=GREEN, duration=87.7s
2025-12-15 11:59:15 [DEBUG] __main__ - [get_openf1] GET https://api.openf1.org/v1/car_data params={'session_key': 9662, 'driver_number': 81, 'date>': '2024-12-08T14:25:40.531000+00:00', 'date<': '2024-12-08T14:27:08.205000+00:00'}
2025-12-15 11:59:16 [DEBUG] __main__ - [compute_lap_features_for_driver] driver=81 lap=55, car_data rows=324
2025-12-15 11:59:16 [INFO] __main__ - [compute_lap_features_for_driver] driver=81 lap=56 KEEP, status=GREEN, duration=87.8s
2025-12-15 11:59:16 [DEBUG] __main__ - [get_openf1] GET https://api.openf1.org/v1/car_data params={'session_key': 9662, 'driver_number': 81, 'date>': '2024-12-08T14:27:08.205000+00:00', 'date<': '2024-12-08T14:28:36.037000+00:00'}
2025-12-15 11:59:16 [DEBUG] __main__ - [compute_lap_features_for_driver] driver=81 lap=56, car_data rows=336
2025-12-15 11:59:16 [INFO] __main__ - [compute_lap_features_for_driver] driver=81 lap=57 DROP (YELLOW_FLAG_LAP), status=YELLOW, duration=88.6s
2025-12-15 11:59:16 [INFO] __main__ - [compute_lap_features_for_driver] driver=81 lap=58 DROP (CHEQUERED_FLAG_LAP), status=YELLOW;RED_FLAG;CHEQUERED, duration=nans
2025-12-15 11:59:16 [INFO] __main__ - [compute_lap_features_for_driver] driver=81, feature laps=[4, 5, 6, 7, 8, 9, 10, 11, 12, 13, 14, 15, 16, 17, 18, 19, 20, 21, 22, 23, 24, 25, 26, 27, 28, 29, 31, 32, 33, 34, 35, 36, 37, 38, 39, 40, 41, 42, 43, 44, 45, 46, 47, 48, 49, 50, 51, 52, 53, 54, 55, 56]
2025-12-15 11:59:16 [INFO] __main__ - [build_driver_style_embedding_json] compute features for driver=30
2025-12-15 11:59:16 [DEBUG] __main__ - [get_openf1] GET https://api.openf1.org/v1/laps params={'session_key': 9662, 'driver_number': 30}
2025-12-15 11:59:17 [DEBUG] __main__ - [get_openf1] GET https://api.openf1.org/v1/sessions params={'session_key': 9662}
2025-12-15 11:59:17 [INFO] __main__ - [fetch_session_start] session_key=9662, date_start=2024-12-08 13:00:00+00:00
2025-12-15 11:59:17 [INFO] __main__ - [fetch_race_start_time] use first GREEN as race_start: 2024-12-08 12:20:01+00:00
2025-12-15 11:59:17 [INFO] __main__ - [fetch_laps] fill lap 1 date_start with race_start=2024-12-08 12:20:01+00:00
2025-12-15 11:59:18 [INFO] __main__ - [fetch_laps] driver=30, laps: min=1, max=56, count=56
2025-12-15 11:59:18 [DEBUG] __main__ - [fetch_laps] head:
   meeting_key  session_key  ...  st_speed  lap_duration_s
0         1252         9662  ...     275.0        2713.467
1         1252         9662  ...     308.0         114.221
2         1252         9662  ...     308.0         100.287
3         1252         9662  ...     305.0          89.788
4         1252         9662  ...     308.0          89.832

[5 rows x 17 columns]
2025-12-15 11:59:18 [DEBUG] __main__ - [build_lap_status_mapping] status_by_lap={1: 'YELLOW', 2: 'VSC;YELLOW', 3: 'VSC', 4: 'GREEN', 5: 'GREEN', 6: 'GREEN', 7: 'GREEN', 8: 'GREEN', 9: 'GREEN', 10: 'GREEN', 11: 'GREEN', 12: 'GREEN', 13: 'GREEN', 14: 'GREEN', 15: 'GREEN', 16: 'GREEN', 17: 'GREEN', 18: 'GREEN', 19: 'GREEN', 20: 'GREEN', 21: 'GREEN', 22: 'GREEN', 23: 'GREEN', 24: 'GREEN', 25: 'GREEN', 26: 'GREEN', 27: 'GREEN', 28: 'GREEN', 29: 'GREEN', 30: 'YELLOW', 31: 'GREEN', 32: 'GREEN', 33: 'GREEN', 34: 'GREEN', 35: 'GREEN', 36: 'GREEN', 37: 'GREEN', 38: 'GREEN', 39: 'GREEN', 40: 'GREEN', 41: 'GREEN', 42: 'GREEN', 43: 'GREEN', 44: 'GREEN', 45: 'GREEN', 46: 'GREEN', 47: 'GREEN', 48: 'GREEN', 49: 'GREEN', 50: 'GREEN', 51: 'GREEN', 52: 'GREEN', 53: 'GREEN', 54: 'GREEN', 55: 'GREEN', 56: 'YELLOW;RED_FLAG;CHEQUERED'}
2025-12-15 11:59:18 [INFO] __main__ - [compute_lap_features_for_driver] driver=30, typical_duration_s=89.81
2025-12-15 11:59:18 [INFO] __main__ - [compute_lap_features_for_driver] driver=30 lap=1 DROP (YELLOW_FLAG_LAP), status=YELLOW, duration=2713.5s
2025-12-15 11:59:18 [INFO] __main__ - [compute_lap_features_for_driver] driver=30 lap=2 DROP (VSC_LAP), status=VSC;YELLOW, duration=114.2s
2025-12-15 11:59:18 [INFO] __main__ - [compute_lap_features_for_driver] driver=30 lap=3 DROP (VSC_LAP), status=VSC, duration=100.3s
2025-12-15 11:59:18 [INFO] __main__ - [compute_lap_features_for_driver] driver=30 lap=4 KEEP, status=GREEN, duration=89.8s
2025-12-15 11:59:18 [DEBUG] __main__ - [get_openf1] GET https://api.openf1.org/v1/car_data params={'session_key': 9662, 'driver_number': 30, 'date>': '2024-12-08T13:08:48.975000+00:00', 'date<': '2024-12-08T13:10:18.763000+00:00'}
2025-12-15 11:59:18 [DEBUG] __main__ - [compute_lap_features_for_driver] driver=30 lap=4, car_data rows=336
2025-12-15 11:59:18 [INFO] __main__ - [compute_lap_features_for_driver] driver=30 lap=5 KEEP, status=GREEN, duration=89.8s
2025-12-15 11:59:18 [DEBUG] __main__ - [get_openf1] GET https://api.openf1.org/v1/car_data params={'session_key': 9662, 'driver_number': 30, 'date>': '2024-12-08T13:10:18.763000+00:00', 'date<': '2024-12-08T13:11:48.595000+00:00'}
2025-12-15 11:59:19 [DEBUG] __main__ - [compute_lap_features_for_driver] driver=30 lap=5, car_data rows=334
2025-12-15 11:59:19 [INFO] __main__ - [compute_lap_features_for_driver] driver=30 lap=6 KEEP, status=GREEN, duration=90.6s
2025-12-15 11:59:19 [DEBUG] __main__ - [get_openf1] GET https://api.openf1.org/v1/car_data params={'session_key': 9662, 'driver_number': 30, 'date>': '2024-12-08T13:11:48.595000+00:00', 'date<': '2024-12-08T13:13:19.217000+00:00'}
2025-12-15 11:59:20 [DEBUG] __main__ - [compute_lap_features_for_driver] driver=30 lap=6, car_data rows=342
2025-12-15 11:59:20 [INFO] __main__ - [compute_lap_features_for_driver] driver=30 lap=7 KEEP, status=GREEN, duration=90.2s
2025-12-15 11:59:20 [DEBUG] __main__ - [get_openf1] GET https://api.openf1.org/v1/car_data params={'session_key': 9662, 'driver_number': 30, 'date>': '2024-12-08T13:13:19.217000+00:00', 'date<': '2024-12-08T13:14:49.388000+00:00'}
2025-12-15 11:59:20 [DEBUG] __main__ - [compute_lap_features_for_driver] driver=30 lap=7, car_data rows=337
2025-12-15 11:59:20 [INFO] __main__ - [compute_lap_features_for_driver] driver=30 lap=8 KEEP, status=GREEN, duration=90.3s
2025-12-15 11:59:20 [DEBUG] __main__ - [get_openf1] GET https://api.openf1.org/v1/car_data params={'session_key': 9662, 'driver_number': 30, 'date>': '2024-12-08T13:14:49.388000+00:00', 'date<': '2024-12-08T13:16:19.718000+00:00'}
2025-12-15 11:59:21 [DEBUG] __main__ - [compute_lap_features_for_driver] driver=30 lap=8, car_data rows=328
2025-12-15 11:59:21 [INFO] __main__ - [compute_lap_features_for_driver] driver=30 lap=9 KEEP, status=GREEN, duration=90.4s
2025-12-15 11:59:21 [DEBUG] __main__ - [get_openf1] GET https://api.openf1.org/v1/car_data params={'session_key': 9662, 'driver_number': 30, 'date>': '2024-12-08T13:16:19.718000+00:00', 'date<': '2024-12-08T13:17:50.125000+00:00'}
2025-12-15 11:59:22 [DEBUG] __main__ - [compute_lap_features_for_driver] driver=30 lap=9, car_data rows=333
2025-12-15 11:59:22 [INFO] __main__ - [compute_lap_features_for_driver] driver=30 lap=10 KEEP, status=GREEN, duration=90.8s
2025-12-15 11:59:22 [DEBUG] __main__ - [get_openf1] GET https://api.openf1.org/v1/car_data params={'session_key': 9662, 'driver_number': 30, 'date>': '2024-12-08T13:17:50.125000+00:00', 'date<': '2024-12-08T13:19:20.879000+00:00'}
2025-12-15 11:59:24 [DEBUG] __main__ - [compute_lap_features_for_driver] driver=30 lap=10, car_data rows=348
2025-12-15 11:59:24 [INFO] __main__ - [compute_lap_features_for_driver] driver=30 lap=11 KEEP, status=GREEN, duration=90.8s
2025-12-15 11:59:24 [DEBUG] __main__ - [get_openf1] GET https://api.openf1.org/v1/car_data params={'session_key': 9662, 'driver_number': 30, 'date>': '2024-12-08T13:19:20.879000+00:00', 'date<': '2024-12-08T13:20:51.678000+00:00'}
2025-12-15 11:59:25 [DEBUG] __main__ - [compute_lap_features_for_driver] driver=30 lap=11, car_data rows=337
2025-12-15 11:59:25 [INFO] __main__ - [compute_lap_features_for_driver] driver=30 lap=12 KEEP, status=GREEN, duration=92.0s
2025-12-15 11:59:25 [DEBUG] __main__ - [get_openf1] GET https://api.openf1.org/v1/car_data params={'session_key': 9662, 'driver_number': 30, 'date>': '2024-12-08T13:20:51.678000+00:00', 'date<': '2024-12-08T13:22:23.712000+00:00'}
2025-12-15 11:59:25 [DEBUG] __main__ - [compute_lap_features_for_driver] driver=30 lap=12, car_data rows=346
2025-12-15 11:59:25 [INFO] __main__ - [compute_lap_features_for_driver] driver=30 lap=13 KEEP, status=GREEN, duration=91.2s
2025-12-15 11:59:25 [DEBUG] __main__ - [get_openf1] GET https://api.openf1.org/v1/car_data params={'session_key': 9662, 'driver_number': 30, 'date>': '2024-12-08T13:22:23.712000+00:00', 'date<': '2024-12-08T13:23:54.904000+00:00'}
2025-12-15 11:59:26 [DEBUG] __main__ - [compute_lap_features_for_driver] driver=30 lap=13, car_data rows=354
2025-12-15 11:59:26 [INFO] __main__ - [compute_lap_features_for_driver] driver=30 lap=14 KEEP, status=GREEN, duration=90.8s
2025-12-15 11:59:26 [DEBUG] __main__ - [get_openf1] GET https://api.openf1.org/v1/car_data params={'session_key': 9662, 'driver_number': 30, 'date>': '2024-12-08T13:23:54.904000+00:00', 'date<': '2024-12-08T13:25:25.718000+00:00'}
2025-12-15 11:59:27 [DEBUG] __main__ - [compute_lap_features_for_driver] driver=30 lap=14, car_data rows=337
2025-12-15 11:59:27 [INFO] __main__ - [compute_lap_features_for_driver] driver=30 lap=15 KEEP, status=GREEN, duration=90.4s
2025-12-15 11:59:27 [DEBUG] __main__ - [get_openf1] GET https://api.openf1.org/v1/car_data params={'session_key': 9662, 'driver_number': 30, 'date>': '2024-12-08T13:25:25.718000+00:00', 'date<': '2024-12-08T13:26:56.101000+00:00'}
2025-12-15 11:59:27 [DEBUG] __main__ - [compute_lap_features_for_driver] driver=30 lap=15, car_data rows=335
2025-12-15 11:59:27 [INFO] __main__ - [compute_lap_features_for_driver] driver=30 lap=16 KEEP, status=GREEN, duration=90.7s
2025-12-15 11:59:27 [DEBUG] __main__ - [get_openf1] GET https://api.openf1.org/v1/car_data params={'session_key': 9662, 'driver_number': 30, 'date>': '2024-12-08T13:26:56.101000+00:00', 'date<': '2024-12-08T13:28:26.770000+00:00'}
2025-12-15 11:59:29 [DEBUG] __main__ - [compute_lap_features_for_driver] driver=30 lap=16, car_data rows=338
2025-12-15 11:59:29 [INFO] __main__ - [compute_lap_features_for_driver] driver=30 lap=17 KEEP, status=GREEN, duration=90.6s
2025-12-15 11:59:29 [DEBUG] __main__ - [get_openf1] GET https://api.openf1.org/v1/car_data params={'session_key': 9662, 'driver_number': 30, 'date>': '2024-12-08T13:28:26.770000+00:00', 'date<': '2024-12-08T13:29:57.402000+00:00'}
2025-12-15 11:59:30 [DEBUG] __main__ - [compute_lap_features_for_driver] driver=30 lap=17, car_data rows=334
2025-12-15 11:59:30 [INFO] __main__ - [compute_lap_features_for_driver] driver=30 lap=18 KEEP, status=GREEN, duration=90.7s
2025-12-15 11:59:30 [DEBUG] __main__ - [get_openf1] GET https://api.openf1.org/v1/car_data params={'session_key': 9662, 'driver_number': 30, 'date>': '2024-12-08T13:29:57.402000+00:00', 'date<': '2024-12-08T13:31:28.095000+00:00'}
2025-12-15 11:59:31 [DEBUG] __main__ - [compute_lap_features_for_driver] driver=30 lap=18, car_data rows=333
2025-12-15 11:59:31 [INFO] __main__ - [compute_lap_features_for_driver] driver=30 lap=19 KEEP, status=GREEN, duration=90.9s
2025-12-15 11:59:31 [DEBUG] __main__ - [get_openf1] GET https://api.openf1.org/v1/car_data params={'session_key': 9662, 'driver_number': 30, 'date>': '2024-12-08T13:31:28.095000+00:00', 'date<': '2024-12-08T13:32:59.039000+00:00'}
2025-12-15 11:59:31 [DEBUG] __main__ - [compute_lap_features_for_driver] driver=30 lap=19, car_data rows=335
2025-12-15 11:59:31 [INFO] __main__ - [compute_lap_features_for_driver] driver=30 lap=20 KEEP, status=GREEN, duration=90.7s
2025-12-15 11:59:31 [DEBUG] __main__ - [get_openf1] GET https://api.openf1.org/v1/car_data params={'session_key': 9662, 'driver_number': 30, 'date>': '2024-12-08T13:32:59.039000+00:00', 'date<': '2024-12-08T13:34:29.727000+00:00'}
2025-12-15 11:59:32 [DEBUG] __main__ - [compute_lap_features_for_driver] driver=30 lap=20, car_data rows=332
2025-12-15 11:59:32 [INFO] __main__ - [compute_lap_features_for_driver] driver=30 lap=21 KEEP, status=GREEN, duration=90.7s
2025-12-15 11:59:32 [DEBUG] __main__ - [get_openf1] GET https://api.openf1.org/v1/car_data params={'session_key': 9662, 'driver_number': 30, 'date>': '2024-12-08T13:34:29.727000+00:00', 'date<': '2024-12-08T13:36:00.473000+00:00'}
2025-12-15 11:59:32 [DEBUG] __main__ - [compute_lap_features_for_driver] driver=30 lap=21, car_data rows=340
2025-12-15 11:59:32 [INFO] __main__ - [compute_lap_features_for_driver] driver=30 lap=22 KEEP, status=GREEN, duration=91.2s
2025-12-15 11:59:32 [DEBUG] __main__ - [get_openf1] GET https://api.openf1.org/v1/car_data params={'session_key': 9662, 'driver_number': 30, 'date>': '2024-12-08T13:36:00.473000+00:00', 'date<': '2024-12-08T13:37:31.635000+00:00'}
2025-12-15 11:59:33 [DEBUG] __main__ - [compute_lap_features_for_driver] driver=30 lap=22, car_data rows=346
2025-12-15 11:59:33 [INFO] __main__ - [compute_lap_features_for_driver] driver=30 lap=23 KEEP, status=GREEN, duration=94.5s
2025-12-15 11:59:33 [DEBUG] __main__ - [get_openf1] GET https://api.openf1.org/v1/car_data params={'session_key': 9662, 'driver_number': 30, 'date>': '2024-12-08T13:37:31.635000+00:00', 'date<': '2024-12-08T13:39:06.170000+00:00'}
2025-12-15 11:59:34 [DEBUG] __main__ - [compute_lap_features_for_driver] driver=30 lap=23, car_data rows=357
2025-12-15 11:59:34 [INFO] __main__ - [compute_lap_features_for_driver] driver=30 lap=24 KEEP, status=GREEN, duration=116.6s
2025-12-15 11:59:34 [DEBUG] __main__ - [get_openf1] GET https://api.openf1.org/v1/car_data params={'session_key': 9662, 'driver_number': 30, 'date>': '2024-12-08T13:39:06.170000+00:00', 'date<': '2024-12-08T13:41:02.755000+00:00'}
2025-12-15 11:59:34 [DEBUG] __main__ - [compute_lap_features_for_driver] driver=30 lap=24, car_data rows=434
2025-12-15 11:59:34 [INFO] __main__ - [compute_lap_features_for_driver] driver=30 lap=25 KEEP, status=GREEN, duration=110.4s
2025-12-15 11:59:34 [DEBUG] __main__ - [get_openf1] GET https://api.openf1.org/v1/car_data params={'session_key': 9662, 'driver_number': 30, 'date>': '2024-12-08T13:41:02.755000+00:00', 'date<': '2024-12-08T13:42:53.155000+00:00'}
2025-12-15 11:59:35 [DEBUG] __main__ - [compute_lap_features_for_driver] driver=30 lap=25, car_data rows=414
2025-12-15 11:59:35 [INFO] __main__ - [compute_lap_features_for_driver] driver=30 lap=26 KEEP, status=GREEN, duration=89.7s
2025-12-15 11:59:35 [DEBUG] __main__ - [get_openf1] GET https://api.openf1.org/v1/car_data params={'session_key': 9662, 'driver_number': 30, 'date>': '2024-12-08T13:42:53.155000+00:00', 'date<': '2024-12-08T13:44:22.876000+00:00'}
2025-12-15 11:59:37 [DEBUG] __main__ - [compute_lap_features_for_driver] driver=30 lap=26, car_data rows=344
2025-12-15 11:59:37 [INFO] __main__ - [compute_lap_features_for_driver] driver=30 lap=27 KEEP, status=GREEN, duration=89.6s
2025-12-15 11:59:37 [DEBUG] __main__ - [get_openf1] GET https://api.openf1.org/v1/car_data params={'session_key': 9662, 'driver_number': 30, 'date>': '2024-12-08T13:44:22.876000+00:00', 'date<': '2024-12-08T13:45:52.464000+00:00'}
2025-12-15 11:59:38 [DEBUG] __main__ - [compute_lap_features_for_driver] driver=30 lap=27, car_data rows=325
2025-12-15 11:59:38 [INFO] __main__ - [compute_lap_features_for_driver] driver=30 lap=28 KEEP, status=GREEN, duration=89.6s
2025-12-15 11:59:38 [DEBUG] __main__ - [get_openf1] GET https://api.openf1.org/v1/car_data params={'session_key': 9662, 'driver_number': 30, 'date>': '2024-12-08T13:45:52.464000+00:00', 'date<': '2024-12-08T13:47:22.036000+00:00'}
2025-12-15 11:59:38 [DEBUG] __main__ - [compute_lap_features_for_driver] driver=30 lap=28, car_data rows=335
2025-12-15 11:59:38 [INFO] __main__ - [compute_lap_features_for_driver] driver=30 lap=29 KEEP, status=GREEN, duration=92.2s
2025-12-15 11:59:38 [DEBUG] __main__ - [get_openf1] GET https://api.openf1.org/v1/car_data params={'session_key': 9662, 'driver_number': 30, 'date>': '2024-12-08T13:47:22.036000+00:00', 'date<': '2024-12-08T13:48:54.250000+00:00'}
2025-12-15 11:59:39 [DEBUG] __main__ - [compute_lap_features_for_driver] driver=30 lap=29, car_data rows=358
2025-12-15 11:59:39 [INFO] __main__ - [compute_lap_features_for_driver] driver=30 lap=30 DROP (YELLOW_FLAG_LAP), status=YELLOW, duration=123.3s
2025-12-15 11:59:39 [INFO] __main__ - [compute_lap_features_for_driver] driver=30 lap=31 KEEP, status=GREEN, duration=89.7s
2025-12-15 11:59:39 [DEBUG] __main__ - [get_openf1] GET https://api.openf1.org/v1/car_data params={'session_key': 9662, 'driver_number': 30, 'date>': '2024-12-08T13:50:57.554000+00:00', 'date<': '2024-12-08T13:52:27.265000+00:00'}
2025-12-15 11:59:39 [DEBUG] __main__ - [compute_lap_features_for_driver] driver=30 lap=31, car_data rows=327
2025-12-15 11:59:39 [INFO] __main__ - [compute_lap_features_for_driver] driver=30 lap=32 KEEP, status=GREEN, duration=89.6s
2025-12-15 11:59:39 [DEBUG] __main__ - [get_openf1] GET https://api.openf1.org/v1/car_data params={'session_key': 9662, 'driver_number': 30, 'date>': '2024-12-08T13:52:27.265000+00:00', 'date<': '2024-12-08T13:53:56.825000+00:00'}
2025-12-15 11:59:40 [DEBUG] __main__ - [compute_lap_features_for_driver] driver=30 lap=32, car_data rows=342
2025-12-15 11:59:40 [INFO] __main__ - [compute_lap_features_for_driver] driver=30 lap=33 KEEP, status=GREEN, duration=89.3s
2025-12-15 11:59:40 [DEBUG] __main__ - [get_openf1] GET https://api.openf1.org/v1/car_data params={'session_key': 9662, 'driver_number': 30, 'date>': '2024-12-08T13:53:56.825000+00:00', 'date<': '2024-12-08T13:55:26.081000+00:00'}
2025-12-15 11:59:41 [DEBUG] __main__ - [compute_lap_features_for_driver] driver=30 lap=33, car_data rows=330
2025-12-15 11:59:41 [INFO] __main__ - [compute_lap_features_for_driver] driver=30 lap=34 KEEP, status=GREEN, duration=89.2s
2025-12-15 11:59:41 [DEBUG] __main__ - [get_openf1] GET https://api.openf1.org/v1/car_data params={'session_key': 9662, 'driver_number': 30, 'date>': '2024-12-08T13:55:26.081000+00:00', 'date<': '2024-12-08T13:56:55.295000+00:00'}
2025-12-15 11:59:41 [DEBUG] __main__ - [compute_lap_features_for_driver] driver=30 lap=34, car_data rows=335
2025-12-15 11:59:41 [INFO] __main__ - [compute_lap_features_for_driver] driver=30 lap=35 KEEP, status=GREEN, duration=89.2s
2025-12-15 11:59:41 [DEBUG] __main__ - [get_openf1] GET https://api.openf1.org/v1/car_data params={'session_key': 9662, 'driver_number': 30, 'date>': '2024-12-08T13:56:55.295000+00:00', 'date<': '2024-12-08T13:58:24.532000+00:00'}
2025-12-15 11:59:42 [DEBUG] __main__ - [compute_lap_features_for_driver] driver=30 lap=35, car_data rows=343
2025-12-15 11:59:42 [INFO] __main__ - [compute_lap_features_for_driver] driver=30 lap=36 KEEP, status=GREEN, duration=89.3s
2025-12-15 11:59:42 [DEBUG] __main__ - [get_openf1] GET https://api.openf1.org/v1/car_data params={'session_key': 9662, 'driver_number': 30, 'date>': '2024-12-08T13:58:24.532000+00:00', 'date<': '2024-12-08T13:59:53.810000+00:00'}
2025-12-15 11:59:42 [DEBUG] __main__ - [compute_lap_features_for_driver] driver=30 lap=36, car_data rows=334
2025-12-15 11:59:42 [INFO] __main__ - [compute_lap_features_for_driver] driver=30 lap=37 KEEP, status=GREEN, duration=89.5s
2025-12-15 11:59:42 [DEBUG] __main__ - [get_openf1] GET https://api.openf1.org/v1/car_data params={'session_key': 9662, 'driver_number': 30, 'date>': '2024-12-08T13:59:53.810000+00:00', 'date<': '2024-12-08T14:01:23.307000+00:00'}
2025-12-15 11:59:43 [DEBUG] __main__ - [compute_lap_features_for_driver] driver=30 lap=37, car_data rows=345
2025-12-15 11:59:43 [INFO] __main__ - [compute_lap_features_for_driver] driver=30 lap=38 KEEP, status=GREEN, duration=89.6s
2025-12-15 11:59:43 [DEBUG] __main__ - [get_openf1] GET https://api.openf1.org/v1/car_data params={'session_key': 9662, 'driver_number': 30, 'date>': '2024-12-08T14:01:23.307000+00:00', 'date<': '2024-12-08T14:02:52.946000+00:00'}
2025-12-15 11:59:43 [DEBUG] __main__ - [compute_lap_features_for_driver] driver=30 lap=38, car_data rows=332
2025-12-15 11:59:43 [INFO] __main__ - [compute_lap_features_for_driver] driver=30 lap=39 KEEP, status=GREEN, duration=89.3s
2025-12-15 11:59:43 [DEBUG] __main__ - [get_openf1] GET https://api.openf1.org/v1/car_data params={'session_key': 9662, 'driver_number': 30, 'date>': '2024-12-08T14:02:52.946000+00:00', 'date<': '2024-12-08T14:04:22.223000+00:00'}
2025-12-15 11:59:44 [DEBUG] __main__ - [compute_lap_features_for_driver] driver=30 lap=39, car_data rows=322
2025-12-15 11:59:44 [INFO] __main__ - [compute_lap_features_for_driver] driver=30 lap=40 KEEP, status=GREEN, duration=89.2s
2025-12-15 11:59:44 [DEBUG] __main__ - [get_openf1] GET https://api.openf1.org/v1/car_data params={'session_key': 9662, 'driver_number': 30, 'date>': '2024-12-08T14:04:22.223000+00:00', 'date<': '2024-12-08T14:05:51.443000+00:00'}
2025-12-15 11:59:45 [DEBUG] __main__ - [compute_lap_features_for_driver] driver=30 lap=40, car_data rows=326
2025-12-15 11:59:45 [INFO] __main__ - [compute_lap_features_for_driver] driver=30 lap=41 KEEP, status=GREEN, duration=89.1s
2025-12-15 11:59:45 [DEBUG] __main__ - [get_openf1] GET https://api.openf1.org/v1/car_data params={'session_key': 9662, 'driver_number': 30, 'date>': '2024-12-08T14:05:51.443000+00:00', 'date<': '2024-12-08T14:07:20.590000+00:00'}
2025-12-15 11:59:45 [DEBUG] __main__ - [compute_lap_features_for_driver] driver=30 lap=41, car_data rows=345
2025-12-15 11:59:45 [INFO] __main__ - [compute_lap_features_for_driver] driver=30 lap=42 KEEP, status=GREEN, duration=89.0s
2025-12-15 11:59:45 [DEBUG] __main__ - [get_openf1] GET https://api.openf1.org/v1/car_data params={'session_key': 9662, 'driver_number': 30, 'date>': '2024-12-08T14:07:20.590000+00:00', 'date<': '2024-12-08T14:08:49.592000+00:00'}
2025-12-15 11:59:46 [DEBUG] __main__ - [compute_lap_features_for_driver] driver=30 lap=42, car_data rows=332
2025-12-15 11:59:46 [INFO] __main__ - [compute_lap_features_for_driver] driver=30 lap=43 KEEP, status=GREEN, duration=91.4s
2025-12-15 11:59:46 [DEBUG] __main__ - [get_openf1] GET https://api.openf1.org/v1/car_data params={'session_key': 9662, 'driver_number': 30, 'date>': '2024-12-08T14:08:49.592000+00:00', 'date<': '2024-12-08T14:10:21.039000+00:00'}
2025-12-15 11:59:47 [DEBUG] __main__ - [compute_lap_features_for_driver] driver=30 lap=43, car_data rows=348
2025-12-15 11:59:47 [INFO] __main__ - [compute_lap_features_for_driver] driver=30 lap=44 KEEP, status=GREEN, duration=89.3s
2025-12-15 11:59:47 [DEBUG] __main__ - [get_openf1] GET https://api.openf1.org/v1/car_data params={'session_key': 9662, 'driver_number': 30, 'date>': '2024-12-08T14:10:21.039000+00:00', 'date<': '2024-12-08T14:11:50.302000+00:00'}
2025-12-15 11:59:47 [DEBUG] __main__ - [compute_lap_features_for_driver] driver=30 lap=44, car_data rows=344
2025-12-15 11:59:47 [INFO] __main__ - [compute_lap_features_for_driver] driver=30 lap=45 KEEP, status=GREEN, duration=89.2s
2025-12-15 11:59:47 [DEBUG] __main__ - [get_openf1] GET https://api.openf1.org/v1/car_data params={'session_key': 9662, 'driver_number': 30, 'date>': '2024-12-08T14:11:50.302000+00:00', 'date<': '2024-12-08T14:13:19.509000+00:00'}
2025-12-15 11:59:48 [DEBUG] __main__ - [compute_lap_features_for_driver] driver=30 lap=45, car_data rows=344
2025-12-15 11:59:48 [INFO] __main__ - [compute_lap_features_for_driver] driver=30 lap=46 KEEP, status=GREEN, duration=89.1s
2025-12-15 11:59:48 [DEBUG] __main__ - [get_openf1] GET https://api.openf1.org/v1/car_data params={'session_key': 9662, 'driver_number': 30, 'date>': '2024-12-08T14:13:19.509000+00:00', 'date<': '2024-12-08T14:14:48.565000+00:00'}
2025-12-15 11:59:48 [DEBUG] __main__ - [compute_lap_features_for_driver] driver=30 lap=46, car_data rows=349
2025-12-15 11:59:48 [INFO] __main__ - [compute_lap_features_for_driver] driver=30 lap=47 KEEP, status=GREEN, duration=91.3s
2025-12-15 11:59:48 [DEBUG] __main__ - [get_openf1] GET https://api.openf1.org/v1/car_data params={'session_key': 9662, 'driver_number': 30, 'date>': '2024-12-08T14:14:48.565000+00:00', 'date<': '2024-12-08T14:16:19.869000+00:00'}
2025-12-15 11:59:49 [DEBUG] __main__ - [compute_lap_features_for_driver] driver=30 lap=47, car_data rows=346
2025-12-15 11:59:49 [INFO] __main__ - [compute_lap_features_for_driver] driver=30 lap=48 KEEP, status=GREEN, duration=89.7s
2025-12-15 11:59:49 [DEBUG] __main__ - [get_openf1] GET https://api.openf1.org/v1/car_data params={'session_key': 9662, 'driver_number': 30, 'date>': '2024-12-08T14:16:19.869000+00:00', 'date<': '2024-12-08T14:17:49.529000+00:00'}
2025-12-15 11:59:50 [DEBUG] __main__ - [compute_lap_features_for_driver] driver=30 lap=48, car_data rows=351
2025-12-15 11:59:50 [INFO] __main__ - [compute_lap_features_for_driver] driver=30 lap=49 KEEP, status=GREEN, duration=89.5s
2025-12-15 11:59:50 [DEBUG] __main__ - [get_openf1] GET https://api.openf1.org/v1/car_data params={'session_key': 9662, 'driver_number': 30, 'date>': '2024-12-08T14:17:49.529000+00:00', 'date<': '2024-12-08T14:19:19.059000+00:00'}
2025-12-15 11:59:50 [DEBUG] __main__ - [compute_lap_features_for_driver] driver=30 lap=49, car_data rows=339
2025-12-15 11:59:50 [INFO] __main__ - [compute_lap_features_for_driver] driver=30 lap=50 KEEP, status=GREEN, duration=88.8s
2025-12-15 11:59:50 [DEBUG] __main__ - [get_openf1] GET https://api.openf1.org/v1/car_data params={'session_key': 9662, 'driver_number': 30, 'date>': '2024-12-08T14:19:19.059000+00:00', 'date<': '2024-12-08T14:20:47.878000+00:00'}
2025-12-15 11:59:51 [DEBUG] __main__ - [compute_lap_features_for_driver] driver=30 lap=50, car_data rows=329
2025-12-15 11:59:51 [INFO] __main__ - [compute_lap_features_for_driver] driver=30 lap=51 KEEP, status=GREEN, duration=89.0s
2025-12-15 11:59:51 [DEBUG] __main__ - [get_openf1] GET https://api.openf1.org/v1/car_data params={'session_key': 9662, 'driver_number': 30, 'date>': '2024-12-08T14:20:47.878000+00:00', 'date<': '2024-12-08T14:22:16.885000+00:00'}
2025-12-15 11:59:52 [DEBUG] __main__ - [compute_lap_features_for_driver] driver=30 lap=51, car_data rows=345
2025-12-15 11:59:52 [INFO] __main__ - [compute_lap_features_for_driver] driver=30 lap=52 KEEP, status=GREEN, duration=88.7s
2025-12-15 11:59:52 [DEBUG] __main__ - [get_openf1] GET https://api.openf1.org/v1/car_data params={'session_key': 9662, 'driver_number': 30, 'date>': '2024-12-08T14:22:16.885000+00:00', 'date<': '2024-12-08T14:23:45.605000+00:00'}
2025-12-15 11:59:53 [DEBUG] __main__ - [compute_lap_features_for_driver] driver=30 lap=52, car_data rows=332
2025-12-15 11:59:53 [INFO] __main__ - [compute_lap_features_for_driver] driver=30 lap=53 KEEP, status=GREEN, duration=88.8s
2025-12-15 11:59:53 [DEBUG] __main__ - [get_openf1] GET https://api.openf1.org/v1/car_data params={'session_key': 9662, 'driver_number': 30, 'date>': '2024-12-08T14:23:45.605000+00:00', 'date<': '2024-12-08T14:25:14.416000+00:00'}
2025-12-15 11:59:54 [DEBUG] __main__ - [compute_lap_features_for_driver] driver=30 lap=53, car_data rows=335
2025-12-15 11:59:54 [INFO] __main__ - [compute_lap_features_for_driver] driver=30 lap=54 KEEP, status=GREEN, duration=88.8s
2025-12-15 11:59:54 [DEBUG] __main__ - [get_openf1] GET https://api.openf1.org/v1/car_data params={'session_key': 9662, 'driver_number': 30, 'date>': '2024-12-08T14:25:14.416000+00:00', 'date<': '2024-12-08T14:26:43.221000+00:00'}
2025-12-15 11:59:54 [DEBUG] __main__ - [compute_lap_features_for_driver] driver=30 lap=54, car_data rows=325
2025-12-15 11:59:54 [INFO] __main__ - [compute_lap_features_for_driver] driver=30 lap=55 KEEP, status=GREEN, duration=89.2s
2025-12-15 11:59:54 [DEBUG] __main__ - [get_openf1] GET https://api.openf1.org/v1/car_data params={'session_key': 9662, 'driver_number': 30, 'date>': '2024-12-08T14:26:43.221000+00:00', 'date<': '2024-12-08T14:28:12.447000+00:00'}
2025-12-15 11:59:55 [DEBUG] __main__ - [compute_lap_features_for_driver] driver=30 lap=55, car_data rows=333
2025-12-15 11:59:55 [INFO] __main__ - [compute_lap_features_for_driver] driver=30 lap=56 DROP (CHEQUERED_FLAG_LAP), status=YELLOW;RED_FLAG;CHEQUERED, duration=nans
2025-12-15 11:59:55 [INFO] __main__ - [compute_lap_features_for_driver] driver=30, feature laps=[4, 5, 6, 7, 8, 9, 10, 11, 12, 13, 14, 15, 16, 17, 18, 19, 20, 21, 22, 23, 24, 25, 26, 27, 28, 29, 31, 32, 33, 34, 35, 36, 37, 38, 39, 40, 41, 42, 43, 44, 45, 46, 47, 48, 49, 50, 51, 52, 53, 54, 55]
2025-12-15 11:59:55 [INFO] __main__ - [build_driver_style_embedding_json] all feature laps (combined)=[4, 5, 6, 7, 8, 9, 10, 11, 12, 13, 14, 15, 16, 17, 18, 19, 20, 21, 22, 23, 24, 25, 26, 27, 28, 29, 30, 31, 32, 33, 34, 35, 36, 37, 38, 39, 40, 41, 42, 43, 44, 45, 46, 47, 48, 49, 50, 51, 52, 53, 54, 55, 56, 57]
2025-12-15 11:59:55 [INFO] __main__ - [embed_lap_features] focus_laps = [11, 30, 58]
2025-12-15 11:59:55 [INFO] __main__ - Saved ./driver_style_embedding_2024yasisland.json
