2025-12-15 11:12:21 [INFO] __main__ - ===== Driver Style Map logging started for race_id=2024jeddah =====
2025-12-15 11:12:21 [INFO] __main__ - log file: log/driver_style_2024jeddah.log
2025-12-15 11:12:21 [INFO] __main__ - === Start processing 2024jeddah ===
2025-12-15 11:12:21 [DEBUG] __main__ - [get_openf1] GET https://api.openf1.org/v1/meetings params={'year': 2024}
2025-12-15 11:12:22 [DEBUG] __main__ - [get_openf1] GET https://api.openf1.org/v1/sessions params={'meeting_key': 1230}
2025-12-15 11:12:22 [INFO] __main__ - [find_race_session] year=2024 slug=jeddah -> session_key=9480, meeting_name=Saudi Arabian Grand Prix
2025-12-15 11:12:22 [INFO] __main__ - [main] race_id=2024jeddah -> session_key=9480, meeting_name=Saudi Arabian Grand Prix
2025-12-15 11:12:22 [DEBUG] __main__ - [get_openf1] GET https://api.openf1.org/v1/session_result params={'session_key': 9480}
2025-12-15 11:12:23 [DEBUG] __main__ - [get_openf1] GET https://api.openf1.org/v1/drivers params={'session_key': 9480}
2025-12-15 11:12:23 [INFO] __main__ - [select_race_drivers] session_key=9480 winner=1 teammate=11 last_finisher=24
2025-12-15 11:12:23 [INFO] __main__ - [build_driver_style_embedding_json] start session_key=9480, drivers=[1, 11, 24]
2025-12-15 11:12:23 [DEBUG] __main__ - [get_openf1] GET https://api.openf1.org/v1/race_control params={'session_key': 9480}
2025-12-15 11:12:23 [DEBUG] __main__ - [get_openf1] GET https://api.openf1.org/v1/sessions params={'session_key': 9480}
2025-12-15 11:12:24 [INFO] __main__ - [fetch_session_start] session_key=9480, date_start=2024-03-09 17:00:00+00:00
2025-12-15 11:12:24 [INFO] __main__ - [fetch_race_start_time] use first GREEN as race_start: 2024-03-09 16:20:00+00:00
2025-12-15 11:12:24 [DEBUG] __main__ - [get_openf1] GET https://api.openf1.org/v1/laps params={'session_key': 9480, 'driver_number': 1}
2025-12-15 11:12:25 [INFO] __main__ - [fetch_laps] fill lap 1 date_start with race_start=2024-03-09 16:20:00+00:00
2025-12-15 11:12:25 [INFO] __main__ - [fetch_laps] driver=1, laps: min=1, max=50, count=50
2025-12-15 11:12:25 [DEBUG] __main__ - [fetch_laps] head:
   meeting_key  session_key  ...  st_speed  lap_duration_s
0         1230         9480  ...       298        2734.885
1         1230         9480  ...       302          94.365
2         1230         9480  ...       302          94.056
3         1230         9480  ...       303          93.787
4         1230         9480  ...       302          93.840

[5 rows x 17 columns]
2025-12-15 11:12:25 [INFO] __main__ - [build_driver_style_embedding_json] ref_driver=1, min_lap=1, max_lap=50
2025-12-15 11:12:25 [INFO] __main__ - [build_driver_style_embedding_json] phase_split plan =
2025-12-15 11:12:25 [INFO] __main__ -   opening: [1, 2, 3, 4, 5, 6, 7, 8, 9, 10, 11, 12, 13, 14, 15, 16, 17]
2025-12-15 11:12:25 [INFO] __main__ -   middle : [18, 19, 20, 21, 22, 23, 24, 25, 26, 27, 28, 29, 30, 31, 32, 33, 34]
2025-12-15 11:12:25 [INFO] __main__ -   ending : [35, 36, 37, 38, 39, 40, 41, 42, 43, 44, 45, 46, 47, 48, 49, 50]
2025-12-15 11:12:25 [INFO] __main__ - [build_driver_style_embedding_json] compute features for driver=1
2025-12-15 11:12:25 [DEBUG] __main__ - [get_openf1] GET https://api.openf1.org/v1/laps params={'session_key': 9480, 'driver_number': 1}
2025-12-15 11:12:26 [DEBUG] __main__ - [get_openf1] GET https://api.openf1.org/v1/sessions params={'session_key': 9480}
2025-12-15 11:12:26 [INFO] __main__ - [fetch_session_start] session_key=9480, date_start=2024-03-09 17:00:00+00:00
2025-12-15 11:12:26 [INFO] __main__ - [fetch_race_start_time] use first GREEN as race_start: 2024-03-09 16:20:00+00:00
2025-12-15 11:12:26 [INFO] __main__ - [fetch_laps] fill lap 1 date_start with race_start=2024-03-09 16:20:00+00:00
2025-12-15 11:12:26 [INFO] __main__ - [fetch_laps] driver=1, laps: min=1, max=50, count=50
2025-12-15 11:12:26 [DEBUG] __main__ - [fetch_laps] head:
   meeting_key  session_key  ...  st_speed  lap_duration_s
0         1230         9480  ...       298        2734.885
1         1230         9480  ...       302          94.365
2         1230         9480  ...       302          94.056
3         1230         9480  ...       303          93.787
4         1230         9480  ...       302          93.840

[5 rows x 17 columns]
2025-12-15 11:12:26 [DEBUG] __main__ - [build_lap_status_mapping] status_by_lap={1: 'GREEN', 2: 'GREEN', 3: 'GREEN', 4: 'GREEN', 5: 'GREEN', 6: 'GREEN', 7: 'SC;YELLOW', 8: 'GREEN', 9: 'SC', 10: 'GREEN', 11: 'GREEN', 12: 'GREEN', 13: 'GREEN', 14: 'GREEN', 15: 'GREEN', 16: 'GREEN', 17: 'GREEN', 18: 'GREEN', 19: 'GREEN', 20: 'GREEN', 21: 'GREEN', 22: 'GREEN', 23: 'GREEN', 24: 'GREEN', 25: 'GREEN', 26: 'GREEN', 27: 'GREEN', 28: 'GREEN', 29: 'GREEN', 30: 'GREEN', 31: 'GREEN', 32: 'GREEN', 33: 'GREEN', 34: 'GREEN', 35: 'GREEN', 36: 'GREEN', 37: 'GREEN', 38: 'GREEN', 39: 'GREEN', 40: 'GREEN', 41: 'GREEN', 42: 'GREEN', 43: 'GREEN', 44: 'GREEN', 45: 'GREEN', 46: 'GREEN', 47: 'GREEN', 48: 'GREEN', 49: 'GREEN', 50: 'RED_FLAG;CHEQUERED'}
2025-12-15 11:12:26 [INFO] __main__ - [compute_lap_features_for_driver] driver=1, typical_duration_s=92.852
2025-12-15 11:12:26 [INFO] __main__ - [compute_lap_features_for_driver] driver=1 lap=1 DROP (LONG_LAP_2734.9s), status=GREEN, duration=2734.9s
2025-12-15 11:12:26 [INFO] __main__ - [compute_lap_features_for_driver] driver=1 lap=2 KEEP, status=GREEN, duration=94.4s
2025-12-15 11:12:26 [DEBUG] __main__ - [get_openf1] GET https://api.openf1.org/v1/car_data params={'session_key': 9480, 'driver_number': 1, 'date>': '2024-03-09T17:05:34.885000+00:00', 'date<': '2024-03-09T17:07:09.250000+00:00'}
2025-12-15 11:12:27 [DEBUG] __main__ - [compute_lap_features_for_driver] driver=1 lap=2, car_data rows=370
2025-12-15 11:12:27 [INFO] __main__ - [compute_lap_features_for_driver] driver=1 lap=3 KEEP, status=GREEN, duration=94.1s
2025-12-15 11:12:27 [DEBUG] __main__ - [get_openf1] GET https://api.openf1.org/v1/car_data params={'session_key': 9480, 'driver_number': 1, 'date>': '2024-03-09T17:07:09.250000+00:00', 'date<': '2024-03-09T17:08:43.306000+00:00'}
2025-12-15 11:12:28 [DEBUG] __main__ - [compute_lap_features_for_driver] driver=1 lap=3, car_data rows=360
2025-12-15 11:12:28 [INFO] __main__ - [compute_lap_features_for_driver] driver=1 lap=4 KEEP, status=GREEN, duration=93.8s
2025-12-15 11:12:28 [DEBUG] __main__ - [get_openf1] GET https://api.openf1.org/v1/car_data params={'session_key': 9480, 'driver_number': 1, 'date>': '2024-03-09T17:08:43.306000+00:00', 'date<': '2024-03-09T17:10:17.093000+00:00'}
2025-12-15 11:12:28 [DEBUG] __main__ - [compute_lap_features_for_driver] driver=1 lap=4, car_data rows=359
2025-12-15 11:12:28 [INFO] __main__ - [compute_lap_features_for_driver] driver=1 lap=5 KEEP, status=GREEN, duration=93.8s
2025-12-15 11:12:28 [DEBUG] __main__ - [get_openf1] GET https://api.openf1.org/v1/car_data params={'session_key': 9480, 'driver_number': 1, 'date>': '2024-03-09T17:10:17.093000+00:00', 'date<': '2024-03-09T17:11:50.933000+00:00'}
2025-12-15 11:12:29 [DEBUG] __main__ - [compute_lap_features_for_driver] driver=1 lap=5, car_data rows=356
2025-12-15 11:12:29 [INFO] __main__ - [compute_lap_features_for_driver] driver=1 lap=6 KEEP, status=GREEN, duration=93.7s
2025-12-15 11:12:29 [DEBUG] __main__ - [get_openf1] GET https://api.openf1.org/v1/car_data params={'session_key': 9480, 'driver_number': 1, 'date>': '2024-03-09T17:11:50.933000+00:00', 'date<': '2024-03-09T17:13:24.670000+00:00'}
2025-12-15 11:12:30 [DEBUG] __main__ - [compute_lap_features_for_driver] driver=1 lap=6, car_data rows=356
2025-12-15 11:12:30 [INFO] __main__ - [compute_lap_features_for_driver] driver=1 lap=7 DROP (SC_LAP), status=SC;YELLOW, duration=122.8s
2025-12-15 11:12:30 [INFO] __main__ - [compute_lap_features_for_driver] driver=1 lap=8 DROP (LONG_LAP_189.1s), status=GREEN, duration=189.1s
2025-12-15 11:12:30 [INFO] __main__ - [compute_lap_features_for_driver] driver=1 lap=9 DROP (SC_LAP), status=SC, duration=161.1s
2025-12-15 11:12:30 [INFO] __main__ - [compute_lap_features_for_driver] driver=1 lap=10 KEEP, status=GREEN, duration=94.9s
2025-12-15 11:12:30 [DEBUG] __main__ - [get_openf1] GET https://api.openf1.org/v1/car_data params={'session_key': 9480, 'driver_number': 1, 'date>': '2024-03-09T17:21:17.723000+00:00', 'date<': '2024-03-09T17:22:52.628000+00:00'}
2025-12-15 11:12:31 [DEBUG] __main__ - [compute_lap_features_for_driver] driver=1 lap=10, car_data rows=352
2025-12-15 11:12:31 [INFO] __main__ - [compute_lap_features_for_driver] driver=1 lap=11 KEEP, status=GREEN, duration=93.6s
2025-12-15 11:12:31 [DEBUG] __main__ - [get_openf1] GET https://api.openf1.org/v1/car_data params={'session_key': 9480, 'driver_number': 1, 'date>': '2024-03-09T17:22:52.628000+00:00', 'date<': '2024-03-09T17:24:26.243000+00:00'}
2025-12-15 11:12:32 [DEBUG] __main__ - [compute_lap_features_for_driver] driver=1 lap=11, car_data rows=362
2025-12-15 11:12:32 [INFO] __main__ - [compute_lap_features_for_driver] driver=1 lap=12 KEEP, status=GREEN, duration=93.4s
2025-12-15 11:12:32 [DEBUG] __main__ - [get_openf1] GET https://api.openf1.org/v1/car_data params={'session_key': 9480, 'driver_number': 1, 'date>': '2024-03-09T17:24:26.243000+00:00', 'date<': '2024-03-09T17:25:59.611000+00:00'}
2025-12-15 11:12:33 [DEBUG] __main__ - [compute_lap_features_for_driver] driver=1 lap=12, car_data rows=351
2025-12-15 11:12:33 [INFO] __main__ - [compute_lap_features_for_driver] driver=1 lap=13 KEEP, status=GREEN, duration=93.0s
2025-12-15 11:12:33 [DEBUG] __main__ - [get_openf1] GET https://api.openf1.org/v1/car_data params={'session_key': 9480, 'driver_number': 1, 'date>': '2024-03-09T17:25:59.611000+00:00', 'date<': '2024-03-09T17:27:32.604000+00:00'}
2025-12-15 11:12:33 [DEBUG] __main__ - [compute_lap_features_for_driver] driver=1 lap=13, car_data rows=353
2025-12-15 11:12:33 [INFO] __main__ - [compute_lap_features_for_driver] driver=1 lap=14 KEEP, status=GREEN, duration=93.3s
2025-12-15 11:12:33 [DEBUG] __main__ - [get_openf1] GET https://api.openf1.org/v1/car_data params={'session_key': 9480, 'driver_number': 1, 'date>': '2024-03-09T17:27:32.604000+00:00', 'date<': '2024-03-09T17:29:05.883000+00:00'}
2025-12-15 11:12:34 [DEBUG] __main__ - [compute_lap_features_for_driver] driver=1 lap=14, car_data rows=365
2025-12-15 11:12:34 [INFO] __main__ - [compute_lap_features_for_driver] driver=1 lap=15 KEEP, status=GREEN, duration=93.5s
2025-12-15 11:12:34 [DEBUG] __main__ - [get_openf1] GET https://api.openf1.org/v1/car_data params={'session_key': 9480, 'driver_number': 1, 'date>': '2024-03-09T17:29:05.883000+00:00', 'date<': '2024-03-09T17:30:39.352000+00:00'}
2025-12-15 11:12:35 [DEBUG] __main__ - [compute_lap_features_for_driver] driver=1 lap=15, car_data rows=350
2025-12-15 11:12:35 [INFO] __main__ - [compute_lap_features_for_driver] driver=1 lap=16 KEEP, status=GREEN, duration=93.2s
2025-12-15 11:12:35 [DEBUG] __main__ - [get_openf1] GET https://api.openf1.org/v1/car_data params={'session_key': 9480, 'driver_number': 1, 'date>': '2024-03-09T17:30:39.352000+00:00', 'date<': '2024-03-09T17:32:12.586000+00:00'}
2025-12-15 11:12:35 [DEBUG] __main__ - [compute_lap_features_for_driver] driver=1 lap=16, car_data rows=357
2025-12-15 11:12:35 [INFO] __main__ - [compute_lap_features_for_driver] driver=1 lap=17 KEEP, status=GREEN, duration=93.1s
2025-12-15 11:12:35 [DEBUG] __main__ - [get_openf1] GET https://api.openf1.org/v1/car_data params={'session_key': 9480, 'driver_number': 1, 'date>': '2024-03-09T17:32:12.586000+00:00', 'date<': '2024-03-09T17:33:45.720000+00:00'}
2025-12-15 11:12:36 [DEBUG] __main__ - [compute_lap_features_for_driver] driver=1 lap=17, car_data rows=351
2025-12-15 11:12:36 [INFO] __main__ - [compute_lap_features_for_driver] driver=1 lap=18 KEEP, status=GREEN, duration=93.1s
2025-12-15 11:12:36 [DEBUG] __main__ - [get_openf1] GET https://api.openf1.org/v1/car_data params={'session_key': 9480, 'driver_number': 1, 'date>': '2024-03-09T17:33:45.720000+00:00', 'date<': '2024-03-09T17:35:18.779000+00:00'}
2025-12-15 11:12:36 [DEBUG] __main__ - [compute_lap_features_for_driver] driver=1 lap=18, car_data rows=349
2025-12-15 11:12:36 [INFO] __main__ - [compute_lap_features_for_driver] driver=1 lap=19 KEEP, status=GREEN, duration=93.2s
2025-12-15 11:12:36 [DEBUG] __main__ - [get_openf1] GET https://api.openf1.org/v1/car_data params={'session_key': 9480, 'driver_number': 1, 'date>': '2024-03-09T17:35:18.779000+00:00', 'date<': '2024-03-09T17:36:51.962000+00:00'}
2025-12-15 11:12:37 [DEBUG] __main__ - [compute_lap_features_for_driver] driver=1 lap=19, car_data rows=354
2025-12-15 11:12:37 [INFO] __main__ - [compute_lap_features_for_driver] driver=1 lap=20 KEEP, status=GREEN, duration=93.1s
2025-12-15 11:12:37 [DEBUG] __main__ - [get_openf1] GET https://api.openf1.org/v1/car_data params={'session_key': 9480, 'driver_number': 1, 'date>': '2024-03-09T17:36:51.962000+00:00', 'date<': '2024-03-09T17:38:25.080000+00:00'}
2025-12-15 11:12:38 [DEBUG] __main__ - [compute_lap_features_for_driver] driver=1 lap=20, car_data rows=356
2025-12-15 11:12:38 [INFO] __main__ - [compute_lap_features_for_driver] driver=1 lap=21 KEEP, status=GREEN, duration=92.9s
2025-12-15 11:12:38 [DEBUG] __main__ - [get_openf1] GET https://api.openf1.org/v1/car_data params={'session_key': 9480, 'driver_number': 1, 'date>': '2024-03-09T17:38:25.080000+00:00', 'date<': '2024-03-09T17:39:57.953000+00:00'}
2025-12-15 11:12:38 [DEBUG] __main__ - [compute_lap_features_for_driver] driver=1 lap=21, car_data rows=363
2025-12-15 11:12:38 [INFO] __main__ - [compute_lap_features_for_driver] driver=1 lap=22 KEEP, status=GREEN, duration=92.9s
2025-12-15 11:12:38 [DEBUG] __main__ - [get_openf1] GET https://api.openf1.org/v1/car_data params={'session_key': 9480, 'driver_number': 1, 'date>': '2024-03-09T17:39:57.953000+00:00', 'date<': '2024-03-09T17:41:30.860000+00:00'}
2025-12-15 11:12:39 [DEBUG] __main__ - [compute_lap_features_for_driver] driver=1 lap=22, car_data rows=362
2025-12-15 11:12:39 [INFO] __main__ - [compute_lap_features_for_driver] driver=1 lap=23 KEEP, status=GREEN, duration=92.8s
2025-12-15 11:12:39 [DEBUG] __main__ - [get_openf1] GET https://api.openf1.org/v1/car_data params={'session_key': 9480, 'driver_number': 1, 'date>': '2024-03-09T17:41:30.860000+00:00', 'date<': '2024-03-09T17:43:03.691000+00:00'}
2025-12-15 11:12:39 [DEBUG] __main__ - [compute_lap_features_for_driver] driver=1 lap=23, car_data rows=364
2025-12-15 11:12:39 [INFO] __main__ - [compute_lap_features_for_driver] driver=1 lap=24 KEEP, status=GREEN, duration=92.7s
2025-12-15 11:12:39 [DEBUG] __main__ - [get_openf1] GET https://api.openf1.org/v1/car_data params={'session_key': 9480, 'driver_number': 1, 'date>': '2024-03-09T17:43:03.691000+00:00', 'date<': '2024-03-09T17:44:36.388000+00:00'}
2025-12-15 11:12:40 [DEBUG] __main__ - [compute_lap_features_for_driver] driver=1 lap=24, car_data rows=354
2025-12-15 11:12:40 [INFO] __main__ - [compute_lap_features_for_driver] driver=1 lap=25 KEEP, status=GREEN, duration=92.7s
2025-12-15 11:12:40 [DEBUG] __main__ - [get_openf1] GET https://api.openf1.org/v1/car_data params={'session_key': 9480, 'driver_number': 1, 'date>': '2024-03-09T17:44:36.388000+00:00', 'date<': '2024-03-09T17:46:09.126000+00:00'}
2025-12-15 11:12:41 [DEBUG] __main__ - [compute_lap_features_for_driver] driver=1 lap=25, car_data rows=350
2025-12-15 11:12:41 [INFO] __main__ - [compute_lap_features_for_driver] driver=1 lap=26 KEEP, status=GREEN, duration=92.6s
2025-12-15 11:12:41 [DEBUG] __main__ - [get_openf1] GET https://api.openf1.org/v1/car_data params={'session_key': 9480, 'driver_number': 1, 'date>': '2024-03-09T17:46:09.126000+00:00', 'date<': '2024-03-09T17:47:41.703000+00:00'}
2025-12-15 11:12:41 [DEBUG] __main__ - [compute_lap_features_for_driver] driver=1 lap=26, car_data rows=365
2025-12-15 11:12:41 [INFO] __main__ - [compute_lap_features_for_driver] driver=1 lap=27 KEEP, status=GREEN, duration=92.8s
2025-12-15 11:12:41 [DEBUG] __main__ - [get_openf1] GET https://api.openf1.org/v1/car_data params={'session_key': 9480, 'driver_number': 1, 'date>': '2024-03-09T17:47:41.703000+00:00', 'date<': '2024-03-09T17:49:14.533000+00:00'}
2025-12-15 11:12:42 [DEBUG] __main__ - [compute_lap_features_for_driver] driver=1 lap=27, car_data rows=349
2025-12-15 11:12:42 [INFO] __main__ - [compute_lap_features_for_driver] driver=1 lap=28 KEEP, status=GREEN, duration=92.6s
2025-12-15 11:12:42 [DEBUG] __main__ - [get_openf1] GET https://api.openf1.org/v1/car_data params={'session_key': 9480, 'driver_number': 1, 'date>': '2024-03-09T17:49:14.533000+00:00', 'date<': '2024-03-09T17:50:47.178000+00:00'}
2025-12-15 11:12:42 [DEBUG] __main__ - [compute_lap_features_for_driver] driver=1 lap=28, car_data rows=351
2025-12-15 11:12:42 [INFO] __main__ - [compute_lap_features_for_driver] driver=1 lap=29 KEEP, status=GREEN, duration=92.8s
2025-12-15 11:12:42 [DEBUG] __main__ - [get_openf1] GET https://api.openf1.org/v1/car_data params={'session_key': 9480, 'driver_number': 1, 'date>': '2024-03-09T17:50:47.178000+00:00', 'date<': '2024-03-09T17:52:19.969000+00:00'}
2025-12-15 11:12:43 [DEBUG] __main__ - [compute_lap_features_for_driver] driver=1 lap=29, car_data rows=349
2025-12-15 11:12:43 [INFO] __main__ - [compute_lap_features_for_driver] driver=1 lap=30 KEEP, status=GREEN, duration=92.6s
2025-12-15 11:12:43 [DEBUG] __main__ - [get_openf1] GET https://api.openf1.org/v1/car_data params={'session_key': 9480, 'driver_number': 1, 'date>': '2024-03-09T17:52:19.969000+00:00', 'date<': '2024-03-09T17:53:52.569000+00:00'}
2025-12-15 11:12:44 [DEBUG] __main__ - [compute_lap_features_for_driver] driver=1 lap=30, car_data rows=346
2025-12-15 11:12:44 [INFO] __main__ - [compute_lap_features_for_driver] driver=1 lap=31 KEEP, status=GREEN, duration=92.4s
2025-12-15 11:12:44 [DEBUG] __main__ - [get_openf1] GET https://api.openf1.org/v1/car_data params={'session_key': 9480, 'driver_number': 1, 'date>': '2024-03-09T17:53:52.569000+00:00', 'date<': '2024-03-09T17:55:25.006000+00:00'}
2025-12-15 11:12:44 [DEBUG] __main__ - [compute_lap_features_for_driver] driver=1 lap=31, car_data rows=354
2025-12-15 11:12:44 [INFO] __main__ - [compute_lap_features_for_driver] driver=1 lap=32 KEEP, status=GREEN, duration=92.5s
2025-12-15 11:12:44 [DEBUG] __main__ - [get_openf1] GET https://api.openf1.org/v1/car_data params={'session_key': 9480, 'driver_number': 1, 'date>': '2024-03-09T17:55:25.006000+00:00', 'date<': '2024-03-09T17:56:57.539000+00:00'}
2025-12-15 11:12:45 [DEBUG] __main__ - [compute_lap_features_for_driver] driver=1 lap=32, car_data rows=350
2025-12-15 11:12:45 [INFO] __main__ - [compute_lap_features_for_driver] driver=1 lap=33 KEEP, status=GREEN, duration=92.2s
2025-12-15 11:12:45 [DEBUG] __main__ - [get_openf1] GET https://api.openf1.org/v1/car_data params={'session_key': 9480, 'driver_number': 1, 'date>': '2024-03-09T17:56:57.539000+00:00', 'date<': '2024-03-09T17:58:29.760000+00:00'}
2025-12-15 11:12:45 [DEBUG] __main__ - [compute_lap_features_for_driver] driver=1 lap=33, car_data rows=342
2025-12-15 11:12:45 [INFO] __main__ - [compute_lap_features_for_driver] driver=1 lap=34 KEEP, status=GREEN, duration=92.6s
2025-12-15 11:12:45 [DEBUG] __main__ - [get_openf1] GET https://api.openf1.org/v1/car_data params={'session_key': 9480, 'driver_number': 1, 'date>': '2024-03-09T17:58:29.760000+00:00', 'date<': '2024-03-09T18:00:02.320000+00:00'}
2025-12-15 11:12:46 [DEBUG] __main__ - [compute_lap_features_for_driver] driver=1 lap=34, car_data rows=347
2025-12-15 11:12:46 [INFO] __main__ - [compute_lap_features_for_driver] driver=1 lap=35 KEEP, status=GREEN, duration=92.6s
2025-12-15 11:12:46 [DEBUG] __main__ - [get_openf1] GET https://api.openf1.org/v1/car_data params={'session_key': 9480, 'driver_number': 1, 'date>': '2024-03-09T18:00:02.320000+00:00', 'date<': '2024-03-09T18:01:34.943000+00:00'}
2025-12-15 11:12:47 [DEBUG] __main__ - [compute_lap_features_for_driver] driver=1 lap=35, car_data rows=348
2025-12-15 11:12:47 [INFO] __main__ - [compute_lap_features_for_driver] driver=1 lap=36 KEEP, status=GREEN, duration=92.4s
2025-12-15 11:12:47 [DEBUG] __main__ - [get_openf1] GET https://api.openf1.org/v1/car_data params={'session_key': 9480, 'driver_number': 1, 'date>': '2024-03-09T18:01:34.943000+00:00', 'date<': '2024-03-09T18:03:07.299000+00:00'}
2025-12-15 11:12:47 [DEBUG] __main__ - [compute_lap_features_for_driver] driver=1 lap=36, car_data rows=354
2025-12-15 11:12:47 [INFO] __main__ - [compute_lap_features_for_driver] driver=1 lap=37 KEEP, status=GREEN, duration=92.5s
2025-12-15 11:12:47 [DEBUG] __main__ - [get_openf1] GET https://api.openf1.org/v1/car_data params={'session_key': 9480, 'driver_number': 1, 'date>': '2024-03-09T18:03:07.299000+00:00', 'date<': '2024-03-09T18:04:39.763000+00:00'}
2025-12-15 11:12:48 [DEBUG] __main__ - [compute_lap_features_for_driver] driver=1 lap=37, car_data rows=351
2025-12-15 11:12:48 [INFO] __main__ - [compute_lap_features_for_driver] driver=1 lap=38 KEEP, status=GREEN, duration=92.3s
2025-12-15 11:12:48 [DEBUG] __main__ - [get_openf1] GET https://api.openf1.org/v1/car_data params={'session_key': 9480, 'driver_number': 1, 'date>': '2024-03-09T18:04:39.763000+00:00', 'date<': '2024-03-09T18:06:12.089000+00:00'}
2025-12-15 11:12:49 [DEBUG] __main__ - [compute_lap_features_for_driver] driver=1 lap=38, car_data rows=360
2025-12-15 11:12:49 [INFO] __main__ - [compute_lap_features_for_driver] driver=1 lap=39 KEEP, status=GREEN, duration=91.8s
2025-12-15 11:12:49 [DEBUG] __main__ - [get_openf1] GET https://api.openf1.org/v1/car_data params={'session_key': 9480, 'driver_number': 1, 'date>': '2024-03-09T18:06:12.089000+00:00', 'date<': '2024-03-09T18:07:43.927000+00:00'}
2025-12-15 11:12:49 [DEBUG] __main__ - [compute_lap_features_for_driver] driver=1 lap=39, car_data rows=342
2025-12-15 11:12:49 [INFO] __main__ - [compute_lap_features_for_driver] driver=1 lap=40 KEEP, status=GREEN, duration=92.7s
2025-12-15 11:12:49 [DEBUG] __main__ - [get_openf1] GET https://api.openf1.org/v1/car_data params={'session_key': 9480, 'driver_number': 1, 'date>': '2024-03-09T18:07:43.927000+00:00', 'date<': '2024-03-09T18:09:16.583000+00:00'}
2025-12-15 11:12:50 [DEBUG] __main__ - [compute_lap_features_for_driver] driver=1 lap=40, car_data rows=349
2025-12-15 11:12:50 [INFO] __main__ - [compute_lap_features_for_driver] driver=1 lap=41 KEEP, status=GREEN, duration=92.5s
2025-12-15 11:12:50 [DEBUG] __main__ - [get_openf1] GET https://api.openf1.org/v1/car_data params={'session_key': 9480, 'driver_number': 1, 'date>': '2024-03-09T18:09:16.583000+00:00', 'date<': '2024-03-09T18:10:49.102000+00:00'}
2025-12-15 11:12:50 [DEBUG] __main__ - [compute_lap_features_for_driver] driver=1 lap=41, car_data rows=339
2025-12-15 11:12:50 [INFO] __main__ - [compute_lap_features_for_driver] driver=1 lap=42 KEEP, status=GREEN, duration=92.9s
2025-12-15 11:12:50 [DEBUG] __main__ - [get_openf1] GET https://api.openf1.org/v1/car_data params={'session_key': 9480, 'driver_number': 1, 'date>': '2024-03-09T18:10:49.102000+00:00', 'date<': '2024-03-09T18:12:22.031000+00:00'}
2025-12-15 11:12:51 [DEBUG] __main__ - [compute_lap_features_for_driver] driver=1 lap=42, car_data rows=350
2025-12-15 11:12:51 [INFO] __main__ - [compute_lap_features_for_driver] driver=1 lap=43 KEEP, status=GREEN, duration=93.2s
2025-12-15 11:12:51 [DEBUG] __main__ - [get_openf1] GET https://api.openf1.org/v1/car_data params={'session_key': 9480, 'driver_number': 1, 'date>': '2024-03-09T18:12:22.031000+00:00', 'date<': '2024-03-09T18:13:55.226000+00:00'}
2025-12-15 11:12:52 [DEBUG] __main__ - [compute_lap_features_for_driver] driver=1 lap=43, car_data rows=354
2025-12-15 11:12:52 [INFO] __main__ - [compute_lap_features_for_driver] driver=1 lap=44 KEEP, status=GREEN, duration=92.3s
2025-12-15 11:12:52 [DEBUG] __main__ - [get_openf1] GET https://api.openf1.org/v1/car_data params={'session_key': 9480, 'driver_number': 1, 'date>': '2024-03-09T18:13:55.226000+00:00', 'date<': '2024-03-09T18:15:27.522000+00:00'}
2025-12-15 11:12:52 [DEBUG] __main__ - [compute_lap_features_for_driver] driver=1 lap=44, car_data rows=351
2025-12-15 11:12:52 [INFO] __main__ - [compute_lap_features_for_driver] driver=1 lap=45 KEEP, status=GREEN, duration=93.1s
2025-12-15 11:12:52 [DEBUG] __main__ - [get_openf1] GET https://api.openf1.org/v1/car_data params={'session_key': 9480, 'driver_number': 1, 'date>': '2024-03-09T18:15:27.522000+00:00', 'date<': '2024-03-09T18:17:00.590000+00:00'}
2025-12-15 11:12:53 [DEBUG] __main__ - [compute_lap_features_for_driver] driver=1 lap=45, car_data rows=358
2025-12-15 11:12:53 [INFO] __main__ - [compute_lap_features_for_driver] driver=1 lap=46 KEEP, status=GREEN, duration=93.0s
2025-12-15 11:12:53 [DEBUG] __main__ - [get_openf1] GET https://api.openf1.org/v1/car_data params={'session_key': 9480, 'driver_number': 1, 'date>': '2024-03-09T18:17:00.590000+00:00', 'date<': '2024-03-09T18:18:33.540000+00:00'}
2025-12-15 11:12:53 [DEBUG] __main__ - [compute_lap_features_for_driver] driver=1 lap=46, car_data rows=358
2025-12-15 11:12:53 [INFO] __main__ - [compute_lap_features_for_driver] driver=1 lap=47 KEEP, status=GREEN, duration=92.7s
2025-12-15 11:12:53 [DEBUG] __main__ - [get_openf1] GET https://api.openf1.org/v1/car_data params={'session_key': 9480, 'driver_number': 1, 'date>': '2024-03-09T18:18:33.540000+00:00', 'date<': '2024-03-09T18:20:06.253000+00:00'}
2025-12-15 11:12:54 [DEBUG] __main__ - [compute_lap_features_for_driver] driver=1 lap=47, car_data rows=347
2025-12-15 11:12:54 [INFO] __main__ - [compute_lap_features_for_driver] driver=1 lap=48 KEEP, status=GREEN, duration=92.5s
2025-12-15 11:12:54 [DEBUG] __main__ - [get_openf1] GET https://api.openf1.org/v1/car_data params={'session_key': 9480, 'driver_number': 1, 'date>': '2024-03-09T18:20:06.253000+00:00', 'date<': '2024-03-09T18:21:38.790000+00:00'}
2025-12-15 11:12:54 [DEBUG] __main__ - [compute_lap_features_for_driver] driver=1 lap=48, car_data rows=361
2025-12-15 11:12:54 [INFO] __main__ - [compute_lap_features_for_driver] driver=1 lap=49 KEEP, status=GREEN, duration=92.3s
2025-12-15 11:12:54 [DEBUG] __main__ - [get_openf1] GET https://api.openf1.org/v1/car_data params={'session_key': 9480, 'driver_number': 1, 'date>': '2024-03-09T18:21:38.790000+00:00', 'date<': '2024-03-09T18:23:11.113000+00:00'}
2025-12-15 11:12:55 [DEBUG] __main__ - [compute_lap_features_for_driver] driver=1 lap=49, car_data rows=356
2025-12-15 11:12:55 [INFO] __main__ - [compute_lap_features_for_driver] driver=1 lap=50 DROP (CHEQUERED_FLAG_LAP), status=RED_FLAG;CHEQUERED, duration=nans
2025-12-15 11:12:55 [INFO] __main__ - [compute_lap_features_for_driver] driver=1, feature laps=[2, 3, 4, 5, 6, 10, 11, 12, 13, 14, 15, 16, 17, 18, 19, 20, 21, 22, 23, 24, 25, 26, 27, 28, 29, 30, 31, 32, 33, 34, 35, 36, 37, 38, 39, 40, 41, 42, 43, 44, 45, 46, 47, 48, 49]
2025-12-15 11:12:55 [INFO] __main__ - [build_driver_style_embedding_json] compute features for driver=11
2025-12-15 11:12:55 [DEBUG] __main__ - [get_openf1] GET https://api.openf1.org/v1/laps params={'session_key': 9480, 'driver_number': 11}
2025-12-15 11:12:56 [DEBUG] __main__ - [get_openf1] GET https://api.openf1.org/v1/sessions params={'session_key': 9480}
2025-12-15 11:12:56 [INFO] __main__ - [fetch_session_start] session_key=9480, date_start=2024-03-09 17:00:00+00:00
2025-12-15 11:12:56 [INFO] __main__ - [fetch_race_start_time] use first GREEN as race_start: 2024-03-09 16:20:00+00:00
2025-12-15 11:12:56 [INFO] __main__ - [fetch_laps] fill lap 1 date_start with race_start=2024-03-09 16:20:00+00:00
2025-12-15 11:12:56 [INFO] __main__ - [fetch_laps] driver=11, laps: min=1, max=50, count=50
2025-12-15 11:12:56 [DEBUG] __main__ - [fetch_laps] head:
   meeting_key  session_key  ...  st_speed  lap_duration_s
0         1230         9480  ...       306        2736.711
1         1230         9480  ...       309          94.545
2         1230         9480  ...       324          94.049
3         1230         9480  ...       306          94.007
4         1230         9480  ...       305          94.018

[5 rows x 17 columns]
2025-12-15 11:12:56 [DEBUG] __main__ - [build_lap_status_mapping] status_by_lap={1: 'GREEN', 2: 'GREEN', 3: 'GREEN', 4: 'GREEN', 5: 'GREEN', 6: 'GREEN', 7: 'SC;YELLOW', 8: 'GREEN', 9: 'SC', 10: 'GREEN', 11: 'GREEN', 12: 'GREEN', 13: 'GREEN', 14: 'GREEN', 15: 'GREEN', 16: 'GREEN', 17: 'GREEN', 18: 'GREEN', 19: 'GREEN', 20: 'GREEN', 21: 'GREEN', 22: 'GREEN', 23: 'GREEN', 24: 'GREEN', 25: 'GREEN', 26: 'GREEN', 27: 'GREEN', 28: 'GREEN', 29: 'GREEN', 30: 'GREEN', 31: 'GREEN', 32: 'GREEN', 33: 'GREEN', 34: 'GREEN', 35: 'GREEN', 36: 'GREEN', 37: 'GREEN', 38: 'GREEN', 39: 'GREEN', 40: 'GREEN', 41: 'GREEN', 42: 'GREEN', 43: 'GREEN', 44: 'GREEN', 45: 'GREEN', 46: 'GREEN', 47: 'GREEN', 48: 'GREEN', 49: 'GREEN', 50: 'RED_FLAG;CHEQUERED'}
2025-12-15 11:12:56 [INFO] __main__ - [compute_lap_features_for_driver] driver=11, typical_duration_s=92.911
2025-12-15 11:12:56 [INFO] __main__ - [compute_lap_features_for_driver] driver=11 lap=1 DROP (LONG_LAP_2736.7s), status=GREEN, duration=2736.7s
2025-12-15 11:12:56 [INFO] __main__ - [compute_lap_features_for_driver] driver=11 lap=2 KEEP, status=GREEN, duration=94.5s
2025-12-15 11:12:56 [DEBUG] __main__ - [get_openf1] GET https://api.openf1.org/v1/car_data params={'session_key': 9480, 'driver_number': 11, 'date>': '2024-03-09T17:05:36.711000+00:00', 'date<': '2024-03-09T17:07:11.256000+00:00'}
2025-12-15 11:12:57 [DEBUG] __main__ - [compute_lap_features_for_driver] driver=11 lap=2, car_data rows=370
2025-12-15 11:12:57 [INFO] __main__ - [compute_lap_features_for_driver] driver=11 lap=3 KEEP, status=GREEN, duration=94.0s
2025-12-15 11:12:57 [DEBUG] __main__ - [get_openf1] GET https://api.openf1.org/v1/car_data params={'session_key': 9480, 'driver_number': 11, 'date>': '2024-03-09T17:07:11.256000+00:00', 'date<': '2024-03-09T17:08:45.305000+00:00'}
2025-12-15 11:12:58 [DEBUG] __main__ - [compute_lap_features_for_driver] driver=11 lap=3, car_data rows=360
2025-12-15 11:12:58 [INFO] __main__ - [compute_lap_features_for_driver] driver=11 lap=4 KEEP, status=GREEN, duration=94.0s
2025-12-15 11:12:58 [DEBUG] __main__ - [get_openf1] GET https://api.openf1.org/v1/car_data params={'session_key': 9480, 'driver_number': 11, 'date>': '2024-03-09T17:08:45.305000+00:00', 'date<': '2024-03-09T17:10:19.312000+00:00'}
2025-12-15 11:12:59 [DEBUG] __main__ - [compute_lap_features_for_driver] driver=11 lap=4, car_data rows=361
2025-12-15 11:12:59 [INFO] __main__ - [compute_lap_features_for_driver] driver=11 lap=5 KEEP, status=GREEN, duration=94.0s
2025-12-15 11:12:59 [DEBUG] __main__ - [get_openf1] GET https://api.openf1.org/v1/car_data params={'session_key': 9480, 'driver_number': 11, 'date>': '2024-03-09T17:10:19.312000+00:00', 'date<': '2024-03-09T17:11:53.330000+00:00'}
2025-12-15 11:12:59 [DEBUG] __main__ - [compute_lap_features_for_driver] driver=11 lap=5, car_data rows=356
2025-12-15 11:12:59 [INFO] __main__ - [compute_lap_features_for_driver] driver=11 lap=6 KEEP, status=GREEN, duration=93.9s
2025-12-15 11:12:59 [DEBUG] __main__ - [get_openf1] GET https://api.openf1.org/v1/car_data params={'session_key': 9480, 'driver_number': 11, 'date>': '2024-03-09T17:11:53.330000+00:00', 'date<': '2024-03-09T17:13:27.245000+00:00'}
2025-12-15 11:13:00 [DEBUG] __main__ - [compute_lap_features_for_driver] driver=11 lap=6, car_data rows=356
2025-12-15 11:13:00 [INFO] __main__ - [compute_lap_features_for_driver] driver=11 lap=7 DROP (SC_LAP), status=SC;YELLOW, duration=124.6s
2025-12-15 11:13:00 [INFO] __main__ - [compute_lap_features_for_driver] driver=11 lap=8 DROP (LONG_LAP_187.3s), status=GREEN, duration=187.3s
2025-12-15 11:13:00 [INFO] __main__ - [compute_lap_features_for_driver] driver=11 lap=9 DROP (SC_LAP), status=SC, duration=159.0s
2025-12-15 11:13:00 [INFO] __main__ - [compute_lap_features_for_driver] driver=11 lap=10 KEEP, status=GREEN, duration=96.0s
2025-12-15 11:13:00 [DEBUG] __main__ - [get_openf1] GET https://api.openf1.org/v1/car_data params={'session_key': 9480, 'driver_number': 11, 'date>': '2024-03-09T17:21:18.137000+00:00', 'date<': '2024-03-09T17:22:54.126000+00:00'}
2025-12-15 11:13:01 [DEBUG] __main__ - [compute_lap_features_for_driver] driver=11 lap=10, car_data rows=357
2025-12-15 11:13:01 [INFO] __main__ - [compute_lap_features_for_driver] driver=11 lap=11 KEEP, status=GREEN, duration=93.9s
2025-12-15 11:13:01 [DEBUG] __main__ - [get_openf1] GET https://api.openf1.org/v1/car_data params={'session_key': 9480, 'driver_number': 11, 'date>': '2024-03-09T17:22:54.126000+00:00', 'date<': '2024-03-09T17:24:28.027000+00:00'}
2025-12-15 11:13:02 [DEBUG] __main__ - [compute_lap_features_for_driver] driver=11 lap=11, car_data rows=363
2025-12-15 11:13:02 [INFO] __main__ - [compute_lap_features_for_driver] driver=11 lap=12 KEEP, status=GREEN, duration=93.9s
2025-12-15 11:13:02 [DEBUG] __main__ - [get_openf1] GET https://api.openf1.org/v1/car_data params={'session_key': 9480, 'driver_number': 11, 'date>': '2024-03-09T17:24:28.027000+00:00', 'date<': '2024-03-09T17:26:01.897000+00:00'}
2025-12-15 11:13:02 [DEBUG] __main__ - [compute_lap_features_for_driver] driver=11 lap=12, car_data rows=353
2025-12-15 11:13:02 [INFO] __main__ - [compute_lap_features_for_driver] driver=11 lap=13 KEEP, status=GREEN, duration=94.0s
2025-12-15 11:13:02 [DEBUG] __main__ - [get_openf1] GET https://api.openf1.org/v1/car_data params={'session_key': 9480, 'driver_number': 11, 'date>': '2024-03-09T17:26:01.897000+00:00', 'date<': '2024-03-09T17:27:35.851000+00:00'}
2025-12-15 11:13:03 [DEBUG] __main__ - [compute_lap_features_for_driver] driver=11 lap=13, car_data rows=357
2025-12-15 11:13:03 [INFO] __main__ - [compute_lap_features_for_driver] driver=11 lap=14 KEEP, status=GREEN, duration=94.0s
2025-12-15 11:13:03 [DEBUG] __main__ - [get_openf1] GET https://api.openf1.org/v1/car_data params={'session_key': 9480, 'driver_number': 11, 'date>': '2024-03-09T17:27:35.851000+00:00', 'date<': '2024-03-09T17:29:09.856000+00:00'}
2025-12-15 11:13:04 [DEBUG] __main__ - [compute_lap_features_for_driver] driver=11 lap=14, car_data rows=366
2025-12-15 11:13:04 [INFO] __main__ - [compute_lap_features_for_driver] driver=11 lap=15 KEEP, status=GREEN, duration=93.3s
2025-12-15 11:13:04 [DEBUG] __main__ - [get_openf1] GET https://api.openf1.org/v1/car_data params={'session_key': 9480, 'driver_number': 11, 'date>': '2024-03-09T17:29:09.856000+00:00', 'date<': '2024-03-09T17:30:43.184000+00:00'}
2025-12-15 11:13:04 [DEBUG] __main__ - [compute_lap_features_for_driver] driver=11 lap=15, car_data rows=350
2025-12-15 11:13:04 [INFO] __main__ - [compute_lap_features_for_driver] driver=11 lap=16 KEEP, status=GREEN, duration=93.6s
2025-12-15 11:13:04 [DEBUG] __main__ - [get_openf1] GET https://api.openf1.org/v1/car_data params={'session_key': 9480, 'driver_number': 11, 'date>': '2024-03-09T17:30:43.184000+00:00', 'date<': '2024-03-09T17:32:16.740000+00:00'}
2025-12-15 11:13:05 [DEBUG] __main__ - [compute_lap_features_for_driver] driver=11 lap=16, car_data rows=360
2025-12-15 11:13:05 [INFO] __main__ - [compute_lap_features_for_driver] driver=11 lap=17 KEEP, status=GREEN, duration=94.2s
2025-12-15 11:13:05 [DEBUG] __main__ - [get_openf1] GET https://api.openf1.org/v1/car_data params={'session_key': 9480, 'driver_number': 11, 'date>': '2024-03-09T17:32:16.740000+00:00', 'date<': '2024-03-09T17:33:50.928000+00:00'}
2025-12-15 11:13:06 [DEBUG] __main__ - [compute_lap_features_for_driver] driver=11 lap=17, car_data rows=354
2025-12-15 11:13:06 [INFO] __main__ - [compute_lap_features_for_driver] driver=11 lap=18 KEEP, status=GREEN, duration=93.2s
2025-12-15 11:13:06 [DEBUG] __main__ - [get_openf1] GET https://api.openf1.org/v1/car_data params={'session_key': 9480, 'driver_number': 11, 'date>': '2024-03-09T17:33:50.928000+00:00', 'date<': '2024-03-09T17:35:24.176000+00:00'}
2025-12-15 11:13:06 [DEBUG] __main__ - [compute_lap_features_for_driver] driver=11 lap=18, car_data rows=349
2025-12-15 11:13:06 [INFO] __main__ - [compute_lap_features_for_driver] driver=11 lap=19 KEEP, status=GREEN, duration=93.6s
2025-12-15 11:13:06 [DEBUG] __main__ - [get_openf1] GET https://api.openf1.org/v1/car_data params={'session_key': 9480, 'driver_number': 11, 'date>': '2024-03-09T17:35:24.176000+00:00', 'date<': '2024-03-09T17:36:57.752000+00:00'}
2025-12-15 11:13:07 [DEBUG] __main__ - [compute_lap_features_for_driver] driver=11 lap=19, car_data rows=354
2025-12-15 11:13:07 [INFO] __main__ - [compute_lap_features_for_driver] driver=11 lap=20 KEEP, status=GREEN, duration=93.5s
2025-12-15 11:13:07 [DEBUG] __main__ - [get_openf1] GET https://api.openf1.org/v1/car_data params={'session_key': 9480, 'driver_number': 11, 'date>': '2024-03-09T17:36:57.752000+00:00', 'date<': '2024-03-09T17:38:31.208000+00:00'}
2025-12-15 11:13:08 [DEBUG] __main__ - [compute_lap_features_for_driver] driver=11 lap=20, car_data rows=359
2025-12-15 11:13:08 [INFO] __main__ - [compute_lap_features_for_driver] driver=11 lap=21 KEEP, status=GREEN, duration=93.1s
2025-12-15 11:13:08 [DEBUG] __main__ - [get_openf1] GET https://api.openf1.org/v1/car_data params={'session_key': 9480, 'driver_number': 11, 'date>': '2024-03-09T17:38:31.208000+00:00', 'date<': '2024-03-09T17:40:04.273000+00:00'}
2025-12-15 11:13:08 [DEBUG] __main__ - [compute_lap_features_for_driver] driver=11 lap=21, car_data rows=363
2025-12-15 11:13:08 [INFO] __main__ - [compute_lap_features_for_driver] driver=11 lap=22 KEEP, status=GREEN, duration=93.1s
2025-12-15 11:13:08 [DEBUG] __main__ - [get_openf1] GET https://api.openf1.org/v1/car_data params={'session_key': 9480, 'driver_number': 11, 'date>': '2024-03-09T17:40:04.273000+00:00', 'date<': '2024-03-09T17:41:37.343000+00:00'}
2025-12-15 11:13:09 [DEBUG] __main__ - [compute_lap_features_for_driver] driver=11 lap=22, car_data rows=364
2025-12-15 11:13:09 [INFO] __main__ - [compute_lap_features_for_driver] driver=11 lap=23 KEEP, status=GREEN, duration=92.9s
2025-12-15 11:13:09 [DEBUG] __main__ - [get_openf1] GET https://api.openf1.org/v1/car_data params={'session_key': 9480, 'driver_number': 11, 'date>': '2024-03-09T17:41:37.343000+00:00', 'date<': '2024-03-09T17:43:10.256000+00:00'}
2025-12-15 11:13:10 [DEBUG] __main__ - [compute_lap_features_for_driver] driver=11 lap=23, car_data rows=365
2025-12-15 11:13:10 [INFO] __main__ - [compute_lap_features_for_driver] driver=11 lap=24 KEEP, status=GREEN, duration=92.9s
2025-12-15 11:13:10 [DEBUG] __main__ - [get_openf1] GET https://api.openf1.org/v1/car_data params={'session_key': 9480, 'driver_number': 11, 'date>': '2024-03-09T17:43:10.256000+00:00', 'date<': '2024-03-09T17:44:43.125000+00:00'}
2025-12-15 11:13:10 [DEBUG] __main__ - [compute_lap_features_for_driver] driver=11 lap=24, car_data rows=349
2025-12-15 11:13:10 [INFO] __main__ - [compute_lap_features_for_driver] driver=11 lap=25 KEEP, status=GREEN, duration=93.0s
2025-12-15 11:13:10 [DEBUG] __main__ - [get_openf1] GET https://api.openf1.org/v1/car_data params={'session_key': 9480, 'driver_number': 11, 'date>': '2024-03-09T17:44:43.125000+00:00', 'date<': '2024-03-09T17:46:16.141000+00:00'}
2025-12-15 11:13:11 [DEBUG] __main__ - [compute_lap_features_for_driver] driver=11 lap=25, car_data rows=358
2025-12-15 11:13:11 [INFO] __main__ - [compute_lap_features_for_driver] driver=11 lap=26 KEEP, status=GREEN, duration=92.8s
2025-12-15 11:13:11 [DEBUG] __main__ - [get_openf1] GET https://api.openf1.org/v1/car_data params={'session_key': 9480, 'driver_number': 11, 'date>': '2024-03-09T17:46:16.141000+00:00', 'date<': '2024-03-09T17:47:48.953000+00:00'}
2025-12-15 11:13:11 [DEBUG] __main__ - [compute_lap_features_for_driver] driver=11 lap=26, car_data rows=366
2025-12-15 11:13:11 [INFO] __main__ - [compute_lap_features_for_driver] driver=11 lap=27 KEEP, status=GREEN, duration=92.7s
2025-12-15 11:13:11 [DEBUG] __main__ - [get_openf1] GET https://api.openf1.org/v1/car_data params={'session_key': 9480, 'driver_number': 11, 'date>': '2024-03-09T17:47:48.953000+00:00', 'date<': '2024-03-09T17:49:21.629000+00:00'}
2025-12-15 11:13:12 [DEBUG] __main__ - [compute_lap_features_for_driver] driver=11 lap=27, car_data rows=345
2025-12-15 11:13:12 [INFO] __main__ - [compute_lap_features_for_driver] driver=11 lap=28 KEEP, status=GREEN, duration=93.0s
2025-12-15 11:13:12 [DEBUG] __main__ - [get_openf1] GET https://api.openf1.org/v1/car_data params={'session_key': 9480, 'driver_number': 11, 'date>': '2024-03-09T17:49:21.629000+00:00', 'date<': '2024-03-09T17:50:54.646000+00:00'}
2025-12-15 11:13:13 [DEBUG] __main__ - [compute_lap_features_for_driver] driver=11 lap=28, car_data rows=355
2025-12-15 11:13:13 [INFO] __main__ - [compute_lap_features_for_driver] driver=11 lap=29 KEEP, status=GREEN, duration=92.6s
2025-12-15 11:13:13 [DEBUG] __main__ - [get_openf1] GET https://api.openf1.org/v1/car_data params={'session_key': 9480, 'driver_number': 11, 'date>': '2024-03-09T17:50:54.646000+00:00', 'date<': '2024-03-09T17:52:27.241000+00:00'}
2025-12-15 11:13:13 [DEBUG] __main__ - [compute_lap_features_for_driver] driver=11 lap=29, car_data rows=344
2025-12-15 11:13:13 [INFO] __main__ - [compute_lap_features_for_driver] driver=11 lap=30 KEEP, status=GREEN, duration=92.9s
2025-12-15 11:13:13 [DEBUG] __main__ - [get_openf1] GET https://api.openf1.org/v1/car_data params={'session_key': 9480, 'driver_number': 11, 'date>': '2024-03-09T17:52:27.241000+00:00', 'date<': '2024-03-09T17:54:00.092000+00:00'}
2025-12-15 11:13:14 [DEBUG] __main__ - [compute_lap_features_for_driver] driver=11 lap=30, car_data rows=352
2025-12-15 11:13:14 [INFO] __main__ - [compute_lap_features_for_driver] driver=11 lap=31 KEEP, status=GREEN, duration=92.8s
2025-12-15 11:13:14 [DEBUG] __main__ - [get_openf1] GET https://api.openf1.org/v1/car_data params={'session_key': 9480, 'driver_number': 11, 'date>': '2024-03-09T17:54:00.092000+00:00', 'date<': '2024-03-09T17:55:32.872000+00:00'}
2025-12-15 11:13:14 [DEBUG] __main__ - [compute_lap_features_for_driver] driver=11 lap=31, car_data rows=351
2025-12-15 11:13:14 [INFO] __main__ - [compute_lap_features_for_driver] driver=11 lap=32 KEEP, status=GREEN, duration=92.5s
2025-12-15 11:13:14 [DEBUG] __main__ - [get_openf1] GET https://api.openf1.org/v1/car_data params={'session_key': 9480, 'driver_number': 11, 'date>': '2024-03-09T17:55:32.872000+00:00', 'date<': '2024-03-09T17:57:05.385000+00:00'}
2025-12-15 11:13:15 [DEBUG] __main__ - [compute_lap_features_for_driver] driver=11 lap=32, car_data rows=350
2025-12-15 11:13:15 [INFO] __main__ - [compute_lap_features_for_driver] driver=11 lap=33 KEEP, status=GREEN, duration=92.5s
2025-12-15 11:13:15 [DEBUG] __main__ - [get_openf1] GET https://api.openf1.org/v1/car_data params={'session_key': 9480, 'driver_number': 11, 'date>': '2024-03-09T17:57:05.385000+00:00', 'date<': '2024-03-09T17:58:37.911000+00:00'}
2025-12-15 11:13:16 [DEBUG] __main__ - [compute_lap_features_for_driver] driver=11 lap=33, car_data rows=346
2025-12-15 11:13:16 [INFO] __main__ - [compute_lap_features_for_driver] driver=11 lap=34 KEEP, status=GREEN, duration=92.7s
2025-12-15 11:13:16 [DEBUG] __main__ - [get_openf1] GET https://api.openf1.org/v1/car_data params={'session_key': 9480, 'driver_number': 11, 'date>': '2024-03-09T17:58:37.911000+00:00', 'date<': '2024-03-09T18:00:10.583000+00:00'}
2025-12-15 11:13:16 [DEBUG] __main__ - [compute_lap_features_for_driver] driver=11 lap=34, car_data rows=346
2025-12-15 11:13:16 [INFO] __main__ - [compute_lap_features_for_driver] driver=11 lap=35 KEEP, status=GREEN, duration=92.4s
2025-12-15 11:13:16 [DEBUG] __main__ - [get_openf1] GET https://api.openf1.org/v1/car_data params={'session_key': 9480, 'driver_number': 11, 'date>': '2024-03-09T18:00:10.583000+00:00', 'date<': '2024-03-09T18:01:42.962000+00:00'}
2025-12-15 11:13:17 [DEBUG] __main__ - [compute_lap_features_for_driver] driver=11 lap=35, car_data rows=347
2025-12-15 11:13:17 [INFO] __main__ - [compute_lap_features_for_driver] driver=11 lap=36 KEEP, status=GREEN, duration=92.4s
2025-12-15 11:13:17 [DEBUG] __main__ - [get_openf1] GET https://api.openf1.org/v1/car_data params={'session_key': 9480, 'driver_number': 11, 'date>': '2024-03-09T18:01:42.962000+00:00', 'date<': '2024-03-09T18:03:15.341000+00:00'}
2025-12-15 11:13:18 [DEBUG] __main__ - [compute_lap_features_for_driver] driver=11 lap=36, car_data rows=353
2025-12-15 11:13:18 [INFO] __main__ - [compute_lap_features_for_driver] driver=11 lap=37 KEEP, status=GREEN, duration=92.2s
2025-12-15 11:13:18 [DEBUG] __main__ - [get_openf1] GET https://api.openf1.org/v1/car_data params={'session_key': 9480, 'driver_number': 11, 'date>': '2024-03-09T18:03:15.341000+00:00', 'date<': '2024-03-09T18:04:47.567000+00:00'}
2025-12-15 11:13:19 [DEBUG] __main__ - [compute_lap_features_for_driver] driver=11 lap=37, car_data rows=353
2025-12-15 11:13:19 [INFO] __main__ - [compute_lap_features_for_driver] driver=11 lap=38 KEEP, status=GREEN, duration=92.8s
2025-12-15 11:13:19 [DEBUG] __main__ - [get_openf1] GET https://api.openf1.org/v1/car_data params={'session_key': 9480, 'driver_number': 11, 'date>': '2024-03-09T18:04:47.567000+00:00', 'date<': '2024-03-09T18:06:20.362000+00:00'}
2025-12-15 11:13:20 [DEBUG] __main__ - [compute_lap_features_for_driver] driver=11 lap=38, car_data rows=363
2025-12-15 11:13:20 [INFO] __main__ - [compute_lap_features_for_driver] driver=11 lap=39 KEEP, status=GREEN, duration=92.3s
2025-12-15 11:13:20 [DEBUG] __main__ - [get_openf1] GET https://api.openf1.org/v1/car_data params={'session_key': 9480, 'driver_number': 11, 'date>': '2024-03-09T18:06:20.362000+00:00', 'date<': '2024-03-09T18:07:52.634000+00:00'}
2025-12-15 11:13:20 [DEBUG] __main__ - [compute_lap_features_for_driver] driver=11 lap=39, car_data rows=339
2025-12-15 11:13:20 [INFO] __main__ - [compute_lap_features_for_driver] driver=11 lap=40 KEEP, status=GREEN, duration=92.8s
2025-12-15 11:13:20 [DEBUG] __main__ - [get_openf1] GET https://api.openf1.org/v1/car_data params={'session_key': 9480, 'driver_number': 11, 'date>': '2024-03-09T18:07:52.634000+00:00', 'date<': '2024-03-09T18:09:25.437000+00:00'}
2025-12-15 11:13:21 [DEBUG] __main__ - [compute_lap_features_for_driver] driver=11 lap=40, car_data rows=353
2025-12-15 11:13:21 [INFO] __main__ - [compute_lap_features_for_driver] driver=11 lap=41 KEEP, status=GREEN, duration=92.4s
2025-12-15 11:13:21 [DEBUG] __main__ - [get_openf1] GET https://api.openf1.org/v1/car_data params={'session_key': 9480, 'driver_number': 11, 'date>': '2024-03-09T18:09:25.437000+00:00', 'date<': '2024-03-09T18:10:57.847000+00:00'}
2025-12-15 11:13:22 [DEBUG] __main__ - [compute_lap_features_for_driver] driver=11 lap=41, car_data rows=340
2025-12-15 11:13:22 [INFO] __main__ - [compute_lap_features_for_driver] driver=11 lap=42 KEEP, status=GREEN, duration=92.5s
2025-12-15 11:13:22 [DEBUG] __main__ - [get_openf1] GET https://api.openf1.org/v1/car_data params={'session_key': 9480, 'driver_number': 11, 'date>': '2024-03-09T18:10:57.847000+00:00', 'date<': '2024-03-09T18:12:30.322000+00:00'}
2025-12-15 11:13:22 [DEBUG] __main__ - [compute_lap_features_for_driver] driver=11 lap=42, car_data rows=345
2025-12-15 11:13:22 [INFO] __main__ - [compute_lap_features_for_driver] driver=11 lap=43 KEEP, status=GREEN, duration=92.3s
2025-12-15 11:13:22 [DEBUG] __main__ - [get_openf1] GET https://api.openf1.org/v1/car_data params={'session_key': 9480, 'driver_number': 11, 'date>': '2024-03-09T18:12:30.322000+00:00', 'date<': '2024-03-09T18:14:02.625000+00:00'}
2025-12-15 11:13:23 [DEBUG] __main__ - [compute_lap_features_for_driver] driver=11 lap=43, car_data rows=353
2025-12-15 11:13:23 [INFO] __main__ - [compute_lap_features_for_driver] driver=11 lap=44 KEEP, status=GREEN, duration=92.5s
2025-12-15 11:13:23 [DEBUG] __main__ - [get_openf1] GET https://api.openf1.org/v1/car_data params={'session_key': 9480, 'driver_number': 11, 'date>': '2024-03-09T18:14:02.625000+00:00', 'date<': '2024-03-09T18:15:35.165000+00:00'}
2025-12-15 11:13:24 [DEBUG] __main__ - [compute_lap_features_for_driver] driver=11 lap=44, car_data rows=350
2025-12-15 11:13:24 [INFO] __main__ - [compute_lap_features_for_driver] driver=11 lap=45 KEEP, status=GREEN, duration=92.6s
2025-12-15 11:13:24 [DEBUG] __main__ - [get_openf1] GET https://api.openf1.org/v1/car_data params={'session_key': 9480, 'driver_number': 11, 'date>': '2024-03-09T18:15:35.165000+00:00', 'date<': '2024-03-09T18:17:07.726000+00:00'}
2025-12-15 11:13:26 [DEBUG] __main__ - [compute_lap_features_for_driver] driver=11 lap=45, car_data rows=357
2025-12-15 11:13:26 [INFO] __main__ - [compute_lap_features_for_driver] driver=11 lap=46 KEEP, status=GREEN, duration=92.5s
2025-12-15 11:13:26 [DEBUG] __main__ - [get_openf1] GET https://api.openf1.org/v1/car_data params={'session_key': 9480, 'driver_number': 11, 'date>': '2024-03-09T18:17:07.726000+00:00', 'date<': '2024-03-09T18:18:40.207000+00:00'}
2025-12-15 11:13:28 [DEBUG] __main__ - [compute_lap_features_for_driver] driver=11 lap=46, car_data rows=356
2025-12-15 11:13:28 [INFO] __main__ - [compute_lap_features_for_driver] driver=11 lap=47 KEEP, status=GREEN, duration=92.9s
2025-12-15 11:13:28 [DEBUG] __main__ - [get_openf1] GET https://api.openf1.org/v1/car_data params={'session_key': 9480, 'driver_number': 11, 'date>': '2024-03-09T18:18:40.207000+00:00', 'date<': '2024-03-09T18:20:13.116000+00:00'}
2025-12-15 11:13:28 [DEBUG] __main__ - [compute_lap_features_for_driver] driver=11 lap=47, car_data rows=350
2025-12-15 11:13:28 [INFO] __main__ - [compute_lap_features_for_driver] driver=11 lap=48 KEEP, status=GREEN, duration=92.4s
2025-12-15 11:13:28 [DEBUG] __main__ - [get_openf1] GET https://api.openf1.org/v1/car_data params={'session_key': 9480, 'driver_number': 11, 'date>': '2024-03-09T18:20:13.116000+00:00', 'date<': '2024-03-09T18:21:45.564000+00:00'}
2025-12-15 11:13:29 [DEBUG] __main__ - [compute_lap_features_for_driver] driver=11 lap=48, car_data rows=363
2025-12-15 11:13:29 [INFO] __main__ - [compute_lap_features_for_driver] driver=11 lap=49 KEEP, status=GREEN, duration=93.0s
2025-12-15 11:13:29 [DEBUG] __main__ - [get_openf1] GET https://api.openf1.org/v1/car_data params={'session_key': 9480, 'driver_number': 11, 'date>': '2024-03-09T18:21:45.564000+00:00', 'date<': '2024-03-09T18:23:18.602000+00:00'}
2025-12-15 11:13:29 [DEBUG] __main__ - [compute_lap_features_for_driver] driver=11 lap=49, car_data rows=352
2025-12-15 11:13:29 [INFO] __main__ - [compute_lap_features_for_driver] driver=11 lap=50 DROP (CHEQUERED_FLAG_LAP), status=RED_FLAG;CHEQUERED, duration=nans
2025-12-15 11:13:29 [INFO] __main__ - [compute_lap_features_for_driver] driver=11, feature laps=[2, 3, 4, 5, 6, 10, 11, 12, 13, 14, 15, 16, 17, 18, 19, 20, 21, 22, 23, 24, 25, 26, 27, 28, 29, 30, 31, 32, 33, 34, 35, 36, 37, 38, 39, 40, 41, 42, 43, 44, 45, 46, 47, 48, 49]
2025-12-15 11:13:29 [INFO] __main__ - [build_driver_style_embedding_json] compute features for driver=24
2025-12-15 11:13:29 [DEBUG] __main__ - [get_openf1] GET https://api.openf1.org/v1/laps params={'session_key': 9480, 'driver_number': 24}
2025-12-15 11:13:30 [DEBUG] __main__ - [get_openf1] GET https://api.openf1.org/v1/sessions params={'session_key': 9480}
2025-12-15 11:13:31 [INFO] __main__ - [fetch_session_start] session_key=9480, date_start=2024-03-09 17:00:00+00:00
2025-12-15 11:13:31 [INFO] __main__ - [fetch_race_start_time] use first GREEN as race_start: 2024-03-09 16:20:00+00:00
2025-12-15 11:13:31 [INFO] __main__ - [fetch_laps] fill lap 1 date_start with race_start=2024-03-09 16:20:00+00:00
2025-12-15 11:13:31 [INFO] __main__ - [fetch_laps] driver=24, laps: min=1, max=49, count=49
2025-12-15 11:13:31 [DEBUG] __main__ - [fetch_laps] head:
   meeting_key  session_key  ...  st_speed  lap_duration_s
0         1230         9480  ...       312        2745.375
1         1230         9480  ...       329          98.451
2         1230         9480  ...       322          97.306
3         1230         9480  ...       322          96.377
4         1230         9480  ...       321          96.385

[5 rows x 17 columns]
2025-12-15 11:13:31 [DEBUG] __main__ - [build_lap_status_mapping] status_by_lap={1: 'GREEN', 2: 'GREEN', 3: 'GREEN', 4: 'GREEN', 5: 'GREEN', 6: 'YELLOW', 7: 'SC', 8: 'GREEN', 9: 'SC', 10: 'GREEN', 11: 'GREEN', 12: 'GREEN', 13: 'GREEN', 14: 'GREEN', 15: 'GREEN', 16: 'GREEN', 17: 'GREEN', 18: 'GREEN', 19: 'GREEN', 20: 'GREEN', 21: 'GREEN', 22: 'GREEN', 23: 'GREEN', 24: 'GREEN', 25: 'GREEN', 26: 'GREEN', 27: 'GREEN', 28: 'GREEN', 29: 'GREEN', 30: 'GREEN', 31: 'GREEN', 32: 'GREEN', 33: 'GREEN', 34: 'GREEN', 35: 'GREEN', 36: 'GREEN', 37: 'GREEN', 38: 'GREEN', 39: 'GREEN', 40: 'GREEN', 41: 'GREEN', 42: 'GREEN', 43: 'GREEN', 44: 'GREEN', 45: 'GREEN', 46: 'GREEN', 47: 'GREEN', 48: 'GREEN', 49: 'RED_FLAG;CHEQUERED'}
2025-12-15 11:13:31 [INFO] __main__ - [compute_lap_features_for_driver] driver=24, typical_duration_s=95.065
2025-12-15 11:13:31 [INFO] __main__ - [compute_lap_features_for_driver] driver=24 lap=1 DROP (LONG_LAP_2745.4s), status=GREEN, duration=2745.4s
2025-12-15 11:13:31 [INFO] __main__ - [compute_lap_features_for_driver] driver=24 lap=2 KEEP, status=GREEN, duration=98.5s
2025-12-15 11:13:31 [DEBUG] __main__ - [get_openf1] GET https://api.openf1.org/v1/car_data params={'session_key': 9480, 'driver_number': 24, 'date>': '2024-03-09T17:05:45.375000+00:00', 'date<': '2024-03-09T17:07:23.826000+00:00'}
2025-12-15 11:13:32 [DEBUG] __main__ - [compute_lap_features_for_driver] driver=24 lap=2, car_data rows=384
2025-12-15 11:13:32 [INFO] __main__ - [compute_lap_features_for_driver] driver=24 lap=3 KEEP, status=GREEN, duration=97.3s
2025-12-15 11:13:32 [DEBUG] __main__ - [get_openf1] GET https://api.openf1.org/v1/car_data params={'session_key': 9480, 'driver_number': 24, 'date>': '2024-03-09T17:07:23.826000+00:00', 'date<': '2024-03-09T17:09:01.132000+00:00'}
2025-12-15 11:13:33 [DEBUG] __main__ - [compute_lap_features_for_driver] driver=24 lap=3, car_data rows=373
2025-12-15 11:13:33 [INFO] __main__ - [compute_lap_features_for_driver] driver=24 lap=4 KEEP, status=GREEN, duration=96.4s
2025-12-15 11:13:33 [DEBUG] __main__ - [get_openf1] GET https://api.openf1.org/v1/car_data params={'session_key': 9480, 'driver_number': 24, 'date>': '2024-03-09T17:09:01.132000+00:00', 'date<': '2024-03-09T17:10:37.509000+00:00'}
2025-12-15 11:13:34 [DEBUG] __main__ - [compute_lap_features_for_driver] driver=24 lap=4, car_data rows=371
2025-12-15 11:13:34 [INFO] __main__ - [compute_lap_features_for_driver] driver=24 lap=5 KEEP, status=GREEN, duration=96.4s
2025-12-15 11:13:34 [DEBUG] __main__ - [get_openf1] GET https://api.openf1.org/v1/car_data params={'session_key': 9480, 'driver_number': 24, 'date>': '2024-03-09T17:10:37.509000+00:00', 'date<': '2024-03-09T17:12:13.894000+00:00'}
2025-12-15 11:13:35 [DEBUG] __main__ - [compute_lap_features_for_driver] driver=24 lap=5, car_data rows=365
2025-12-15 11:13:35 [INFO] __main__ - [compute_lap_features_for_driver] driver=24 lap=6 DROP (YELLOW_FLAG_LAP), status=YELLOW, duration=96.9s
2025-12-15 11:13:35 [INFO] __main__ - [compute_lap_features_for_driver] driver=24 lap=7 DROP (SC_LAP), status=SC, duration=132.9s
2025-12-15 11:13:35 [INFO] __main__ - [compute_lap_features_for_driver] driver=24 lap=8 DROP (LONG_LAP_166.6s), status=GREEN, duration=166.6s
2025-12-15 11:13:35 [INFO] __main__ - [compute_lap_features_for_driver] driver=24 lap=9 DROP (SC_LAP), status=SC, duration=149.5s
2025-12-15 11:13:35 [INFO] __main__ - [compute_lap_features_for_driver] driver=24 lap=10 KEEP, status=GREEN, duration=98.4s
2025-12-15 11:13:35 [DEBUG] __main__ - [get_openf1] GET https://api.openf1.org/v1/car_data params={'session_key': 9480, 'driver_number': 24, 'date>': '2024-03-09T17:21:19.721000+00:00', 'date<': '2024-03-09T17:22:58.111000+00:00'}
2025-12-15 11:13:36 [DEBUG] __main__ - [compute_lap_features_for_driver] driver=24 lap=10, car_data rows=365
2025-12-15 11:13:36 [INFO] __main__ - [compute_lap_features_for_driver] driver=24 lap=11 KEEP, status=GREEN, duration=95.7s
2025-12-15 11:13:36 [DEBUG] __main__ - [get_openf1] GET https://api.openf1.org/v1/car_data params={'session_key': 9480, 'driver_number': 24, 'date>': '2024-03-09T17:22:58.111000+00:00', 'date<': '2024-03-09T17:24:33.781000+00:00'}
2025-12-15 11:13:36 [DEBUG] __main__ - [compute_lap_features_for_driver] driver=24 lap=11, car_data rows=369
2025-12-15 11:13:36 [INFO] __main__ - [compute_lap_features_for_driver] driver=24 lap=12 KEEP, status=GREEN, duration=95.0s
2025-12-15 11:13:36 [DEBUG] __main__ - [get_openf1] GET https://api.openf1.org/v1/car_data params={'session_key': 9480, 'driver_number': 24, 'date>': '2024-03-09T17:24:33.781000+00:00', 'date<': '2024-03-09T17:26:08.773000+00:00'}
2025-12-15 11:13:37 [DEBUG] __main__ - [compute_lap_features_for_driver] driver=24 lap=12, car_data rows=359
2025-12-15 11:13:37 [INFO] __main__ - [compute_lap_features_for_driver] driver=24 lap=13 KEEP, status=GREEN, duration=95.3s
2025-12-15 11:13:37 [DEBUG] __main__ - [get_openf1] GET https://api.openf1.org/v1/car_data params={'session_key': 9480, 'driver_number': 24, 'date>': '2024-03-09T17:26:08.773000+00:00', 'date<': '2024-03-09T17:27:44.095000+00:00'}
2025-12-15 11:13:38 [DEBUG] __main__ - [compute_lap_features_for_driver] driver=24 lap=13, car_data rows=362
2025-12-15 11:13:38 [INFO] __main__ - [compute_lap_features_for_driver] driver=24 lap=14 KEEP, status=GREEN, duration=96.7s
2025-12-15 11:13:38 [DEBUG] __main__ - [get_openf1] GET https://api.openf1.org/v1/car_data params={'session_key': 9480, 'driver_number': 24, 'date>': '2024-03-09T17:27:44.095000+00:00', 'date<': '2024-03-09T17:29:20.800000+00:00'}
2025-12-15 11:13:38 [DEBUG] __main__ - [compute_lap_features_for_driver] driver=24 lap=14, car_data rows=374
2025-12-15 11:13:38 [INFO] __main__ - [compute_lap_features_for_driver] driver=24 lap=15 KEEP, status=GREEN, duration=96.1s
2025-12-15 11:13:38 [DEBUG] __main__ - [get_openf1] GET https://api.openf1.org/v1/car_data params={'session_key': 9480, 'driver_number': 24, 'date>': '2024-03-09T17:29:20.800000+00:00', 'date<': '2024-03-09T17:30:56.871000+00:00'}
2025-12-15 11:13:39 [DEBUG] __main__ - [compute_lap_features_for_driver] driver=24 lap=15, car_data rows=362
2025-12-15 11:13:39 [INFO] __main__ - [compute_lap_features_for_driver] driver=24 lap=16 KEEP, status=GREEN, duration=96.0s
2025-12-15 11:13:39 [DEBUG] __main__ - [get_openf1] GET https://api.openf1.org/v1/car_data params={'session_key': 9480, 'driver_number': 24, 'date>': '2024-03-09T17:30:56.871000+00:00', 'date<': '2024-03-09T17:32:32.892000+00:00'}
2025-12-15 11:13:40 [DEBUG] __main__ - [compute_lap_features_for_driver] driver=24 lap=16, car_data rows=369
2025-12-15 11:13:40 [INFO] __main__ - [compute_lap_features_for_driver] driver=24 lap=17 KEEP, status=GREEN, duration=95.9s
2025-12-15 11:13:40 [DEBUG] __main__ - [get_openf1] GET https://api.openf1.org/v1/car_data params={'session_key': 9480, 'driver_number': 24, 'date>': '2024-03-09T17:32:32.892000+00:00', 'date<': '2024-03-09T17:34:08.832000+00:00'}
2025-12-15 11:13:41 [DEBUG] __main__ - [compute_lap_features_for_driver] driver=24 lap=17, car_data rows=364
2025-12-15 11:13:41 [INFO] __main__ - [compute_lap_features_for_driver] driver=24 lap=18 KEEP, status=GREEN, duration=95.3s
2025-12-15 11:13:41 [DEBUG] __main__ - [get_openf1] GET https://api.openf1.org/v1/car_data params={'session_key': 9480, 'driver_number': 24, 'date>': '2024-03-09T17:34:08.832000+00:00', 'date<': '2024-03-09T17:35:44.165000+00:00'}
2025-12-15 11:13:41 [DEBUG] __main__ - [compute_lap_features_for_driver] driver=24 lap=18, car_data rows=353
2025-12-15 11:13:41 [INFO] __main__ - [compute_lap_features_for_driver] driver=24 lap=19 KEEP, status=GREEN, duration=95.5s
2025-12-15 11:13:41 [DEBUG] __main__ - [get_openf1] GET https://api.openf1.org/v1/car_data params={'session_key': 9480, 'driver_number': 24, 'date>': '2024-03-09T17:35:44.165000+00:00', 'date<': '2024-03-09T17:37:19.625000+00:00'}
2025-12-15 11:13:42 [DEBUG] __main__ - [compute_lap_features_for_driver] driver=24 lap=19, car_data rows=372
2025-12-15 11:13:42 [INFO] __main__ - [compute_lap_features_for_driver] driver=24 lap=20 KEEP, status=GREEN, duration=95.2s
2025-12-15 11:13:42 [DEBUG] __main__ - [get_openf1] GET https://api.openf1.org/v1/car_data params={'session_key': 9480, 'driver_number': 24, 'date>': '2024-03-09T17:37:19.625000+00:00', 'date<': '2024-03-09T17:38:54.778000+00:00'}
2025-12-15 11:13:42 [DEBUG] __main__ - [compute_lap_features_for_driver] driver=24 lap=20, car_data rows=364
2025-12-15 11:13:42 [INFO] __main__ - [compute_lap_features_for_driver] driver=24 lap=21 KEEP, status=GREEN, duration=95.4s
2025-12-15 11:13:42 [DEBUG] __main__ - [get_openf1] GET https://api.openf1.org/v1/car_data params={'session_key': 9480, 'driver_number': 24, 'date>': '2024-03-09T17:38:54.778000+00:00', 'date<': '2024-03-09T17:40:30.177000+00:00'}
2025-12-15 11:13:43 [DEBUG] __main__ - [compute_lap_features_for_driver] driver=24 lap=21, car_data rows=365
2025-12-15 11:13:43 [INFO] __main__ - [compute_lap_features_for_driver] driver=24 lap=22 KEEP, status=GREEN, duration=95.1s
2025-12-15 11:13:43 [DEBUG] __main__ - [get_openf1] GET https://api.openf1.org/v1/car_data params={'session_key': 9480, 'driver_number': 24, 'date>': '2024-03-09T17:40:30.177000+00:00', 'date<': '2024-03-09T17:42:05.290000+00:00'}
2025-12-15 11:13:44 [DEBUG] __main__ - [compute_lap_features_for_driver] driver=24 lap=22, car_data rows=376
2025-12-15 11:13:44 [INFO] __main__ - [compute_lap_features_for_driver] driver=24 lap=23 KEEP, status=GREEN, duration=95.3s
2025-12-15 11:13:44 [DEBUG] __main__ - [get_openf1] GET https://api.openf1.org/v1/car_data params={'session_key': 9480, 'driver_number': 24, 'date>': '2024-03-09T17:42:05.290000+00:00', 'date<': '2024-03-09T17:43:40.623000+00:00'}
2025-12-15 11:13:44 [DEBUG] __main__ - [compute_lap_features_for_driver] driver=24 lap=23, car_data rows=369
2025-12-15 11:13:44 [INFO] __main__ - [compute_lap_features_for_driver] driver=24 lap=24 KEEP, status=GREEN, duration=95.0s
2025-12-15 11:13:44 [DEBUG] __main__ - [get_openf1] GET https://api.openf1.org/v1/car_data params={'session_key': 9480, 'driver_number': 24, 'date>': '2024-03-09T17:43:40.623000+00:00', 'date<': '2024-03-09T17:45:15.642000+00:00'}
2025-12-15 11:13:45 [DEBUG] __main__ - [compute_lap_features_for_driver] driver=24 lap=24, car_data rows=354
2025-12-15 11:13:45 [INFO] __main__ - [compute_lap_features_for_driver] driver=24 lap=25 KEEP, status=GREEN, duration=95.2s
2025-12-15 11:13:45 [DEBUG] __main__ - [get_openf1] GET https://api.openf1.org/v1/car_data params={'session_key': 9480, 'driver_number': 24, 'date>': '2024-03-09T17:45:15.642000+00:00', 'date<': '2024-03-09T17:46:50.854000+00:00'}
2025-12-15 11:13:46 [DEBUG] __main__ - [compute_lap_features_for_driver] driver=24 lap=25, car_data rows=374
2025-12-15 11:13:46 [INFO] __main__ - [compute_lap_features_for_driver] driver=24 lap=26 KEEP, status=GREEN, duration=95.0s
2025-12-15 11:13:46 [DEBUG] __main__ - [get_openf1] GET https://api.openf1.org/v1/car_data params={'session_key': 9480, 'driver_number': 24, 'date>': '2024-03-09T17:46:50.854000+00:00', 'date<': '2024-03-09T17:48:25.841000+00:00'}
2025-12-15 11:13:46 [DEBUG] __main__ - [compute_lap_features_for_driver] driver=24 lap=26, car_data rows=371
2025-12-15 11:13:46 [INFO] __main__ - [compute_lap_features_for_driver] driver=24 lap=27 KEEP, status=GREEN, duration=95.0s
2025-12-15 11:13:46 [DEBUG] __main__ - [get_openf1] GET https://api.openf1.org/v1/car_data params={'session_key': 9480, 'driver_number': 24, 'date>': '2024-03-09T17:48:25.841000+00:00', 'date<': '2024-03-09T17:50:00.854000+00:00'}
2025-12-15 11:13:47 [DEBUG] __main__ - [compute_lap_features_for_driver] driver=24 lap=27, car_data rows=352
2025-12-15 11:13:47 [INFO] __main__ - [compute_lap_features_for_driver] driver=24 lap=28 KEEP, status=GREEN, duration=94.9s
2025-12-15 11:13:47 [DEBUG] __main__ - [get_openf1] GET https://api.openf1.org/v1/car_data params={'session_key': 9480, 'driver_number': 24, 'date>': '2024-03-09T17:50:00.854000+00:00', 'date<': '2024-03-09T17:51:35.776000+00:00'}
2025-12-15 11:13:48 [DEBUG] __main__ - [compute_lap_features_for_driver] driver=24 lap=28, car_data rows=357
2025-12-15 11:13:48 [INFO] __main__ - [compute_lap_features_for_driver] driver=24 lap=29 KEEP, status=GREEN, duration=95.1s
2025-12-15 11:13:48 [DEBUG] __main__ - [get_openf1] GET https://api.openf1.org/v1/car_data params={'session_key': 9480, 'driver_number': 24, 'date>': '2024-03-09T17:51:35.776000+00:00', 'date<': '2024-03-09T17:53:10.841000+00:00'}
2025-12-15 11:13:48 [DEBUG] __main__ - [compute_lap_features_for_driver] driver=24 lap=29, car_data rows=360
2025-12-15 11:13:48 [INFO] __main__ - [compute_lap_features_for_driver] driver=24 lap=30 KEEP, status=GREEN, duration=94.7s
2025-12-15 11:13:48 [DEBUG] __main__ - [get_openf1] GET https://api.openf1.org/v1/car_data params={'session_key': 9480, 'driver_number': 24, 'date>': '2024-03-09T17:53:10.841000+00:00', 'date<': '2024-03-09T17:54:45.575000+00:00'}
2025-12-15 11:13:49 [DEBUG] __main__ - [compute_lap_features_for_driver] driver=24 lap=30, car_data rows=355
2025-12-15 11:13:49 [INFO] __main__ - [compute_lap_features_for_driver] driver=24 lap=31 KEEP, status=GREEN, duration=94.9s
2025-12-15 11:13:49 [DEBUG] __main__ - [get_openf1] GET https://api.openf1.org/v1/car_data params={'session_key': 9480, 'driver_number': 24, 'date>': '2024-03-09T17:54:45.575000+00:00', 'date<': '2024-03-09T17:56:20.471000+00:00'}
2025-12-15 11:13:49 [DEBUG] __main__ - [compute_lap_features_for_driver] driver=24 lap=31, car_data rows=364
2025-12-15 11:13:49 [INFO] __main__ - [compute_lap_features_for_driver] driver=24 lap=32 KEEP, status=GREEN, duration=94.7s
2025-12-15 11:13:49 [DEBUG] __main__ - [get_openf1] GET https://api.openf1.org/v1/car_data params={'session_key': 9480, 'driver_number': 24, 'date>': '2024-03-09T17:56:20.471000+00:00', 'date<': '2024-03-09T17:57:55.131000+00:00'}
2025-12-15 11:13:50 [DEBUG] __main__ - [compute_lap_features_for_driver] driver=24 lap=32, car_data rows=352
2025-12-15 11:13:50 [INFO] __main__ - [compute_lap_features_for_driver] driver=24 lap=33 KEEP, status=GREEN, duration=94.7s
2025-12-15 11:13:50 [DEBUG] __main__ - [get_openf1] GET https://api.openf1.org/v1/car_data params={'session_key': 9480, 'driver_number': 24, 'date>': '2024-03-09T17:57:55.131000+00:00', 'date<': '2024-03-09T17:59:29.847000+00:00'}
2025-12-15 11:13:50 [DEBUG] __main__ - [compute_lap_features_for_driver] driver=24 lap=33, car_data rows=354
2025-12-15 11:13:50 [INFO] __main__ - [compute_lap_features_for_driver] driver=24 lap=34 KEEP, status=GREEN, duration=94.6s
2025-12-15 11:13:50 [DEBUG] __main__ - [get_openf1] GET https://api.openf1.org/v1/car_data params={'session_key': 9480, 'driver_number': 24, 'date>': '2024-03-09T17:59:29.847000+00:00', 'date<': '2024-03-09T18:01:04.433000+00:00'}
2025-12-15 11:13:51 [DEBUG] __main__ - [compute_lap_features_for_driver] driver=24 lap=34, car_data rows=359
2025-12-15 11:13:51 [INFO] __main__ - [compute_lap_features_for_driver] driver=24 lap=35 KEEP, status=GREEN, duration=94.4s
2025-12-15 11:13:51 [DEBUG] __main__ - [get_openf1] GET https://api.openf1.org/v1/car_data params={'session_key': 9480, 'driver_number': 24, 'date>': '2024-03-09T18:01:04.433000+00:00', 'date<': '2024-03-09T18:02:38.809000+00:00'}
2025-12-15 11:13:52 [DEBUG] __main__ - [compute_lap_features_for_driver] driver=24 lap=35, car_data rows=357
2025-12-15 11:13:52 [INFO] __main__ - [compute_lap_features_for_driver] driver=24 lap=36 KEEP, status=GREEN, duration=94.3s
2025-12-15 11:13:52 [DEBUG] __main__ - [get_openf1] GET https://api.openf1.org/v1/car_data params={'session_key': 9480, 'driver_number': 24, 'date>': '2024-03-09T18:02:38.809000+00:00', 'date<': '2024-03-09T18:04:13.109000+00:00'}
2025-12-15 11:13:52 [DEBUG] __main__ - [compute_lap_features_for_driver] driver=24 lap=36, car_data rows=359
2025-12-15 11:13:52 [INFO] __main__ - [compute_lap_features_for_driver] driver=24 lap=37 KEEP, status=GREEN, duration=94.2s
2025-12-15 11:13:52 [DEBUG] __main__ - [get_openf1] GET https://api.openf1.org/v1/car_data params={'session_key': 9480, 'driver_number': 24, 'date>': '2024-03-09T18:04:13.109000+00:00', 'date<': '2024-03-09T18:05:47.284000+00:00'}
2025-12-15 11:13:53 [DEBUG] __main__ - [compute_lap_features_for_driver] driver=24 lap=37, car_data rows=363
2025-12-15 11:13:53 [INFO] __main__ - [compute_lap_features_for_driver] driver=24 lap=38 KEEP, status=GREEN, duration=93.9s
2025-12-15 11:13:53 [DEBUG] __main__ - [get_openf1] GET https://api.openf1.org/v1/car_data params={'session_key': 9480, 'driver_number': 24, 'date>': '2024-03-09T18:05:47.284000+00:00', 'date<': '2024-03-09T18:07:21.141000+00:00'}
2025-12-15 11:13:54 [DEBUG] __main__ - [compute_lap_features_for_driver] driver=24 lap=38, car_data rows=356
2025-12-15 11:13:54 [INFO] __main__ - [compute_lap_features_for_driver] driver=24 lap=39 KEEP, status=GREEN, duration=94.0s
2025-12-15 11:13:54 [DEBUG] __main__ - [get_openf1] GET https://api.openf1.org/v1/car_data params={'session_key': 9480, 'driver_number': 24, 'date>': '2024-03-09T18:07:21.141000+00:00', 'date<': '2024-03-09T18:08:55.091000+00:00'}
2025-12-15 11:13:54 [DEBUG] __main__ - [compute_lap_features_for_driver] driver=24 lap=39, car_data rows=349
2025-12-15 11:13:54 [INFO] __main__ - [compute_lap_features_for_driver] driver=24 lap=40 KEEP, status=GREEN, duration=93.7s
2025-12-15 11:13:54 [DEBUG] __main__ - [get_openf1] GET https://api.openf1.org/v1/car_data params={'session_key': 9480, 'driver_number': 24, 'date>': '2024-03-09T18:08:55.091000+00:00', 'date<': '2024-03-09T18:10:28.785000+00:00'}
2025-12-15 11:13:55 [DEBUG] __main__ - [compute_lap_features_for_driver] driver=24 lap=40, car_data rows=353
2025-12-15 11:13:55 [INFO] __main__ - [compute_lap_features_for_driver] driver=24 lap=41 KEEP, status=GREEN, duration=96.4s
2025-12-15 11:13:55 [DEBUG] __main__ - [get_openf1] GET https://api.openf1.org/v1/car_data params={'session_key': 9480, 'driver_number': 24, 'date>': '2024-03-09T18:10:28.785000+00:00', 'date<': '2024-03-09T18:12:05.167000+00:00'}
2025-12-15 11:13:55 [DEBUG] __main__ - [compute_lap_features_for_driver] driver=24 lap=41, car_data rows=357
2025-12-15 11:13:55 [INFO] __main__ - [compute_lap_features_for_driver] driver=24 lap=42 KEEP, status=GREEN, duration=137.5s
2025-12-15 11:13:55 [DEBUG] __main__ - [get_openf1] GET https://api.openf1.org/v1/car_data params={'session_key': 9480, 'driver_number': 24, 'date>': '2024-03-09T18:12:05.167000+00:00', 'date<': '2024-03-09T18:14:22.626000+00:00'}
2025-12-15 11:13:56 [DEBUG] __main__ - [compute_lap_features_for_driver] driver=24 lap=42, car_data rows=527
2025-12-15 11:13:56 [INFO] __main__ - [compute_lap_features_for_driver] driver=24 lap=43 KEEP, status=GREEN, duration=93.0s
2025-12-15 11:13:56 [DEBUG] __main__ - [get_openf1] GET https://api.openf1.org/v1/car_data params={'session_key': 9480, 'driver_number': 24, 'date>': '2024-03-09T18:14:22.626000+00:00', 'date<': '2024-03-09T18:15:55.589000+00:00'}
2025-12-15 11:13:57 [DEBUG] __main__ - [compute_lap_features_for_driver] driver=24 lap=43, car_data rows=347
2025-12-15 11:13:57 [INFO] __main__ - [compute_lap_features_for_driver] driver=24 lap=44 KEEP, status=GREEN, duration=92.9s
2025-12-15 11:13:57 [DEBUG] __main__ - [get_openf1] GET https://api.openf1.org/v1/car_data params={'session_key': 9480, 'driver_number': 24, 'date>': '2024-03-09T18:15:55.589000+00:00', 'date<': '2024-03-09T18:17:28.469000+00:00'}
2025-12-15 11:13:57 [DEBUG] __main__ - [compute_lap_features_for_driver] driver=24 lap=44, car_data rows=360
2025-12-15 11:13:57 [INFO] __main__ - [compute_lap_features_for_driver] driver=24 lap=45 KEEP, status=GREEN, duration=92.8s
2025-12-15 11:13:57 [DEBUG] __main__ - [get_openf1] GET https://api.openf1.org/v1/car_data params={'session_key': 9480, 'driver_number': 24, 'date>': '2024-03-09T18:17:28.469000+00:00', 'date<': '2024-03-09T18:19:01.266000+00:00'}
2025-12-15 11:13:58 [DEBUG] __main__ - [compute_lap_features_for_driver] driver=24 lap=45, car_data rows=356
2025-12-15 11:13:58 [INFO] __main__ - [compute_lap_features_for_driver] driver=24 lap=46 KEEP, status=GREEN, duration=92.9s
2025-12-15 11:13:58 [DEBUG] __main__ - [get_openf1] GET https://api.openf1.org/v1/car_data params={'session_key': 9480, 'driver_number': 24, 'date>': '2024-03-09T18:19:01.266000+00:00', 'date<': '2024-03-09T18:20:34.144000+00:00'}
2025-12-15 11:13:58 [DEBUG] __main__ - [compute_lap_features_for_driver] driver=24 lap=46, car_data rows=351
2025-12-15 11:13:58 [INFO] __main__ - [compute_lap_features_for_driver] driver=24 lap=47 KEEP, status=GREEN, duration=93.2s
2025-12-15 11:13:58 [DEBUG] __main__ - [get_openf1] GET https://api.openf1.org/v1/car_data params={'session_key': 9480, 'driver_number': 24, 'date>': '2024-03-09T18:20:34.144000+00:00', 'date<': '2024-03-09T18:22:07.394000+00:00'}
2025-12-15 11:13:59 [DEBUG] __main__ - [compute_lap_features_for_driver] driver=24 lap=47, car_data rows=364
2025-12-15 11:13:59 [INFO] __main__ - [compute_lap_features_for_driver] driver=24 lap=48 KEEP, status=GREEN, duration=92.7s
2025-12-15 11:13:59 [DEBUG] __main__ - [get_openf1] GET https://api.openf1.org/v1/car_data params={'session_key': 9480, 'driver_number': 24, 'date>': '2024-03-09T18:22:07.394000+00:00', 'date<': '2024-03-09T18:23:40.088000+00:00'}
2025-12-15 11:14:00 [DEBUG] __main__ - [compute_lap_features_for_driver] driver=24 lap=48, car_data rows=355
2025-12-15 11:14:00 [INFO] __main__ - [compute_lap_features_for_driver] driver=24 lap=49 DROP (CHEQUERED_FLAG_LAP), status=RED_FLAG;CHEQUERED, duration=nans
2025-12-15 11:14:00 [INFO] __main__ - [compute_lap_features_for_driver] driver=24, feature laps=[2, 3, 4, 5, 10, 11, 12, 13, 14, 15, 16, 17, 18, 19, 20, 21, 22, 23, 24, 25, 26, 27, 28, 29, 30, 31, 32, 33, 34, 35, 36, 37, 38, 39, 40, 41, 42, 43, 44, 45, 46, 47, 48]
2025-12-15 11:14:00 [INFO] __main__ - [build_driver_style_embedding_json] all feature laps (combined)=[2, 3, 4, 5, 6, 10, 11, 12, 13, 14, 15, 16, 17, 18, 19, 20, 21, 22, 23, 24, 25, 26, 27, 28, 29, 30, 31, 32, 33, 34, 35, 36, 37, 38, 39, 40, 41, 42, 43, 44, 45, 46, 47, 48, 49]
2025-12-15 11:14:00 [INFO] __main__ - [embed_lap_features] focus_laps = [9, 26, 50]
2025-12-15 11:14:00 [INFO] __main__ - Saved ./driver_style_embedding_2024jeddah.json
