2025-12-15 11:45:32 [INFO] __main__ - ===== Driver Style Map logging started for race_id=2024marinabay =====
2025-12-15 11:45:32 [INFO] __main__ - log file: log/driver_style_2024marinabay.log
2025-12-15 11:45:32 [INFO] __main__ - === Start processing 2024marinabay ===
2025-12-15 11:45:32 [DEBUG] __main__ - [get_openf1] GET https://api.openf1.org/v1/meetings params={'year': 2024}
2025-12-15 11:45:33 [DEBUG] __main__ - [get_openf1] GET https://api.openf1.org/v1/sessions params={'meeting_key': 1246}
2025-12-15 11:45:33 [INFO] __main__ - [find_race_session] year=2024 slug=marinabay -> session_key=9606, meeting_name=Singapore Grand Prix
2025-12-15 11:45:33 [INFO] __main__ - [main] race_id=2024marinabay -> session_key=9606, meeting_name=Singapore Grand Prix
2025-12-15 11:45:33 [DEBUG] __main__ - [get_openf1] GET https://api.openf1.org/v1/session_result params={'session_key': 9606}
2025-12-15 11:45:33 [DEBUG] __main__ - [get_openf1] GET https://api.openf1.org/v1/drivers params={'session_key': 9606}
2025-12-15 11:45:34 [INFO] __main__ - [select_race_drivers] session_key=9606 winner=4 teammate=81 last_finisher=20
2025-12-15 11:45:34 [INFO] __main__ - [build_driver_style_embedding_json] start session_key=9606, drivers=[4, 81, 20]
2025-12-15 11:45:34 [DEBUG] __main__ - [get_openf1] GET https://api.openf1.org/v1/race_control params={'session_key': 9606}
2025-12-15 11:45:34 [DEBUG] __main__ - [get_openf1] GET https://api.openf1.org/v1/sessions params={'session_key': 9606}
2025-12-15 11:45:35 [INFO] __main__ - [fetch_session_start] session_key=9606, date_start=2024-09-22 12:00:00+00:00
2025-12-15 11:45:35 [INFO] __main__ - [fetch_race_start_time] use first GREEN as race_start: 2024-09-22 11:20:00+00:00
2025-12-15 11:45:35 [DEBUG] __main__ - [get_openf1] GET https://api.openf1.org/v1/laps params={'session_key': 9606, 'driver_number': 4}
2025-12-15 11:45:36 [INFO] __main__ - [fetch_laps] fill lap 1 date_start with race_start=2024-09-22 11:20:00+00:00
2025-12-15 11:45:36 [INFO] __main__ - [fetch_laps] driver=4, laps: min=1, max=62, count=62
2025-12-15 11:45:36 [DEBUG] __main__ - [fetch_laps] head:
   meeting_key  session_key  ...  st_speed  lap_duration_s
0         1246         9606  ...     186.0        2737.990
1         1246         9606  ...     276.0          98.295
2         1246         9606  ...     270.0          98.567
3         1246         9606  ...     272.0          98.528
4         1246         9606  ...     278.0          97.847

[5 rows x 17 columns]
2025-12-15 11:45:36 [INFO] __main__ - [build_driver_style_embedding_json] ref_driver=4, min_lap=1, max_lap=62
2025-12-15 11:45:36 [INFO] __main__ - [build_driver_style_embedding_json] phase_split plan =
2025-12-15 11:45:36 [INFO] __main__ -   opening: [1, 2, 3, 4, 5, 6, 7, 8, 9, 10, 11, 12, 13, 14, 15, 16, 17, 18, 19, 20, 21]
2025-12-15 11:45:36 [INFO] __main__ -   middle : [22, 23, 24, 25, 26, 27, 28, 29, 30, 31, 32, 33, 34, 35, 36, 37, 38, 39, 40, 41, 42]
2025-12-15 11:45:36 [INFO] __main__ -   ending : [43, 44, 45, 46, 47, 48, 49, 50, 51, 52, 53, 54, 55, 56, 57, 58, 59, 60, 61, 62]
2025-12-15 11:45:36 [INFO] __main__ - [build_driver_style_embedding_json] compute features for driver=4
2025-12-15 11:45:36 [DEBUG] __main__ - [get_openf1] GET https://api.openf1.org/v1/laps params={'session_key': 9606, 'driver_number': 4}
2025-12-15 11:45:37 [DEBUG] __main__ - [get_openf1] GET https://api.openf1.org/v1/sessions params={'session_key': 9606}
2025-12-15 11:45:37 [INFO] __main__ - [fetch_session_start] session_key=9606, date_start=2024-09-22 12:00:00+00:00
2025-12-15 11:45:37 [INFO] __main__ - [fetch_race_start_time] use first GREEN as race_start: 2024-09-22 11:20:00+00:00
2025-12-15 11:45:37 [INFO] __main__ - [fetch_laps] fill lap 1 date_start with race_start=2024-09-22 11:20:00+00:00
2025-12-15 11:45:37 [INFO] __main__ - [fetch_laps] driver=4, laps: min=1, max=62, count=62
2025-12-15 11:45:37 [DEBUG] __main__ - [fetch_laps] head:
   meeting_key  session_key  ...  st_speed  lap_duration_s
0         1246         9606  ...     186.0        2737.990
1         1246         9606  ...     276.0          98.295
2         1246         9606  ...     270.0          98.567
3         1246         9606  ...     272.0          98.528
4         1246         9606  ...     278.0          97.847

[5 rows x 17 columns]
2025-12-15 11:45:37 [DEBUG] __main__ - [build_lap_status_mapping] status_by_lap={1: 'GREEN', 2: 'GREEN', 3: 'GREEN', 4: 'GREEN', 5: 'GREEN', 6: 'GREEN', 7: 'GREEN', 8: 'GREEN', 9: 'GREEN', 10: 'GREEN', 11: 'GREEN', 12: 'GREEN', 13: 'GREEN', 14: 'GREEN', 15: 'GREEN', 16: 'GREEN', 17: 'GREEN', 18: 'GREEN', 19: 'GREEN', 20: 'GREEN', 21: 'GREEN', 22: 'GREEN', 23: 'GREEN', 24: 'GREEN', 25: 'GREEN', 26: 'GREEN', 27: 'GREEN', 28: 'GREEN', 29: 'GREEN', 30: 'GREEN', 31: 'GREEN', 32: 'GREEN', 33: 'GREEN', 34: 'GREEN', 35: 'GREEN', 36: 'GREEN', 37: 'GREEN', 38: 'GREEN', 39: 'GREEN', 40: 'GREEN', 41: 'GREEN', 42: 'GREEN', 43: 'GREEN', 44: 'GREEN', 45: 'GREEN', 46: 'GREEN', 47: 'GREEN', 48: 'GREEN', 49: 'GREEN', 50: 'GREEN', 51: 'GREEN', 52: 'GREEN', 53: 'GREEN', 54: 'GREEN', 55: 'GREEN', 56: 'GREEN', 57: 'GREEN', 58: 'GREEN', 59: 'GREEN', 60: 'GREEN', 61: 'GREEN', 62: 'RED_FLAG;CHEQUERED'}
2025-12-15 11:45:37 [INFO] __main__ - [compute_lap_features_for_driver] driver=4, typical_duration_s=96.84100000000001
2025-12-15 11:45:37 [INFO] __main__ - [compute_lap_features_for_driver] driver=4 lap=1 DROP (LONG_LAP_2738.0s), status=GREEN, duration=2738.0s
2025-12-15 11:45:37 [INFO] __main__ - [compute_lap_features_for_driver] driver=4 lap=2 KEEP, status=GREEN, duration=98.3s
2025-12-15 11:45:37 [DEBUG] __main__ - [get_openf1] GET https://api.openf1.org/v1/car_data params={'session_key': 9606, 'driver_number': 4, 'date>': '2024-09-22T12:05:37.990000+00:00', 'date<': '2024-09-22T12:07:16.285000+00:00'}
2025-12-15 11:45:38 [DEBUG] __main__ - [compute_lap_features_for_driver] driver=4 lap=2, car_data rows=370
2025-12-15 11:45:38 [INFO] __main__ - [compute_lap_features_for_driver] driver=4 lap=3 KEEP, status=GREEN, duration=98.6s
2025-12-15 11:45:38 [DEBUG] __main__ - [get_openf1] GET https://api.openf1.org/v1/car_data params={'session_key': 9606, 'driver_number': 4, 'date>': '2024-09-22T12:07:16.285000+00:00', 'date<': '2024-09-22T12:08:54.852000+00:00'}
2025-12-15 11:45:39 [DEBUG] __main__ - [compute_lap_features_for_driver] driver=4 lap=3, car_data rows=370
2025-12-15 11:45:39 [INFO] __main__ - [compute_lap_features_for_driver] driver=4 lap=4 KEEP, status=GREEN, duration=98.5s
2025-12-15 11:45:39 [DEBUG] __main__ - [get_openf1] GET https://api.openf1.org/v1/car_data params={'session_key': 9606, 'driver_number': 4, 'date>': '2024-09-22T12:08:54.852000+00:00', 'date<': '2024-09-22T12:10:33.380000+00:00'}
2025-12-15 11:45:40 [DEBUG] __main__ - [compute_lap_features_for_driver] driver=4 lap=4, car_data rows=380
2025-12-15 11:45:40 [INFO] __main__ - [compute_lap_features_for_driver] driver=4 lap=5 KEEP, status=GREEN, duration=97.8s
2025-12-15 11:45:40 [DEBUG] __main__ - [get_openf1] GET https://api.openf1.org/v1/car_data params={'session_key': 9606, 'driver_number': 4, 'date>': '2024-09-22T12:10:33.380000+00:00', 'date<': '2024-09-22T12:12:11.227000+00:00'}
2025-12-15 11:45:40 [DEBUG] __main__ - [compute_lap_features_for_driver] driver=4 lap=5, car_data rows=368
2025-12-15 11:45:40 [INFO] __main__ - [compute_lap_features_for_driver] driver=4 lap=6 KEEP, status=GREEN, duration=98.0s
2025-12-15 11:45:40 [DEBUG] __main__ - [get_openf1] GET https://api.openf1.org/v1/car_data params={'session_key': 9606, 'driver_number': 4, 'date>': '2024-09-22T12:12:11.227000+00:00', 'date<': '2024-09-22T12:13:49.239000+00:00'}
2025-12-15 11:45:41 [DEBUG] __main__ - [compute_lap_features_for_driver] driver=4 lap=6, car_data rows=362
2025-12-15 11:45:41 [INFO] __main__ - [compute_lap_features_for_driver] driver=4 lap=7 KEEP, status=GREEN, duration=97.6s
2025-12-15 11:45:41 [DEBUG] __main__ - [get_openf1] GET https://api.openf1.org/v1/car_data params={'session_key': 9606, 'driver_number': 4, 'date>': '2024-09-22T12:13:49.239000+00:00', 'date<': '2024-09-22T12:15:26.791000+00:00'}
2025-12-15 11:45:42 [DEBUG] __main__ - [compute_lap_features_for_driver] driver=4 lap=7, car_data rows=360
2025-12-15 11:45:42 [INFO] __main__ - [compute_lap_features_for_driver] driver=4 lap=8 KEEP, status=GREEN, duration=97.1s
2025-12-15 11:45:42 [DEBUG] __main__ - [get_openf1] GET https://api.openf1.org/v1/car_data params={'session_key': 9606, 'driver_number': 4, 'date>': '2024-09-22T12:15:26.791000+00:00', 'date<': '2024-09-22T12:17:03.870000+00:00'}
2025-12-15 11:45:43 [DEBUG] __main__ - [compute_lap_features_for_driver] driver=4 lap=8, car_data rows=362
2025-12-15 11:45:43 [INFO] __main__ - [compute_lap_features_for_driver] driver=4 lap=9 KEEP, status=GREEN, duration=96.8s
2025-12-15 11:45:43 [DEBUG] __main__ - [get_openf1] GET https://api.openf1.org/v1/car_data params={'session_key': 9606, 'driver_number': 4, 'date>': '2024-09-22T12:17:03.870000+00:00', 'date<': '2024-09-22T12:18:40.623000+00:00'}
2025-12-15 11:45:44 [DEBUG] __main__ - [compute_lap_features_for_driver] driver=4 lap=9, car_data rows=362
2025-12-15 11:45:44 [INFO] __main__ - [compute_lap_features_for_driver] driver=4 lap=10 KEEP, status=GREEN, duration=96.7s
2025-12-15 11:45:44 [DEBUG] __main__ - [get_openf1] GET https://api.openf1.org/v1/car_data params={'session_key': 9606, 'driver_number': 4, 'date>': '2024-09-22T12:18:40.623000+00:00', 'date<': '2024-09-22T12:20:17.364000+00:00'}
2025-12-15 11:45:44 [DEBUG] __main__ - [compute_lap_features_for_driver] driver=4 lap=10, car_data rows=366
2025-12-15 11:45:44 [INFO] __main__ - [compute_lap_features_for_driver] driver=4 lap=11 KEEP, status=GREEN, duration=96.7s
2025-12-15 11:45:44 [DEBUG] __main__ - [get_openf1] GET https://api.openf1.org/v1/car_data params={'session_key': 9606, 'driver_number': 4, 'date>': '2024-09-22T12:20:17.364000+00:00', 'date<': '2024-09-22T12:21:54.031000+00:00'}
2025-12-15 11:45:45 [DEBUG] __main__ - [compute_lap_features_for_driver] driver=4 lap=11, car_data rows=365
2025-12-15 11:45:45 [INFO] __main__ - [compute_lap_features_for_driver] driver=4 lap=12 KEEP, status=GREEN, duration=96.5s
2025-12-15 11:45:45 [DEBUG] __main__ - [get_openf1] GET https://api.openf1.org/v1/car_data params={'session_key': 9606, 'driver_number': 4, 'date>': '2024-09-22T12:21:54.031000+00:00', 'date<': '2024-09-22T12:23:30.535000+00:00'}
2025-12-15 11:45:46 [DEBUG] __main__ - [compute_lap_features_for_driver] driver=4 lap=12, car_data rows=363
2025-12-15 11:45:46 [INFO] __main__ - [compute_lap_features_for_driver] driver=4 lap=13 KEEP, status=GREEN, duration=96.7s
2025-12-15 11:45:46 [DEBUG] __main__ - [get_openf1] GET https://api.openf1.org/v1/car_data params={'session_key': 9606, 'driver_number': 4, 'date>': '2024-09-22T12:23:30.535000+00:00', 'date<': '2024-09-22T12:25:07.207000+00:00'}
2025-12-15 11:45:48 [DEBUG] __main__ - [compute_lap_features_for_driver] driver=4 lap=13, car_data rows=364
2025-12-15 11:45:48 [INFO] __main__ - [compute_lap_features_for_driver] driver=4 lap=14 KEEP, status=GREEN, duration=96.8s
2025-12-15 11:45:48 [DEBUG] __main__ - [get_openf1] GET https://api.openf1.org/v1/car_data params={'session_key': 9606, 'driver_number': 4, 'date>': '2024-09-22T12:25:07.207000+00:00', 'date<': '2024-09-22T12:26:44.005000+00:00'}
2025-12-15 11:45:49 [DEBUG] __main__ - [compute_lap_features_for_driver] driver=4 lap=14, car_data rows=364
2025-12-15 11:45:49 [INFO] __main__ - [compute_lap_features_for_driver] driver=4 lap=15 KEEP, status=GREEN, duration=96.8s
2025-12-15 11:45:49 [DEBUG] __main__ - [get_openf1] GET https://api.openf1.org/v1/car_data params={'session_key': 9606, 'driver_number': 4, 'date>': '2024-09-22T12:26:44.005000+00:00', 'date<': '2024-09-22T12:28:20.801000+00:00'}
2025-12-15 11:45:50 [DEBUG] __main__ - [compute_lap_features_for_driver] driver=4 lap=15, car_data rows=363
2025-12-15 11:45:50 [INFO] __main__ - [compute_lap_features_for_driver] driver=4 lap=16 KEEP, status=GREEN, duration=96.6s
2025-12-15 11:45:50 [DEBUG] __main__ - [get_openf1] GET https://api.openf1.org/v1/car_data params={'session_key': 9606, 'driver_number': 4, 'date>': '2024-09-22T12:28:20.801000+00:00', 'date<': '2024-09-22T12:29:57.399000+00:00'}
2025-12-15 11:45:50 [DEBUG] __main__ - [compute_lap_features_for_driver] driver=4 lap=16, car_data rows=366
2025-12-15 11:45:50 [INFO] __main__ - [compute_lap_features_for_driver] driver=4 lap=17 KEEP, status=GREEN, duration=97.0s
2025-12-15 11:45:50 [DEBUG] __main__ - [get_openf1] GET https://api.openf1.org/v1/car_data params={'session_key': 9606, 'driver_number': 4, 'date>': '2024-09-22T12:29:57.399000+00:00', 'date<': '2024-09-22T12:31:34.418000+00:00'}
2025-12-15 11:45:51 [DEBUG] __main__ - [compute_lap_features_for_driver] driver=4 lap=17, car_data rows=371
2025-12-15 11:45:51 [INFO] __main__ - [compute_lap_features_for_driver] driver=4 lap=18 KEEP, status=GREEN, duration=96.9s
2025-12-15 11:45:51 [DEBUG] __main__ - [get_openf1] GET https://api.openf1.org/v1/car_data params={'session_key': 9606, 'driver_number': 4, 'date>': '2024-09-22T12:31:34.418000+00:00', 'date<': '2024-09-22T12:33:11.319000+00:00'}
2025-12-15 11:45:52 [DEBUG] __main__ - [compute_lap_features_for_driver] driver=4 lap=18, car_data rows=378
2025-12-15 11:45:52 [INFO] __main__ - [compute_lap_features_for_driver] driver=4 lap=19 KEEP, status=GREEN, duration=97.5s
2025-12-15 11:45:52 [DEBUG] __main__ - [get_openf1] GET https://api.openf1.org/v1/car_data params={'session_key': 9606, 'driver_number': 4, 'date>': '2024-09-22T12:33:11.319000+00:00', 'date<': '2024-09-22T12:34:48.804000+00:00'}
2025-12-15 11:45:53 [DEBUG] __main__ - [compute_lap_features_for_driver] driver=4 lap=19, car_data rows=373
2025-12-15 11:45:53 [INFO] __main__ - [compute_lap_features_for_driver] driver=4 lap=20 KEEP, status=GREEN, duration=96.8s
2025-12-15 11:45:53 [DEBUG] __main__ - [get_openf1] GET https://api.openf1.org/v1/car_data params={'session_key': 9606, 'driver_number': 4, 'date>': '2024-09-22T12:34:48.804000+00:00', 'date<': '2024-09-22T12:36:25.643000+00:00'}
2025-12-15 11:45:54 [DEBUG] __main__ - [compute_lap_features_for_driver] driver=4 lap=20, car_data rows=365
2025-12-15 11:45:54 [INFO] __main__ - [compute_lap_features_for_driver] driver=4 lap=21 KEEP, status=GREEN, duration=97.1s
2025-12-15 11:45:54 [DEBUG] __main__ - [get_openf1] GET https://api.openf1.org/v1/car_data params={'session_key': 9606, 'driver_number': 4, 'date>': '2024-09-22T12:36:25.643000+00:00', 'date<': '2024-09-22T12:38:02.787000+00:00'}
2025-12-15 11:45:54 [DEBUG] __main__ - [compute_lap_features_for_driver] driver=4 lap=21, car_data rows=363
2025-12-15 11:45:54 [INFO] __main__ - [compute_lap_features_for_driver] driver=4 lap=22 KEEP, status=GREEN, duration=97.1s
2025-12-15 11:45:54 [DEBUG] __main__ - [get_openf1] GET https://api.openf1.org/v1/car_data params={'session_key': 9606, 'driver_number': 4, 'date>': '2024-09-22T12:38:02.787000+00:00', 'date<': '2024-09-22T12:39:39.915000+00:00'}
2025-12-15 11:45:55 [DEBUG] __main__ - [compute_lap_features_for_driver] driver=4 lap=22, car_data rows=366
2025-12-15 11:45:55 [INFO] __main__ - [compute_lap_features_for_driver] driver=4 lap=23 KEEP, status=GREEN, duration=97.2s
2025-12-15 11:45:55 [DEBUG] __main__ - [get_openf1] GET https://api.openf1.org/v1/car_data params={'session_key': 9606, 'driver_number': 4, 'date>': '2024-09-22T12:39:39.915000+00:00', 'date<': '2024-09-22T12:41:17.157000+00:00'}
2025-12-15 11:45:55 [DEBUG] __main__ - [compute_lap_features_for_driver] driver=4 lap=23, car_data rows=371
2025-12-15 11:45:55 [INFO] __main__ - [compute_lap_features_for_driver] driver=4 lap=24 KEEP, status=GREEN, duration=97.6s
2025-12-15 11:45:55 [DEBUG] __main__ - [get_openf1] GET https://api.openf1.org/v1/car_data params={'session_key': 9606, 'driver_number': 4, 'date>': '2024-09-22T12:41:17.157000+00:00', 'date<': '2024-09-22T12:42:54.735000+00:00'}
2025-12-15 11:45:56 [DEBUG] __main__ - [compute_lap_features_for_driver] driver=4 lap=24, car_data rows=359
2025-12-15 11:45:56 [INFO] __main__ - [compute_lap_features_for_driver] driver=4 lap=25 KEEP, status=GREEN, duration=97.3s
2025-12-15 11:45:56 [DEBUG] __main__ - [get_openf1] GET https://api.openf1.org/v1/car_data params={'session_key': 9606, 'driver_number': 4, 'date>': '2024-09-22T12:42:54.735000+00:00', 'date<': '2024-09-22T12:44:32.070000+00:00'}
2025-12-15 11:45:57 [DEBUG] __main__ - [compute_lap_features_for_driver] driver=4 lap=25, car_data rows=371
2025-12-15 11:45:57 [INFO] __main__ - [compute_lap_features_for_driver] driver=4 lap=26 KEEP, status=GREEN, duration=97.3s
2025-12-15 11:45:57 [DEBUG] __main__ - [get_openf1] GET https://api.openf1.org/v1/car_data params={'session_key': 9606, 'driver_number': 4, 'date>': '2024-09-22T12:44:32.070000+00:00', 'date<': '2024-09-22T12:46:09.385000+00:00'}
2025-12-15 11:45:57 [DEBUG] __main__ - [compute_lap_features_for_driver] driver=4 lap=26, car_data rows=373
2025-12-15 11:45:57 [INFO] __main__ - [compute_lap_features_for_driver] driver=4 lap=27 KEEP, status=GREEN, duration=97.5s
2025-12-15 11:45:57 [DEBUG] __main__ - [get_openf1] GET https://api.openf1.org/v1/car_data params={'session_key': 9606, 'driver_number': 4, 'date>': '2024-09-22T12:46:09.385000+00:00', 'date<': '2024-09-22T12:47:46.920000+00:00'}
2025-12-15 11:45:58 [DEBUG] __main__ - [compute_lap_features_for_driver] driver=4 lap=27, car_data rows=371
2025-12-15 11:45:58 [INFO] __main__ - [compute_lap_features_for_driver] driver=4 lap=28 KEEP, status=GREEN, duration=97.6s
2025-12-15 11:45:58 [DEBUG] __main__ - [get_openf1] GET https://api.openf1.org/v1/car_data params={'session_key': 9606, 'driver_number': 4, 'date>': '2024-09-22T12:47:46.920000+00:00', 'date<': '2024-09-22T12:49:24.483000+00:00'}
2025-12-15 11:45:59 [DEBUG] __main__ - [compute_lap_features_for_driver] driver=4 lap=28, car_data rows=369
2025-12-15 11:45:59 [INFO] __main__ - [compute_lap_features_for_driver] driver=4 lap=29 KEEP, status=GREEN, duration=101.8s
2025-12-15 11:45:59 [DEBUG] __main__ - [get_openf1] GET https://api.openf1.org/v1/car_data params={'session_key': 9606, 'driver_number': 4, 'date>': '2024-09-22T12:49:24.483000+00:00', 'date<': '2024-09-22T12:51:06.322000+00:00'}
2025-12-15 11:45:59 [DEBUG] __main__ - [compute_lap_features_for_driver] driver=4 lap=29, car_data rows=389
2025-12-15 11:45:59 [INFO] __main__ - [compute_lap_features_for_driver] driver=4 lap=30 KEEP, status=GREEN, duration=107.1s
2025-12-15 11:45:59 [DEBUG] __main__ - [get_openf1] GET https://api.openf1.org/v1/car_data params={'session_key': 9606, 'driver_number': 4, 'date>': '2024-09-22T12:51:06.322000+00:00', 'date<': '2024-09-22T12:52:53.458000+00:00'}
2025-12-15 11:46:00 [DEBUG] __main__ - [compute_lap_features_for_driver] driver=4 lap=30, car_data rows=406
2025-12-15 11:46:00 [INFO] __main__ - [compute_lap_features_for_driver] driver=4 lap=31 KEEP, status=GREEN, duration=118.4s
2025-12-15 11:46:00 [DEBUG] __main__ - [get_openf1] GET https://api.openf1.org/v1/car_data params={'session_key': 9606, 'driver_number': 4, 'date>': '2024-09-22T12:52:53.458000+00:00', 'date<': '2024-09-22T12:54:51.900000+00:00'}
2025-12-15 11:46:01 [DEBUG] __main__ - [compute_lap_features_for_driver] driver=4 lap=31, car_data rows=437
2025-12-15 11:46:01 [INFO] __main__ - [compute_lap_features_for_driver] driver=4 lap=32 KEEP, status=GREEN, duration=96.9s
2025-12-15 11:46:01 [DEBUG] __main__ - [get_openf1] GET https://api.openf1.org/v1/car_data params={'session_key': 9606, 'driver_number': 4, 'date>': '2024-09-22T12:54:51.900000+00:00', 'date<': '2024-09-22T12:56:28.837000+00:00'}
2025-12-15 11:46:02 [DEBUG] __main__ - [compute_lap_features_for_driver] driver=4 lap=32, car_data rows=351
2025-12-15 11:46:02 [INFO] __main__ - [compute_lap_features_for_driver] driver=4 lap=33 KEEP, status=GREEN, duration=96.8s
2025-12-15 11:46:02 [DEBUG] __main__ - [get_openf1] GET https://api.openf1.org/v1/car_data params={'session_key': 9606, 'driver_number': 4, 'date>': '2024-09-22T12:56:28.837000+00:00', 'date<': '2024-09-22T12:58:05.639000+00:00'}
2025-12-15 11:46:02 [DEBUG] __main__ - [compute_lap_features_for_driver] driver=4 lap=33, car_data rows=371
2025-12-15 11:46:02 [INFO] __main__ - [compute_lap_features_for_driver] driver=4 lap=34 KEEP, status=GREEN, duration=96.6s
2025-12-15 11:46:02 [DEBUG] __main__ - [get_openf1] GET https://api.openf1.org/v1/car_data params={'session_key': 9606, 'driver_number': 4, 'date>': '2024-09-22T12:58:05.639000+00:00', 'date<': '2024-09-22T12:59:42.276000+00:00'}
2025-12-15 11:46:03 [DEBUG] __main__ - [compute_lap_features_for_driver] driver=4 lap=34, car_data rows=368
2025-12-15 11:46:03 [INFO] __main__ - [compute_lap_features_for_driver] driver=4 lap=35 KEEP, status=GREEN, duration=96.5s
2025-12-15 11:46:03 [DEBUG] __main__ - [get_openf1] GET https://api.openf1.org/v1/car_data params={'session_key': 9606, 'driver_number': 4, 'date>': '2024-09-22T12:59:42.276000+00:00', 'date<': '2024-09-22T13:01:18.795000+00:00'}
2025-12-15 11:46:03 [DEBUG] __main__ - [compute_lap_features_for_driver] driver=4 lap=35, car_data rows=369
2025-12-15 11:46:03 [INFO] __main__ - [compute_lap_features_for_driver] driver=4 lap=36 KEEP, status=GREEN, duration=96.2s
2025-12-15 11:46:03 [DEBUG] __main__ - [get_openf1] GET https://api.openf1.org/v1/car_data params={'session_key': 9606, 'driver_number': 4, 'date>': '2024-09-22T13:01:18.795000+00:00', 'date<': '2024-09-22T13:02:54.994000+00:00'}
2025-12-15 11:46:04 [DEBUG] __main__ - [compute_lap_features_for_driver] driver=4 lap=36, car_data rows=364
2025-12-15 11:46:04 [INFO] __main__ - [compute_lap_features_for_driver] driver=4 lap=37 KEEP, status=GREEN, duration=96.4s
2025-12-15 11:46:04 [DEBUG] __main__ - [get_openf1] GET https://api.openf1.org/v1/car_data params={'session_key': 9606, 'driver_number': 4, 'date>': '2024-09-22T13:02:54.994000+00:00', 'date<': '2024-09-22T13:04:31.442000+00:00'}
2025-12-15 11:46:05 [DEBUG] __main__ - [compute_lap_features_for_driver] driver=4 lap=37, car_data rows=376
2025-12-15 11:46:05 [INFO] __main__ - [compute_lap_features_for_driver] driver=4 lap=38 KEEP, status=GREEN, duration=96.6s
2025-12-15 11:46:05 [DEBUG] __main__ - [get_openf1] GET https://api.openf1.org/v1/car_data params={'session_key': 9606, 'driver_number': 4, 'date>': '2024-09-22T13:04:31.442000+00:00', 'date<': '2024-09-22T13:06:08.089000+00:00'}
2025-12-15 11:46:06 [DEBUG] __main__ - [compute_lap_features_for_driver] driver=4 lap=38, car_data rows=357
2025-12-15 11:46:06 [INFO] __main__ - [compute_lap_features_for_driver] driver=4 lap=39 KEEP, status=GREEN, duration=97.3s
2025-12-15 11:46:06 [DEBUG] __main__ - [get_openf1] GET https://api.openf1.org/v1/car_data params={'session_key': 9606, 'driver_number': 4, 'date>': '2024-09-22T13:06:08.089000+00:00', 'date<': '2024-09-22T13:07:45.414000+00:00'}
2025-12-15 11:46:06 [DEBUG] __main__ - [compute_lap_features_for_driver] driver=4 lap=39, car_data rows=374
2025-12-15 11:46:06 [INFO] __main__ - [compute_lap_features_for_driver] driver=4 lap=40 KEEP, status=GREEN, duration=97.3s
2025-12-15 11:46:06 [DEBUG] __main__ - [get_openf1] GET https://api.openf1.org/v1/car_data params={'session_key': 9606, 'driver_number': 4, 'date>': '2024-09-22T13:07:45.414000+00:00', 'date<': '2024-09-22T13:09:22.666000+00:00'}
2025-12-15 11:46:07 [DEBUG] __main__ - [compute_lap_features_for_driver] driver=4 lap=40, car_data rows=361
2025-12-15 11:46:07 [INFO] __main__ - [compute_lap_features_for_driver] driver=4 lap=41 KEEP, status=GREEN, duration=96.5s
2025-12-15 11:46:07 [DEBUG] __main__ - [get_openf1] GET https://api.openf1.org/v1/car_data params={'session_key': 9606, 'driver_number': 4, 'date>': '2024-09-22T13:09:22.666000+00:00', 'date<': '2024-09-22T13:10:59.174000+00:00'}
2025-12-15 11:46:08 [DEBUG] __main__ - [compute_lap_features_for_driver] driver=4 lap=41, car_data rows=365
2025-12-15 11:46:08 [INFO] __main__ - [compute_lap_features_for_driver] driver=4 lap=42 KEEP, status=GREEN, duration=96.5s
2025-12-15 11:46:08 [DEBUG] __main__ - [get_openf1] GET https://api.openf1.org/v1/car_data params={'session_key': 9606, 'driver_number': 4, 'date>': '2024-09-22T13:10:59.174000+00:00', 'date<': '2024-09-22T13:12:35.673000+00:00'}
2025-12-15 11:46:09 [DEBUG] __main__ - [compute_lap_features_for_driver] driver=4 lap=42, car_data rows=352
2025-12-15 11:46:09 [INFO] __main__ - [compute_lap_features_for_driver] driver=4 lap=43 KEEP, status=GREEN, duration=96.6s
2025-12-15 11:46:09 [DEBUG] __main__ - [get_openf1] GET https://api.openf1.org/v1/car_data params={'session_key': 9606, 'driver_number': 4, 'date>': '2024-09-22T13:12:35.673000+00:00', 'date<': '2024-09-22T13:14:12.262000+00:00'}
2025-12-15 11:46:09 [DEBUG] __main__ - [compute_lap_features_for_driver] driver=4 lap=43, car_data rows=364
2025-12-15 11:46:09 [INFO] __main__ - [compute_lap_features_for_driver] driver=4 lap=44 KEEP, status=GREEN, duration=96.2s
2025-12-15 11:46:09 [DEBUG] __main__ - [get_openf1] GET https://api.openf1.org/v1/car_data params={'session_key': 9606, 'driver_number': 4, 'date>': '2024-09-22T13:14:12.262000+00:00', 'date<': '2024-09-22T13:15:48.502000+00:00'}
2025-12-15 11:46:10 [DEBUG] __main__ - [compute_lap_features_for_driver] driver=4 lap=44, car_data rows=360
2025-12-15 11:46:10 [INFO] __main__ - [compute_lap_features_for_driver] driver=4 lap=45 KEEP, status=GREEN, duration=97.0s
2025-12-15 11:46:10 [DEBUG] __main__ - [get_openf1] GET https://api.openf1.org/v1/car_data params={'session_key': 9606, 'driver_number': 4, 'date>': '2024-09-22T13:15:48.502000+00:00', 'date<': '2024-09-22T13:17:25.489000+00:00'}
2025-12-15 11:46:11 [DEBUG] __main__ - [compute_lap_features_for_driver] driver=4 lap=45, car_data rows=374
2025-12-15 11:46:11 [INFO] __main__ - [compute_lap_features_for_driver] driver=4 lap=46 KEEP, status=GREEN, duration=95.9s
2025-12-15 11:46:11 [DEBUG] __main__ - [get_openf1] GET https://api.openf1.org/v1/car_data params={'session_key': 9606, 'driver_number': 4, 'date>': '2024-09-22T13:17:25.489000+00:00', 'date<': '2024-09-22T13:19:01.364000+00:00'}
2025-12-15 11:46:11 [DEBUG] __main__ - [compute_lap_features_for_driver] driver=4 lap=46, car_data rows=363
2025-12-15 11:46:11 [INFO] __main__ - [compute_lap_features_for_driver] driver=4 lap=47 KEEP, status=GREEN, duration=96.6s
2025-12-15 11:46:11 [DEBUG] __main__ - [get_openf1] GET https://api.openf1.org/v1/car_data params={'session_key': 9606, 'driver_number': 4, 'date>': '2024-09-22T13:19:01.364000+00:00', 'date<': '2024-09-22T13:20:38.012000+00:00'}
2025-12-15 11:46:12 [DEBUG] __main__ - [compute_lap_features_for_driver] driver=4 lap=47, car_data rows=372
2025-12-15 11:46:12 [INFO] __main__ - [compute_lap_features_for_driver] driver=4 lap=48 KEEP, status=GREEN, duration=95.1s
2025-12-15 11:46:12 [DEBUG] __main__ - [get_openf1] GET https://api.openf1.org/v1/car_data params={'session_key': 9606, 'driver_number': 4, 'date>': '2024-09-22T13:20:38.012000+00:00', 'date<': '2024-09-22T13:22:13.122000+00:00'}
2025-12-15 11:46:13 [DEBUG] __main__ - [compute_lap_features_for_driver] driver=4 lap=48, car_data rows=372
2025-12-15 11:46:13 [INFO] __main__ - [compute_lap_features_for_driver] driver=4 lap=49 KEEP, status=GREEN, duration=96.0s
2025-12-15 11:46:13 [DEBUG] __main__ - [get_openf1] GET https://api.openf1.org/v1/car_data params={'session_key': 9606, 'driver_number': 4, 'date>': '2024-09-22T13:22:13.122000+00:00', 'date<': '2024-09-22T13:23:49.103000+00:00'}
2025-12-15 11:46:14 [DEBUG] __main__ - [compute_lap_features_for_driver] driver=4 lap=49, car_data rows=355
2025-12-15 11:46:14 [INFO] __main__ - [compute_lap_features_for_driver] driver=4 lap=50 KEEP, status=GREEN, duration=96.1s
2025-12-15 11:46:14 [DEBUG] __main__ - [get_openf1] GET https://api.openf1.org/v1/car_data params={'session_key': 9606, 'driver_number': 4, 'date>': '2024-09-22T13:23:49.103000+00:00', 'date<': '2024-09-22T13:25:25.220000+00:00'}
2025-12-15 11:46:15 [DEBUG] __main__ - [compute_lap_features_for_driver] driver=4 lap=50, car_data rows=360
2025-12-15 11:46:15 [INFO] __main__ - [compute_lap_features_for_driver] driver=4 lap=51 KEEP, status=GREEN, duration=96.6s
2025-12-15 11:46:15 [DEBUG] __main__ - [get_openf1] GET https://api.openf1.org/v1/car_data params={'session_key': 9606, 'driver_number': 4, 'date>': '2024-09-22T13:25:25.220000+00:00', 'date<': '2024-09-22T13:27:01.820000+00:00'}
2025-12-15 11:46:15 [DEBUG] __main__ - [compute_lap_features_for_driver] driver=4 lap=51, car_data rows=373
2025-12-15 11:46:15 [INFO] __main__ - [compute_lap_features_for_driver] driver=4 lap=52 KEEP, status=GREEN, duration=96.3s
2025-12-15 11:46:15 [DEBUG] __main__ - [get_openf1] GET https://api.openf1.org/v1/car_data params={'session_key': 9606, 'driver_number': 4, 'date>': '2024-09-22T13:27:01.820000+00:00', 'date<': '2024-09-22T13:28:38.092000+00:00'}
2025-12-15 11:46:16 [DEBUG] __main__ - [compute_lap_features_for_driver] driver=4 lap=52, car_data rows=365
2025-12-15 11:46:16 [INFO] __main__ - [compute_lap_features_for_driver] driver=4 lap=53 KEEP, status=GREEN, duration=96.4s
2025-12-15 11:46:16 [DEBUG] __main__ - [get_openf1] GET https://api.openf1.org/v1/car_data params={'session_key': 9606, 'driver_number': 4, 'date>': '2024-09-22T13:28:38.092000+00:00', 'date<': '2024-09-22T13:30:14.468000+00:00'}
2025-12-15 11:46:16 [DEBUG] __main__ - [compute_lap_features_for_driver] driver=4 lap=53, car_data rows=374
2025-12-15 11:46:16 [INFO] __main__ - [compute_lap_features_for_driver] driver=4 lap=54 KEEP, status=GREEN, duration=96.8s
2025-12-15 11:46:16 [DEBUG] __main__ - [get_openf1] GET https://api.openf1.org/v1/car_data params={'session_key': 9606, 'driver_number': 4, 'date>': '2024-09-22T13:30:14.468000+00:00', 'date<': '2024-09-22T13:31:51.251000+00:00'}
2025-12-15 11:46:17 [DEBUG] __main__ - [compute_lap_features_for_driver] driver=4 lap=54, car_data rows=366
2025-12-15 11:46:17 [INFO] __main__ - [compute_lap_features_for_driver] driver=4 lap=55 KEEP, status=GREEN, duration=96.7s
2025-12-15 11:46:17 [DEBUG] __main__ - [get_openf1] GET https://api.openf1.org/v1/car_data params={'session_key': 9606, 'driver_number': 4, 'date>': '2024-09-22T13:31:51.251000+00:00', 'date<': '2024-09-22T13:33:27.963000+00:00'}
2025-12-15 11:46:18 [DEBUG] __main__ - [compute_lap_features_for_driver] driver=4 lap=55, car_data rows=365
2025-12-15 11:46:18 [INFO] __main__ - [compute_lap_features_for_driver] driver=4 lap=56 KEEP, status=GREEN, duration=97.2s
2025-12-15 11:46:18 [DEBUG] __main__ - [get_openf1] GET https://api.openf1.org/v1/car_data params={'session_key': 9606, 'driver_number': 4, 'date>': '2024-09-22T13:33:27.963000+00:00', 'date<': '2024-09-22T13:35:05.195000+00:00'}
2025-12-15 11:46:19 [DEBUG] __main__ - [compute_lap_features_for_driver] driver=4 lap=56, car_data rows=376
2025-12-15 11:46:19 [INFO] __main__ - [compute_lap_features_for_driver] driver=4 lap=57 KEEP, status=GREEN, duration=98.8s
2025-12-15 11:46:19 [DEBUG] __main__ - [get_openf1] GET https://api.openf1.org/v1/car_data params={'session_key': 9606, 'driver_number': 4, 'date>': '2024-09-22T13:35:05.195000+00:00', 'date<': '2024-09-22T13:36:44.030000+00:00'}
2025-12-15 11:46:19 [DEBUG] __main__ - [compute_lap_features_for_driver] driver=4 lap=57, car_data rows=356
2025-12-15 11:46:19 [INFO] __main__ - [compute_lap_features_for_driver] driver=4 lap=58 KEEP, status=GREEN, duration=97.9s
2025-12-15 11:46:19 [DEBUG] __main__ - [get_openf1] GET https://api.openf1.org/v1/car_data params={'session_key': 9606, 'driver_number': 4, 'date>': '2024-09-22T13:36:44.030000+00:00', 'date<': '2024-09-22T13:38:21.890000+00:00'}
2025-12-15 11:46:20 [DEBUG] __main__ - [compute_lap_features_for_driver] driver=4 lap=58, car_data rows=364
2025-12-15 11:46:20 [INFO] __main__ - [compute_lap_features_for_driver] driver=4 lap=59 KEEP, status=GREEN, duration=96.8s
2025-12-15 11:46:20 [DEBUG] __main__ - [get_openf1] GET https://api.openf1.org/v1/car_data params={'session_key': 9606, 'driver_number': 4, 'date>': '2024-09-22T13:38:21.890000+00:00', 'date<': '2024-09-22T13:39:58.733000+00:00'}
2025-12-15 11:46:20 [DEBUG] __main__ - [compute_lap_features_for_driver] driver=4 lap=59, car_data rows=354
2025-12-15 11:46:20 [INFO] __main__ - [compute_lap_features_for_driver] driver=4 lap=60 KEEP, status=GREEN, duration=96.7s
2025-12-15 11:46:20 [DEBUG] __main__ - [get_openf1] GET https://api.openf1.org/v1/car_data params={'session_key': 9606, 'driver_number': 4, 'date>': '2024-09-22T13:39:58.733000+00:00', 'date<': '2024-09-22T13:41:35.444000+00:00'}
2025-12-15 11:46:21 [DEBUG] __main__ - [compute_lap_features_for_driver] driver=4 lap=60, car_data rows=373
2025-12-15 11:46:21 [INFO] __main__ - [compute_lap_features_for_driver] driver=4 lap=61 KEEP, status=GREEN, duration=97.5s
2025-12-15 11:46:21 [DEBUG] __main__ - [get_openf1] GET https://api.openf1.org/v1/car_data params={'session_key': 9606, 'driver_number': 4, 'date>': '2024-09-22T13:41:35.444000+00:00', 'date<': '2024-09-22T13:43:12.896000+00:00'}
2025-12-15 11:46:21 [DEBUG] __main__ - [compute_lap_features_for_driver] driver=4 lap=61, car_data rows=372
2025-12-15 11:46:21 [INFO] __main__ - [compute_lap_features_for_driver] driver=4 lap=62 DROP (CHEQUERED_FLAG_LAP), status=RED_FLAG;CHEQUERED, duration=nans
2025-12-15 11:46:21 [INFO] __main__ - [compute_lap_features_for_driver] driver=4, feature laps=[2, 3, 4, 5, 6, 7, 8, 9, 10, 11, 12, 13, 14, 15, 16, 17, 18, 19, 20, 21, 22, 23, 24, 25, 26, 27, 28, 29, 30, 31, 32, 33, 34, 35, 36, 37, 38, 39, 40, 41, 42, 43, 44, 45, 46, 47, 48, 49, 50, 51, 52, 53, 54, 55, 56, 57, 58, 59, 60, 61]
2025-12-15 11:46:21 [INFO] __main__ - [build_driver_style_embedding_json] compute features for driver=81
2025-12-15 11:46:21 [DEBUG] __main__ - [get_openf1] GET https://api.openf1.org/v1/laps params={'session_key': 9606, 'driver_number': 81}
2025-12-15 11:46:22 [DEBUG] __main__ - [get_openf1] GET https://api.openf1.org/v1/sessions params={'session_key': 9606}
2025-12-15 11:46:23 [INFO] __main__ - [fetch_session_start] session_key=9606, date_start=2024-09-22 12:00:00+00:00
2025-12-15 11:46:23 [INFO] __main__ - [fetch_race_start_time] use first GREEN as race_start: 2024-09-22 11:20:00+00:00
2025-12-15 11:46:23 [INFO] __main__ - [fetch_laps] fill lap 1 date_start with race_start=2024-09-22 11:20:00+00:00
2025-12-15 11:46:23 [INFO] __main__ - [fetch_laps] driver=81, laps: min=1, max=62, count=62
2025-12-15 11:46:23 [DEBUG] __main__ - [fetch_laps] head:
   meeting_key  session_key  ...  st_speed  lap_duration_s
0         1246         9606  ...     205.0        2742.836
1         1246         9606  ...     277.0          98.899
2         1246         9606  ...     275.0          99.370
3         1246         9606  ...     272.0          99.341
4         1246         9606  ...     279.0          98.648

[5 rows x 17 columns]
2025-12-15 11:46:23 [DEBUG] __main__ - [build_lap_status_mapping] status_by_lap={1: 'GREEN', 2: 'GREEN', 3: 'GREEN', 4: 'GREEN', 5: 'GREEN', 6: 'GREEN', 7: 'GREEN', 8: 'GREEN', 9: 'GREEN', 10: 'GREEN', 11: 'GREEN', 12: 'GREEN', 13: 'GREEN', 14: 'GREEN', 15: 'GREEN', 16: 'GREEN', 17: 'GREEN', 18: 'GREEN', 19: 'GREEN', 20: 'GREEN', 21: 'GREEN', 22: 'GREEN', 23: 'GREEN', 24: 'GREEN', 25: 'GREEN', 26: 'GREEN', 27: 'GREEN', 28: 'GREEN', 29: 'GREEN', 30: 'GREEN', 31: 'GREEN', 32: 'GREEN', 33: 'GREEN', 34: 'GREEN', 35: 'GREEN', 36: 'GREEN', 37: 'GREEN', 38: 'GREEN', 39: 'GREEN', 40: 'GREEN', 41: 'GREEN', 42: 'GREEN', 43: 'GREEN', 44: 'GREEN', 45: 'GREEN', 46: 'GREEN', 47: 'GREEN', 48: 'GREEN', 49: 'GREEN', 50: 'GREEN', 51: 'GREEN', 52: 'GREEN', 53: 'GREEN', 54: 'GREEN', 55: 'GREEN', 56: 'GREEN', 57: 'GREEN', 58: 'GREEN', 59: 'GREEN', 60: 'GREEN', 61: 'GREEN', 62: 'RED_FLAG;CHEQUERED'}
2025-12-15 11:46:23 [INFO] __main__ - [compute_lap_features_for_driver] driver=81, typical_duration_s=98.1925
2025-12-15 11:46:23 [INFO] __main__ - [compute_lap_features_for_driver] driver=81 lap=1 DROP (LONG_LAP_2742.8s), status=GREEN, duration=2742.8s
2025-12-15 11:46:23 [INFO] __main__ - [compute_lap_features_for_driver] driver=81 lap=2 KEEP, status=GREEN, duration=98.9s
2025-12-15 11:46:23 [DEBUG] __main__ - [get_openf1] GET https://api.openf1.org/v1/car_data params={'session_key': 9606, 'driver_number': 81, 'date>': '2024-09-22T12:05:42.836000+00:00', 'date<': '2024-09-22T12:07:21.735000+00:00'}
2025-12-15 11:46:24 [DEBUG] __main__ - [compute_lap_features_for_driver] driver=81 lap=2, car_data rows=369
2025-12-15 11:46:24 [INFO] __main__ - [compute_lap_features_for_driver] driver=81 lap=3 KEEP, status=GREEN, duration=99.4s
2025-12-15 11:46:24 [DEBUG] __main__ - [get_openf1] GET https://api.openf1.org/v1/car_data params={'session_key': 9606, 'driver_number': 81, 'date>': '2024-09-22T12:07:21.735000+00:00', 'date<': '2024-09-22T12:09:01.105000+00:00'}
2025-12-15 11:46:25 [DEBUG] __main__ - [compute_lap_features_for_driver] driver=81 lap=3, car_data rows=376
2025-12-15 11:46:25 [INFO] __main__ - [compute_lap_features_for_driver] driver=81 lap=4 KEEP, status=GREEN, duration=99.3s
2025-12-15 11:46:25 [DEBUG] __main__ - [get_openf1] GET https://api.openf1.org/v1/car_data params={'session_key': 9606, 'driver_number': 81, 'date>': '2024-09-22T12:09:01.105000+00:00', 'date<': '2024-09-22T12:10:40.446000+00:00'}
2025-12-15 11:46:25 [DEBUG] __main__ - [compute_lap_features_for_driver] driver=81 lap=4, car_data rows=381
2025-12-15 11:46:25 [INFO] __main__ - [compute_lap_features_for_driver] driver=81 lap=5 KEEP, status=GREEN, duration=98.6s
2025-12-15 11:46:25 [DEBUG] __main__ - [get_openf1] GET https://api.openf1.org/v1/car_data params={'session_key': 9606, 'driver_number': 81, 'date>': '2024-09-22T12:10:40.446000+00:00', 'date<': '2024-09-22T12:12:19.094000+00:00'}
2025-12-15 11:46:27 [DEBUG] __main__ - [compute_lap_features_for_driver] driver=81 lap=5, car_data rows=372
2025-12-15 11:46:27 [INFO] __main__ - [compute_lap_features_for_driver] driver=81 lap=6 KEEP, status=GREEN, duration=98.8s
2025-12-15 11:46:27 [DEBUG] __main__ - [get_openf1] GET https://api.openf1.org/v1/car_data params={'session_key': 9606, 'driver_number': 81, 'date>': '2024-09-22T12:12:19.094000+00:00', 'date<': '2024-09-22T12:13:57.901000+00:00'}
2025-12-15 11:46:28 [DEBUG] __main__ - [compute_lap_features_for_driver] driver=81 lap=6, car_data rows=365
2025-12-15 11:46:28 [INFO] __main__ - [compute_lap_features_for_driver] driver=81 lap=7 KEEP, status=GREEN, duration=98.5s
2025-12-15 11:46:28 [DEBUG] __main__ - [get_openf1] GET https://api.openf1.org/v1/car_data params={'session_key': 9606, 'driver_number': 81, 'date>': '2024-09-22T12:13:57.901000+00:00', 'date<': '2024-09-22T12:15:36.382000+00:00'}
2025-12-15 11:46:29 [DEBUG] __main__ - [compute_lap_features_for_driver] driver=81 lap=7, car_data rows=361
2025-12-15 11:46:29 [INFO] __main__ - [compute_lap_features_for_driver] driver=81 lap=8 KEEP, status=GREEN, duration=97.8s
2025-12-15 11:46:29 [DEBUG] __main__ - [get_openf1] GET https://api.openf1.org/v1/car_data params={'session_key': 9606, 'driver_number': 81, 'date>': '2024-09-22T12:15:36.382000+00:00', 'date<': '2024-09-22T12:17:14.220000+00:00'}
2025-12-15 11:46:30 [DEBUG] __main__ - [compute_lap_features_for_driver] driver=81 lap=8, car_data rows=365
2025-12-15 11:46:30 [INFO] __main__ - [compute_lap_features_for_driver] driver=81 lap=9 KEEP, status=GREEN, duration=98.4s
2025-12-15 11:46:30 [DEBUG] __main__ - [get_openf1] GET https://api.openf1.org/v1/car_data params={'session_key': 9606, 'driver_number': 81, 'date>': '2024-09-22T12:17:14.220000+00:00', 'date<': '2024-09-22T12:18:52.669000+00:00'}
2025-12-15 11:46:30 [DEBUG] __main__ - [compute_lap_features_for_driver] driver=81 lap=9, car_data rows=372
2025-12-15 11:46:30 [INFO] __main__ - [compute_lap_features_for_driver] driver=81 lap=10 KEEP, status=GREEN, duration=98.5s
2025-12-15 11:46:30 [DEBUG] __main__ - [get_openf1] GET https://api.openf1.org/v1/car_data params={'session_key': 9606, 'driver_number': 81, 'date>': '2024-09-22T12:18:52.669000+00:00', 'date<': '2024-09-22T12:20:31.180000+00:00'}
2025-12-15 11:46:31 [DEBUG] __main__ - [compute_lap_features_for_driver] driver=81 lap=10, car_data rows=372
2025-12-15 11:46:31 [INFO] __main__ - [compute_lap_features_for_driver] driver=81 lap=11 KEEP, status=GREEN, duration=98.2s
2025-12-15 11:46:31 [DEBUG] __main__ - [get_openf1] GET https://api.openf1.org/v1/car_data params={'session_key': 9606, 'driver_number': 81, 'date>': '2024-09-22T12:20:31.180000+00:00', 'date<': '2024-09-22T12:22:09.378000+00:00'}
2025-12-15 11:46:32 [DEBUG] __main__ - [compute_lap_features_for_driver] driver=81 lap=11, car_data rows=366
2025-12-15 11:46:32 [INFO] __main__ - [compute_lap_features_for_driver] driver=81 lap=12 KEEP, status=GREEN, duration=98.2s
2025-12-15 11:46:32 [DEBUG] __main__ - [get_openf1] GET https://api.openf1.org/v1/car_data params={'session_key': 9606, 'driver_number': 81, 'date>': '2024-09-22T12:22:09.378000+00:00', 'date<': '2024-09-22T12:23:47.565000+00:00'}
2025-12-15 11:46:32 [DEBUG] __main__ - [compute_lap_features_for_driver] driver=81 lap=12, car_data rows=368
2025-12-15 11:46:32 [INFO] __main__ - [compute_lap_features_for_driver] driver=81 lap=13 KEEP, status=GREEN, duration=98.2s
2025-12-15 11:46:32 [DEBUG] __main__ - [get_openf1] GET https://api.openf1.org/v1/car_data params={'session_key': 9606, 'driver_number': 81, 'date>': '2024-09-22T12:23:47.565000+00:00', 'date<': '2024-09-22T12:25:25.768000+00:00'}
2025-12-15 11:46:34 [DEBUG] __main__ - [compute_lap_features_for_driver] driver=81 lap=13, car_data rows=372
2025-12-15 11:46:34 [INFO] __main__ - [compute_lap_features_for_driver] driver=81 lap=14 KEEP, status=GREEN, duration=97.6s
2025-12-15 11:46:34 [DEBUG] __main__ - [get_openf1] GET https://api.openf1.org/v1/car_data params={'session_key': 9606, 'driver_number': 81, 'date>': '2024-09-22T12:25:25.768000+00:00', 'date<': '2024-09-22T12:27:03.386000+00:00'}
2025-12-15 11:46:35 [DEBUG] __main__ - [compute_lap_features_for_driver] driver=81 lap=14, car_data rows=370
2025-12-15 11:46:35 [INFO] __main__ - [compute_lap_features_for_driver] driver=81 lap=15 KEEP, status=GREEN, duration=98.4s
2025-12-15 11:46:35 [DEBUG] __main__ - [get_openf1] GET https://api.openf1.org/v1/car_data params={'session_key': 9606, 'driver_number': 81, 'date>': '2024-09-22T12:27:03.386000+00:00', 'date<': '2024-09-22T12:28:41.814000+00:00'}
2025-12-15 11:46:36 [DEBUG] __main__ - [compute_lap_features_for_driver] driver=81 lap=15, car_data rows=373
2025-12-15 11:46:36 [INFO] __main__ - [compute_lap_features_for_driver] driver=81 lap=16 KEEP, status=GREEN, duration=98.1s
2025-12-15 11:46:36 [DEBUG] __main__ - [get_openf1] GET https://api.openf1.org/v1/car_data params={'session_key': 9606, 'driver_number': 81, 'date>': '2024-09-22T12:28:41.814000+00:00', 'date<': '2024-09-22T12:30:19.928000+00:00'}
2025-12-15 11:46:36 [DEBUG] __main__ - [compute_lap_features_for_driver] driver=81 lap=16, car_data rows=368
2025-12-15 11:46:36 [INFO] __main__ - [compute_lap_features_for_driver] driver=81 lap=17 KEEP, status=GREEN, duration=98.5s
2025-12-15 11:46:36 [DEBUG] __main__ - [get_openf1] GET https://api.openf1.org/v1/car_data params={'session_key': 9606, 'driver_number': 81, 'date>': '2024-09-22T12:30:19.928000+00:00', 'date<': '2024-09-22T12:31:58.419000+00:00'}
2025-12-15 11:46:37 [DEBUG] __main__ - [compute_lap_features_for_driver] driver=81 lap=17, car_data rows=379
2025-12-15 11:46:37 [INFO] __main__ - [compute_lap_features_for_driver] driver=81 lap=18 KEEP, status=GREEN, duration=98.2s
2025-12-15 11:46:37 [DEBUG] __main__ - [get_openf1] GET https://api.openf1.org/v1/car_data params={'session_key': 9606, 'driver_number': 81, 'date>': '2024-09-22T12:31:58.419000+00:00', 'date<': '2024-09-22T12:33:36.636000+00:00'}
2025-12-15 11:46:38 [DEBUG] __main__ - [compute_lap_features_for_driver] driver=81 lap=18, car_data rows=377
2025-12-15 11:46:38 [INFO] __main__ - [compute_lap_features_for_driver] driver=81 lap=19 KEEP, status=GREEN, duration=98.7s
2025-12-15 11:46:38 [DEBUG] __main__ - [get_openf1] GET https://api.openf1.org/v1/car_data params={'session_key': 9606, 'driver_number': 81, 'date>': '2024-09-22T12:33:36.636000+00:00', 'date<': '2024-09-22T12:35:15.349000+00:00'}
2025-12-15 11:46:39 [DEBUG] __main__ - [compute_lap_features_for_driver] driver=81 lap=19, car_data rows=380
2025-12-15 11:46:39 [INFO] __main__ - [compute_lap_features_for_driver] driver=81 lap=20 KEEP, status=GREEN, duration=98.4s
2025-12-15 11:46:39 [DEBUG] __main__ - [get_openf1] GET https://api.openf1.org/v1/car_data params={'session_key': 9606, 'driver_number': 81, 'date>': '2024-09-22T12:35:15.349000+00:00', 'date<': '2024-09-22T12:36:53.741000+00:00'}
2025-12-15 11:46:40 [DEBUG] __main__ - [compute_lap_features_for_driver] driver=81 lap=20, car_data rows=374
2025-12-15 11:46:40 [INFO] __main__ - [compute_lap_features_for_driver] driver=81 lap=21 KEEP, status=GREEN, duration=98.2s
2025-12-15 11:46:40 [DEBUG] __main__ - [get_openf1] GET https://api.openf1.org/v1/car_data params={'session_key': 9606, 'driver_number': 81, 'date>': '2024-09-22T12:36:53.741000+00:00', 'date<': '2024-09-22T12:38:31.986000+00:00'}
2025-12-15 11:46:40 [DEBUG] __main__ - [compute_lap_features_for_driver] driver=81 lap=21, car_data rows=365
2025-12-15 11:46:40 [INFO] __main__ - [compute_lap_features_for_driver] driver=81 lap=22 KEEP, status=GREEN, duration=98.4s
2025-12-15 11:46:40 [DEBUG] __main__ - [get_openf1] GET https://api.openf1.org/v1/car_data params={'session_key': 9606, 'driver_number': 81, 'date>': '2024-09-22T12:38:31.986000+00:00', 'date<': '2024-09-22T12:40:10.383000+00:00'}
2025-12-15 11:46:41 [DEBUG] __main__ - [compute_lap_features_for_driver] driver=81 lap=22, car_data rows=370
2025-12-15 11:46:41 [INFO] __main__ - [compute_lap_features_for_driver] driver=81 lap=23 KEEP, status=GREEN, duration=98.3s
2025-12-15 11:46:41 [DEBUG] __main__ - [get_openf1] GET https://api.openf1.org/v1/car_data params={'session_key': 9606, 'driver_number': 81, 'date>': '2024-09-22T12:40:10.383000+00:00', 'date<': '2024-09-22T12:41:48.642000+00:00'}
2025-12-15 11:46:41 [DEBUG] __main__ - [compute_lap_features_for_driver] driver=81 lap=23, car_data rows=376
2025-12-15 11:46:41 [INFO] __main__ - [compute_lap_features_for_driver] driver=81 lap=24 KEEP, status=GREEN, duration=98.5s
2025-12-15 11:46:41 [DEBUG] __main__ - [get_openf1] GET https://api.openf1.org/v1/car_data params={'session_key': 9606, 'driver_number': 81, 'date>': '2024-09-22T12:41:48.642000+00:00', 'date<': '2024-09-22T12:43:27.110000+00:00'}
2025-12-15 11:46:42 [DEBUG] __main__ - [compute_lap_features_for_driver] driver=81 lap=24, car_data rows=364
2025-12-15 11:46:42 [INFO] __main__ - [compute_lap_features_for_driver] driver=81 lap=25 KEEP, status=GREEN, duration=98.4s
2025-12-15 11:46:42 [DEBUG] __main__ - [get_openf1] GET https://api.openf1.org/v1/car_data params={'session_key': 9606, 'driver_number': 81, 'date>': '2024-09-22T12:43:27.110000+00:00', 'date<': '2024-09-22T12:45:05.532000+00:00'}
2025-12-15 11:46:43 [DEBUG] __main__ - [compute_lap_features_for_driver] driver=81 lap=25, car_data rows=379
2025-12-15 11:46:43 [INFO] __main__ - [compute_lap_features_for_driver] driver=81 lap=26 KEEP, status=GREEN, duration=98.9s
2025-12-15 11:46:43 [DEBUG] __main__ - [get_openf1] GET https://api.openf1.org/v1/car_data params={'session_key': 9606, 'driver_number': 81, 'date>': '2024-09-22T12:45:05.532000+00:00', 'date<': '2024-09-22T12:46:44.473000+00:00'}
2025-12-15 11:46:44 [DEBUG] __main__ - [compute_lap_features_for_driver] driver=81 lap=26, car_data rows=376
2025-12-15 11:46:44 [INFO] __main__ - [compute_lap_features_for_driver] driver=81 lap=27 KEEP, status=GREEN, duration=98.6s
2025-12-15 11:46:44 [DEBUG] __main__ - [get_openf1] GET https://api.openf1.org/v1/car_data params={'session_key': 9606, 'driver_number': 81, 'date>': '2024-09-22T12:46:44.473000+00:00', 'date<': '2024-09-22T12:48:23.077000+00:00'}
2025-12-15 11:46:44 [DEBUG] __main__ - [compute_lap_features_for_driver] driver=81 lap=27, car_data rows=369
2025-12-15 11:46:44 [INFO] __main__ - [compute_lap_features_for_driver] driver=81 lap=28 KEEP, status=GREEN, duration=97.7s
2025-12-15 11:46:44 [DEBUG] __main__ - [get_openf1] GET https://api.openf1.org/v1/car_data params={'session_key': 9606, 'driver_number': 81, 'date>': '2024-09-22T12:48:23.077000+00:00', 'date<': '2024-09-22T12:50:00.779000+00:00'}
2025-12-15 11:46:45 [DEBUG] __main__ - [compute_lap_features_for_driver] driver=81 lap=28, car_data rows=374
2025-12-15 11:46:45 [INFO] __main__ - [compute_lap_features_for_driver] driver=81 lap=29 KEEP, status=GREEN, duration=98.0s
2025-12-15 11:46:45 [DEBUG] __main__ - [get_openf1] GET https://api.openf1.org/v1/car_data params={'session_key': 9606, 'driver_number': 81, 'date>': '2024-09-22T12:50:00.779000+00:00', 'date<': '2024-09-22T12:51:38.743000+00:00'}
2025-12-15 11:46:45 [DEBUG] __main__ - [compute_lap_features_for_driver] driver=81 lap=29, car_data rows=373
2025-12-15 11:46:45 [INFO] __main__ - [compute_lap_features_for_driver] driver=81 lap=30 KEEP, status=GREEN, duration=98.2s
2025-12-15 11:46:45 [DEBUG] __main__ - [get_openf1] GET https://api.openf1.org/v1/car_data params={'session_key': 9606, 'driver_number': 81, 'date>': '2024-09-22T12:51:38.743000+00:00', 'date<': '2024-09-22T12:53:16.917000+00:00'}
2025-12-15 11:46:46 [DEBUG] __main__ - [compute_lap_features_for_driver] driver=81 lap=30, car_data rows=367
2025-12-15 11:46:46 [INFO] __main__ - [compute_lap_features_for_driver] driver=81 lap=31 KEEP, status=GREEN, duration=98.3s
2025-12-15 11:46:46 [DEBUG] __main__ - [get_openf1] GET https://api.openf1.org/v1/car_data params={'session_key': 9606, 'driver_number': 81, 'date>': '2024-09-22T12:53:16.917000+00:00', 'date<': '2024-09-22T12:54:55.233000+00:00'}
2025-12-15 11:46:46 [DEBUG] __main__ - [compute_lap_features_for_driver] driver=81 lap=31, car_data rows=365
2025-12-15 11:46:46 [INFO] __main__ - [compute_lap_features_for_driver] driver=81 lap=32 KEEP, status=GREEN, duration=98.1s
2025-12-15 11:46:46 [DEBUG] __main__ - [get_openf1] GET https://api.openf1.org/v1/car_data params={'session_key': 9606, 'driver_number': 81, 'date>': '2024-09-22T12:54:55.233000+00:00', 'date<': '2024-09-22T12:56:33.377000+00:00'}
2025-12-15 11:46:47 [DEBUG] __main__ - [compute_lap_features_for_driver] driver=81 lap=32, car_data rows=358
2025-12-15 11:46:47 [INFO] __main__ - [compute_lap_features_for_driver] driver=81 lap=33 KEEP, status=GREEN, duration=98.3s
2025-12-15 11:46:47 [DEBUG] __main__ - [get_openf1] GET https://api.openf1.org/v1/car_data params={'session_key': 9606, 'driver_number': 81, 'date>': '2024-09-22T12:56:33.377000+00:00', 'date<': '2024-09-22T12:58:11.657000+00:00'}
2025-12-15 11:46:48 [DEBUG] __main__ - [compute_lap_features_for_driver] driver=81 lap=33, car_data rows=375
2025-12-15 11:46:48 [INFO] __main__ - [compute_lap_features_for_driver] driver=81 lap=34 KEEP, status=GREEN, duration=97.9s
2025-12-15 11:46:48 [DEBUG] __main__ - [get_openf1] GET https://api.openf1.org/v1/car_data params={'session_key': 9606, 'driver_number': 81, 'date>': '2024-09-22T12:58:11.657000+00:00', 'date<': '2024-09-22T12:59:49.604000+00:00'}
2025-12-15 11:46:48 [DEBUG] __main__ - [compute_lap_features_for_driver] driver=81 lap=34, car_data rows=373
2025-12-15 11:46:48 [INFO] __main__ - [compute_lap_features_for_driver] driver=81 lap=35 KEEP, status=GREEN, duration=98.3s
2025-12-15 11:46:48 [DEBUG] __main__ - [get_openf1] GET https://api.openf1.org/v1/car_data params={'session_key': 9606, 'driver_number': 81, 'date>': '2024-09-22T12:59:49.604000+00:00', 'date<': '2024-09-22T13:01:27.932000+00:00'}
2025-12-15 11:46:49 [DEBUG] __main__ - [compute_lap_features_for_driver] driver=81 lap=35, car_data rows=377
2025-12-15 11:46:49 [INFO] __main__ - [compute_lap_features_for_driver] driver=81 lap=36 KEEP, status=GREEN, duration=98.2s
2025-12-15 11:46:49 [DEBUG] __main__ - [get_openf1] GET https://api.openf1.org/v1/car_data params={'session_key': 9606, 'driver_number': 81, 'date>': '2024-09-22T13:01:27.932000+00:00', 'date<': '2024-09-22T13:03:06.171000+00:00'}
2025-12-15 11:46:50 [DEBUG] __main__ - [compute_lap_features_for_driver] driver=81 lap=36, car_data rows=367
2025-12-15 11:46:50 [INFO] __main__ - [compute_lap_features_for_driver] driver=81 lap=37 KEEP, status=GREEN, duration=98.4s
2025-12-15 11:46:50 [DEBUG] __main__ - [get_openf1] GET https://api.openf1.org/v1/car_data params={'session_key': 9606, 'driver_number': 81, 'date>': '2024-09-22T13:03:06.171000+00:00', 'date<': '2024-09-22T13:04:44.582000+00:00'}
2025-12-15 11:46:51 [DEBUG] __main__ - [compute_lap_features_for_driver] driver=81 lap=37, car_data rows=385
2025-12-15 11:46:51 [INFO] __main__ - [compute_lap_features_for_driver] driver=81 lap=38 KEEP, status=GREEN, duration=106.5s
2025-12-15 11:46:51 [DEBUG] __main__ - [get_openf1] GET https://api.openf1.org/v1/car_data params={'session_key': 9606, 'driver_number': 81, 'date>': '2024-09-22T13:04:44.582000+00:00', 'date<': '2024-09-22T13:06:31.035000+00:00'}
2025-12-15 11:46:52 [DEBUG] __main__ - [compute_lap_features_for_driver] driver=81 lap=38, car_data rows=397
2025-12-15 11:46:52 [INFO] __main__ - [compute_lap_features_for_driver] driver=81 lap=39 KEEP, status=GREEN, duration=117.5s
2025-12-15 11:46:52 [DEBUG] __main__ - [get_openf1] GET https://api.openf1.org/v1/car_data params={'session_key': 9606, 'driver_number': 81, 'date>': '2024-09-22T13:06:31.035000+00:00', 'date<': '2024-09-22T13:08:28.578000+00:00'}
2025-12-15 11:46:53 [DEBUG] __main__ - [compute_lap_features_for_driver] driver=81 lap=39, car_data rows=445
2025-12-15 11:46:53 [INFO] __main__ - [compute_lap_features_for_driver] driver=81 lap=40 KEEP, status=GREEN, duration=96.4s
2025-12-15 11:46:53 [DEBUG] __main__ - [get_openf1] GET https://api.openf1.org/v1/car_data params={'session_key': 9606, 'driver_number': 81, 'date>': '2024-09-22T13:08:28.578000+00:00', 'date<': '2024-09-22T13:10:04.986000+00:00'}
2025-12-15 11:46:53 [DEBUG] __main__ - [compute_lap_features_for_driver] driver=81 lap=40, car_data rows=363
2025-12-15 11:46:53 [INFO] __main__ - [compute_lap_features_for_driver] driver=81 lap=41 KEEP, status=GREEN, duration=96.4s
2025-12-15 11:46:53 [DEBUG] __main__ - [get_openf1] GET https://api.openf1.org/v1/car_data params={'session_key': 9606, 'driver_number': 81, 'date>': '2024-09-22T13:10:04.986000+00:00', 'date<': '2024-09-22T13:11:41.393000+00:00'}
2025-12-15 11:46:54 [DEBUG] __main__ - [compute_lap_features_for_driver] driver=81 lap=41, car_data rows=358
2025-12-15 11:46:54 [INFO] __main__ - [compute_lap_features_for_driver] driver=81 lap=42 KEEP, status=GREEN, duration=96.1s
2025-12-15 11:46:54 [DEBUG] __main__ - [get_openf1] GET https://api.openf1.org/v1/car_data params={'session_key': 9606, 'driver_number': 81, 'date>': '2024-09-22T13:11:41.393000+00:00', 'date<': '2024-09-22T13:13:17.481000+00:00'}
2025-12-15 11:46:55 [DEBUG] __main__ - [compute_lap_features_for_driver] driver=81 lap=42, car_data rows=357
2025-12-15 11:46:55 [INFO] __main__ - [compute_lap_features_for_driver] driver=81 lap=43 KEEP, status=GREEN, duration=96.0s
2025-12-15 11:46:55 [DEBUG] __main__ - [get_openf1] GET https://api.openf1.org/v1/car_data params={'session_key': 9606, 'driver_number': 81, 'date>': '2024-09-22T13:13:17.481000+00:00', 'date<': '2024-09-22T13:14:53.457000+00:00'}
2025-12-15 11:46:55 [DEBUG] __main__ - [compute_lap_features_for_driver] driver=81 lap=43, car_data rows=360
2025-12-15 11:46:55 [INFO] __main__ - [compute_lap_features_for_driver] driver=81 lap=44 KEEP, status=GREEN, duration=97.4s
2025-12-15 11:46:55 [DEBUG] __main__ - [get_openf1] GET https://api.openf1.org/v1/car_data params={'session_key': 9606, 'driver_number': 81, 'date>': '2024-09-22T13:14:53.457000+00:00', 'date<': '2024-09-22T13:16:30.877000+00:00'}
2025-12-15 11:46:56 [DEBUG] __main__ - [compute_lap_features_for_driver] driver=81 lap=44, car_data rows=363
2025-12-15 11:46:56 [INFO] __main__ - [compute_lap_features_for_driver] driver=81 lap=45 KEEP, status=GREEN, duration=97.2s
2025-12-15 11:46:56 [DEBUG] __main__ - [get_openf1] GET https://api.openf1.org/v1/car_data params={'session_key': 9606, 'driver_number': 81, 'date>': '2024-09-22T13:16:30.877000+00:00', 'date<': '2024-09-22T13:18:08.064000+00:00'}
2025-12-15 11:46:57 [DEBUG] __main__ - [compute_lap_features_for_driver] driver=81 lap=45, car_data rows=380
2025-12-15 11:46:57 [INFO] __main__ - [compute_lap_features_for_driver] driver=81 lap=46 KEEP, status=GREEN, duration=96.3s
2025-12-15 11:46:57 [DEBUG] __main__ - [get_openf1] GET https://api.openf1.org/v1/car_data params={'session_key': 9606, 'driver_number': 81, 'date>': '2024-09-22T13:18:08.064000+00:00', 'date<': '2024-09-22T13:19:44.327000+00:00'}
2025-12-15 11:46:58 [DEBUG] __main__ - [compute_lap_features_for_driver] driver=81 lap=46, car_data rows=361
2025-12-15 11:46:58 [INFO] __main__ - [compute_lap_features_for_driver] driver=81 lap=47 KEEP, status=GREEN, duration=96.4s
2025-12-15 11:46:58 [DEBUG] __main__ - [get_openf1] GET https://api.openf1.org/v1/car_data params={'session_key': 9606, 'driver_number': 81, 'date>': '2024-09-22T13:19:44.327000+00:00', 'date<': '2024-09-22T13:21:20.742000+00:00'}
2025-12-15 11:46:59 [DEBUG] __main__ - [compute_lap_features_for_driver] driver=81 lap=47, car_data rows=382
2025-12-15 11:46:59 [INFO] __main__ - [compute_lap_features_for_driver] driver=81 lap=48 KEEP, status=GREEN, duration=95.7s
2025-12-15 11:46:59 [DEBUG] __main__ - [get_openf1] GET https://api.openf1.org/v1/car_data params={'session_key': 9606, 'driver_number': 81, 'date>': '2024-09-22T13:21:20.742000+00:00', 'date<': '2024-09-22T13:22:56.478000+00:00'}
2025-12-15 11:46:59 [DEBUG] __main__ - [compute_lap_features_for_driver] driver=81 lap=48, car_data rows=366
2025-12-15 11:46:59 [INFO] __main__ - [compute_lap_features_for_driver] driver=81 lap=49 KEEP, status=GREEN, duration=95.8s
2025-12-15 11:46:59 [DEBUG] __main__ - [get_openf1] GET https://api.openf1.org/v1/car_data params={'session_key': 9606, 'driver_number': 81, 'date>': '2024-09-22T13:22:56.478000+00:00', 'date<': '2024-09-22T13:24:32.311000+00:00'}
2025-12-15 11:47:00 [DEBUG] __main__ - [compute_lap_features_for_driver] driver=81 lap=49, car_data rows=352
2025-12-15 11:47:00 [INFO] __main__ - [compute_lap_features_for_driver] driver=81 lap=50 KEEP, status=GREEN, duration=98.4s
2025-12-15 11:47:00 [DEBUG] __main__ - [get_openf1] GET https://api.openf1.org/v1/car_data params={'session_key': 9606, 'driver_number': 81, 'date>': '2024-09-22T13:24:32.311000+00:00', 'date<': '2024-09-22T13:26:10.720000+00:00'}
2025-12-15 11:47:01 [DEBUG] __main__ - [compute_lap_features_for_driver] driver=81 lap=50, car_data rows=374
2025-12-15 11:47:01 [INFO] __main__ - [compute_lap_features_for_driver] driver=81 lap=51 KEEP, status=GREEN, duration=97.3s
2025-12-15 11:47:01 [DEBUG] __main__ - [get_openf1] GET https://api.openf1.org/v1/car_data params={'session_key': 9606, 'driver_number': 81, 'date>': '2024-09-22T13:26:10.720000+00:00', 'date<': '2024-09-22T13:27:47.987000+00:00'}
2025-12-15 11:47:01 [DEBUG] __main__ - [compute_lap_features_for_driver] driver=81 lap=51, car_data rows=372
2025-12-15 11:47:01 [INFO] __main__ - [compute_lap_features_for_driver] driver=81 lap=52 KEEP, status=GREEN, duration=96.8s
2025-12-15 11:47:01 [DEBUG] __main__ - [get_openf1] GET https://api.openf1.org/v1/car_data params={'session_key': 9606, 'driver_number': 81, 'date>': '2024-09-22T13:27:47.987000+00:00', 'date<': '2024-09-22T13:29:24.829000+00:00'}
2025-12-15 11:47:02 [DEBUG] __main__ - [compute_lap_features_for_driver] driver=81 lap=52, car_data rows=368
2025-12-15 11:47:02 [INFO] __main__ - [compute_lap_features_for_driver] driver=81 lap=53 KEEP, status=GREEN, duration=97.3s
2025-12-15 11:47:02 [DEBUG] __main__ - [get_openf1] GET https://api.openf1.org/v1/car_data params={'session_key': 9606, 'driver_number': 81, 'date>': '2024-09-22T13:29:24.829000+00:00', 'date<': '2024-09-22T13:31:02.122000+00:00'}
2025-12-15 11:47:03 [DEBUG] __main__ - [compute_lap_features_for_driver] driver=81 lap=53, car_data rows=381
2025-12-15 11:47:03 [INFO] __main__ - [compute_lap_features_for_driver] driver=81 lap=54 KEEP, status=GREEN, duration=97.0s
2025-12-15 11:47:03 [DEBUG] __main__ - [get_openf1] GET https://api.openf1.org/v1/car_data params={'session_key': 9606, 'driver_number': 81, 'date>': '2024-09-22T13:31:02.122000+00:00', 'date<': '2024-09-22T13:32:39.072000+00:00'}
2025-12-15 11:47:04 [DEBUG] __main__ - [compute_lap_features_for_driver] driver=81 lap=54, car_data rows=363
2025-12-15 11:47:04 [INFO] __main__ - [compute_lap_features_for_driver] driver=81 lap=55 KEEP, status=GREEN, duration=96.0s
2025-12-15 11:47:04 [DEBUG] __main__ - [get_openf1] GET https://api.openf1.org/v1/car_data params={'session_key': 9606, 'driver_number': 81, 'date>': '2024-09-22T13:32:39.072000+00:00', 'date<': '2024-09-22T13:34:15.040000+00:00'}
2025-12-15 11:47:05 [DEBUG] __main__ - [compute_lap_features_for_driver] driver=81 lap=55, car_data rows=362
2025-12-15 11:47:05 [INFO] __main__ - [compute_lap_features_for_driver] driver=81 lap=56 KEEP, status=GREEN, duration=96.4s
2025-12-15 11:47:05 [DEBUG] __main__ - [get_openf1] GET https://api.openf1.org/v1/car_data params={'session_key': 9606, 'driver_number': 81, 'date>': '2024-09-22T13:34:15.040000+00:00', 'date<': '2024-09-22T13:35:51.404000+00:00'}
2025-12-15 11:47:06 [DEBUG] __main__ - [compute_lap_features_for_driver] driver=81 lap=56, car_data rows=363
2025-12-15 11:47:06 [INFO] __main__ - [compute_lap_features_for_driver] driver=81 lap=57 KEEP, status=GREEN, duration=96.0s
2025-12-15 11:47:06 [DEBUG] __main__ - [get_openf1] GET https://api.openf1.org/v1/car_data params={'session_key': 9606, 'driver_number': 81, 'date>': '2024-09-22T13:35:51.404000+00:00', 'date<': '2024-09-22T13:37:27.437000+00:00'}
2025-12-15 11:47:06 [DEBUG] __main__ - [compute_lap_features_for_driver] driver=81 lap=57, car_data rows=347
2025-12-15 11:47:06 [INFO] __main__ - [compute_lap_features_for_driver] driver=81 lap=58 KEEP, status=GREEN, duration=96.2s
2025-12-15 11:47:06 [DEBUG] __main__ - [get_openf1] GET https://api.openf1.org/v1/car_data params={'session_key': 9606, 'driver_number': 81, 'date>': '2024-09-22T13:37:27.437000+00:00', 'date<': '2024-09-22T13:39:03.594000+00:00'}
2025-12-15 11:47:07 [DEBUG] __main__ - [compute_lap_features_for_driver] driver=81 lap=58, car_data rows=361
2025-12-15 11:47:07 [INFO] __main__ - [compute_lap_features_for_driver] driver=81 lap=59 KEEP, status=GREEN, duration=96.9s
2025-12-15 11:47:07 [DEBUG] __main__ - [get_openf1] GET https://api.openf1.org/v1/car_data params={'session_key': 9606, 'driver_number': 81, 'date>': '2024-09-22T13:39:03.594000+00:00', 'date<': '2024-09-22T13:40:40.539000+00:00'}
2025-12-15 11:47:07 [DEBUG] __main__ - [compute_lap_features_for_driver] driver=81 lap=59, car_data rows=362
2025-12-15 11:47:07 [INFO] __main__ - [compute_lap_features_for_driver] driver=81 lap=60 KEEP, status=GREEN, duration=97.2s
2025-12-15 11:47:07 [DEBUG] __main__ - [get_openf1] GET https://api.openf1.org/v1/car_data params={'session_key': 9606, 'driver_number': 81, 'date>': '2024-09-22T13:40:40.539000+00:00', 'date<': '2024-09-22T13:42:17.701000+00:00'}
2025-12-15 11:47:08 [DEBUG] __main__ - [compute_lap_features_for_driver] driver=81 lap=60, car_data rows=375
2025-12-15 11:47:08 [INFO] __main__ - [compute_lap_features_for_driver] driver=81 lap=61 KEEP, status=GREEN, duration=97.4s
2025-12-15 11:47:08 [DEBUG] __main__ - [get_openf1] GET https://api.openf1.org/v1/car_data params={'session_key': 9606, 'driver_number': 81, 'date>': '2024-09-22T13:42:17.701000+00:00', 'date<': '2024-09-22T13:43:55.129000+00:00'}
2025-12-15 11:47:09 [DEBUG] __main__ - [compute_lap_features_for_driver] driver=81 lap=61, car_data rows=367
2025-12-15 11:47:09 [INFO] __main__ - [compute_lap_features_for_driver] driver=81 lap=62 DROP (CHEQUERED_FLAG_LAP), status=RED_FLAG;CHEQUERED, duration=nans
2025-12-15 11:47:09 [INFO] __main__ - [compute_lap_features_for_driver] driver=81, feature laps=[2, 3, 4, 5, 6, 7, 8, 9, 10, 11, 12, 13, 14, 15, 16, 17, 18, 19, 20, 21, 22, 23, 24, 25, 26, 27, 28, 29, 30, 31, 32, 33, 34, 35, 36, 37, 38, 39, 40, 41, 42, 43, 44, 45, 46, 47, 48, 49, 50, 51, 52, 53, 54, 55, 56, 57, 58, 59, 60, 61]
2025-12-15 11:47:09 [INFO] __main__ - [build_driver_style_embedding_json] compute features for driver=20
2025-12-15 11:47:09 [DEBUG] __main__ - [get_openf1] GET https://api.openf1.org/v1/laps params={'session_key': 9606, 'driver_number': 20}
2025-12-15 11:47:10 [DEBUG] __main__ - [get_openf1] GET https://api.openf1.org/v1/sessions params={'session_key': 9606}
2025-12-15 11:47:11 [INFO] __main__ - [fetch_session_start] session_key=9606, date_start=2024-09-22 12:00:00+00:00
2025-12-15 11:47:11 [INFO] __main__ - [fetch_race_start_time] use first GREEN as race_start: 2024-09-22 11:20:00+00:00
2025-12-15 11:47:11 [INFO] __main__ - [fetch_laps] fill lap 1 date_start with race_start=2024-09-22 11:20:00+00:00
2025-12-15 11:47:11 [INFO] __main__ - [fetch_laps] driver=20, laps: min=1, max=58, count=58
2025-12-15 11:47:11 [DEBUG] __main__ - [fetch_laps] head:
   meeting_key  session_key  ...  st_speed  lap_duration_s
0         1246         9606  ...     237.0        2747.926
1         1246         9606  ...     286.0         100.476
2         1246         9606  ...     292.0          99.694
3         1246         9606  ...     296.0          99.373
4         1246         9606  ...     284.0          99.037

[5 rows x 17 columns]
2025-12-15 11:47:11 [DEBUG] __main__ - [build_lap_status_mapping] status_by_lap={1: 'GREEN', 2: 'GREEN', 3: 'GREEN', 4: 'GREEN', 5: 'GREEN', 6: 'GREEN', 7: 'GREEN', 8: 'GREEN', 9: 'GREEN', 10: 'GREEN', 11: 'GREEN', 12: 'GREEN', 13: 'GREEN', 14: 'GREEN', 15: 'GREEN', 16: 'GREEN', 17: 'GREEN', 18: 'GREEN', 19: 'GREEN', 20: 'GREEN', 21: 'GREEN', 22: 'GREEN', 23: 'GREEN', 24: 'GREEN', 25: 'GREEN', 26: 'GREEN', 27: 'GREEN', 28: 'GREEN', 29: 'GREEN', 30: 'GREEN', 31: 'GREEN', 32: 'GREEN', 33: 'GREEN', 34: 'GREEN', 35: 'GREEN', 36: 'GREEN', 37: 'GREEN', 38: 'GREEN', 39: 'GREEN', 40: 'GREEN', 41: 'GREEN', 42: 'GREEN', 43: 'GREEN', 44: 'GREEN', 45: 'GREEN', 46: 'GREEN', 47: 'GREEN', 48: 'GREEN', 49: 'GREEN', 50: 'GREEN', 51: 'GREEN', 52: 'GREEN', 53: 'GREEN', 54: 'GREEN', 55: 'GREEN', 56: 'GREEN', 57: 'GREEN', 58: 'RED_FLAG;CHEQUERED'}
2025-12-15 11:47:11 [INFO] __main__ - [compute_lap_features_for_driver] driver=20, typical_duration_s=99.39
2025-12-15 11:47:11 [INFO] __main__ - [compute_lap_features_for_driver] driver=20 lap=1 DROP (LONG_LAP_2747.9s), status=GREEN, duration=2747.9s
2025-12-15 11:47:11 [INFO] __main__ - [compute_lap_features_for_driver] driver=20 lap=2 KEEP, status=GREEN, duration=100.5s
2025-12-15 11:47:11 [DEBUG] __main__ - [get_openf1] GET https://api.openf1.org/v1/car_data params={'session_key': 9606, 'driver_number': 20, 'date>': '2024-09-22T12:05:47.926000+00:00', 'date<': '2024-09-22T12:07:28.402000+00:00'}
2025-12-15 11:47:12 [DEBUG] __main__ - [compute_lap_features_for_driver] driver=20 lap=2, car_data rows=380
2025-12-15 11:47:12 [INFO] __main__ - [compute_lap_features_for_driver] driver=20 lap=3 KEEP, status=GREEN, duration=99.7s
2025-12-15 11:47:12 [DEBUG] __main__ - [get_openf1] GET https://api.openf1.org/v1/car_data params={'session_key': 9606, 'driver_number': 20, 'date>': '2024-09-22T12:07:28.402000+00:00', 'date<': '2024-09-22T12:09:08.096000+00:00'}
2025-12-15 11:47:13 [DEBUG] __main__ - [compute_lap_features_for_driver] driver=20 lap=3, car_data rows=375
2025-12-15 11:47:13 [INFO] __main__ - [compute_lap_features_for_driver] driver=20 lap=4 KEEP, status=GREEN, duration=99.4s
2025-12-15 11:47:13 [DEBUG] __main__ - [get_openf1] GET https://api.openf1.org/v1/car_data params={'session_key': 9606, 'driver_number': 20, 'date>': '2024-09-22T12:09:08.096000+00:00', 'date<': '2024-09-22T12:10:47.469000+00:00'}
2025-12-15 11:47:14 [DEBUG] __main__ - [compute_lap_features_for_driver] driver=20 lap=4, car_data rows=378
2025-12-15 11:47:14 [INFO] __main__ - [compute_lap_features_for_driver] driver=20 lap=5 KEEP, status=GREEN, duration=99.0s
2025-12-15 11:47:14 [DEBUG] __main__ - [get_openf1] GET https://api.openf1.org/v1/car_data params={'session_key': 9606, 'driver_number': 20, 'date>': '2024-09-22T12:10:47.469000+00:00', 'date<': '2024-09-22T12:12:26.506000+00:00'}
2025-12-15 11:47:15 [DEBUG] __main__ - [compute_lap_features_for_driver] driver=20 lap=5, car_data rows=375
2025-12-15 11:47:15 [INFO] __main__ - [compute_lap_features_for_driver] driver=20 lap=6 KEEP, status=GREEN, duration=99.4s
2025-12-15 11:47:15 [DEBUG] __main__ - [get_openf1] GET https://api.openf1.org/v1/car_data params={'session_key': 9606, 'driver_number': 20, 'date>': '2024-09-22T12:12:26.506000+00:00', 'date<': '2024-09-22T12:14:05.918000+00:00'}
2025-12-15 11:47:16 [DEBUG] __main__ - [compute_lap_features_for_driver] driver=20 lap=6, car_data rows=370
2025-12-15 11:47:16 [INFO] __main__ - [compute_lap_features_for_driver] driver=20 lap=7 KEEP, status=GREEN, duration=99.2s
2025-12-15 11:47:16 [DEBUG] __main__ - [get_openf1] GET https://api.openf1.org/v1/car_data params={'session_key': 9606, 'driver_number': 20, 'date>': '2024-09-22T12:14:05.918000+00:00', 'date<': '2024-09-22T12:15:45.121000+00:00'}
2025-12-15 11:47:17 [DEBUG] __main__ - [compute_lap_features_for_driver] driver=20 lap=7, car_data rows=364
2025-12-15 11:47:17 [INFO] __main__ - [compute_lap_features_for_driver] driver=20 lap=8 KEEP, status=GREEN, duration=99.5s
2025-12-15 11:47:17 [DEBUG] __main__ - [get_openf1] GET https://api.openf1.org/v1/car_data params={'session_key': 9606, 'driver_number': 20, 'date>': '2024-09-22T12:15:45.121000+00:00', 'date<': '2024-09-22T12:17:24.603000+00:00'}
2025-12-15 11:47:18 [DEBUG] __main__ - [compute_lap_features_for_driver] driver=20 lap=8, car_data rows=369
2025-12-15 11:47:18 [INFO] __main__ - [compute_lap_features_for_driver] driver=20 lap=9 KEEP, status=GREEN, duration=99.7s
2025-12-15 11:47:18 [DEBUG] __main__ - [get_openf1] GET https://api.openf1.org/v1/car_data params={'session_key': 9606, 'driver_number': 20, 'date>': '2024-09-22T12:17:24.603000+00:00', 'date<': '2024-09-22T12:19:04.326000+00:00'}
2025-12-15 11:47:18 [DEBUG] __main__ - [compute_lap_features_for_driver] driver=20 lap=9, car_data rows=378
2025-12-15 11:47:18 [INFO] __main__ - [compute_lap_features_for_driver] driver=20 lap=10 KEEP, status=GREEN, duration=99.3s
2025-12-15 11:47:18 [DEBUG] __main__ - [get_openf1] GET https://api.openf1.org/v1/car_data params={'session_key': 9606, 'driver_number': 20, 'date>': '2024-09-22T12:19:04.326000+00:00', 'date<': '2024-09-22T12:20:43.647000+00:00'}
2025-12-15 11:47:19 [DEBUG] __main__ - [compute_lap_features_for_driver] driver=20 lap=10, car_data rows=373
2025-12-15 11:47:19 [INFO] __main__ - [compute_lap_features_for_driver] driver=20 lap=11 KEEP, status=GREEN, duration=99.7s
2025-12-15 11:47:19 [DEBUG] __main__ - [get_openf1] GET https://api.openf1.org/v1/car_data params={'session_key': 9606, 'driver_number': 20, 'date>': '2024-09-22T12:20:43.647000+00:00', 'date<': '2024-09-22T12:22:23.372000+00:00'}
2025-12-15 11:47:20 [DEBUG] __main__ - [compute_lap_features_for_driver] driver=20 lap=11, car_data rows=376
2025-12-15 11:47:20 [INFO] __main__ - [compute_lap_features_for_driver] driver=20 lap=12 KEEP, status=GREEN, duration=99.7s
2025-12-15 11:47:20 [DEBUG] __main__ - [get_openf1] GET https://api.openf1.org/v1/car_data params={'session_key': 9606, 'driver_number': 20, 'date>': '2024-09-22T12:22:23.372000+00:00', 'date<': '2024-09-22T12:24:03.065000+00:00'}
2025-12-15 11:47:21 [DEBUG] __main__ - [compute_lap_features_for_driver] driver=20 lap=12, car_data rows=370
2025-12-15 11:47:21 [INFO] __main__ - [compute_lap_features_for_driver] driver=20 lap=13 KEEP, status=GREEN, duration=99.5s
2025-12-15 11:47:21 [DEBUG] __main__ - [get_openf1] GET https://api.openf1.org/v1/car_data params={'session_key': 9606, 'driver_number': 20, 'date>': '2024-09-22T12:24:03.065000+00:00', 'date<': '2024-09-22T12:25:42.584000+00:00'}
2025-12-15 11:47:22 [DEBUG] __main__ - [compute_lap_features_for_driver] driver=20 lap=13, car_data rows=377
2025-12-15 11:47:22 [INFO] __main__ - [compute_lap_features_for_driver] driver=20 lap=14 KEEP, status=GREEN, duration=99.8s
2025-12-15 11:47:22 [DEBUG] __main__ - [get_openf1] GET https://api.openf1.org/v1/car_data params={'session_key': 9606, 'driver_number': 20, 'date>': '2024-09-22T12:25:42.584000+00:00', 'date<': '2024-09-22T12:27:22.356000+00:00'}
2025-12-15 11:47:23 [DEBUG] __main__ - [compute_lap_features_for_driver] driver=20 lap=14, car_data rows=382
2025-12-15 11:47:23 [INFO] __main__ - [compute_lap_features_for_driver] driver=20 lap=15 KEEP, status=GREEN, duration=99.4s
2025-12-15 11:47:23 [DEBUG] __main__ - [get_openf1] GET https://api.openf1.org/v1/car_data params={'session_key': 9606, 'driver_number': 20, 'date>': '2024-09-22T12:27:22.356000+00:00', 'date<': '2024-09-22T12:29:01.746000+00:00'}
2025-12-15 11:47:23 [DEBUG] __main__ - [compute_lap_features_for_driver] driver=20 lap=15, car_data rows=372
2025-12-15 11:47:23 [INFO] __main__ - [compute_lap_features_for_driver] driver=20 lap=16 KEEP, status=GREEN, duration=99.1s
2025-12-15 11:47:23 [DEBUG] __main__ - [get_openf1] GET https://api.openf1.org/v1/car_data params={'session_key': 9606, 'driver_number': 20, 'date>': '2024-09-22T12:29:01.746000+00:00', 'date<': '2024-09-22T12:30:40.892000+00:00'}
2025-12-15 11:47:24 [DEBUG] __main__ - [compute_lap_features_for_driver] driver=20 lap=16, car_data rows=374
2025-12-15 11:47:24 [INFO] __main__ - [compute_lap_features_for_driver] driver=20 lap=17 KEEP, status=GREEN, duration=99.5s
2025-12-15 11:47:24 [DEBUG] __main__ - [get_openf1] GET https://api.openf1.org/v1/car_data params={'session_key': 9606, 'driver_number': 20, 'date>': '2024-09-22T12:30:40.892000+00:00', 'date<': '2024-09-22T12:32:20.409000+00:00'}
2025-12-15 11:47:25 [DEBUG] __main__ - [compute_lap_features_for_driver] driver=20 lap=17, car_data rows=388
2025-12-15 11:47:25 [INFO] __main__ - [compute_lap_features_for_driver] driver=20 lap=18 KEEP, status=GREEN, duration=99.7s
2025-12-15 11:47:25 [DEBUG] __main__ - [get_openf1] GET https://api.openf1.org/v1/car_data params={'session_key': 9606, 'driver_number': 20, 'date>': '2024-09-22T12:32:20.409000+00:00', 'date<': '2024-09-22T12:34:00.143000+00:00'}
2025-12-15 11:47:27 [DEBUG] __main__ - [compute_lap_features_for_driver] driver=20 lap=18, car_data rows=381
2025-12-15 11:47:27 [INFO] __main__ - [compute_lap_features_for_driver] driver=20 lap=19 KEEP, status=GREEN, duration=100.6s
2025-12-15 11:47:27 [DEBUG] __main__ - [get_openf1] GET https://api.openf1.org/v1/car_data params={'session_key': 9606, 'driver_number': 20, 'date>': '2024-09-22T12:34:00.143000+00:00', 'date<': '2024-09-22T12:35:40.757000+00:00'}
2025-12-15 11:47:28 [DEBUG] __main__ - [compute_lap_features_for_driver] driver=20 lap=19, car_data rows=383
2025-12-15 11:47:28 [INFO] __main__ - [compute_lap_features_for_driver] driver=20 lap=20 KEEP, status=GREEN, duration=100.3s
2025-12-15 11:47:28 [DEBUG] __main__ - [get_openf1] GET https://api.openf1.org/v1/car_data params={'session_key': 9606, 'driver_number': 20, 'date>': '2024-09-22T12:35:40.757000+00:00', 'date<': '2024-09-22T12:37:21.029000+00:00'}
2025-12-15 11:47:29 [DEBUG] __main__ - [compute_lap_features_for_driver] driver=20 lap=20, car_data rows=379
2025-12-15 11:47:29 [INFO] __main__ - [compute_lap_features_for_driver] driver=20 lap=21 KEEP, status=GREEN, duration=100.6s
2025-12-15 11:47:29 [DEBUG] __main__ - [get_openf1] GET https://api.openf1.org/v1/car_data params={'session_key': 9606, 'driver_number': 20, 'date>': '2024-09-22T12:37:21.029000+00:00', 'date<': '2024-09-22T12:39:01.644000+00:00'}
2025-12-15 11:47:29 [DEBUG] __main__ - [compute_lap_features_for_driver] driver=20 lap=21, car_data rows=375
2025-12-15 11:47:29 [INFO] __main__ - [compute_lap_features_for_driver] driver=20 lap=22 KEEP, status=GREEN, duration=100.3s
2025-12-15 11:47:29 [DEBUG] __main__ - [get_openf1] GET https://api.openf1.org/v1/car_data params={'session_key': 9606, 'driver_number': 20, 'date>': '2024-09-22T12:39:01.644000+00:00', 'date<': '2024-09-22T12:40:41.958000+00:00'}
2025-12-15 11:47:30 [DEBUG] __main__ - [compute_lap_features_for_driver] driver=20 lap=22, car_data rows=373
2025-12-15 11:47:30 [INFO] __main__ - [compute_lap_features_for_driver] driver=20 lap=23 KEEP, status=GREEN, duration=100.3s
2025-12-15 11:47:30 [DEBUG] __main__ - [get_openf1] GET https://api.openf1.org/v1/car_data params={'session_key': 9606, 'driver_number': 20, 'date>': '2024-09-22T12:40:41.958000+00:00', 'date<': '2024-09-22T12:42:22.215000+00:00'}
2025-12-15 11:47:31 [DEBUG] __main__ - [compute_lap_features_for_driver] driver=20 lap=23, car_data rows=389
2025-12-15 11:47:31 [INFO] __main__ - [compute_lap_features_for_driver] driver=20 lap=24 KEEP, status=GREEN, duration=100.4s
2025-12-15 11:47:31 [DEBUG] __main__ - [get_openf1] GET https://api.openf1.org/v1/car_data params={'session_key': 9606, 'driver_number': 20, 'date>': '2024-09-22T12:42:22.215000+00:00', 'date<': '2024-09-22T12:44:02.664000+00:00'}
2025-12-15 11:47:31 [DEBUG] __main__ - [compute_lap_features_for_driver] driver=20 lap=24, car_data rows=370
2025-12-15 11:47:31 [INFO] __main__ - [compute_lap_features_for_driver] driver=20 lap=25 KEEP, status=GREEN, duration=100.5s
2025-12-15 11:47:31 [DEBUG] __main__ - [get_openf1] GET https://api.openf1.org/v1/car_data params={'session_key': 9606, 'driver_number': 20, 'date>': '2024-09-22T12:44:02.664000+00:00', 'date<': '2024-09-22T12:45:43.174000+00:00'}
2025-12-15 11:47:32 [DEBUG] __main__ - [compute_lap_features_for_driver] driver=20 lap=25, car_data rows=387
2025-12-15 11:47:32 [INFO] __main__ - [compute_lap_features_for_driver] driver=20 lap=26 KEEP, status=GREEN, duration=102.1s
2025-12-15 11:47:32 [DEBUG] __main__ - [get_openf1] GET https://api.openf1.org/v1/car_data params={'session_key': 9606, 'driver_number': 20, 'date>': '2024-09-22T12:45:43.174000+00:00', 'date<': '2024-09-22T12:47:25.277000+00:00'}
2025-12-15 11:47:33 [DEBUG] __main__ - [compute_lap_features_for_driver] driver=20 lap=26, car_data rows=392
2025-12-15 11:47:33 [INFO] __main__ - [compute_lap_features_for_driver] driver=20 lap=27 KEEP, status=GREEN, duration=101.0s
2025-12-15 11:47:33 [DEBUG] __main__ - [get_openf1] GET https://api.openf1.org/v1/car_data params={'session_key': 9606, 'driver_number': 20, 'date>': '2024-09-22T12:47:25.277000+00:00', 'date<': '2024-09-22T12:49:06.263000+00:00'}
2025-12-15 11:47:34 [DEBUG] __main__ - [compute_lap_features_for_driver] driver=20 lap=27, car_data rows=378
2025-12-15 11:47:34 [INFO] __main__ - [compute_lap_features_for_driver] driver=20 lap=28 KEEP, status=GREEN, duration=109.7s
2025-12-15 11:47:34 [DEBUG] __main__ - [get_openf1] GET https://api.openf1.org/v1/car_data params={'session_key': 9606, 'driver_number': 20, 'date>': '2024-09-22T12:49:06.263000+00:00', 'date<': '2024-09-22T12:50:55.963000+00:00'}
2025-12-15 11:47:34 [DEBUG] __main__ - [compute_lap_features_for_driver] driver=20 lap=28, car_data rows=420
2025-12-15 11:47:34 [INFO] __main__ - [compute_lap_features_for_driver] driver=20 lap=29 KEEP, status=GREEN, duration=120.0s
2025-12-15 11:47:34 [DEBUG] __main__ - [get_openf1] GET https://api.openf1.org/v1/car_data params={'session_key': 9606, 'driver_number': 20, 'date>': '2024-09-22T12:50:55.963000+00:00', 'date<': '2024-09-22T12:52:56.002000+00:00'}
2025-12-15 11:47:35 [DEBUG] __main__ - [compute_lap_features_for_driver] driver=20 lap=29, car_data rows=455
2025-12-15 11:47:35 [INFO] __main__ - [compute_lap_features_for_driver] driver=20 lap=30 KEEP, status=GREEN, duration=98.0s
2025-12-15 11:47:35 [DEBUG] __main__ - [get_openf1] GET https://api.openf1.org/v1/car_data params={'session_key': 9606, 'driver_number': 20, 'date>': '2024-09-22T12:52:56.002000+00:00', 'date<': '2024-09-22T12:54:33.967000+00:00'}
2025-12-15 11:47:36 [DEBUG] __main__ - [compute_lap_features_for_driver] driver=20 lap=30, car_data rows=361
2025-12-15 11:47:36 [INFO] __main__ - [compute_lap_features_for_driver] driver=20 lap=31 KEEP, status=GREEN, duration=98.2s
2025-12-15 11:47:36 [DEBUG] __main__ - [get_openf1] GET https://api.openf1.org/v1/car_data params={'session_key': 9606, 'driver_number': 20, 'date>': '2024-09-22T12:54:33.967000+00:00', 'date<': '2024-09-22T12:56:12.162000+00:00'}
2025-12-15 11:47:36 [DEBUG] __main__ - [compute_lap_features_for_driver] driver=20 lap=31, car_data rows=362
2025-12-15 11:47:36 [INFO] __main__ - [compute_lap_features_for_driver] driver=20 lap=32 KEEP, status=GREEN, duration=98.4s
2025-12-15 11:47:36 [DEBUG] __main__ - [get_openf1] GET https://api.openf1.org/v1/car_data params={'session_key': 9606, 'driver_number': 20, 'date>': '2024-09-22T12:56:12.162000+00:00', 'date<': '2024-09-22T12:57:50.587000+00:00'}
2025-12-15 11:47:37 [DEBUG] __main__ - [compute_lap_features_for_driver] driver=20 lap=32, car_data rows=367
2025-12-15 11:47:37 [INFO] __main__ - [compute_lap_features_for_driver] driver=20 lap=33 KEEP, status=GREEN, duration=98.3s
2025-12-15 11:47:37 [DEBUG] __main__ - [get_openf1] GET https://api.openf1.org/v1/car_data params={'session_key': 9606, 'driver_number': 20, 'date>': '2024-09-22T12:57:50.587000+00:00', 'date<': '2024-09-22T12:59:28.893000+00:00'}
2025-12-15 11:47:38 [DEBUG] __main__ - [compute_lap_features_for_driver] driver=20 lap=33, car_data rows=377
2025-12-15 11:47:38 [INFO] __main__ - [compute_lap_features_for_driver] driver=20 lap=34 KEEP, status=GREEN, duration=98.0s
2025-12-15 11:47:38 [DEBUG] __main__ - [get_openf1] GET https://api.openf1.org/v1/car_data params={'session_key': 9606, 'driver_number': 20, 'date>': '2024-09-22T12:59:28.893000+00:00', 'date<': '2024-09-22T13:01:06.857000+00:00'}
2025-12-15 11:47:38 [DEBUG] __main__ - [compute_lap_features_for_driver] driver=20 lap=34, car_data rows=374
2025-12-15 11:47:38 [INFO] __main__ - [compute_lap_features_for_driver] driver=20 lap=35 KEEP, status=GREEN, duration=98.3s
2025-12-15 11:47:38 [DEBUG] __main__ - [get_openf1] GET https://api.openf1.org/v1/car_data params={'session_key': 9606, 'driver_number': 20, 'date>': '2024-09-22T13:01:06.857000+00:00', 'date<': '2024-09-22T13:02:45.123000+00:00'}
2025-12-15 11:47:39 [DEBUG] __main__ - [compute_lap_features_for_driver] driver=20 lap=35, car_data rows=377
2025-12-15 11:47:39 [INFO] __main__ - [compute_lap_features_for_driver] driver=20 lap=36 KEEP, status=GREEN, duration=98.6s
2025-12-15 11:47:39 [DEBUG] __main__ - [get_openf1] GET https://api.openf1.org/v1/car_data params={'session_key': 9606, 'driver_number': 20, 'date>': '2024-09-22T13:02:45.123000+00:00', 'date<': '2024-09-22T13:04:23.716000+00:00'}
2025-12-15 11:47:40 [DEBUG] __main__ - [compute_lap_features_for_driver] driver=20 lap=36, car_data rows=377
2025-12-15 11:47:40 [INFO] __main__ - [compute_lap_features_for_driver] driver=20 lap=37 KEEP, status=GREEN, duration=100.8s
2025-12-15 11:47:40 [DEBUG] __main__ - [get_openf1] GET https://api.openf1.org/v1/car_data params={'session_key': 9606, 'driver_number': 20, 'date>': '2024-09-22T13:04:23.716000+00:00', 'date<': '2024-09-22T13:06:04.507000+00:00'}
2025-12-15 11:47:41 [DEBUG] __main__ - [compute_lap_features_for_driver] driver=20 lap=37, car_data rows=375
2025-12-15 11:47:41 [INFO] __main__ - [compute_lap_features_for_driver] driver=20 lap=38 KEEP, status=GREEN, duration=98.6s
2025-12-15 11:47:41 [DEBUG] __main__ - [get_openf1] GET https://api.openf1.org/v1/car_data params={'session_key': 9606, 'driver_number': 20, 'date>': '2024-09-22T13:06:04.507000+00:00', 'date<': '2024-09-22T13:07:43.139000+00:00'}
2025-12-15 11:47:42 [DEBUG] __main__ - [compute_lap_features_for_driver] driver=20 lap=38, car_data rows=378
2025-12-15 11:47:42 [INFO] __main__ - [compute_lap_features_for_driver] driver=20 lap=39 KEEP, status=GREEN, duration=98.6s
2025-12-15 11:47:42 [DEBUG] __main__ - [get_openf1] GET https://api.openf1.org/v1/car_data params={'session_key': 9606, 'driver_number': 20, 'date>': '2024-09-22T13:07:43.139000+00:00', 'date<': '2024-09-22T13:09:21.724000+00:00'}
2025-12-15 11:47:43 [DEBUG] __main__ - [compute_lap_features_for_driver] driver=20 lap=39, car_data rows=368
2025-12-15 11:47:43 [INFO] __main__ - [compute_lap_features_for_driver] driver=20 lap=40 KEEP, status=GREEN, duration=99.8s
2025-12-15 11:47:43 [DEBUG] __main__ - [get_openf1] GET https://api.openf1.org/v1/car_data params={'session_key': 9606, 'driver_number': 20, 'date>': '2024-09-22T13:09:21.724000+00:00', 'date<': '2024-09-22T13:11:01.479000+00:00'}
2025-12-15 11:47:44 [DEBUG] __main__ - [compute_lap_features_for_driver] driver=20 lap=40, car_data rows=376
2025-12-15 11:47:44 [INFO] __main__ - [compute_lap_features_for_driver] driver=20 lap=41 KEEP, status=GREEN, duration=98.2s
2025-12-15 11:47:44 [DEBUG] __main__ - [get_openf1] GET https://api.openf1.org/v1/car_data params={'session_key': 9606, 'driver_number': 20, 'date>': '2024-09-22T13:11:01.479000+00:00', 'date<': '2024-09-22T13:12:39.720000+00:00'}
2025-12-15 11:47:44 [DEBUG] __main__ - [compute_lap_features_for_driver] driver=20 lap=41, car_data rows=359
2025-12-15 11:47:44 [INFO] __main__ - [compute_lap_features_for_driver] driver=20 lap=42 KEEP, status=GREEN, duration=98.3s
2025-12-15 11:47:44 [DEBUG] __main__ - [get_openf1] GET https://api.openf1.org/v1/car_data params={'session_key': 9606, 'driver_number': 20, 'date>': '2024-09-22T13:12:39.720000+00:00', 'date<': '2024-09-22T13:14:17.989000+00:00'}
2025-12-15 11:47:46 [DEBUG] __main__ - [compute_lap_features_for_driver] driver=20 lap=42, car_data rows=369
2025-12-15 11:47:46 [INFO] __main__ - [compute_lap_features_for_driver] driver=20 lap=43 KEEP, status=GREEN, duration=98.0s
2025-12-15 11:47:46 [DEBUG] __main__ - [get_openf1] GET https://api.openf1.org/v1/car_data params={'session_key': 9606, 'driver_number': 20, 'date>': '2024-09-22T13:14:17.989000+00:00', 'date<': '2024-09-22T13:15:55.952000+00:00'}
2025-12-15 11:47:47 [DEBUG] __main__ - [compute_lap_features_for_driver] driver=20 lap=43, car_data rows=367
2025-12-15 11:47:47 [INFO] __main__ - [compute_lap_features_for_driver] driver=20 lap=44 KEEP, status=GREEN, duration=98.9s
2025-12-15 11:47:47 [DEBUG] __main__ - [get_openf1] GET https://api.openf1.org/v1/car_data params={'session_key': 9606, 'driver_number': 20, 'date>': '2024-09-22T13:15:55.952000+00:00', 'date<': '2024-09-22T13:17:34.823000+00:00'}
2025-12-15 11:47:48 [DEBUG] __main__ - [compute_lap_features_for_driver] driver=20 lap=44, car_data rows=386
2025-12-15 11:47:48 [INFO] __main__ - [compute_lap_features_for_driver] driver=20 lap=45 KEEP, status=GREEN, duration=100.3s
2025-12-15 11:47:48 [DEBUG] __main__ - [get_openf1] GET https://api.openf1.org/v1/car_data params={'session_key': 9606, 'driver_number': 20, 'date>': '2024-09-22T13:17:34.823000+00:00', 'date<': '2024-09-22T13:19:15.077000+00:00'}
2025-12-15 11:47:49 [DEBUG] __main__ - [compute_lap_features_for_driver] driver=20 lap=45, car_data rows=374
2025-12-15 11:47:49 [INFO] __main__ - [compute_lap_features_for_driver] driver=20 lap=46 KEEP, status=GREEN, duration=98.7s
2025-12-15 11:47:49 [DEBUG] __main__ - [get_openf1] GET https://api.openf1.org/v1/car_data params={'session_key': 9606, 'driver_number': 20, 'date>': '2024-09-22T13:19:15.077000+00:00', 'date<': '2024-09-22T13:20:53.816000+00:00'}
2025-12-15 11:47:49 [DEBUG] __main__ - [compute_lap_features_for_driver] driver=20 lap=46, car_data rows=387
2025-12-15 11:47:49 [INFO] __main__ - [compute_lap_features_for_driver] driver=20 lap=47 KEEP, status=GREEN, duration=98.2s
2025-12-15 11:47:49 [DEBUG] __main__ - [get_openf1] GET https://api.openf1.org/v1/car_data params={'session_key': 9606, 'driver_number': 20, 'date>': '2024-09-22T13:20:53.816000+00:00', 'date<': '2024-09-22T13:22:32.009000+00:00'}
2025-12-15 11:47:50 [DEBUG] __main__ - [compute_lap_features_for_driver] driver=20 lap=47, car_data rows=377
2025-12-15 11:47:50 [INFO] __main__ - [compute_lap_features_for_driver] driver=20 lap=48 KEEP, status=GREEN, duration=98.4s
2025-12-15 11:47:50 [DEBUG] __main__ - [get_openf1] GET https://api.openf1.org/v1/car_data params={'session_key': 9606, 'driver_number': 20, 'date>': '2024-09-22T13:22:32.009000+00:00', 'date<': '2024-09-22T13:24:10.419000+00:00'}
2025-12-15 11:47:51 [DEBUG] __main__ - [compute_lap_features_for_driver] driver=20 lap=48, car_data rows=366
2025-12-15 11:47:51 [INFO] __main__ - [compute_lap_features_for_driver] driver=20 lap=49 DROP (LONG_LAP_170.6s), status=GREEN, duration=170.6s
2025-12-15 11:47:51 [INFO] __main__ - [compute_lap_features_for_driver] driver=20 lap=50 KEEP, status=GREEN, duration=134.7s
2025-12-15 11:47:51 [DEBUG] __main__ - [get_openf1] GET https://api.openf1.org/v1/car_data params={'session_key': 9606, 'driver_number': 20, 'date>': '2024-09-22T13:27:01.036000+00:00', 'date<': '2024-09-22T13:29:15.686000+00:00'}
2025-12-15 11:47:52 [DEBUG] __main__ - [compute_lap_features_for_driver] driver=20 lap=50, car_data rows=514
2025-12-15 11:47:52 [INFO] __main__ - [compute_lap_features_for_driver] driver=20 lap=51 KEEP, status=GREEN, duration=95.1s
2025-12-15 11:47:52 [DEBUG] __main__ - [get_openf1] GET https://api.openf1.org/v1/car_data params={'session_key': 9606, 'driver_number': 20, 'date>': '2024-09-22T13:29:15.686000+00:00', 'date<': '2024-09-22T13:30:50.750000+00:00'}
2025-12-15 11:47:52 [DEBUG] __main__ - [compute_lap_features_for_driver] driver=20 lap=51, car_data rows=368
2025-12-15 11:47:52 [INFO] __main__ - [compute_lap_features_for_driver] driver=20 lap=52 KEEP, status=GREEN, duration=97.2s
2025-12-15 11:47:52 [DEBUG] __main__ - [get_openf1] GET https://api.openf1.org/v1/car_data params={'session_key': 9606, 'driver_number': 20, 'date>': '2024-09-22T13:30:50.750000+00:00', 'date<': '2024-09-22T13:32:27.959000+00:00'}
2025-12-15 11:47:53 [DEBUG] __main__ - [compute_lap_features_for_driver] driver=20 lap=52, car_data rows=370
2025-12-15 11:47:53 [INFO] __main__ - [compute_lap_features_for_driver] driver=20 lap=53 KEEP, status=GREEN, duration=98.0s
2025-12-15 11:47:53 [DEBUG] __main__ - [get_openf1] GET https://api.openf1.org/v1/car_data params={'session_key': 9606, 'driver_number': 20, 'date>': '2024-09-22T13:32:27.959000+00:00', 'date<': '2024-09-22T13:34:05.995000+00:00'}
2025-12-15 11:47:53 [DEBUG] __main__ - [compute_lap_features_for_driver] driver=20 lap=53, car_data rows=369
2025-12-15 11:47:53 [INFO] __main__ - [compute_lap_features_for_driver] driver=20 lap=54 KEEP, status=GREEN, duration=98.2s
2025-12-15 11:47:53 [DEBUG] __main__ - [get_openf1] GET https://api.openf1.org/v1/car_data params={'session_key': 9606, 'driver_number': 20, 'date>': '2024-09-22T13:34:05.995000+00:00', 'date<': '2024-09-22T13:35:44.148000+00:00'}
2025-12-15 11:47:54 [DEBUG] __main__ - [compute_lap_features_for_driver] driver=20 lap=54, car_data rows=371
2025-12-15 11:47:54 [INFO] __main__ - [compute_lap_features_for_driver] driver=20 lap=55 KEEP, status=GREEN, duration=98.4s
2025-12-15 11:47:54 [DEBUG] __main__ - [get_openf1] GET https://api.openf1.org/v1/car_data params={'session_key': 9606, 'driver_number': 20, 'date>': '2024-09-22T13:35:44.148000+00:00', 'date<': '2024-09-22T13:37:22.576000+00:00'}
2025-12-15 11:47:55 [DEBUG] __main__ - [compute_lap_features_for_driver] driver=20 lap=55, car_data rows=354
2025-12-15 11:47:55 [INFO] __main__ - [compute_lap_features_for_driver] driver=20 lap=56 KEEP, status=GREEN, duration=98.5s
2025-12-15 11:47:55 [DEBUG] __main__ - [get_openf1] GET https://api.openf1.org/v1/car_data params={'session_key': 9606, 'driver_number': 20, 'date>': '2024-09-22T13:37:22.576000+00:00', 'date<': '2024-09-22T13:39:01.075000+00:00'}
2025-12-15 11:47:55 [DEBUG] __main__ - [compute_lap_features_for_driver] driver=20 lap=56, car_data rows=371
2025-12-15 11:47:55 [INFO] __main__ - [compute_lap_features_for_driver] driver=20 lap=57 KEEP, status=GREEN, duration=108.5s
2025-12-15 11:47:55 [DEBUG] __main__ - [get_openf1] GET https://api.openf1.org/v1/car_data params={'session_key': 9606, 'driver_number': 20, 'date>': '2024-09-22T13:39:01.075000+00:00', 'date<': '2024-09-22T13:40:49.624000+00:00'}
2025-12-15 11:47:56 [DEBUG] __main__ - [compute_lap_features_for_driver] driver=20 lap=57, car_data rows=404
2025-12-15 11:47:56 [INFO] __main__ - [compute_lap_features_for_driver] driver=20 lap=58 DROP (CHEQUERED_FLAG_LAP), status=RED_FLAG;CHEQUERED, duration=nans
2025-12-15 11:47:56 [INFO] __main__ - [compute_lap_features_for_driver] driver=20, feature laps=[2, 3, 4, 5, 6, 7, 8, 9, 10, 11, 12, 13, 14, 15, 16, 17, 18, 19, 20, 21, 22, 23, 24, 25, 26, 27, 28, 29, 30, 31, 32, 33, 34, 35, 36, 37, 38, 39, 40, 41, 42, 43, 44, 45, 46, 47, 48, 50, 51, 52, 53, 54, 55, 56, 57]
2025-12-15 11:47:56 [INFO] __main__ - [build_driver_style_embedding_json] all feature laps (combined)=[2, 3, 4, 5, 6, 7, 8, 9, 10, 11, 12, 13, 14, 15, 16, 17, 18, 19, 20, 21, 22, 23, 24, 25, 26, 27, 28, 29, 30, 31, 32, 33, 34, 35, 36, 37, 38, 39, 40, 41, 42, 43, 44, 45, 46, 47, 48, 49, 50, 51, 52, 53, 54, 55, 56, 57, 58, 59, 60, 61]
2025-12-15 11:47:56 [INFO] __main__ - [embed_lap_features] focus_laps = [11, 32, 62]
2025-12-15 11:47:56 [INFO] __main__ - Saved ./driver_style_embedding_2024marinabay.json
