2025-12-14 16:34:39 [INFO] __main__ - ===== Driver Style Map logging started for race_id=2023vegas =====
2025-12-14 16:34:39 [INFO] __main__ - log file: log/driver_style_2023vegas.log
2025-12-14 16:34:39 [INFO] __main__ - === Start processing 2023vegas ===
2025-12-14 16:34:39 [DEBUG] __main__ - [get_openf1] GET https://api.openf1.org/v1/meetings params={'year': 2023}
2025-12-14 16:34:39 [DEBUG] __main__ - [get_openf1] GET https://api.openf1.org/v1/sessions params={'meeting_key': 1225}
2025-12-14 16:34:40 [INFO] __main__ - [find_race_session] year=2023 slug=vegas -> session_key=9189, meeting_name=Las Vegas Grand Prix
2025-12-14 16:34:40 [INFO] __main__ - [main] race_id=2023vegas -> session_key=9189, meeting_name=Las Vegas Grand Prix
2025-12-14 16:34:40 [DEBUG] __main__ - [get_openf1] GET https://api.openf1.org/v1/session_result params={'session_key': 9189}
2025-12-14 16:34:40 [DEBUG] __main__ - [get_openf1] GET https://api.openf1.org/v1/drivers params={'session_key': 9189}
2025-12-14 16:34:41 [INFO] __main__ - [select_race_drivers] session_key=9189 winner=1 teammate=11 last_finisher=27
2025-12-14 16:34:41 [INFO] __main__ - [build_driver_style_embedding_json] start session_key=9189, drivers=[1, 11, 27]
2025-12-14 16:34:41 [DEBUG] __main__ - [get_openf1] GET https://api.openf1.org/v1/race_control params={'session_key': 9189}
2025-12-14 16:34:42 [DEBUG] __main__ - [get_openf1] GET https://api.openf1.org/v1/sessions params={'session_key': 9189}
2025-12-14 16:34:42 [INFO] __main__ - [fetch_session_start] session_key=9189, date_start=2023-11-19 06:00:00+00:00
2025-12-14 16:34:42 [INFO] __main__ - [fetch_race_start_time] use first GREEN as race_start: 2023-11-19 06:04:05+00:00
2025-12-14 16:34:42 [DEBUG] __main__ - [get_openf1] GET https://api.openf1.org/v1/laps params={'session_key': 9189, 'driver_number': 1}
2025-12-14 16:34:43 [INFO] __main__ - [fetch_laps] fill lap 1 date_start with race_start=2023-11-19 06:04:05+00:00
2025-12-14 16:34:43 [INFO] __main__ - [fetch_laps] driver=1, laps: min=1, max=51, count=51
2025-12-14 16:34:43 [DEBUG] __main__ - [fetch_laps] head:
   meeting_key  session_key  ...  st_speed  lap_duration_s
0         1225         9189  ...     278.0         106.038
1         1225         9189  ...     197.0         133.044
2         1225         9189  ...     279.0         109.983
3         1225         9189  ...     109.0         185.950
4         1225         9189  ...     129.0         167.606

[5 rows x 17 columns]
2025-12-14 16:34:43 [INFO] __main__ - [build_driver_style_embedding_json] ref_driver=1, min_lap=1, max_lap=51
2025-12-14 16:34:43 [INFO] __main__ - [build_driver_style_embedding_json] phase_split plan =
2025-12-14 16:34:43 [INFO] __main__ -   opening: [1, 2, 3, 4, 5, 6, 7, 8, 9, 10, 11, 12, 13, 14, 15, 16, 17]
2025-12-14 16:34:43 [INFO] __main__ -   middle : [18, 19, 20, 21, 22, 23, 24, 25, 26, 27, 28, 29, 30, 31, 32, 33, 34]
2025-12-14 16:34:43 [INFO] __main__ -   ending : [35, 36, 37, 38, 39, 40, 41, 42, 43, 44, 45, 46, 47, 48, 49, 50, 51]
2025-12-14 16:34:43 [INFO] __main__ - [build_driver_style_embedding_json] compute features for driver=1
2025-12-14 16:34:43 [DEBUG] __main__ - [get_openf1] GET https://api.openf1.org/v1/laps params={'session_key': 9189, 'driver_number': 1}
2025-12-14 16:34:44 [DEBUG] __main__ - [get_openf1] GET https://api.openf1.org/v1/sessions params={'session_key': 9189}
2025-12-14 16:34:45 [INFO] __main__ - [fetch_session_start] session_key=9189, date_start=2023-11-19 06:00:00+00:00
2025-12-14 16:34:45 [INFO] __main__ - [fetch_race_start_time] use first GREEN as race_start: 2023-11-19 06:04:05+00:00
2025-12-14 16:34:45 [INFO] __main__ - [fetch_laps] fill lap 1 date_start with race_start=2023-11-19 06:04:05+00:00
2025-12-14 16:34:45 [INFO] __main__ - [fetch_laps] driver=1, laps: min=1, max=51, count=51
2025-12-14 16:34:45 [DEBUG] __main__ - [fetch_laps] head:
   meeting_key  session_key  ...  st_speed  lap_duration_s
0         1225         9189  ...     278.0         106.038
1         1225         9189  ...     197.0         133.044
2         1225         9189  ...     279.0         109.983
3         1225         9189  ...     109.0         185.950
4         1225         9189  ...     129.0         167.606

[5 rows x 17 columns]
2025-12-14 16:34:45 [DEBUG] __main__ - [build_lap_status_mapping] status_by_lap={1: 'VSC;YELLOW', 2: 'VSC', 3: 'SC;YELLOW', 4: 'GREEN', 5: 'GREEN', 6: 'SC', 7: 'GREEN', 8: 'GREEN', 9: 'GREEN', 10: 'GREEN', 11: 'GREEN', 12: 'GREEN', 13: 'GREEN', 14: 'YELLOW', 15: 'GREEN', 16: 'GREEN', 17: 'GREEN', 18: 'GREEN', 19: 'GREEN', 20: 'YELLOW', 21: 'GREEN', 22: 'GREEN', 23: 'GREEN', 24: 'GREEN', 25: 'GREEN', 26: 'SC', 27: 'YELLOW', 28: 'SC', 29: 'GREEN', 30: 'GREEN', 31: 'GREEN', 32: 'GREEN', 33: 'GREEN', 34: 'GREEN', 35: 'GREEN', 36: 'GREEN', 37: 'GREEN', 38: 'GREEN', 39: 'GREEN', 40: 'YELLOW', 41: 'GREEN', 42: 'GREEN', 43: 'GREEN', 44: 'GREEN', 45: 'GREEN', 46: 'GREEN', 47: 'YELLOW', 48: 'YELLOW', 49: 'GREEN', 50: 'GREEN', 51: 'YELLOW;RED_FLAG;CHEQUERED'}
2025-12-14 16:34:45 [INFO] __main__ - [compute_lap_features_for_driver] driver=1, typical_duration_s=98.185
2025-12-14 16:34:45 [INFO] __main__ - [compute_lap_features_for_driver] driver=1 lap=1 DROP (VSC_LAP), status=VSC;YELLOW, duration=106.0s
2025-12-14 16:34:45 [INFO] __main__ - [compute_lap_features_for_driver] driver=1 lap=2 DROP (VSC_LAP), status=VSC, duration=133.0s
2025-12-14 16:34:45 [INFO] __main__ - [compute_lap_features_for_driver] driver=1 lap=3 DROP (SC_LAP), status=SC;YELLOW, duration=110.0s
2025-12-14 16:34:45 [INFO] __main__ - [compute_lap_features_for_driver] driver=1 lap=4 DROP (LONG_LAP_185.9s), status=GREEN, duration=185.9s
2025-12-14 16:34:45 [INFO] __main__ - [compute_lap_features_for_driver] driver=1 lap=5 DROP (LONG_LAP_167.6s), status=GREEN, duration=167.6s
2025-12-14 16:34:45 [INFO] __main__ - [compute_lap_features_for_driver] driver=1 lap=6 DROP (SC_LAP), status=SC, duration=161.4s
2025-12-14 16:34:45 [INFO] __main__ - [compute_lap_features_for_driver] driver=1 lap=7 KEEP, status=GREEN, duration=100.7s
2025-12-14 16:34:45 [DEBUG] __main__ - [get_openf1] GET https://api.openf1.org/v1/car_data params={'session_key': 9189, 'driver_number': 1, 'date>': '2023-11-19T06:18:29.056000+00:00', 'date<': '2023-11-19T06:20:09.757000+00:00'}
2025-12-14 16:34:46 [DEBUG] __main__ - [compute_lap_features_for_driver] driver=1 lap=7, car_data rows=383
2025-12-14 16:34:46 [INFO] __main__ - [compute_lap_features_for_driver] driver=1 lap=8 KEEP, status=GREEN, duration=100.3s
2025-12-14 16:34:46 [DEBUG] __main__ - [get_openf1] GET https://api.openf1.org/v1/car_data params={'session_key': 9189, 'driver_number': 1, 'date>': '2023-11-19T06:20:09.757000+00:00', 'date<': '2023-11-19T06:21:50.052000+00:00'}
2025-12-14 16:34:47 [DEBUG] __main__ - [compute_lap_features_for_driver] driver=1 lap=8, car_data rows=385
2025-12-14 16:34:47 [INFO] __main__ - [compute_lap_features_for_driver] driver=1 lap=9 KEEP, status=GREEN, duration=99.5s
2025-12-14 16:34:47 [DEBUG] __main__ - [get_openf1] GET https://api.openf1.org/v1/car_data params={'session_key': 9189, 'driver_number': 1, 'date>': '2023-11-19T06:21:50.052000+00:00', 'date<': '2023-11-19T06:23:29.582000+00:00'}
2025-12-14 16:34:48 [DEBUG] __main__ - [compute_lap_features_for_driver] driver=1 lap=9, car_data rows=366
2025-12-14 16:34:48 [INFO] __main__ - [compute_lap_features_for_driver] driver=1 lap=10 KEEP, status=GREEN, duration=99.4s
2025-12-14 16:34:48 [DEBUG] __main__ - [get_openf1] GET https://api.openf1.org/v1/car_data params={'session_key': 9189, 'driver_number': 1, 'date>': '2023-11-19T06:23:29.582000+00:00', 'date<': '2023-11-19T06:25:09.002000+00:00'}
2025-12-14 16:34:49 [DEBUG] __main__ - [compute_lap_features_for_driver] driver=1 lap=10, car_data rows=369
2025-12-14 16:34:49 [INFO] __main__ - [compute_lap_features_for_driver] driver=1 lap=11 KEEP, status=GREEN, duration=98.8s
2025-12-14 16:34:49 [DEBUG] __main__ - [get_openf1] GET https://api.openf1.org/v1/car_data params={'session_key': 9189, 'driver_number': 1, 'date>': '2023-11-19T06:25:09.002000+00:00', 'date<': '2023-11-19T06:26:47.781000+00:00'}
2025-12-14 16:34:50 [DEBUG] __main__ - [compute_lap_features_for_driver] driver=1 lap=11, car_data rows=381
2025-12-14 16:34:50 [INFO] __main__ - [compute_lap_features_for_driver] driver=1 lap=12 KEEP, status=GREEN, duration=98.9s
2025-12-14 16:34:50 [DEBUG] __main__ - [get_openf1] GET https://api.openf1.org/v1/car_data params={'session_key': 9189, 'driver_number': 1, 'date>': '2023-11-19T06:26:47.781000+00:00', 'date<': '2023-11-19T06:28:26.702000+00:00'}
2025-12-14 16:34:51 [DEBUG] __main__ - [compute_lap_features_for_driver] driver=1 lap=12, car_data rows=374
2025-12-14 16:34:51 [INFO] __main__ - [compute_lap_features_for_driver] driver=1 lap=13 KEEP, status=GREEN, duration=98.7s
2025-12-14 16:34:51 [DEBUG] __main__ - [get_openf1] GET https://api.openf1.org/v1/car_data params={'session_key': 9189, 'driver_number': 1, 'date>': '2023-11-19T06:28:26.702000+00:00', 'date<': '2023-11-19T06:30:05.356000+00:00'}
2025-12-14 16:34:51 [DEBUG] __main__ - [compute_lap_features_for_driver] driver=1 lap=13, car_data rows=375
2025-12-14 16:34:52 [INFO] __main__ - [compute_lap_features_for_driver] driver=1 lap=14 DROP (YELLOW_FLAG_LAP), status=YELLOW, duration=99.0s
2025-12-14 16:34:52 [INFO] __main__ - [compute_lap_features_for_driver] driver=1 lap=15 KEEP, status=GREEN, duration=99.3s
2025-12-14 16:34:52 [DEBUG] __main__ - [get_openf1] GET https://api.openf1.org/v1/car_data params={'session_key': 9189, 'driver_number': 1, 'date>': '2023-11-19T06:31:44.354000+00:00', 'date<': '2023-11-19T06:33:23.681000+00:00'}
2025-12-14 16:34:52 [DEBUG] __main__ - [compute_lap_features_for_driver] driver=1 lap=15, car_data rows=379
2025-12-14 16:34:52 [INFO] __main__ - [compute_lap_features_for_driver] driver=1 lap=16 KEEP, status=GREEN, duration=104.8s
2025-12-14 16:34:52 [DEBUG] __main__ - [get_openf1] GET https://api.openf1.org/v1/car_data params={'session_key': 9189, 'driver_number': 1, 'date>': '2023-11-19T06:33:23.681000+00:00', 'date<': '2023-11-19T06:35:08.491000+00:00'}
2025-12-14 16:34:53 [DEBUG] __main__ - [compute_lap_features_for_driver] driver=1 lap=16, car_data rows=409
2025-12-14 16:34:53 [INFO] __main__ - [compute_lap_features_for_driver] driver=1 lap=17 KEEP, status=GREEN, duration=122.1s
2025-12-14 16:34:53 [DEBUG] __main__ - [get_openf1] GET https://api.openf1.org/v1/car_data params={'session_key': 9189, 'driver_number': 1, 'date>': '2023-11-19T06:35:08.491000+00:00', 'date<': '2023-11-19T06:37:10.630000+00:00'}
2025-12-14 16:34:54 [DEBUG] __main__ - [compute_lap_features_for_driver] driver=1 lap=17, car_data rows=463
2025-12-14 16:34:54 [INFO] __main__ - [compute_lap_features_for_driver] driver=1 lap=18 KEEP, status=GREEN, duration=98.2s
2025-12-14 16:34:54 [DEBUG] __main__ - [get_openf1] GET https://api.openf1.org/v1/car_data params={'session_key': 9189, 'driver_number': 1, 'date>': '2023-11-19T06:37:10.630000+00:00', 'date<': '2023-11-19T06:38:48.815000+00:00'}
2025-12-14 16:34:55 [DEBUG] __main__ - [compute_lap_features_for_driver] driver=1 lap=18, car_data rows=367
2025-12-14 16:34:55 [INFO] __main__ - [compute_lap_features_for_driver] driver=1 lap=19 KEEP, status=GREEN, duration=98.5s
2025-12-14 16:34:55 [DEBUG] __main__ - [get_openf1] GET https://api.openf1.org/v1/car_data params={'session_key': 9189, 'driver_number': 1, 'date>': '2023-11-19T06:38:48.815000+00:00', 'date<': '2023-11-19T06:40:27.282000+00:00'}
2025-12-14 16:34:56 [DEBUG] __main__ - [compute_lap_features_for_driver] driver=1 lap=19, car_data rows=368
2025-12-14 16:34:56 [INFO] __main__ - [compute_lap_features_for_driver] driver=1 lap=20 DROP (YELLOW_FLAG_LAP), status=YELLOW, duration=99.5s
2025-12-14 16:34:56 [INFO] __main__ - [compute_lap_features_for_driver] driver=1 lap=21 KEEP, status=GREEN, duration=98.0s
2025-12-14 16:34:56 [DEBUG] __main__ - [get_openf1] GET https://api.openf1.org/v1/car_data params={'session_key': 9189, 'driver_number': 1, 'date>': '2023-11-19T06:42:06.781000+00:00', 'date<': '2023-11-19T06:43:44.732000+00:00'}
2025-12-14 16:34:57 [DEBUG] __main__ - [compute_lap_features_for_driver] driver=1 lap=21, car_data rows=364
2025-12-14 16:34:57 [INFO] __main__ - [compute_lap_features_for_driver] driver=1 lap=22 KEEP, status=GREEN, duration=98.6s
2025-12-14 16:34:57 [DEBUG] __main__ - [get_openf1] GET https://api.openf1.org/v1/car_data params={'session_key': 9189, 'driver_number': 1, 'date>': '2023-11-19T06:43:44.732000+00:00', 'date<': '2023-11-19T06:45:23.355000+00:00'}
2025-12-14 16:34:57 [DEBUG] __main__ - [compute_lap_features_for_driver] driver=1 lap=22, car_data rows=365
2025-12-14 16:34:57 [INFO] __main__ - [compute_lap_features_for_driver] driver=1 lap=23 KEEP, status=GREEN, duration=98.0s
2025-12-14 16:34:57 [DEBUG] __main__ - [get_openf1] GET https://api.openf1.org/v1/car_data params={'session_key': 9189, 'driver_number': 1, 'date>': '2023-11-19T06:45:23.355000+00:00', 'date<': '2023-11-19T06:47:01.322000+00:00'}
2025-12-14 16:34:58 [DEBUG] __main__ - [compute_lap_features_for_driver] driver=1 lap=23, car_data rows=365
2025-12-14 16:34:58 [INFO] __main__ - [compute_lap_features_for_driver] driver=1 lap=24 KEEP, status=GREEN, duration=98.4s
2025-12-14 16:34:58 [DEBUG] __main__ - [get_openf1] GET https://api.openf1.org/v1/car_data params={'session_key': 9189, 'driver_number': 1, 'date>': '2023-11-19T06:47:01.322000+00:00', 'date<': '2023-11-19T06:48:39.727000+00:00'}
2025-12-14 16:34:59 [DEBUG] __main__ - [compute_lap_features_for_driver] driver=1 lap=24, car_data rows=379
2025-12-14 16:34:59 [INFO] __main__ - [compute_lap_features_for_driver] driver=1 lap=25 KEEP, status=GREEN, duration=99.0s
2025-12-14 16:34:59 [DEBUG] __main__ - [get_openf1] GET https://api.openf1.org/v1/car_data params={'session_key': 9189, 'driver_number': 1, 'date>': '2023-11-19T06:48:39.727000+00:00', 'date<': '2023-11-19T06:50:18.756000+00:00'}
2025-12-14 16:35:00 [DEBUG] __main__ - [compute_lap_features_for_driver] driver=1 lap=25, car_data rows=360
2025-12-14 16:35:00 [INFO] __main__ - [compute_lap_features_for_driver] driver=1 lap=26 DROP (SC_LAP), status=SC, duration=113.4s
2025-12-14 16:35:00 [INFO] __main__ - [compute_lap_features_for_driver] driver=1 lap=27 DROP (YELLOW_FLAG_LAP), status=YELLOW, duration=171.5s
2025-12-14 16:35:00 [INFO] __main__ - [compute_lap_features_for_driver] driver=1 lap=28 DROP (SC_LAP), status=SC, duration=163.8s
2025-12-14 16:35:00 [INFO] __main__ - [compute_lap_features_for_driver] driver=1 lap=29 KEEP, status=GREEN, duration=100.9s
2025-12-14 16:35:00 [DEBUG] __main__ - [get_openf1] GET https://api.openf1.org/v1/car_data params={'session_key': 9189, 'driver_number': 1, 'date>': '2023-11-19T06:57:47.420000+00:00', 'date<': '2023-11-19T06:59:28.325000+00:00'}
2025-12-14 16:35:00 [DEBUG] __main__ - [compute_lap_features_for_driver] driver=1 lap=29, car_data rows=378
2025-12-14 16:35:00 [INFO] __main__ - [compute_lap_features_for_driver] driver=1 lap=30 KEEP, status=GREEN, duration=98.5s
2025-12-14 16:35:00 [DEBUG] __main__ - [get_openf1] GET https://api.openf1.org/v1/car_data params={'session_key': 9189, 'driver_number': 1, 'date>': '2023-11-19T06:59:28.325000+00:00', 'date<': '2023-11-19T07:01:06.792000+00:00'}
2025-12-14 16:35:01 [DEBUG] __main__ - [compute_lap_features_for_driver] driver=1 lap=30, car_data rows=374
2025-12-14 16:35:01 [INFO] __main__ - [compute_lap_features_for_driver] driver=1 lap=31 KEEP, status=GREEN, duration=97.8s
2025-12-14 16:35:01 [DEBUG] __main__ - [get_openf1] GET https://api.openf1.org/v1/car_data params={'session_key': 9189, 'driver_number': 1, 'date>': '2023-11-19T07:01:06.792000+00:00', 'date<': '2023-11-19T07:02:44.556000+00:00'}
2025-12-14 16:35:02 [DEBUG] __main__ - [compute_lap_features_for_driver] driver=1 lap=31, car_data rows=365
2025-12-14 16:35:02 [INFO] __main__ - [compute_lap_features_for_driver] driver=1 lap=32 KEEP, status=GREEN, duration=96.6s
2025-12-14 16:35:02 [DEBUG] __main__ - [get_openf1] GET https://api.openf1.org/v1/car_data params={'session_key': 9189, 'driver_number': 1, 'date>': '2023-11-19T07:02:44.556000+00:00', 'date<': '2023-11-19T07:04:21.163000+00:00'}
2025-12-14 16:35:03 [DEBUG] __main__ - [compute_lap_features_for_driver] driver=1 lap=32, car_data rows=368
2025-12-14 16:35:03 [INFO] __main__ - [compute_lap_features_for_driver] driver=1 lap=33 KEEP, status=GREEN, duration=96.5s
2025-12-14 16:35:03 [DEBUG] __main__ - [get_openf1] GET https://api.openf1.org/v1/car_data params={'session_key': 9189, 'driver_number': 1, 'date>': '2023-11-19T07:04:21.163000+00:00', 'date<': '2023-11-19T07:05:57.630000+00:00'}
2025-12-14 16:35:04 [DEBUG] __main__ - [compute_lap_features_for_driver] driver=1 lap=33, car_data rows=345
2025-12-14 16:35:04 [INFO] __main__ - [compute_lap_features_for_driver] driver=1 lap=34 KEEP, status=GREEN, duration=96.5s
2025-12-14 16:35:04 [DEBUG] __main__ - [get_openf1] GET https://api.openf1.org/v1/car_data params={'session_key': 9189, 'driver_number': 1, 'date>': '2023-11-19T07:05:57.630000+00:00', 'date<': '2023-11-19T07:07:34.097000+00:00'}
2025-12-14 16:35:06 [DEBUG] __main__ - [compute_lap_features_for_driver] driver=1 lap=34, car_data rows=357
2025-12-14 16:35:06 [INFO] __main__ - [compute_lap_features_for_driver] driver=1 lap=35 KEEP, status=GREEN, duration=96.3s
2025-12-14 16:35:06 [DEBUG] __main__ - [get_openf1] GET https://api.openf1.org/v1/car_data params={'session_key': 9189, 'driver_number': 1, 'date>': '2023-11-19T07:07:34.097000+00:00', 'date<': '2023-11-19T07:09:10.377000+00:00'}
2025-12-14 16:35:07 [DEBUG] __main__ - [compute_lap_features_for_driver] driver=1 lap=35, car_data rows=362
2025-12-14 16:35:07 [INFO] __main__ - [compute_lap_features_for_driver] driver=1 lap=36 KEEP, status=GREEN, duration=96.2s
2025-12-14 16:35:07 [DEBUG] __main__ - [get_openf1] GET https://api.openf1.org/v1/car_data params={'session_key': 9189, 'driver_number': 1, 'date>': '2023-11-19T07:09:10.377000+00:00', 'date<': '2023-11-19T07:10:46.532000+00:00'}
2025-12-14 16:35:08 [DEBUG] __main__ - [compute_lap_features_for_driver] driver=1 lap=36, car_data rows=351
2025-12-14 16:35:08 [INFO] __main__ - [compute_lap_features_for_driver] driver=1 lap=37 KEEP, status=GREEN, duration=96.7s
2025-12-14 16:35:08 [DEBUG] __main__ - [get_openf1] GET https://api.openf1.org/v1/car_data params={'session_key': 9189, 'driver_number': 1, 'date>': '2023-11-19T07:10:46.532000+00:00', 'date<': '2023-11-19T07:12:23.202000+00:00'}
2025-12-14 16:35:08 [DEBUG] __main__ - [compute_lap_features_for_driver] driver=1 lap=37, car_data rows=370
2025-12-14 16:35:08 [INFO] __main__ - [compute_lap_features_for_driver] driver=1 lap=38 KEEP, status=GREEN, duration=96.2s
2025-12-14 16:35:08 [DEBUG] __main__ - [get_openf1] GET https://api.openf1.org/v1/car_data params={'session_key': 9189, 'driver_number': 1, 'date>': '2023-11-19T07:12:23.202000+00:00', 'date<': '2023-11-19T07:13:59.450000+00:00'}
2025-12-14 16:35:09 [DEBUG] __main__ - [compute_lap_features_for_driver] driver=1 lap=38, car_data rows=363
2025-12-14 16:35:09 [INFO] __main__ - [compute_lap_features_for_driver] driver=1 lap=39 KEEP, status=GREEN, duration=95.8s
2025-12-14 16:35:09 [DEBUG] __main__ - [get_openf1] GET https://api.openf1.org/v1/car_data params={'session_key': 9189, 'driver_number': 1, 'date>': '2023-11-19T07:13:59.450000+00:00', 'date<': '2023-11-19T07:15:35.292000+00:00'}
2025-12-14 16:35:10 [DEBUG] __main__ - [compute_lap_features_for_driver] driver=1 lap=39, car_data rows=362
2025-12-14 16:35:10 [INFO] __main__ - [compute_lap_features_for_driver] driver=1 lap=40 DROP (YELLOW_FLAG_LAP), status=YELLOW, duration=96.1s
2025-12-14 16:35:10 [INFO] __main__ - [compute_lap_features_for_driver] driver=1 lap=41 KEEP, status=GREEN, duration=95.9s
2025-12-14 16:35:10 [DEBUG] __main__ - [get_openf1] GET https://api.openf1.org/v1/car_data params={'session_key': 9189, 'driver_number': 1, 'date>': '2023-11-19T07:17:11.369000+00:00', 'date<': '2023-11-19T07:18:47.226000+00:00'}
2025-12-14 16:35:11 [DEBUG] __main__ - [compute_lap_features_for_driver] driver=1 lap=41, car_data rows=368
2025-12-14 16:35:11 [INFO] __main__ - [compute_lap_features_for_driver] driver=1 lap=42 KEEP, status=GREEN, duration=96.2s
2025-12-14 16:35:11 [DEBUG] __main__ - [get_openf1] GET https://api.openf1.org/v1/car_data params={'session_key': 9189, 'driver_number': 1, 'date>': '2023-11-19T07:18:47.226000+00:00', 'date<': '2023-11-19T07:20:23.459000+00:00'}
2025-12-14 16:35:11 [DEBUG] __main__ - [compute_lap_features_for_driver] driver=1 lap=42, car_data rows=358
2025-12-14 16:35:11 [INFO] __main__ - [compute_lap_features_for_driver] driver=1 lap=43 KEEP, status=GREEN, duration=95.9s
2025-12-14 16:35:11 [DEBUG] __main__ - [get_openf1] GET https://api.openf1.org/v1/car_data params={'session_key': 9189, 'driver_number': 1, 'date>': '2023-11-19T07:20:23.459000+00:00', 'date<': '2023-11-19T07:21:59.348000+00:00'}
2025-12-14 16:35:12 [DEBUG] __main__ - [compute_lap_features_for_driver] driver=1 lap=43, car_data rows=369
2025-12-14 16:35:12 [INFO] __main__ - [compute_lap_features_for_driver] driver=1 lap=44 KEEP, status=GREEN, duration=95.6s
2025-12-14 16:35:12 [DEBUG] __main__ - [get_openf1] GET https://api.openf1.org/v1/car_data params={'session_key': 9189, 'driver_number': 1, 'date>': '2023-11-19T07:21:59.348000+00:00', 'date<': '2023-11-19T07:23:34.987000+00:00'}
2025-12-14 16:35:13 [DEBUG] __main__ - [compute_lap_features_for_driver] driver=1 lap=44, car_data rows=355
2025-12-14 16:35:13 [INFO] __main__ - [compute_lap_features_for_driver] driver=1 lap=45 KEEP, status=GREEN, duration=96.0s
2025-12-14 16:35:13 [DEBUG] __main__ - [get_openf1] GET https://api.openf1.org/v1/car_data params={'session_key': 9189, 'driver_number': 1, 'date>': '2023-11-19T07:23:34.987000+00:00', 'date<': '2023-11-19T07:25:10.969000+00:00'}
2025-12-14 16:35:13 [DEBUG] __main__ - [compute_lap_features_for_driver] driver=1 lap=45, car_data rows=362
2025-12-14 16:35:13 [INFO] __main__ - [compute_lap_features_for_driver] driver=1 lap=46 KEEP, status=GREEN, duration=95.9s
2025-12-14 16:35:13 [DEBUG] __main__ - [get_openf1] GET https://api.openf1.org/v1/car_data params={'session_key': 9189, 'driver_number': 1, 'date>': '2023-11-19T07:25:10.969000+00:00', 'date<': '2023-11-19T07:26:46.858000+00:00'}
2025-12-14 16:35:14 [DEBUG] __main__ - [compute_lap_features_for_driver] driver=1 lap=46, car_data rows=370
2025-12-14 16:35:14 [INFO] __main__ - [compute_lap_features_for_driver] driver=1 lap=47 DROP (YELLOW_FLAG_LAP), status=YELLOW, duration=95.8s
2025-12-14 16:35:14 [INFO] __main__ - [compute_lap_features_for_driver] driver=1 lap=48 DROP (YELLOW_FLAG_LAP), status=YELLOW, duration=96.6s
2025-12-14 16:35:14 [INFO] __main__ - [compute_lap_features_for_driver] driver=1 lap=49 KEEP, status=GREEN, duration=96.9s
2025-12-14 16:35:14 [DEBUG] __main__ - [get_openf1] GET https://api.openf1.org/v1/car_data params={'session_key': 9189, 'driver_number': 1, 'date>': '2023-11-19T07:29:59.230000+00:00', 'date<': '2023-11-19T07:31:36.103000+00:00'}
2025-12-14 16:35:15 [DEBUG] __main__ - [compute_lap_features_for_driver] driver=1 lap=49, car_data rows=363
2025-12-14 16:35:15 [INFO] __main__ - [compute_lap_features_for_driver] driver=1 lap=50 KEEP, status=GREEN, duration=97.6s
2025-12-14 16:35:15 [DEBUG] __main__ - [get_openf1] GET https://api.openf1.org/v1/car_data params={'session_key': 9189, 'driver_number': 1, 'date>': '2023-11-19T07:31:36.103000+00:00', 'date<': '2023-11-19T07:33:13.695000+00:00'}
2025-12-14 16:35:16 [DEBUG] __main__ - [compute_lap_features_for_driver] driver=1 lap=50, car_data rows=374
2025-12-14 16:35:16 [INFO] __main__ - [compute_lap_features_for_driver] driver=1 lap=51 DROP (CHEQUERED_FLAG_LAP), status=YELLOW;RED_FLAG;CHEQUERED, duration=nans
2025-12-14 16:35:16 [INFO] __main__ - [compute_lap_features_for_driver] driver=1, feature laps=[7, 8, 9, 10, 11, 12, 13, 15, 16, 17, 18, 19, 21, 22, 23, 24, 25, 29, 30, 31, 32, 33, 34, 35, 36, 37, 38, 39, 41, 42, 43, 44, 45, 46, 49, 50]
2025-12-14 16:35:16 [INFO] __main__ - [build_driver_style_embedding_json] compute features for driver=11
2025-12-14 16:35:16 [DEBUG] __main__ - [get_openf1] GET https://api.openf1.org/v1/laps params={'session_key': 9189, 'driver_number': 11}
2025-12-14 16:35:17 [DEBUG] __main__ - [get_openf1] GET https://api.openf1.org/v1/sessions params={'session_key': 9189}
2025-12-14 16:35:17 [INFO] __main__ - [fetch_session_start] session_key=9189, date_start=2023-11-19 06:00:00+00:00
2025-12-14 16:35:17 [INFO] __main__ - [fetch_race_start_time] use first GREEN as race_start: 2023-11-19 06:04:05+00:00
2025-12-14 16:35:17 [INFO] __main__ - [fetch_laps] fill lap 1 date_start with race_start=2023-11-19 06:04:05+00:00
2025-12-14 16:35:17 [INFO] __main__ - [fetch_laps] driver=11, laps: min=1, max=51, count=51
2025-12-14 16:35:17 [DEBUG] __main__ - [fetch_laps] head:
   meeting_key  session_key  ...  st_speed  lap_duration_s
0         1225         9189  ...     282.0         125.209
1         1225         9189  ...     288.0         145.076
2         1225         9189  ...     222.0         119.201
3         1225         9189  ...     132.0         165.403
4         1225         9189  ...     143.0         170.982

[5 rows x 17 columns]
2025-12-14 16:35:17 [DEBUG] __main__ - [build_lap_status_mapping] status_by_lap={1: 'VSC;YELLOW', 2: 'VSC', 3: 'SC;YELLOW', 4: 'GREEN', 5: 'GREEN', 6: 'SC', 7: 'GREEN', 8: 'GREEN', 9: 'GREEN', 10: 'GREEN', 11: 'GREEN', 12: 'GREEN', 13: 'GREEN', 14: 'YELLOW', 15: 'GREEN', 16: 'GREEN', 17: 'GREEN', 18: 'GREEN', 19: 'GREEN', 20: 'YELLOW', 21: 'GREEN', 22: 'GREEN', 23: 'GREEN', 24: 'GREEN', 25: 'GREEN', 26: 'SC', 27: 'YELLOW', 28: 'SC', 29: 'GREEN', 30: 'GREEN', 31: 'GREEN', 32: 'GREEN', 33: 'GREEN', 34: 'GREEN', 35: 'GREEN', 36: 'GREEN', 37: 'GREEN', 38: 'GREEN', 39: 'GREEN', 40: 'YELLOW', 41: 'GREEN', 42: 'GREEN', 43: 'GREEN', 44: 'GREEN', 45: 'GREEN', 46: 'GREEN', 47: 'YELLOW', 48: 'YELLOW', 49: 'GREEN', 50: 'GREEN', 51: 'YELLOW;RED_FLAG;CHEQUERED'}
2025-12-14 16:35:17 [INFO] __main__ - [compute_lap_features_for_driver] driver=11, typical_duration_s=98.12299999999999
2025-12-14 16:35:17 [INFO] __main__ - [compute_lap_features_for_driver] driver=11 lap=1 DROP (VSC_LAP), status=VSC;YELLOW, duration=125.2s
2025-12-14 16:35:17 [INFO] __main__ - [compute_lap_features_for_driver] driver=11 lap=2 DROP (VSC_LAP), status=VSC, duration=145.1s
2025-12-14 16:35:17 [INFO] __main__ - [compute_lap_features_for_driver] driver=11 lap=3 DROP (SC_LAP), status=SC;YELLOW, duration=119.2s
2025-12-14 16:35:17 [INFO] __main__ - [compute_lap_features_for_driver] driver=11 lap=4 DROP (LONG_LAP_165.4s), status=GREEN, duration=165.4s
2025-12-14 16:35:17 [INFO] __main__ - [compute_lap_features_for_driver] driver=11 lap=5 DROP (LONG_LAP_171.0s), status=GREEN, duration=171.0s
2025-12-14 16:35:17 [INFO] __main__ - [compute_lap_features_for_driver] driver=11 lap=6 DROP (SC_LAP), status=SC, duration=147.2s
2025-12-14 16:35:17 [INFO] __main__ - [compute_lap_features_for_driver] driver=11 lap=7 KEEP, status=GREEN, duration=104.2s
2025-12-14 16:35:17 [DEBUG] __main__ - [get_openf1] GET https://api.openf1.org/v1/car_data params={'session_key': 9189, 'driver_number': 11, 'date>': '2023-11-19T06:18:38.056000+00:00', 'date<': '2023-11-19T06:20:22.273000+00:00'}
2025-12-14 16:35:18 [DEBUG] __main__ - [compute_lap_features_for_driver] driver=11 lap=7, car_data rows=401
2025-12-14 16:35:18 [INFO] __main__ - [compute_lap_features_for_driver] driver=11 lap=8 KEEP, status=GREEN, duration=101.3s
2025-12-14 16:35:18 [DEBUG] __main__ - [get_openf1] GET https://api.openf1.org/v1/car_data params={'session_key': 9189, 'driver_number': 11, 'date>': '2023-11-19T06:20:22.273000+00:00', 'date<': '2023-11-19T06:22:03.583000+00:00'}
2025-12-14 16:35:19 [DEBUG] __main__ - [compute_lap_features_for_driver] driver=11 lap=8, car_data rows=384
2025-12-14 16:35:19 [INFO] __main__ - [compute_lap_features_for_driver] driver=11 lap=9 KEEP, status=GREEN, duration=100.0s
2025-12-14 16:35:19 [DEBUG] __main__ - [get_openf1] GET https://api.openf1.org/v1/car_data params={'session_key': 9189, 'driver_number': 11, 'date>': '2023-11-19T06:22:03.583000+00:00', 'date<': '2023-11-19T06:23:43.613000+00:00'}
2025-12-14 16:35:20 [DEBUG] __main__ - [compute_lap_features_for_driver] driver=11 lap=9, car_data rows=373
2025-12-14 16:35:20 [INFO] __main__ - [compute_lap_features_for_driver] driver=11 lap=10 KEEP, status=GREEN, duration=102.0s
2025-12-14 16:35:20 [DEBUG] __main__ - [get_openf1] GET https://api.openf1.org/v1/car_data params={'session_key': 9189, 'driver_number': 11, 'date>': '2023-11-19T06:23:43.613000+00:00', 'date<': '2023-11-19T06:25:25.611000+00:00'}
2025-12-14 16:35:21 [DEBUG] __main__ - [compute_lap_features_for_driver] driver=11 lap=10, car_data rows=376
2025-12-14 16:35:21 [INFO] __main__ - [compute_lap_features_for_driver] driver=11 lap=11 KEEP, status=GREEN, duration=99.3s
2025-12-14 16:35:21 [DEBUG] __main__ - [get_openf1] GET https://api.openf1.org/v1/car_data params={'session_key': 9189, 'driver_number': 11, 'date>': '2023-11-19T06:25:25.611000+00:00', 'date<': '2023-11-19T06:27:04.890000+00:00'}
2025-12-14 16:35:22 [DEBUG] __main__ - [compute_lap_features_for_driver] driver=11 lap=11, car_data rows=386
2025-12-14 16:35:22 [INFO] __main__ - [compute_lap_features_for_driver] driver=11 lap=12 KEEP, status=GREEN, duration=99.2s
2025-12-14 16:35:22 [DEBUG] __main__ - [get_openf1] GET https://api.openf1.org/v1/car_data params={'session_key': 9189, 'driver_number': 11, 'date>': '2023-11-19T06:27:04.890000+00:00', 'date<': '2023-11-19T06:28:44.076000+00:00'}
2025-12-14 16:35:23 [DEBUG] __main__ - [compute_lap_features_for_driver] driver=11 lap=12, car_data rows=375
2025-12-14 16:35:23 [INFO] __main__ - [compute_lap_features_for_driver] driver=11 lap=13 KEEP, status=GREEN, duration=98.2s
2025-12-14 16:35:23 [DEBUG] __main__ - [get_openf1] GET https://api.openf1.org/v1/car_data params={'session_key': 9189, 'driver_number': 11, 'date>': '2023-11-19T06:28:44.076000+00:00', 'date<': '2023-11-19T06:30:22.324000+00:00'}
2025-12-14 16:35:24 [DEBUG] __main__ - [compute_lap_features_for_driver] driver=11 lap=13, car_data rows=372
2025-12-14 16:35:24 [INFO] __main__ - [compute_lap_features_for_driver] driver=11 lap=14 DROP (YELLOW_FLAG_LAP), status=YELLOW, duration=99.4s
2025-12-14 16:35:24 [INFO] __main__ - [compute_lap_features_for_driver] driver=11 lap=15 KEEP, status=GREEN, duration=98.1s
2025-12-14 16:35:24 [DEBUG] __main__ - [get_openf1] GET https://api.openf1.org/v1/car_data params={'session_key': 9189, 'driver_number': 11, 'date>': '2023-11-19T06:32:01.729000+00:00', 'date<': '2023-11-19T06:33:39.821000+00:00'}
2025-12-14 16:35:24 [DEBUG] __main__ - [compute_lap_features_for_driver] driver=11 lap=15, car_data rows=373
2025-12-14 16:35:24 [INFO] __main__ - [compute_lap_features_for_driver] driver=11 lap=16 KEEP, status=GREEN, duration=98.2s
2025-12-14 16:35:24 [DEBUG] __main__ - [get_openf1] GET https://api.openf1.org/v1/car_data params={'session_key': 9189, 'driver_number': 11, 'date>': '2023-11-19T06:33:39.821000+00:00', 'date<': '2023-11-19T06:35:17.975000+00:00'}
2025-12-14 16:35:25 [DEBUG] __main__ - [compute_lap_features_for_driver] driver=11 lap=16, car_data rows=388
2025-12-14 16:35:25 [INFO] __main__ - [compute_lap_features_for_driver] driver=11 lap=17 KEEP, status=GREEN, duration=98.6s
2025-12-14 16:35:25 [DEBUG] __main__ - [get_openf1] GET https://api.openf1.org/v1/car_data params={'session_key': 9189, 'driver_number': 11, 'date>': '2023-11-19T06:35:17.975000+00:00', 'date<': '2023-11-19T06:36:56.599000+00:00'}
2025-12-14 16:35:26 [DEBUG] __main__ - [compute_lap_features_for_driver] driver=11 lap=17, car_data rows=372
2025-12-14 16:35:26 [INFO] __main__ - [compute_lap_features_for_driver] driver=11 lap=18 KEEP, status=GREEN, duration=98.7s
2025-12-14 16:35:26 [DEBUG] __main__ - [get_openf1] GET https://api.openf1.org/v1/car_data params={'session_key': 9189, 'driver_number': 11, 'date>': '2023-11-19T06:36:56.599000+00:00', 'date<': '2023-11-19T06:38:35.347000+00:00'}
2025-12-14 16:35:27 [DEBUG] __main__ - [compute_lap_features_for_driver] driver=11 lap=18, car_data rows=369
2025-12-14 16:35:27 [INFO] __main__ - [compute_lap_features_for_driver] driver=11 lap=19 KEEP, status=GREEN, duration=98.5s
2025-12-14 16:35:27 [DEBUG] __main__ - [get_openf1] GET https://api.openf1.org/v1/car_data params={'session_key': 9189, 'driver_number': 11, 'date>': '2023-11-19T06:38:35.347000+00:00', 'date<': '2023-11-19T06:40:13.861000+00:00'}
2025-12-14 16:35:28 [DEBUG] __main__ - [compute_lap_features_for_driver] driver=11 lap=19, car_data rows=368
2025-12-14 16:35:28 [INFO] __main__ - [compute_lap_features_for_driver] driver=11 lap=20 DROP (YELLOW_FLAG_LAP), status=YELLOW, duration=98.5s
2025-12-14 16:35:28 [INFO] __main__ - [compute_lap_features_for_driver] driver=11 lap=21 KEEP, status=GREEN, duration=98.2s
2025-12-14 16:35:28 [DEBUG] __main__ - [get_openf1] GET https://api.openf1.org/v1/car_data params={'session_key': 9189, 'driver_number': 11, 'date>': '2023-11-19T06:41:52.312000+00:00', 'date<': '2023-11-19T06:43:30.545000+00:00'}
2025-12-14 16:35:28 [DEBUG] __main__ - [compute_lap_features_for_driver] driver=11 lap=21, car_data rows=366
2025-12-14 16:35:28 [INFO] __main__ - [compute_lap_features_for_driver] driver=11 lap=22 KEEP, status=GREEN, duration=98.2s
2025-12-14 16:35:28 [DEBUG] __main__ - [get_openf1] GET https://api.openf1.org/v1/car_data params={'session_key': 9189, 'driver_number': 11, 'date>': '2023-11-19T06:43:30.545000+00:00', 'date<': '2023-11-19T06:45:08.699000+00:00'}
2025-12-14 16:35:29 [DEBUG] __main__ - [compute_lap_features_for_driver] driver=11 lap=22, car_data rows=364
2025-12-14 16:35:29 [INFO] __main__ - [compute_lap_features_for_driver] driver=11 lap=23 KEEP, status=GREEN, duration=98.4s
2025-12-14 16:35:29 [DEBUG] __main__ - [get_openf1] GET https://api.openf1.org/v1/car_data params={'session_key': 9189, 'driver_number': 11, 'date>': '2023-11-19T06:45:08.699000+00:00', 'date<': '2023-11-19T06:46:47.088000+00:00'}
2025-12-14 16:35:30 [DEBUG] __main__ - [compute_lap_features_for_driver] driver=11 lap=23, car_data rows=369
2025-12-14 16:35:30 [INFO] __main__ - [compute_lap_features_for_driver] driver=11 lap=24 KEEP, status=GREEN, duration=98.0s
2025-12-14 16:35:30 [DEBUG] __main__ - [get_openf1] GET https://api.openf1.org/v1/car_data params={'session_key': 9189, 'driver_number': 11, 'date>': '2023-11-19T06:46:47.088000+00:00', 'date<': '2023-11-19T06:48:25.133000+00:00'}
2025-12-14 16:35:30 [DEBUG] __main__ - [compute_lap_features_for_driver] driver=11 lap=24, car_data rows=370
2025-12-14 16:35:30 [INFO] __main__ - [compute_lap_features_for_driver] driver=11 lap=25 KEEP, status=GREEN, duration=98.3s
2025-12-14 16:35:30 [DEBUG] __main__ - [get_openf1] GET https://api.openf1.org/v1/car_data params={'session_key': 9189, 'driver_number': 11, 'date>': '2023-11-19T06:48:25.133000+00:00', 'date<': '2023-11-19T06:50:03.429000+00:00'}
2025-12-14 16:35:31 [DEBUG] __main__ - [compute_lap_features_for_driver] driver=11 lap=25, car_data rows=362
2025-12-14 16:35:31 [INFO] __main__ - [compute_lap_features_for_driver] driver=11 lap=26 DROP (SC_LAP), status=SC, duration=112.9s
2025-12-14 16:35:31 [INFO] __main__ - [compute_lap_features_for_driver] driver=11 lap=27 DROP (YELLOW_FLAG_LAP), status=YELLOW, duration=183.5s
2025-12-14 16:35:31 [INFO] __main__ - [compute_lap_features_for_driver] driver=11 lap=28 DROP (SC_LAP), status=SC, duration=166.4s
2025-12-14 16:35:31 [INFO] __main__ - [compute_lap_features_for_driver] driver=11 lap=29 KEEP, status=GREEN, duration=99.5s
2025-12-14 16:35:31 [DEBUG] __main__ - [get_openf1] GET https://api.openf1.org/v1/car_data params={'session_key': 9189, 'driver_number': 11, 'date>': '2023-11-19T06:57:46.217000+00:00', 'date<': '2023-11-19T06:59:25.715000+00:00'}
2025-12-14 16:35:32 [DEBUG] __main__ - [compute_lap_features_for_driver] driver=11 lap=29, car_data rows=373
2025-12-14 16:35:32 [INFO] __main__ - [compute_lap_features_for_driver] driver=11 lap=30 KEEP, status=GREEN, duration=98.0s
2025-12-14 16:35:32 [DEBUG] __main__ - [get_openf1] GET https://api.openf1.org/v1/car_data params={'session_key': 9189, 'driver_number': 11, 'date>': '2023-11-19T06:59:25.715000+00:00', 'date<': '2023-11-19T07:01:03.699000+00:00'}
2025-12-14 16:35:33 [DEBUG] __main__ - [compute_lap_features_for_driver] driver=11 lap=30, car_data rows=370
2025-12-14 16:35:33 [INFO] __main__ - [compute_lap_features_for_driver] driver=11 lap=31 KEEP, status=GREEN, duration=97.4s
2025-12-14 16:35:33 [DEBUG] __main__ - [get_openf1] GET https://api.openf1.org/v1/car_data params={'session_key': 9189, 'driver_number': 11, 'date>': '2023-11-19T07:01:03.699000+00:00', 'date<': '2023-11-19T07:02:41.118000+00:00'}
2025-12-14 16:35:33 [DEBUG] __main__ - [compute_lap_features_for_driver] driver=11 lap=31, car_data rows=364
2025-12-14 16:35:33 [INFO] __main__ - [compute_lap_features_for_driver] driver=11 lap=32 KEEP, status=GREEN, duration=97.0s
2025-12-14 16:35:33 [DEBUG] __main__ - [get_openf1] GET https://api.openf1.org/v1/car_data params={'session_key': 9189, 'driver_number': 11, 'date>': '2023-11-19T07:02:41.118000+00:00', 'date<': '2023-11-19T07:04:18.117000+00:00'}
2025-12-14 16:35:34 [DEBUG] __main__ - [compute_lap_features_for_driver] driver=11 lap=32, car_data rows=371
2025-12-14 16:35:34 [INFO] __main__ - [compute_lap_features_for_driver] driver=11 lap=33 KEEP, status=GREEN, duration=97.1s
2025-12-14 16:35:34 [DEBUG] __main__ - [get_openf1] GET https://api.openf1.org/v1/car_data params={'session_key': 9189, 'driver_number': 11, 'date>': '2023-11-19T07:04:18.117000+00:00', 'date<': '2023-11-19T07:05:55.209000+00:00'}
2025-12-14 16:35:35 [DEBUG] __main__ - [compute_lap_features_for_driver] driver=11 lap=33, car_data rows=348
2025-12-14 16:35:35 [INFO] __main__ - [compute_lap_features_for_driver] driver=11 lap=34 KEEP, status=GREEN, duration=96.8s
2025-12-14 16:35:35 [DEBUG] __main__ - [get_openf1] GET https://api.openf1.org/v1/car_data params={'session_key': 9189, 'driver_number': 11, 'date>': '2023-11-19T07:05:55.209000+00:00', 'date<': '2023-11-19T07:07:32.051000+00:00'}
2025-12-14 16:35:36 [DEBUG] __main__ - [compute_lap_features_for_driver] driver=11 lap=34, car_data rows=358
2025-12-14 16:35:36 [INFO] __main__ - [compute_lap_features_for_driver] driver=11 lap=35 KEEP, status=GREEN, duration=97.7s
2025-12-14 16:35:36 [DEBUG] __main__ - [get_openf1] GET https://api.openf1.org/v1/car_data params={'session_key': 9189, 'driver_number': 11, 'date>': '2023-11-19T07:07:32.051000+00:00', 'date<': '2023-11-19T07:09:09.736000+00:00'}
2025-12-14 16:35:37 [DEBUG] __main__ - [compute_lap_features_for_driver] driver=11 lap=35, car_data rows=366
2025-12-14 16:35:37 [INFO] __main__ - [compute_lap_features_for_driver] driver=11 lap=36 KEEP, status=GREEN, duration=97.6s
2025-12-14 16:35:37 [DEBUG] __main__ - [get_openf1] GET https://api.openf1.org/v1/car_data params={'session_key': 9189, 'driver_number': 11, 'date>': '2023-11-19T07:09:09.736000+00:00', 'date<': '2023-11-19T07:10:47.297000+00:00'}
2025-12-14 16:35:38 [DEBUG] __main__ - [compute_lap_features_for_driver] driver=11 lap=36, car_data rows=357
2025-12-14 16:35:38 [INFO] __main__ - [compute_lap_features_for_driver] driver=11 lap=37 KEEP, status=GREEN, duration=97.1s
2025-12-14 16:35:38 [DEBUG] __main__ - [get_openf1] GET https://api.openf1.org/v1/car_data params={'session_key': 9189, 'driver_number': 11, 'date>': '2023-11-19T07:10:47.297000+00:00', 'date<': '2023-11-19T07:12:24.405000+00:00'}
2025-12-14 16:35:38 [DEBUG] __main__ - [compute_lap_features_for_driver] driver=11 lap=37, car_data rows=372
2025-12-14 16:35:38 [INFO] __main__ - [compute_lap_features_for_driver] driver=11 lap=38 KEEP, status=GREEN, duration=96.6s
2025-12-14 16:35:38 [DEBUG] __main__ - [get_openf1] GET https://api.openf1.org/v1/car_data params={'session_key': 9189, 'driver_number': 11, 'date>': '2023-11-19T07:12:24.405000+00:00', 'date<': '2023-11-19T07:14:00.997000+00:00'}
2025-12-14 16:35:39 [DEBUG] __main__ - [compute_lap_features_for_driver] driver=11 lap=38, car_data rows=365
2025-12-14 16:35:39 [INFO] __main__ - [compute_lap_features_for_driver] driver=11 lap=39 KEEP, status=GREEN, duration=96.1s
2025-12-14 16:35:39 [DEBUG] __main__ - [get_openf1] GET https://api.openf1.org/v1/car_data params={'session_key': 9189, 'driver_number': 11, 'date>': '2023-11-19T07:14:00.997000+00:00', 'date<': '2023-11-19T07:15:37.058000+00:00'}
2025-12-14 16:35:40 [DEBUG] __main__ - [compute_lap_features_for_driver] driver=11 lap=39, car_data rows=362
2025-12-14 16:35:40 [INFO] __main__ - [compute_lap_features_for_driver] driver=11 lap=40 DROP (YELLOW_FLAG_LAP), status=YELLOW, duration=95.9s
2025-12-14 16:35:40 [INFO] __main__ - [compute_lap_features_for_driver] driver=11 lap=41 KEEP, status=GREEN, duration=96.4s
2025-12-14 16:35:40 [DEBUG] __main__ - [get_openf1] GET https://api.openf1.org/v1/car_data params={'session_key': 9189, 'driver_number': 11, 'date>': '2023-11-19T07:17:12.915000+00:00', 'date<': '2023-11-19T07:18:49.320000+00:00'}
2025-12-14 16:35:41 [DEBUG] __main__ - [compute_lap_features_for_driver] driver=11 lap=41, car_data rows=370
2025-12-14 16:35:41 [INFO] __main__ - [compute_lap_features_for_driver] driver=11 lap=42 KEEP, status=GREEN, duration=96.6s
2025-12-14 16:35:41 [DEBUG] __main__ - [get_openf1] GET https://api.openf1.org/v1/car_data params={'session_key': 9189, 'driver_number': 11, 'date>': '2023-11-19T07:18:49.320000+00:00', 'date<': '2023-11-19T07:20:25.896000+00:00'}
2025-12-14 16:35:41 [DEBUG] __main__ - [compute_lap_features_for_driver] driver=11 lap=42, car_data rows=359
2025-12-14 16:35:41 [INFO] __main__ - [compute_lap_features_for_driver] driver=11 lap=43 KEEP, status=GREEN, duration=96.3s
2025-12-14 16:35:41 [DEBUG] __main__ - [get_openf1] GET https://api.openf1.org/v1/car_data params={'session_key': 9189, 'driver_number': 11, 'date>': '2023-11-19T07:20:25.896000+00:00', 'date<': '2023-11-19T07:22:02.207000+00:00'}
2025-12-14 16:35:42 [DEBUG] __main__ - [compute_lap_features_for_driver] driver=11 lap=43, car_data rows=372
2025-12-14 16:35:42 [INFO] __main__ - [compute_lap_features_for_driver] driver=11 lap=44 KEEP, status=GREEN, duration=96.7s
2025-12-14 16:35:42 [DEBUG] __main__ - [get_openf1] GET https://api.openf1.org/v1/car_data params={'session_key': 9189, 'driver_number': 11, 'date>': '2023-11-19T07:22:02.207000+00:00', 'date<': '2023-11-19T07:23:38.893000+00:00'}
2025-12-14 16:35:43 [DEBUG] __main__ - [compute_lap_features_for_driver] driver=11 lap=44, car_data rows=359
2025-12-14 16:35:43 [INFO] __main__ - [compute_lap_features_for_driver] driver=11 lap=45 KEEP, status=GREEN, duration=96.1s
2025-12-14 16:35:43 [DEBUG] __main__ - [get_openf1] GET https://api.openf1.org/v1/car_data params={'session_key': 9189, 'driver_number': 11, 'date>': '2023-11-19T07:23:38.893000+00:00', 'date<': '2023-11-19T07:25:14.985000+00:00'}
2025-12-14 16:35:43 [DEBUG] __main__ - [compute_lap_features_for_driver] driver=11 lap=45, car_data rows=361
2025-12-14 16:35:43 [INFO] __main__ - [compute_lap_features_for_driver] driver=11 lap=46 KEEP, status=GREEN, duration=96.1s
2025-12-14 16:35:43 [DEBUG] __main__ - [get_openf1] GET https://api.openf1.org/v1/car_data params={'session_key': 9189, 'driver_number': 11, 'date>': '2023-11-19T07:25:14.985000+00:00', 'date<': '2023-11-19T07:26:51.108000+00:00'}
2025-12-14 16:35:44 [DEBUG] __main__ - [compute_lap_features_for_driver] driver=11 lap=46, car_data rows=371
2025-12-14 16:35:44 [INFO] __main__ - [compute_lap_features_for_driver] driver=11 lap=47 DROP (YELLOW_FLAG_LAP), status=YELLOW, duration=96.0s
2025-12-14 16:35:44 [INFO] __main__ - [compute_lap_features_for_driver] driver=11 lap=48 DROP (YELLOW_FLAG_LAP), status=YELLOW, duration=96.4s
2025-12-14 16:35:44 [INFO] __main__ - [compute_lap_features_for_driver] driver=11 lap=49 KEEP, status=GREEN, duration=96.1s
2025-12-14 16:35:44 [DEBUG] __main__ - [get_openf1] GET https://api.openf1.org/v1/car_data params={'session_key': 9189, 'driver_number': 11, 'date>': '2023-11-19T07:30:03.542000+00:00', 'date<': '2023-11-19T07:31:39.650000+00:00'}
2025-12-14 16:35:45 [DEBUG] __main__ - [compute_lap_features_for_driver] driver=11 lap=49, car_data rows=360
2025-12-14 16:35:45 [INFO] __main__ - [compute_lap_features_for_driver] driver=11 lap=50 KEEP, status=GREEN, duration=96.3s
2025-12-14 16:35:45 [DEBUG] __main__ - [get_openf1] GET https://api.openf1.org/v1/car_data params={'session_key': 9189, 'driver_number': 11, 'date>': '2023-11-19T07:31:39.650000+00:00', 'date<': '2023-11-19T07:33:15.961000+00:00'}
2025-12-14 16:35:45 [DEBUG] __main__ - [compute_lap_features_for_driver] driver=11 lap=50, car_data rows=369
2025-12-14 16:35:45 [INFO] __main__ - [compute_lap_features_for_driver] driver=11 lap=51 DROP (CHEQUERED_FLAG_LAP), status=YELLOW;RED_FLAG;CHEQUERED, duration=nans
2025-12-14 16:35:45 [INFO] __main__ - [compute_lap_features_for_driver] driver=11, feature laps=[7, 8, 9, 10, 11, 12, 13, 15, 16, 17, 18, 19, 21, 22, 23, 24, 25, 29, 30, 31, 32, 33, 34, 35, 36, 37, 38, 39, 41, 42, 43, 44, 45, 46, 49, 50]
2025-12-14 16:35:45 [INFO] __main__ - [build_driver_style_embedding_json] compute features for driver=27
2025-12-14 16:35:45 [DEBUG] __main__ - [get_openf1] GET https://api.openf1.org/v1/laps params={'session_key': 9189, 'driver_number': 27}
2025-12-14 16:35:47 [DEBUG] __main__ - [get_openf1] GET https://api.openf1.org/v1/sessions params={'session_key': 9189}
2025-12-14 16:35:47 [INFO] __main__ - [fetch_session_start] session_key=9189, date_start=2023-11-19 06:00:00+00:00
2025-12-14 16:35:47 [INFO] __main__ - [fetch_race_start_time] use first GREEN as race_start: 2023-11-19 06:04:05+00:00
2025-12-14 16:35:47 [INFO] __main__ - [fetch_laps] fill lap 1 date_start with race_start=2023-11-19 06:04:05+00:00
2025-12-14 16:35:47 [INFO] __main__ - [fetch_laps] driver=27, laps: min=1, max=46, count=46
2025-12-14 16:35:47 [DEBUG] __main__ - [fetch_laps] head:
   meeting_key  session_key  ...  st_speed  lap_duration_s
0         1225         9189  ...       262         122.866
1         1225         9189  ...       226         124.826
2         1225         9189  ...       128         115.716
3         1225         9189  ...       134         180.700
4         1225         9189  ...       150         168.357

[5 rows x 17 columns]
2025-12-14 16:35:47 [DEBUG] __main__ - [build_lap_status_mapping] status_by_lap={1: 'VSC;YELLOW', 2: 'VSC', 3: 'SC;YELLOW', 4: 'GREEN', 5: 'GREEN', 6: 'SC', 7: 'GREEN', 8: 'GREEN', 9: 'GREEN', 10: 'GREEN', 11: 'GREEN', 12: 'GREEN', 13: 'GREEN', 14: 'YELLOW', 15: 'GREEN', 16: 'GREEN', 17: 'GREEN', 18: 'GREEN', 19: 'GREEN', 20: 'YELLOW', 21: 'GREEN', 22: 'GREEN', 23: 'GREEN', 24: 'GREEN', 25: 'GREEN', 26: 'SC;YELLOW', 27: 'GREEN', 28: 'SC', 29: 'GREEN', 30: 'GREEN', 31: 'GREEN', 32: 'GREEN', 33: 'GREEN', 34: 'GREEN', 35: 'GREEN', 36: 'GREEN', 37: 'GREEN', 38: 'GREEN', 39: 'GREEN', 40: 'YELLOW', 41: 'GREEN', 42: 'GREEN', 43: 'GREEN', 44: 'GREEN', 45: 'GREEN', 46: 'YELLOW;RED_FLAG;CHEQUERED'}
2025-12-14 16:35:47 [INFO] __main__ - [compute_lap_features_for_driver] driver=27, typical_duration_s=99.749
2025-12-14 16:35:47 [INFO] __main__ - [compute_lap_features_for_driver] driver=27 lap=1 DROP (VSC_LAP), status=VSC;YELLOW, duration=122.9s
2025-12-14 16:35:47 [INFO] __main__ - [compute_lap_features_for_driver] driver=27 lap=2 DROP (VSC_LAP), status=VSC, duration=124.8s
2025-12-14 16:35:47 [INFO] __main__ - [compute_lap_features_for_driver] driver=27 lap=3 DROP (SC_LAP), status=SC;YELLOW, duration=115.7s
2025-12-14 16:35:47 [INFO] __main__ - [compute_lap_features_for_driver] driver=27 lap=4 DROP (LONG_LAP_180.7s), status=GREEN, duration=180.7s
2025-12-14 16:35:47 [INFO] __main__ - [compute_lap_features_for_driver] driver=27 lap=5 DROP (LONG_LAP_168.4s), status=GREEN, duration=168.4s
2025-12-14 16:35:47 [INFO] __main__ - [compute_lap_features_for_driver] driver=27 lap=6 DROP (SC_LAP), status=SC, duration=156.4s
2025-12-14 16:35:47 [INFO] __main__ - [compute_lap_features_for_driver] driver=27 lap=7 KEEP, status=GREEN, duration=103.3s
2025-12-14 16:35:47 [DEBUG] __main__ - [get_openf1] GET https://api.openf1.org/v1/car_data params={'session_key': 9189, 'driver_number': 27, 'date>': '2023-11-19T06:18:33.899000+00:00', 'date<': '2023-11-19T06:20:17.210000+00:00'}
2025-12-14 16:35:48 [DEBUG] __main__ - [compute_lap_features_for_driver] driver=27 lap=7, car_data rows=397
2025-12-14 16:35:48 [INFO] __main__ - [compute_lap_features_for_driver] driver=27 lap=8 KEEP, status=GREEN, duration=101.9s
2025-12-14 16:35:48 [DEBUG] __main__ - [get_openf1] GET https://api.openf1.org/v1/car_data params={'session_key': 9189, 'driver_number': 27, 'date>': '2023-11-19T06:20:17.210000+00:00', 'date<': '2023-11-19T06:21:59.130000+00:00'}
2025-12-14 16:35:49 [DEBUG] __main__ - [compute_lap_features_for_driver] driver=27 lap=8, car_data rows=388
2025-12-14 16:35:49 [INFO] __main__ - [compute_lap_features_for_driver] driver=27 lap=9 KEEP, status=GREEN, duration=100.6s
2025-12-14 16:35:49 [DEBUG] __main__ - [get_openf1] GET https://api.openf1.org/v1/car_data params={'session_key': 9189, 'driver_number': 27, 'date>': '2023-11-19T06:21:59.130000+00:00', 'date<': '2023-11-19T06:23:39.691000+00:00'}
2025-12-14 16:35:50 [DEBUG] __main__ - [compute_lap_features_for_driver] driver=27 lap=9, car_data rows=373
2025-12-14 16:35:50 [INFO] __main__ - [compute_lap_features_for_driver] driver=27 lap=10 KEEP, status=GREEN, duration=101.5s
2025-12-14 16:35:50 [DEBUG] __main__ - [get_openf1] GET https://api.openf1.org/v1/car_data params={'session_key': 9189, 'driver_number': 27, 'date>': '2023-11-19T06:23:39.691000+00:00', 'date<': '2023-11-19T06:25:21.220000+00:00'}
2025-12-14 16:35:51 [DEBUG] __main__ - [compute_lap_features_for_driver] driver=27 lap=10, car_data rows=372
2025-12-14 16:35:51 [INFO] __main__ - [compute_lap_features_for_driver] driver=27 lap=11 KEEP, status=GREEN, duration=102.0s
2025-12-14 16:35:51 [DEBUG] __main__ - [get_openf1] GET https://api.openf1.org/v1/car_data params={'session_key': 9189, 'driver_number': 27, 'date>': '2023-11-19T06:25:21.220000+00:00', 'date<': '2023-11-19T06:27:03.203000+00:00'}
2025-12-14 16:35:52 [DEBUG] __main__ - [compute_lap_features_for_driver] driver=27 lap=11, car_data rows=398
2025-12-14 16:35:52 [INFO] __main__ - [compute_lap_features_for_driver] driver=27 lap=12 KEEP, status=GREEN, duration=105.7s
2025-12-14 16:35:52 [DEBUG] __main__ - [get_openf1] GET https://api.openf1.org/v1/car_data params={'session_key': 9189, 'driver_number': 27, 'date>': '2023-11-19T06:27:03.203000+00:00', 'date<': '2023-11-19T06:28:48.904000+00:00'}
2025-12-14 16:35:53 [DEBUG] __main__ - [compute_lap_features_for_driver] driver=27 lap=12, car_data rows=398
2025-12-14 16:35:53 [INFO] __main__ - [compute_lap_features_for_driver] driver=27 lap=13 KEEP, status=GREEN, duration=117.5s
2025-12-14 16:35:53 [DEBUG] __main__ - [get_openf1] GET https://api.openf1.org/v1/car_data params={'session_key': 9189, 'driver_number': 27, 'date>': '2023-11-19T06:28:48.904000+00:00', 'date<': '2023-11-19T06:30:46.371000+00:00'}
2025-12-14 16:35:54 [DEBUG] __main__ - [compute_lap_features_for_driver] driver=27 lap=13, car_data rows=446
2025-12-14 16:35:54 [INFO] __main__ - [compute_lap_features_for_driver] driver=27 lap=14 DROP (YELLOW_FLAG_LAP), status=YELLOW, duration=99.5s
2025-12-14 16:35:54 [INFO] __main__ - [compute_lap_features_for_driver] driver=27 lap=15 KEEP, status=GREEN, duration=99.2s
2025-12-14 16:35:54 [DEBUG] __main__ - [get_openf1] GET https://api.openf1.org/v1/car_data params={'session_key': 9189, 'driver_number': 27, 'date>': '2023-11-19T06:32:25.853000+00:00', 'date<': '2023-11-19T06:34:05.008000+00:00'}
2025-12-14 16:35:55 [DEBUG] __main__ - [compute_lap_features_for_driver] driver=27 lap=15, car_data rows=379
2025-12-14 16:35:55 [INFO] __main__ - [compute_lap_features_for_driver] driver=27 lap=16 KEEP, status=GREEN, duration=98.2s
2025-12-14 16:35:55 [DEBUG] __main__ - [get_openf1] GET https://api.openf1.org/v1/car_data params={'session_key': 9189, 'driver_number': 27, 'date>': '2023-11-19T06:34:05.008000+00:00', 'date<': '2023-11-19T06:35:43.241000+00:00'}
2025-12-14 16:35:56 [DEBUG] __main__ - [compute_lap_features_for_driver] driver=27 lap=16, car_data rows=383
2025-12-14 16:35:56 [INFO] __main__ - [compute_lap_features_for_driver] driver=27 lap=17 KEEP, status=GREEN, duration=99.9s
2025-12-14 16:35:56 [DEBUG] __main__ - [get_openf1] GET https://api.openf1.org/v1/car_data params={'session_key': 9189, 'driver_number': 27, 'date>': '2023-11-19T06:35:43.241000+00:00', 'date<': '2023-11-19T06:37:23.145000+00:00'}
2025-12-14 16:35:57 [DEBUG] __main__ - [compute_lap_features_for_driver] driver=27 lap=17, car_data rows=378
2025-12-14 16:35:57 [INFO] __main__ - [compute_lap_features_for_driver] driver=27 lap=18 KEEP, status=GREEN, duration=100.8s
2025-12-14 16:35:57 [DEBUG] __main__ - [get_openf1] GET https://api.openf1.org/v1/car_data params={'session_key': 9189, 'driver_number': 27, 'date>': '2023-11-19T06:37:23.145000+00:00', 'date<': '2023-11-19T06:39:03.971000+00:00'}
2025-12-14 16:35:58 [DEBUG] __main__ - [compute_lap_features_for_driver] driver=27 lap=18, car_data rows=377
2025-12-14 16:35:58 [INFO] __main__ - [compute_lap_features_for_driver] driver=27 lap=19 KEEP, status=GREEN, duration=100.6s
2025-12-14 16:35:58 [DEBUG] __main__ - [get_openf1] GET https://api.openf1.org/v1/car_data params={'session_key': 9189, 'driver_number': 27, 'date>': '2023-11-19T06:39:03.971000+00:00', 'date<': '2023-11-19T06:40:44.563000+00:00'}
2025-12-14 16:35:59 [DEBUG] __main__ - [compute_lap_features_for_driver] driver=27 lap=19, car_data rows=377
2025-12-14 16:35:59 [INFO] __main__ - [compute_lap_features_for_driver] driver=27 lap=20 DROP (YELLOW_FLAG_LAP), status=YELLOW, duration=99.7s
2025-12-14 16:35:59 [INFO] __main__ - [compute_lap_features_for_driver] driver=27 lap=21 KEEP, status=GREEN, duration=99.9s
2025-12-14 16:35:59 [DEBUG] __main__ - [get_openf1] GET https://api.openf1.org/v1/car_data params={'session_key': 9189, 'driver_number': 27, 'date>': '2023-11-19T06:42:24.312000+00:00', 'date<': '2023-11-19T06:44:04.185000+00:00'}
2025-12-14 16:36:00 [DEBUG] __main__ - [compute_lap_features_for_driver] driver=27 lap=21, car_data rows=368
2025-12-14 16:36:00 [INFO] __main__ - [compute_lap_features_for_driver] driver=27 lap=22 KEEP, status=GREEN, duration=100.5s
2025-12-14 16:36:00 [DEBUG] __main__ - [get_openf1] GET https://api.openf1.org/v1/car_data params={'session_key': 9189, 'driver_number': 27, 'date>': '2023-11-19T06:44:04.185000+00:00', 'date<': '2023-11-19T06:45:44.699000+00:00'}
2025-12-14 16:36:00 [DEBUG] __main__ - [compute_lap_features_for_driver] driver=27 lap=22, car_data rows=371
2025-12-14 16:36:00 [INFO] __main__ - [compute_lap_features_for_driver] driver=27 lap=23 KEEP, status=GREEN, duration=99.3s
2025-12-14 16:36:00 [DEBUG] __main__ - [get_openf1] GET https://api.openf1.org/v1/car_data params={'session_key': 9189, 'driver_number': 27, 'date>': '2023-11-19T06:45:44.699000+00:00', 'date<': '2023-11-19T06:47:24.009000+00:00'}
2025-12-14 16:36:01 [DEBUG] __main__ - [compute_lap_features_for_driver] driver=27 lap=23, car_data rows=377
2025-12-14 16:36:01 [INFO] __main__ - [compute_lap_features_for_driver] driver=27 lap=24 KEEP, status=GREEN, duration=98.8s
2025-12-14 16:36:01 [DEBUG] __main__ - [get_openf1] GET https://api.openf1.org/v1/car_data params={'session_key': 9189, 'driver_number': 27, 'date>': '2023-11-19T06:47:24.009000+00:00', 'date<': '2023-11-19T06:49:02.805000+00:00'}
2025-12-14 16:36:02 [DEBUG] __main__ - [compute_lap_features_for_driver] driver=27 lap=24, car_data rows=378
2025-12-14 16:36:02 [INFO] __main__ - [compute_lap_features_for_driver] driver=27 lap=25 KEEP, status=GREEN, duration=99.6s
2025-12-14 16:36:02 [DEBUG] __main__ - [get_openf1] GET https://api.openf1.org/v1/car_data params={'session_key': 9189, 'driver_number': 27, 'date>': '2023-11-19T06:49:02.805000+00:00', 'date<': '2023-11-19T06:50:42.443000+00:00'}
2025-12-14 16:36:03 [DEBUG] __main__ - [compute_lap_features_for_driver] driver=27 lap=25, car_data rows=364
2025-12-14 16:36:03 [INFO] __main__ - [compute_lap_features_for_driver] driver=27 lap=26 DROP (SC_LAP), status=SC;YELLOW, duration=123.6s
2025-12-14 16:36:03 [INFO] __main__ - [compute_lap_features_for_driver] driver=27 lap=27 KEEP, status=GREEN, duration=148.9s
2025-12-14 16:36:03 [DEBUG] __main__ - [get_openf1] GET https://api.openf1.org/v1/car_data params={'session_key': 9189, 'driver_number': 27, 'date>': '2023-11-19T06:52:46.004000+00:00', 'date<': '2023-11-19T06:55:14.876000+00:00'}
2025-12-14 16:36:03 [DEBUG] __main__ - [compute_lap_features_for_driver] driver=27 lap=27, car_data rows=564
2025-12-14 16:36:03 [INFO] __main__ - [compute_lap_features_for_driver] driver=27 lap=28 DROP (SC_LAP), status=SC, duration=157.7s
2025-12-14 16:36:03 [INFO] __main__ - [compute_lap_features_for_driver] driver=27 lap=29 KEEP, status=GREEN, duration=101.4s
2025-12-14 16:36:03 [DEBUG] __main__ - [get_openf1] GET https://api.openf1.org/v1/car_data params={'session_key': 9189, 'driver_number': 27, 'date>': '2023-11-19T06:57:52.608000+00:00', 'date<': '2023-11-19T06:59:33.965000+00:00'}
2025-12-14 16:36:04 [DEBUG] __main__ - [compute_lap_features_for_driver] driver=27 lap=29, car_data rows=379
2025-12-14 16:36:04 [INFO] __main__ - [compute_lap_features_for_driver] driver=27 lap=30 KEEP, status=GREEN, duration=99.8s
2025-12-14 16:36:04 [DEBUG] __main__ - [get_openf1] GET https://api.openf1.org/v1/car_data params={'session_key': 9189, 'driver_number': 27, 'date>': '2023-11-19T06:59:33.965000+00:00', 'date<': '2023-11-19T07:01:13.760000+00:00'}
2025-12-14 16:36:05 [DEBUG] __main__ - [compute_lap_features_for_driver] driver=27 lap=30, car_data rows=378
2025-12-14 16:36:05 [INFO] __main__ - [compute_lap_features_for_driver] driver=27 lap=31 KEEP, status=GREEN, duration=99.8s
2025-12-14 16:36:05 [DEBUG] __main__ - [get_openf1] GET https://api.openf1.org/v1/car_data params={'session_key': 9189, 'driver_number': 27, 'date>': '2023-11-19T07:01:13.760000+00:00', 'date<': '2023-11-19T07:02:53.556000+00:00'}
2025-12-14 16:36:06 [DEBUG] __main__ - [compute_lap_features_for_driver] driver=27 lap=31, car_data rows=376
2025-12-14 16:36:06 [INFO] __main__ - [compute_lap_features_for_driver] driver=27 lap=32 KEEP, status=GREEN, duration=98.7s
2025-12-14 16:36:06 [DEBUG] __main__ - [get_openf1] GET https://api.openf1.org/v1/car_data params={'session_key': 9189, 'driver_number': 27, 'date>': '2023-11-19T07:02:53.556000+00:00', 'date<': '2023-11-19T07:04:32.304000+00:00'}
2025-12-14 16:36:07 [DEBUG] __main__ - [compute_lap_features_for_driver] driver=27 lap=32, car_data rows=372
2025-12-14 16:36:07 [INFO] __main__ - [compute_lap_features_for_driver] driver=27 lap=33 KEEP, status=GREEN, duration=98.1s
2025-12-14 16:36:07 [DEBUG] __main__ - [get_openf1] GET https://api.openf1.org/v1/car_data params={'session_key': 9189, 'driver_number': 27, 'date>': '2023-11-19T07:04:32.304000+00:00', 'date<': '2023-11-19T07:06:10.380000+00:00'}
2025-12-14 16:36:08 [DEBUG] __main__ - [compute_lap_features_for_driver] driver=27 lap=33, car_data rows=355
2025-12-14 16:36:08 [INFO] __main__ - [compute_lap_features_for_driver] driver=27 lap=34 KEEP, status=GREEN, duration=98.1s
2025-12-14 16:36:08 [DEBUG] __main__ - [get_openf1] GET https://api.openf1.org/v1/car_data params={'session_key': 9189, 'driver_number': 27, 'date>': '2023-11-19T07:06:10.380000+00:00', 'date<': '2023-11-19T07:07:48.519000+00:00'}
2025-12-14 16:36:09 [DEBUG] __main__ - [compute_lap_features_for_driver] driver=27 lap=34, car_data rows=362
2025-12-14 16:36:09 [INFO] __main__ - [compute_lap_features_for_driver] driver=27 lap=35 KEEP, status=GREEN, duration=97.9s
2025-12-14 16:36:09 [DEBUG] __main__ - [get_openf1] GET https://api.openf1.org/v1/car_data params={'session_key': 9189, 'driver_number': 27, 'date>': '2023-11-19T07:07:48.519000+00:00', 'date<': '2023-11-19T07:09:26.408000+00:00'}
2025-12-14 16:36:09 [DEBUG] __main__ - [compute_lap_features_for_driver] driver=27 lap=35, car_data rows=370
2025-12-14 16:36:09 [INFO] __main__ - [compute_lap_features_for_driver] driver=27 lap=36 KEEP, status=GREEN, duration=97.7s
2025-12-14 16:36:09 [DEBUG] __main__ - [get_openf1] GET https://api.openf1.org/v1/car_data params={'session_key': 9189, 'driver_number': 27, 'date>': '2023-11-19T07:09:26.408000+00:00', 'date<': '2023-11-19T07:11:04.078000+00:00'}
2025-12-14 16:36:10 [DEBUG] __main__ - [compute_lap_features_for_driver] driver=27 lap=36, car_data rows=354
2025-12-14 16:36:10 [INFO] __main__ - [compute_lap_features_for_driver] driver=27 lap=37 KEEP, status=GREEN, duration=97.9s
2025-12-14 16:36:10 [DEBUG] __main__ - [get_openf1] GET https://api.openf1.org/v1/car_data params={'session_key': 9189, 'driver_number': 27, 'date>': '2023-11-19T07:11:04.078000+00:00', 'date<': '2023-11-19T07:12:41.967000+00:00'}
2025-12-14 16:36:11 [DEBUG] __main__ - [compute_lap_features_for_driver] driver=27 lap=37, car_data rows=374
2025-12-14 16:36:11 [INFO] __main__ - [compute_lap_features_for_driver] driver=27 lap=38 KEEP, status=GREEN, duration=98.5s
2025-12-14 16:36:11 [DEBUG] __main__ - [get_openf1] GET https://api.openf1.org/v1/car_data params={'session_key': 9189, 'driver_number': 27, 'date>': '2023-11-19T07:12:41.967000+00:00', 'date<': '2023-11-19T07:14:20.497000+00:00'}
2025-12-14 16:36:12 [DEBUG] __main__ - [compute_lap_features_for_driver] driver=27 lap=38, car_data rows=373
2025-12-14 16:36:12 [INFO] __main__ - [compute_lap_features_for_driver] driver=27 lap=39 KEEP, status=GREEN, duration=98.3s
2025-12-14 16:36:12 [DEBUG] __main__ - [get_openf1] GET https://api.openf1.org/v1/car_data params={'session_key': 9189, 'driver_number': 27, 'date>': '2023-11-19T07:14:20.497000+00:00', 'date<': '2023-11-19T07:15:58.761000+00:00'}
2025-12-14 16:36:13 [DEBUG] __main__ - [compute_lap_features_for_driver] driver=27 lap=39, car_data rows=371
2025-12-14 16:36:13 [INFO] __main__ - [compute_lap_features_for_driver] driver=27 lap=40 DROP (YELLOW_FLAG_LAP), status=YELLOW, duration=99.2s
2025-12-14 16:36:13 [INFO] __main__ - [compute_lap_features_for_driver] driver=27 lap=41 KEEP, status=GREEN, duration=98.7s
2025-12-14 16:36:13 [DEBUG] __main__ - [get_openf1] GET https://api.openf1.org/v1/car_data params={'session_key': 9189, 'driver_number': 27, 'date>': '2023-11-19T07:17:37.915000+00:00', 'date<': '2023-11-19T07:19:16.632000+00:00'}
2025-12-14 16:36:13 [DEBUG] __main__ - [compute_lap_features_for_driver] driver=27 lap=41, car_data rows=382
2025-12-14 16:36:13 [INFO] __main__ - [compute_lap_features_for_driver] driver=27 lap=42 KEEP, status=GREEN, duration=98.5s
2025-12-14 16:36:13 [DEBUG] __main__ - [get_openf1] GET https://api.openf1.org/v1/car_data params={'session_key': 9189, 'driver_number': 27, 'date>': '2023-11-19T07:19:16.632000+00:00', 'date<': '2023-11-19T07:20:55.130000+00:00'}
2025-12-14 16:36:14 [DEBUG] __main__ - [compute_lap_features_for_driver] driver=27 lap=42, car_data rows=367
2025-12-14 16:36:14 [INFO] __main__ - [compute_lap_features_for_driver] driver=27 lap=43 KEEP, status=GREEN, duration=97.6s
2025-12-14 16:36:14 [DEBUG] __main__ - [get_openf1] GET https://api.openf1.org/v1/car_data params={'session_key': 9189, 'driver_number': 27, 'date>': '2023-11-19T07:20:55.130000+00:00', 'date<': '2023-11-19T07:22:32.753000+00:00'}
2025-12-14 16:36:15 [DEBUG] __main__ - [compute_lap_features_for_driver] driver=27 lap=43, car_data rows=374
2025-12-14 16:36:15 [INFO] __main__ - [compute_lap_features_for_driver] driver=27 lap=44 KEEP, status=GREEN, duration=98.0s
2025-12-14 16:36:15 [DEBUG] __main__ - [get_openf1] GET https://api.openf1.org/v1/car_data params={'session_key': 9189, 'driver_number': 27, 'date>': '2023-11-19T07:22:32.753000+00:00', 'date<': '2023-11-19T07:24:10.705000+00:00'}
2025-12-14 16:36:15 [DEBUG] __main__ - [compute_lap_features_for_driver] driver=27 lap=44, car_data rows=366
2025-12-14 16:36:15 [INFO] __main__ - [compute_lap_features_for_driver] driver=27 lap=45 KEEP, status=GREEN, duration=98.5s
2025-12-14 16:36:15 [DEBUG] __main__ - [get_openf1] GET https://api.openf1.org/v1/car_data params={'session_key': 9189, 'driver_number': 27, 'date>': '2023-11-19T07:24:10.705000+00:00', 'date<': '2023-11-19T07:25:49.234000+00:00'}
2025-12-14 16:36:16 [DEBUG] __main__ - [compute_lap_features_for_driver] driver=27 lap=45, car_data rows=374
2025-12-14 16:36:16 [INFO] __main__ - [compute_lap_features_for_driver] driver=27 lap=46 DROP (CHEQUERED_FLAG_LAP), status=YELLOW;RED_FLAG;CHEQUERED, duration=nans
2025-12-14 16:36:16 [INFO] __main__ - [compute_lap_features_for_driver] driver=27, feature laps=[7, 8, 9, 10, 11, 12, 13, 15, 16, 17, 18, 19, 21, 22, 23, 24, 25, 27, 29, 30, 31, 32, 33, 34, 35, 36, 37, 38, 39, 41, 42, 43, 44, 45]
2025-12-14 16:36:16 [INFO] __main__ - [build_driver_style_embedding_json] all feature laps (combined)=[7, 8, 9, 10, 11, 12, 13, 15, 16, 17, 18, 19, 21, 22, 23, 24, 25, 27, 29, 30, 31, 32, 33, 34, 35, 36, 37, 38, 39, 41, 42, 43, 44, 45, 46, 49, 50]
2025-12-14 16:36:16 [INFO] __main__ - [embed_lap_features] focus_laps = [9, 26, 51]
2025-12-14 16:36:16 [INFO] __main__ - Saved ./driver_style_embedding_2023vegas.json
