2025-12-15 11:10:21 [INFO] __main__ - ===== Driver Style Map logging started for race_id=2024sakhir =====
2025-12-15 11:10:21 [INFO] __main__ - log file: log/driver_style_2024sakhir.log
2025-12-15 11:10:21 [INFO] __main__ - === Start processing 2024sakhir ===
2025-12-15 11:10:21 [DEBUG] __main__ - [get_openf1] GET https://api.openf1.org/v1/meetings params={'year': 2024}
2025-12-15 11:10:22 [DEBUG] __main__ - [get_openf1] GET https://api.openf1.org/v1/sessions params={'meeting_key': 1229}
2025-12-15 11:10:22 [INFO] __main__ - [find_race_session] year=2024 slug=sakhir -> session_key=9472, meeting_name=Bahrain Grand Prix
2025-12-15 11:10:22 [INFO] __main__ - [main] race_id=2024sakhir -> session_key=9472, meeting_name=Bahrain Grand Prix
2025-12-15 11:10:22 [DEBUG] __main__ - [get_openf1] GET https://api.openf1.org/v1/session_result params={'session_key': 9472}
2025-12-15 11:10:22 [DEBUG] __main__ - [get_openf1] GET https://api.openf1.org/v1/drivers params={'session_key': 9472}
2025-12-15 11:10:23 [INFO] __main__ - [select_race_drivers] session_key=9472 winner=1 teammate=11 last_finisher=2
2025-12-15 11:10:23 [INFO] __main__ - [build_driver_style_embedding_json] start session_key=9472, drivers=[1, 11, 2]
2025-12-15 11:10:23 [DEBUG] __main__ - [get_openf1] GET https://api.openf1.org/v1/race_control params={'session_key': 9472}
2025-12-15 11:10:23 [DEBUG] __main__ - [get_openf1] GET https://api.openf1.org/v1/sessions params={'session_key': 9472}
2025-12-15 11:10:24 [INFO] __main__ - [fetch_session_start] session_key=9472, date_start=2024-03-02 15:00:00+00:00
2025-12-15 11:10:24 [INFO] __main__ - [fetch_race_start_time] use first GREEN as race_start: 2024-03-02 14:20:01+00:00
2025-12-15 11:10:24 [DEBUG] __main__ - [get_openf1] GET https://api.openf1.org/v1/laps params={'session_key': 9472, 'driver_number': 1}
2025-12-15 11:10:25 [INFO] __main__ - [fetch_laps] fill lap 1 date_start with race_start=2024-03-02 14:20:01+00:00
2025-12-15 11:10:25 [INFO] __main__ - [fetch_laps] driver=1, laps: min=1, max=57, count=57
2025-12-15 11:10:25 [DEBUG] __main__ - [fetch_laps] head:
   meeting_key  session_key  ...  st_speed  lap_duration_s
0         1229         9472  ...     251.0        2719.099
1         1229         9472  ...     287.0          96.279
2         1229         9472  ...     290.0          96.752
3         1229         9472  ...       NaN          96.574
4         1229         9472  ...     289.0          97.274

[5 rows x 17 columns]
2025-12-15 11:10:25 [INFO] __main__ - [build_driver_style_embedding_json] ref_driver=1, min_lap=1, max_lap=57
2025-12-15 11:10:25 [INFO] __main__ - [build_driver_style_embedding_json] phase_split plan =
2025-12-15 11:10:25 [INFO] __main__ -   opening: [1, 2, 3, 4, 5, 6, 7, 8, 9, 10, 11, 12, 13, 14, 15, 16, 17, 18, 19]
2025-12-15 11:10:25 [INFO] __main__ -   middle : [20, 21, 22, 23, 24, 25, 26, 27, 28, 29, 30, 31, 32, 33, 34, 35, 36, 37, 38]
2025-12-15 11:10:25 [INFO] __main__ -   ending : [39, 40, 41, 42, 43, 44, 45, 46, 47, 48, 49, 50, 51, 52, 53, 54, 55, 56, 57]
2025-12-15 11:10:25 [INFO] __main__ - [build_driver_style_embedding_json] compute features for driver=1
2025-12-15 11:10:25 [DEBUG] __main__ - [get_openf1] GET https://api.openf1.org/v1/laps params={'session_key': 9472, 'driver_number': 1}
2025-12-15 11:10:26 [DEBUG] __main__ - [get_openf1] GET https://api.openf1.org/v1/sessions params={'session_key': 9472}
2025-12-15 11:10:26 [INFO] __main__ - [fetch_session_start] session_key=9472, date_start=2024-03-02 15:00:00+00:00
2025-12-15 11:10:26 [INFO] __main__ - [fetch_race_start_time] use first GREEN as race_start: 2024-03-02 14:20:01+00:00
2025-12-15 11:10:26 [INFO] __main__ - [fetch_laps] fill lap 1 date_start with race_start=2024-03-02 14:20:01+00:00
2025-12-15 11:10:26 [INFO] __main__ - [fetch_laps] driver=1, laps: min=1, max=57, count=57
2025-12-15 11:10:26 [DEBUG] __main__ - [fetch_laps] head:
   meeting_key  session_key  ...  st_speed  lap_duration_s
0         1229         9472  ...     251.0        2719.099
1         1229         9472  ...     287.0          96.279
2         1229         9472  ...     290.0          96.752
3         1229         9472  ...       NaN          96.574
4         1229         9472  ...     289.0          97.274

[5 rows x 17 columns]
2025-12-15 11:10:26 [DEBUG] __main__ - [build_lap_status_mapping] status_by_lap={1: 'YELLOW', 2: 'GREEN', 3: 'GREEN', 4: 'GREEN', 5: 'GREEN', 6: 'GREEN', 7: 'GREEN', 8: 'GREEN', 9: 'GREEN', 10: 'YELLOW', 11: 'GREEN', 12: 'GREEN', 13: 'GREEN', 14: 'GREEN', 15: 'GREEN', 16: 'GREEN', 17: 'GREEN', 18: 'GREEN', 19: 'GREEN', 20: 'GREEN', 21: 'GREEN', 22: 'GREEN', 23: 'GREEN', 24: 'GREEN', 25: 'GREEN', 26: 'GREEN', 27: 'GREEN', 28: 'GREEN', 29: 'GREEN', 30: 'GREEN', 31: 'GREEN', 32: 'GREEN', 33: 'GREEN', 34: 'GREEN', 35: 'GREEN', 36: 'GREEN', 37: 'GREEN', 38: 'GREEN', 39: 'GREEN', 40: 'GREEN', 41: 'GREEN', 42: 'GREEN', 43: 'GREEN', 44: 'GREEN', 45: 'GREEN', 46: 'GREEN', 47: 'GREEN', 48: 'GREEN', 49: 'GREEN', 50: 'GREEN', 51: 'GREEN', 52: 'GREEN', 53: 'GREEN', 54: 'GREEN', 55: 'GREEN', 56: 'GREEN', 57: 'RED_FLAG;CHEQUERED'}
2025-12-15 11:10:26 [INFO] __main__ - [compute_lap_features_for_driver] driver=1, typical_duration_s=95.689
2025-12-15 11:10:26 [INFO] __main__ - [compute_lap_features_for_driver] driver=1 lap=1 DROP (YELLOW_FLAG_LAP), status=YELLOW, duration=2719.1s
2025-12-15 11:10:26 [INFO] __main__ - [compute_lap_features_for_driver] driver=1 lap=2 KEEP, status=GREEN, duration=96.3s
2025-12-15 11:10:26 [DEBUG] __main__ - [get_openf1] GET https://api.openf1.org/v1/car_data params={'session_key': 9472, 'driver_number': 1, 'date>': '2024-03-02T15:05:20.099000+00:00', 'date<': '2024-03-02T15:06:56.378000+00:00'}
2025-12-15 11:10:27 [DEBUG] __main__ - [compute_lap_features_for_driver] driver=1 lap=2, car_data rows=367
2025-12-15 11:10:27 [INFO] __main__ - [compute_lap_features_for_driver] driver=1 lap=3 KEEP, status=GREEN, duration=96.8s
2025-12-15 11:10:27 [DEBUG] __main__ - [get_openf1] GET https://api.openf1.org/v1/car_data params={'session_key': 9472, 'driver_number': 1, 'date>': '2024-03-02T15:06:56.378000+00:00', 'date<': '2024-03-02T15:08:33.130000+00:00'}
2025-12-15 11:10:28 [DEBUG] __main__ - [compute_lap_features_for_driver] driver=1 lap=3, car_data rows=356
2025-12-15 11:10:28 [INFO] __main__ - [compute_lap_features_for_driver] driver=1 lap=4 KEEP, status=GREEN, duration=96.6s
2025-12-15 11:10:28 [DEBUG] __main__ - [get_openf1] GET https://api.openf1.org/v1/car_data params={'session_key': 9472, 'driver_number': 1, 'date>': '2024-03-02T15:08:33.130000+00:00', 'date<': '2024-03-02T15:10:09.704000+00:00'}
2025-12-15 11:10:29 [DEBUG] __main__ - [compute_lap_features_for_driver] driver=1 lap=4, car_data rows=361
2025-12-15 11:10:29 [INFO] __main__ - [compute_lap_features_for_driver] driver=1 lap=5 KEEP, status=GREEN, duration=97.3s
2025-12-15 11:10:29 [DEBUG] __main__ - [get_openf1] GET https://api.openf1.org/v1/car_data params={'session_key': 9472, 'driver_number': 1, 'date>': '2024-03-02T15:10:09.704000+00:00', 'date<': '2024-03-02T15:11:46.978000+00:00'}
2025-12-15 11:10:29 [DEBUG] __main__ - [compute_lap_features_for_driver] driver=1 lap=5, car_data rows=370
2025-12-15 11:10:29 [INFO] __main__ - [compute_lap_features_for_driver] driver=1 lap=6 KEEP, status=GREEN, duration=97.1s
2025-12-15 11:10:29 [DEBUG] __main__ - [get_openf1] GET https://api.openf1.org/v1/car_data params={'session_key': 9472, 'driver_number': 1, 'date>': '2024-03-02T15:11:46.978000+00:00', 'date<': '2024-03-02T15:13:24.080000+00:00'}
2025-12-15 11:10:30 [DEBUG] __main__ - [compute_lap_features_for_driver] driver=1 lap=6, car_data rows=353
2025-12-15 11:10:30 [INFO] __main__ - [compute_lap_features_for_driver] driver=1 lap=7 KEEP, status=GREEN, duration=97.1s
2025-12-15 11:10:30 [DEBUG] __main__ - [get_openf1] GET https://api.openf1.org/v1/car_data params={'session_key': 9472, 'driver_number': 1, 'date>': '2024-03-02T15:13:24.080000+00:00', 'date<': '2024-03-02T15:15:01.132000+00:00'}
2025-12-15 11:10:31 [DEBUG] __main__ - [compute_lap_features_for_driver] driver=1 lap=7, car_data rows=366
2025-12-15 11:10:31 [INFO] __main__ - [compute_lap_features_for_driver] driver=1 lap=8 KEEP, status=GREEN, duration=96.9s
2025-12-15 11:10:31 [DEBUG] __main__ - [get_openf1] GET https://api.openf1.org/v1/car_data params={'session_key': 9472, 'driver_number': 1, 'date>': '2024-03-02T15:15:01.132000+00:00', 'date<': '2024-03-02T15:16:38.044000+00:00'}
2025-12-15 11:10:32 [DEBUG] __main__ - [compute_lap_features_for_driver] driver=1 lap=8, car_data rows=360
2025-12-15 11:10:32 [INFO] __main__ - [compute_lap_features_for_driver] driver=1 lap=9 KEEP, status=GREEN, duration=97.4s
2025-12-15 11:10:32 [DEBUG] __main__ - [get_openf1] GET https://api.openf1.org/v1/car_data params={'session_key': 9472, 'driver_number': 1, 'date>': '2024-03-02T15:16:38.044000+00:00', 'date<': '2024-03-02T15:18:15.404000+00:00'}
2025-12-15 11:10:32 [DEBUG] __main__ - [compute_lap_features_for_driver] driver=1 lap=9, car_data rows=361
2025-12-15 11:10:32 [INFO] __main__ - [compute_lap_features_for_driver] driver=1 lap=10 DROP (YELLOW_FLAG_LAP), status=YELLOW, duration=96.9s
2025-12-15 11:10:32 [INFO] __main__ - [compute_lap_features_for_driver] driver=1 lap=11 KEEP, status=GREEN, duration=97.1s
2025-12-15 11:10:32 [DEBUG] __main__ - [get_openf1] GET https://api.openf1.org/v1/car_data params={'session_key': 9472, 'driver_number': 1, 'date>': '2024-03-02T15:19:52.275000+00:00', 'date<': '2024-03-02T15:21:29.336000+00:00'}
2025-12-15 11:10:33 [DEBUG] __main__ - [compute_lap_features_for_driver] driver=1 lap=11, car_data rows=358
2025-12-15 11:10:33 [INFO] __main__ - [compute_lap_features_for_driver] driver=1 lap=12 KEEP, status=GREEN, duration=97.1s
2025-12-15 11:10:33 [DEBUG] __main__ - [get_openf1] GET https://api.openf1.org/v1/car_data params={'session_key': 9472, 'driver_number': 1, 'date>': '2024-03-02T15:21:29.336000+00:00', 'date<': '2024-03-02T15:23:06.399000+00:00'}
2025-12-15 11:10:34 [DEBUG] __main__ - [compute_lap_features_for_driver] driver=1 lap=12, car_data rows=359
2025-12-15 11:10:34 [INFO] __main__ - [compute_lap_features_for_driver] driver=1 lap=13 KEEP, status=GREEN, duration=97.0s
2025-12-15 11:10:34 [DEBUG] __main__ - [get_openf1] GET https://api.openf1.org/v1/car_data params={'session_key': 9472, 'driver_number': 1, 'date>': '2024-03-02T15:23:06.399000+00:00', 'date<': '2024-03-02T15:24:43.393000+00:00'}
2025-12-15 11:10:35 [DEBUG] __main__ - [compute_lap_features_for_driver] driver=1 lap=13, car_data rows=374
2025-12-15 11:10:35 [INFO] __main__ - [compute_lap_features_for_driver] driver=1 lap=14 KEEP, status=GREEN, duration=97.1s
2025-12-15 11:10:35 [DEBUG] __main__ - [get_openf1] GET https://api.openf1.org/v1/car_data params={'session_key': 9472, 'driver_number': 1, 'date>': '2024-03-02T15:24:43.393000+00:00', 'date<': '2024-03-02T15:26:20.469000+00:00'}
2025-12-15 11:10:35 [DEBUG] __main__ - [compute_lap_features_for_driver] driver=1 lap=14, car_data rows=368
2025-12-15 11:10:35 [INFO] __main__ - [compute_lap_features_for_driver] driver=1 lap=15 KEEP, status=GREEN, duration=97.0s
2025-12-15 11:10:35 [DEBUG] __main__ - [get_openf1] GET https://api.openf1.org/v1/car_data params={'session_key': 9472, 'driver_number': 1, 'date>': '2024-03-02T15:26:20.469000+00:00', 'date<': '2024-03-02T15:27:57.507000+00:00'}
2025-12-15 11:10:36 [DEBUG] __main__ - [compute_lap_features_for_driver] driver=1 lap=15, car_data rows=363
2025-12-15 11:10:36 [INFO] __main__ - [compute_lap_features_for_driver] driver=1 lap=16 KEEP, status=GREEN, duration=97.2s
2025-12-15 11:10:36 [DEBUG] __main__ - [get_openf1] GET https://api.openf1.org/v1/car_data params={'session_key': 9472, 'driver_number': 1, 'date>': '2024-03-02T15:27:57.507000+00:00', 'date<': '2024-03-02T15:29:34.687000+00:00'}
2025-12-15 11:10:37 [DEBUG] __main__ - [compute_lap_features_for_driver] driver=1 lap=16, car_data rows=368
2025-12-15 11:10:37 [INFO] __main__ - [compute_lap_features_for_driver] driver=1 lap=17 KEEP, status=GREEN, duration=99.8s
2025-12-15 11:10:37 [DEBUG] __main__ - [get_openf1] GET https://api.openf1.org/v1/car_data params={'session_key': 9472, 'driver_number': 1, 'date>': '2024-03-02T15:29:34.687000+00:00', 'date<': '2024-03-02T15:31:14.461000+00:00'}
2025-12-15 11:10:37 [DEBUG] __main__ - [compute_lap_features_for_driver] driver=1 lap=17, car_data rows=373
2025-12-15 11:10:37 [INFO] __main__ - [compute_lap_features_for_driver] driver=1 lap=18 KEEP, status=GREEN, duration=118.0s
2025-12-15 11:10:37 [DEBUG] __main__ - [get_openf1] GET https://api.openf1.org/v1/car_data params={'session_key': 9472, 'driver_number': 1, 'date>': '2024-03-02T15:31:14.461000+00:00', 'date<': '2024-03-02T15:33:12.478000+00:00'}
2025-12-15 11:10:38 [DEBUG] __main__ - [compute_lap_features_for_driver] driver=1 lap=18, car_data rows=430
2025-12-15 11:10:38 [INFO] __main__ - [compute_lap_features_for_driver] driver=1 lap=19 KEEP, status=GREEN, duration=95.2s
2025-12-15 11:10:38 [DEBUG] __main__ - [get_openf1] GET https://api.openf1.org/v1/car_data params={'session_key': 9472, 'driver_number': 1, 'date>': '2024-03-02T15:33:12.478000+00:00', 'date<': '2024-03-02T15:34:47.658000+00:00'}
2025-12-15 11:10:39 [DEBUG] __main__ - [compute_lap_features_for_driver] driver=1 lap=19, car_data rows=357
2025-12-15 11:10:39 [INFO] __main__ - [compute_lap_features_for_driver] driver=1 lap=20 KEEP, status=GREEN, duration=95.2s
2025-12-15 11:10:39 [DEBUG] __main__ - [get_openf1] GET https://api.openf1.org/v1/car_data params={'session_key': 9472, 'driver_number': 1, 'date>': '2024-03-02T15:34:47.658000+00:00', 'date<': '2024-03-02T15:36:22.851000+00:00'}
2025-12-15 11:10:40 [DEBUG] __main__ - [compute_lap_features_for_driver] driver=1 lap=20, car_data rows=353
2025-12-15 11:10:40 [INFO] __main__ - [compute_lap_features_for_driver] driver=1 lap=21 KEEP, status=GREEN, duration=95.3s
2025-12-15 11:10:40 [DEBUG] __main__ - [get_openf1] GET https://api.openf1.org/v1/car_data params={'session_key': 9472, 'driver_number': 1, 'date>': '2024-03-02T15:36:22.851000+00:00', 'date<': '2024-03-02T15:37:58.157000+00:00'}
2025-12-15 11:10:40 [DEBUG] __main__ - [compute_lap_features_for_driver] driver=1 lap=21, car_data rows=358
2025-12-15 11:10:40 [INFO] __main__ - [compute_lap_features_for_driver] driver=1 lap=22 KEEP, status=GREEN, duration=95.2s
2025-12-15 11:10:40 [DEBUG] __main__ - [get_openf1] GET https://api.openf1.org/v1/car_data params={'session_key': 9472, 'driver_number': 1, 'date>': '2024-03-02T15:37:58.157000+00:00', 'date<': '2024-03-02T15:39:33.340000+00:00'}
2025-12-15 11:10:41 [DEBUG] __main__ - [compute_lap_features_for_driver] driver=1 lap=22, car_data rows=362
2025-12-15 11:10:41 [INFO] __main__ - [compute_lap_features_for_driver] driver=1 lap=23 KEEP, status=GREEN, duration=95.3s
2025-12-15 11:10:41 [DEBUG] __main__ - [get_openf1] GET https://api.openf1.org/v1/car_data params={'session_key': 9472, 'driver_number': 1, 'date>': '2024-03-02T15:39:33.340000+00:00', 'date<': '2024-03-02T15:41:08.681000+00:00'}
2025-12-15 11:10:42 [DEBUG] __main__ - [compute_lap_features_for_driver] driver=1 lap=23, car_data rows=350
2025-12-15 11:10:42 [INFO] __main__ - [compute_lap_features_for_driver] driver=1 lap=24 KEEP, status=GREEN, duration=95.2s
2025-12-15 11:10:42 [DEBUG] __main__ - [get_openf1] GET https://api.openf1.org/v1/car_data params={'session_key': 9472, 'driver_number': 1, 'date>': '2024-03-02T15:41:08.681000+00:00', 'date<': '2024-03-02T15:42:43.916000+00:00'}
2025-12-15 11:10:42 [DEBUG] __main__ - [compute_lap_features_for_driver] driver=1 lap=24, car_data rows=352
2025-12-15 11:10:42 [INFO] __main__ - [compute_lap_features_for_driver] driver=1 lap=25 KEEP, status=GREEN, duration=95.3s
2025-12-15 11:10:42 [DEBUG] __main__ - [get_openf1] GET https://api.openf1.org/v1/car_data params={'session_key': 9472, 'driver_number': 1, 'date>': '2024-03-02T15:42:43.916000+00:00', 'date<': '2024-03-02T15:44:19.229000+00:00'}
2025-12-15 11:10:43 [DEBUG] __main__ - [compute_lap_features_for_driver] driver=1 lap=25, car_data rows=355
2025-12-15 11:10:43 [INFO] __main__ - [compute_lap_features_for_driver] driver=1 lap=26 KEEP, status=GREEN, duration=95.2s
2025-12-15 11:10:43 [DEBUG] __main__ - [get_openf1] GET https://api.openf1.org/v1/car_data params={'session_key': 9472, 'driver_number': 1, 'date>': '2024-03-02T15:44:19.229000+00:00', 'date<': '2024-03-02T15:45:54.455000+00:00'}
2025-12-15 11:10:43 [DEBUG] __main__ - [compute_lap_features_for_driver] driver=1 lap=26, car_data rows=354
2025-12-15 11:10:43 [INFO] __main__ - [compute_lap_features_for_driver] driver=1 lap=27 KEEP, status=GREEN, duration=95.5s
2025-12-15 11:10:43 [DEBUG] __main__ - [get_openf1] GET https://api.openf1.org/v1/car_data params={'session_key': 9472, 'driver_number': 1, 'date>': '2024-03-02T15:45:54.455000+00:00', 'date<': '2024-03-02T15:47:29.971000+00:00'}
2025-12-15 11:10:44 [DEBUG] __main__ - [compute_lap_features_for_driver] driver=1 lap=27, car_data rows=359
2025-12-15 11:10:44 [INFO] __main__ - [compute_lap_features_for_driver] driver=1 lap=28 KEEP, status=GREEN, duration=95.6s
2025-12-15 11:10:44 [DEBUG] __main__ - [get_openf1] GET https://api.openf1.org/v1/car_data params={'session_key': 9472, 'driver_number': 1, 'date>': '2024-03-02T15:47:29.971000+00:00', 'date<': '2024-03-02T15:49:05.560000+00:00'}
2025-12-15 11:10:45 [DEBUG] __main__ - [compute_lap_features_for_driver] driver=1 lap=28, car_data rows=356
2025-12-15 11:10:45 [INFO] __main__ - [compute_lap_features_for_driver] driver=1 lap=29 KEEP, status=GREEN, duration=95.8s
2025-12-15 11:10:45 [DEBUG] __main__ - [get_openf1] GET https://api.openf1.org/v1/car_data params={'session_key': 9472, 'driver_number': 1, 'date>': '2024-03-02T15:49:05.560000+00:00', 'date<': '2024-03-02T15:50:41.350000+00:00'}
2025-12-15 11:10:45 [DEBUG] __main__ - [compute_lap_features_for_driver] driver=1 lap=29, car_data rows=349
2025-12-15 11:10:45 [INFO] __main__ - [compute_lap_features_for_driver] driver=1 lap=30 KEEP, status=GREEN, duration=95.8s
2025-12-15 11:10:45 [DEBUG] __main__ - [get_openf1] GET https://api.openf1.org/v1/car_data params={'session_key': 9472, 'driver_number': 1, 'date>': '2024-03-02T15:50:41.350000+00:00', 'date<': '2024-03-02T15:52:17.140000+00:00'}
2025-12-15 11:10:46 [DEBUG] __main__ - [compute_lap_features_for_driver] driver=1 lap=30, car_data rows=364
2025-12-15 11:10:46 [INFO] __main__ - [compute_lap_features_for_driver] driver=1 lap=31 KEEP, status=GREEN, duration=95.7s
2025-12-15 11:10:46 [DEBUG] __main__ - [get_openf1] GET https://api.openf1.org/v1/car_data params={'session_key': 9472, 'driver_number': 1, 'date>': '2024-03-02T15:52:17.140000+00:00', 'date<': '2024-03-02T15:53:52.829000+00:00'}
2025-12-15 11:10:46 [DEBUG] __main__ - [compute_lap_features_for_driver] driver=1 lap=31, car_data rows=359
2025-12-15 11:10:46 [INFO] __main__ - [compute_lap_features_for_driver] driver=1 lap=32 KEEP, status=GREEN, duration=95.8s
2025-12-15 11:10:46 [DEBUG] __main__ - [get_openf1] GET https://api.openf1.org/v1/car_data params={'session_key': 9472, 'driver_number': 1, 'date>': '2024-03-02T15:53:52.829000+00:00', 'date<': '2024-03-02T15:55:28.580000+00:00'}
2025-12-15 11:10:47 [DEBUG] __main__ - [compute_lap_features_for_driver] driver=1 lap=32, car_data rows=357
2025-12-15 11:10:47 [INFO] __main__ - [compute_lap_features_for_driver] driver=1 lap=33 KEEP, status=GREEN, duration=95.9s
2025-12-15 11:10:47 [DEBUG] __main__ - [get_openf1] GET https://api.openf1.org/v1/car_data params={'session_key': 9472, 'driver_number': 1, 'date>': '2024-03-02T15:55:28.580000+00:00', 'date<': '2024-03-02T15:57:04.451000+00:00'}
2025-12-15 11:10:47 [DEBUG] __main__ - [compute_lap_features_for_driver] driver=1 lap=33, car_data rows=365
2025-12-15 11:10:47 [INFO] __main__ - [compute_lap_features_for_driver] driver=1 lap=34 KEEP, status=GREEN, duration=96.5s
2025-12-15 11:10:47 [DEBUG] __main__ - [get_openf1] GET https://api.openf1.org/v1/car_data params={'session_key': 9472, 'driver_number': 1, 'date>': '2024-03-02T15:57:04.451000+00:00', 'date<': '2024-03-02T15:58:40.909000+00:00'}
2025-12-15 11:10:48 [DEBUG] __main__ - [compute_lap_features_for_driver] driver=1 lap=34, car_data rows=362
2025-12-15 11:10:48 [INFO] __main__ - [compute_lap_features_for_driver] driver=1 lap=35 KEEP, status=GREEN, duration=95.8s
2025-12-15 11:10:48 [DEBUG] __main__ - [get_openf1] GET https://api.openf1.org/v1/car_data params={'session_key': 9472, 'driver_number': 1, 'date>': '2024-03-02T15:58:40.909000+00:00', 'date<': '2024-03-02T16:00:16.699000+00:00'}
2025-12-15 11:10:49 [DEBUG] __main__ - [compute_lap_features_for_driver] driver=1 lap=35, car_data rows=362
2025-12-15 11:10:49 [INFO] __main__ - [compute_lap_features_for_driver] driver=1 lap=36 KEEP, status=GREEN, duration=96.2s
2025-12-15 11:10:49 [DEBUG] __main__ - [get_openf1] GET https://api.openf1.org/v1/car_data params={'session_key': 9472, 'driver_number': 1, 'date>': '2024-03-02T16:00:16.699000+00:00', 'date<': '2024-03-02T16:01:52.940000+00:00'}
2025-12-15 11:10:49 [DEBUG] __main__ - [compute_lap_features_for_driver] driver=1 lap=36, car_data rows=347
2025-12-15 11:10:49 [INFO] __main__ - [compute_lap_features_for_driver] driver=1 lap=37 KEEP, status=GREEN, duration=99.1s
2025-12-15 11:10:49 [DEBUG] __main__ - [get_openf1] GET https://api.openf1.org/v1/car_data params={'session_key': 9472, 'driver_number': 1, 'date>': '2024-03-02T16:01:52.940000+00:00', 'date<': '2024-03-02T16:03:32.041000+00:00'}
2025-12-15 11:10:50 [DEBUG] __main__ - [compute_lap_features_for_driver] driver=1 lap=37, car_data rows=366
2025-12-15 11:10:50 [INFO] __main__ - [compute_lap_features_for_driver] driver=1 lap=38 KEEP, status=GREEN, duration=116.5s
2025-12-15 11:10:50 [DEBUG] __main__ - [get_openf1] GET https://api.openf1.org/v1/car_data params={'session_key': 9472, 'driver_number': 1, 'date>': '2024-03-02T16:03:32.041000+00:00', 'date<': '2024-03-02T16:05:28.544000+00:00'}
2025-12-15 11:10:51 [DEBUG] __main__ - [compute_lap_features_for_driver] driver=1 lap=38, car_data rows=431
2025-12-15 11:10:51 [INFO] __main__ - [compute_lap_features_for_driver] driver=1 lap=39 KEEP, status=GREEN, duration=92.8s
2025-12-15 11:10:51 [DEBUG] __main__ - [get_openf1] GET https://api.openf1.org/v1/car_data params={'session_key': 9472, 'driver_number': 1, 'date>': '2024-03-02T16:05:28.544000+00:00', 'date<': '2024-03-02T16:07:01.342000+00:00'}
2025-12-15 11:10:52 [DEBUG] __main__ - [compute_lap_features_for_driver] driver=1 lap=39, car_data rows=349
2025-12-15 11:10:52 [INFO] __main__ - [compute_lap_features_for_driver] driver=1 lap=40 KEEP, status=GREEN, duration=96.5s
2025-12-15 11:10:52 [DEBUG] __main__ - [get_openf1] GET https://api.openf1.org/v1/car_data params={'session_key': 9472, 'driver_number': 1, 'date>': '2024-03-02T16:07:01.342000+00:00', 'date<': '2024-03-02T16:08:37.813000+00:00'}
2025-12-15 11:10:52 [DEBUG] __main__ - [compute_lap_features_for_driver] driver=1 lap=40, car_data rows=353
2025-12-15 11:10:52 [INFO] __main__ - [compute_lap_features_for_driver] driver=1 lap=41 KEEP, status=GREEN, duration=95.2s
2025-12-15 11:10:52 [DEBUG] __main__ - [get_openf1] GET https://api.openf1.org/v1/car_data params={'session_key': 9472, 'driver_number': 1, 'date>': '2024-03-02T16:08:37.813000+00:00', 'date<': '2024-03-02T16:10:13.056000+00:00'}
2025-12-15 11:10:53 [DEBUG] __main__ - [compute_lap_features_for_driver] driver=1 lap=41, car_data rows=356
2025-12-15 11:10:53 [INFO] __main__ - [compute_lap_features_for_driver] driver=1 lap=42 KEEP, status=GREEN, duration=94.7s
2025-12-15 11:10:53 [DEBUG] __main__ - [get_openf1] GET https://api.openf1.org/v1/car_data params={'session_key': 9472, 'driver_number': 1, 'date>': '2024-03-02T16:10:13.056000+00:00', 'date<': '2024-03-02T16:11:47.752000+00:00'}
2025-12-15 11:10:54 [DEBUG] __main__ - [compute_lap_features_for_driver] driver=1 lap=42, car_data rows=352
2025-12-15 11:10:54 [INFO] __main__ - [compute_lap_features_for_driver] driver=1 lap=43 KEEP, status=GREEN, duration=94.1s
2025-12-15 11:10:54 [DEBUG] __main__ - [get_openf1] GET https://api.openf1.org/v1/car_data params={'session_key': 9472, 'driver_number': 1, 'date>': '2024-03-02T16:11:47.752000+00:00', 'date<': '2024-03-02T16:13:21.891000+00:00'}
2025-12-15 11:10:54 [DEBUG] __main__ - [compute_lap_features_for_driver] driver=1 lap=43, car_data rows=351
2025-12-15 11:10:54 [INFO] __main__ - [compute_lap_features_for_driver] driver=1 lap=44 KEEP, status=GREEN, duration=94.5s
2025-12-15 11:10:54 [DEBUG] __main__ - [get_openf1] GET https://api.openf1.org/v1/car_data params={'session_key': 9472, 'driver_number': 1, 'date>': '2024-03-02T16:13:21.891000+00:00', 'date<': '2024-03-02T16:14:56.406000+00:00'}
2025-12-15 11:10:55 [DEBUG] __main__ - [compute_lap_features_for_driver] driver=1 lap=44, car_data rows=356
2025-12-15 11:10:55 [INFO] __main__ - [compute_lap_features_for_driver] driver=1 lap=45 KEEP, status=GREEN, duration=94.3s
2025-12-15 11:10:55 [DEBUG] __main__ - [get_openf1] GET https://api.openf1.org/v1/car_data params={'session_key': 9472, 'driver_number': 1, 'date>': '2024-03-02T16:14:56.406000+00:00', 'date<': '2024-03-02T16:16:30.705000+00:00'}
2025-12-15 11:10:56 [DEBUG] __main__ - [compute_lap_features_for_driver] driver=1 lap=45, car_data rows=353
2025-12-15 11:10:56 [INFO] __main__ - [compute_lap_features_for_driver] driver=1 lap=46 KEEP, status=GREEN, duration=94.2s
2025-12-15 11:10:56 [DEBUG] __main__ - [get_openf1] GET https://api.openf1.org/v1/car_data params={'session_key': 9472, 'driver_number': 1, 'date>': '2024-03-02T16:16:30.705000+00:00', 'date<': '2024-03-02T16:18:04.873000+00:00'}
2025-12-15 11:10:56 [DEBUG] __main__ - [compute_lap_features_for_driver] driver=1 lap=46, car_data rows=341
2025-12-15 11:10:56 [INFO] __main__ - [compute_lap_features_for_driver] driver=1 lap=47 KEEP, status=GREEN, duration=94.2s
2025-12-15 11:10:56 [DEBUG] __main__ - [get_openf1] GET https://api.openf1.org/v1/car_data params={'session_key': 9472, 'driver_number': 1, 'date>': '2024-03-02T16:18:04.873000+00:00', 'date<': '2024-03-02T16:19:39.113000+00:00'}
2025-12-15 11:10:57 [DEBUG] __main__ - [compute_lap_features_for_driver] driver=1 lap=47, car_data rows=352
2025-12-15 11:10:57 [INFO] __main__ - [compute_lap_features_for_driver] driver=1 lap=48 KEEP, status=GREEN, duration=94.4s
2025-12-15 11:10:57 [DEBUG] __main__ - [get_openf1] GET https://api.openf1.org/v1/car_data params={'session_key': 9472, 'driver_number': 1, 'date>': '2024-03-02T16:19:39.113000+00:00', 'date<': '2024-03-02T16:21:13.504000+00:00'}
2025-12-15 11:10:57 [DEBUG] __main__ - [compute_lap_features_for_driver] driver=1 lap=48, car_data rows=351
2025-12-15 11:10:57 [INFO] __main__ - [compute_lap_features_for_driver] driver=1 lap=49 KEEP, status=GREEN, duration=94.3s
2025-12-15 11:10:57 [DEBUG] __main__ - [get_openf1] GET https://api.openf1.org/v1/car_data params={'session_key': 9472, 'driver_number': 1, 'date>': '2024-03-02T16:21:13.504000+00:00', 'date<': '2024-03-02T16:22:47.788000+00:00'}
2025-12-15 11:10:58 [DEBUG] __main__ - [compute_lap_features_for_driver] driver=1 lap=49, car_data rows=337
2025-12-15 11:10:58 [INFO] __main__ - [compute_lap_features_for_driver] driver=1 lap=50 KEEP, status=GREEN, duration=94.8s
2025-12-15 11:10:58 [DEBUG] __main__ - [get_openf1] GET https://api.openf1.org/v1/car_data params={'session_key': 9472, 'driver_number': 1, 'date>': '2024-03-02T16:22:47.788000+00:00', 'date<': '2024-03-02T16:24:22.630000+00:00'}
2025-12-15 11:10:59 [DEBUG] __main__ - [compute_lap_features_for_driver] driver=1 lap=50, car_data rows=362
2025-12-15 11:10:59 [INFO] __main__ - [compute_lap_features_for_driver] driver=1 lap=51 KEEP, status=GREEN, duration=94.4s
2025-12-15 11:10:59 [DEBUG] __main__ - [get_openf1] GET https://api.openf1.org/v1/car_data params={'session_key': 9472, 'driver_number': 1, 'date>': '2024-03-02T16:24:22.630000+00:00', 'date<': '2024-03-02T16:25:57.029000+00:00'}
2025-12-15 11:10:59 [DEBUG] __main__ - [compute_lap_features_for_driver] driver=1 lap=51, car_data rows=357
2025-12-15 11:10:59 [INFO] __main__ - [compute_lap_features_for_driver] driver=1 lap=52 KEEP, status=GREEN, duration=94.8s
2025-12-15 11:10:59 [DEBUG] __main__ - [get_openf1] GET https://api.openf1.org/v1/car_data params={'session_key': 9472, 'driver_number': 1, 'date>': '2024-03-02T16:25:57.029000+00:00', 'date<': '2024-03-02T16:27:31.849000+00:00'}
2025-12-15 11:11:00 [DEBUG] __main__ - [compute_lap_features_for_driver] driver=1 lap=52, car_data rows=348
2025-12-15 11:11:00 [INFO] __main__ - [compute_lap_features_for_driver] driver=1 lap=53 KEEP, status=GREEN, duration=95.6s
2025-12-15 11:11:00 [DEBUG] __main__ - [get_openf1] GET https://api.openf1.org/v1/car_data params={'session_key': 9472, 'driver_number': 1, 'date>': '2024-03-02T16:27:31.849000+00:00', 'date<': '2024-03-02T16:29:07.484000+00:00'}
2025-12-15 11:11:01 [DEBUG] __main__ - [compute_lap_features_for_driver] driver=1 lap=53, car_data rows=361
2025-12-15 11:11:01 [INFO] __main__ - [compute_lap_features_for_driver] driver=1 lap=54 KEEP, status=GREEN, duration=95.4s
2025-12-15 11:11:01 [DEBUG] __main__ - [get_openf1] GET https://api.openf1.org/v1/car_data params={'session_key': 9472, 'driver_number': 1, 'date>': '2024-03-02T16:29:07.484000+00:00', 'date<': '2024-03-02T16:30:42.853000+00:00'}
2025-12-15 11:11:01 [DEBUG] __main__ - [compute_lap_features_for_driver] driver=1 lap=54, car_data rows=350
2025-12-15 11:11:01 [INFO] __main__ - [compute_lap_features_for_driver] driver=1 lap=55 KEEP, status=GREEN, duration=95.2s
2025-12-15 11:11:01 [DEBUG] __main__ - [get_openf1] GET https://api.openf1.org/v1/car_data params={'session_key': 9472, 'driver_number': 1, 'date>': '2024-03-02T16:30:42.853000+00:00', 'date<': '2024-03-02T16:32:18.038000+00:00'}
2025-12-15 11:11:02 [DEBUG] __main__ - [compute_lap_features_for_driver] driver=1 lap=55, car_data rows=357
2025-12-15 11:11:02 [INFO] __main__ - [compute_lap_features_for_driver] driver=1 lap=56 KEEP, status=GREEN, duration=94.7s
2025-12-15 11:11:02 [DEBUG] __main__ - [get_openf1] GET https://api.openf1.org/v1/car_data params={'session_key': 9472, 'driver_number': 1, 'date>': '2024-03-02T16:32:18.038000+00:00', 'date<': '2024-03-02T16:33:52.694000+00:00'}
2025-12-15 11:11:02 [DEBUG] __main__ - [compute_lap_features_for_driver] driver=1 lap=56, car_data rows=344
2025-12-15 11:11:02 [INFO] __main__ - [compute_lap_features_for_driver] driver=1 lap=57 DROP (CHEQUERED_FLAG_LAP), status=RED_FLAG;CHEQUERED, duration=nans
2025-12-15 11:11:02 [INFO] __main__ - [compute_lap_features_for_driver] driver=1, feature laps=[2, 3, 4, 5, 6, 7, 8, 9, 11, 12, 13, 14, 15, 16, 17, 18, 19, 20, 21, 22, 23, 24, 25, 26, 27, 28, 29, 30, 31, 32, 33, 34, 35, 36, 37, 38, 39, 40, 41, 42, 43, 44, 45, 46, 47, 48, 49, 50, 51, 52, 53, 54, 55, 56]
2025-12-15 11:11:02 [INFO] __main__ - [build_driver_style_embedding_json] compute features for driver=11
2025-12-15 11:11:02 [DEBUG] __main__ - [get_openf1] GET https://api.openf1.org/v1/laps params={'session_key': 9472, 'driver_number': 11}
2025-12-15 11:11:03 [DEBUG] __main__ - [get_openf1] GET https://api.openf1.org/v1/sessions params={'session_key': 9472}
2025-12-15 11:11:04 [INFO] __main__ - [fetch_session_start] session_key=9472, date_start=2024-03-02 15:00:00+00:00
2025-12-15 11:11:04 [INFO] __main__ - [fetch_race_start_time] use first GREEN as race_start: 2024-03-02 14:20:01+00:00
2025-12-15 11:11:04 [INFO] __main__ - [fetch_laps] fill lap 1 date_start with race_start=2024-03-02 14:20:01+00:00
2025-12-15 11:11:04 [INFO] __main__ - [fetch_laps] driver=11, laps: min=1, max=57, count=57
2025-12-15 11:11:04 [DEBUG] __main__ - [fetch_laps] head:
   meeting_key  session_key  ...  st_speed  lap_duration_s
0         1229         9472  ...     259.0        2721.877
1         1229         9472  ...     302.0          96.544
2         1229         9472  ...     315.0          97.261
3         1229         9472  ...     314.0          97.733
4         1229         9472  ...     320.0          98.005

[5 rows x 17 columns]
2025-12-15 11:11:04 [DEBUG] __main__ - [build_lap_status_mapping] status_by_lap={1: 'YELLOW', 2: 'GREEN', 3: 'GREEN', 4: 'GREEN', 5: 'GREEN', 6: 'GREEN', 7: 'GREEN', 8: 'GREEN', 9: 'GREEN', 10: 'YELLOW', 11: 'GREEN', 12: 'GREEN', 13: 'GREEN', 14: 'GREEN', 15: 'GREEN', 16: 'GREEN', 17: 'GREEN', 18: 'GREEN', 19: 'GREEN', 20: 'GREEN', 21: 'GREEN', 22: 'GREEN', 23: 'GREEN', 24: 'GREEN', 25: 'GREEN', 26: 'GREEN', 27: 'GREEN', 28: 'GREEN', 29: 'GREEN', 30: 'GREEN', 31: 'GREEN', 32: 'GREEN', 33: 'GREEN', 34: 'GREEN', 35: 'GREEN', 36: 'GREEN', 37: 'GREEN', 38: 'GREEN', 39: 'GREEN', 40: 'GREEN', 41: 'GREEN', 42: 'GREEN', 43: 'GREEN', 44: 'GREEN', 45: 'GREEN', 46: 'GREEN', 47: 'GREEN', 48: 'GREEN', 49: 'GREEN', 50: 'GREEN', 51: 'GREEN', 52: 'GREEN', 53: 'GREEN', 54: 'GREEN', 55: 'GREEN', 56: 'GREEN', 57: 'RED_FLAG;CHEQUERED'}
2025-12-15 11:11:04 [INFO] __main__ - [compute_lap_features_for_driver] driver=11, typical_duration_s=96.252
2025-12-15 11:11:04 [INFO] __main__ - [compute_lap_features_for_driver] driver=11 lap=1 DROP (YELLOW_FLAG_LAP), status=YELLOW, duration=2721.9s
2025-12-15 11:11:04 [INFO] __main__ - [compute_lap_features_for_driver] driver=11 lap=2 KEEP, status=GREEN, duration=96.5s
2025-12-15 11:11:04 [DEBUG] __main__ - [get_openf1] GET https://api.openf1.org/v1/car_data params={'session_key': 9472, 'driver_number': 11, 'date>': '2024-03-02T15:05:22.877000+00:00', 'date<': '2024-03-02T15:06:59.421000+00:00'}
2025-12-15 11:11:05 [DEBUG] __main__ - [compute_lap_features_for_driver] driver=11 lap=2, car_data rows=369
2025-12-15 11:11:05 [INFO] __main__ - [compute_lap_features_for_driver] driver=11 lap=3 KEEP, status=GREEN, duration=97.3s
2025-12-15 11:11:05 [DEBUG] __main__ - [get_openf1] GET https://api.openf1.org/v1/car_data params={'session_key': 9472, 'driver_number': 11, 'date>': '2024-03-02T15:06:59.421000+00:00', 'date<': '2024-03-02T15:08:36.682000+00:00'}
2025-12-15 11:11:05 [DEBUG] __main__ - [compute_lap_features_for_driver] driver=11 lap=3, car_data rows=354
2025-12-15 11:11:05 [INFO] __main__ - [compute_lap_features_for_driver] driver=11 lap=4 KEEP, status=GREEN, duration=97.7s
2025-12-15 11:11:05 [DEBUG] __main__ - [get_openf1] GET https://api.openf1.org/v1/car_data params={'session_key': 9472, 'driver_number': 11, 'date>': '2024-03-02T15:08:36.682000+00:00', 'date<': '2024-03-02T15:10:14.415000+00:00'}
2025-12-15 11:11:06 [DEBUG] __main__ - [compute_lap_features_for_driver] driver=11 lap=4, car_data rows=369
2025-12-15 11:11:06 [INFO] __main__ - [compute_lap_features_for_driver] driver=11 lap=5 KEEP, status=GREEN, duration=98.0s
2025-12-15 11:11:06 [DEBUG] __main__ - [get_openf1] GET https://api.openf1.org/v1/car_data params={'session_key': 9472, 'driver_number': 11, 'date>': '2024-03-02T15:10:14.415000+00:00', 'date<': '2024-03-02T15:11:52.420000+00:00'}
2025-12-15 11:11:07 [DEBUG] __main__ - [compute_lap_features_for_driver] driver=11 lap=5, car_data rows=371
2025-12-15 11:11:07 [INFO] __main__ - [compute_lap_features_for_driver] driver=11 lap=6 KEEP, status=GREEN, duration=97.9s
2025-12-15 11:11:07 [DEBUG] __main__ - [get_openf1] GET https://api.openf1.org/v1/car_data params={'session_key': 9472, 'driver_number': 11, 'date>': '2024-03-02T15:11:52.420000+00:00', 'date<': '2024-03-02T15:13:30.334000+00:00'}
2025-12-15 11:11:08 [DEBUG] __main__ - [compute_lap_features_for_driver] driver=11 lap=6, car_data rows=354
2025-12-15 11:11:08 [INFO] __main__ - [compute_lap_features_for_driver] driver=11 lap=7 KEEP, status=GREEN, duration=97.7s
2025-12-15 11:11:08 [DEBUG] __main__ - [get_openf1] GET https://api.openf1.org/v1/car_data params={'session_key': 9472, 'driver_number': 11, 'date>': '2024-03-02T15:13:30.334000+00:00', 'date<': '2024-03-02T15:15:08.075000+00:00'}
2025-12-15 11:11:08 [DEBUG] __main__ - [compute_lap_features_for_driver] driver=11 lap=7, car_data rows=371
2025-12-15 11:11:08 [INFO] __main__ - [compute_lap_features_for_driver] driver=11 lap=8 KEEP, status=GREEN, duration=97.8s
2025-12-15 11:11:08 [DEBUG] __main__ - [get_openf1] GET https://api.openf1.org/v1/car_data params={'session_key': 9472, 'driver_number': 11, 'date>': '2024-03-02T15:15:08.075000+00:00', 'date<': '2024-03-02T15:16:45.853000+00:00'}
2025-12-15 11:11:09 [DEBUG] __main__ - [compute_lap_features_for_driver] driver=11 lap=8, car_data rows=359
2025-12-15 11:11:09 [INFO] __main__ - [compute_lap_features_for_driver] driver=11 lap=9 KEEP, status=GREEN, duration=97.7s
2025-12-15 11:11:09 [DEBUG] __main__ - [get_openf1] GET https://api.openf1.org/v1/car_data params={'session_key': 9472, 'driver_number': 11, 'date>': '2024-03-02T15:16:45.853000+00:00', 'date<': '2024-03-02T15:18:23.551000+00:00'}
2025-12-15 11:11:10 [DEBUG] __main__ - [compute_lap_features_for_driver] driver=11 lap=9, car_data rows=363
2025-12-15 11:11:10 [INFO] __main__ - [compute_lap_features_for_driver] driver=11 lap=10 DROP (YELLOW_FLAG_LAP), status=YELLOW, duration=97.6s
2025-12-15 11:11:10 [INFO] __main__ - [compute_lap_features_for_driver] driver=11 lap=11 KEEP, status=GREEN, duration=97.8s
2025-12-15 11:11:10 [DEBUG] __main__ - [get_openf1] GET https://api.openf1.org/v1/car_data params={'session_key': 9472, 'driver_number': 11, 'date>': '2024-03-02T15:20:01.190000+00:00', 'date<': '2024-03-02T15:21:38.999000+00:00'}
2025-12-15 11:11:11 [DEBUG] __main__ - [compute_lap_features_for_driver] driver=11 lap=11, car_data rows=364
2025-12-15 11:11:11 [INFO] __main__ - [compute_lap_features_for_driver] driver=11 lap=12 KEEP, status=GREEN, duration=100.6s
2025-12-15 11:11:11 [DEBUG] __main__ - [get_openf1] GET https://api.openf1.org/v1/car_data params={'session_key': 9472, 'driver_number': 11, 'date>': '2024-03-02T15:21:38.999000+00:00', 'date<': '2024-03-02T15:23:19.588000+00:00'}
2025-12-15 11:11:13 [DEBUG] __main__ - [compute_lap_features_for_driver] driver=11 lap=12, car_data rows=367
2025-12-15 11:11:13 [INFO] __main__ - [compute_lap_features_for_driver] driver=11 lap=13 KEEP, status=GREEN, duration=117.3s
2025-12-15 11:11:13 [DEBUG] __main__ - [get_openf1] GET https://api.openf1.org/v1/car_data params={'session_key': 9472, 'driver_number': 11, 'date>': '2024-03-02T15:23:19.588000+00:00', 'date<': '2024-03-02T15:25:16.864000+00:00'}
2025-12-15 11:11:14 [DEBUG] __main__ - [compute_lap_features_for_driver] driver=11 lap=13, car_data rows=453
2025-12-15 11:11:14 [INFO] __main__ - [compute_lap_features_for_driver] driver=11 lap=14 KEEP, status=GREEN, duration=95.6s
2025-12-15 11:11:14 [DEBUG] __main__ - [get_openf1] GET https://api.openf1.org/v1/car_data params={'session_key': 9472, 'driver_number': 11, 'date>': '2024-03-02T15:25:16.864000+00:00', 'date<': '2024-03-02T15:26:52.469000+00:00'}
2025-12-15 11:11:14 [DEBUG] __main__ - [compute_lap_features_for_driver] driver=11 lap=14, car_data rows=359
2025-12-15 11:11:14 [INFO] __main__ - [compute_lap_features_for_driver] driver=11 lap=15 KEEP, status=GREEN, duration=96.8s
2025-12-15 11:11:14 [DEBUG] __main__ - [get_openf1] GET https://api.openf1.org/v1/car_data params={'session_key': 9472, 'driver_number': 11, 'date>': '2024-03-02T15:26:52.469000+00:00', 'date<': '2024-03-02T15:28:29.313000+00:00'}
2025-12-15 11:11:15 [DEBUG] __main__ - [compute_lap_features_for_driver] driver=11 lap=15, car_data rows=363
2025-12-15 11:11:15 [INFO] __main__ - [compute_lap_features_for_driver] driver=11 lap=16 KEEP, status=GREEN, duration=95.8s
2025-12-15 11:11:15 [DEBUG] __main__ - [get_openf1] GET https://api.openf1.org/v1/car_data params={'session_key': 9472, 'driver_number': 11, 'date>': '2024-03-02T15:28:29.313000+00:00', 'date<': '2024-03-02T15:30:05.086000+00:00'}
2025-12-15 11:11:16 [DEBUG] __main__ - [compute_lap_features_for_driver] driver=11 lap=16, car_data rows=366
2025-12-15 11:11:16 [INFO] __main__ - [compute_lap_features_for_driver] driver=11 lap=17 KEEP, status=GREEN, duration=96.5s
2025-12-15 11:11:16 [DEBUG] __main__ - [get_openf1] GET https://api.openf1.org/v1/car_data params={'session_key': 9472, 'driver_number': 11, 'date>': '2024-03-02T15:30:05.086000+00:00', 'date<': '2024-03-02T15:31:41.574000+00:00'}
2025-12-15 11:11:17 [DEBUG] __main__ - [compute_lap_features_for_driver] driver=11 lap=17, car_data rows=357
2025-12-15 11:11:17 [INFO] __main__ - [compute_lap_features_for_driver] driver=11 lap=18 KEEP, status=GREEN, duration=96.3s
2025-12-15 11:11:17 [DEBUG] __main__ - [get_openf1] GET https://api.openf1.org/v1/car_data params={'session_key': 9472, 'driver_number': 11, 'date>': '2024-03-02T15:31:41.574000+00:00', 'date<': '2024-03-02T15:33:17.856000+00:00'}
2025-12-15 11:11:17 [DEBUG] __main__ - [compute_lap_features_for_driver] driver=11 lap=18, car_data rows=351
2025-12-15 11:11:17 [INFO] __main__ - [compute_lap_features_for_driver] driver=11 lap=19 KEEP, status=GREEN, duration=96.0s
2025-12-15 11:11:17 [DEBUG] __main__ - [get_openf1] GET https://api.openf1.org/v1/car_data params={'session_key': 9472, 'driver_number': 11, 'date>': '2024-03-02T15:33:17.856000+00:00', 'date<': '2024-03-02T15:34:53.893000+00:00'}
2025-12-15 11:11:18 [DEBUG] __main__ - [compute_lap_features_for_driver] driver=11 lap=19, car_data rows=360
2025-12-15 11:11:18 [INFO] __main__ - [compute_lap_features_for_driver] driver=11 lap=20 KEEP, status=GREEN, duration=96.4s
2025-12-15 11:11:18 [DEBUG] __main__ - [get_openf1] GET https://api.openf1.org/v1/car_data params={'session_key': 9472, 'driver_number': 11, 'date>': '2024-03-02T15:34:53.893000+00:00', 'date<': '2024-03-02T15:36:30.284000+00:00'}
2025-12-15 11:11:19 [DEBUG] __main__ - [compute_lap_features_for_driver] driver=11 lap=20, car_data rows=356
2025-12-15 11:11:19 [INFO] __main__ - [compute_lap_features_for_driver] driver=11 lap=21 KEEP, status=GREEN, duration=96.1s
2025-12-15 11:11:19 [DEBUG] __main__ - [get_openf1] GET https://api.openf1.org/v1/car_data params={'session_key': 9472, 'driver_number': 11, 'date>': '2024-03-02T15:36:30.284000+00:00', 'date<': '2024-03-02T15:38:06.392000+00:00'}
2025-12-15 11:11:19 [DEBUG] __main__ - [compute_lap_features_for_driver] driver=11 lap=21, car_data rows=364
2025-12-15 11:11:19 [INFO] __main__ - [compute_lap_features_for_driver] driver=11 lap=22 KEEP, status=GREEN, duration=96.0s
2025-12-15 11:11:19 [DEBUG] __main__ - [get_openf1] GET https://api.openf1.org/v1/car_data params={'session_key': 9472, 'driver_number': 11, 'date>': '2024-03-02T15:38:06.392000+00:00', 'date<': '2024-03-02T15:39:42.375000+00:00'}
2025-12-15 11:11:20 [DEBUG] __main__ - [compute_lap_features_for_driver] driver=11 lap=22, car_data rows=366
2025-12-15 11:11:20 [INFO] __main__ - [compute_lap_features_for_driver] driver=11 lap=23 KEEP, status=GREEN, duration=96.2s
2025-12-15 11:11:20 [DEBUG] __main__ - [get_openf1] GET https://api.openf1.org/v1/car_data params={'session_key': 9472, 'driver_number': 11, 'date>': '2024-03-02T15:39:42.375000+00:00', 'date<': '2024-03-02T15:41:18.571000+00:00'}
2025-12-15 11:11:21 [DEBUG] __main__ - [compute_lap_features_for_driver] driver=11 lap=23, car_data rows=349
2025-12-15 11:11:21 [INFO] __main__ - [compute_lap_features_for_driver] driver=11 lap=24 KEEP, status=GREEN, duration=96.3s
2025-12-15 11:11:21 [DEBUG] __main__ - [get_openf1] GET https://api.openf1.org/v1/car_data params={'session_key': 9472, 'driver_number': 11, 'date>': '2024-03-02T15:41:18.571000+00:00', 'date<': '2024-03-02T15:42:54.823000+00:00'}
2025-12-15 11:11:21 [DEBUG] __main__ - [compute_lap_features_for_driver] driver=11 lap=24, car_data rows=358
2025-12-15 11:11:21 [INFO] __main__ - [compute_lap_features_for_driver] driver=11 lap=25 KEEP, status=GREEN, duration=96.4s
2025-12-15 11:11:21 [DEBUG] __main__ - [get_openf1] GET https://api.openf1.org/v1/car_data params={'session_key': 9472, 'driver_number': 11, 'date>': '2024-03-02T15:42:54.823000+00:00', 'date<': '2024-03-02T15:44:31.226000+00:00'}
2025-12-15 11:11:22 [DEBUG] __main__ - [compute_lap_features_for_driver] driver=11 lap=25, car_data rows=359
2025-12-15 11:11:22 [INFO] __main__ - [compute_lap_features_for_driver] driver=11 lap=26 KEEP, status=GREEN, duration=96.3s
2025-12-15 11:11:22 [DEBUG] __main__ - [get_openf1] GET https://api.openf1.org/v1/car_data params={'session_key': 9472, 'driver_number': 11, 'date>': '2024-03-02T15:44:31.226000+00:00', 'date<': '2024-03-02T15:46:07.575000+00:00'}
2025-12-15 11:11:23 [DEBUG] __main__ - [compute_lap_features_for_driver] driver=11 lap=26, car_data rows=358
2025-12-15 11:11:23 [INFO] __main__ - [compute_lap_features_for_driver] driver=11 lap=27 KEEP, status=GREEN, duration=96.2s
2025-12-15 11:11:23 [DEBUG] __main__ - [get_openf1] GET https://api.openf1.org/v1/car_data params={'session_key': 9472, 'driver_number': 11, 'date>': '2024-03-02T15:46:07.575000+00:00', 'date<': '2024-03-02T15:47:43.763000+00:00'}
2025-12-15 11:11:23 [DEBUG] __main__ - [compute_lap_features_for_driver] driver=11 lap=27, car_data rows=364
2025-12-15 11:11:23 [INFO] __main__ - [compute_lap_features_for_driver] driver=11 lap=28 KEEP, status=GREEN, duration=96.2s
2025-12-15 11:11:23 [DEBUG] __main__ - [get_openf1] GET https://api.openf1.org/v1/car_data params={'session_key': 9472, 'driver_number': 11, 'date>': '2024-03-02T15:47:43.763000+00:00', 'date<': '2024-03-02T15:49:19.924000+00:00'}
2025-12-15 11:11:24 [DEBUG] __main__ - [compute_lap_features_for_driver] driver=11 lap=28, car_data rows=350
2025-12-15 11:11:24 [INFO] __main__ - [compute_lap_features_for_driver] driver=11 lap=29 KEEP, status=GREEN, duration=96.6s
2025-12-15 11:11:24 [DEBUG] __main__ - [get_openf1] GET https://api.openf1.org/v1/car_data params={'session_key': 9472, 'driver_number': 11, 'date>': '2024-03-02T15:49:19.924000+00:00', 'date<': '2024-03-02T15:50:56.483000+00:00'}
2025-12-15 11:11:25 [DEBUG] __main__ - [compute_lap_features_for_driver] driver=11 lap=29, car_data rows=355
2025-12-15 11:11:25 [INFO] __main__ - [compute_lap_features_for_driver] driver=11 lap=30 KEEP, status=GREEN, duration=96.3s
2025-12-15 11:11:25 [DEBUG] __main__ - [get_openf1] GET https://api.openf1.org/v1/car_data params={'session_key': 9472, 'driver_number': 11, 'date>': '2024-03-02T15:50:56.483000+00:00', 'date<': '2024-03-02T15:52:32.773000+00:00'}
2025-12-15 11:11:25 [DEBUG] __main__ - [compute_lap_features_for_driver] driver=11 lap=30, car_data rows=368
2025-12-15 11:11:25 [INFO] __main__ - [compute_lap_features_for_driver] driver=11 lap=31 KEEP, status=GREEN, duration=96.3s
2025-12-15 11:11:25 [DEBUG] __main__ - [get_openf1] GET https://api.openf1.org/v1/car_data params={'session_key': 9472, 'driver_number': 11, 'date>': '2024-03-02T15:52:32.773000+00:00', 'date<': '2024-03-02T15:54:09.049000+00:00'}
2025-12-15 11:11:26 [DEBUG] __main__ - [compute_lap_features_for_driver] driver=11 lap=31, car_data rows=357
2025-12-15 11:11:26 [INFO] __main__ - [compute_lap_features_for_driver] driver=11 lap=32 KEEP, status=GREEN, duration=96.4s
2025-12-15 11:11:26 [DEBUG] __main__ - [get_openf1] GET https://api.openf1.org/v1/car_data params={'session_key': 9472, 'driver_number': 11, 'date>': '2024-03-02T15:54:09.049000+00:00', 'date<': '2024-03-02T15:55:45.441000+00:00'}
2025-12-15 11:11:26 [DEBUG] __main__ - [compute_lap_features_for_driver] driver=11 lap=32, car_data rows=369
2025-12-15 11:11:26 [INFO] __main__ - [compute_lap_features_for_driver] driver=11 lap=33 KEEP, status=GREEN, duration=96.4s
2025-12-15 11:11:26 [DEBUG] __main__ - [get_openf1] GET https://api.openf1.org/v1/car_data params={'session_key': 9472, 'driver_number': 11, 'date>': '2024-03-02T15:55:45.441000+00:00', 'date<': '2024-03-02T15:57:21.887000+00:00'}
2025-12-15 11:11:27 [DEBUG] __main__ - [compute_lap_features_for_driver] driver=11 lap=33, car_data rows=362
2025-12-15 11:11:27 [INFO] __main__ - [compute_lap_features_for_driver] driver=11 lap=34 KEEP, status=GREEN, duration=96.4s
2025-12-15 11:11:27 [DEBUG] __main__ - [get_openf1] GET https://api.openf1.org/v1/car_data params={'session_key': 9472, 'driver_number': 11, 'date>': '2024-03-02T15:57:21.887000+00:00', 'date<': '2024-03-02T15:58:58.323000+00:00'}
2025-12-15 11:11:27 [DEBUG] __main__ - [compute_lap_features_for_driver] driver=11 lap=34, car_data rows=363
2025-12-15 11:11:28 [INFO] __main__ - [compute_lap_features_for_driver] driver=11 lap=35 KEEP, status=GREEN, duration=96.8s
2025-12-15 11:11:28 [DEBUG] __main__ - [get_openf1] GET https://api.openf1.org/v1/car_data params={'session_key': 9472, 'driver_number': 11, 'date>': '2024-03-02T15:58:58.323000+00:00', 'date<': '2024-03-02T16:00:35.159000+00:00'}
2025-12-15 11:11:28 [DEBUG] __main__ - [compute_lap_features_for_driver] driver=11 lap=35, car_data rows=360
2025-12-15 11:11:28 [INFO] __main__ - [compute_lap_features_for_driver] driver=11 lap=36 KEEP, status=GREEN, duration=99.3s
2025-12-15 11:11:28 [DEBUG] __main__ - [get_openf1] GET https://api.openf1.org/v1/car_data params={'session_key': 9472, 'driver_number': 11, 'date>': '2024-03-02T16:00:35.159000+00:00', 'date<': '2024-03-02T16:02:14.469000+00:00'}
2025-12-15 11:11:29 [DEBUG] __main__ - [compute_lap_features_for_driver] driver=11 lap=36, car_data rows=362
2025-12-15 11:11:29 [INFO] __main__ - [compute_lap_features_for_driver] driver=11 lap=37 KEEP, status=GREEN, duration=115.7s
2025-12-15 11:11:29 [DEBUG] __main__ - [get_openf1] GET https://api.openf1.org/v1/car_data params={'session_key': 9472, 'driver_number': 11, 'date>': '2024-03-02T16:02:14.469000+00:00', 'date<': '2024-03-02T16:04:10.206000+00:00'}
2025-12-15 11:11:31 [DEBUG] __main__ - [compute_lap_features_for_driver] driver=11 lap=37, car_data rows=432
2025-12-15 11:11:31 [INFO] __main__ - [compute_lap_features_for_driver] driver=11 lap=38 KEEP, status=GREEN, duration=94.8s
2025-12-15 11:11:31 [DEBUG] __main__ - [get_openf1] GET https://api.openf1.org/v1/car_data params={'session_key': 9472, 'driver_number': 11, 'date>': '2024-03-02T16:04:10.206000+00:00', 'date<': '2024-03-02T16:05:45.051000+00:00'}
2025-12-15 11:11:32 [DEBUG] __main__ - [compute_lap_features_for_driver] driver=11 lap=38, car_data rows=350
2025-12-15 11:11:32 [INFO] __main__ - [compute_lap_features_for_driver] driver=11 lap=39 KEEP, status=GREEN, duration=94.7s
2025-12-15 11:11:32 [DEBUG] __main__ - [get_openf1] GET https://api.openf1.org/v1/car_data params={'session_key': 9472, 'driver_number': 11, 'date>': '2024-03-02T16:05:45.051000+00:00', 'date<': '2024-03-02T16:07:19.721000+00:00'}
2025-12-15 11:11:33 [DEBUG] __main__ - [compute_lap_features_for_driver] driver=11 lap=39, car_data rows=348
2025-12-15 11:11:33 [INFO] __main__ - [compute_lap_features_for_driver] driver=11 lap=40 KEEP, status=GREEN, duration=94.3s
2025-12-15 11:11:33 [DEBUG] __main__ - [get_openf1] GET https://api.openf1.org/v1/car_data params={'session_key': 9472, 'driver_number': 11, 'date>': '2024-03-02T16:07:19.721000+00:00', 'date<': '2024-03-02T16:08:54.055000+00:00'}
2025-12-15 11:11:34 [DEBUG] __main__ - [compute_lap_features_for_driver] driver=11 lap=40, car_data rows=354
2025-12-15 11:11:34 [INFO] __main__ - [compute_lap_features_for_driver] driver=11 lap=41 KEEP, status=GREEN, duration=94.3s
2025-12-15 11:11:34 [DEBUG] __main__ - [get_openf1] GET https://api.openf1.org/v1/car_data params={'session_key': 9472, 'driver_number': 11, 'date>': '2024-03-02T16:08:54.055000+00:00', 'date<': '2024-03-02T16:10:28.404000+00:00'}
2025-12-15 11:11:34 [DEBUG] __main__ - [compute_lap_features_for_driver] driver=11 lap=41, car_data rows=347
2025-12-15 11:11:34 [INFO] __main__ - [compute_lap_features_for_driver] driver=11 lap=42 KEEP, status=GREEN, duration=94.6s
2025-12-15 11:11:34 [DEBUG] __main__ - [get_openf1] GET https://api.openf1.org/v1/car_data params={'session_key': 9472, 'driver_number': 11, 'date>': '2024-03-02T16:10:28.404000+00:00', 'date<': '2024-03-02T16:12:02.963000+00:00'}
2025-12-15 11:11:35 [DEBUG] __main__ - [compute_lap_features_for_driver] driver=11 lap=42, car_data rows=353
2025-12-15 11:11:35 [INFO] __main__ - [compute_lap_features_for_driver] driver=11 lap=43 KEEP, status=GREEN, duration=94.9s
2025-12-15 11:11:35 [DEBUG] __main__ - [get_openf1] GET https://api.openf1.org/v1/car_data params={'session_key': 9472, 'driver_number': 11, 'date>': '2024-03-02T16:12:02.963000+00:00', 'date<': '2024-03-02T16:13:37.816000+00:00'}
2025-12-15 11:11:36 [DEBUG] __main__ - [compute_lap_features_for_driver] driver=11 lap=43, car_data rows=354
2025-12-15 11:11:36 [INFO] __main__ - [compute_lap_features_for_driver] driver=11 lap=44 KEEP, status=GREEN, duration=94.8s
2025-12-15 11:11:36 [DEBUG] __main__ - [get_openf1] GET https://api.openf1.org/v1/car_data params={'session_key': 9472, 'driver_number': 11, 'date>': '2024-03-02T16:13:37.816000+00:00', 'date<': '2024-03-02T16:15:12.575000+00:00'}
2025-12-15 11:11:36 [DEBUG] __main__ - [compute_lap_features_for_driver] driver=11 lap=44, car_data rows=356
2025-12-15 11:11:36 [INFO] __main__ - [compute_lap_features_for_driver] driver=11 lap=45 KEEP, status=GREEN, duration=94.6s
2025-12-15 11:11:36 [DEBUG] __main__ - [get_openf1] GET https://api.openf1.org/v1/car_data params={'session_key': 9472, 'driver_number': 11, 'date>': '2024-03-02T16:15:12.575000+00:00', 'date<': '2024-03-02T16:16:47.132000+00:00'}
2025-12-15 11:11:37 [DEBUG] __main__ - [compute_lap_features_for_driver] driver=11 lap=45, car_data rows=355
2025-12-15 11:11:37 [INFO] __main__ - [compute_lap_features_for_driver] driver=11 lap=46 KEEP, status=GREEN, duration=94.9s
2025-12-15 11:11:37 [DEBUG] __main__ - [get_openf1] GET https://api.openf1.org/v1/car_data params={'session_key': 9472, 'driver_number': 11, 'date>': '2024-03-02T16:16:47.132000+00:00', 'date<': '2024-03-02T16:18:22.055000+00:00'}
2025-12-15 11:11:38 [DEBUG] __main__ - [compute_lap_features_for_driver] driver=11 lap=46, car_data rows=344
2025-12-15 11:11:38 [INFO] __main__ - [compute_lap_features_for_driver] driver=11 lap=47 KEEP, status=GREEN, duration=94.6s
2025-12-15 11:11:38 [DEBUG] __main__ - [get_openf1] GET https://api.openf1.org/v1/car_data params={'session_key': 9472, 'driver_number': 11, 'date>': '2024-03-02T16:18:22.055000+00:00', 'date<': '2024-03-02T16:19:56.684000+00:00'}
2025-12-15 11:11:38 [DEBUG] __main__ - [compute_lap_features_for_driver] driver=11 lap=47, car_data rows=356
2025-12-15 11:11:38 [INFO] __main__ - [compute_lap_features_for_driver] driver=11 lap=48 KEEP, status=GREEN, duration=94.9s
2025-12-15 11:11:38 [DEBUG] __main__ - [get_openf1] GET https://api.openf1.org/v1/car_data params={'session_key': 9472, 'driver_number': 11, 'date>': '2024-03-02T16:19:56.684000+00:00', 'date<': '2024-03-02T16:21:31.559000+00:00'}
2025-12-15 11:11:39 [DEBUG] __main__ - [compute_lap_features_for_driver] driver=11 lap=48, car_data rows=349
2025-12-15 11:11:39 [INFO] __main__ - [compute_lap_features_for_driver] driver=11 lap=49 KEEP, status=GREEN, duration=95.0s
2025-12-15 11:11:39 [DEBUG] __main__ - [get_openf1] GET https://api.openf1.org/v1/car_data params={'session_key': 9472, 'driver_number': 11, 'date>': '2024-03-02T16:21:31.559000+00:00', 'date<': '2024-03-02T16:23:06.552000+00:00'}
2025-12-15 11:11:39 [DEBUG] __main__ - [compute_lap_features_for_driver] driver=11 lap=49, car_data rows=341
2025-12-15 11:11:39 [INFO] __main__ - [compute_lap_features_for_driver] driver=11 lap=50 KEEP, status=GREEN, duration=95.2s
2025-12-15 11:11:39 [DEBUG] __main__ - [get_openf1] GET https://api.openf1.org/v1/car_data params={'session_key': 9472, 'driver_number': 11, 'date>': '2024-03-02T16:23:06.552000+00:00', 'date<': '2024-03-02T16:24:41.763000+00:00'}
2025-12-15 11:11:40 [DEBUG] __main__ - [compute_lap_features_for_driver] driver=11 lap=50, car_data rows=365
2025-12-15 11:11:40 [INFO] __main__ - [compute_lap_features_for_driver] driver=11 lap=51 KEEP, status=GREEN, duration=94.8s
2025-12-15 11:11:40 [DEBUG] __main__ - [get_openf1] GET https://api.openf1.org/v1/car_data params={'session_key': 9472, 'driver_number': 11, 'date>': '2024-03-02T16:24:41.763000+00:00', 'date<': '2024-03-02T16:26:16.533000+00:00'}
2025-12-15 11:11:41 [DEBUG] __main__ - [compute_lap_features_for_driver] driver=11 lap=51, car_data rows=354
2025-12-15 11:11:41 [INFO] __main__ - [compute_lap_features_for_driver] driver=11 lap=52 KEEP, status=GREEN, duration=95.2s
2025-12-15 11:11:41 [DEBUG] __main__ - [get_openf1] GET https://api.openf1.org/v1/car_data params={'session_key': 9472, 'driver_number': 11, 'date>': '2024-03-02T16:26:16.533000+00:00', 'date<': '2024-03-02T16:27:51.749000+00:00'}
2025-12-15 11:11:41 [DEBUG] __main__ - [compute_lap_features_for_driver] driver=11 lap=52, car_data rows=355
2025-12-15 11:11:41 [INFO] __main__ - [compute_lap_features_for_driver] driver=11 lap=53 KEEP, status=GREEN, duration=95.8s
2025-12-15 11:11:41 [DEBUG] __main__ - [get_openf1] GET https://api.openf1.org/v1/car_data params={'session_key': 9472, 'driver_number': 11, 'date>': '2024-03-02T16:27:51.749000+00:00', 'date<': '2024-03-02T16:29:27.599000+00:00'}
2025-12-15 11:11:42 [DEBUG] __main__ - [compute_lap_features_for_driver] driver=11 lap=53, car_data rows=354
2025-12-15 11:11:42 [INFO] __main__ - [compute_lap_features_for_driver] driver=11 lap=54 KEEP, status=GREEN, duration=95.5s
2025-12-15 11:11:42 [DEBUG] __main__ - [get_openf1] GET https://api.openf1.org/v1/car_data params={'session_key': 9472, 'driver_number': 11, 'date>': '2024-03-02T16:29:27.599000+00:00', 'date<': '2024-03-02T16:31:03.063000+00:00'}
2025-12-15 11:11:42 [DEBUG] __main__ - [compute_lap_features_for_driver] driver=11 lap=54, car_data rows=358
2025-12-15 11:11:42 [INFO] __main__ - [compute_lap_features_for_driver] driver=11 lap=55 KEEP, status=GREEN, duration=95.6s
2025-12-15 11:11:42 [DEBUG] __main__ - [get_openf1] GET https://api.openf1.org/v1/car_data params={'session_key': 9472, 'driver_number': 11, 'date>': '2024-03-02T16:31:03.063000+00:00', 'date<': '2024-03-02T16:32:38.657000+00:00'}
2025-12-15 11:11:43 [DEBUG] __main__ - [compute_lap_features_for_driver] driver=11 lap=55, car_data rows=356
2025-12-15 11:11:43 [INFO] __main__ - [compute_lap_features_for_driver] driver=11 lap=56 KEEP, status=GREEN, duration=95.7s
2025-12-15 11:11:43 [DEBUG] __main__ - [get_openf1] GET https://api.openf1.org/v1/car_data params={'session_key': 9472, 'driver_number': 11, 'date>': '2024-03-02T16:32:38.657000+00:00', 'date<': '2024-03-02T16:34:14.334000+00:00'}
2025-12-15 11:11:43 [DEBUG] __main__ - [compute_lap_features_for_driver] driver=11 lap=56, car_data rows=346
2025-12-15 11:11:43 [INFO] __main__ - [compute_lap_features_for_driver] driver=11 lap=57 DROP (CHEQUERED_FLAG_LAP), status=RED_FLAG;CHEQUERED, duration=nans
2025-12-15 11:11:43 [INFO] __main__ - [compute_lap_features_for_driver] driver=11, feature laps=[2, 3, 4, 5, 6, 7, 8, 9, 11, 12, 13, 14, 15, 16, 17, 18, 19, 20, 21, 22, 23, 24, 25, 26, 27, 28, 29, 30, 31, 32, 33, 34, 35, 36, 37, 38, 39, 40, 41, 42, 43, 44, 45, 46, 47, 48, 49, 50, 51, 52, 53, 54, 55, 56]
2025-12-15 11:11:43 [INFO] __main__ - [build_driver_style_embedding_json] compute features for driver=2
2025-12-15 11:11:43 [DEBUG] __main__ - [get_openf1] GET https://api.openf1.org/v1/laps params={'session_key': 9472, 'driver_number': 2}
2025-12-15 11:11:45 [DEBUG] __main__ - [get_openf1] GET https://api.openf1.org/v1/sessions params={'session_key': 9472}
2025-12-15 11:11:46 [INFO] __main__ - [fetch_session_start] session_key=9472, date_start=2024-03-02 15:00:00+00:00
2025-12-15 11:11:46 [INFO] __main__ - [fetch_race_start_time] use first GREEN as race_start: 2024-03-02 14:20:01+00:00
2025-12-15 11:11:46 [INFO] __main__ - [fetch_laps] fill lap 1 date_start with race_start=2024-03-02 14:20:01+00:00
2025-12-15 11:11:46 [INFO] __main__ - [fetch_laps] driver=2, laps: min=1, max=55, count=55
2025-12-15 11:11:46 [DEBUG] __main__ - [fetch_laps] head:
   meeting_key  session_key  ...  st_speed  lap_duration_s
0         1229         9472  ...     231.0        2727.737
1         1229         9472  ...     308.0          98.432
2         1229         9472  ...       NaN          98.805
3         1229         9472  ...     309.0          98.369
4         1229         9472  ...     312.0          98.724

[5 rows x 17 columns]
2025-12-15 11:11:46 [DEBUG] __main__ - [build_lap_status_mapping] status_by_lap={1: 'YELLOW', 2: 'GREEN', 3: 'GREEN', 4: 'GREEN', 5: 'GREEN', 6: 'GREEN', 7: 'GREEN', 8: 'GREEN', 9: 'GREEN', 10: 'YELLOW', 11: 'GREEN', 12: 'GREEN', 13: 'GREEN', 14: 'GREEN', 15: 'GREEN', 16: 'GREEN', 17: 'GREEN', 18: 'GREEN', 19: 'GREEN', 20: 'GREEN', 21: 'GREEN', 22: 'GREEN', 23: 'GREEN', 24: 'GREEN', 25: 'GREEN', 26: 'GREEN', 27: 'GREEN', 28: 'GREEN', 29: 'GREEN', 30: 'GREEN', 31: 'GREEN', 32: 'GREEN', 33: 'GREEN', 34: 'GREEN', 35: 'GREEN', 36: 'GREEN', 37: 'GREEN', 38: 'GREEN', 39: 'GREEN', 40: 'GREEN', 41: 'GREEN', 42: 'GREEN', 43: 'GREEN', 44: 'GREEN', 45: 'GREEN', 46: 'GREEN', 47: 'GREEN', 48: 'GREEN', 49: 'GREEN', 50: 'GREEN', 51: 'GREEN', 52: 'GREEN', 53: 'GREEN', 54: 'GREEN', 55: 'RED_FLAG;CHEQUERED'}
2025-12-15 11:11:46 [INFO] __main__ - [compute_lap_features_for_driver] driver=2, typical_duration_s=97.8095
2025-12-15 11:11:46 [INFO] __main__ - [compute_lap_features_for_driver] driver=2 lap=1 DROP (YELLOW_FLAG_LAP), status=YELLOW, duration=2727.7s
2025-12-15 11:11:46 [INFO] __main__ - [compute_lap_features_for_driver] driver=2 lap=2 KEEP, status=GREEN, duration=98.4s
2025-12-15 11:11:46 [DEBUG] __main__ - [get_openf1] GET https://api.openf1.org/v1/car_data params={'session_key': 9472, 'driver_number': 2, 'date>': '2024-03-02T15:05:28.737000+00:00', 'date<': '2024-03-02T15:07:07.169000+00:00'}
2025-12-15 11:11:46 [DEBUG] __main__ - [compute_lap_features_for_driver] driver=2 lap=2, car_data rows=375
2025-12-15 11:11:46 [INFO] __main__ - [compute_lap_features_for_driver] driver=2 lap=3 KEEP, status=GREEN, duration=98.8s
2025-12-15 11:11:46 [DEBUG] __main__ - [get_openf1] GET https://api.openf1.org/v1/car_data params={'session_key': 9472, 'driver_number': 2, 'date>': '2024-03-02T15:07:07.169000+00:00', 'date<': '2024-03-02T15:08:45.974000+00:00'}
2025-12-15 11:11:47 [DEBUG] __main__ - [compute_lap_features_for_driver] driver=2 lap=3, car_data rows=363
2025-12-15 11:11:47 [INFO] __main__ - [compute_lap_features_for_driver] driver=2 lap=4 KEEP, status=GREEN, duration=98.4s
2025-12-15 11:11:47 [DEBUG] __main__ - [get_openf1] GET https://api.openf1.org/v1/car_data params={'session_key': 9472, 'driver_number': 2, 'date>': '2024-03-02T15:08:45.974000+00:00', 'date<': '2024-03-02T15:10:24.343000+00:00'}
2025-12-15 11:11:48 [DEBUG] __main__ - [compute_lap_features_for_driver] driver=2 lap=4, car_data rows=373
2025-12-15 11:11:48 [INFO] __main__ - [compute_lap_features_for_driver] driver=2 lap=5 KEEP, status=GREEN, duration=98.7s
2025-12-15 11:11:48 [DEBUG] __main__ - [get_openf1] GET https://api.openf1.org/v1/car_data params={'session_key': 9472, 'driver_number': 2, 'date>': '2024-03-02T15:10:24.343000+00:00', 'date<': '2024-03-02T15:12:03.067000+00:00'}
2025-12-15 11:11:49 [DEBUG] __main__ - [compute_lap_features_for_driver] driver=2 lap=5, car_data rows=374
2025-12-15 11:11:49 [INFO] __main__ - [compute_lap_features_for_driver] driver=2 lap=6 KEEP, status=GREEN, duration=98.6s
2025-12-15 11:11:49 [DEBUG] __main__ - [get_openf1] GET https://api.openf1.org/v1/car_data params={'session_key': 9472, 'driver_number': 2, 'date>': '2024-03-02T15:12:03.067000+00:00', 'date<': '2024-03-02T15:13:41.625000+00:00'}
2025-12-15 11:11:50 [DEBUG] __main__ - [compute_lap_features_for_driver] driver=2 lap=6, car_data rows=353
2025-12-15 11:11:50 [INFO] __main__ - [compute_lap_features_for_driver] driver=2 lap=7 KEEP, status=GREEN, duration=99.5s
2025-12-15 11:11:50 [DEBUG] __main__ - [get_openf1] GET https://api.openf1.org/v1/car_data params={'session_key': 9472, 'driver_number': 2, 'date>': '2024-03-02T15:13:41.625000+00:00', 'date<': '2024-03-02T15:15:21.091000+00:00'}
2025-12-15 11:11:50 [DEBUG] __main__ - [compute_lap_features_for_driver] driver=2 lap=7, car_data rows=375
2025-12-15 11:11:50 [INFO] __main__ - [compute_lap_features_for_driver] driver=2 lap=8 KEEP, status=GREEN, duration=99.6s
2025-12-15 11:11:50 [DEBUG] __main__ - [get_openf1] GET https://api.openf1.org/v1/car_data params={'session_key': 9472, 'driver_number': 2, 'date>': '2024-03-02T15:15:21.091000+00:00', 'date<': '2024-03-02T15:17:00.723000+00:00'}
2025-12-15 11:11:51 [DEBUG] __main__ - [compute_lap_features_for_driver] driver=2 lap=8, car_data rows=367
2025-12-15 11:11:51 [INFO] __main__ - [compute_lap_features_for_driver] driver=2 lap=9 KEEP, status=GREEN, duration=99.3s
2025-12-15 11:11:51 [DEBUG] __main__ - [get_openf1] GET https://api.openf1.org/v1/car_data params={'session_key': 9472, 'driver_number': 2, 'date>': '2024-03-02T15:17:00.723000+00:00', 'date<': '2024-03-02T15:18:39.989000+00:00'}
2025-12-15 11:11:52 [DEBUG] __main__ - [compute_lap_features_for_driver] driver=2 lap=9, car_data rows=370
2025-12-15 11:11:52 [INFO] __main__ - [compute_lap_features_for_driver] driver=2 lap=10 DROP (YELLOW_FLAG_LAP), status=YELLOW, duration=161.9s
2025-12-15 11:11:52 [INFO] __main__ - [compute_lap_features_for_driver] driver=2 lap=11 KEEP, status=GREEN, duration=132.4s
2025-12-15 11:11:52 [DEBUG] __main__ - [get_openf1] GET https://api.openf1.org/v1/car_data params={'session_key': 9472, 'driver_number': 2, 'date>': '2024-03-02T15:21:21.935000+00:00', 'date<': '2024-03-02T15:23:34.319000+00:00'}
2025-12-15 11:11:53 [DEBUG] __main__ - [compute_lap_features_for_driver] driver=2 lap=11, car_data rows=491
2025-12-15 11:11:53 [INFO] __main__ - [compute_lap_features_for_driver] driver=2 lap=12 KEEP, status=GREEN, duration=98.5s
2025-12-15 11:11:53 [DEBUG] __main__ - [get_openf1] GET https://api.openf1.org/v1/car_data params={'session_key': 9472, 'driver_number': 2, 'date>': '2024-03-02T15:23:34.319000+00:00', 'date<': '2024-03-02T15:25:12.827000+00:00'}
2025-12-15 11:11:54 [DEBUG] __main__ - [compute_lap_features_for_driver] driver=2 lap=12, car_data rows=380
2025-12-15 11:11:54 [INFO] __main__ - [compute_lap_features_for_driver] driver=2 lap=13 KEEP, status=GREEN, duration=101.1s
2025-12-15 11:11:54 [DEBUG] __main__ - [get_openf1] GET https://api.openf1.org/v1/car_data params={'session_key': 9472, 'driver_number': 2, 'date>': '2024-03-02T15:25:12.827000+00:00', 'date<': '2024-03-02T15:26:53.936000+00:00'}
2025-12-15 11:11:55 [DEBUG] __main__ - [compute_lap_features_for_driver] driver=2 lap=13, car_data rows=378
2025-12-15 11:11:55 [INFO] __main__ - [compute_lap_features_for_driver] driver=2 lap=14 KEEP, status=GREEN, duration=101.4s
2025-12-15 11:11:55 [DEBUG] __main__ - [get_openf1] GET https://api.openf1.org/v1/car_data params={'session_key': 9472, 'driver_number': 2, 'date>': '2024-03-02T15:26:53.936000+00:00', 'date<': '2024-03-02T15:28:35.301000+00:00'}
2025-12-15 11:11:56 [DEBUG] __main__ - [compute_lap_features_for_driver] driver=2 lap=14, car_data rows=383
2025-12-15 11:11:56 [INFO] __main__ - [compute_lap_features_for_driver] driver=2 lap=15 KEEP, status=GREEN, duration=97.6s
2025-12-15 11:11:56 [DEBUG] __main__ - [get_openf1] GET https://api.openf1.org/v1/car_data params={'session_key': 9472, 'driver_number': 2, 'date>': '2024-03-02T15:28:35.301000+00:00', 'date<': '2024-03-02T15:30:12.933000+00:00'}
2025-12-15 11:11:56 [DEBUG] __main__ - [compute_lap_features_for_driver] driver=2 lap=15, car_data rows=372
2025-12-15 11:11:56 [INFO] __main__ - [compute_lap_features_for_driver] driver=2 lap=16 KEEP, status=GREEN, duration=101.3s
2025-12-15 11:11:56 [DEBUG] __main__ - [get_openf1] GET https://api.openf1.org/v1/car_data params={'session_key': 9472, 'driver_number': 2, 'date>': '2024-03-02T15:30:12.933000+00:00', 'date<': '2024-03-02T15:31:54.254000+00:00'}
2025-12-15 11:11:57 [DEBUG] __main__ - [compute_lap_features_for_driver] driver=2 lap=16, car_data rows=376
2025-12-15 11:11:57 [INFO] __main__ - [compute_lap_features_for_driver] driver=2 lap=17 KEEP, status=GREEN, duration=99.8s
2025-12-15 11:11:57 [DEBUG] __main__ - [get_openf1] GET https://api.openf1.org/v1/car_data params={'session_key': 9472, 'driver_number': 2, 'date>': '2024-03-02T15:31:54.254000+00:00', 'date<': '2024-03-02T15:33:34.073000+00:00'}
2025-12-15 11:11:58 [DEBUG] __main__ - [compute_lap_features_for_driver] driver=2 lap=17, car_data rows=365
2025-12-15 11:11:58 [INFO] __main__ - [compute_lap_features_for_driver] driver=2 lap=18 KEEP, status=GREEN, duration=98.0s
2025-12-15 11:11:58 [DEBUG] __main__ - [get_openf1] GET https://api.openf1.org/v1/car_data params={'session_key': 9472, 'driver_number': 2, 'date>': '2024-03-02T15:33:34.073000+00:00', 'date<': '2024-03-02T15:35:12.065000+00:00'}
2025-12-15 11:11:58 [DEBUG] __main__ - [compute_lap_features_for_driver] driver=2 lap=18, car_data rows=366
2025-12-15 11:11:58 [INFO] __main__ - [compute_lap_features_for_driver] driver=2 lap=19 KEEP, status=GREEN, duration=97.7s
2025-12-15 11:11:58 [DEBUG] __main__ - [get_openf1] GET https://api.openf1.org/v1/car_data params={'session_key': 9472, 'driver_number': 2, 'date>': '2024-03-02T15:35:12.065000+00:00', 'date<': '2024-03-02T15:36:49.792000+00:00'}
2025-12-15 11:11:59 [DEBUG] __main__ - [compute_lap_features_for_driver] driver=2 lap=19, car_data rows=362
2025-12-15 11:11:59 [INFO] __main__ - [compute_lap_features_for_driver] driver=2 lap=20 KEEP, status=GREEN, duration=97.9s
2025-12-15 11:11:59 [DEBUG] __main__ - [get_openf1] GET https://api.openf1.org/v1/car_data params={'session_key': 9472, 'driver_number': 2, 'date>': '2024-03-02T15:36:49.792000+00:00', 'date<': '2024-03-02T15:38:27.658000+00:00'}
2025-12-15 11:12:00 [DEBUG] __main__ - [compute_lap_features_for_driver] driver=2 lap=20, car_data rows=371
2025-12-15 11:12:00 [INFO] __main__ - [compute_lap_features_for_driver] driver=2 lap=21 KEEP, status=GREEN, duration=98.0s
2025-12-15 11:12:00 [DEBUG] __main__ - [get_openf1] GET https://api.openf1.org/v1/car_data params={'session_key': 9472, 'driver_number': 2, 'date>': '2024-03-02T15:38:27.658000+00:00', 'date<': '2024-03-02T15:40:05.682000+00:00'}
2025-12-15 11:12:00 [DEBUG] __main__ - [compute_lap_features_for_driver] driver=2 lap=21, car_data rows=367
2025-12-15 11:12:00 [INFO] __main__ - [compute_lap_features_for_driver] driver=2 lap=22 KEEP, status=GREEN, duration=97.8s
2025-12-15 11:12:00 [DEBUG] __main__ - [get_openf1] GET https://api.openf1.org/v1/car_data params={'session_key': 9472, 'driver_number': 2, 'date>': '2024-03-02T15:40:05.682000+00:00', 'date<': '2024-03-02T15:41:43.435000+00:00'}
2025-12-15 11:12:01 [DEBUG] __main__ - [compute_lap_features_for_driver] driver=2 lap=22, car_data rows=357
2025-12-15 11:12:01 [INFO] __main__ - [compute_lap_features_for_driver] driver=2 lap=23 KEEP, status=GREEN, duration=97.6s
2025-12-15 11:12:01 [DEBUG] __main__ - [get_openf1] GET https://api.openf1.org/v1/car_data params={'session_key': 9472, 'driver_number': 2, 'date>': '2024-03-02T15:41:43.435000+00:00', 'date<': '2024-03-02T15:43:21.051000+00:00'}
2025-12-15 11:12:02 [DEBUG] __main__ - [compute_lap_features_for_driver] driver=2 lap=23, car_data rows=357
2025-12-15 11:12:02 [INFO] __main__ - [compute_lap_features_for_driver] driver=2 lap=24 KEEP, status=GREEN, duration=99.5s
2025-12-15 11:12:02 [DEBUG] __main__ - [get_openf1] GET https://api.openf1.org/v1/car_data params={'session_key': 9472, 'driver_number': 2, 'date>': '2024-03-02T15:43:21.051000+00:00', 'date<': '2024-03-02T15:45:00.546000+00:00'}
2025-12-15 11:12:02 [DEBUG] __main__ - [compute_lap_features_for_driver] driver=2 lap=24, car_data rows=374
2025-12-15 11:12:02 [INFO] __main__ - [compute_lap_features_for_driver] driver=2 lap=25 KEEP, status=GREEN, duration=99.0s
2025-12-15 11:12:02 [DEBUG] __main__ - [get_openf1] GET https://api.openf1.org/v1/car_data params={'session_key': 9472, 'driver_number': 2, 'date>': '2024-03-02T15:45:00.546000+00:00', 'date<': '2024-03-02T15:46:39.536000+00:00'}
2025-12-15 11:12:03 [DEBUG] __main__ - [compute_lap_features_for_driver] driver=2 lap=25, car_data rows=374
2025-12-15 11:12:03 [INFO] __main__ - [compute_lap_features_for_driver] driver=2 lap=26 KEEP, status=GREEN, duration=97.9s
2025-12-15 11:12:03 [DEBUG] __main__ - [get_openf1] GET https://api.openf1.org/v1/car_data params={'session_key': 9472, 'driver_number': 2, 'date>': '2024-03-02T15:46:39.536000+00:00', 'date<': '2024-03-02T15:48:17.458000+00:00'}
2025-12-15 11:12:03 [DEBUG] __main__ - [compute_lap_features_for_driver] driver=2 lap=26, car_data rows=371
2025-12-15 11:12:03 [INFO] __main__ - [compute_lap_features_for_driver] driver=2 lap=27 KEEP, status=GREEN, duration=98.2s
2025-12-15 11:12:03 [DEBUG] __main__ - [get_openf1] GET https://api.openf1.org/v1/car_data params={'session_key': 9472, 'driver_number': 2, 'date>': '2024-03-02T15:48:17.458000+00:00', 'date<': '2024-03-02T15:49:55.707000+00:00'}
2025-12-15 11:12:04 [DEBUG] __main__ - [compute_lap_features_for_driver] driver=2 lap=27, car_data rows=352
2025-12-15 11:12:04 [INFO] __main__ - [compute_lap_features_for_driver] driver=2 lap=28 KEEP, status=GREEN, duration=100.5s
2025-12-15 11:12:04 [DEBUG] __main__ - [get_openf1] GET https://api.openf1.org/v1/car_data params={'session_key': 9472, 'driver_number': 2, 'date>': '2024-03-02T15:49:55.707000+00:00', 'date<': '2024-03-02T15:51:36.212000+00:00'}
2025-12-15 11:12:05 [DEBUG] __main__ - [compute_lap_features_for_driver] driver=2 lap=28, car_data rows=373
2025-12-15 11:12:05 [INFO] __main__ - [compute_lap_features_for_driver] driver=2 lap=29 KEEP, status=GREEN, duration=121.6s
2025-12-15 11:12:05 [DEBUG] __main__ - [get_openf1] GET https://api.openf1.org/v1/car_data params={'session_key': 9472, 'driver_number': 2, 'date>': '2024-03-02T15:51:36.212000+00:00', 'date<': '2024-03-02T15:53:37.819000+00:00'}
2025-12-15 11:12:05 [DEBUG] __main__ - [compute_lap_features_for_driver] driver=2 lap=29, car_data rows=466
2025-12-15 11:12:05 [INFO] __main__ - [compute_lap_features_for_driver] driver=2 lap=30 KEEP, status=GREEN, duration=95.8s
2025-12-15 11:12:05 [DEBUG] __main__ - [get_openf1] GET https://api.openf1.org/v1/car_data params={'session_key': 9472, 'driver_number': 2, 'date>': '2024-03-02T15:53:37.819000+00:00', 'date<': '2024-03-02T15:55:13.608000+00:00'}
2025-12-15 11:12:06 [DEBUG] __main__ - [compute_lap_features_for_driver] driver=2 lap=30, car_data rows=357
2025-12-15 11:12:06 [INFO] __main__ - [compute_lap_features_for_driver] driver=2 lap=31 KEEP, status=GREEN, duration=96.7s
2025-12-15 11:12:06 [DEBUG] __main__ - [get_openf1] GET https://api.openf1.org/v1/car_data params={'session_key': 9472, 'driver_number': 2, 'date>': '2024-03-02T15:55:13.608000+00:00', 'date<': '2024-03-02T15:56:50.282000+00:00'}
2025-12-15 11:12:07 [DEBUG] __main__ - [compute_lap_features_for_driver] driver=2 lap=31, car_data rows=368
2025-12-15 11:12:07 [INFO] __main__ - [compute_lap_features_for_driver] driver=2 lap=32 KEEP, status=GREEN, duration=96.6s
2025-12-15 11:12:07 [DEBUG] __main__ - [get_openf1] GET https://api.openf1.org/v1/car_data params={'session_key': 9472, 'driver_number': 2, 'date>': '2024-03-02T15:56:50.282000+00:00', 'date<': '2024-03-02T15:58:26.854000+00:00'}
2025-12-15 11:12:07 [DEBUG] __main__ - [compute_lap_features_for_driver] driver=2 lap=32, car_data rows=357
2025-12-15 11:12:07 [INFO] __main__ - [compute_lap_features_for_driver] driver=2 lap=33 KEEP, status=GREEN, duration=97.4s
2025-12-15 11:12:07 [DEBUG] __main__ - [get_openf1] GET https://api.openf1.org/v1/car_data params={'session_key': 9472, 'driver_number': 2, 'date>': '2024-03-02T15:58:26.854000+00:00', 'date<': '2024-03-02T16:00:04.211000+00:00'}
2025-12-15 11:12:08 [DEBUG] __main__ - [compute_lap_features_for_driver] driver=2 lap=33, car_data rows=371
2025-12-15 11:12:08 [INFO] __main__ - [compute_lap_features_for_driver] driver=2 lap=34 KEEP, status=GREEN, duration=96.6s
2025-12-15 11:12:08 [DEBUG] __main__ - [get_openf1] GET https://api.openf1.org/v1/car_data params={'session_key': 9472, 'driver_number': 2, 'date>': '2024-03-02T16:00:04.211000+00:00', 'date<': '2024-03-02T16:01:40.784000+00:00'}
2025-12-15 11:12:09 [DEBUG] __main__ - [compute_lap_features_for_driver] driver=2 lap=34, car_data rows=348
2025-12-15 11:12:09 [INFO] __main__ - [compute_lap_features_for_driver] driver=2 lap=35 KEEP, status=GREEN, duration=96.9s
2025-12-15 11:12:09 [DEBUG] __main__ - [get_openf1] GET https://api.openf1.org/v1/car_data params={'session_key': 9472, 'driver_number': 2, 'date>': '2024-03-02T16:01:40.784000+00:00', 'date<': '2024-03-02T16:03:17.715000+00:00'}
2025-12-15 11:12:09 [DEBUG] __main__ - [compute_lap_features_for_driver] driver=2 lap=35, car_data rows=359
2025-12-15 11:12:09 [INFO] __main__ - [compute_lap_features_for_driver] driver=2 lap=36 KEEP, status=GREEN, duration=96.4s
2025-12-15 11:12:09 [DEBUG] __main__ - [get_openf1] GET https://api.openf1.org/v1/car_data params={'session_key': 9472, 'driver_number': 2, 'date>': '2024-03-02T16:03:17.715000+00:00', 'date<': '2024-03-02T16:04:54.083000+00:00'}
2025-12-15 11:12:10 [DEBUG] __main__ - [compute_lap_features_for_driver] driver=2 lap=36, car_data rows=354
2025-12-15 11:12:10 [INFO] __main__ - [compute_lap_features_for_driver] driver=2 lap=37 KEEP, status=GREEN, duration=96.7s
2025-12-15 11:12:10 [DEBUG] __main__ - [get_openf1] GET https://api.openf1.org/v1/car_data params={'session_key': 9472, 'driver_number': 2, 'date>': '2024-03-02T16:04:54.083000+00:00', 'date<': '2024-03-02T16:06:30.793000+00:00'}
2025-12-15 11:12:11 [DEBUG] __main__ - [compute_lap_features_for_driver] driver=2 lap=37, car_data rows=362
2025-12-15 11:12:11 [INFO] __main__ - [compute_lap_features_for_driver] driver=2 lap=38 KEEP, status=GREEN, duration=96.8s
2025-12-15 11:12:11 [DEBUG] __main__ - [get_openf1] GET https://api.openf1.org/v1/car_data params={'session_key': 9472, 'driver_number': 2, 'date>': '2024-03-02T16:06:30.793000+00:00', 'date<': '2024-03-02T16:08:07.594000+00:00'}
2025-12-15 11:12:11 [DEBUG] __main__ - [compute_lap_features_for_driver] driver=2 lap=38, car_data rows=354
2025-12-15 11:12:11 [INFO] __main__ - [compute_lap_features_for_driver] driver=2 lap=39 KEEP, status=GREEN, duration=97.1s
2025-12-15 11:12:11 [DEBUG] __main__ - [get_openf1] GET https://api.openf1.org/v1/car_data params={'session_key': 9472, 'driver_number': 2, 'date>': '2024-03-02T16:08:07.594000+00:00', 'date<': '2024-03-02T16:09:44.655000+00:00'}
2025-12-15 11:12:12 [DEBUG] __main__ - [compute_lap_features_for_driver] driver=2 lap=39, car_data rows=367
2025-12-15 11:12:12 [INFO] __main__ - [compute_lap_features_for_driver] driver=2 lap=40 KEEP, status=GREEN, duration=99.8s
2025-12-15 11:12:12 [DEBUG] __main__ - [get_openf1] GET https://api.openf1.org/v1/car_data params={'session_key': 9472, 'driver_number': 2, 'date>': '2024-03-02T16:09:44.655000+00:00', 'date<': '2024-03-02T16:11:24.430000+00:00'}
2025-12-15 11:12:13 [DEBUG] __main__ - [compute_lap_features_for_driver] driver=2 lap=40, car_data rows=369
2025-12-15 11:12:13 [INFO] __main__ - [compute_lap_features_for_driver] driver=2 lap=41 KEEP, status=GREEN, duration=120.3s
2025-12-15 11:12:13 [DEBUG] __main__ - [get_openf1] GET https://api.openf1.org/v1/car_data params={'session_key': 9472, 'driver_number': 2, 'date>': '2024-03-02T16:11:24.430000+00:00', 'date<': '2024-03-02T16:13:24.717000+00:00'}
2025-12-15 11:12:14 [DEBUG] __main__ - [compute_lap_features_for_driver] driver=2 lap=41, car_data rows=449
2025-12-15 11:12:14 [INFO] __main__ - [compute_lap_features_for_driver] driver=2 lap=42 KEEP, status=GREEN, duration=94.8s
2025-12-15 11:12:14 [DEBUG] __main__ - [get_openf1] GET https://api.openf1.org/v1/car_data params={'session_key': 9472, 'driver_number': 2, 'date>': '2024-03-02T16:13:24.717000+00:00', 'date<': '2024-03-02T16:14:59.489000+00:00'}
2025-12-15 11:12:14 [DEBUG] __main__ - [compute_lap_features_for_driver] driver=2 lap=42, car_data rows=357
2025-12-15 11:12:14 [INFO] __main__ - [compute_lap_features_for_driver] driver=2 lap=43 KEEP, status=GREEN, duration=94.9s
2025-12-15 11:12:14 [DEBUG] __main__ - [get_openf1] GET https://api.openf1.org/v1/car_data params={'session_key': 9472, 'driver_number': 2, 'date>': '2024-03-02T16:14:59.489000+00:00', 'date<': '2024-03-02T16:16:34.406000+00:00'}
2025-12-15 11:12:15 [DEBUG] __main__ - [compute_lap_features_for_driver] driver=2 lap=43, car_data rows=355
2025-12-15 11:12:15 [INFO] __main__ - [compute_lap_features_for_driver] driver=2 lap=44 KEEP, status=GREEN, duration=95.1s
2025-12-15 11:12:15 [DEBUG] __main__ - [get_openf1] GET https://api.openf1.org/v1/car_data params={'session_key': 9472, 'driver_number': 2, 'date>': '2024-03-02T16:16:34.406000+00:00', 'date<': '2024-03-02T16:18:09.515000+00:00'}
2025-12-15 11:12:16 [DEBUG] __main__ - [compute_lap_features_for_driver] driver=2 lap=44, car_data rows=345
2025-12-15 11:12:16 [INFO] __main__ - [compute_lap_features_for_driver] driver=2 lap=45 KEEP, status=GREEN, duration=95.3s
2025-12-15 11:12:16 [DEBUG] __main__ - [get_openf1] GET https://api.openf1.org/v1/car_data params={'session_key': 9472, 'driver_number': 2, 'date>': '2024-03-02T16:18:09.515000+00:00', 'date<': '2024-03-02T16:19:44.864000+00:00'}
2025-12-15 11:12:16 [DEBUG] __main__ - [compute_lap_features_for_driver] driver=2 lap=45, car_data rows=356
2025-12-15 11:12:16 [INFO] __main__ - [compute_lap_features_for_driver] driver=2 lap=46 KEEP, status=GREEN, duration=95.9s
2025-12-15 11:12:16 [DEBUG] __main__ - [get_openf1] GET https://api.openf1.org/v1/car_data params={'session_key': 9472, 'driver_number': 2, 'date>': '2024-03-02T16:19:44.864000+00:00', 'date<': '2024-03-02T16:21:20.749000+00:00'}
2025-12-15 11:12:17 [DEBUG] __main__ - [compute_lap_features_for_driver] driver=2 lap=46, car_data rows=356
2025-12-15 11:12:17 [INFO] __main__ - [compute_lap_features_for_driver] driver=2 lap=47 KEEP, status=GREEN, duration=96.9s
2025-12-15 11:12:17 [DEBUG] __main__ - [get_openf1] GET https://api.openf1.org/v1/car_data params={'session_key': 9472, 'driver_number': 2, 'date>': '2024-03-02T16:21:20.749000+00:00', 'date<': '2024-03-02T16:22:57.609000+00:00'}
2025-12-15 11:12:17 [DEBUG] __main__ - [compute_lap_features_for_driver] driver=2 lap=47, car_data rows=348
2025-12-15 11:12:17 [INFO] __main__ - [compute_lap_features_for_driver] driver=2 lap=48 KEEP, status=GREEN, duration=95.7s
2025-12-15 11:12:17 [DEBUG] __main__ - [get_openf1] GET https://api.openf1.org/v1/car_data params={'session_key': 9472, 'driver_number': 2, 'date>': '2024-03-02T16:22:57.609000+00:00', 'date<': '2024-03-02T16:24:33.273000+00:00'}
2025-12-15 11:12:18 [DEBUG] __main__ - [compute_lap_features_for_driver] driver=2 lap=48, car_data rows=367
2025-12-15 11:12:18 [INFO] __main__ - [compute_lap_features_for_driver] driver=2 lap=49 KEEP, status=GREEN, duration=95.5s
2025-12-15 11:12:18 [DEBUG] __main__ - [get_openf1] GET https://api.openf1.org/v1/car_data params={'session_key': 9472, 'driver_number': 2, 'date>': '2024-03-02T16:24:33.273000+00:00', 'date<': '2024-03-02T16:26:08.812000+00:00'}
2025-12-15 11:12:19 [DEBUG] __main__ - [compute_lap_features_for_driver] driver=2 lap=49, car_data rows=357
2025-12-15 11:12:19 [INFO] __main__ - [compute_lap_features_for_driver] driver=2 lap=50 KEEP, status=GREEN, duration=95.7s
2025-12-15 11:12:19 [DEBUG] __main__ - [get_openf1] GET https://api.openf1.org/v1/car_data params={'session_key': 9472, 'driver_number': 2, 'date>': '2024-03-02T16:26:08.812000+00:00', 'date<': '2024-03-02T16:27:44.498000+00:00'}
2025-12-15 11:12:19 [DEBUG] __main__ - [compute_lap_features_for_driver] driver=2 lap=50, car_data rows=353
2025-12-15 11:12:19 [INFO] __main__ - [compute_lap_features_for_driver] driver=2 lap=51 KEEP, status=GREEN, duration=96.2s
2025-12-15 11:12:19 [DEBUG] __main__ - [get_openf1] GET https://api.openf1.org/v1/car_data params={'session_key': 9472, 'driver_number': 2, 'date>': '2024-03-02T16:27:44.498000+00:00', 'date<': '2024-03-02T16:29:20.677000+00:00'}
2025-12-15 11:12:20 [DEBUG] __main__ - [compute_lap_features_for_driver] driver=2 lap=51, car_data rows=362
2025-12-15 11:12:20 [INFO] __main__ - [compute_lap_features_for_driver] driver=2 lap=52 KEEP, status=GREEN, duration=95.8s
2025-12-15 11:12:20 [DEBUG] __main__ - [get_openf1] GET https://api.openf1.org/v1/car_data params={'session_key': 9472, 'driver_number': 2, 'date>': '2024-03-02T16:29:20.677000+00:00', 'date<': '2024-03-02T16:30:56.521000+00:00'}
2025-12-15 11:12:20 [DEBUG] __main__ - [compute_lap_features_for_driver] driver=2 lap=52, car_data rows=353
2025-12-15 11:12:20 [INFO] __main__ - [compute_lap_features_for_driver] driver=2 lap=53 KEEP, status=GREEN, duration=96.0s
2025-12-15 11:12:20 [DEBUG] __main__ - [get_openf1] GET https://api.openf1.org/v1/car_data params={'session_key': 9472, 'driver_number': 2, 'date>': '2024-03-02T16:30:56.521000+00:00', 'date<': '2024-03-02T16:32:32.524000+00:00'}
2025-12-15 11:12:21 [DEBUG] __main__ - [compute_lap_features_for_driver] driver=2 lap=53, car_data rows=360
2025-12-15 11:12:21 [INFO] __main__ - [compute_lap_features_for_driver] driver=2 lap=54 KEEP, status=GREEN, duration=99.7s
2025-12-15 11:12:21 [DEBUG] __main__ - [get_openf1] GET https://api.openf1.org/v1/car_data params={'session_key': 9472, 'driver_number': 2, 'date>': '2024-03-02T16:32:32.524000+00:00', 'date<': '2024-03-02T16:34:12.176000+00:00'}
2025-12-15 11:12:21 [DEBUG] __main__ - [compute_lap_features_for_driver] driver=2 lap=54, car_data rows=361
2025-12-15 11:12:21 [INFO] __main__ - [compute_lap_features_for_driver] driver=2 lap=55 DROP (CHEQUERED_FLAG_LAP), status=RED_FLAG;CHEQUERED, duration=nans
2025-12-15 11:12:21 [INFO] __main__ - [compute_lap_features_for_driver] driver=2, feature laps=[2, 3, 4, 5, 6, 7, 8, 9, 11, 12, 13, 14, 15, 16, 17, 18, 19, 20, 21, 22, 23, 24, 25, 26, 27, 28, 29, 30, 31, 32, 33, 34, 35, 36, 37, 38, 39, 40, 41, 42, 43, 44, 45, 46, 47, 48, 49, 50, 51, 52, 53, 54]
2025-12-15 11:12:21 [INFO] __main__ - [build_driver_style_embedding_json] all feature laps (combined)=[2, 3, 4, 5, 6, 7, 8, 9, 11, 12, 13, 14, 15, 16, 17, 18, 19, 20, 21, 22, 23, 24, 25, 26, 27, 28, 29, 30, 31, 32, 33, 34, 35, 36, 37, 38, 39, 40, 41, 42, 43, 44, 45, 46, 47, 48, 49, 50, 51, 52, 53, 54, 55, 56]
2025-12-15 11:12:21 [INFO] __main__ - [embed_lap_features] focus_laps = [10, 29, 57]
2025-12-15 11:12:21 [INFO] __main__ - Saved ./driver_style_embedding_2024sakhir.json
