2025-12-15 11:54:34 [INFO] __main__ - ===== Driver Style Map logging started for race_id=2024lasvegas =====
2025-12-15 11:54:34 [INFO] __main__ - log file: log/driver_style_2024lasvegas.log
2025-12-15 11:54:34 [INFO] __main__ - === Start processing 2024lasvegas ===
2025-12-15 11:54:34 [DEBUG] __main__ - [get_openf1] GET https://api.openf1.org/v1/meetings params={'year': 2024}
2025-12-15 11:54:34 [DEBUG] __main__ - [get_openf1] GET https://api.openf1.org/v1/sessions params={'meeting_key': 1250}
2025-12-15 11:54:35 [INFO] __main__ - [find_race_session] year=2024 slug=lasvegas -> session_key=9644, meeting_name=Las Vegas Grand Prix
2025-12-15 11:54:35 [INFO] __main__ - [main] race_id=2024lasvegas -> session_key=9644, meeting_name=Las Vegas Grand Prix
2025-12-15 11:54:35 [DEBUG] __main__ - [get_openf1] GET https://api.openf1.org/v1/session_result params={'session_key': 9644}
2025-12-15 11:54:35 [DEBUG] __main__ - [get_openf1] GET https://api.openf1.org/v1/drivers params={'session_key': 9644}
2025-12-15 11:54:35 [INFO] __main__ - [select_race_drivers] session_key=9644 winner=63 teammate=44 last_finisher=77
2025-12-15 11:54:35 [INFO] __main__ - [build_driver_style_embedding_json] start session_key=9644, drivers=[63, 44, 77]
2025-12-15 11:54:35 [DEBUG] __main__ - [get_openf1] GET https://api.openf1.org/v1/race_control params={'session_key': 9644}
2025-12-15 11:54:36 [DEBUG] __main__ - [get_openf1] GET https://api.openf1.org/v1/sessions params={'session_key': 9644}
2025-12-15 11:54:36 [INFO] __main__ - [fetch_session_start] session_key=9644, date_start=2024-11-24 06:00:00+00:00
2025-12-15 11:54:36 [INFO] __main__ - [fetch_race_start_time] use first GREEN as race_start: 2024-11-24 05:20:01+00:00
2025-12-15 11:54:36 [DEBUG] __main__ - [get_openf1] GET https://api.openf1.org/v1/laps params={'session_key': 9644, 'driver_number': 63}
2025-12-15 11:54:37 [INFO] __main__ - [fetch_laps] fill lap 1 date_start with race_start=2024-11-24 05:20:01+00:00
2025-12-15 11:54:37 [INFO] __main__ - [fetch_laps] driver=63, laps: min=1, max=50, count=50
2025-12-15 11:54:37 [DEBUG] __main__ - [fetch_laps] head:
   meeting_key  session_key  ...  st_speed  lap_duration_s
0         1250         9644  ...       307        2722.754
1         1250         9644  ...       318          99.130
2         1250         9644  ...       320          98.802
3         1250         9644  ...       300          98.801
4         1250         9644  ...       315          97.977

[5 rows x 17 columns]
2025-12-15 11:54:37 [INFO] __main__ - [build_driver_style_embedding_json] ref_driver=63, min_lap=1, max_lap=50
2025-12-15 11:54:37 [INFO] __main__ - [build_driver_style_embedding_json] phase_split plan =
2025-12-15 11:54:37 [INFO] __main__ -   opening: [1, 2, 3, 4, 5, 6, 7, 8, 9, 10, 11, 12, 13, 14, 15, 16, 17]
2025-12-15 11:54:37 [INFO] __main__ -   middle : [18, 19, 20, 21, 22, 23, 24, 25, 26, 27, 28, 29, 30, 31, 32, 33, 34]
2025-12-15 11:54:37 [INFO] __main__ -   ending : [35, 36, 37, 38, 39, 40, 41, 42, 43, 44, 45, 46, 47, 48, 49, 50]
2025-12-15 11:54:37 [INFO] __main__ - [build_driver_style_embedding_json] compute features for driver=63
2025-12-15 11:54:37 [DEBUG] __main__ - [get_openf1] GET https://api.openf1.org/v1/laps params={'session_key': 9644, 'driver_number': 63}
2025-12-15 11:54:38 [DEBUG] __main__ - [get_openf1] GET https://api.openf1.org/v1/sessions params={'session_key': 9644}
2025-12-15 11:54:39 [INFO] __main__ - [fetch_session_start] session_key=9644, date_start=2024-11-24 06:00:00+00:00
2025-12-15 11:54:39 [INFO] __main__ - [fetch_race_start_time] use first GREEN as race_start: 2024-11-24 05:20:01+00:00
2025-12-15 11:54:39 [INFO] __main__ - [fetch_laps] fill lap 1 date_start with race_start=2024-11-24 05:20:01+00:00
2025-12-15 11:54:39 [INFO] __main__ - [fetch_laps] driver=63, laps: min=1, max=50, count=50
2025-12-15 11:54:39 [DEBUG] __main__ - [fetch_laps] head:
   meeting_key  session_key  ...  st_speed  lap_duration_s
0         1250         9644  ...       307        2722.754
1         1250         9644  ...       318          99.130
2         1250         9644  ...       320          98.802
3         1250         9644  ...       300          98.801
4         1250         9644  ...       315          97.977

[5 rows x 17 columns]
2025-12-15 11:54:39 [DEBUG] __main__ - [build_lap_status_mapping] status_by_lap={1: 'GREEN', 2: 'GREEN', 3: 'GREEN', 4: 'GREEN', 5: 'GREEN', 6: 'GREEN', 7: 'GREEN', 8: 'GREEN', 9: 'GREEN', 10: 'GREEN', 11: 'GREEN', 12: 'GREEN', 13: 'GREEN', 14: 'GREEN', 15: 'GREEN', 16: 'GREEN', 17: 'GREEN', 18: 'GREEN', 19: 'GREEN', 20: 'GREEN', 21: 'GREEN', 22: 'GREEN', 23: 'GREEN', 24: 'GREEN', 25: 'GREEN', 26: 'GREEN', 27: 'GREEN', 28: 'GREEN', 29: 'GREEN', 30: 'GREEN', 31: 'GREEN', 32: 'GREEN', 33: 'GREEN', 34: 'GREEN', 35: 'GREEN', 36: 'GREEN', 37: 'GREEN', 38: 'GREEN', 39: 'GREEN', 40: 'GREEN', 41: 'GREEN', 42: 'GREEN', 43: 'GREEN', 44: 'GREEN', 45: 'GREEN', 46: 'GREEN', 47: 'GREEN', 48: 'GREEN', 49: 'GREEN', 50: 'YELLOW;RED_FLAG;CHEQUERED'}
2025-12-15 11:54:39 [INFO] __main__ - [compute_lap_features_for_driver] driver=63, typical_duration_s=97.76599999999999
2025-12-15 11:54:39 [INFO] __main__ - [compute_lap_features_for_driver] driver=63 lap=1 DROP (LONG_LAP_2722.8s), status=GREEN, duration=2722.8s
2025-12-15 11:54:39 [INFO] __main__ - [compute_lap_features_for_driver] driver=63 lap=2 KEEP, status=GREEN, duration=99.1s
2025-12-15 11:54:39 [DEBUG] __main__ - [get_openf1] GET https://api.openf1.org/v1/car_data params={'session_key': 9644, 'driver_number': 63, 'date>': '2024-11-24T06:05:23.754000+00:00', 'date<': '2024-11-24T06:07:02.884000+00:00'}
2025-12-15 11:54:40 [DEBUG] __main__ - [compute_lap_features_for_driver] driver=63 lap=2, car_data rows=386
2025-12-15 11:54:40 [INFO] __main__ - [compute_lap_features_for_driver] driver=63 lap=3 KEEP, status=GREEN, duration=98.8s
2025-12-15 11:54:40 [DEBUG] __main__ - [get_openf1] GET https://api.openf1.org/v1/car_data params={'session_key': 9644, 'driver_number': 63, 'date>': '2024-11-24T06:07:02.884000+00:00', 'date<': '2024-11-24T06:08:41.686000+00:00'}
2025-12-15 11:54:40 [DEBUG] __main__ - [compute_lap_features_for_driver] driver=63 lap=3, car_data rows=368
2025-12-15 11:54:40 [INFO] __main__ - [compute_lap_features_for_driver] driver=63 lap=4 KEEP, status=GREEN, duration=98.8s
2025-12-15 11:54:40 [DEBUG] __main__ - [get_openf1] GET https://api.openf1.org/v1/car_data params={'session_key': 9644, 'driver_number': 63, 'date>': '2024-11-24T06:08:41.686000+00:00', 'date<': '2024-11-24T06:10:20.487000+00:00'}
2025-12-15 11:54:41 [DEBUG] __main__ - [compute_lap_features_for_driver] driver=63 lap=4, car_data rows=384
2025-12-15 11:54:41 [INFO] __main__ - [compute_lap_features_for_driver] driver=63 lap=5 KEEP, status=GREEN, duration=98.0s
2025-12-15 11:54:41 [DEBUG] __main__ - [get_openf1] GET https://api.openf1.org/v1/car_data params={'session_key': 9644, 'driver_number': 63, 'date>': '2024-11-24T06:10:20.487000+00:00', 'date<': '2024-11-24T06:11:58.464000+00:00'}
2025-12-15 11:54:42 [DEBUG] __main__ - [compute_lap_features_for_driver] driver=63 lap=5, car_data rows=365
2025-12-15 11:54:42 [INFO] __main__ - [compute_lap_features_for_driver] driver=63 lap=6 KEEP, status=GREEN, duration=98.5s
2025-12-15 11:54:42 [DEBUG] __main__ - [get_openf1] GET https://api.openf1.org/v1/car_data params={'session_key': 9644, 'driver_number': 63, 'date>': '2024-11-24T06:11:58.464000+00:00', 'date<': '2024-11-24T06:13:36.953000+00:00'}
2025-12-15 11:54:43 [DEBUG] __main__ - [compute_lap_features_for_driver] driver=63 lap=6, car_data rows=374
2025-12-15 11:54:43 [INFO] __main__ - [compute_lap_features_for_driver] driver=63 lap=7 KEEP, status=GREEN, duration=98.4s
2025-12-15 11:54:43 [DEBUG] __main__ - [get_openf1] GET https://api.openf1.org/v1/car_data params={'session_key': 9644, 'driver_number': 63, 'date>': '2024-11-24T06:13:36.953000+00:00', 'date<': '2024-11-24T06:15:15.368000+00:00'}
2025-12-15 11:54:44 [DEBUG] __main__ - [compute_lap_features_for_driver] driver=63 lap=7, car_data rows=372
2025-12-15 11:54:44 [INFO] __main__ - [compute_lap_features_for_driver] driver=63 lap=8 KEEP, status=GREEN, duration=98.3s
2025-12-15 11:54:44 [DEBUG] __main__ - [get_openf1] GET https://api.openf1.org/v1/car_data params={'session_key': 9644, 'driver_number': 63, 'date>': '2024-11-24T06:15:15.368000+00:00', 'date<': '2024-11-24T06:16:53.707000+00:00'}
2025-12-15 11:54:44 [DEBUG] __main__ - [compute_lap_features_for_driver] driver=63 lap=8, car_data rows=360
2025-12-15 11:54:44 [INFO] __main__ - [compute_lap_features_for_driver] driver=63 lap=9 KEEP, status=GREEN, duration=98.8s
2025-12-15 11:54:44 [DEBUG] __main__ - [get_openf1] GET https://api.openf1.org/v1/car_data params={'session_key': 9644, 'driver_number': 63, 'date>': '2024-11-24T06:16:53.707000+00:00', 'date<': '2024-11-24T06:18:32.472000+00:00'}
2025-12-15 11:54:45 [DEBUG] __main__ - [compute_lap_features_for_driver] driver=63 lap=9, car_data rows=381
2025-12-15 11:54:45 [INFO] __main__ - [compute_lap_features_for_driver] driver=63 lap=10 KEEP, status=GREEN, duration=98.8s
2025-12-15 11:54:45 [DEBUG] __main__ - [get_openf1] GET https://api.openf1.org/v1/car_data params={'session_key': 9644, 'driver_number': 63, 'date>': '2024-11-24T06:18:32.472000+00:00', 'date<': '2024-11-24T06:20:11.261000+00:00'}
2025-12-15 11:54:46 [DEBUG] __main__ - [compute_lap_features_for_driver] driver=63 lap=10, car_data rows=369
2025-12-15 11:54:46 [INFO] __main__ - [compute_lap_features_for_driver] driver=63 lap=11 KEEP, status=GREEN, duration=98.6s
2025-12-15 11:54:46 [DEBUG] __main__ - [get_openf1] GET https://api.openf1.org/v1/car_data params={'session_key': 9644, 'driver_number': 63, 'date>': '2024-11-24T06:20:11.261000+00:00', 'date<': '2024-11-24T06:21:49.817000+00:00'}
2025-12-15 11:54:47 [DEBUG] __main__ - [compute_lap_features_for_driver] driver=63 lap=11, car_data rows=371
2025-12-15 11:54:47 [INFO] __main__ - [compute_lap_features_for_driver] driver=63 lap=12 KEEP, status=GREEN, duration=103.6s
2025-12-15 11:54:47 [DEBUG] __main__ - [get_openf1] GET https://api.openf1.org/v1/car_data params={'session_key': 9644, 'driver_number': 63, 'date>': '2024-11-24T06:21:49.817000+00:00', 'date<': '2024-11-24T06:23:33.384000+00:00'}
2025-12-15 11:54:48 [DEBUG] __main__ - [compute_lap_features_for_driver] driver=63 lap=12, car_data rows=397
2025-12-15 11:54:48 [INFO] __main__ - [compute_lap_features_for_driver] driver=63 lap=13 KEEP, status=GREEN, duration=114.8s
2025-12-15 11:54:48 [DEBUG] __main__ - [get_openf1] GET https://api.openf1.org/v1/car_data params={'session_key': 9644, 'driver_number': 63, 'date>': '2024-11-24T06:23:33.384000+00:00', 'date<': '2024-11-24T06:25:28.157000+00:00'}
2025-12-15 11:54:49 [DEBUG] __main__ - [compute_lap_features_for_driver] driver=63 lap=13, car_data rows=435
2025-12-15 11:54:49 [INFO] __main__ - [compute_lap_features_for_driver] driver=63 lap=14 KEEP, status=GREEN, duration=98.2s
2025-12-15 11:54:49 [DEBUG] __main__ - [get_openf1] GET https://api.openf1.org/v1/car_data params={'session_key': 9644, 'driver_number': 63, 'date>': '2024-11-24T06:25:28.157000+00:00', 'date<': '2024-11-24T06:27:06.370000+00:00'}
2025-12-15 11:54:49 [DEBUG] __main__ - [compute_lap_features_for_driver] driver=63 lap=14, car_data rows=364
2025-12-15 11:54:49 [INFO] __main__ - [compute_lap_features_for_driver] driver=63 lap=15 KEEP, status=GREEN, duration=98.4s
2025-12-15 11:54:49 [DEBUG] __main__ - [get_openf1] GET https://api.openf1.org/v1/car_data params={'session_key': 9644, 'driver_number': 63, 'date>': '2024-11-24T06:27:06.370000+00:00', 'date<': '2024-11-24T06:28:44.764000+00:00'}
2025-12-15 11:54:50 [DEBUG] __main__ - [compute_lap_features_for_driver] driver=63 lap=15, car_data rows=369
2025-12-15 11:54:50 [INFO] __main__ - [compute_lap_features_for_driver] driver=63 lap=16 KEEP, status=GREEN, duration=97.9s
2025-12-15 11:54:50 [DEBUG] __main__ - [get_openf1] GET https://api.openf1.org/v1/car_data params={'session_key': 9644, 'driver_number': 63, 'date>': '2024-11-24T06:28:44.764000+00:00', 'date<': '2024-11-24T06:30:22.663000+00:00'}
2025-12-15 11:54:51 [DEBUG] __main__ - [compute_lap_features_for_driver] driver=63 lap=16, car_data rows=371
2025-12-15 11:54:51 [INFO] __main__ - [compute_lap_features_for_driver] driver=63 lap=17 KEEP, status=GREEN, duration=98.0s
2025-12-15 11:54:51 [DEBUG] __main__ - [get_openf1] GET https://api.openf1.org/v1/car_data params={'session_key': 9644, 'driver_number': 63, 'date>': '2024-11-24T06:30:22.663000+00:00', 'date<': '2024-11-24T06:32:00.663000+00:00'}
2025-12-15 11:54:53 [DEBUG] __main__ - [compute_lap_features_for_driver] driver=63 lap=17, car_data rows=366
2025-12-15 11:54:53 [INFO] __main__ - [compute_lap_features_for_driver] driver=63 lap=18 KEEP, status=GREEN, duration=97.8s
2025-12-15 11:54:53 [DEBUG] __main__ - [get_openf1] GET https://api.openf1.org/v1/car_data params={'session_key': 9644, 'driver_number': 63, 'date>': '2024-11-24T06:32:00.663000+00:00', 'date<': '2024-11-24T06:33:38.488000+00:00'}
2025-12-15 11:54:54 [DEBUG] __main__ - [compute_lap_features_for_driver] driver=63 lap=18, car_data rows=364
2025-12-15 11:54:54 [INFO] __main__ - [compute_lap_features_for_driver] driver=63 lap=19 KEEP, status=GREEN, duration=98.0s
2025-12-15 11:54:54 [DEBUG] __main__ - [get_openf1] GET https://api.openf1.org/v1/car_data params={'session_key': 9644, 'driver_number': 63, 'date>': '2024-11-24T06:33:38.488000+00:00', 'date<': '2024-11-24T06:35:16.465000+00:00'}
2025-12-15 11:54:55 [DEBUG] __main__ - [compute_lap_features_for_driver] driver=63 lap=19, car_data rows=370
2025-12-15 11:54:55 [INFO] __main__ - [compute_lap_features_for_driver] driver=63 lap=20 KEEP, status=GREEN, duration=97.8s
2025-12-15 11:54:55 [DEBUG] __main__ - [get_openf1] GET https://api.openf1.org/v1/car_data params={'session_key': 9644, 'driver_number': 63, 'date>': '2024-11-24T06:35:16.465000+00:00', 'date<': '2024-11-24T06:36:54.309000+00:00'}
2025-12-15 11:54:56 [DEBUG] __main__ - [compute_lap_features_for_driver] driver=63 lap=20, car_data rows=369
2025-12-15 11:54:56 [INFO] __main__ - [compute_lap_features_for_driver] driver=63 lap=21 KEEP, status=GREEN, duration=97.3s
2025-12-15 11:54:56 [DEBUG] __main__ - [get_openf1] GET https://api.openf1.org/v1/car_data params={'session_key': 9644, 'driver_number': 63, 'date>': '2024-11-24T06:36:54.309000+00:00', 'date<': '2024-11-24T06:38:31.637000+00:00'}
2025-12-15 11:54:56 [DEBUG] __main__ - [compute_lap_features_for_driver] driver=63 lap=21, car_data rows=365
2025-12-15 11:54:56 [INFO] __main__ - [compute_lap_features_for_driver] driver=63 lap=22 KEEP, status=GREEN, duration=97.6s
2025-12-15 11:54:56 [DEBUG] __main__ - [get_openf1] GET https://api.openf1.org/v1/car_data params={'session_key': 9644, 'driver_number': 63, 'date>': '2024-11-24T06:38:31.637000+00:00', 'date<': '2024-11-24T06:40:09.229000+00:00'}
2025-12-15 11:54:57 [DEBUG] __main__ - [compute_lap_features_for_driver] driver=63 lap=22, car_data rows=372
2025-12-15 11:54:57 [INFO] __main__ - [compute_lap_features_for_driver] driver=63 lap=23 KEEP, status=GREEN, duration=97.6s
2025-12-15 11:54:57 [DEBUG] __main__ - [get_openf1] GET https://api.openf1.org/v1/car_data params={'session_key': 9644, 'driver_number': 63, 'date>': '2024-11-24T06:40:09.229000+00:00', 'date<': '2024-11-24T06:41:46.867000+00:00'}
2025-12-15 11:54:58 [DEBUG] __main__ - [compute_lap_features_for_driver] driver=63 lap=23, car_data rows=379
2025-12-15 11:54:58 [INFO] __main__ - [compute_lap_features_for_driver] driver=63 lap=24 KEEP, status=GREEN, duration=97.6s
2025-12-15 11:54:58 [DEBUG] __main__ - [get_openf1] GET https://api.openf1.org/v1/car_data params={'session_key': 9644, 'driver_number': 63, 'date>': '2024-11-24T06:41:46.867000+00:00', 'date<': '2024-11-24T06:43:24.463000+00:00'}
2025-12-15 11:54:58 [DEBUG] __main__ - [compute_lap_features_for_driver] driver=63 lap=24, car_data rows=362
2025-12-15 11:54:59 [INFO] __main__ - [compute_lap_features_for_driver] driver=63 lap=25 KEEP, status=GREEN, duration=97.8s
2025-12-15 11:54:59 [DEBUG] __main__ - [get_openf1] GET https://api.openf1.org/v1/car_data params={'session_key': 9644, 'driver_number': 63, 'date>': '2024-11-24T06:43:24.463000+00:00', 'date<': '2024-11-24T06:45:02.247000+00:00'}
2025-12-15 11:54:59 [DEBUG] __main__ - [compute_lap_features_for_driver] driver=63 lap=25, car_data rows=372
2025-12-15 11:54:59 [INFO] __main__ - [compute_lap_features_for_driver] driver=63 lap=26 KEEP, status=GREEN, duration=97.5s
2025-12-15 11:54:59 [DEBUG] __main__ - [get_openf1] GET https://api.openf1.org/v1/car_data params={'session_key': 9644, 'driver_number': 63, 'date>': '2024-11-24T06:45:02.247000+00:00', 'date<': '2024-11-24T06:46:39.734000+00:00'}
2025-12-15 11:55:00 [DEBUG] __main__ - [compute_lap_features_for_driver] driver=63 lap=26, car_data rows=368
2025-12-15 11:55:00 [INFO] __main__ - [compute_lap_features_for_driver] driver=63 lap=27 KEEP, status=GREEN, duration=97.5s
2025-12-15 11:55:00 [DEBUG] __main__ - [get_openf1] GET https://api.openf1.org/v1/car_data params={'session_key': 9644, 'driver_number': 63, 'date>': '2024-11-24T06:46:39.734000+00:00', 'date<': '2024-11-24T06:48:17.237000+00:00'}
2025-12-15 11:55:00 [DEBUG] __main__ - [compute_lap_features_for_driver] driver=63 lap=27, car_data rows=372
2025-12-15 11:55:00 [INFO] __main__ - [compute_lap_features_for_driver] driver=63 lap=28 KEEP, status=GREEN, duration=97.9s
2025-12-15 11:55:00 [DEBUG] __main__ - [get_openf1] GET https://api.openf1.org/v1/car_data params={'session_key': 9644, 'driver_number': 63, 'date>': '2024-11-24T06:48:17.237000+00:00', 'date<': '2024-11-24T06:49:55.184000+00:00'}
2025-12-15 11:55:01 [DEBUG] __main__ - [compute_lap_features_for_driver] driver=63 lap=28, car_data rows=366
2025-12-15 11:55:01 [INFO] __main__ - [compute_lap_features_for_driver] driver=63 lap=29 KEEP, status=GREEN, duration=97.4s
2025-12-15 11:55:01 [DEBUG] __main__ - [get_openf1] GET https://api.openf1.org/v1/car_data params={'session_key': 9644, 'driver_number': 63, 'date>': '2024-11-24T06:49:55.184000+00:00', 'date<': '2024-11-24T06:51:32.549000+00:00'}
2025-12-15 11:55:01 [DEBUG] __main__ - [compute_lap_features_for_driver] driver=63 lap=29, car_data rows=361
2025-12-15 11:55:01 [INFO] __main__ - [compute_lap_features_for_driver] driver=63 lap=30 KEEP, status=GREEN, duration=97.8s
2025-12-15 11:55:01 [DEBUG] __main__ - [get_openf1] GET https://api.openf1.org/v1/car_data params={'session_key': 9644, 'driver_number': 63, 'date>': '2024-11-24T06:51:32.549000+00:00', 'date<': '2024-11-24T06:53:10.328000+00:00'}
2025-12-15 11:55:02 [DEBUG] __main__ - [compute_lap_features_for_driver] driver=63 lap=30, car_data rows=364
2025-12-15 11:55:02 [INFO] __main__ - [compute_lap_features_for_driver] driver=63 lap=31 KEEP, status=GREEN, duration=97.8s
2025-12-15 11:55:02 [DEBUG] __main__ - [get_openf1] GET https://api.openf1.org/v1/car_data params={'session_key': 9644, 'driver_number': 63, 'date>': '2024-11-24T06:53:10.328000+00:00', 'date<': '2024-11-24T06:54:48.081000+00:00'}
2025-12-15 11:55:03 [DEBUG] __main__ - [compute_lap_features_for_driver] driver=63 lap=31, car_data rows=357
2025-12-15 11:55:03 [INFO] __main__ - [compute_lap_features_for_driver] driver=63 lap=32 KEEP, status=GREEN, duration=102.2s
2025-12-15 11:55:03 [DEBUG] __main__ - [get_openf1] GET https://api.openf1.org/v1/car_data params={'session_key': 9644, 'driver_number': 63, 'date>': '2024-11-24T06:54:48.081000+00:00', 'date<': '2024-11-24T06:56:30.256000+00:00'}
2025-12-15 11:55:03 [DEBUG] __main__ - [compute_lap_features_for_driver] driver=63 lap=32, car_data rows=379
2025-12-15 11:55:03 [INFO] __main__ - [compute_lap_features_for_driver] driver=63 lap=33 KEEP, status=GREEN, duration=113.7s
2025-12-15 11:55:03 [DEBUG] __main__ - [get_openf1] GET https://api.openf1.org/v1/car_data params={'session_key': 9644, 'driver_number': 63, 'date>': '2024-11-24T06:56:30.256000+00:00', 'date<': '2024-11-24T06:58:23.983000+00:00'}
2025-12-15 11:55:04 [DEBUG] __main__ - [compute_lap_features_for_driver] driver=63 lap=33, car_data rows=422
2025-12-15 11:55:04 [INFO] __main__ - [compute_lap_features_for_driver] driver=63 lap=34 KEEP, status=GREEN, duration=97.6s
2025-12-15 11:55:04 [DEBUG] __main__ - [get_openf1] GET https://api.openf1.org/v1/car_data params={'session_key': 9644, 'driver_number': 63, 'date>': '2024-11-24T06:58:23.983000+00:00', 'date<': '2024-11-24T07:00:01.583000+00:00'}
2025-12-15 11:55:05 [DEBUG] __main__ - [compute_lap_features_for_driver] driver=63 lap=34, car_data rows=361
2025-12-15 11:55:05 [INFO] __main__ - [compute_lap_features_for_driver] driver=63 lap=35 KEEP, status=GREEN, duration=97.3s
2025-12-15 11:55:05 [DEBUG] __main__ - [get_openf1] GET https://api.openf1.org/v1/car_data params={'session_key': 9644, 'driver_number': 63, 'date>': '2024-11-24T07:00:01.583000+00:00', 'date<': '2024-11-24T07:01:38.867000+00:00'}
2025-12-15 11:55:06 [DEBUG] __main__ - [compute_lap_features_for_driver] driver=63 lap=35, car_data rows=362
2025-12-15 11:55:06 [INFO] __main__ - [compute_lap_features_for_driver] driver=63 lap=36 KEEP, status=GREEN, duration=97.1s
2025-12-15 11:55:06 [DEBUG] __main__ - [get_openf1] GET https://api.openf1.org/v1/car_data params={'session_key': 9644, 'driver_number': 63, 'date>': '2024-11-24T07:01:38.867000+00:00', 'date<': '2024-11-24T07:03:15.918000+00:00'}
2025-12-15 11:55:06 [DEBUG] __main__ - [compute_lap_features_for_driver] driver=63 lap=36, car_data rows=352
2025-12-15 11:55:06 [INFO] __main__ - [compute_lap_features_for_driver] driver=63 lap=37 KEEP, status=GREEN, duration=96.7s
2025-12-15 11:55:06 [DEBUG] __main__ - [get_openf1] GET https://api.openf1.org/v1/car_data params={'session_key': 9644, 'driver_number': 63, 'date>': '2024-11-24T07:03:15.918000+00:00', 'date<': '2024-11-24T07:04:52.646000+00:00'}
2025-12-15 11:55:07 [DEBUG] __main__ - [compute_lap_features_for_driver] driver=63 lap=37, car_data rows=360
2025-12-15 11:55:07 [INFO] __main__ - [compute_lap_features_for_driver] driver=63 lap=38 KEEP, status=GREEN, duration=96.6s
2025-12-15 11:55:07 [DEBUG] __main__ - [get_openf1] GET https://api.openf1.org/v1/car_data params={'session_key': 9644, 'driver_number': 63, 'date>': '2024-11-24T07:04:52.646000+00:00', 'date<': '2024-11-24T07:06:29.207000+00:00'}
2025-12-15 11:55:07 [DEBUG] __main__ - [compute_lap_features_for_driver] driver=63 lap=38, car_data rows=369
2025-12-15 11:55:07 [INFO] __main__ - [compute_lap_features_for_driver] driver=63 lap=39 KEEP, status=GREEN, duration=96.2s
2025-12-15 11:55:07 [DEBUG] __main__ - [get_openf1] GET https://api.openf1.org/v1/car_data params={'session_key': 9644, 'driver_number': 63, 'date>': '2024-11-24T07:06:29.207000+00:00', 'date<': '2024-11-24T07:08:05.357000+00:00'}
2025-12-15 11:55:08 [DEBUG] __main__ - [compute_lap_features_for_driver] driver=63 lap=39, car_data rows=367
2025-12-15 11:55:08 [INFO] __main__ - [compute_lap_features_for_driver] driver=63 lap=40 KEEP, status=GREEN, duration=96.5s
2025-12-15 11:55:08 [DEBUG] __main__ - [get_openf1] GET https://api.openf1.org/v1/car_data params={'session_key': 9644, 'driver_number': 63, 'date>': '2024-11-24T07:08:05.357000+00:00', 'date<': '2024-11-24T07:09:41.885000+00:00'}
2025-12-15 11:55:09 [DEBUG] __main__ - [compute_lap_features_for_driver] driver=63 lap=40, car_data rows=367
2025-12-15 11:55:09 [INFO] __main__ - [compute_lap_features_for_driver] driver=63 lap=41 KEEP, status=GREEN, duration=96.5s
2025-12-15 11:55:09 [DEBUG] __main__ - [get_openf1] GET https://api.openf1.org/v1/car_data params={'session_key': 9644, 'driver_number': 63, 'date>': '2024-11-24T07:09:41.885000+00:00', 'date<': '2024-11-24T07:11:18.374000+00:00'}
2025-12-15 11:55:09 [DEBUG] __main__ - [compute_lap_features_for_driver] driver=63 lap=41, car_data rows=366
2025-12-15 11:55:09 [INFO] __main__ - [compute_lap_features_for_driver] driver=63 lap=42 KEEP, status=GREEN, duration=96.3s
2025-12-15 11:55:09 [DEBUG] __main__ - [get_openf1] GET https://api.openf1.org/v1/car_data params={'session_key': 9644, 'driver_number': 63, 'date>': '2024-11-24T07:11:18.374000+00:00', 'date<': '2024-11-24T07:12:54.693000+00:00'}
2025-12-15 11:55:10 [DEBUG] __main__ - [compute_lap_features_for_driver] driver=63 lap=42, car_data rows=361
2025-12-15 11:55:10 [INFO] __main__ - [compute_lap_features_for_driver] driver=63 lap=43 KEEP, status=GREEN, duration=95.9s
2025-12-15 11:55:10 [DEBUG] __main__ - [get_openf1] GET https://api.openf1.org/v1/car_data params={'session_key': 9644, 'driver_number': 63, 'date>': '2024-11-24T07:12:54.693000+00:00', 'date<': '2024-11-24T07:14:30.557000+00:00'}
2025-12-15 11:55:11 [DEBUG] __main__ - [compute_lap_features_for_driver] driver=63 lap=43, car_data rows=366
2025-12-15 11:55:11 [INFO] __main__ - [compute_lap_features_for_driver] driver=63 lap=44 KEEP, status=GREEN, duration=96.0s
2025-12-15 11:55:11 [DEBUG] __main__ - [get_openf1] GET https://api.openf1.org/v1/car_data params={'session_key': 9644, 'driver_number': 63, 'date>': '2024-11-24T07:14:30.557000+00:00', 'date<': '2024-11-24T07:16:06.536000+00:00'}
2025-12-15 11:55:11 [DEBUG] __main__ - [compute_lap_features_for_driver] driver=63 lap=44, car_data rows=360
2025-12-15 11:55:11 [INFO] __main__ - [compute_lap_features_for_driver] driver=63 lap=45 KEEP, status=GREEN, duration=96.1s
2025-12-15 11:55:11 [DEBUG] __main__ - [get_openf1] GET https://api.openf1.org/v1/car_data params={'session_key': 9644, 'driver_number': 63, 'date>': '2024-11-24T07:16:06.536000+00:00', 'date<': '2024-11-24T07:17:42.629000+00:00'}
2025-12-15 11:55:13 [DEBUG] __main__ - [compute_lap_features_for_driver] driver=63 lap=45, car_data rows=361
2025-12-15 11:55:13 [INFO] __main__ - [compute_lap_features_for_driver] driver=63 lap=46 KEEP, status=GREEN, duration=95.7s
2025-12-15 11:55:13 [DEBUG] __main__ - [get_openf1] GET https://api.openf1.org/v1/car_data params={'session_key': 9644, 'driver_number': 63, 'date>': '2024-11-24T07:17:42.629000+00:00', 'date<': '2024-11-24T07:19:18.298000+00:00'}
2025-12-15 11:55:14 [DEBUG] __main__ - [compute_lap_features_for_driver] driver=63 lap=46, car_data rows=358
2025-12-15 11:55:14 [INFO] __main__ - [compute_lap_features_for_driver] driver=63 lap=47 KEEP, status=GREEN, duration=96.4s
2025-12-15 11:55:14 [DEBUG] __main__ - [get_openf1] GET https://api.openf1.org/v1/car_data params={'session_key': 9644, 'driver_number': 63, 'date>': '2024-11-24T07:19:18.298000+00:00', 'date<': '2024-11-24T07:20:54.687000+00:00'}
2025-12-15 11:55:16 [DEBUG] __main__ - [compute_lap_features_for_driver] driver=63 lap=47, car_data rows=358
2025-12-15 11:55:16 [INFO] __main__ - [compute_lap_features_for_driver] driver=63 lap=48 KEEP, status=GREEN, duration=96.7s
2025-12-15 11:55:16 [DEBUG] __main__ - [get_openf1] GET https://api.openf1.org/v1/car_data params={'session_key': 9644, 'driver_number': 63, 'date>': '2024-11-24T07:20:54.687000+00:00', 'date<': '2024-11-24T07:22:31.405000+00:00'}
2025-12-15 11:55:16 [DEBUG] __main__ - [compute_lap_features_for_driver] driver=63 lap=48, car_data rows=368
2025-12-15 11:55:16 [INFO] __main__ - [compute_lap_features_for_driver] driver=63 lap=49 KEEP, status=GREEN, duration=97.2s
2025-12-15 11:55:16 [DEBUG] __main__ - [get_openf1] GET https://api.openf1.org/v1/car_data params={'session_key': 9644, 'driver_number': 63, 'date>': '2024-11-24T07:22:31.405000+00:00', 'date<': '2024-11-24T07:24:08.569000+00:00'}
2025-12-15 11:55:17 [DEBUG] __main__ - [compute_lap_features_for_driver] driver=63 lap=49, car_data rows=363
2025-12-15 11:55:17 [INFO] __main__ - [compute_lap_features_for_driver] driver=63 lap=50 DROP (CHEQUERED_FLAG_LAP), status=YELLOW;RED_FLAG;CHEQUERED, duration=nans
2025-12-15 11:55:17 [INFO] __main__ - [compute_lap_features_for_driver] driver=63, feature laps=[2, 3, 4, 5, 6, 7, 8, 9, 10, 11, 12, 13, 14, 15, 16, 17, 18, 19, 20, 21, 22, 23, 24, 25, 26, 27, 28, 29, 30, 31, 32, 33, 34, 35, 36, 37, 38, 39, 40, 41, 42, 43, 44, 45, 46, 47, 48, 49]
2025-12-15 11:55:17 [INFO] __main__ - [build_driver_style_embedding_json] compute features for driver=44
2025-12-15 11:55:17 [DEBUG] __main__ - [get_openf1] GET https://api.openf1.org/v1/laps params={'session_key': 9644, 'driver_number': 44}
2025-12-15 11:55:18 [DEBUG] __main__ - [get_openf1] GET https://api.openf1.org/v1/sessions params={'session_key': 9644}
2025-12-15 11:55:18 [INFO] __main__ - [fetch_session_start] session_key=9644, date_start=2024-11-24 06:00:00+00:00
2025-12-15 11:55:18 [INFO] __main__ - [fetch_race_start_time] use first GREEN as race_start: 2024-11-24 05:20:01+00:00
2025-12-15 11:55:18 [INFO] __main__ - [fetch_laps] fill lap 1 date_start with race_start=2024-11-24 05:20:01+00:00
2025-12-15 11:55:18 [INFO] __main__ - [fetch_laps] driver=44, laps: min=1, max=50, count=50
2025-12-15 11:55:18 [DEBUG] __main__ - [fetch_laps] head:
   meeting_key  session_key  ...  st_speed  lap_duration_s
0         1250         9644  ...       280        2728.486
1         1250         9644  ...       302         100.214
2         1250         9644  ...       269          99.341
3         1250         9644  ...       309          99.170
4         1250         9644  ...       268          99.093

[5 rows x 17 columns]
2025-12-15 11:55:18 [DEBUG] __main__ - [build_lap_status_mapping] status_by_lap={1: 'GREEN', 2: 'GREEN', 3: 'GREEN', 4: 'GREEN', 5: 'GREEN', 6: 'GREEN', 7: 'GREEN', 8: 'GREEN', 9: 'GREEN', 10: 'GREEN', 11: 'GREEN', 12: 'GREEN', 13: 'GREEN', 14: 'GREEN', 15: 'GREEN', 16: 'GREEN', 17: 'GREEN', 18: 'GREEN', 19: 'GREEN', 20: 'GREEN', 21: 'GREEN', 22: 'GREEN', 23: 'GREEN', 24: 'GREEN', 25: 'GREEN', 26: 'GREEN', 27: 'GREEN', 28: 'GREEN', 29: 'GREEN', 30: 'GREEN', 31: 'GREEN', 32: 'GREEN', 33: 'GREEN', 34: 'GREEN', 35: 'GREEN', 36: 'GREEN', 37: 'GREEN', 38: 'GREEN', 39: 'GREEN', 40: 'GREEN', 41: 'GREEN', 42: 'GREEN', 43: 'GREEN', 44: 'GREEN', 45: 'GREEN', 46: 'GREEN', 47: 'GREEN', 48: 'GREEN', 49: 'GREEN', 50: 'YELLOW;RED_FLAG;CHEQUERED'}
2025-12-15 11:55:18 [INFO] __main__ - [compute_lap_features_for_driver] driver=44, typical_duration_s=97.3305
2025-12-15 11:55:18 [INFO] __main__ - [compute_lap_features_for_driver] driver=44 lap=1 DROP (LONG_LAP_2728.5s), status=GREEN, duration=2728.5s
2025-12-15 11:55:18 [INFO] __main__ - [compute_lap_features_for_driver] driver=44 lap=2 KEEP, status=GREEN, duration=100.2s
2025-12-15 11:55:18 [DEBUG] __main__ - [get_openf1] GET https://api.openf1.org/v1/car_data params={'session_key': 9644, 'driver_number': 44, 'date>': '2024-11-24T06:05:29.486000+00:00', 'date<': '2024-11-24T06:07:09.700000+00:00'}
2025-12-15 11:55:19 [DEBUG] __main__ - [compute_lap_features_for_driver] driver=44 lap=2, car_data rows=390
2025-12-15 11:55:19 [INFO] __main__ - [compute_lap_features_for_driver] driver=44 lap=3 KEEP, status=GREEN, duration=99.3s
2025-12-15 11:55:19 [DEBUG] __main__ - [get_openf1] GET https://api.openf1.org/v1/car_data params={'session_key': 9644, 'driver_number': 44, 'date>': '2024-11-24T06:07:09.700000+00:00', 'date<': '2024-11-24T06:08:49.041000+00:00'}
2025-12-15 11:55:20 [DEBUG] __main__ - [compute_lap_features_for_driver] driver=44 lap=3, car_data rows=372
2025-12-15 11:55:20 [INFO] __main__ - [compute_lap_features_for_driver] driver=44 lap=4 KEEP, status=GREEN, duration=99.2s
2025-12-15 11:55:20 [DEBUG] __main__ - [get_openf1] GET https://api.openf1.org/v1/car_data params={'session_key': 9644, 'driver_number': 44, 'date>': '2024-11-24T06:08:49.041000+00:00', 'date<': '2024-11-24T06:10:28.211000+00:00'}
2025-12-15 11:55:21 [DEBUG] __main__ - [compute_lap_features_for_driver] driver=44 lap=4, car_data rows=384
2025-12-15 11:55:21 [INFO] __main__ - [compute_lap_features_for_driver] driver=44 lap=5 KEEP, status=GREEN, duration=99.1s
2025-12-15 11:55:21 [DEBUG] __main__ - [get_openf1] GET https://api.openf1.org/v1/car_data params={'session_key': 9644, 'driver_number': 44, 'date>': '2024-11-24T06:10:28.211000+00:00', 'date<': '2024-11-24T06:12:07.304000+00:00'}
2025-12-15 11:55:22 [DEBUG] __main__ - [compute_lap_features_for_driver] driver=44 lap=5, car_data rows=370
2025-12-15 11:55:22 [INFO] __main__ - [compute_lap_features_for_driver] driver=44 lap=6 KEEP, status=GREEN, duration=98.6s
2025-12-15 11:55:22 [DEBUG] __main__ - [get_openf1] GET https://api.openf1.org/v1/car_data params={'session_key': 9644, 'driver_number': 44, 'date>': '2024-11-24T06:12:07.304000+00:00', 'date<': '2024-11-24T06:13:45.947000+00:00'}
2025-12-15 11:55:22 [DEBUG] __main__ - [compute_lap_features_for_driver] driver=44 lap=6, car_data rows=371
2025-12-15 11:55:22 [INFO] __main__ - [compute_lap_features_for_driver] driver=44 lap=7 KEEP, status=GREEN, duration=100.3s
2025-12-15 11:55:22 [DEBUG] __main__ - [get_openf1] GET https://api.openf1.org/v1/car_data params={'session_key': 9644, 'driver_number': 44, 'date>': '2024-11-24T06:13:45.947000+00:00', 'date<': '2024-11-24T06:15:26.280000+00:00'}
2025-12-15 11:55:23 [DEBUG] __main__ - [compute_lap_features_for_driver] driver=44 lap=7, car_data rows=379
2025-12-15 11:55:23 [INFO] __main__ - [compute_lap_features_for_driver] driver=44 lap=8 KEEP, status=GREEN, duration=99.0s
2025-12-15 11:55:23 [DEBUG] __main__ - [get_openf1] GET https://api.openf1.org/v1/car_data params={'session_key': 9644, 'driver_number': 44, 'date>': '2024-11-24T06:15:26.280000+00:00', 'date<': '2024-11-24T06:17:05.277000+00:00'}
2025-12-15 11:55:24 [DEBUG] __main__ - [compute_lap_features_for_driver] driver=44 lap=8, car_data rows=367
2025-12-15 11:55:24 [INFO] __main__ - [compute_lap_features_for_driver] driver=44 lap=9 KEEP, status=GREEN, duration=101.0s
2025-12-15 11:55:24 [DEBUG] __main__ - [get_openf1] GET https://api.openf1.org/v1/car_data params={'session_key': 9644, 'driver_number': 44, 'date>': '2024-11-24T06:17:05.277000+00:00', 'date<': '2024-11-24T06:18:46.280000+00:00'}
2025-12-15 11:55:25 [DEBUG] __main__ - [compute_lap_features_for_driver] driver=44 lap=9, car_data rows=384
2025-12-15 11:55:25 [INFO] __main__ - [compute_lap_features_for_driver] driver=44 lap=10 KEEP, status=GREEN, duration=100.2s
2025-12-15 11:55:25 [DEBUG] __main__ - [get_openf1] GET https://api.openf1.org/v1/car_data params={'session_key': 9644, 'driver_number': 44, 'date>': '2024-11-24T06:18:46.280000+00:00', 'date<': '2024-11-24T06:20:26.462000+00:00'}
2025-12-15 11:55:26 [DEBUG] __main__ - [compute_lap_features_for_driver] driver=44 lap=10, car_data rows=375
2025-12-15 11:55:26 [INFO] __main__ - [compute_lap_features_for_driver] driver=44 lap=11 KEEP, status=GREEN, duration=99.0s
2025-12-15 11:55:26 [DEBUG] __main__ - [get_openf1] GET https://api.openf1.org/v1/car_data params={'session_key': 9644, 'driver_number': 44, 'date>': '2024-11-24T06:20:26.462000+00:00', 'date<': '2024-11-24T06:22:05.441000+00:00'}
2025-12-15 11:55:27 [DEBUG] __main__ - [compute_lap_features_for_driver] driver=44 lap=11, car_data rows=373
2025-12-15 11:55:27 [INFO] __main__ - [compute_lap_features_for_driver] driver=44 lap=12 KEEP, status=GREEN, duration=99.0s
2025-12-15 11:55:27 [DEBUG] __main__ - [get_openf1] GET https://api.openf1.org/v1/car_data params={'session_key': 9644, 'driver_number': 44, 'date>': '2024-11-24T06:22:05.441000+00:00', 'date<': '2024-11-24T06:23:44.418000+00:00'}
2025-12-15 11:55:27 [DEBUG] __main__ - [compute_lap_features_for_driver] driver=44 lap=12, car_data rows=386
2025-12-15 11:55:27 [INFO] __main__ - [compute_lap_features_for_driver] driver=44 lap=13 KEEP, status=GREEN, duration=103.3s
2025-12-15 11:55:27 [DEBUG] __main__ - [get_openf1] GET https://api.openf1.org/v1/car_data params={'session_key': 9644, 'driver_number': 44, 'date>': '2024-11-24T06:23:44.418000+00:00', 'date<': '2024-11-24T06:25:27.731000+00:00'}
2025-12-15 11:55:28 [DEBUG] __main__ - [compute_lap_features_for_driver] driver=44 lap=13, car_data rows=387
2025-12-15 11:55:28 [INFO] __main__ - [compute_lap_features_for_driver] driver=44 lap=14 KEEP, status=GREEN, duration=114.9s
2025-12-15 11:55:28 [DEBUG] __main__ - [get_openf1] GET https://api.openf1.org/v1/car_data params={'session_key': 9644, 'driver_number': 44, 'date>': '2024-11-24T06:25:27.731000+00:00', 'date<': '2024-11-24T06:27:22.631000+00:00'}
2025-12-15 11:55:29 [DEBUG] __main__ - [compute_lap_features_for_driver] driver=44 lap=14, car_data rows=427
2025-12-15 11:55:29 [INFO] __main__ - [compute_lap_features_for_driver] driver=44 lap=15 KEEP, status=GREEN, duration=97.9s
2025-12-15 11:55:29 [DEBUG] __main__ - [get_openf1] GET https://api.openf1.org/v1/car_data params={'session_key': 9644, 'driver_number': 44, 'date>': '2024-11-24T06:27:22.631000+00:00', 'date<': '2024-11-24T06:29:00.552000+00:00'}
2025-12-15 11:55:30 [DEBUG] __main__ - [compute_lap_features_for_driver] driver=44 lap=15, car_data rows=362
2025-12-15 11:55:30 [INFO] __main__ - [compute_lap_features_for_driver] driver=44 lap=16 KEEP, status=GREEN, duration=96.9s
2025-12-15 11:55:30 [DEBUG] __main__ - [get_openf1] GET https://api.openf1.org/v1/car_data params={'session_key': 9644, 'driver_number': 44, 'date>': '2024-11-24T06:29:00.552000+00:00', 'date<': '2024-11-24T06:30:37.438000+00:00'}
2025-12-15 11:55:31 [DEBUG] __main__ - [compute_lap_features_for_driver] driver=44 lap=16, car_data rows=370
2025-12-15 11:55:31 [INFO] __main__ - [compute_lap_features_for_driver] driver=44 lap=17 KEEP, status=GREEN, duration=99.4s
2025-12-15 11:55:31 [DEBUG] __main__ - [get_openf1] GET https://api.openf1.org/v1/car_data params={'session_key': 9644, 'driver_number': 44, 'date>': '2024-11-24T06:30:37.438000+00:00', 'date<': '2024-11-24T06:32:16.827000+00:00'}
2025-12-15 11:55:32 [DEBUG] __main__ - [compute_lap_features_for_driver] driver=44 lap=17, car_data rows=374
2025-12-15 11:55:32 [INFO] __main__ - [compute_lap_features_for_driver] driver=44 lap=18 KEEP, status=GREEN, duration=97.7s
2025-12-15 11:55:32 [DEBUG] __main__ - [get_openf1] GET https://api.openf1.org/v1/car_data params={'session_key': 9644, 'driver_number': 44, 'date>': '2024-11-24T06:32:16.827000+00:00', 'date<': '2024-11-24T06:33:54.510000+00:00'}
2025-12-15 11:55:32 [DEBUG] __main__ - [compute_lap_features_for_driver] driver=44 lap=18, car_data rows=368
2025-12-15 11:55:32 [INFO] __main__ - [compute_lap_features_for_driver] driver=44 lap=19 KEEP, status=GREEN, duration=98.3s
2025-12-15 11:55:32 [DEBUG] __main__ - [get_openf1] GET https://api.openf1.org/v1/car_data params={'session_key': 9644, 'driver_number': 44, 'date>': '2024-11-24T06:33:54.510000+00:00', 'date<': '2024-11-24T06:35:32.784000+00:00'}
2025-12-15 11:55:33 [DEBUG] __main__ - [compute_lap_features_for_driver] driver=44 lap=19, car_data rows=363
2025-12-15 11:55:33 [INFO] __main__ - [compute_lap_features_for_driver] driver=44 lap=20 KEEP, status=GREEN, duration=97.2s
2025-12-15 11:55:33 [DEBUG] __main__ - [get_openf1] GET https://api.openf1.org/v1/car_data params={'session_key': 9644, 'driver_number': 44, 'date>': '2024-11-24T06:35:32.784000+00:00', 'date<': '2024-11-24T06:37:09.963000+00:00'}
2025-12-15 11:55:34 [DEBUG] __main__ - [compute_lap_features_for_driver] driver=44 lap=20, car_data rows=370
2025-12-15 11:55:34 [INFO] __main__ - [compute_lap_features_for_driver] driver=44 lap=21 KEEP, status=GREEN, duration=97.4s
2025-12-15 11:55:34 [DEBUG] __main__ - [get_openf1] GET https://api.openf1.org/v1/car_data params={'session_key': 9644, 'driver_number': 44, 'date>': '2024-11-24T06:37:09.963000+00:00', 'date<': '2024-11-24T06:38:47.331000+00:00'}
2025-12-15 11:55:34 [DEBUG] __main__ - [compute_lap_features_for_driver] driver=44 lap=21, car_data rows=368
2025-12-15 11:55:34 [INFO] __main__ - [compute_lap_features_for_driver] driver=44 lap=22 KEEP, status=GREEN, duration=97.1s
2025-12-15 11:55:34 [DEBUG] __main__ - [get_openf1] GET https://api.openf1.org/v1/car_data params={'session_key': 9644, 'driver_number': 44, 'date>': '2024-11-24T06:38:47.331000+00:00', 'date<': '2024-11-24T06:40:24.434000+00:00'}
2025-12-15 11:55:35 [DEBUG] __main__ - [compute_lap_features_for_driver] driver=44 lap=22, car_data rows=365
2025-12-15 11:55:35 [INFO] __main__ - [compute_lap_features_for_driver] driver=44 lap=23 KEEP, status=GREEN, duration=97.1s
2025-12-15 11:55:35 [DEBUG] __main__ - [get_openf1] GET https://api.openf1.org/v1/car_data params={'session_key': 9644, 'driver_number': 44, 'date>': '2024-11-24T06:40:24.434000+00:00', 'date<': '2024-11-24T06:42:01.544000+00:00'}
2025-12-15 11:55:36 [DEBUG] __main__ - [compute_lap_features_for_driver] driver=44 lap=23, car_data rows=376
2025-12-15 11:55:36 [INFO] __main__ - [compute_lap_features_for_driver] driver=44 lap=24 KEEP, status=GREEN, duration=97.3s
2025-12-15 11:55:36 [DEBUG] __main__ - [get_openf1] GET https://api.openf1.org/v1/car_data params={'session_key': 9644, 'driver_number': 44, 'date>': '2024-11-24T06:42:01.544000+00:00', 'date<': '2024-11-24T06:43:38.837000+00:00'}
2025-12-15 11:55:37 [DEBUG] __main__ - [compute_lap_features_for_driver] driver=44 lap=24, car_data rows=363
2025-12-15 11:55:37 [INFO] __main__ - [compute_lap_features_for_driver] driver=44 lap=25 KEEP, status=GREEN, duration=98.2s
2025-12-15 11:55:37 [DEBUG] __main__ - [get_openf1] GET https://api.openf1.org/v1/car_data params={'session_key': 9644, 'driver_number': 44, 'date>': '2024-11-24T06:43:38.837000+00:00', 'date<': '2024-11-24T06:45:17.038000+00:00'}
2025-12-15 11:55:38 [DEBUG] __main__ - [compute_lap_features_for_driver] driver=44 lap=25, car_data rows=372
2025-12-15 11:55:38 [INFO] __main__ - [compute_lap_features_for_driver] driver=44 lap=26 KEEP, status=GREEN, duration=97.2s
2025-12-15 11:55:38 [DEBUG] __main__ - [get_openf1] GET https://api.openf1.org/v1/car_data params={'session_key': 9644, 'driver_number': 44, 'date>': '2024-11-24T06:45:17.038000+00:00', 'date<': '2024-11-24T06:46:54.200000+00:00'}
2025-12-15 11:55:38 [DEBUG] __main__ - [compute_lap_features_for_driver] driver=44 lap=26, car_data rows=366
2025-12-15 11:55:38 [INFO] __main__ - [compute_lap_features_for_driver] driver=44 lap=27 KEEP, status=GREEN, duration=103.7s
2025-12-15 11:55:38 [DEBUG] __main__ - [get_openf1] GET https://api.openf1.org/v1/car_data params={'session_key': 9644, 'driver_number': 44, 'date>': '2024-11-24T06:46:54.200000+00:00', 'date<': '2024-11-24T06:48:37.871000+00:00'}
2025-12-15 11:55:39 [DEBUG] __main__ - [compute_lap_features_for_driver] driver=44 lap=27, car_data rows=397
2025-12-15 11:55:39 [INFO] __main__ - [compute_lap_features_for_driver] driver=44 lap=28 KEEP, status=GREEN, duration=113.0s
2025-12-15 11:55:39 [DEBUG] __main__ - [get_openf1] GET https://api.openf1.org/v1/car_data params={'session_key': 9644, 'driver_number': 44, 'date>': '2024-11-24T06:48:37.871000+00:00', 'date<': '2024-11-24T06:50:30.880000+00:00'}
2025-12-15 11:55:40 [DEBUG] __main__ - [compute_lap_features_for_driver] driver=44 lap=28, car_data rows=423
2025-12-15 11:55:40 [INFO] __main__ - [compute_lap_features_for_driver] driver=44 lap=29 KEEP, status=GREEN, duration=96.9s
2025-12-15 11:55:40 [DEBUG] __main__ - [get_openf1] GET https://api.openf1.org/v1/car_data params={'session_key': 9644, 'driver_number': 44, 'date>': '2024-11-24T06:50:30.880000+00:00', 'date<': '2024-11-24T06:52:07.739000+00:00'}
2025-12-15 11:55:40 [DEBUG] __main__ - [compute_lap_features_for_driver] driver=44 lap=29, car_data rows=356
2025-12-15 11:55:40 [INFO] __main__ - [compute_lap_features_for_driver] driver=44 lap=30 KEEP, status=GREEN, duration=96.9s
2025-12-15 11:55:40 [DEBUG] __main__ - [get_openf1] GET https://api.openf1.org/v1/car_data params={'session_key': 9644, 'driver_number': 44, 'date>': '2024-11-24T06:52:07.739000+00:00', 'date<': '2024-11-24T06:53:44.685000+00:00'}
2025-12-15 11:55:41 [DEBUG] __main__ - [compute_lap_features_for_driver] driver=44 lap=30, car_data rows=363
2025-12-15 11:55:41 [INFO] __main__ - [compute_lap_features_for_driver] driver=44 lap=31 KEEP, status=GREEN, duration=96.3s
2025-12-15 11:55:41 [DEBUG] __main__ - [get_openf1] GET https://api.openf1.org/v1/car_data params={'session_key': 9644, 'driver_number': 44, 'date>': '2024-11-24T06:53:44.685000+00:00', 'date<': '2024-11-24T06:55:20.966000+00:00'}
2025-12-15 11:55:42 [DEBUG] __main__ - [compute_lap_features_for_driver] driver=44 lap=31, car_data rows=353
2025-12-15 11:55:42 [INFO] __main__ - [compute_lap_features_for_driver] driver=44 lap=32 KEEP, status=GREEN, duration=96.9s
2025-12-15 11:55:42 [DEBUG] __main__ - [get_openf1] GET https://api.openf1.org/v1/car_data params={'session_key': 9644, 'driver_number': 44, 'date>': '2024-11-24T06:55:20.966000+00:00', 'date<': '2024-11-24T06:56:57.852000+00:00'}
2025-12-15 11:55:42 [DEBUG] __main__ - [compute_lap_features_for_driver] driver=44 lap=32, car_data rows=353
2025-12-15 11:55:42 [INFO] __main__ - [compute_lap_features_for_driver] driver=44 lap=33 KEEP, status=GREEN, duration=97.4s
2025-12-15 11:55:42 [DEBUG] __main__ - [get_openf1] GET https://api.openf1.org/v1/car_data params={'session_key': 9644, 'driver_number': 44, 'date>': '2024-11-24T06:56:57.852000+00:00', 'date<': '2024-11-24T06:58:35.295000+00:00'}
2025-12-15 11:55:43 [DEBUG] __main__ - [compute_lap_features_for_driver] driver=44 lap=33, car_data rows=369
2025-12-15 11:55:43 [INFO] __main__ - [compute_lap_features_for_driver] driver=44 lap=34 KEEP, status=GREEN, duration=96.6s
2025-12-15 11:55:43 [DEBUG] __main__ - [get_openf1] GET https://api.openf1.org/v1/car_data params={'session_key': 9644, 'driver_number': 44, 'date>': '2024-11-24T06:58:35.295000+00:00', 'date<': '2024-11-24T07:00:11.922000+00:00'}
2025-12-15 11:55:43 [DEBUG] __main__ - [compute_lap_features_for_driver] driver=44 lap=34, car_data rows=359
2025-12-15 11:55:43 [INFO] __main__ - [compute_lap_features_for_driver] driver=44 lap=35 KEEP, status=GREEN, duration=96.4s
2025-12-15 11:55:43 [DEBUG] __main__ - [get_openf1] GET https://api.openf1.org/v1/car_data params={'session_key': 9644, 'driver_number': 44, 'date>': '2024-11-24T07:00:11.922000+00:00', 'date<': '2024-11-24T07:01:48.323000+00:00'}
2025-12-15 11:55:44 [DEBUG] __main__ - [compute_lap_features_for_driver] driver=44 lap=35, car_data rows=354
2025-12-15 11:55:44 [INFO] __main__ - [compute_lap_features_for_driver] driver=44 lap=36 KEEP, status=GREEN, duration=96.3s
2025-12-15 11:55:44 [DEBUG] __main__ - [get_openf1] GET https://api.openf1.org/v1/car_data params={'session_key': 9644, 'driver_number': 44, 'date>': '2024-11-24T07:01:48.323000+00:00', 'date<': '2024-11-24T07:03:24.666000+00:00'}
2025-12-15 11:55:44 [DEBUG] __main__ - [compute_lap_features_for_driver] driver=44 lap=36, car_data rows=348
2025-12-15 11:55:44 [INFO] __main__ - [compute_lap_features_for_driver] driver=44 lap=37 KEEP, status=GREEN, duration=96.1s
2025-12-15 11:55:44 [DEBUG] __main__ - [get_openf1] GET https://api.openf1.org/v1/car_data params={'session_key': 9644, 'driver_number': 44, 'date>': '2024-11-24T07:03:24.666000+00:00', 'date<': '2024-11-24T07:05:00.798000+00:00'}
2025-12-15 11:55:46 [DEBUG] __main__ - [compute_lap_features_for_driver] driver=44 lap=37, car_data rows=365
2025-12-15 11:55:46 [INFO] __main__ - [compute_lap_features_for_driver] driver=44 lap=38 KEEP, status=GREEN, duration=96.2s
2025-12-15 11:55:46 [DEBUG] __main__ - [get_openf1] GET https://api.openf1.org/v1/car_data params={'session_key': 9644, 'driver_number': 44, 'date>': '2024-11-24T07:05:00.798000+00:00', 'date<': '2024-11-24T07:06:37.029000+00:00'}
2025-12-15 11:55:47 [DEBUG] __main__ - [compute_lap_features_for_driver] driver=44 lap=38, car_data rows=365
2025-12-15 11:55:47 [INFO] __main__ - [compute_lap_features_for_driver] driver=44 lap=39 KEEP, status=GREEN, duration=95.9s
2025-12-15 11:55:47 [DEBUG] __main__ - [get_openf1] GET https://api.openf1.org/v1/car_data params={'session_key': 9644, 'driver_number': 44, 'date>': '2024-11-24T07:06:37.029000+00:00', 'date<': '2024-11-24T07:08:12.906000+00:00'}
2025-12-15 11:55:47 [DEBUG] __main__ - [compute_lap_features_for_driver] driver=44 lap=39, car_data rows=362
2025-12-15 11:55:47 [INFO] __main__ - [compute_lap_features_for_driver] driver=44 lap=40 KEEP, status=GREEN, duration=95.9s
2025-12-15 11:55:47 [DEBUG] __main__ - [get_openf1] GET https://api.openf1.org/v1/car_data params={'session_key': 9644, 'driver_number': 44, 'date>': '2024-11-24T07:08:12.906000+00:00', 'date<': '2024-11-24T07:09:48.770000+00:00'}
2025-12-15 11:55:48 [DEBUG] __main__ - [compute_lap_features_for_driver] driver=44 lap=40, car_data rows=368
2025-12-15 11:55:48 [INFO] __main__ - [compute_lap_features_for_driver] driver=44 lap=41 KEEP, status=GREEN, duration=95.4s
2025-12-15 11:55:48 [DEBUG] __main__ - [get_openf1] GET https://api.openf1.org/v1/car_data params={'session_key': 9644, 'driver_number': 44, 'date>': '2024-11-24T07:09:48.770000+00:00', 'date<': '2024-11-24T07:11:24.208000+00:00'}
2025-12-15 11:55:49 [DEBUG] __main__ - [compute_lap_features_for_driver] driver=44 lap=41, car_data rows=357
2025-12-15 11:55:49 [INFO] __main__ - [compute_lap_features_for_driver] driver=44 lap=42 KEEP, status=GREEN, duration=96.0s
2025-12-15 11:55:49 [DEBUG] __main__ - [get_openf1] GET https://api.openf1.org/v1/car_data params={'session_key': 9644, 'driver_number': 44, 'date>': '2024-11-24T07:11:24.208000+00:00', 'date<': '2024-11-24T07:13:00.239000+00:00'}
2025-12-15 11:55:49 [DEBUG] __main__ - [compute_lap_features_for_driver] driver=44 lap=42, car_data rows=364
2025-12-15 11:55:49 [INFO] __main__ - [compute_lap_features_for_driver] driver=44 lap=43 KEEP, status=GREEN, duration=95.7s
2025-12-15 11:55:49 [DEBUG] __main__ - [get_openf1] GET https://api.openf1.org/v1/car_data params={'session_key': 9644, 'driver_number': 44, 'date>': '2024-11-24T07:13:00.239000+00:00', 'date<': '2024-11-24T07:14:35.926000+00:00'}
2025-12-15 11:55:50 [DEBUG] __main__ - [compute_lap_features_for_driver] driver=44 lap=43, car_data rows=366
2025-12-15 11:55:50 [INFO] __main__ - [compute_lap_features_for_driver] driver=44 lap=44 KEEP, status=GREEN, duration=95.8s
2025-12-15 11:55:50 [DEBUG] __main__ - [get_openf1] GET https://api.openf1.org/v1/car_data params={'session_key': 9644, 'driver_number': 44, 'date>': '2024-11-24T07:14:35.926000+00:00', 'date<': '2024-11-24T07:16:11.698000+00:00'}
2025-12-15 11:55:51 [DEBUG] __main__ - [compute_lap_features_for_driver] driver=44 lap=44, car_data rows=358
2025-12-15 11:55:51 [INFO] __main__ - [compute_lap_features_for_driver] driver=44 lap=45 KEEP, status=GREEN, duration=95.9s
2025-12-15 11:55:51 [DEBUG] __main__ - [get_openf1] GET https://api.openf1.org/v1/car_data params={'session_key': 9644, 'driver_number': 44, 'date>': '2024-11-24T07:16:11.698000+00:00', 'date<': '2024-11-24T07:17:47.592000+00:00'}
2025-12-15 11:55:51 [DEBUG] __main__ - [compute_lap_features_for_driver] driver=44 lap=45, car_data rows=363
2025-12-15 11:55:51 [INFO] __main__ - [compute_lap_features_for_driver] driver=44 lap=46 KEEP, status=GREEN, duration=95.9s
2025-12-15 11:55:51 [DEBUG] __main__ - [get_openf1] GET https://api.openf1.org/v1/car_data params={'session_key': 9644, 'driver_number': 44, 'date>': '2024-11-24T07:17:47.592000+00:00', 'date<': '2024-11-24T07:19:23.503000+00:00'}
2025-12-15 11:55:52 [DEBUG] __main__ - [compute_lap_features_for_driver] driver=44 lap=46, car_data rows=357
2025-12-15 11:55:52 [INFO] __main__ - [compute_lap_features_for_driver] driver=44 lap=47 KEEP, status=GREEN, duration=97.1s
2025-12-15 11:55:52 [DEBUG] __main__ - [get_openf1] GET https://api.openf1.org/v1/car_data params={'session_key': 9644, 'driver_number': 44, 'date>': '2024-11-24T07:19:23.503000+00:00', 'date<': '2024-11-24T07:21:00.649000+00:00'}
2025-12-15 11:55:52 [DEBUG] __main__ - [compute_lap_features_for_driver] driver=44 lap=47, car_data rows=363
2025-12-15 11:55:52 [INFO] __main__ - [compute_lap_features_for_driver] driver=44 lap=48 KEEP, status=GREEN, duration=97.5s
2025-12-15 11:55:52 [DEBUG] __main__ - [get_openf1] GET https://api.openf1.org/v1/car_data params={'session_key': 9644, 'driver_number': 44, 'date>': '2024-11-24T07:21:00.649000+00:00', 'date<': '2024-11-24T07:22:38.121000+00:00'}
2025-12-15 11:55:53 [DEBUG] __main__ - [compute_lap_features_for_driver] driver=44 lap=48, car_data rows=366
2025-12-15 11:55:53 [INFO] __main__ - [compute_lap_features_for_driver] driver=44 lap=49 KEEP, status=GREEN, duration=97.5s
2025-12-15 11:55:53 [DEBUG] __main__ - [get_openf1] GET https://api.openf1.org/v1/car_data params={'session_key': 9644, 'driver_number': 44, 'date>': '2024-11-24T07:22:38.121000+00:00', 'date<': '2024-11-24T07:24:15.654000+00:00'}
2025-12-15 11:55:54 [DEBUG] __main__ - [compute_lap_features_for_driver] driver=44 lap=49, car_data rows=370
2025-12-15 11:55:54 [INFO] __main__ - [compute_lap_features_for_driver] driver=44 lap=50 DROP (CHEQUERED_FLAG_LAP), status=YELLOW;RED_FLAG;CHEQUERED, duration=nans
2025-12-15 11:55:54 [INFO] __main__ - [compute_lap_features_for_driver] driver=44, feature laps=[2, 3, 4, 5, 6, 7, 8, 9, 10, 11, 12, 13, 14, 15, 16, 17, 18, 19, 20, 21, 22, 23, 24, 25, 26, 27, 28, 29, 30, 31, 32, 33, 34, 35, 36, 37, 38, 39, 40, 41, 42, 43, 44, 45, 46, 47, 48, 49]
2025-12-15 11:55:54 [INFO] __main__ - [build_driver_style_embedding_json] compute features for driver=77
2025-12-15 11:55:54 [DEBUG] __main__ - [get_openf1] GET https://api.openf1.org/v1/laps params={'session_key': 9644, 'driver_number': 77}
2025-12-15 11:55:55 [DEBUG] __main__ - [get_openf1] GET https://api.openf1.org/v1/sessions params={'session_key': 9644}
2025-12-15 11:55:55 [INFO] __main__ - [fetch_session_start] session_key=9644, date_start=2024-11-24 06:00:00+00:00
2025-12-15 11:55:55 [INFO] __main__ - [fetch_race_start_time] use first GREEN as race_start: 2024-11-24 05:20:01+00:00
2025-12-15 11:55:55 [INFO] __main__ - [fetch_laps] fill lap 1 date_start with race_start=2024-11-24 05:20:01+00:00
2025-12-15 11:55:55 [INFO] __main__ - [fetch_laps] driver=77, laps: min=1, max=49, count=49
2025-12-15 11:55:55 [DEBUG] __main__ - [fetch_laps] head:
   meeting_key  session_key  ...  st_speed  lap_duration_s
0         1250         9644  ...       257        2734.052
1         1250         9644  ...       278         102.619
2         1250         9644  ...       276         100.611
3         1250         9644  ...       273         100.395
4         1250         9644  ...       304          99.548

[5 rows x 17 columns]
2025-12-15 11:55:55 [DEBUG] __main__ - [build_lap_status_mapping] status_by_lap={1: 'GREEN', 2: 'GREEN', 3: 'GREEN', 4: 'GREEN', 5: 'GREEN', 6: 'GREEN', 7: 'GREEN', 8: 'GREEN', 9: 'GREEN', 10: 'GREEN', 11: 'GREEN', 12: 'GREEN', 13: 'GREEN', 14: 'GREEN', 15: 'GREEN', 16: 'GREEN', 17: 'GREEN', 18: 'GREEN', 19: 'GREEN', 20: 'GREEN', 21: 'GREEN', 22: 'GREEN', 23: 'GREEN', 24: 'GREEN', 25: 'GREEN', 26: 'GREEN', 27: 'GREEN', 28: 'GREEN', 29: 'GREEN', 30: 'GREEN', 31: 'GREEN', 32: 'GREEN', 33: 'GREEN', 34: 'GREEN', 35: 'GREEN', 36: 'GREEN', 37: 'GREEN', 38: 'GREEN', 39: 'GREEN', 40: 'GREEN', 41: 'GREEN', 42: 'GREEN', 43: 'GREEN', 44: 'GREEN', 45: 'GREEN', 46: 'GREEN', 47: 'GREEN', 48: 'GREEN', 49: 'YELLOW;RED_FLAG;CHEQUERED'}
2025-12-15 11:55:55 [INFO] __main__ - [compute_lap_features_for_driver] driver=77, typical_duration_s=99.596
2025-12-15 11:55:55 [INFO] __main__ - [compute_lap_features_for_driver] driver=77 lap=1 DROP (LONG_LAP_2734.1s), status=GREEN, duration=2734.1s
2025-12-15 11:55:55 [INFO] __main__ - [compute_lap_features_for_driver] driver=77 lap=2 KEEP, status=GREEN, duration=102.6s
2025-12-15 11:55:55 [DEBUG] __main__ - [get_openf1] GET https://api.openf1.org/v1/car_data params={'session_key': 9644, 'driver_number': 77, 'date>': '2024-11-24T06:05:35.052000+00:00', 'date<': '2024-11-24T06:07:17.671000+00:00'}
2025-12-15 11:55:56 [DEBUG] __main__ - [compute_lap_features_for_driver] driver=77 lap=2, car_data rows=399
2025-12-15 11:55:56 [INFO] __main__ - [compute_lap_features_for_driver] driver=77 lap=3 KEEP, status=GREEN, duration=100.6s
2025-12-15 11:55:56 [DEBUG] __main__ - [get_openf1] GET https://api.openf1.org/v1/car_data params={'session_key': 9644, 'driver_number': 77, 'date>': '2024-11-24T06:07:17.671000+00:00', 'date<': '2024-11-24T06:08:58.282000+00:00'}
2025-12-15 11:55:57 [DEBUG] __main__ - [compute_lap_features_for_driver] driver=77 lap=3, car_data rows=374
2025-12-15 11:55:57 [INFO] __main__ - [compute_lap_features_for_driver] driver=77 lap=4 KEEP, status=GREEN, duration=100.4s
2025-12-15 11:55:57 [DEBUG] __main__ - [get_openf1] GET https://api.openf1.org/v1/car_data params={'session_key': 9644, 'driver_number': 77, 'date>': '2024-11-24T06:08:58.282000+00:00', 'date<': '2024-11-24T06:10:38.677000+00:00'}
2025-12-15 11:55:58 [DEBUG] __main__ - [compute_lap_features_for_driver] driver=77 lap=4, car_data rows=390
2025-12-15 11:55:58 [INFO] __main__ - [compute_lap_features_for_driver] driver=77 lap=5 KEEP, status=GREEN, duration=99.5s
2025-12-15 11:55:58 [DEBUG] __main__ - [get_openf1] GET https://api.openf1.org/v1/car_data params={'session_key': 9644, 'driver_number': 77, 'date>': '2024-11-24T06:10:38.677000+00:00', 'date<': '2024-11-24T06:12:18.225000+00:00'}
2025-12-15 11:56:00 [DEBUG] __main__ - [compute_lap_features_for_driver] driver=77 lap=5, car_data rows=371
2025-12-15 11:56:00 [INFO] __main__ - [compute_lap_features_for_driver] driver=77 lap=6 KEEP, status=GREEN, duration=99.8s
2025-12-15 11:56:00 [DEBUG] __main__ - [get_openf1] GET https://api.openf1.org/v1/car_data params={'session_key': 9644, 'driver_number': 77, 'date>': '2024-11-24T06:12:18.225000+00:00', 'date<': '2024-11-24T06:13:57.989000+00:00'}
2025-12-15 11:56:01 [DEBUG] __main__ - [compute_lap_features_for_driver] driver=77 lap=6, car_data rows=377
2025-12-15 11:56:01 [INFO] __main__ - [compute_lap_features_for_driver] driver=77 lap=7 KEEP, status=GREEN, duration=99.6s
2025-12-15 11:56:01 [DEBUG] __main__ - [get_openf1] GET https://api.openf1.org/v1/car_data params={'session_key': 9644, 'driver_number': 77, 'date>': '2024-11-24T06:13:57.989000+00:00', 'date<': '2024-11-24T06:15:37.628000+00:00'}
2025-12-15 11:56:01 [DEBUG] __main__ - [compute_lap_features_for_driver] driver=77 lap=7, car_data rows=373
2025-12-15 11:56:01 [INFO] __main__ - [compute_lap_features_for_driver] driver=77 lap=8 KEEP, status=GREEN, duration=99.9s
2025-12-15 11:56:01 [DEBUG] __main__ - [get_openf1] GET https://api.openf1.org/v1/car_data params={'session_key': 9644, 'driver_number': 77, 'date>': '2024-11-24T06:15:37.628000+00:00', 'date<': '2024-11-24T06:17:17.560000+00:00'}
2025-12-15 11:56:02 [DEBUG] __main__ - [compute_lap_features_for_driver] driver=77 lap=8, car_data rows=377
2025-12-15 11:56:02 [INFO] __main__ - [compute_lap_features_for_driver] driver=77 lap=9 KEEP, status=GREEN, duration=99.5s
2025-12-15 11:56:02 [DEBUG] __main__ - [get_openf1] GET https://api.openf1.org/v1/car_data params={'session_key': 9644, 'driver_number': 77, 'date>': '2024-11-24T06:17:17.560000+00:00', 'date<': '2024-11-24T06:18:57.101000+00:00'}
2025-12-15 11:56:03 [DEBUG] __main__ - [compute_lap_features_for_driver] driver=77 lap=9, car_data rows=374
2025-12-15 11:56:03 [INFO] __main__ - [compute_lap_features_for_driver] driver=77 lap=10 KEEP, status=GREEN, duration=99.6s
2025-12-15 11:56:03 [DEBUG] __main__ - [get_openf1] GET https://api.openf1.org/v1/car_data params={'session_key': 9644, 'driver_number': 77, 'date>': '2024-11-24T06:18:57.101000+00:00', 'date<': '2024-11-24T06:20:36.697000+00:00'}
2025-12-15 11:56:04 [DEBUG] __main__ - [compute_lap_features_for_driver] driver=77 lap=10, car_data rows=370
2025-12-15 11:56:04 [INFO] __main__ - [compute_lap_features_for_driver] driver=77 lap=11 KEEP, status=GREEN, duration=101.0s
2025-12-15 11:56:04 [DEBUG] __main__ - [get_openf1] GET https://api.openf1.org/v1/car_data params={'session_key': 9644, 'driver_number': 77, 'date>': '2024-11-24T06:20:36.697000+00:00', 'date<': '2024-11-24T06:22:17.695000+00:00'}
2025-12-15 11:56:05 [DEBUG] __main__ - [compute_lap_features_for_driver] driver=77 lap=11, car_data rows=383
2025-12-15 11:56:05 [INFO] __main__ - [compute_lap_features_for_driver] driver=77 lap=12 KEEP, status=GREEN, duration=101.9s
2025-12-15 11:56:05 [DEBUG] __main__ - [get_openf1] GET https://api.openf1.org/v1/car_data params={'session_key': 9644, 'driver_number': 77, 'date>': '2024-11-24T06:22:17.695000+00:00', 'date<': '2024-11-24T06:23:59.548000+00:00'}
2025-12-15 11:56:06 [DEBUG] __main__ - [compute_lap_features_for_driver] driver=77 lap=12, car_data rows=397
2025-12-15 11:56:06 [INFO] __main__ - [compute_lap_features_for_driver] driver=77 lap=13 KEEP, status=GREEN, duration=102.7s
2025-12-15 11:56:06 [DEBUG] __main__ - [get_openf1] GET https://api.openf1.org/v1/car_data params={'session_key': 9644, 'driver_number': 77, 'date>': '2024-11-24T06:23:59.548000+00:00', 'date<': '2024-11-24T06:25:42.252000+00:00'}
2025-12-15 11:56:07 [DEBUG] __main__ - [compute_lap_features_for_driver] driver=77 lap=13, car_data rows=382
2025-12-15 11:56:07 [INFO] __main__ - [compute_lap_features_for_driver] driver=77 lap=14 KEEP, status=GREEN, duration=102.3s
2025-12-15 11:56:07 [DEBUG] __main__ - [get_openf1] GET https://api.openf1.org/v1/car_data params={'session_key': 9644, 'driver_number': 77, 'date>': '2024-11-24T06:25:42.252000+00:00', 'date<': '2024-11-24T06:27:24.519000+00:00'}
2025-12-15 11:56:08 [DEBUG] __main__ - [compute_lap_features_for_driver] driver=77 lap=14, car_data rows=383
2025-12-15 11:56:08 [INFO] __main__ - [compute_lap_features_for_driver] driver=77 lap=15 KEEP, status=GREEN, duration=102.1s
2025-12-15 11:56:08 [DEBUG] __main__ - [get_openf1] GET https://api.openf1.org/v1/car_data params={'session_key': 9644, 'driver_number': 77, 'date>': '2024-11-24T06:27:24.519000+00:00', 'date<': '2024-11-24T06:29:06.659000+00:00'}
2025-12-15 11:56:08 [DEBUG] __main__ - [compute_lap_features_for_driver] driver=77 lap=15, car_data rows=378
2025-12-15 11:56:08 [INFO] __main__ - [compute_lap_features_for_driver] driver=77 lap=16 KEEP, status=GREEN, duration=103.4s
2025-12-15 11:56:08 [DEBUG] __main__ - [get_openf1] GET https://api.openf1.org/v1/car_data params={'session_key': 9644, 'driver_number': 77, 'date>': '2024-11-24T06:29:06.659000+00:00', 'date<': '2024-11-24T06:30:50.108000+00:00'}
2025-12-15 11:56:09 [DEBUG] __main__ - [compute_lap_features_for_driver] driver=77 lap=16, car_data rows=391
2025-12-15 11:56:09 [INFO] __main__ - [compute_lap_features_for_driver] driver=77 lap=17 KEEP, status=GREEN, duration=107.9s
2025-12-15 11:56:09 [DEBUG] __main__ - [get_openf1] GET https://api.openf1.org/v1/car_data params={'session_key': 9644, 'driver_number': 77, 'date>': '2024-11-24T06:30:50.108000+00:00', 'date<': '2024-11-24T06:32:38.057000+00:00'}
2025-12-15 11:56:10 [DEBUG] __main__ - [compute_lap_features_for_driver] driver=77 lap=17, car_data rows=412
2025-12-15 11:56:10 [INFO] __main__ - [compute_lap_features_for_driver] driver=77 lap=18 KEEP, status=GREEN, duration=115.5s
2025-12-15 11:56:10 [DEBUG] __main__ - [get_openf1] GET https://api.openf1.org/v1/car_data params={'session_key': 9644, 'driver_number': 77, 'date>': '2024-11-24T06:32:38.057000+00:00', 'date<': '2024-11-24T06:34:33.575000+00:00'}
2025-12-15 11:56:11 [DEBUG] __main__ - [compute_lap_features_for_driver] driver=77 lap=18, car_data rows=427
2025-12-15 11:56:11 [INFO] __main__ - [compute_lap_features_for_driver] driver=77 lap=19 KEEP, status=GREEN, duration=99.7s
2025-12-15 11:56:11 [DEBUG] __main__ - [get_openf1] GET https://api.openf1.org/v1/car_data params={'session_key': 9644, 'driver_number': 77, 'date>': '2024-11-24T06:34:33.575000+00:00', 'date<': '2024-11-24T06:36:13.236000+00:00'}
2025-12-15 11:56:12 [DEBUG] __main__ - [compute_lap_features_for_driver] driver=77 lap=19, car_data rows=379
2025-12-15 11:56:12 [INFO] __main__ - [compute_lap_features_for_driver] driver=77 lap=20 KEEP, status=GREEN, duration=99.4s
2025-12-15 11:56:12 [DEBUG] __main__ - [get_openf1] GET https://api.openf1.org/v1/car_data params={'session_key': 9644, 'driver_number': 77, 'date>': '2024-11-24T06:36:13.236000+00:00', 'date<': '2024-11-24T06:37:52.647000+00:00'}
2025-12-15 11:56:13 [DEBUG] __main__ - [compute_lap_features_for_driver] driver=77 lap=20, car_data rows=377
2025-12-15 11:56:13 [INFO] __main__ - [compute_lap_features_for_driver] driver=77 lap=21 KEEP, status=GREEN, duration=99.2s
2025-12-15 11:56:13 [DEBUG] __main__ - [get_openf1] GET https://api.openf1.org/v1/car_data params={'session_key': 9644, 'driver_number': 77, 'date>': '2024-11-24T06:37:52.647000+00:00', 'date<': '2024-11-24T06:39:31.850000+00:00'}
2025-12-15 11:56:13 [DEBUG] __main__ - [compute_lap_features_for_driver] driver=77 lap=21, car_data rows=372
2025-12-15 11:56:13 [INFO] __main__ - [compute_lap_features_for_driver] driver=77 lap=22 KEEP, status=GREEN, duration=99.3s
2025-12-15 11:56:13 [DEBUG] __main__ - [get_openf1] GET https://api.openf1.org/v1/car_data params={'session_key': 9644, 'driver_number': 77, 'date>': '2024-11-24T06:39:31.850000+00:00', 'date<': '2024-11-24T06:41:11.105000+00:00'}
2025-12-15 11:56:14 [DEBUG] __main__ - [compute_lap_features_for_driver] driver=77 lap=22, car_data rows=384
2025-12-15 11:56:14 [INFO] __main__ - [compute_lap_features_for_driver] driver=77 lap=23 KEEP, status=GREEN, duration=99.2s
2025-12-15 11:56:14 [DEBUG] __main__ - [get_openf1] GET https://api.openf1.org/v1/car_data params={'session_key': 9644, 'driver_number': 77, 'date>': '2024-11-24T06:41:11.105000+00:00', 'date<': '2024-11-24T06:42:50.350000+00:00'}
2025-12-15 11:56:15 [DEBUG] __main__ - [compute_lap_features_for_driver] driver=77 lap=23, car_data rows=371
2025-12-15 11:56:15 [INFO] __main__ - [compute_lap_features_for_driver] driver=77 lap=24 KEEP, status=GREEN, duration=98.5s
2025-12-15 11:56:15 [DEBUG] __main__ - [get_openf1] GET https://api.openf1.org/v1/car_data params={'session_key': 9644, 'driver_number': 77, 'date>': '2024-11-24T06:42:50.350000+00:00', 'date<': '2024-11-24T06:44:28.862000+00:00'}
2025-12-15 11:56:15 [DEBUG] __main__ - [compute_lap_features_for_driver] driver=77 lap=24, car_data rows=368
2025-12-15 11:56:15 [INFO] __main__ - [compute_lap_features_for_driver] driver=77 lap=25 KEEP, status=GREEN, duration=99.8s
2025-12-15 11:56:15 [DEBUG] __main__ - [get_openf1] GET https://api.openf1.org/v1/car_data params={'session_key': 9644, 'driver_number': 77, 'date>': '2024-11-24T06:44:28.862000+00:00', 'date<': '2024-11-24T06:46:08.690000+00:00'}
2025-12-15 11:56:16 [DEBUG] __main__ - [compute_lap_features_for_driver] driver=77 lap=25, car_data rows=382
2025-12-15 11:56:16 [INFO] __main__ - [compute_lap_features_for_driver] driver=77 lap=26 KEEP, status=GREEN, duration=98.6s
2025-12-15 11:56:16 [DEBUG] __main__ - [get_openf1] GET https://api.openf1.org/v1/car_data params={'session_key': 9644, 'driver_number': 77, 'date>': '2024-11-24T06:46:08.690000+00:00', 'date<': '2024-11-24T06:47:47.312000+00:00'}
2025-12-15 11:56:17 [DEBUG] __main__ - [compute_lap_features_for_driver] driver=77 lap=26, car_data rows=379
2025-12-15 11:56:17 [INFO] __main__ - [compute_lap_features_for_driver] driver=77 lap=27 KEEP, status=GREEN, duration=98.6s
2025-12-15 11:56:17 [DEBUG] __main__ - [get_openf1] GET https://api.openf1.org/v1/car_data params={'session_key': 9644, 'driver_number': 77, 'date>': '2024-11-24T06:47:47.312000+00:00', 'date<': '2024-11-24T06:49:25.923000+00:00'}
2025-12-15 11:56:18 [DEBUG] __main__ - [compute_lap_features_for_driver] driver=77 lap=27, car_data rows=366
2025-12-15 11:56:18 [INFO] __main__ - [compute_lap_features_for_driver] driver=77 lap=28 KEEP, status=GREEN, duration=98.7s
2025-12-15 11:56:18 [DEBUG] __main__ - [get_openf1] GET https://api.openf1.org/v1/car_data params={'session_key': 9644, 'driver_number': 77, 'date>': '2024-11-24T06:49:25.923000+00:00', 'date<': '2024-11-24T06:51:04.601000+00:00'}
2025-12-15 11:56:18 [DEBUG] __main__ - [compute_lap_features_for_driver] driver=77 lap=28, car_data rows=370
2025-12-15 11:56:18 [INFO] __main__ - [compute_lap_features_for_driver] driver=77 lap=29 KEEP, status=GREEN, duration=98.7s
2025-12-15 11:56:18 [DEBUG] __main__ - [get_openf1] GET https://api.openf1.org/v1/car_data params={'session_key': 9644, 'driver_number': 77, 'date>': '2024-11-24T06:51:04.601000+00:00', 'date<': '2024-11-24T06:52:43.311000+00:00'}
2025-12-15 11:56:19 [DEBUG] __main__ - [compute_lap_features_for_driver] driver=77 lap=29, car_data rows=368
2025-12-15 11:56:19 [INFO] __main__ - [compute_lap_features_for_driver] driver=77 lap=30 KEEP, status=GREEN, duration=99.6s
2025-12-15 11:56:19 [DEBUG] __main__ - [get_openf1] GET https://api.openf1.org/v1/car_data params={'session_key': 9644, 'driver_number': 77, 'date>': '2024-11-24T06:52:43.311000+00:00', 'date<': '2024-11-24T06:54:22.871000+00:00'}
2025-12-15 11:56:19 [DEBUG] __main__ - [compute_lap_features_for_driver] driver=77 lap=30, car_data rows=367
2025-12-15 11:56:19 [INFO] __main__ - [compute_lap_features_for_driver] driver=77 lap=31 KEEP, status=GREEN, duration=99.9s
2025-12-15 11:56:19 [DEBUG] __main__ - [get_openf1] GET https://api.openf1.org/v1/car_data params={'session_key': 9644, 'driver_number': 77, 'date>': '2024-11-24T06:54:22.871000+00:00', 'date<': '2024-11-24T06:56:02.819000+00:00'}
2025-12-15 11:56:20 [DEBUG] __main__ - [compute_lap_features_for_driver] driver=77 lap=31, car_data rows=362
2025-12-15 11:56:20 [INFO] __main__ - [compute_lap_features_for_driver] driver=77 lap=32 KEEP, status=GREEN, duration=100.7s
2025-12-15 11:56:20 [DEBUG] __main__ - [get_openf1] GET https://api.openf1.org/v1/car_data params={'session_key': 9644, 'driver_number': 77, 'date>': '2024-11-24T06:56:02.819000+00:00', 'date<': '2024-11-24T06:57:43.529000+00:00'}
2025-12-15 11:56:21 [DEBUG] __main__ - [compute_lap_features_for_driver] driver=77 lap=32, car_data rows=371
2025-12-15 11:56:21 [INFO] __main__ - [compute_lap_features_for_driver] driver=77 lap=33 KEEP, status=GREEN, duration=100.1s
2025-12-15 11:56:21 [DEBUG] __main__ - [get_openf1] GET https://api.openf1.org/v1/car_data params={'session_key': 9644, 'driver_number': 77, 'date>': '2024-11-24T06:57:43.529000+00:00', 'date<': '2024-11-24T06:59:23.655000+00:00'}
2025-12-15 11:56:21 [DEBUG] __main__ - [compute_lap_features_for_driver] driver=77 lap=33, car_data rows=375
2025-12-15 11:56:21 [INFO] __main__ - [compute_lap_features_for_driver] driver=77 lap=34 KEEP, status=GREEN, duration=100.9s
2025-12-15 11:56:21 [DEBUG] __main__ - [get_openf1] GET https://api.openf1.org/v1/car_data params={'session_key': 9644, 'driver_number': 77, 'date>': '2024-11-24T06:59:23.655000+00:00', 'date<': '2024-11-24T07:01:04.546000+00:00'}
2025-12-15 11:56:22 [DEBUG] __main__ - [compute_lap_features_for_driver] driver=77 lap=34, car_data rows=378
2025-12-15 11:56:22 [INFO] __main__ - [compute_lap_features_for_driver] driver=77 lap=35 KEEP, status=GREEN, duration=107.5s
2025-12-15 11:56:22 [DEBUG] __main__ - [get_openf1] GET https://api.openf1.org/v1/car_data params={'session_key': 9644, 'driver_number': 77, 'date>': '2024-11-24T07:01:04.546000+00:00', 'date<': '2024-11-24T07:02:52.061000+00:00'}
2025-12-15 11:56:23 [DEBUG] __main__ - [compute_lap_features_for_driver] driver=77 lap=35, car_data rows=386
2025-12-15 11:56:23 [INFO] __main__ - [compute_lap_features_for_driver] driver=77 lap=36 KEEP, status=GREEN, duration=117.2s
2025-12-15 11:56:23 [DEBUG] __main__ - [get_openf1] GET https://api.openf1.org/v1/car_data params={'session_key': 9644, 'driver_number': 77, 'date>': '2024-11-24T07:02:52.061000+00:00', 'date<': '2024-11-24T07:04:49.220000+00:00'}
2025-12-15 11:56:24 [DEBUG] __main__ - [compute_lap_features_for_driver] driver=77 lap=36, car_data rows=439
2025-12-15 11:56:24 [INFO] __main__ - [compute_lap_features_for_driver] driver=77 lap=37 KEEP, status=GREEN, duration=97.6s
2025-12-15 11:56:24 [DEBUG] __main__ - [get_openf1] GET https://api.openf1.org/v1/car_data params={'session_key': 9644, 'driver_number': 77, 'date>': '2024-11-24T07:04:49.220000+00:00', 'date<': '2024-11-24T07:06:26.813000+00:00'}
2025-12-15 11:56:24 [DEBUG] __main__ - [compute_lap_features_for_driver] driver=77 lap=37, car_data rows=375
2025-12-15 11:56:24 [INFO] __main__ - [compute_lap_features_for_driver] driver=77 lap=38 KEEP, status=GREEN, duration=96.9s
2025-12-15 11:56:24 [DEBUG] __main__ - [get_openf1] GET https://api.openf1.org/v1/car_data params={'session_key': 9644, 'driver_number': 77, 'date>': '2024-11-24T07:06:26.813000+00:00', 'date<': '2024-11-24T07:08:03.722000+00:00'}
2025-12-15 11:56:25 [DEBUG] __main__ - [compute_lap_features_for_driver] driver=77 lap=38, car_data rows=367
2025-12-15 11:56:25 [INFO] __main__ - [compute_lap_features_for_driver] driver=77 lap=39 KEEP, status=GREEN, duration=96.9s
2025-12-15 11:56:25 [DEBUG] __main__ - [get_openf1] GET https://api.openf1.org/v1/car_data params={'session_key': 9644, 'driver_number': 77, 'date>': '2024-11-24T07:08:03.722000+00:00', 'date<': '2024-11-24T07:09:40.601000+00:00'}
2025-12-15 11:56:26 [DEBUG] __main__ - [compute_lap_features_for_driver] driver=77 lap=39, car_data rows=368
2025-12-15 11:56:26 [INFO] __main__ - [compute_lap_features_for_driver] driver=77 lap=40 KEEP, status=GREEN, duration=99.7s
2025-12-15 11:56:26 [DEBUG] __main__ - [get_openf1] GET https://api.openf1.org/v1/car_data params={'session_key': 9644, 'driver_number': 77, 'date>': '2024-11-24T07:09:40.601000+00:00', 'date<': '2024-11-24T07:11:20.269000+00:00'}
2025-12-15 11:56:27 [DEBUG] __main__ - [compute_lap_features_for_driver] driver=77 lap=40, car_data rows=378
2025-12-15 11:56:27 [INFO] __main__ - [compute_lap_features_for_driver] driver=77 lap=41 KEEP, status=GREEN, duration=98.3s
2025-12-15 11:56:27 [DEBUG] __main__ - [get_openf1] GET https://api.openf1.org/v1/car_data params={'session_key': 9644, 'driver_number': 77, 'date>': '2024-11-24T07:11:20.269000+00:00', 'date<': '2024-11-24T07:12:58.524000+00:00'}
2025-12-15 11:56:27 [DEBUG] __main__ - [compute_lap_features_for_driver] driver=77 lap=41, car_data rows=368
2025-12-15 11:56:27 [INFO] __main__ - [compute_lap_features_for_driver] driver=77 lap=42 KEEP, status=GREEN, duration=98.4s
2025-12-15 11:56:27 [DEBUG] __main__ - [get_openf1] GET https://api.openf1.org/v1/car_data params={'session_key': 9644, 'driver_number': 77, 'date>': '2024-11-24T07:12:58.524000+00:00', 'date<': '2024-11-24T07:14:36.896000+00:00'}
2025-12-15 11:56:28 [DEBUG] __main__ - [compute_lap_features_for_driver] driver=77 lap=42, car_data rows=379
2025-12-15 11:56:28 [INFO] __main__ - [compute_lap_features_for_driver] driver=77 lap=43 KEEP, status=GREEN, duration=97.1s
2025-12-15 11:56:28 [DEBUG] __main__ - [get_openf1] GET https://api.openf1.org/v1/car_data params={'session_key': 9644, 'driver_number': 77, 'date>': '2024-11-24T07:14:36.896000+00:00', 'date<': '2024-11-24T07:16:14.007000+00:00'}
2025-12-15 11:56:29 [DEBUG] __main__ - [compute_lap_features_for_driver] driver=77 lap=43, car_data rows=361
2025-12-15 11:56:29 [INFO] __main__ - [compute_lap_features_for_driver] driver=77 lap=44 KEEP, status=GREEN, duration=96.6s
2025-12-15 11:56:29 [DEBUG] __main__ - [get_openf1] GET https://api.openf1.org/v1/car_data params={'session_key': 9644, 'driver_number': 77, 'date>': '2024-11-24T07:16:14.007000+00:00', 'date<': '2024-11-24T07:17:50.599000+00:00'}
2025-12-15 11:56:29 [DEBUG] __main__ - [compute_lap_features_for_driver] driver=77 lap=44, car_data rows=367
2025-12-15 11:56:29 [INFO] __main__ - [compute_lap_features_for_driver] driver=77 lap=45 KEEP, status=GREEN, duration=96.7s
2025-12-15 11:56:29 [DEBUG] __main__ - [get_openf1] GET https://api.openf1.org/v1/car_data params={'session_key': 9644, 'driver_number': 77, 'date>': '2024-11-24T07:17:50.599000+00:00', 'date<': '2024-11-24T07:19:27.314000+00:00'}
2025-12-15 11:56:30 [DEBUG] __main__ - [compute_lap_features_for_driver] driver=77 lap=45, car_data rows=359
2025-12-15 11:56:30 [INFO] __main__ - [compute_lap_features_for_driver] driver=77 lap=46 KEEP, status=GREEN, duration=96.6s
2025-12-15 11:56:30 [DEBUG] __main__ - [get_openf1] GET https://api.openf1.org/v1/car_data params={'session_key': 9644, 'driver_number': 77, 'date>': '2024-11-24T07:19:27.314000+00:00', 'date<': '2024-11-24T07:21:03.895000+00:00'}
2025-12-15 11:56:31 [DEBUG] __main__ - [compute_lap_features_for_driver] driver=77 lap=46, car_data rows=362
2025-12-15 11:56:31 [INFO] __main__ - [compute_lap_features_for_driver] driver=77 lap=47 KEEP, status=GREEN, duration=96.7s
2025-12-15 11:56:31 [DEBUG] __main__ - [get_openf1] GET https://api.openf1.org/v1/car_data params={'session_key': 9644, 'driver_number': 77, 'date>': '2024-11-24T07:21:03.895000+00:00', 'date<': '2024-11-24T07:22:40.613000+00:00'}
2025-12-15 11:56:31 [DEBUG] __main__ - [compute_lap_features_for_driver] driver=77 lap=47, car_data rows=363
2025-12-15 11:56:31 [INFO] __main__ - [compute_lap_features_for_driver] driver=77 lap=48 KEEP, status=GREEN, duration=98.3s
2025-12-15 11:56:31 [DEBUG] __main__ - [get_openf1] GET https://api.openf1.org/v1/car_data params={'session_key': 9644, 'driver_number': 77, 'date>': '2024-11-24T07:22:40.613000+00:00', 'date<': '2024-11-24T07:24:18.889000+00:00'}
2025-12-15 11:56:32 [DEBUG] __main__ - [compute_lap_features_for_driver] driver=77 lap=48, car_data rows=372
2025-12-15 11:56:32 [INFO] __main__ - [compute_lap_features_for_driver] driver=77 lap=49 DROP (CHEQUERED_FLAG_LAP), status=YELLOW;RED_FLAG;CHEQUERED, duration=nans
2025-12-15 11:56:32 [INFO] __main__ - [compute_lap_features_for_driver] driver=77, feature laps=[2, 3, 4, 5, 6, 7, 8, 9, 10, 11, 12, 13, 14, 15, 16, 17, 18, 19, 20, 21, 22, 23, 24, 25, 26, 27, 28, 29, 30, 31, 32, 33, 34, 35, 36, 37, 38, 39, 40, 41, 42, 43, 44, 45, 46, 47, 48]
2025-12-15 11:56:32 [INFO] __main__ - [build_driver_style_embedding_json] all feature laps (combined)=[2, 3, 4, 5, 6, 7, 8, 9, 10, 11, 12, 13, 14, 15, 16, 17, 18, 19, 20, 21, 22, 23, 24, 25, 26, 27, 28, 29, 30, 31, 32, 33, 34, 35, 36, 37, 38, 39, 40, 41, 42, 43, 44, 45, 46, 47, 48, 49]
2025-12-15 11:56:32 [INFO] __main__ - [embed_lap_features] focus_laps = [9, 26, 50]
2025-12-15 11:56:32 [INFO] __main__ - Saved ./driver_style_embedding_2024lasvegas.json
