2025-12-15 11:19:44 [INFO] __main__ - ===== Driver Style Map logging started for race_id=2024miami =====
2025-12-15 11:19:44 [INFO] __main__ - log file: log/driver_style_2024miami.log
2025-12-15 11:19:44 [INFO] __main__ - === Start processing 2024miami ===
2025-12-15 11:19:44 [DEBUG] __main__ - [get_openf1] GET https://api.openf1.org/v1/meetings params={'year': 2024}
2025-12-15 11:19:44 [DEBUG] __main__ - [get_openf1] GET https://api.openf1.org/v1/sessions params={'meeting_key': 1234}
2025-12-15 11:19:44 [INFO] __main__ - [find_race_session] year=2024 slug=miami -> session_key=9507, meeting_name=Miami Grand Prix
2025-12-15 11:19:44 [INFO] __main__ - [main] race_id=2024miami -> session_key=9507, meeting_name=Miami Grand Prix
2025-12-15 11:19:44 [DEBUG] __main__ - [get_openf1] GET https://api.openf1.org/v1/session_result params={'session_key': 9507}
2025-12-15 11:19:45 [DEBUG] __main__ - [get_openf1] GET https://api.openf1.org/v1/drivers params={'session_key': 9507}
2025-12-15 11:19:45 [INFO] __main__ - [select_race_drivers] session_key=9507 winner=4 teammate=81 last_finisher=20
2025-12-15 11:19:45 [INFO] __main__ - [build_driver_style_embedding_json] start session_key=9507, drivers=[4, 81, 20]
2025-12-15 11:19:45 [DEBUG] __main__ - [get_openf1] GET https://api.openf1.org/v1/race_control params={'session_key': 9507}
2025-12-15 11:19:46 [DEBUG] __main__ - [get_openf1] GET https://api.openf1.org/v1/sessions params={'session_key': 9507}
2025-12-15 11:19:46 [INFO] __main__ - [fetch_session_start] session_key=9507, date_start=2024-05-05 20:00:00+00:00
2025-12-15 11:19:46 [INFO] __main__ - [fetch_race_start_time] use first GREEN as race_start: 2024-05-05 19:20:00+00:00
2025-12-15 11:19:46 [DEBUG] __main__ - [get_openf1] GET https://api.openf1.org/v1/laps params={'session_key': 9507, 'driver_number': 4}
2025-12-15 11:19:47 [INFO] __main__ - [fetch_laps] fill lap 1 date_start with race_start=2024-05-05 19:20:00+00:00
2025-12-15 11:19:47 [INFO] __main__ - [fetch_laps] driver=4, laps: min=1, max=58, count=58
2025-12-15 11:19:47 [DEBUG] __main__ - [fetch_laps] head:
   meeting_key  session_key  ...  st_speed  lap_duration_s
0         1234         9507  ...     302.0        2703.347
1         1234         9507  ...     305.0          94.026
2         1234         9507  ...     299.0          93.733
3         1234         9507  ...     305.0          93.595
4         1234         9507  ...     302.0          93.276

[5 rows x 17 columns]
2025-12-15 11:19:47 [INFO] __main__ - [build_driver_style_embedding_json] ref_driver=4, min_lap=1, max_lap=58
2025-12-15 11:19:47 [INFO] __main__ - [build_driver_style_embedding_json] phase_split plan =
2025-12-15 11:19:47 [INFO] __main__ -   opening: [1, 2, 3, 4, 5, 6, 7, 8, 9, 10, 11, 12, 13, 14, 15, 16, 17, 18, 19, 20]
2025-12-15 11:19:47 [INFO] __main__ -   middle : [21, 22, 23, 24, 25, 26, 27, 28, 29, 30, 31, 32, 33, 34, 35, 36, 37, 38, 39]
2025-12-15 11:19:47 [INFO] __main__ -   ending : [40, 41, 42, 43, 44, 45, 46, 47, 48, 49, 50, 51, 52, 53, 54, 55, 56, 57, 58]
2025-12-15 11:19:47 [INFO] __main__ - [build_driver_style_embedding_json] compute features for driver=4
2025-12-15 11:19:47 [DEBUG] __main__ - [get_openf1] GET https://api.openf1.org/v1/laps params={'session_key': 9507, 'driver_number': 4}
2025-12-15 11:19:48 [DEBUG] __main__ - [get_openf1] GET https://api.openf1.org/v1/sessions params={'session_key': 9507}
2025-12-15 11:19:48 [INFO] __main__ - [fetch_session_start] session_key=9507, date_start=2024-05-05 20:00:00+00:00
2025-12-15 11:19:48 [INFO] __main__ - [fetch_race_start_time] use first GREEN as race_start: 2024-05-05 19:20:00+00:00
2025-12-15 11:19:48 [INFO] __main__ - [fetch_laps] fill lap 1 date_start with race_start=2024-05-05 19:20:00+00:00
2025-12-15 11:19:48 [INFO] __main__ - [fetch_laps] driver=4, laps: min=1, max=58, count=58
2025-12-15 11:19:48 [DEBUG] __main__ - [fetch_laps] head:
   meeting_key  session_key  ...  st_speed  lap_duration_s
0         1234         9507  ...     302.0        2703.347
1         1234         9507  ...     305.0          94.026
2         1234         9507  ...     299.0          93.733
3         1234         9507  ...     305.0          93.595
4         1234         9507  ...     302.0          93.276

[5 rows x 17 columns]
2025-12-15 11:19:48 [DEBUG] __main__ - [build_lap_status_mapping] status_by_lap={1: 'GREEN', 2: 'GREEN', 3: 'GREEN', 4: 'GREEN', 5: 'GREEN', 6: 'GREEN', 7: 'GREEN', 8: 'GREEN', 9: 'GREEN', 10: 'GREEN', 11: 'GREEN', 12: 'GREEN', 13: 'GREEN', 14: 'GREEN', 15: 'GREEN', 16: 'GREEN', 17: 'GREEN', 18: 'GREEN', 19: 'GREEN', 20: 'GREEN', 21: 'GREEN', 22: 'GREEN', 23: 'VSC', 24: 'GREEN', 25: 'GREEN', 26: 'GREEN', 27: 'GREEN', 28: 'SC;YELLOW', 29: 'GREEN', 30: 'YELLOW', 31: 'GREEN', 32: 'SC', 33: 'GREEN', 34: 'GREEN', 35: 'GREEN', 36: 'GREEN', 37: 'GREEN', 38: 'GREEN', 39: 'GREEN', 40: 'GREEN', 41: 'GREEN', 42: 'GREEN', 43: 'GREEN', 44: 'GREEN', 45: 'SC', 46: 'GREEN', 47: 'GREEN', 48: 'GREEN', 49: 'GREEN', 50: 'GREEN', 51: 'GREEN', 52: 'GREEN', 53: 'GREEN', 54: 'GREEN', 55: 'GREEN', 56: 'GREEN', 57: 'GREEN', 58: 'RED_FLAG;CHEQUERED'}
2025-12-15 11:19:48 [INFO] __main__ - [compute_lap_features_for_driver] driver=4, typical_duration_s=92.064
2025-12-15 11:19:48 [INFO] __main__ - [compute_lap_features_for_driver] driver=4 lap=1 DROP (LONG_LAP_2703.3s), status=GREEN, duration=2703.3s
2025-12-15 11:19:48 [INFO] __main__ - [compute_lap_features_for_driver] driver=4 lap=2 KEEP, status=GREEN, duration=94.0s
2025-12-15 11:19:48 [DEBUG] __main__ - [get_openf1] GET https://api.openf1.org/v1/car_data params={'session_key': 9507, 'driver_number': 4, 'date>': '2024-05-05T20:05:03.347000+00:00', 'date<': '2024-05-05T20:06:37.373000+00:00'}
2025-12-15 11:19:49 [DEBUG] __main__ - [compute_lap_features_for_driver] driver=4 lap=2, car_data rows=353
2025-12-15 11:19:49 [INFO] __main__ - [compute_lap_features_for_driver] driver=4 lap=3 KEEP, status=GREEN, duration=93.7s
2025-12-15 11:19:49 [DEBUG] __main__ - [get_openf1] GET https://api.openf1.org/v1/car_data params={'session_key': 9507, 'driver_number': 4, 'date>': '2024-05-05T20:06:37.373000+00:00', 'date<': '2024-05-05T20:08:11.106000+00:00'}
2025-12-15 11:19:50 [DEBUG] __main__ - [compute_lap_features_for_driver] driver=4 lap=3, car_data rows=353
2025-12-15 11:19:50 [INFO] __main__ - [compute_lap_features_for_driver] driver=4 lap=4 KEEP, status=GREEN, duration=93.6s
2025-12-15 11:19:50 [DEBUG] __main__ - [get_openf1] GET https://api.openf1.org/v1/car_data params={'session_key': 9507, 'driver_number': 4, 'date>': '2024-05-05T20:08:11.106000+00:00', 'date<': '2024-05-05T20:09:44.701000+00:00'}
2025-12-15 11:19:51 [DEBUG] __main__ - [compute_lap_features_for_driver] driver=4 lap=4, car_data rows=364
2025-12-15 11:19:51 [INFO] __main__ - [compute_lap_features_for_driver] driver=4 lap=5 KEEP, status=GREEN, duration=93.3s
2025-12-15 11:19:51 [DEBUG] __main__ - [get_openf1] GET https://api.openf1.org/v1/car_data params={'session_key': 9507, 'driver_number': 4, 'date>': '2024-05-05T20:09:44.701000+00:00', 'date<': '2024-05-05T20:11:17.977000+00:00'}
2025-12-15 11:19:51 [DEBUG] __main__ - [compute_lap_features_for_driver] driver=4 lap=5, car_data rows=349
2025-12-15 11:19:51 [INFO] __main__ - [compute_lap_features_for_driver] driver=4 lap=6 KEEP, status=GREEN, duration=93.2s
2025-12-15 11:19:51 [DEBUG] __main__ - [get_openf1] GET https://api.openf1.org/v1/car_data params={'session_key': 9507, 'driver_number': 4, 'date>': '2024-05-05T20:11:17.977000+00:00', 'date<': '2024-05-05T20:12:51.171000+00:00'}
2025-12-15 11:19:52 [DEBUG] __main__ - [compute_lap_features_for_driver] driver=4 lap=6, car_data rows=348
2025-12-15 11:19:52 [INFO] __main__ - [compute_lap_features_for_driver] driver=4 lap=7 KEEP, status=GREEN, duration=93.1s
2025-12-15 11:19:52 [DEBUG] __main__ - [get_openf1] GET https://api.openf1.org/v1/car_data params={'session_key': 9507, 'driver_number': 4, 'date>': '2024-05-05T20:12:51.171000+00:00', 'date<': '2024-05-05T20:14:24.264000+00:00'}
2025-12-15 11:19:53 [DEBUG] __main__ - [compute_lap_features_for_driver] driver=4 lap=7, car_data rows=346
2025-12-15 11:19:53 [INFO] __main__ - [compute_lap_features_for_driver] driver=4 lap=8 KEEP, status=GREEN, duration=93.1s
2025-12-15 11:19:53 [DEBUG] __main__ - [get_openf1] GET https://api.openf1.org/v1/car_data params={'session_key': 9507, 'driver_number': 4, 'date>': '2024-05-05T20:14:24.264000+00:00', 'date<': '2024-05-05T20:15:57.352000+00:00'}
2025-12-15 11:19:54 [DEBUG] __main__ - [compute_lap_features_for_driver] driver=4 lap=8, car_data rows=345
2025-12-15 11:19:54 [INFO] __main__ - [compute_lap_features_for_driver] driver=4 lap=9 KEEP, status=GREEN, duration=93.5s
2025-12-15 11:19:54 [DEBUG] __main__ - [get_openf1] GET https://api.openf1.org/v1/car_data params={'session_key': 9507, 'driver_number': 4, 'date>': '2024-05-05T20:15:57.352000+00:00', 'date<': '2024-05-05T20:17:30.902000+00:00'}
2025-12-15 11:19:55 [DEBUG] __main__ - [compute_lap_features_for_driver] driver=4 lap=9, car_data rows=353
2025-12-15 11:19:55 [INFO] __main__ - [compute_lap_features_for_driver] driver=4 lap=10 KEEP, status=GREEN, duration=93.0s
2025-12-15 11:19:55 [DEBUG] __main__ - [get_openf1] GET https://api.openf1.org/v1/car_data params={'session_key': 9507, 'driver_number': 4, 'date>': '2024-05-05T20:17:30.902000+00:00', 'date<': '2024-05-05T20:19:03.944000+00:00'}
2025-12-15 11:19:55 [DEBUG] __main__ - [compute_lap_features_for_driver] driver=4 lap=10, car_data rows=348
2025-12-15 11:19:55 [INFO] __main__ - [compute_lap_features_for_driver] driver=4 lap=11 KEEP, status=GREEN, duration=93.5s
2025-12-15 11:19:55 [DEBUG] __main__ - [get_openf1] GET https://api.openf1.org/v1/car_data params={'session_key': 9507, 'driver_number': 4, 'date>': '2024-05-05T20:19:03.944000+00:00', 'date<': '2024-05-05T20:20:37.456000+00:00'}
2025-12-15 11:19:56 [DEBUG] __main__ - [compute_lap_features_for_driver] driver=4 lap=11, car_data rows=360
2025-12-15 11:19:56 [INFO] __main__ - [compute_lap_features_for_driver] driver=4 lap=12 KEEP, status=GREEN, duration=93.3s
2025-12-15 11:19:56 [DEBUG] __main__ - [get_openf1] GET https://api.openf1.org/v1/car_data params={'session_key': 9507, 'driver_number': 4, 'date>': '2024-05-05T20:20:37.456000+00:00', 'date<': '2024-05-05T20:22:10.766000+00:00'}
2025-12-15 11:19:57 [DEBUG] __main__ - [compute_lap_features_for_driver] driver=4 lap=12, car_data rows=356
2025-12-15 11:19:57 [INFO] __main__ - [compute_lap_features_for_driver] driver=4 lap=13 KEEP, status=GREEN, duration=93.6s
2025-12-15 11:19:57 [DEBUG] __main__ - [get_openf1] GET https://api.openf1.org/v1/car_data params={'session_key': 9507, 'driver_number': 4, 'date>': '2024-05-05T20:22:10.766000+00:00', 'date<': '2024-05-05T20:23:44.370000+00:00'}
2025-12-15 11:19:57 [DEBUG] __main__ - [compute_lap_features_for_driver] driver=4 lap=13, car_data rows=355
2025-12-15 11:19:57 [INFO] __main__ - [compute_lap_features_for_driver] driver=4 lap=14 KEEP, status=GREEN, duration=93.7s
2025-12-15 11:19:57 [DEBUG] __main__ - [get_openf1] GET https://api.openf1.org/v1/car_data params={'session_key': 9507, 'driver_number': 4, 'date>': '2024-05-05T20:23:44.370000+00:00', 'date<': '2024-05-05T20:25:18.074000+00:00'}
2025-12-15 11:19:58 [DEBUG] __main__ - [compute_lap_features_for_driver] driver=4 lap=14, car_data rows=355
2025-12-15 11:19:58 [INFO] __main__ - [compute_lap_features_for_driver] driver=4 lap=15 KEEP, status=GREEN, duration=93.6s
2025-12-15 11:19:58 [DEBUG] __main__ - [get_openf1] GET https://api.openf1.org/v1/car_data params={'session_key': 9507, 'driver_number': 4, 'date>': '2024-05-05T20:25:18.074000+00:00', 'date<': '2024-05-05T20:26:51.651000+00:00'}
2025-12-15 11:19:59 [DEBUG] __main__ - [compute_lap_features_for_driver] driver=4 lap=15, car_data rows=365
2025-12-15 11:19:59 [INFO] __main__ - [compute_lap_features_for_driver] driver=4 lap=16 KEEP, status=GREEN, duration=93.1s
2025-12-15 11:19:59 [DEBUG] __main__ - [get_openf1] GET https://api.openf1.org/v1/car_data params={'session_key': 9507, 'driver_number': 4, 'date>': '2024-05-05T20:26:51.651000+00:00', 'date<': '2024-05-05T20:28:24.739000+00:00'}
2025-12-15 11:19:59 [DEBUG] __main__ - [compute_lap_features_for_driver] driver=4 lap=16, car_data rows=359
2025-12-15 11:19:59 [INFO] __main__ - [compute_lap_features_for_driver] driver=4 lap=17 KEEP, status=GREEN, duration=93.4s
2025-12-15 11:19:59 [DEBUG] __main__ - [get_openf1] GET https://api.openf1.org/v1/car_data params={'session_key': 9507, 'driver_number': 4, 'date>': '2024-05-05T20:28:24.739000+00:00', 'date<': '2024-05-05T20:29:58.142000+00:00'}
2025-12-15 11:20:00 [DEBUG] __main__ - [compute_lap_features_for_driver] driver=4 lap=17, car_data rows=370
2025-12-15 11:20:00 [INFO] __main__ - [compute_lap_features_for_driver] driver=4 lap=18 KEEP, status=GREEN, duration=93.2s
2025-12-15 11:20:00 [DEBUG] __main__ - [get_openf1] GET https://api.openf1.org/v1/car_data params={'session_key': 9507, 'driver_number': 4, 'date>': '2024-05-05T20:29:58.142000+00:00', 'date<': '2024-05-05T20:31:31.352000+00:00'}
2025-12-15 11:20:01 [DEBUG] __main__ - [compute_lap_features_for_driver] driver=4 lap=18, car_data rows=358
2025-12-15 11:20:01 [INFO] __main__ - [compute_lap_features_for_driver] driver=4 lap=19 KEEP, status=GREEN, duration=92.6s
2025-12-15 11:20:01 [DEBUG] __main__ - [get_openf1] GET https://api.openf1.org/v1/car_data params={'session_key': 9507, 'driver_number': 4, 'date>': '2024-05-05T20:31:31.352000+00:00', 'date<': '2024-05-05T20:33:03.911000+00:00'}
2025-12-15 11:20:01 [DEBUG] __main__ - [compute_lap_features_for_driver] driver=4 lap=19, car_data rows=350
2025-12-15 11:20:01 [INFO] __main__ - [compute_lap_features_for_driver] driver=4 lap=20 KEEP, status=GREEN, duration=92.3s
2025-12-15 11:20:01 [DEBUG] __main__ - [get_openf1] GET https://api.openf1.org/v1/car_data params={'session_key': 9507, 'driver_number': 4, 'date>': '2024-05-05T20:33:03.911000+00:00', 'date<': '2024-05-05T20:34:36.250000+00:00'}
2025-12-15 11:20:02 [DEBUG] __main__ - [compute_lap_features_for_driver] driver=4 lap=20, car_data rows=346
2025-12-15 11:20:02 [INFO] __main__ - [compute_lap_features_for_driver] driver=4 lap=21 KEEP, status=GREEN, duration=92.4s
2025-12-15 11:20:02 [DEBUG] __main__ - [get_openf1] GET https://api.openf1.org/v1/car_data params={'session_key': 9507, 'driver_number': 4, 'date>': '2024-05-05T20:34:36.250000+00:00', 'date<': '2024-05-05T20:36:08.612000+00:00'}
2025-12-15 11:20:03 [DEBUG] __main__ - [compute_lap_features_for_driver] driver=4 lap=21, car_data rows=355
2025-12-15 11:20:03 [INFO] __main__ - [compute_lap_features_for_driver] driver=4 lap=22 KEEP, status=GREEN, duration=92.5s
2025-12-15 11:20:03 [DEBUG] __main__ - [get_openf1] GET https://api.openf1.org/v1/car_data params={'session_key': 9507, 'driver_number': 4, 'date>': '2024-05-05T20:36:08.612000+00:00', 'date<': '2024-05-05T20:37:41.150000+00:00'}
2025-12-15 11:20:03 [DEBUG] __main__ - [compute_lap_features_for_driver] driver=4 lap=22, car_data rows=346
2025-12-15 11:20:03 [INFO] __main__ - [compute_lap_features_for_driver] driver=4 lap=23 DROP (VSC_LAP), status=VSC, duration=106.8s
2025-12-15 11:20:03 [INFO] __main__ - [compute_lap_features_for_driver] driver=4 lap=24 KEEP, status=GREEN, duration=92.0s
2025-12-15 11:20:03 [DEBUG] __main__ - [get_openf1] GET https://api.openf1.org/v1/car_data params={'session_key': 9507, 'driver_number': 4, 'date>': '2024-05-05T20:39:27.964000+00:00', 'date<': '2024-05-05T20:40:59.960000+00:00'}
2025-12-15 11:20:04 [DEBUG] __main__ - [compute_lap_features_for_driver] driver=4 lap=24, car_data rows=352
2025-12-15 11:20:04 [INFO] __main__ - [compute_lap_features_for_driver] driver=4 lap=25 KEEP, status=GREEN, duration=92.2s
2025-12-15 11:20:04 [DEBUG] __main__ - [get_openf1] GET https://api.openf1.org/v1/car_data params={'session_key': 9507, 'driver_number': 4, 'date>': '2024-05-05T20:40:59.960000+00:00', 'date<': '2024-05-05T20:42:32.205000+00:00'}
2025-12-15 11:20:05 [DEBUG] __main__ - [compute_lap_features_for_driver] driver=4 lap=25, car_data rows=348
2025-12-15 11:20:05 [INFO] __main__ - [compute_lap_features_for_driver] driver=4 lap=26 KEEP, status=GREEN, duration=92.2s
2025-12-15 11:20:05 [DEBUG] __main__ - [get_openf1] GET https://api.openf1.org/v1/car_data params={'session_key': 9507, 'driver_number': 4, 'date>': '2024-05-05T20:42:32.205000+00:00', 'date<': '2024-05-05T20:44:04.390000+00:00'}
2025-12-15 11:20:05 [DEBUG] __main__ - [compute_lap_features_for_driver] driver=4 lap=26, car_data rows=334
2025-12-15 11:20:05 [INFO] __main__ - [compute_lap_features_for_driver] driver=4 lap=27 KEEP, status=GREEN, duration=92.0s
2025-12-15 11:20:05 [DEBUG] __main__ - [get_openf1] GET https://api.openf1.org/v1/car_data params={'session_key': 9507, 'driver_number': 4, 'date>': '2024-05-05T20:44:04.390000+00:00', 'date<': '2024-05-05T20:45:36.436000+00:00'}
2025-12-15 11:20:06 [DEBUG] __main__ - [compute_lap_features_for_driver] driver=4 lap=27, car_data rows=351
2025-12-15 11:20:06 [INFO] __main__ - [compute_lap_features_for_driver] driver=4 lap=28 DROP (SC_LAP), status=SC;YELLOW, duration=92.1s
2025-12-15 11:20:06 [INFO] __main__ - [compute_lap_features_for_driver] driver=4 lap=29 KEEP, status=GREEN, duration=133.3s
2025-12-15 11:20:06 [DEBUG] __main__ - [get_openf1] GET https://api.openf1.org/v1/car_data params={'session_key': 9507, 'driver_number': 4, 'date>': '2024-05-05T20:47:08.500000+00:00', 'date<': '2024-05-05T20:49:21.836000+00:00'}
2025-12-15 11:20:07 [DEBUG] __main__ - [compute_lap_features_for_driver] driver=4 lap=29, car_data rows=514
2025-12-15 11:20:07 [INFO] __main__ - [compute_lap_features_for_driver] driver=4 lap=30 DROP (YELLOW_FLAG_LAP), status=YELLOW, duration=138.1s
2025-12-15 11:20:07 [INFO] __main__ - [compute_lap_features_for_driver] driver=4 lap=31 KEEP, status=GREEN, duration=117.5s
2025-12-15 11:20:07 [DEBUG] __main__ - [get_openf1] GET https://api.openf1.org/v1/car_data params={'session_key': 9507, 'driver_number': 4, 'date>': '2024-05-05T20:51:39.917000+00:00', 'date<': '2024-05-05T20:53:37.430000+00:00'}
2025-12-15 11:20:08 [DEBUG] __main__ - [compute_lap_features_for_driver] driver=4 lap=31, car_data rows=452
2025-12-15 11:20:08 [INFO] __main__ - [compute_lap_features_for_driver] driver=4 lap=32 DROP (SC_LAP), status=SC, duration=156.5s
2025-12-15 11:20:08 [INFO] __main__ - [compute_lap_features_for_driver] driver=4 lap=33 KEEP, status=GREEN, duration=91.3s
2025-12-15 11:20:08 [DEBUG] __main__ - [get_openf1] GET https://api.openf1.org/v1/car_data params={'session_key': 9507, 'driver_number': 4, 'date>': '2024-05-05T20:56:13.961000+00:00', 'date<': '2024-05-05T20:57:45.245000+00:00'}
2025-12-15 11:20:08 [DEBUG] __main__ - [compute_lap_features_for_driver] driver=4 lap=33, car_data rows=340
2025-12-15 11:20:08 [INFO] __main__ - [compute_lap_features_for_driver] driver=4 lap=34 KEEP, status=GREEN, duration=91.3s
2025-12-15 11:20:08 [DEBUG] __main__ - [get_openf1] GET https://api.openf1.org/v1/car_data params={'session_key': 9507, 'driver_number': 4, 'date>': '2024-05-05T20:57:45.245000+00:00', 'date<': '2024-05-05T20:59:16.539000+00:00'}
2025-12-15 11:20:09 [DEBUG] __main__ - [compute_lap_features_for_driver] driver=4 lap=34, car_data rows=342
2025-12-15 11:20:09 [INFO] __main__ - [compute_lap_features_for_driver] driver=4 lap=35 KEEP, status=GREEN, duration=91.5s
2025-12-15 11:20:09 [DEBUG] __main__ - [get_openf1] GET https://api.openf1.org/v1/car_data params={'session_key': 9507, 'driver_number': 4, 'date>': '2024-05-05T20:59:16.539000+00:00', 'date<': '2024-05-05T21:00:48.008000+00:00'}
2025-12-15 11:20:09 [DEBUG] __main__ - [compute_lap_features_for_driver] driver=4 lap=35, car_data rows=354
2025-12-15 11:20:09 [INFO] __main__ - [compute_lap_features_for_driver] driver=4 lap=36 KEEP, status=GREEN, duration=91.1s
2025-12-15 11:20:09 [DEBUG] __main__ - [get_openf1] GET https://api.openf1.org/v1/car_data params={'session_key': 9507, 'driver_number': 4, 'date>': '2024-05-05T21:00:48.008000+00:00', 'date<': '2024-05-05T21:02:19.084000+00:00'}
2025-12-15 11:20:10 [DEBUG] __main__ - [compute_lap_features_for_driver] driver=4 lap=36, car_data rows=347
2025-12-15 11:20:10 [INFO] __main__ - [compute_lap_features_for_driver] driver=4 lap=37 KEEP, status=GREEN, duration=91.0s
2025-12-15 11:20:10 [DEBUG] __main__ - [get_openf1] GET https://api.openf1.org/v1/car_data params={'session_key': 9507, 'driver_number': 4, 'date>': '2024-05-05T21:02:19.084000+00:00', 'date<': '2024-05-05T21:03:50.079000+00:00'}
2025-12-15 11:20:11 [DEBUG] __main__ - [compute_lap_features_for_driver] driver=4 lap=37, car_data rows=331
2025-12-15 11:20:11 [INFO] __main__ - [compute_lap_features_for_driver] driver=4 lap=38 KEEP, status=GREEN, duration=91.2s
2025-12-15 11:20:11 [DEBUG] __main__ - [get_openf1] GET https://api.openf1.org/v1/car_data params={'session_key': 9507, 'driver_number': 4, 'date>': '2024-05-05T21:03:50.079000+00:00', 'date<': '2024-05-05T21:05:21.317000+00:00'}
2025-12-15 11:20:12 [DEBUG] __main__ - [compute_lap_features_for_driver] driver=4 lap=38, car_data rows=354
2025-12-15 11:20:12 [INFO] __main__ - [compute_lap_features_for_driver] driver=4 lap=39 KEEP, status=GREEN, duration=91.1s
2025-12-15 11:20:12 [DEBUG] __main__ - [get_openf1] GET https://api.openf1.org/v1/car_data params={'session_key': 9507, 'driver_number': 4, 'date>': '2024-05-05T21:05:21.317000+00:00', 'date<': '2024-05-05T21:06:52.372000+00:00'}
2025-12-15 11:20:12 [DEBUG] __main__ - [compute_lap_features_for_driver] driver=4 lap=39, car_data rows=338
2025-12-15 11:20:12 [INFO] __main__ - [compute_lap_features_for_driver] driver=4 lap=40 KEEP, status=GREEN, duration=91.3s
2025-12-15 11:20:12 [DEBUG] __main__ - [get_openf1] GET https://api.openf1.org/v1/car_data params={'session_key': 9507, 'driver_number': 4, 'date>': '2024-05-05T21:06:52.372000+00:00', 'date<': '2024-05-05T21:08:23.649000+00:00'}
2025-12-15 11:20:13 [DEBUG] __main__ - [compute_lap_features_for_driver] driver=4 lap=40, car_data rows=345
2025-12-15 11:20:13 [INFO] __main__ - [compute_lap_features_for_driver] driver=4 lap=41 KEEP, status=GREEN, duration=91.1s
2025-12-15 11:20:13 [DEBUG] __main__ - [get_openf1] GET https://api.openf1.org/v1/car_data params={'session_key': 9507, 'driver_number': 4, 'date>': '2024-05-05T21:08:23.649000+00:00', 'date<': '2024-05-05T21:09:54.738000+00:00'}
2025-12-15 11:20:14 [DEBUG] __main__ - [compute_lap_features_for_driver] driver=4 lap=41, car_data rows=342
2025-12-15 11:20:14 [INFO] __main__ - [compute_lap_features_for_driver] driver=4 lap=42 KEEP, status=GREEN, duration=91.4s
2025-12-15 11:20:14 [DEBUG] __main__ - [get_openf1] GET https://api.openf1.org/v1/car_data params={'session_key': 9507, 'driver_number': 4, 'date>': '2024-05-05T21:09:54.738000+00:00', 'date<': '2024-05-05T21:11:26.124000+00:00'}
2025-12-15 11:20:14 [DEBUG] __main__ - [compute_lap_features_for_driver] driver=4 lap=42, car_data rows=346
2025-12-15 11:20:14 [INFO] __main__ - [compute_lap_features_for_driver] driver=4 lap=43 KEEP, status=GREEN, duration=91.0s
2025-12-15 11:20:14 [DEBUG] __main__ - [get_openf1] GET https://api.openf1.org/v1/car_data params={'session_key': 9507, 'driver_number': 4, 'date>': '2024-05-05T21:11:26.124000+00:00', 'date<': '2024-05-05T21:12:57.126000+00:00'}
2025-12-15 11:20:15 [DEBUG] __main__ - [compute_lap_features_for_driver] driver=4 lap=43, car_data rows=344
2025-12-15 11:20:15 [INFO] __main__ - [compute_lap_features_for_driver] driver=4 lap=44 KEEP, status=GREEN, duration=91.3s
2025-12-15 11:20:15 [DEBUG] __main__ - [get_openf1] GET https://api.openf1.org/v1/car_data params={'session_key': 9507, 'driver_number': 4, 'date>': '2024-05-05T21:12:57.126000+00:00', 'date<': '2024-05-05T21:14:28.386000+00:00'}
2025-12-15 11:20:15 [DEBUG] __main__ - [compute_lap_features_for_driver] driver=4 lap=44, car_data rows=327
2025-12-15 11:20:15 [INFO] __main__ - [compute_lap_features_for_driver] driver=4 lap=45 DROP (SC_LAP), status=SC, duration=91.2s
2025-12-15 11:20:15 [INFO] __main__ - [compute_lap_features_for_driver] driver=4 lap=46 KEEP, status=GREEN, duration=91.3s
2025-12-15 11:20:15 [DEBUG] __main__ - [get_openf1] GET https://api.openf1.org/v1/car_data params={'session_key': 9507, 'driver_number': 4, 'date>': '2024-05-05T21:15:59.559000+00:00', 'date<': '2024-05-05T21:17:30.838000+00:00'}
2025-12-15 11:20:16 [DEBUG] __main__ - [compute_lap_features_for_driver] driver=4 lap=46, car_data rows=344
2025-12-15 11:20:16 [INFO] __main__ - [compute_lap_features_for_driver] driver=4 lap=47 KEEP, status=GREEN, duration=91.3s
2025-12-15 11:20:16 [DEBUG] __main__ - [get_openf1] GET https://api.openf1.org/v1/car_data params={'session_key': 9507, 'driver_number': 4, 'date>': '2024-05-05T21:17:30.838000+00:00', 'date<': '2024-05-05T21:19:02.152000+00:00'}
2025-12-15 11:20:17 [DEBUG] __main__ - [compute_lap_features_for_driver] driver=4 lap=47, car_data rows=347
2025-12-15 11:20:17 [INFO] __main__ - [compute_lap_features_for_driver] driver=4 lap=48 KEEP, status=GREEN, duration=91.2s
2025-12-15 11:20:17 [DEBUG] __main__ - [get_openf1] GET https://api.openf1.org/v1/car_data params={'session_key': 9507, 'driver_number': 4, 'date>': '2024-05-05T21:19:02.152000+00:00', 'date<': '2024-05-05T21:20:33.315000+00:00'}
2025-12-15 11:20:17 [DEBUG] __main__ - [compute_lap_features_for_driver] driver=4 lap=48, car_data rows=359
2025-12-15 11:20:17 [INFO] __main__ - [compute_lap_features_for_driver] driver=4 lap=49 KEEP, status=GREEN, duration=91.1s
2025-12-15 11:20:17 [DEBUG] __main__ - [get_openf1] GET https://api.openf1.org/v1/car_data params={'session_key': 9507, 'driver_number': 4, 'date>': '2024-05-05T21:20:33.315000+00:00', 'date<': '2024-05-05T21:22:04.409000+00:00'}
2025-12-15 11:20:18 [DEBUG] __main__ - [compute_lap_features_for_driver] driver=4 lap=49, car_data rows=341
2025-12-15 11:20:18 [INFO] __main__ - [compute_lap_features_for_driver] driver=4 lap=50 KEEP, status=GREEN, duration=91.3s
2025-12-15 11:20:18 [DEBUG] __main__ - [get_openf1] GET https://api.openf1.org/v1/car_data params={'session_key': 9507, 'driver_number': 4, 'date>': '2024-05-05T21:22:04.409000+00:00', 'date<': '2024-05-05T21:23:35.711000+00:00'}
2025-12-15 11:20:19 [DEBUG] __main__ - [compute_lap_features_for_driver] driver=4 lap=50, car_data rows=349
2025-12-15 11:20:19 [INFO] __main__ - [compute_lap_features_for_driver] driver=4 lap=51 KEEP, status=GREEN, duration=91.1s
2025-12-15 11:20:19 [DEBUG] __main__ - [get_openf1] GET https://api.openf1.org/v1/car_data params={'session_key': 9507, 'driver_number': 4, 'date>': '2024-05-05T21:23:35.711000+00:00', 'date<': '2024-05-05T21:25:06.840000+00:00'}
2025-12-15 11:20:19 [DEBUG] __main__ - [compute_lap_features_for_driver] driver=4 lap=51, car_data rows=361
2025-12-15 11:20:19 [INFO] __main__ - [compute_lap_features_for_driver] driver=4 lap=52 KEEP, status=GREEN, duration=91.2s
2025-12-15 11:20:19 [DEBUG] __main__ - [get_openf1] GET https://api.openf1.org/v1/car_data params={'session_key': 9507, 'driver_number': 4, 'date>': '2024-05-05T21:25:06.840000+00:00', 'date<': '2024-05-05T21:26:38.055000+00:00'}
2025-12-15 11:20:20 [DEBUG] __main__ - [compute_lap_features_for_driver] driver=4 lap=52, car_data rows=343
2025-12-15 11:20:20 [INFO] __main__ - [compute_lap_features_for_driver] driver=4 lap=53 KEEP, status=GREEN, duration=91.2s
2025-12-15 11:20:20 [DEBUG] __main__ - [get_openf1] GET https://api.openf1.org/v1/car_data params={'session_key': 9507, 'driver_number': 4, 'date>': '2024-05-05T21:26:38.055000+00:00', 'date<': '2024-05-05T21:28:09.279000+00:00'}
2025-12-15 11:20:20 [DEBUG] __main__ - [compute_lap_features_for_driver] driver=4 lap=53, car_data rows=340
2025-12-15 11:20:20 [INFO] __main__ - [compute_lap_features_for_driver] driver=4 lap=54 KEEP, status=GREEN, duration=91.2s
2025-12-15 11:20:20 [DEBUG] __main__ - [get_openf1] GET https://api.openf1.org/v1/car_data params={'session_key': 9507, 'driver_number': 4, 'date>': '2024-05-05T21:28:09.279000+00:00', 'date<': '2024-05-05T21:29:40.487000+00:00'}
2025-12-15 11:20:21 [DEBUG] __main__ - [compute_lap_features_for_driver] driver=4 lap=54, car_data rows=341
2025-12-15 11:20:21 [INFO] __main__ - [compute_lap_features_for_driver] driver=4 lap=55 KEEP, status=GREEN, duration=91.0s
2025-12-15 11:20:21 [DEBUG] __main__ - [get_openf1] GET https://api.openf1.org/v1/car_data params={'session_key': 9507, 'driver_number': 4, 'date>': '2024-05-05T21:29:40.487000+00:00', 'date<': '2024-05-05T21:31:11.509000+00:00'}
2025-12-15 11:20:22 [DEBUG] __main__ - [compute_lap_features_for_driver] driver=4 lap=55, car_data rows=342
2025-12-15 11:20:22 [INFO] __main__ - [compute_lap_features_for_driver] driver=4 lap=56 KEEP, status=GREEN, duration=91.1s
2025-12-15 11:20:22 [DEBUG] __main__ - [get_openf1] GET https://api.openf1.org/v1/car_data params={'session_key': 9507, 'driver_number': 4, 'date>': '2024-05-05T21:31:11.509000+00:00', 'date<': '2024-05-05T21:32:42.598000+00:00'}
2025-12-15 11:20:22 [DEBUG] __main__ - [compute_lap_features_for_driver] driver=4 lap=56, car_data rows=352
2025-12-15 11:20:22 [INFO] __main__ - [compute_lap_features_for_driver] driver=4 lap=57 KEEP, status=GREEN, duration=91.7s
2025-12-15 11:20:22 [DEBUG] __main__ - [get_openf1] GET https://api.openf1.org/v1/car_data params={'session_key': 9507, 'driver_number': 4, 'date>': '2024-05-05T21:32:42.598000+00:00', 'date<': '2024-05-05T21:34:14.328000+00:00'}
2025-12-15 11:20:23 [DEBUG] __main__ - [compute_lap_features_for_driver] driver=4 lap=57, car_data rows=342
2025-12-15 11:20:23 [INFO] __main__ - [compute_lap_features_for_driver] driver=4 lap=58 DROP (CHEQUERED_FLAG_LAP), status=RED_FLAG;CHEQUERED, duration=nans
2025-12-15 11:20:23 [INFO] __main__ - [compute_lap_features_for_driver] driver=4, feature laps=[2, 3, 4, 5, 6, 7, 8, 9, 10, 11, 12, 13, 14, 15, 16, 17, 18, 19, 20, 21, 22, 24, 25, 26, 27, 29, 31, 33, 34, 35, 36, 37, 38, 39, 40, 41, 42, 43, 44, 46, 47, 48, 49, 50, 51, 52, 53, 54, 55, 56, 57]
2025-12-15 11:20:23 [INFO] __main__ - [build_driver_style_embedding_json] compute features for driver=81
2025-12-15 11:20:23 [DEBUG] __main__ - [get_openf1] GET https://api.openf1.org/v1/laps params={'session_key': 9507, 'driver_number': 81}
2025-12-15 11:20:24 [DEBUG] __main__ - [get_openf1] GET https://api.openf1.org/v1/sessions params={'session_key': 9507}
2025-12-15 11:20:24 [INFO] __main__ - [fetch_session_start] session_key=9507, date_start=2024-05-05 20:00:00+00:00
2025-12-15 11:20:24 [INFO] __main__ - [fetch_race_start_time] use first GREEN as race_start: 2024-05-05 19:20:00+00:00
2025-12-15 11:20:24 [INFO] __main__ - [fetch_laps] fill lap 1 date_start with race_start=2024-05-05 19:20:00+00:00
2025-12-15 11:20:24 [INFO] __main__ - [fetch_laps] driver=81, laps: min=1, max=57, count=57
2025-12-15 11:20:24 [DEBUG] __main__ - [fetch_laps] head:
   meeting_key  session_key  ...  st_speed  lap_duration_s
0         1234         9507  ...       308        2701.011
1         1234         9507  ...       319          92.994
2         1234         9507  ...       323          93.010
3         1234         9507  ...       328          93.078
4         1234         9507  ...       306          93.414

[5 rows x 17 columns]
2025-12-15 11:20:24 [DEBUG] __main__ - [build_lap_status_mapping] status_by_lap={1: 'GREEN', 2: 'GREEN', 3: 'GREEN', 4: 'GREEN', 5: 'GREEN', 6: 'GREEN', 7: 'GREEN', 8: 'GREEN', 9: 'GREEN', 10: 'GREEN', 11: 'GREEN', 12: 'GREEN', 13: 'GREEN', 14: 'GREEN', 15: 'GREEN', 16: 'GREEN', 17: 'GREEN', 18: 'GREEN', 19: 'GREEN', 20: 'GREEN', 21: 'GREEN', 22: 'GREEN', 23: 'VSC', 24: 'GREEN', 25: 'GREEN', 26: 'GREEN', 27: 'GREEN', 28: 'SC;YELLOW', 29: 'GREEN', 30: 'YELLOW', 31: 'GREEN', 32: 'SC', 33: 'GREEN', 34: 'GREEN', 35: 'GREEN', 36: 'GREEN', 37: 'GREEN', 38: 'GREEN', 39: 'GREEN', 40: 'GREEN', 41: 'GREEN', 42: 'GREEN', 43: 'GREEN', 44: 'GREEN', 45: 'SC', 46: 'GREEN', 47: 'GREEN', 48: 'GREEN', 49: 'GREEN', 50: 'GREEN', 51: 'GREEN', 52: 'GREEN', 53: 'GREEN', 54: 'GREEN', 55: 'GREEN', 56: 'GREEN', 57: 'RED_FLAG;CHEQUERED'}
2025-12-15 11:20:24 [INFO] __main__ - [compute_lap_features_for_driver] driver=81, typical_duration_s=92.785
2025-12-15 11:20:24 [INFO] __main__ - [compute_lap_features_for_driver] driver=81 lap=1 DROP (LONG_LAP_2701.0s), status=GREEN, duration=2701.0s
2025-12-15 11:20:24 [INFO] __main__ - [compute_lap_features_for_driver] driver=81 lap=2 KEEP, status=GREEN, duration=93.0s
2025-12-15 11:20:24 [DEBUG] __main__ - [get_openf1] GET https://api.openf1.org/v1/car_data params={'session_key': 9507, 'driver_number': 81, 'date>': '2024-05-05T20:05:01.011000+00:00', 'date<': '2024-05-05T20:06:34.005000+00:00'}
2025-12-15 11:20:25 [DEBUG] __main__ - [compute_lap_features_for_driver] driver=81 lap=2, car_data rows=349
2025-12-15 11:20:25 [INFO] __main__ - [compute_lap_features_for_driver] driver=81 lap=3 KEEP, status=GREEN, duration=93.0s
2025-12-15 11:20:25 [DEBUG] __main__ - [get_openf1] GET https://api.openf1.org/v1/car_data params={'session_key': 9507, 'driver_number': 81, 'date>': '2024-05-05T20:06:34.005000+00:00', 'date<': '2024-05-05T20:08:07.015000+00:00'}
2025-12-15 11:20:26 [DEBUG] __main__ - [compute_lap_features_for_driver] driver=81 lap=3, car_data rows=353
2025-12-15 11:20:26 [INFO] __main__ - [compute_lap_features_for_driver] driver=81 lap=4 KEEP, status=GREEN, duration=93.1s
2025-12-15 11:20:26 [DEBUG] __main__ - [get_openf1] GET https://api.openf1.org/v1/car_data params={'session_key': 9507, 'driver_number': 81, 'date>': '2024-05-05T20:08:07.015000+00:00', 'date<': '2024-05-05T20:09:40.093000+00:00'}
2025-12-15 11:20:27 [DEBUG] __main__ - [compute_lap_features_for_driver] driver=81 lap=4, car_data rows=361
2025-12-15 11:20:27 [INFO] __main__ - [compute_lap_features_for_driver] driver=81 lap=5 KEEP, status=GREEN, duration=93.4s
2025-12-15 11:20:27 [DEBUG] __main__ - [get_openf1] GET https://api.openf1.org/v1/car_data params={'session_key': 9507, 'driver_number': 81, 'date>': '2024-05-05T20:09:40.093000+00:00', 'date<': '2024-05-05T20:11:13.507000+00:00'}
2025-12-15 11:20:27 [DEBUG] __main__ - [compute_lap_features_for_driver] driver=81 lap=5, car_data rows=349
2025-12-15 11:20:27 [INFO] __main__ - [compute_lap_features_for_driver] driver=81 lap=6 KEEP, status=GREEN, duration=93.2s
2025-12-15 11:20:27 [DEBUG] __main__ - [get_openf1] GET https://api.openf1.org/v1/car_data params={'session_key': 9507, 'driver_number': 81, 'date>': '2024-05-05T20:11:13.507000+00:00', 'date<': '2024-05-05T20:12:46.694000+00:00'}
2025-12-15 11:20:28 [DEBUG] __main__ - [compute_lap_features_for_driver] driver=81 lap=6, car_data rows=346
2025-12-15 11:20:28 [INFO] __main__ - [compute_lap_features_for_driver] driver=81 lap=7 KEEP, status=GREEN, duration=93.0s
2025-12-15 11:20:28 [DEBUG] __main__ - [get_openf1] GET https://api.openf1.org/v1/car_data params={'session_key': 9507, 'driver_number': 81, 'date>': '2024-05-05T20:12:46.694000+00:00', 'date<': '2024-05-05T20:14:19.645000+00:00'}
2025-12-15 11:20:29 [DEBUG] __main__ - [compute_lap_features_for_driver] driver=81 lap=7, car_data rows=345
2025-12-15 11:20:29 [INFO] __main__ - [compute_lap_features_for_driver] driver=81 lap=8 KEEP, status=GREEN, duration=93.1s
2025-12-15 11:20:29 [DEBUG] __main__ - [get_openf1] GET https://api.openf1.org/v1/car_data params={'session_key': 9507, 'driver_number': 81, 'date>': '2024-05-05T20:14:19.645000+00:00', 'date<': '2024-05-05T20:15:52.740000+00:00'}
2025-12-15 11:20:30 [DEBUG] __main__ - [compute_lap_features_for_driver] driver=81 lap=8, car_data rows=347
2025-12-15 11:20:30 [INFO] __main__ - [compute_lap_features_for_driver] driver=81 lap=9 KEEP, status=GREEN, duration=93.1s
2025-12-15 11:20:30 [DEBUG] __main__ - [get_openf1] GET https://api.openf1.org/v1/car_data params={'session_key': 9507, 'driver_number': 81, 'date>': '2024-05-05T20:15:52.740000+00:00', 'date<': '2024-05-05T20:17:25.832000+00:00'}
2025-12-15 11:20:31 [DEBUG] __main__ - [compute_lap_features_for_driver] driver=81 lap=9, car_data rows=350
2025-12-15 11:20:31 [INFO] __main__ - [compute_lap_features_for_driver] driver=81 lap=10 KEEP, status=GREEN, duration=93.7s
2025-12-15 11:20:31 [DEBUG] __main__ - [get_openf1] GET https://api.openf1.org/v1/car_data params={'session_key': 9507, 'driver_number': 81, 'date>': '2024-05-05T20:17:25.832000+00:00', 'date<': '2024-05-05T20:18:59.488000+00:00'}
2025-12-15 11:20:32 [DEBUG] __main__ - [compute_lap_features_for_driver] driver=81 lap=10, car_data rows=349
2025-12-15 11:20:32 [INFO] __main__ - [compute_lap_features_for_driver] driver=81 lap=11 KEEP, status=GREEN, duration=93.5s
2025-12-15 11:20:32 [DEBUG] __main__ - [get_openf1] GET https://api.openf1.org/v1/car_data params={'session_key': 9507, 'driver_number': 81, 'date>': '2024-05-05T20:18:59.488000+00:00', 'date<': '2024-05-05T20:20:32.993000+00:00'}
2025-12-15 11:20:33 [DEBUG] __main__ - [compute_lap_features_for_driver] driver=81 lap=11, car_data rows=358
2025-12-15 11:20:33 [INFO] __main__ - [compute_lap_features_for_driver] driver=81 lap=12 KEEP, status=GREEN, duration=92.9s
2025-12-15 11:20:33 [DEBUG] __main__ - [get_openf1] GET https://api.openf1.org/v1/car_data params={'session_key': 9507, 'driver_number': 81, 'date>': '2024-05-05T20:20:32.993000+00:00', 'date<': '2024-05-05T20:22:05.852000+00:00'}
2025-12-15 11:20:34 [DEBUG] __main__ - [compute_lap_features_for_driver] driver=81 lap=12, car_data rows=356
2025-12-15 11:20:34 [INFO] __main__ - [compute_lap_features_for_driver] driver=81 lap=13 KEEP, status=GREEN, duration=93.1s
2025-12-15 11:20:34 [DEBUG] __main__ - [get_openf1] GET https://api.openf1.org/v1/car_data params={'session_key': 9507, 'driver_number': 81, 'date>': '2024-05-05T20:22:05.852000+00:00', 'date<': '2024-05-05T20:23:38.930000+00:00'}
2025-12-15 11:20:34 [DEBUG] __main__ - [compute_lap_features_for_driver] driver=81 lap=13, car_data rows=357
2025-12-15 11:20:34 [INFO] __main__ - [compute_lap_features_for_driver] driver=81 lap=14 KEEP, status=GREEN, duration=93.1s
2025-12-15 11:20:34 [DEBUG] __main__ - [get_openf1] GET https://api.openf1.org/v1/car_data params={'session_key': 9507, 'driver_number': 81, 'date>': '2024-05-05T20:23:38.930000+00:00', 'date<': '2024-05-05T20:25:12.079000+00:00'}
2025-12-15 11:20:35 [DEBUG] __main__ - [compute_lap_features_for_driver] driver=81 lap=14, car_data rows=350
2025-12-15 11:20:35 [INFO] __main__ - [compute_lap_features_for_driver] driver=81 lap=15 KEEP, status=GREEN, duration=92.8s
2025-12-15 11:20:35 [DEBUG] __main__ - [get_openf1] GET https://api.openf1.org/v1/car_data params={'session_key': 9507, 'driver_number': 81, 'date>': '2024-05-05T20:25:12.079000+00:00', 'date<': '2024-05-05T20:26:44.844000+00:00'}
2025-12-15 11:20:36 [DEBUG] __main__ - [compute_lap_features_for_driver] driver=81 lap=15, car_data rows=362
2025-12-15 11:20:36 [INFO] __main__ - [compute_lap_features_for_driver] driver=81 lap=16 KEEP, status=GREEN, duration=92.8s
2025-12-15 11:20:36 [DEBUG] __main__ - [get_openf1] GET https://api.openf1.org/v1/car_data params={'session_key': 9507, 'driver_number': 81, 'date>': '2024-05-05T20:26:44.844000+00:00', 'date<': '2024-05-05T20:28:17.599000+00:00'}
2025-12-15 11:20:37 [DEBUG] __main__ - [compute_lap_features_for_driver] driver=81 lap=16, car_data rows=360
2025-12-15 11:20:37 [INFO] __main__ - [compute_lap_features_for_driver] driver=81 lap=17 KEEP, status=GREEN, duration=93.2s
2025-12-15 11:20:37 [DEBUG] __main__ - [get_openf1] GET https://api.openf1.org/v1/car_data params={'session_key': 9507, 'driver_number': 81, 'date>': '2024-05-05T20:28:17.599000+00:00', 'date<': '2024-05-05T20:29:50.807000+00:00'}
2025-12-15 11:20:37 [DEBUG] __main__ - [compute_lap_features_for_driver] driver=81 lap=17, car_data rows=363
2025-12-15 11:20:37 [INFO] __main__ - [compute_lap_features_for_driver] driver=81 lap=18 KEEP, status=GREEN, duration=92.9s
2025-12-15 11:20:37 [DEBUG] __main__ - [get_openf1] GET https://api.openf1.org/v1/car_data params={'session_key': 9507, 'driver_number': 81, 'date>': '2024-05-05T20:29:50.807000+00:00', 'date<': '2024-05-05T20:31:23.671000+00:00'}
2025-12-15 11:20:38 [DEBUG] __main__ - [compute_lap_features_for_driver] driver=81 lap=18, car_data rows=361
2025-12-15 11:20:38 [INFO] __main__ - [compute_lap_features_for_driver] driver=81 lap=19 KEEP, status=GREEN, duration=93.1s
2025-12-15 11:20:38 [DEBUG] __main__ - [get_openf1] GET https://api.openf1.org/v1/car_data params={'session_key': 9507, 'driver_number': 81, 'date>': '2024-05-05T20:31:23.671000+00:00', 'date<': '2024-05-05T20:32:56.801000+00:00'}
2025-12-15 11:20:39 [DEBUG] __main__ - [compute_lap_features_for_driver] driver=81 lap=19, car_data rows=351
2025-12-15 11:20:39 [INFO] __main__ - [compute_lap_features_for_driver] driver=81 lap=20 KEEP, status=GREEN, duration=92.7s
2025-12-15 11:20:39 [DEBUG] __main__ - [get_openf1] GET https://api.openf1.org/v1/car_data params={'session_key': 9507, 'driver_number': 81, 'date>': '2024-05-05T20:32:56.801000+00:00', 'date<': '2024-05-05T20:34:29.530000+00:00'}
2025-12-15 11:20:39 [DEBUG] __main__ - [compute_lap_features_for_driver] driver=81 lap=20, car_data rows=351
2025-12-15 11:20:39 [INFO] __main__ - [compute_lap_features_for_driver] driver=81 lap=21 KEEP, status=GREEN, duration=92.8s
2025-12-15 11:20:39 [DEBUG] __main__ - [get_openf1] GET https://api.openf1.org/v1/car_data params={'session_key': 9507, 'driver_number': 81, 'date>': '2024-05-05T20:34:29.530000+00:00', 'date<': '2024-05-05T20:36:02.303000+00:00'}
2025-12-15 11:20:40 [DEBUG] __main__ - [compute_lap_features_for_driver] driver=81 lap=21, car_data rows=357
2025-12-15 11:20:40 [INFO] __main__ - [compute_lap_features_for_driver] driver=81 lap=22 KEEP, status=GREEN, duration=92.8s
2025-12-15 11:20:40 [DEBUG] __main__ - [get_openf1] GET https://api.openf1.org/v1/car_data params={'session_key': 9507, 'driver_number': 81, 'date>': '2024-05-05T20:36:02.303000+00:00', 'date<': '2024-05-05T20:37:35.126000+00:00'}
2025-12-15 11:20:40 [DEBUG] __main__ - [compute_lap_features_for_driver] driver=81 lap=22, car_data rows=344
2025-12-15 11:20:40 [INFO] __main__ - [compute_lap_features_for_driver] driver=81 lap=23 DROP (VSC_LAP), status=VSC, duration=107.1s
2025-12-15 11:20:40 [INFO] __main__ - [compute_lap_features_for_driver] driver=81 lap=24 KEEP, status=GREEN, duration=92.5s
2025-12-15 11:20:40 [DEBUG] __main__ - [get_openf1] GET https://api.openf1.org/v1/car_data params={'session_key': 9507, 'driver_number': 81, 'date>': '2024-05-05T20:39:22.188000+00:00', 'date<': '2024-05-05T20:40:54.697000+00:00'}
2025-12-15 11:20:41 [DEBUG] __main__ - [compute_lap_features_for_driver] driver=81 lap=24, car_data rows=350
2025-12-15 11:20:41 [INFO] __main__ - [compute_lap_features_for_driver] driver=81 lap=25 KEEP, status=GREEN, duration=92.5s
2025-12-15 11:20:41 [DEBUG] __main__ - [get_openf1] GET https://api.openf1.org/v1/car_data params={'session_key': 9507, 'driver_number': 81, 'date>': '2024-05-05T20:40:54.697000+00:00', 'date<': '2024-05-05T20:42:27.214000+00:00'}
2025-12-15 11:20:42 [DEBUG] __main__ - [compute_lap_features_for_driver] driver=81 lap=25, car_data rows=351
2025-12-15 11:20:42 [INFO] __main__ - [compute_lap_features_for_driver] driver=81 lap=26 KEEP, status=GREEN, duration=92.6s
2025-12-15 11:20:42 [DEBUG] __main__ - [get_openf1] GET https://api.openf1.org/v1/car_data params={'session_key': 9507, 'driver_number': 81, 'date>': '2024-05-05T20:42:27.214000+00:00', 'date<': '2024-05-05T20:43:59.793000+00:00'}
2025-12-15 11:20:42 [DEBUG] __main__ - [compute_lap_features_for_driver] driver=81 lap=26, car_data rows=337
2025-12-15 11:20:42 [INFO] __main__ - [compute_lap_features_for_driver] driver=81 lap=27 KEEP, status=GREEN, duration=97.7s
2025-12-15 11:20:42 [DEBUG] __main__ - [get_openf1] GET https://api.openf1.org/v1/car_data params={'session_key': 9507, 'driver_number': 81, 'date>': '2024-05-05T20:43:59.793000+00:00', 'date<': '2024-05-05T20:45:37.458000+00:00'}
2025-12-15 11:20:43 [DEBUG] __main__ - [compute_lap_features_for_driver] driver=81 lap=27, car_data rows=371
2025-12-15 11:20:43 [INFO] __main__ - [compute_lap_features_for_driver] driver=81 lap=28 DROP (SC_LAP), status=SC;YELLOW, duration=115.4s
2025-12-15 11:20:43 [INFO] __main__ - [compute_lap_features_for_driver] driver=81 lap=29 KEEP, status=GREEN, duration=142.8s
2025-12-15 11:20:43 [DEBUG] __main__ - [get_openf1] GET https://api.openf1.org/v1/car_data params={'session_key': 9507, 'driver_number': 81, 'date>': '2024-05-05T20:47:32.868000+00:00', 'date<': '2024-05-05T20:49:55.653000+00:00'}
2025-12-15 11:20:44 [DEBUG] __main__ - [compute_lap_features_for_driver] driver=81 lap=29, car_data rows=546
2025-12-15 11:20:44 [INFO] __main__ - [compute_lap_features_for_driver] driver=81 lap=30 DROP (YELLOW_FLAG_LAP), status=YELLOW, duration=125.9s
2025-12-15 11:20:44 [INFO] __main__ - [compute_lap_features_for_driver] driver=81 lap=31 KEEP, status=GREEN, duration=102.9s
2025-12-15 11:20:44 [DEBUG] __main__ - [get_openf1] GET https://api.openf1.org/v1/car_data params={'session_key': 9507, 'driver_number': 81, 'date>': '2024-05-05T20:52:01.531000+00:00', 'date<': '2024-05-05T20:53:44.396000+00:00'}
2025-12-15 11:20:45 [DEBUG] __main__ - [compute_lap_features_for_driver] driver=81 lap=31, car_data rows=398
2025-12-15 11:20:45 [INFO] __main__ - [compute_lap_features_for_driver] driver=81 lap=32 DROP (SC_LAP), status=SC, duration=150.4s
2025-12-15 11:20:45 [INFO] __main__ - [compute_lap_features_for_driver] driver=81 lap=33 KEEP, status=GREEN, duration=93.2s
2025-12-15 11:20:45 [DEBUG] __main__ - [get_openf1] GET https://api.openf1.org/v1/car_data params={'session_key': 9507, 'driver_number': 81, 'date>': '2024-05-05T20:56:14.837000+00:00', 'date<': '2024-05-05T20:57:48.058000+00:00'}
2025-12-15 11:20:45 [DEBUG] __main__ - [compute_lap_features_for_driver] driver=81 lap=33, car_data rows=348
2025-12-15 11:20:45 [INFO] __main__ - [compute_lap_features_for_driver] driver=81 lap=34 KEEP, status=GREEN, duration=92.2s
2025-12-15 11:20:45 [DEBUG] __main__ - [get_openf1] GET https://api.openf1.org/v1/car_data params={'session_key': 9507, 'driver_number': 81, 'date>': '2024-05-05T20:57:48.058000+00:00', 'date<': '2024-05-05T20:59:20.258000+00:00'}
2025-12-15 11:20:46 [DEBUG] __main__ - [compute_lap_features_for_driver] driver=81 lap=34, car_data rows=346
2025-12-15 11:20:46 [INFO] __main__ - [compute_lap_features_for_driver] driver=81 lap=35 KEEP, status=GREEN, duration=91.2s
2025-12-15 11:20:46 [DEBUG] __main__ - [get_openf1] GET https://api.openf1.org/v1/car_data params={'session_key': 9507, 'driver_number': 81, 'date>': '2024-05-05T20:59:20.258000+00:00', 'date<': '2024-05-05T21:00:51.450000+00:00'}
2025-12-15 11:20:46 [DEBUG] __main__ - [compute_lap_features_for_driver] driver=81 lap=35, car_data rows=353
2025-12-15 11:20:46 [INFO] __main__ - [compute_lap_features_for_driver] driver=81 lap=36 KEEP, status=GREEN, duration=92.4s
2025-12-15 11:20:46 [DEBUG] __main__ - [get_openf1] GET https://api.openf1.org/v1/car_data params={'session_key': 9507, 'driver_number': 81, 'date>': '2024-05-05T21:00:51.450000+00:00', 'date<': '2024-05-05T21:02:23.890000+00:00'}
2025-12-15 11:20:47 [DEBUG] __main__ - [compute_lap_features_for_driver] driver=81 lap=36, car_data rows=351
2025-12-15 11:20:47 [INFO] __main__ - [compute_lap_features_for_driver] driver=81 lap=37 KEEP, status=GREEN, duration=91.8s
2025-12-15 11:20:47 [DEBUG] __main__ - [get_openf1] GET https://api.openf1.org/v1/car_data params={'session_key': 9507, 'driver_number': 81, 'date>': '2024-05-05T21:02:23.890000+00:00', 'date<': '2024-05-05T21:03:55.710000+00:00'}
2025-12-15 11:20:48 [DEBUG] __main__ - [compute_lap_features_for_driver] driver=81 lap=37, car_data rows=337
2025-12-15 11:20:48 [INFO] __main__ - [compute_lap_features_for_driver] driver=81 lap=38 KEEP, status=GREEN, duration=91.7s
2025-12-15 11:20:48 [DEBUG] __main__ - [get_openf1] GET https://api.openf1.org/v1/car_data params={'session_key': 9507, 'driver_number': 81, 'date>': '2024-05-05T21:03:55.710000+00:00', 'date<': '2024-05-05T21:05:27.434000+00:00'}
2025-12-15 11:20:48 [DEBUG] __main__ - [compute_lap_features_for_driver] driver=81 lap=38, car_data rows=354
2025-12-15 11:20:48 [INFO] __main__ - [compute_lap_features_for_driver] driver=81 lap=39 KEEP, status=GREEN, duration=92.8s
2025-12-15 11:20:48 [DEBUG] __main__ - [get_openf1] GET https://api.openf1.org/v1/car_data params={'session_key': 9507, 'driver_number': 81, 'date>': '2024-05-05T21:05:27.434000+00:00', 'date<': '2024-05-05T21:07:00.219000+00:00'}
2025-12-15 11:20:49 [DEBUG] __main__ - [compute_lap_features_for_driver] driver=81 lap=39, car_data rows=345
2025-12-15 11:20:49 [INFO] __main__ - [compute_lap_features_for_driver] driver=81 lap=40 KEEP, status=GREEN, duration=100.6s
2025-12-15 11:20:49 [DEBUG] __main__ - [get_openf1] GET https://api.openf1.org/v1/car_data params={'session_key': 9507, 'driver_number': 81, 'date>': '2024-05-05T21:07:00.219000+00:00', 'date<': '2024-05-05T21:08:40.862000+00:00'}
2025-12-15 11:20:50 [DEBUG] __main__ - [compute_lap_features_for_driver] driver=81 lap=40, car_data rows=383
2025-12-15 11:20:50 [INFO] __main__ - [compute_lap_features_for_driver] driver=81 lap=41 KEEP, status=GREEN, duration=113.8s
2025-12-15 11:20:50 [DEBUG] __main__ - [get_openf1] GET https://api.openf1.org/v1/car_data params={'session_key': 9507, 'driver_number': 81, 'date>': '2024-05-05T21:08:40.862000+00:00', 'date<': '2024-05-05T21:10:34.679000+00:00'}
2025-12-15 11:20:51 [DEBUG] __main__ - [compute_lap_features_for_driver] driver=81 lap=41, car_data rows=426
2025-12-15 11:20:51 [INFO] __main__ - [compute_lap_features_for_driver] driver=81 lap=42 KEEP, status=GREEN, duration=90.7s
2025-12-15 11:20:51 [DEBUG] __main__ - [get_openf1] GET https://api.openf1.org/v1/car_data params={'session_key': 9507, 'driver_number': 81, 'date>': '2024-05-05T21:10:34.679000+00:00', 'date<': '2024-05-05T21:12:05.359000+00:00'}
2025-12-15 11:20:52 [DEBUG] __main__ - [compute_lap_features_for_driver] driver=81 lap=42, car_data rows=342
2025-12-15 11:20:52 [INFO] __main__ - [compute_lap_features_for_driver] driver=81 lap=43 KEEP, status=GREEN, duration=90.5s
2025-12-15 11:20:52 [DEBUG] __main__ - [get_openf1] GET https://api.openf1.org/v1/car_data params={'session_key': 9507, 'driver_number': 81, 'date>': '2024-05-05T21:12:05.359000+00:00', 'date<': '2024-05-05T21:13:35.876000+00:00'}
2025-12-15 11:20:52 [DEBUG] __main__ - [compute_lap_features_for_driver] driver=81 lap=43, car_data rows=338
2025-12-15 11:20:52 [INFO] __main__ - [compute_lap_features_for_driver] driver=81 lap=44 KEEP, status=GREEN, duration=90.8s
2025-12-15 11:20:52 [DEBUG] __main__ - [get_openf1] GET https://api.openf1.org/v1/car_data params={'session_key': 9507, 'driver_number': 81, 'date>': '2024-05-05T21:13:35.876000+00:00', 'date<': '2024-05-05T21:15:06.628000+00:00'}
2025-12-15 11:20:53 [DEBUG] __main__ - [compute_lap_features_for_driver] driver=81 lap=44, car_data rows=326
2025-12-15 11:20:53 [INFO] __main__ - [compute_lap_features_for_driver] driver=81 lap=45 DROP (SC_LAP), status=SC, duration=91.3s
2025-12-15 11:20:53 [INFO] __main__ - [compute_lap_features_for_driver] driver=81 lap=46 KEEP, status=GREEN, duration=90.9s
2025-12-15 11:20:53 [DEBUG] __main__ - [get_openf1] GET https://api.openf1.org/v1/car_data params={'session_key': 9507, 'driver_number': 81, 'date>': '2024-05-05T21:16:37.945000+00:00', 'date<': '2024-05-05T21:18:08.875000+00:00'}
2025-12-15 11:20:53 [DEBUG] __main__ - [compute_lap_features_for_driver] driver=81 lap=46, car_data rows=340
2025-12-15 11:20:53 [INFO] __main__ - [compute_lap_features_for_driver] driver=81 lap=47 KEEP, status=GREEN, duration=91.7s
2025-12-15 11:20:53 [DEBUG] __main__ - [get_openf1] GET https://api.openf1.org/v1/car_data params={'session_key': 9507, 'driver_number': 81, 'date>': '2024-05-05T21:18:08.875000+00:00', 'date<': '2024-05-05T21:19:40.589000+00:00'}
2025-12-15 11:20:54 [DEBUG] __main__ - [compute_lap_features_for_driver] driver=81 lap=47, car_data rows=363
2025-12-15 11:20:54 [INFO] __main__ - [compute_lap_features_for_driver] driver=81 lap=48 KEEP, status=GREEN, duration=91.8s
2025-12-15 11:20:54 [DEBUG] __main__ - [get_openf1] GET https://api.openf1.org/v1/car_data params={'session_key': 9507, 'driver_number': 81, 'date>': '2024-05-05T21:19:40.589000+00:00', 'date<': '2024-05-05T21:21:12.399000+00:00'}
2025-12-15 11:20:55 [DEBUG] __main__ - [compute_lap_features_for_driver] driver=81 lap=48, car_data rows=357
2025-12-15 11:20:55 [INFO] __main__ - [compute_lap_features_for_driver] driver=81 lap=49 KEEP, status=GREEN, duration=92.0s
2025-12-15 11:20:55 [DEBUG] __main__ - [get_openf1] GET https://api.openf1.org/v1/car_data params={'session_key': 9507, 'driver_number': 81, 'date>': '2024-05-05T21:21:12.399000+00:00', 'date<': '2024-05-05T21:22:44.447000+00:00'}
2025-12-15 11:20:55 [DEBUG] __main__ - [compute_lap_features_for_driver] driver=81 lap=49, car_data rows=342
2025-12-15 11:20:55 [INFO] __main__ - [compute_lap_features_for_driver] driver=81 lap=50 KEEP, status=GREEN, duration=92.4s
2025-12-15 11:20:55 [DEBUG] __main__ - [get_openf1] GET https://api.openf1.org/v1/car_data params={'session_key': 9507, 'driver_number': 81, 'date>': '2024-05-05T21:22:44.447000+00:00', 'date<': '2024-05-05T21:24:16.827000+00:00'}
2025-12-15 11:20:56 [DEBUG] __main__ - [compute_lap_features_for_driver] driver=81 lap=50, car_data rows=365
2025-12-15 11:20:56 [INFO] __main__ - [compute_lap_features_for_driver] driver=81 lap=51 KEEP, status=GREEN, duration=92.8s
2025-12-15 11:20:56 [DEBUG] __main__ - [get_openf1] GET https://api.openf1.org/v1/car_data params={'session_key': 9507, 'driver_number': 81, 'date>': '2024-05-05T21:24:16.827000+00:00', 'date<': '2024-05-05T21:25:49.610000+00:00'}
2025-12-15 11:20:56 [DEBUG] __main__ - [compute_lap_features_for_driver] driver=81 lap=51, car_data rows=350
2025-12-15 11:20:56 [INFO] __main__ - [compute_lap_features_for_driver] driver=81 lap=52 KEEP, status=GREEN, duration=93.9s
2025-12-15 11:20:56 [DEBUG] __main__ - [get_openf1] GET https://api.openf1.org/v1/car_data params={'session_key': 9507, 'driver_number': 81, 'date>': '2024-05-05T21:25:49.610000+00:00', 'date<': '2024-05-05T21:27:23.513000+00:00'}
2025-12-15 11:20:57 [DEBUG] __main__ - [compute_lap_features_for_driver] driver=81 lap=52, car_data rows=353
2025-12-15 11:20:57 [INFO] __main__ - [compute_lap_features_for_driver] driver=81 lap=53 KEEP, status=GREEN, duration=92.5s
2025-12-15 11:20:57 [DEBUG] __main__ - [get_openf1] GET https://api.openf1.org/v1/car_data params={'session_key': 9507, 'driver_number': 81, 'date>': '2024-05-05T21:27:23.513000+00:00', 'date<': '2024-05-05T21:28:56.057000+00:00'}
2025-12-15 11:20:58 [DEBUG] __main__ - [compute_lap_features_for_driver] driver=81 lap=53, car_data rows=345
2025-12-15 11:20:58 [INFO] __main__ - [compute_lap_features_for_driver] driver=81 lap=54 KEEP, status=GREEN, duration=91.9s
2025-12-15 11:20:58 [DEBUG] __main__ - [get_openf1] GET https://api.openf1.org/v1/car_data params={'session_key': 9507, 'driver_number': 81, 'date>': '2024-05-05T21:28:56.057000+00:00', 'date<': '2024-05-05T21:30:27.951000+00:00'}
2025-12-15 11:20:58 [DEBUG] __main__ - [compute_lap_features_for_driver] driver=81 lap=54, car_data rows=349
2025-12-15 11:20:58 [INFO] __main__ - [compute_lap_features_for_driver] driver=81 lap=55 KEEP, status=GREEN, duration=91.8s
2025-12-15 11:20:58 [DEBUG] __main__ - [get_openf1] GET https://api.openf1.org/v1/car_data params={'session_key': 9507, 'driver_number': 81, 'date>': '2024-05-05T21:30:27.951000+00:00', 'date<': '2024-05-05T21:31:59.713000+00:00'}
2025-12-15 11:20:59 [DEBUG] __main__ - [compute_lap_features_for_driver] driver=81 lap=55, car_data rows=348
2025-12-15 11:20:59 [INFO] __main__ - [compute_lap_features_for_driver] driver=81 lap=56 KEEP, status=GREEN, duration=92.0s
2025-12-15 11:20:59 [DEBUG] __main__ - [get_openf1] GET https://api.openf1.org/v1/car_data params={'session_key': 9507, 'driver_number': 81, 'date>': '2024-05-05T21:31:59.713000+00:00', 'date<': '2024-05-05T21:33:31.762000+00:00'}
2025-12-15 11:20:59 [DEBUG] __main__ - [compute_lap_features_for_driver] driver=81 lap=56, car_data rows=351
2025-12-15 11:20:59 [INFO] __main__ - [compute_lap_features_for_driver] driver=81 lap=57 DROP (CHEQUERED_FLAG_LAP), status=RED_FLAG;CHEQUERED, duration=nans
2025-12-15 11:20:59 [INFO] __main__ - [compute_lap_features_for_driver] driver=81, feature laps=[2, 3, 4, 5, 6, 7, 8, 9, 10, 11, 12, 13, 14, 15, 16, 17, 18, 19, 20, 21, 22, 24, 25, 26, 27, 29, 31, 33, 34, 35, 36, 37, 38, 39, 40, 41, 42, 43, 44, 46, 47, 48, 49, 50, 51, 52, 53, 54, 55, 56]
2025-12-15 11:20:59 [INFO] __main__ - [build_driver_style_embedding_json] compute features for driver=20
2025-12-15 11:20:59 [DEBUG] __main__ - [get_openf1] GET https://api.openf1.org/v1/laps params={'session_key': 9507, 'driver_number': 20}
2025-12-15 11:21:01 [DEBUG] __main__ - [get_openf1] GET https://api.openf1.org/v1/sessions params={'session_key': 9507}
2025-12-15 11:21:01 [INFO] __main__ - [fetch_session_start] session_key=9507, date_start=2024-05-05 20:00:00+00:00
2025-12-15 11:21:01 [INFO] __main__ - [fetch_race_start_time] use first GREEN as race_start: 2024-05-05 19:20:00+00:00
2025-12-15 11:21:01 [INFO] __main__ - [fetch_laps] fill lap 1 date_start with race_start=2024-05-05 19:20:00+00:00
2025-12-15 11:21:01 [INFO] __main__ - [fetch_laps] driver=20, laps: min=1, max=57, count=57
2025-12-15 11:21:01 [DEBUG] __main__ - [fetch_laps] head:
   meeting_key  session_key  ...  st_speed  lap_duration_s
0         1234         9507  ...       279        2709.239
1         1234         9507  ...       321          96.804
2         1234         9507  ...       326          95.368
3         1234         9507  ...       323          94.361
4         1234         9507  ...       315          94.294

[5 rows x 17 columns]
2025-12-15 11:21:01 [DEBUG] __main__ - [build_lap_status_mapping] status_by_lap={1: 'GREEN', 2: 'GREEN', 3: 'GREEN', 4: 'GREEN', 5: 'GREEN', 6: 'GREEN', 7: 'GREEN', 8: 'GREEN', 9: 'GREEN', 10: 'GREEN', 11: 'GREEN', 12: 'GREEN', 13: 'GREEN', 14: 'GREEN', 15: 'GREEN', 16: 'GREEN', 17: 'GREEN', 18: 'GREEN', 19: 'GREEN', 20: 'GREEN', 21: 'GREEN', 22: 'VSC', 23: 'VSC', 24: 'GREEN', 25: 'GREEN', 26: 'GREEN', 27: 'GREEN', 28: 'SC;YELLOW', 29: 'YELLOW', 30: 'GREEN', 31: 'GREEN', 32: 'SC', 33: 'GREEN', 34: 'GREEN', 35: 'GREEN', 36: 'GREEN', 37: 'GREEN', 38: 'GREEN', 39: 'GREEN', 40: 'GREEN', 41: 'GREEN', 42: 'GREEN', 43: 'GREEN', 44: 'GREEN', 45: 'SC', 46: 'GREEN', 47: 'GREEN', 48: 'GREEN', 49: 'GREEN', 50: 'GREEN', 51: 'GREEN', 52: 'GREEN', 53: 'GREEN', 54: 'GREEN', 55: 'GREEN', 56: 'GREEN', 57: 'RED_FLAG;CHEQUERED'}
2025-12-15 11:21:01 [INFO] __main__ - [compute_lap_features_for_driver] driver=20, typical_duration_s=93.55
2025-12-15 11:21:01 [INFO] __main__ - [compute_lap_features_for_driver] driver=20 lap=1 DROP (LONG_LAP_2709.2s), status=GREEN, duration=2709.2s
2025-12-15 11:21:01 [INFO] __main__ - [compute_lap_features_for_driver] driver=20 lap=2 KEEP, status=GREEN, duration=96.8s
2025-12-15 11:21:01 [DEBUG] __main__ - [get_openf1] GET https://api.openf1.org/v1/car_data params={'session_key': 9507, 'driver_number': 20, 'date>': '2024-05-05T20:05:09.239000+00:00', 'date<': '2024-05-05T20:06:46.043000+00:00'}
2025-12-15 11:21:02 [DEBUG] __main__ - [compute_lap_features_for_driver] driver=20 lap=2, car_data rows=366
2025-12-15 11:21:02 [INFO] __main__ - [compute_lap_features_for_driver] driver=20 lap=3 KEEP, status=GREEN, duration=95.4s
2025-12-15 11:21:02 [DEBUG] __main__ - [get_openf1] GET https://api.openf1.org/v1/car_data params={'session_key': 9507, 'driver_number': 20, 'date>': '2024-05-05T20:06:46.043000+00:00', 'date<': '2024-05-05T20:08:21.411000+00:00'}
2025-12-15 11:21:03 [DEBUG] __main__ - [compute_lap_features_for_driver] driver=20 lap=3, car_data rows=360
2025-12-15 11:21:03 [INFO] __main__ - [compute_lap_features_for_driver] driver=20 lap=4 KEEP, status=GREEN, duration=94.4s
2025-12-15 11:21:03 [DEBUG] __main__ - [get_openf1] GET https://api.openf1.org/v1/car_data params={'session_key': 9507, 'driver_number': 20, 'date>': '2024-05-05T20:08:21.411000+00:00', 'date<': '2024-05-05T20:09:55.772000+00:00'}
2025-12-15 11:21:04 [DEBUG] __main__ - [compute_lap_features_for_driver] driver=20 lap=4, car_data rows=366
2025-12-15 11:21:04 [INFO] __main__ - [compute_lap_features_for_driver] driver=20 lap=5 KEEP, status=GREEN, duration=94.3s
2025-12-15 11:21:04 [DEBUG] __main__ - [get_openf1] GET https://api.openf1.org/v1/car_data params={'session_key': 9507, 'driver_number': 20, 'date>': '2024-05-05T20:09:55.772000+00:00', 'date<': '2024-05-05T20:11:30.066000+00:00'}
2025-12-15 11:21:04 [DEBUG] __main__ - [compute_lap_features_for_driver] driver=20 lap=5, car_data rows=349
2025-12-15 11:21:04 [INFO] __main__ - [compute_lap_features_for_driver] driver=20 lap=6 KEEP, status=GREEN, duration=93.8s
2025-12-15 11:21:04 [DEBUG] __main__ - [get_openf1] GET https://api.openf1.org/v1/car_data params={'session_key': 9507, 'driver_number': 20, 'date>': '2024-05-05T20:11:30.066000+00:00', 'date<': '2024-05-05T20:13:03.877000+00:00'}
2025-12-15 11:21:05 [DEBUG] __main__ - [compute_lap_features_for_driver] driver=20 lap=6, car_data rows=354
2025-12-15 11:21:05 [INFO] __main__ - [compute_lap_features_for_driver] driver=20 lap=7 KEEP, status=GREEN, duration=94.6s
2025-12-15 11:21:05 [DEBUG] __main__ - [get_openf1] GET https://api.openf1.org/v1/car_data params={'session_key': 9507, 'driver_number': 20, 'date>': '2024-05-05T20:13:03.877000+00:00', 'date<': '2024-05-05T20:14:38.472000+00:00'}
2025-12-15 11:21:06 [DEBUG] __main__ - [compute_lap_features_for_driver] driver=20 lap=7, car_data rows=347
2025-12-15 11:21:06 [INFO] __main__ - [compute_lap_features_for_driver] driver=20 lap=8 KEEP, status=GREEN, duration=95.2s
2025-12-15 11:21:06 [DEBUG] __main__ - [get_openf1] GET https://api.openf1.org/v1/car_data params={'session_key': 9507, 'driver_number': 20, 'date>': '2024-05-05T20:14:38.472000+00:00', 'date<': '2024-05-05T20:16:13.683000+00:00'}
2025-12-15 11:21:07 [DEBUG] __main__ - [compute_lap_features_for_driver] driver=20 lap=8, car_data rows=355
2025-12-15 11:21:07 [INFO] __main__ - [compute_lap_features_for_driver] driver=20 lap=9 KEEP, status=GREEN, duration=94.6s
2025-12-15 11:21:07 [DEBUG] __main__ - [get_openf1] GET https://api.openf1.org/v1/car_data params={'session_key': 9507, 'driver_number': 20, 'date>': '2024-05-05T20:16:13.683000+00:00', 'date<': '2024-05-05T20:17:48.262000+00:00'}
2025-12-15 11:21:08 [DEBUG] __main__ - [compute_lap_features_for_driver] driver=20 lap=9, car_data rows=358
2025-12-15 11:21:08 [INFO] __main__ - [compute_lap_features_for_driver] driver=20 lap=10 KEEP, status=GREEN, duration=95.1s
2025-12-15 11:21:08 [DEBUG] __main__ - [get_openf1] GET https://api.openf1.org/v1/car_data params={'session_key': 9507, 'driver_number': 20, 'date>': '2024-05-05T20:17:48.262000+00:00', 'date<': '2024-05-05T20:19:23.405000+00:00'}
2025-12-15 11:21:08 [DEBUG] __main__ - [compute_lap_features_for_driver] driver=20 lap=10, car_data rows=355
2025-12-15 11:21:08 [INFO] __main__ - [compute_lap_features_for_driver] driver=20 lap=11 KEEP, status=GREEN, duration=95.1s
2025-12-15 11:21:08 [DEBUG] __main__ - [get_openf1] GET https://api.openf1.org/v1/car_data params={'session_key': 9507, 'driver_number': 20, 'date>': '2024-05-05T20:19:23.405000+00:00', 'date<': '2024-05-05T20:20:58.502000+00:00'}
2025-12-15 11:21:09 [DEBUG] __main__ - [compute_lap_features_for_driver] driver=20 lap=11, car_data rows=368
2025-12-15 11:21:09 [INFO] __main__ - [compute_lap_features_for_driver] driver=20 lap=12 KEEP, status=GREEN, duration=94.6s
2025-12-15 11:21:09 [DEBUG] __main__ - [get_openf1] GET https://api.openf1.org/v1/car_data params={'session_key': 9507, 'driver_number': 20, 'date>': '2024-05-05T20:20:58.502000+00:00', 'date<': '2024-05-05T20:22:33.081000+00:00'}
2025-12-15 11:21:10 [DEBUG] __main__ - [compute_lap_features_for_driver] driver=20 lap=12, car_data rows=357
2025-12-15 11:21:10 [INFO] __main__ - [compute_lap_features_for_driver] driver=20 lap=13 KEEP, status=GREEN, duration=94.6s
2025-12-15 11:21:10 [DEBUG] __main__ - [get_openf1] GET https://api.openf1.org/v1/car_data params={'session_key': 9507, 'driver_number': 20, 'date>': '2024-05-05T20:22:33.081000+00:00', 'date<': '2024-05-05T20:24:07.652000+00:00'}
2025-12-15 11:21:10 [DEBUG] __main__ - [compute_lap_features_for_driver] driver=20 lap=13, car_data rows=364
2025-12-15 11:21:10 [INFO] __main__ - [compute_lap_features_for_driver] driver=20 lap=14 KEEP, status=GREEN, duration=94.4s
2025-12-15 11:21:10 [DEBUG] __main__ - [get_openf1] GET https://api.openf1.org/v1/car_data params={'session_key': 9507, 'driver_number': 20, 'date>': '2024-05-05T20:24:07.652000+00:00', 'date<': '2024-05-05T20:25:42.057000+00:00'}
2025-12-15 11:21:11 [DEBUG] __main__ - [compute_lap_features_for_driver] driver=20 lap=14, car_data rows=357
2025-12-15 11:21:11 [INFO] __main__ - [compute_lap_features_for_driver] driver=20 lap=15 KEEP, status=GREEN, duration=93.8s
2025-12-15 11:21:11 [DEBUG] __main__ - [get_openf1] GET https://api.openf1.org/v1/car_data params={'session_key': 9507, 'driver_number': 20, 'date>': '2024-05-05T20:25:42.057000+00:00', 'date<': '2024-05-05T20:27:15.882000+00:00'}
2025-12-15 11:21:12 [DEBUG] __main__ - [compute_lap_features_for_driver] driver=20 lap=15, car_data rows=363
2025-12-15 11:21:12 [INFO] __main__ - [compute_lap_features_for_driver] driver=20 lap=16 KEEP, status=GREEN, duration=94.2s
2025-12-15 11:21:12 [DEBUG] __main__ - [get_openf1] GET https://api.openf1.org/v1/car_data params={'session_key': 9507, 'driver_number': 20, 'date>': '2024-05-05T20:27:15.882000+00:00', 'date<': '2024-05-05T20:28:50.045000+00:00'}
2025-12-15 11:21:13 [DEBUG] __main__ - [compute_lap_features_for_driver] driver=20 lap=16, car_data rows=368
2025-12-15 11:21:13 [INFO] __main__ - [compute_lap_features_for_driver] driver=20 lap=17 KEEP, status=GREEN, duration=94.1s
2025-12-15 11:21:13 [DEBUG] __main__ - [get_openf1] GET https://api.openf1.org/v1/car_data params={'session_key': 9507, 'driver_number': 20, 'date>': '2024-05-05T20:28:50.045000+00:00', 'date<': '2024-05-05T20:30:24.120000+00:00'}
2025-12-15 11:21:13 [DEBUG] __main__ - [compute_lap_features_for_driver] driver=20 lap=17, car_data rows=375
2025-12-15 11:21:13 [INFO] __main__ - [compute_lap_features_for_driver] driver=20 lap=18 KEEP, status=GREEN, duration=94.1s
2025-12-15 11:21:13 [DEBUG] __main__ - [get_openf1] GET https://api.openf1.org/v1/car_data params={'session_key': 9507, 'driver_number': 20, 'date>': '2024-05-05T20:30:24.120000+00:00', 'date<': '2024-05-05T20:31:58.205000+00:00'}
2025-12-15 11:21:14 [DEBUG] __main__ - [compute_lap_features_for_driver] driver=20 lap=18, car_data rows=360
2025-12-15 11:21:14 [INFO] __main__ - [compute_lap_features_for_driver] driver=20 lap=19 KEEP, status=GREEN, duration=94.1s
2025-12-15 11:21:14 [DEBUG] __main__ - [get_openf1] GET https://api.openf1.org/v1/car_data params={'session_key': 9507, 'driver_number': 20, 'date>': '2024-05-05T20:31:58.205000+00:00', 'date<': '2024-05-05T20:33:32.313000+00:00'}
2025-12-15 11:21:14 [DEBUG] __main__ - [compute_lap_features_for_driver] driver=20 lap=19, car_data rows=347
2025-12-15 11:21:14 [INFO] __main__ - [compute_lap_features_for_driver] driver=20 lap=20 KEEP, status=GREEN, duration=94.1s
2025-12-15 11:21:14 [DEBUG] __main__ - [get_openf1] GET https://api.openf1.org/v1/car_data params={'session_key': 9507, 'driver_number': 20, 'date>': '2024-05-05T20:33:32.313000+00:00', 'date<': '2024-05-05T20:35:06.425000+00:00'}
2025-12-15 11:21:15 [DEBUG] __main__ - [compute_lap_features_for_driver] driver=20 lap=20, car_data rows=357
2025-12-15 11:21:15 [INFO] __main__ - [compute_lap_features_for_driver] driver=20 lap=21 KEEP, status=GREEN, duration=94.1s
2025-12-15 11:21:15 [DEBUG] __main__ - [get_openf1] GET https://api.openf1.org/v1/car_data params={'session_key': 9507, 'driver_number': 20, 'date>': '2024-05-05T20:35:06.425000+00:00', 'date<': '2024-05-05T20:36:40.542000+00:00'}
2025-12-15 11:21:16 [DEBUG] __main__ - [compute_lap_features_for_driver] driver=20 lap=21, car_data rows=357
2025-12-15 11:21:16 [INFO] __main__ - [compute_lap_features_for_driver] driver=20 lap=22 DROP (VSC_LAP), status=VSC, duration=104.5s
2025-12-15 11:21:16 [INFO] __main__ - [compute_lap_features_for_driver] driver=20 lap=23 DROP (VSC_LAP), status=VSC, duration=108.7s
2025-12-15 11:21:16 [INFO] __main__ - [compute_lap_features_for_driver] driver=20 lap=24 KEEP, status=GREEN, duration=93.2s
2025-12-15 11:21:16 [DEBUG] __main__ - [get_openf1] GET https://api.openf1.org/v1/car_data params={'session_key': 9507, 'driver_number': 20, 'date>': '2024-05-05T20:40:13.752000+00:00', 'date<': '2024-05-05T20:41:46.954000+00:00'}
2025-12-15 11:21:16 [DEBUG] __main__ - [compute_lap_features_for_driver] driver=20 lap=24, car_data rows=360
2025-12-15 11:21:16 [INFO] __main__ - [compute_lap_features_for_driver] driver=20 lap=25 KEEP, status=GREEN, duration=93.2s
2025-12-15 11:21:16 [DEBUG] __main__ - [get_openf1] GET https://api.openf1.org/v1/car_data params={'session_key': 9507, 'driver_number': 20, 'date>': '2024-05-05T20:41:46.954000+00:00', 'date<': '2024-05-05T20:43:20.151000+00:00'}
2025-12-15 11:21:17 [DEBUG] __main__ - [compute_lap_features_for_driver] driver=20 lap=25, car_data rows=345
2025-12-15 11:21:17 [INFO] __main__ - [compute_lap_features_for_driver] driver=20 lap=26 KEEP, status=GREEN, duration=94.3s
2025-12-15 11:21:17 [DEBUG] __main__ - [get_openf1] GET https://api.openf1.org/v1/car_data params={'session_key': 9507, 'driver_number': 20, 'date>': '2024-05-05T20:43:20.151000+00:00', 'date<': '2024-05-05T20:44:54.500000+00:00'}
2025-12-15 11:21:17 [DEBUG] __main__ - [compute_lap_features_for_driver] driver=20 lap=26, car_data rows=351
2025-12-15 11:21:17 [INFO] __main__ - [compute_lap_features_for_driver] driver=20 lap=27 KEEP, status=GREEN, duration=93.5s
2025-12-15 11:21:17 [DEBUG] __main__ - [get_openf1] GET https://api.openf1.org/v1/car_data params={'session_key': 9507, 'driver_number': 20, 'date>': '2024-05-05T20:44:54.500000+00:00', 'date<': '2024-05-05T20:46:28.050000+00:00'}
2025-12-15 11:21:18 [DEBUG] __main__ - [compute_lap_features_for_driver] driver=20 lap=27, car_data rows=350
2025-12-15 11:21:18 [INFO] __main__ - [compute_lap_features_for_driver] driver=20 lap=28 DROP (SC_LAP), status=SC;YELLOW, duration=145.9s
2025-12-15 11:21:18 [INFO] __main__ - [compute_lap_features_for_driver] driver=20 lap=29 DROP (YELLOW_FLAG_LAP), status=YELLOW, duration=145.4s
2025-12-15 11:21:18 [INFO] __main__ - [compute_lap_features_for_driver] driver=20 lap=30 KEEP, status=GREEN, duration=103.3s
2025-12-15 11:21:18 [DEBUG] __main__ - [get_openf1] GET https://api.openf1.org/v1/car_data params={'session_key': 9507, 'driver_number': 20, 'date>': '2024-05-05T20:51:19.297000+00:00', 'date<': '2024-05-05T20:53:02.562000+00:00'}
2025-12-15 11:21:19 [DEBUG] __main__ - [compute_lap_features_for_driver] driver=20 lap=30, car_data rows=402
2025-12-15 11:21:19 [INFO] __main__ - [compute_lap_features_for_driver] driver=20 lap=31 KEEP, status=GREEN, duration=100.3s
2025-12-15 11:21:19 [DEBUG] __main__ - [get_openf1] GET https://api.openf1.org/v1/car_data params={'session_key': 9507, 'driver_number': 20, 'date>': '2024-05-05T20:53:02.562000+00:00', 'date<': '2024-05-05T20:54:42.832000+00:00'}
2025-12-15 11:21:20 [DEBUG] __main__ - [compute_lap_features_for_driver] driver=20 lap=31, car_data rows=382
2025-12-15 11:21:20 [INFO] __main__ - [compute_lap_features_for_driver] driver=20 lap=32 DROP (SC_LAP), status=SC, duration=115.3s
2025-12-15 11:21:20 [INFO] __main__ - [compute_lap_features_for_driver] driver=20 lap=33 KEEP, status=GREEN, duration=91.7s
2025-12-15 11:21:20 [DEBUG] __main__ - [get_openf1] GET https://api.openf1.org/v1/car_data params={'session_key': 9507, 'driver_number': 20, 'date>': '2024-05-05T20:56:38.106000+00:00', 'date<': '2024-05-05T20:58:09.817000+00:00'}
2025-12-15 11:21:20 [DEBUG] __main__ - [compute_lap_features_for_driver] driver=20 lap=33, car_data rows=349
2025-12-15 11:21:20 [INFO] __main__ - [compute_lap_features_for_driver] driver=20 lap=34 KEEP, status=GREEN, duration=92.2s
2025-12-15 11:21:20 [DEBUG] __main__ - [get_openf1] GET https://api.openf1.org/v1/car_data params={'session_key': 9507, 'driver_number': 20, 'date>': '2024-05-05T20:58:09.817000+00:00', 'date<': '2024-05-05T20:59:42.054000+00:00'}
2025-12-15 11:21:21 [DEBUG] __main__ - [compute_lap_features_for_driver] driver=20 lap=34, car_data rows=346
2025-12-15 11:21:21 [INFO] __main__ - [compute_lap_features_for_driver] driver=20 lap=35 KEEP, status=GREEN, duration=92.4s
2025-12-15 11:21:21 [DEBUG] __main__ - [get_openf1] GET https://api.openf1.org/v1/car_data params={'session_key': 9507, 'driver_number': 20, 'date>': '2024-05-05T20:59:42.054000+00:00', 'date<': '2024-05-05T21:01:14.467000+00:00'}
2025-12-15 11:21:21 [DEBUG] __main__ - [compute_lap_features_for_driver] driver=20 lap=35, car_data rows=354
2025-12-15 11:21:21 [INFO] __main__ - [compute_lap_features_for_driver] driver=20 lap=36 KEEP, status=GREEN, duration=91.8s
2025-12-15 11:21:21 [DEBUG] __main__ - [get_openf1] GET https://api.openf1.org/v1/car_data params={'session_key': 9507, 'driver_number': 20, 'date>': '2024-05-05T21:01:14.467000+00:00', 'date<': '2024-05-05T21:02:46.234000+00:00'}
2025-12-15 11:21:22 [DEBUG] __main__ - [compute_lap_features_for_driver] driver=20 lap=36, car_data rows=352
2025-12-15 11:21:22 [INFO] __main__ - [compute_lap_features_for_driver] driver=20 lap=37 KEEP, status=GREEN, duration=92.0s
2025-12-15 11:21:22 [DEBUG] __main__ - [get_openf1] GET https://api.openf1.org/v1/car_data params={'session_key': 9507, 'driver_number': 20, 'date>': '2024-05-05T21:02:46.234000+00:00', 'date<': '2024-05-05T21:04:18.228000+00:00'}
2025-12-15 11:21:23 [DEBUG] __main__ - [compute_lap_features_for_driver] driver=20 lap=37, car_data rows=336
2025-12-15 11:21:23 [INFO] __main__ - [compute_lap_features_for_driver] driver=20 lap=38 KEEP, status=GREEN, duration=92.0s
2025-12-15 11:21:23 [DEBUG] __main__ - [get_openf1] GET https://api.openf1.org/v1/car_data params={'session_key': 9507, 'driver_number': 20, 'date>': '2024-05-05T21:04:18.228000+00:00', 'date<': '2024-05-05T21:05:50.220000+00:00'}
2025-12-15 11:21:23 [DEBUG] __main__ - [compute_lap_features_for_driver] driver=20 lap=38, car_data rows=353
2025-12-15 11:21:23 [INFO] __main__ - [compute_lap_features_for_driver] driver=20 lap=39 KEEP, status=GREEN, duration=92.4s
2025-12-15 11:21:23 [DEBUG] __main__ - [get_openf1] GET https://api.openf1.org/v1/car_data params={'session_key': 9507, 'driver_number': 20, 'date>': '2024-05-05T21:05:50.220000+00:00', 'date<': '2024-05-05T21:07:22.627000+00:00'}
2025-12-15 11:21:24 [DEBUG] __main__ - [compute_lap_features_for_driver] driver=20 lap=39, car_data rows=342
2025-12-15 11:21:24 [INFO] __main__ - [compute_lap_features_for_driver] driver=20 lap=40 KEEP, status=GREEN, duration=92.5s
2025-12-15 11:21:24 [DEBUG] __main__ - [get_openf1] GET https://api.openf1.org/v1/car_data params={'session_key': 9507, 'driver_number': 20, 'date>': '2024-05-05T21:07:22.627000+00:00', 'date<': '2024-05-05T21:08:55.120000+00:00'}
2025-12-15 11:21:25 [DEBUG] __main__ - [compute_lap_features_for_driver] driver=20 lap=40, car_data rows=355
2025-12-15 11:21:25 [INFO] __main__ - [compute_lap_features_for_driver] driver=20 lap=41 KEEP, status=GREEN, duration=92.2s
2025-12-15 11:21:25 [DEBUG] __main__ - [get_openf1] GET https://api.openf1.org/v1/car_data params={'session_key': 9507, 'driver_number': 20, 'date>': '2024-05-05T21:08:55.120000+00:00', 'date<': '2024-05-05T21:10:27.326000+00:00'}
2025-12-15 11:21:25 [DEBUG] __main__ - [compute_lap_features_for_driver] driver=20 lap=41, car_data rows=343
2025-12-15 11:21:25 [INFO] __main__ - [compute_lap_features_for_driver] driver=20 lap=42 KEEP, status=GREEN, duration=92.3s
2025-12-15 11:21:25 [DEBUG] __main__ - [get_openf1] GET https://api.openf1.org/v1/car_data params={'session_key': 9507, 'driver_number': 20, 'date>': '2024-05-05T21:10:27.326000+00:00', 'date<': '2024-05-05T21:11:59.638000+00:00'}
2025-12-15 11:21:26 [DEBUG] __main__ - [compute_lap_features_for_driver] driver=20 lap=42, car_data rows=352
2025-12-15 11:21:26 [INFO] __main__ - [compute_lap_features_for_driver] driver=20 lap=43 KEEP, status=GREEN, duration=92.3s
2025-12-15 11:21:26 [DEBUG] __main__ - [get_openf1] GET https://api.openf1.org/v1/car_data params={'session_key': 9507, 'driver_number': 20, 'date>': '2024-05-05T21:11:59.638000+00:00', 'date<': '2024-05-05T21:13:31.889000+00:00'}
2025-12-15 11:21:26 [DEBUG] __main__ - [compute_lap_features_for_driver] driver=20 lap=43, car_data rows=344
2025-12-15 11:21:26 [INFO] __main__ - [compute_lap_features_for_driver] driver=20 lap=44 KEEP, status=GREEN, duration=92.2s
2025-12-15 11:21:26 [DEBUG] __main__ - [get_openf1] GET https://api.openf1.org/v1/car_data params={'session_key': 9507, 'driver_number': 20, 'date>': '2024-05-05T21:13:31.889000+00:00', 'date<': '2024-05-05T21:15:04.069000+00:00'}
2025-12-15 11:21:27 [DEBUG] __main__ - [compute_lap_features_for_driver] driver=20 lap=44, car_data rows=331
2025-12-15 11:21:27 [INFO] __main__ - [compute_lap_features_for_driver] driver=20 lap=45 DROP (SC_LAP), status=SC, duration=92.3s
2025-12-15 11:21:27 [INFO] __main__ - [compute_lap_features_for_driver] driver=20 lap=46 KEEP, status=GREEN, duration=93.0s
2025-12-15 11:21:27 [DEBUG] __main__ - [get_openf1] GET https://api.openf1.org/v1/car_data params={'session_key': 9507, 'driver_number': 20, 'date>': '2024-05-05T21:16:36.351000+00:00', 'date<': '2024-05-05T21:18:09.363000+00:00'}
2025-12-15 11:21:28 [DEBUG] __main__ - [compute_lap_features_for_driver] driver=20 lap=46, car_data rows=348
2025-12-15 11:21:28 [INFO] __main__ - [compute_lap_features_for_driver] driver=20 lap=47 KEEP, status=GREEN, duration=93.1s
2025-12-15 11:21:28 [DEBUG] __main__ - [get_openf1] GET https://api.openf1.org/v1/car_data params={'session_key': 9507, 'driver_number': 20, 'date>': '2024-05-05T21:18:09.363000+00:00', 'date<': '2024-05-05T21:19:42.454000+00:00'}
2025-12-15 11:21:28 [DEBUG] __main__ - [compute_lap_features_for_driver] driver=20 lap=47, car_data rows=369
2025-12-15 11:21:28 [INFO] __main__ - [compute_lap_features_for_driver] driver=20 lap=48 KEEP, status=GREEN, duration=92.3s
2025-12-15 11:21:28 [DEBUG] __main__ - [get_openf1] GET https://api.openf1.org/v1/car_data params={'session_key': 9507, 'driver_number': 20, 'date>': '2024-05-05T21:19:42.454000+00:00', 'date<': '2024-05-05T21:21:14.726000+00:00'}
2025-12-15 11:21:29 [DEBUG] __main__ - [compute_lap_features_for_driver] driver=20 lap=48, car_data rows=358
2025-12-15 11:21:29 [INFO] __main__ - [compute_lap_features_for_driver] driver=20 lap=49 KEEP, status=GREEN, duration=92.4s
2025-12-15 11:21:29 [DEBUG] __main__ - [get_openf1] GET https://api.openf1.org/v1/car_data params={'session_key': 9507, 'driver_number': 20, 'date>': '2024-05-05T21:21:14.726000+00:00', 'date<': '2024-05-05T21:22:47.170000+00:00'}
2025-12-15 11:21:30 [DEBUG] __main__ - [compute_lap_features_for_driver] driver=20 lap=49, car_data rows=343
2025-12-15 11:21:30 [INFO] __main__ - [compute_lap_features_for_driver] driver=20 lap=50 KEEP, status=GREEN, duration=92.4s
2025-12-15 11:21:30 [DEBUG] __main__ - [get_openf1] GET https://api.openf1.org/v1/car_data params={'session_key': 9507, 'driver_number': 20, 'date>': '2024-05-05T21:22:47.170000+00:00', 'date<': '2024-05-05T21:24:19.615000+00:00'}
2025-12-15 11:21:30 [DEBUG] __main__ - [compute_lap_features_for_driver] driver=20 lap=50, car_data rows=366
2025-12-15 11:21:30 [INFO] __main__ - [compute_lap_features_for_driver] driver=20 lap=51 KEEP, status=GREEN, duration=92.4s
2025-12-15 11:21:30 [DEBUG] __main__ - [get_openf1] GET https://api.openf1.org/v1/car_data params={'session_key': 9507, 'driver_number': 20, 'date>': '2024-05-05T21:24:19.615000+00:00', 'date<': '2024-05-05T21:25:52.043000+00:00'}
2025-12-15 11:21:31 [DEBUG] __main__ - [compute_lap_features_for_driver] driver=20 lap=51, car_data rows=348
2025-12-15 11:21:31 [INFO] __main__ - [compute_lap_features_for_driver] driver=20 lap=52 KEEP, status=GREEN, duration=93.1s
2025-12-15 11:21:31 [DEBUG] __main__ - [get_openf1] GET https://api.openf1.org/v1/car_data params={'session_key': 9507, 'driver_number': 20, 'date>': '2024-05-05T21:25:52.043000+00:00', 'date<': '2024-05-05T21:27:25.140000+00:00'}
2025-12-15 11:21:31 [DEBUG] __main__ - [compute_lap_features_for_driver] driver=20 lap=52, car_data rows=350
2025-12-15 11:21:31 [INFO] __main__ - [compute_lap_features_for_driver] driver=20 lap=53 KEEP, status=GREEN, duration=92.6s
2025-12-15 11:21:31 [DEBUG] __main__ - [get_openf1] GET https://api.openf1.org/v1/car_data params={'session_key': 9507, 'driver_number': 20, 'date>': '2024-05-05T21:27:25.140000+00:00', 'date<': '2024-05-05T21:28:57.708000+00:00'}
2025-12-15 11:21:32 [DEBUG] __main__ - [compute_lap_features_for_driver] driver=20 lap=53, car_data rows=346
2025-12-15 11:21:32 [INFO] __main__ - [compute_lap_features_for_driver] driver=20 lap=54 KEEP, status=GREEN, duration=92.9s
2025-12-15 11:21:32 [DEBUG] __main__ - [get_openf1] GET https://api.openf1.org/v1/car_data params={'session_key': 9507, 'driver_number': 20, 'date>': '2024-05-05T21:28:57.708000+00:00', 'date<': '2024-05-05T21:30:30.588000+00:00'}
2025-12-15 11:21:32 [DEBUG] __main__ - [compute_lap_features_for_driver] driver=20 lap=54, car_data rows=353
2025-12-15 11:21:32 [INFO] __main__ - [compute_lap_features_for_driver] driver=20 lap=55 KEEP, status=GREEN, duration=92.3s
2025-12-15 11:21:32 [DEBUG] __main__ - [get_openf1] GET https://api.openf1.org/v1/car_data params={'session_key': 9507, 'driver_number': 20, 'date>': '2024-05-05T21:30:30.588000+00:00', 'date<': '2024-05-05T21:32:02.905000+00:00'}
2025-12-15 11:21:33 [DEBUG] __main__ - [compute_lap_features_for_driver] driver=20 lap=55, car_data rows=351
2025-12-15 11:21:33 [INFO] __main__ - [compute_lap_features_for_driver] driver=20 lap=56 KEEP, status=GREEN, duration=92.8s
2025-12-15 11:21:33 [DEBUG] __main__ - [get_openf1] GET https://api.openf1.org/v1/car_data params={'session_key': 9507, 'driver_number': 20, 'date>': '2024-05-05T21:32:02.905000+00:00', 'date<': '2024-05-05T21:33:35.722000+00:00'}
2025-12-15 11:21:33 [DEBUG] __main__ - [compute_lap_features_for_driver] driver=20 lap=56, car_data rows=353
2025-12-15 11:21:33 [INFO] __main__ - [compute_lap_features_for_driver] driver=20 lap=57 DROP (CHEQUERED_FLAG_LAP), status=RED_FLAG;CHEQUERED, duration=nans
2025-12-15 11:21:33 [INFO] __main__ - [compute_lap_features_for_driver] driver=20, feature laps=[2, 3, 4, 5, 6, 7, 8, 9, 10, 11, 12, 13, 14, 15, 16, 17, 18, 19, 20, 21, 24, 25, 26, 27, 30, 31, 33, 34, 35, 36, 37, 38, 39, 40, 41, 42, 43, 44, 46, 47, 48, 49, 50, 51, 52, 53, 54, 55, 56]
2025-12-15 11:21:33 [INFO] __main__ - [build_driver_style_embedding_json] all feature laps (combined)=[2, 3, 4, 5, 6, 7, 8, 9, 10, 11, 12, 13, 14, 15, 16, 17, 18, 19, 20, 21, 22, 24, 25, 26, 27, 29, 30, 31, 33, 34, 35, 36, 37, 38, 39, 40, 41, 42, 43, 44, 46, 47, 48, 49, 50, 51, 52, 53, 54, 55, 56, 57]
2025-12-15 11:21:34 [INFO] __main__ - [embed_lap_features] focus_laps = [11, 30, 58]
2025-12-15 11:21:34 [INFO] __main__ - Saved ./driver_style_embedding_2024miami.json
