2025-12-15 11:52:26 [INFO] __main__ - ===== Driver Style Map logging started for race_id=2024sopaulo =====
2025-12-15 11:52:26 [INFO] __main__ - log file: log/driver_style_2024sopaulo.log
2025-12-15 11:52:26 [INFO] __main__ - === Start processing 2024sopaulo ===
2025-12-15 11:52:26 [DEBUG] __main__ - [get_openf1] GET https://api.openf1.org/v1/meetings params={'year': 2024}
2025-12-15 11:52:26 [DEBUG] __main__ - [get_openf1] GET https://api.openf1.org/v1/sessions params={'meeting_key': 1249}
2025-12-15 11:52:27 [INFO] __main__ - [find_race_session] year=2024 slug=sopaulo -> session_key=9636, meeting_name=São Paulo Grand Prix
2025-12-15 11:52:27 [INFO] __main__ - [main] race_id=2024sopaulo -> session_key=9636, meeting_name=São Paulo Grand Prix
2025-12-15 11:52:27 [DEBUG] __main__ - [get_openf1] GET https://api.openf1.org/v1/session_result params={'session_key': 9636}
2025-12-15 11:52:27 [DEBUG] __main__ - [get_openf1] GET https://api.openf1.org/v1/drivers params={'session_key': 9636}
2025-12-15 11:52:27 [INFO] __main__ - [select_race_drivers] session_key=9636 winner=1 teammate=11 last_finisher=24
2025-12-15 11:52:27 [INFO] __main__ - [build_driver_style_embedding_json] start session_key=9636, drivers=[1, 11, 24]
2025-12-15 11:52:27 [DEBUG] __main__ - [get_openf1] GET https://api.openf1.org/v1/race_control params={'session_key': 9636}
2025-12-15 11:52:28 [DEBUG] __main__ - [get_openf1] GET https://api.openf1.org/v1/sessions params={'session_key': 9636}
2025-12-15 11:52:28 [INFO] __main__ - [fetch_session_start] session_key=9636, date_start=2024-11-03 15:30:00+00:00
2025-12-15 11:52:28 [INFO] __main__ - [fetch_race_start_time] use first GREEN as race_start: 2024-11-03 14:50:01+00:00
2025-12-15 11:52:28 [DEBUG] __main__ - [get_openf1] GET https://api.openf1.org/v1/laps params={'session_key': 9636, 'driver_number': 1}
2025-12-15 11:52:29 [INFO] __main__ - [fetch_laps] fill lap 1 date_start with race_start=2024-11-03 14:50:01+00:00
2025-12-15 11:52:29 [INFO] __main__ - [fetch_laps] driver=1, laps: min=1, max=69, count=69
2025-12-15 11:52:29 [DEBUG] __main__ - [fetch_laps] head:
   meeting_key  session_key  ...  st_speed  lap_duration_s
0         1249         9636  ...     189.0        3696.168
1         1249         9636  ...     248.0          87.000
2         1249         9636  ...     245.0          86.301
3         1249         9636  ...     229.0          86.721
4         1249         9636  ...     256.0          85.439

[5 rows x 17 columns]
2025-12-15 11:52:29 [INFO] __main__ - [build_driver_style_embedding_json] ref_driver=1, min_lap=1, max_lap=69
2025-12-15 11:52:29 [INFO] __main__ - [build_driver_style_embedding_json] phase_split plan =
2025-12-15 11:52:29 [INFO] __main__ -   opening: [1, 2, 3, 4, 5, 6, 7, 8, 9, 10, 11, 12, 13, 14, 15, 16, 17, 18, 19, 20, 21, 22, 23]
2025-12-15 11:52:29 [INFO] __main__ -   middle : [24, 25, 26, 27, 28, 29, 30, 31, 32, 33, 34, 35, 36, 37, 38, 39, 40, 41, 42, 43, 44, 45, 46]
2025-12-15 11:52:29 [INFO] __main__ -   ending : [47, 48, 49, 50, 51, 52, 53, 54, 55, 56, 57, 58, 59, 60, 61, 62, 63, 64, 65, 66, 67, 68, 69]
2025-12-15 11:52:29 [INFO] __main__ - [build_driver_style_embedding_json] compute features for driver=1
2025-12-15 11:52:29 [DEBUG] __main__ - [get_openf1] GET https://api.openf1.org/v1/laps params={'session_key': 9636, 'driver_number': 1}
2025-12-15 11:52:30 [DEBUG] __main__ - [get_openf1] GET https://api.openf1.org/v1/sessions params={'session_key': 9636}
2025-12-15 11:52:31 [INFO] __main__ - [fetch_session_start] session_key=9636, date_start=2024-11-03 15:30:00+00:00
2025-12-15 11:52:31 [INFO] __main__ - [fetch_race_start_time] use first GREEN as race_start: 2024-11-03 14:50:01+00:00
2025-12-15 11:52:31 [INFO] __main__ - [fetch_laps] fill lap 1 date_start with race_start=2024-11-03 14:50:01+00:00
2025-12-15 11:52:31 [INFO] __main__ - [fetch_laps] driver=1, laps: min=1, max=69, count=69
2025-12-15 11:52:31 [DEBUG] __main__ - [fetch_laps] head:
   meeting_key  session_key  ...  st_speed  lap_duration_s
0         1249         9636  ...     189.0        3696.168
1         1249         9636  ...     248.0          87.000
2         1249         9636  ...     245.0          86.301
3         1249         9636  ...     229.0          86.721
4         1249         9636  ...     256.0          85.439

[5 rows x 17 columns]
2025-12-15 11:52:31 [DEBUG] __main__ - [build_lap_status_mapping] status_by_lap={1: 'YELLOW', 2: 'GREEN', 3: 'GREEN', 4: 'YELLOW', 5: 'GREEN', 6: 'GREEN', 7: 'GREEN', 8: 'GREEN', 9: 'GREEN', 10: 'GREEN', 11: 'YELLOW', 12: 'GREEN', 13: 'GREEN', 14: 'GREEN', 15: 'GREEN', 16: 'GREEN', 17: 'GREEN', 18: 'GREEN', 19: 'GREEN', 20: 'GREEN', 21: 'GREEN', 22: 'GREEN', 23: 'GREEN', 24: 'GREEN', 25: 'GREEN', 26: 'YELLOW', 27: 'VSC;YELLOW', 28: 'VSC;YELLOW', 29: 'GREEN', 30: 'SC', 31: 'GREEN', 32: 'YELLOW;RED_FLAG', 33: 'YELLOW', 34: 'GREEN', 35: 'GREEN', 36: 'YELLOW', 37: 'GREEN', 38: 'YELLOW', 39: 'SC;YELLOW', 40: 'GREEN', 41: 'GREEN', 42: 'SC', 43: 'YELLOW', 44: 'GREEN', 45: 'GREEN', 46: 'GREEN', 47: 'GREEN', 48: 'GREEN', 49: 'GREEN', 50: 'GREEN', 51: 'GREEN', 52: 'YELLOW', 53: 'GREEN', 54: 'GREEN', 55: 'GREEN', 56: 'GREEN', 57: 'GREEN', 58: 'GREEN', 59: 'GREEN', 60: 'GREEN', 61: 'GREEN', 62: 'GREEN', 63: 'GREEN', 64: 'GREEN', 65: 'GREEN', 66: 'GREEN', 67: 'GREEN', 68: 'GREEN', 69: 'RED_FLAG;CHEQUERED'}
2025-12-15 11:52:31 [INFO] __main__ - [compute_lap_features_for_driver] driver=1, typical_duration_s=84.269
2025-12-15 11:52:31 [INFO] __main__ - [compute_lap_features_for_driver] driver=1 lap=1 DROP (YELLOW_FLAG_LAP), status=YELLOW, duration=3696.2s
2025-12-15 11:52:31 [INFO] __main__ - [compute_lap_features_for_driver] driver=1 lap=2 KEEP, status=GREEN, duration=87.0s
2025-12-15 11:52:31 [DEBUG] __main__ - [get_openf1] GET https://api.openf1.org/v1/car_data params={'session_key': 9636, 'driver_number': 1, 'date>': '2024-11-03T15:51:37.168000+00:00', 'date<': '2024-11-03T15:53:04.168000+00:00'}
2025-12-15 11:52:31 [DEBUG] __main__ - [compute_lap_features_for_driver] driver=1 lap=2, car_data rows=331
2025-12-15 11:52:31 [INFO] __main__ - [compute_lap_features_for_driver] driver=1 lap=3 KEEP, status=GREEN, duration=86.3s
2025-12-15 11:52:31 [DEBUG] __main__ - [get_openf1] GET https://api.openf1.org/v1/car_data params={'session_key': 9636, 'driver_number': 1, 'date>': '2024-11-03T15:53:04.168000+00:00', 'date<': '2024-11-03T15:54:30.469000+00:00'}
2025-12-15 11:52:32 [DEBUG] __main__ - [compute_lap_features_for_driver] driver=1 lap=3, car_data rows=315
2025-12-15 11:52:32 [INFO] __main__ - [compute_lap_features_for_driver] driver=1 lap=4 DROP (YELLOW_FLAG_LAP), status=YELLOW, duration=86.7s
2025-12-15 11:52:32 [INFO] __main__ - [compute_lap_features_for_driver] driver=1 lap=5 KEEP, status=GREEN, duration=85.4s
2025-12-15 11:52:32 [DEBUG] __main__ - [get_openf1] GET https://api.openf1.org/v1/car_data params={'session_key': 9636, 'driver_number': 1, 'date>': '2024-11-03T15:55:57.190000+00:00', 'date<': '2024-11-03T15:57:22.629000+00:00'}
2025-12-15 11:52:32 [DEBUG] __main__ - [compute_lap_features_for_driver] driver=1 lap=5, car_data rows=329
2025-12-15 11:52:32 [INFO] __main__ - [compute_lap_features_for_driver] driver=1 lap=6 KEEP, status=GREEN, duration=84.3s
2025-12-15 11:52:32 [DEBUG] __main__ - [get_openf1] GET https://api.openf1.org/v1/car_data params={'session_key': 9636, 'driver_number': 1, 'date>': '2024-11-03T15:57:22.629000+00:00', 'date<': '2024-11-03T15:58:46.898000+00:00'}
2025-12-15 11:52:33 [DEBUG] __main__ - [compute_lap_features_for_driver] driver=1 lap=6, car_data rows=315
2025-12-15 11:52:33 [INFO] __main__ - [compute_lap_features_for_driver] driver=1 lap=7 KEEP, status=GREEN, duration=84.4s
2025-12-15 11:52:33 [DEBUG] __main__ - [get_openf1] GET https://api.openf1.org/v1/car_data params={'session_key': 9636, 'driver_number': 1, 'date>': '2024-11-03T15:58:46.898000+00:00', 'date<': '2024-11-03T16:00:11.292000+00:00'}
2025-12-15 11:52:34 [DEBUG] __main__ - [compute_lap_features_for_driver] driver=1 lap=7, car_data rows=305
2025-12-15 11:52:34 [INFO] __main__ - [compute_lap_features_for_driver] driver=1 lap=8 KEEP, status=GREEN, duration=84.7s
2025-12-15 11:52:34 [DEBUG] __main__ - [get_openf1] GET https://api.openf1.org/v1/car_data params={'session_key': 9636, 'driver_number': 1, 'date>': '2024-11-03T16:00:11.292000+00:00', 'date<': '2024-11-03T16:01:35.957000+00:00'}
2025-12-15 11:52:34 [DEBUG] __main__ - [compute_lap_features_for_driver] driver=1 lap=8, car_data rows=322
2025-12-15 11:52:34 [INFO] __main__ - [compute_lap_features_for_driver] driver=1 lap=9 KEEP, status=GREEN, duration=84.8s
2025-12-15 11:52:34 [DEBUG] __main__ - [get_openf1] GET https://api.openf1.org/v1/car_data params={'session_key': 9636, 'driver_number': 1, 'date>': '2024-11-03T16:01:35.957000+00:00', 'date<': '2024-11-03T16:03:00.718000+00:00'}
2025-12-15 11:52:35 [DEBUG] __main__ - [compute_lap_features_for_driver] driver=1 lap=9, car_data rows=329
2025-12-15 11:52:35 [INFO] __main__ - [compute_lap_features_for_driver] driver=1 lap=10 KEEP, status=GREEN, duration=84.0s
2025-12-15 11:52:35 [DEBUG] __main__ - [get_openf1] GET https://api.openf1.org/v1/car_data params={'session_key': 9636, 'driver_number': 1, 'date>': '2024-11-03T16:03:00.718000+00:00', 'date<': '2024-11-03T16:04:24.685000+00:00'}
2025-12-15 11:52:36 [DEBUG] __main__ - [compute_lap_features_for_driver] driver=1 lap=10, car_data rows=313
2025-12-15 11:52:36 [INFO] __main__ - [compute_lap_features_for_driver] driver=1 lap=11 DROP (YELLOW_FLAG_LAP), status=YELLOW, duration=84.1s
2025-12-15 11:52:36 [INFO] __main__ - [compute_lap_features_for_driver] driver=1 lap=12 KEEP, status=GREEN, duration=83.4s
2025-12-15 11:52:36 [DEBUG] __main__ - [get_openf1] GET https://api.openf1.org/v1/car_data params={'session_key': 9636, 'driver_number': 1, 'date>': '2024-11-03T16:05:48.776000+00:00', 'date<': '2024-11-03T16:07:12.153000+00:00'}
2025-12-15 11:52:37 [DEBUG] __main__ - [compute_lap_features_for_driver] driver=1 lap=12, car_data rows=314
2025-12-15 11:52:37 [INFO] __main__ - [compute_lap_features_for_driver] driver=1 lap=13 KEEP, status=GREEN, duration=84.7s
2025-12-15 11:52:37 [DEBUG] __main__ - [get_openf1] GET https://api.openf1.org/v1/car_data params={'session_key': 9636, 'driver_number': 1, 'date>': '2024-11-03T16:07:12.153000+00:00', 'date<': '2024-11-03T16:08:36.841000+00:00'}
2025-12-15 11:52:37 [DEBUG] __main__ - [compute_lap_features_for_driver] driver=1 lap=13, car_data rows=318
2025-12-15 11:52:37 [INFO] __main__ - [compute_lap_features_for_driver] driver=1 lap=14 KEEP, status=GREEN, duration=84.8s
2025-12-15 11:52:37 [DEBUG] __main__ - [get_openf1] GET https://api.openf1.org/v1/car_data params={'session_key': 9636, 'driver_number': 1, 'date>': '2024-11-03T16:08:36.841000+00:00', 'date<': '2024-11-03T16:10:01.608000+00:00'}
2025-12-15 11:52:39 [DEBUG] __main__ - [compute_lap_features_for_driver] driver=1 lap=14, car_data rows=311
2025-12-15 11:52:39 [INFO] __main__ - [compute_lap_features_for_driver] driver=1 lap=15 KEEP, status=GREEN, duration=84.7s
2025-12-15 11:52:39 [DEBUG] __main__ - [get_openf1] GET https://api.openf1.org/v1/car_data params={'session_key': 9636, 'driver_number': 1, 'date>': '2024-11-03T16:10:01.608000+00:00', 'date<': '2024-11-03T16:11:26.307000+00:00'}
2025-12-15 11:52:40 [DEBUG] __main__ - [compute_lap_features_for_driver] driver=1 lap=15, car_data rows=327
2025-12-15 11:52:40 [INFO] __main__ - [compute_lap_features_for_driver] driver=1 lap=16 KEEP, status=GREEN, duration=85.0s
2025-12-15 11:52:40 [DEBUG] __main__ - [get_openf1] GET https://api.openf1.org/v1/car_data params={'session_key': 9636, 'driver_number': 1, 'date>': '2024-11-03T16:11:26.307000+00:00', 'date<': '2024-11-03T16:12:51.313000+00:00'}
2025-12-15 11:52:41 [DEBUG] __main__ - [compute_lap_features_for_driver] driver=1 lap=16, car_data rows=321
2025-12-15 11:52:41 [INFO] __main__ - [compute_lap_features_for_driver] driver=1 lap=17 KEEP, status=GREEN, duration=84.5s
2025-12-15 11:52:41 [DEBUG] __main__ - [get_openf1] GET https://api.openf1.org/v1/car_data params={'session_key': 9636, 'driver_number': 1, 'date>': '2024-11-03T16:12:51.313000+00:00', 'date<': '2024-11-03T16:14:15.779000+00:00'}
2025-12-15 11:52:41 [DEBUG] __main__ - [compute_lap_features_for_driver] driver=1 lap=17, car_data rows=315
2025-12-15 11:52:41 [INFO] __main__ - [compute_lap_features_for_driver] driver=1 lap=18 KEEP, status=GREEN, duration=84.2s
2025-12-15 11:52:41 [DEBUG] __main__ - [get_openf1] GET https://api.openf1.org/v1/car_data params={'session_key': 9636, 'driver_number': 1, 'date>': '2024-11-03T16:14:15.779000+00:00', 'date<': '2024-11-03T16:15:39.999000+00:00'}
2025-12-15 11:52:42 [DEBUG] __main__ - [compute_lap_features_for_driver] driver=1 lap=18, car_data rows=311
2025-12-15 11:52:42 [INFO] __main__ - [compute_lap_features_for_driver] driver=1 lap=19 KEEP, status=GREEN, duration=84.5s
2025-12-15 11:52:42 [DEBUG] __main__ - [get_openf1] GET https://api.openf1.org/v1/car_data params={'session_key': 9636, 'driver_number': 1, 'date>': '2024-11-03T16:15:39.999000+00:00', 'date<': '2024-11-03T16:17:04.453000+00:00'}
2025-12-15 11:52:43 [DEBUG] __main__ - [compute_lap_features_for_driver] driver=1 lap=19, car_data rows=321
2025-12-15 11:52:43 [INFO] __main__ - [compute_lap_features_for_driver] driver=1 lap=20 KEEP, status=GREEN, duration=83.9s
2025-12-15 11:52:43 [DEBUG] __main__ - [get_openf1] GET https://api.openf1.org/v1/car_data params={'session_key': 9636, 'driver_number': 1, 'date>': '2024-11-03T16:17:04.453000+00:00', 'date<': '2024-11-03T16:18:28.345000+00:00'}
2025-12-15 11:52:45 [DEBUG] __main__ - [compute_lap_features_for_driver] driver=1 lap=20, car_data rows=315
2025-12-15 11:52:45 [INFO] __main__ - [compute_lap_features_for_driver] driver=1 lap=21 KEEP, status=GREEN, duration=84.4s
2025-12-15 11:52:45 [DEBUG] __main__ - [get_openf1] GET https://api.openf1.org/v1/car_data params={'session_key': 9636, 'driver_number': 1, 'date>': '2024-11-03T16:18:28.345000+00:00', 'date<': '2024-11-03T16:19:52.753000+00:00'}
2025-12-15 11:52:45 [DEBUG] __main__ - [compute_lap_features_for_driver] driver=1 lap=21, car_data rows=304
2025-12-15 11:52:45 [INFO] __main__ - [compute_lap_features_for_driver] driver=1 lap=22 KEEP, status=GREEN, duration=85.0s
2025-12-15 11:52:45 [DEBUG] __main__ - [get_openf1] GET https://api.openf1.org/v1/car_data params={'session_key': 9636, 'driver_number': 1, 'date>': '2024-11-03T16:19:52.753000+00:00', 'date<': '2024-11-03T16:21:17.709000+00:00'}
2025-12-15 11:52:46 [DEBUG] __main__ - [compute_lap_features_for_driver] driver=1 lap=22, car_data rows=317
2025-12-15 11:52:46 [INFO] __main__ - [compute_lap_features_for_driver] driver=1 lap=23 KEEP, status=GREEN, duration=84.2s
2025-12-15 11:52:46 [DEBUG] __main__ - [get_openf1] GET https://api.openf1.org/v1/car_data params={'session_key': 9636, 'driver_number': 1, 'date>': '2024-11-03T16:21:17.709000+00:00', 'date<': '2024-11-03T16:22:41.937000+00:00'}
2025-12-15 11:52:47 [DEBUG] __main__ - [compute_lap_features_for_driver] driver=1 lap=23, car_data rows=304
2025-12-15 11:52:47 [INFO] __main__ - [compute_lap_features_for_driver] driver=1 lap=24 KEEP, status=GREEN, duration=84.5s
2025-12-15 11:52:47 [DEBUG] __main__ - [get_openf1] GET https://api.openf1.org/v1/car_data params={'session_key': 9636, 'driver_number': 1, 'date>': '2024-11-03T16:22:41.937000+00:00', 'date<': '2024-11-03T16:24:06.401000+00:00'}
2025-12-15 11:52:48 [DEBUG] __main__ - [compute_lap_features_for_driver] driver=1 lap=24, car_data rows=311
2025-12-15 11:52:48 [INFO] __main__ - [compute_lap_features_for_driver] driver=1 lap=25 KEEP, status=GREEN, duration=84.3s
2025-12-15 11:52:48 [DEBUG] __main__ - [get_openf1] GET https://api.openf1.org/v1/car_data params={'session_key': 9636, 'driver_number': 1, 'date>': '2024-11-03T16:24:06.401000+00:00', 'date<': '2024-11-03T16:25:30.731000+00:00'}
2025-12-15 11:52:48 [DEBUG] __main__ - [compute_lap_features_for_driver] driver=1 lap=25, car_data rows=316
2025-12-15 11:52:48 [INFO] __main__ - [compute_lap_features_for_driver] driver=1 lap=26 DROP (YELLOW_FLAG_LAP), status=YELLOW, duration=85.2s
2025-12-15 11:52:48 [INFO] __main__ - [compute_lap_features_for_driver] driver=1 lap=27 DROP (VSC_LAP), status=VSC;YELLOW, duration=88.3s
2025-12-15 11:52:48 [INFO] __main__ - [compute_lap_features_for_driver] driver=1 lap=28 DROP (VSC_LAP), status=VSC;YELLOW, duration=111.7s
2025-12-15 11:52:48 [INFO] __main__ - [compute_lap_features_for_driver] driver=1 lap=29 KEEP, status=GREEN, duration=105.0s
2025-12-15 11:52:48 [DEBUG] __main__ - [get_openf1] GET https://api.openf1.org/v1/car_data params={'session_key': 9636, 'driver_number': 1, 'date>': '2024-11-03T16:30:15.980000+00:00', 'date<': '2024-11-03T16:32:01.019000+00:00'}
2025-12-15 11:52:49 [DEBUG] __main__ - [compute_lap_features_for_driver] driver=1 lap=29, car_data rows=385
2025-12-15 11:52:49 [INFO] __main__ - [compute_lap_features_for_driver] driver=1 lap=30 DROP (SC_LAP), status=SC, duration=119.3s
2025-12-15 11:52:49 [INFO] __main__ - [compute_lap_features_for_driver] driver=1 lap=31 KEEP, status=GREEN, duration=125.0s
2025-12-15 11:52:49 [DEBUG] __main__ - [get_openf1] GET https://api.openf1.org/v1/car_data params={'session_key': 9636, 'driver_number': 1, 'date>': '2024-11-03T16:34:00.359000+00:00', 'date<': '2024-11-03T16:36:05.404000+00:00'}
2025-12-15 11:52:51 [DEBUG] __main__ - [compute_lap_features_for_driver] driver=1 lap=31, car_data rows=472
2025-12-15 11:52:51 [INFO] __main__ - [compute_lap_features_for_driver] driver=1 lap=32 DROP (RED_FLAG_LAP), status=YELLOW;RED_FLAG, duration=158.5s
2025-12-15 11:52:51 [INFO] __main__ - [compute_lap_features_for_driver] driver=1 lap=33 DROP (YELLOW_FLAG_LAP), status=YELLOW, duration=1556.4s
2025-12-15 11:52:51 [INFO] __main__ - [compute_lap_features_for_driver] driver=1 lap=34 KEEP, status=GREEN, duration=90.4s
2025-12-15 11:52:51 [DEBUG] __main__ - [get_openf1] GET https://api.openf1.org/v1/car_data params={'session_key': 9636, 'driver_number': 1, 'date>': '2024-11-03T17:04:40.325000+00:00', 'date<': '2024-11-03T17:06:10.719000+00:00'}
2025-12-15 11:52:52 [DEBUG] __main__ - [compute_lap_features_for_driver] driver=1 lap=34, car_data rows=332
2025-12-15 11:52:52 [INFO] __main__ - [compute_lap_features_for_driver] driver=1 lap=35 KEEP, status=GREEN, duration=88.0s
2025-12-15 11:52:52 [DEBUG] __main__ - [get_openf1] GET https://api.openf1.org/v1/car_data params={'session_key': 9636, 'driver_number': 1, 'date>': '2024-11-03T17:06:10.719000+00:00', 'date<': '2024-11-03T17:07:38.684000+00:00'}
2025-12-15 11:52:53 [DEBUG] __main__ - [compute_lap_features_for_driver] driver=1 lap=35, car_data rows=312
2025-12-15 11:52:53 [INFO] __main__ - [compute_lap_features_for_driver] driver=1 lap=36 DROP (YELLOW_FLAG_LAP), status=YELLOW, duration=86.6s
2025-12-15 11:52:53 [INFO] __main__ - [compute_lap_features_for_driver] driver=1 lap=37 KEEP, status=GREEN, duration=85.3s
2025-12-15 11:52:53 [DEBUG] __main__ - [get_openf1] GET https://api.openf1.org/v1/car_data params={'session_key': 9636, 'driver_number': 1, 'date>': '2024-11-03T17:09:05.275000+00:00', 'date<': '2024-11-03T17:10:30.543000+00:00'}
2025-12-15 11:52:53 [DEBUG] __main__ - [compute_lap_features_for_driver] driver=1 lap=37, car_data rows=323
2025-12-15 11:52:53 [INFO] __main__ - [compute_lap_features_for_driver] driver=1 lap=38 DROP (YELLOW_FLAG_LAP), status=YELLOW, duration=84.3s
2025-12-15 11:52:53 [INFO] __main__ - [compute_lap_features_for_driver] driver=1 lap=39 DROP (SC_LAP), status=SC;YELLOW, duration=85.3s
2025-12-15 11:52:53 [INFO] __main__ - [compute_lap_features_for_driver] driver=1 lap=40 KEEP, status=GREEN, duration=129.6s
2025-12-15 11:52:53 [DEBUG] __main__ - [get_openf1] GET https://api.openf1.org/v1/car_data params={'session_key': 9636, 'driver_number': 1, 'date>': '2024-11-03T17:13:20.120000+00:00', 'date<': '2024-11-03T17:15:29.684000+00:00'}
2025-12-15 11:52:54 [DEBUG] __main__ - [compute_lap_features_for_driver] driver=1 lap=40, car_data rows=487
2025-12-15 11:52:54 [INFO] __main__ - [compute_lap_features_for_driver] driver=1 lap=41 KEEP, status=GREEN, duration=125.0s
2025-12-15 11:52:54 [DEBUG] __main__ - [get_openf1] GET https://api.openf1.org/v1/car_data params={'session_key': 9636, 'driver_number': 1, 'date>': '2024-11-03T17:15:29.684000+00:00', 'date<': '2024-11-03T17:17:34.716000+00:00'}
2025-12-15 11:52:55 [DEBUG] __main__ - [compute_lap_features_for_driver] driver=1 lap=41, car_data rows=455
2025-12-15 11:52:55 [INFO] __main__ - [compute_lap_features_for_driver] driver=1 lap=42 DROP (SC_LAP), status=SC, duration=143.0s
2025-12-15 11:52:55 [INFO] __main__ - [compute_lap_features_for_driver] driver=1 lap=43 DROP (YELLOW_FLAG_LAP), status=YELLOW, duration=85.6s
2025-12-15 11:52:55 [INFO] __main__ - [compute_lap_features_for_driver] driver=1 lap=44 KEEP, status=GREEN, duration=83.9s
2025-12-15 11:52:55 [DEBUG] __main__ - [get_openf1] GET https://api.openf1.org/v1/car_data params={'session_key': 9636, 'driver_number': 1, 'date>': '2024-11-03T17:21:23.336000+00:00', 'date<': '2024-11-03T17:22:47.189000+00:00'}
2025-12-15 11:52:56 [DEBUG] __main__ - [compute_lap_features_for_driver] driver=1 lap=44, car_data rows=318
2025-12-15 11:52:56 [INFO] __main__ - [compute_lap_features_for_driver] driver=1 lap=45 KEEP, status=GREEN, duration=83.0s
2025-12-15 11:52:56 [DEBUG] __main__ - [get_openf1] GET https://api.openf1.org/v1/car_data params={'session_key': 9636, 'driver_number': 1, 'date>': '2024-11-03T17:22:47.189000+00:00', 'date<': '2024-11-03T17:24:10.212000+00:00'}
2025-12-15 11:52:57 [DEBUG] __main__ - [compute_lap_features_for_driver] driver=1 lap=45, car_data rows=311
2025-12-15 11:52:57 [INFO] __main__ - [compute_lap_features_for_driver] driver=1 lap=46 KEEP, status=GREEN, duration=83.0s
2025-12-15 11:52:57 [DEBUG] __main__ - [get_openf1] GET https://api.openf1.org/v1/car_data params={'session_key': 9636, 'driver_number': 1, 'date>': '2024-11-03T17:24:10.212000+00:00', 'date<': '2024-11-03T17:25:33.215000+00:00'}
2025-12-15 11:52:57 [DEBUG] __main__ - [compute_lap_features_for_driver] driver=1 lap=46, car_data rows=314
2025-12-15 11:52:57 [INFO] __main__ - [compute_lap_features_for_driver] driver=1 lap=47 KEEP, status=GREEN, duration=82.5s
2025-12-15 11:52:57 [DEBUG] __main__ - [get_openf1] GET https://api.openf1.org/v1/car_data params={'session_key': 9636, 'driver_number': 1, 'date>': '2024-11-03T17:25:33.215000+00:00', 'date<': '2024-11-03T17:26:55.722000+00:00'}
2025-12-15 11:52:58 [DEBUG] __main__ - [compute_lap_features_for_driver] driver=1 lap=47, car_data rows=300
2025-12-15 11:52:58 [INFO] __main__ - [compute_lap_features_for_driver] driver=1 lap=48 KEEP, status=GREEN, duration=82.3s
2025-12-15 11:52:58 [DEBUG] __main__ - [get_openf1] GET https://api.openf1.org/v1/car_data params={'session_key': 9636, 'driver_number': 1, 'date>': '2024-11-03T17:26:55.722000+00:00', 'date<': '2024-11-03T17:28:18.043000+00:00'}
2025-12-15 11:52:59 [DEBUG] __main__ - [compute_lap_features_for_driver] driver=1 lap=48, car_data rows=305
2025-12-15 11:52:59 [INFO] __main__ - [compute_lap_features_for_driver] driver=1 lap=49 KEEP, status=GREEN, duration=82.3s
2025-12-15 11:52:59 [DEBUG] __main__ - [get_openf1] GET https://api.openf1.org/v1/car_data params={'session_key': 9636, 'driver_number': 1, 'date>': '2024-11-03T17:28:18.043000+00:00', 'date<': '2024-11-03T17:29:40.330000+00:00'}
2025-12-15 11:52:59 [DEBUG] __main__ - [compute_lap_features_for_driver] driver=1 lap=49, car_data rows=304
2025-12-15 11:53:00 [INFO] __main__ - [compute_lap_features_for_driver] driver=1 lap=50 KEEP, status=GREEN, duration=82.0s
2025-12-15 11:53:00 [DEBUG] __main__ - [get_openf1] GET https://api.openf1.org/v1/car_data params={'session_key': 9636, 'driver_number': 1, 'date>': '2024-11-03T17:29:40.330000+00:00', 'date<': '2024-11-03T17:31:02.329000+00:00'}
2025-12-15 11:53:00 [DEBUG] __main__ - [compute_lap_features_for_driver] driver=1 lap=50, car_data rows=312
2025-12-15 11:53:00 [INFO] __main__ - [compute_lap_features_for_driver] driver=1 lap=51 KEEP, status=GREEN, duration=82.3s
2025-12-15 11:53:00 [DEBUG] __main__ - [get_openf1] GET https://api.openf1.org/v1/car_data params={'session_key': 9636, 'driver_number': 1, 'date>': '2024-11-03T17:31:02.329000+00:00', 'date<': '2024-11-03T17:32:24.596000+00:00'}
2025-12-15 11:53:01 [DEBUG] __main__ - [compute_lap_features_for_driver] driver=1 lap=51, car_data rows=307
2025-12-15 11:53:01 [INFO] __main__ - [compute_lap_features_for_driver] driver=1 lap=52 DROP (YELLOW_FLAG_LAP), status=YELLOW, duration=82.3s
2025-12-15 11:53:01 [INFO] __main__ - [compute_lap_features_for_driver] driver=1 lap=53 KEEP, status=GREEN, duration=82.2s
2025-12-15 11:53:01 [DEBUG] __main__ - [get_openf1] GET https://api.openf1.org/v1/car_data params={'session_key': 9636, 'driver_number': 1, 'date>': '2024-11-03T17:33:46.914000+00:00', 'date<': '2024-11-03T17:35:09.153000+00:00'}
2025-12-15 11:53:02 [DEBUG] __main__ - [compute_lap_features_for_driver] driver=1 lap=53, car_data rows=312
2025-12-15 11:53:02 [INFO] __main__ - [compute_lap_features_for_driver] driver=1 lap=54 KEEP, status=GREEN, duration=82.3s
2025-12-15 11:53:02 [DEBUG] __main__ - [get_openf1] GET https://api.openf1.org/v1/car_data params={'session_key': 9636, 'driver_number': 1, 'date>': '2024-11-03T17:35:09.153000+00:00', 'date<': '2024-11-03T17:36:31.491000+00:00'}
2025-12-15 11:53:02 [DEBUG] __main__ - [compute_lap_features_for_driver] driver=1 lap=54, car_data rows=294
2025-12-15 11:53:02 [INFO] __main__ - [compute_lap_features_for_driver] driver=1 lap=55 KEEP, status=GREEN, duration=82.3s
2025-12-15 11:53:02 [DEBUG] __main__ - [get_openf1] GET https://api.openf1.org/v1/car_data params={'session_key': 9636, 'driver_number': 1, 'date>': '2024-11-03T17:36:31.491000+00:00', 'date<': '2024-11-03T17:37:53.745000+00:00'}
2025-12-15 11:53:03 [DEBUG] __main__ - [compute_lap_features_for_driver] driver=1 lap=55, car_data rows=313
2025-12-15 11:53:03 [INFO] __main__ - [compute_lap_features_for_driver] driver=1 lap=56 KEEP, status=GREEN, duration=82.0s
2025-12-15 11:53:03 [DEBUG] __main__ - [get_openf1] GET https://api.openf1.org/v1/car_data params={'session_key': 9636, 'driver_number': 1, 'date>': '2024-11-03T17:37:53.745000+00:00', 'date<': '2024-11-03T17:39:15.745000+00:00'}
2025-12-15 11:53:04 [DEBUG] __main__ - [compute_lap_features_for_driver] driver=1 lap=56, car_data rows=302
2025-12-15 11:53:04 [INFO] __main__ - [compute_lap_features_for_driver] driver=1 lap=57 KEEP, status=GREEN, duration=81.9s
2025-12-15 11:53:04 [DEBUG] __main__ - [get_openf1] GET https://api.openf1.org/v1/car_data params={'session_key': 9636, 'driver_number': 1, 'date>': '2024-11-03T17:39:15.745000+00:00', 'date<': '2024-11-03T17:40:37.632000+00:00'}
2025-12-15 11:53:04 [DEBUG] __main__ - [compute_lap_features_for_driver] driver=1 lap=57, car_data rows=301
2025-12-15 11:53:04 [INFO] __main__ - [compute_lap_features_for_driver] driver=1 lap=58 KEEP, status=GREEN, duration=81.7s
2025-12-15 11:53:04 [DEBUG] __main__ - [get_openf1] GET https://api.openf1.org/v1/car_data params={'session_key': 9636, 'driver_number': 1, 'date>': '2024-11-03T17:40:37.632000+00:00', 'date<': '2024-11-03T17:41:59.370000+00:00'}
2025-12-15 11:53:05 [DEBUG] __main__ - [compute_lap_features_for_driver] driver=1 lap=58, car_data rows=313
2025-12-15 11:53:05 [INFO] __main__ - [compute_lap_features_for_driver] driver=1 lap=59 KEEP, status=GREEN, duration=81.6s
2025-12-15 11:53:05 [DEBUG] __main__ - [get_openf1] GET https://api.openf1.org/v1/car_data params={'session_key': 9636, 'driver_number': 1, 'date>': '2024-11-03T17:41:59.370000+00:00', 'date<': '2024-11-03T17:43:21.016000+00:00'}
2025-12-15 11:53:06 [DEBUG] __main__ - [compute_lap_features_for_driver] driver=1 lap=59, car_data rows=310
2025-12-15 11:53:06 [INFO] __main__ - [compute_lap_features_for_driver] driver=1 lap=60 KEEP, status=GREEN, duration=81.3s
2025-12-15 11:53:06 [DEBUG] __main__ - [get_openf1] GET https://api.openf1.org/v1/car_data params={'session_key': 9636, 'driver_number': 1, 'date>': '2024-11-03T17:43:21.016000+00:00', 'date<': '2024-11-03T17:44:42.309000+00:00'}
2025-12-15 11:53:06 [DEBUG] __main__ - [compute_lap_features_for_driver] driver=1 lap=60, car_data rows=305
2025-12-15 11:53:06 [INFO] __main__ - [compute_lap_features_for_driver] driver=1 lap=61 KEEP, status=GREEN, duration=81.3s
2025-12-15 11:53:06 [DEBUG] __main__ - [get_openf1] GET https://api.openf1.org/v1/car_data params={'session_key': 9636, 'driver_number': 1, 'date>': '2024-11-03T17:44:42.309000+00:00', 'date<': '2024-11-03T17:46:03.610000+00:00'}
2025-12-15 11:53:07 [DEBUG] __main__ - [compute_lap_features_for_driver] driver=1 lap=61, car_data rows=312
2025-12-15 11:53:07 [INFO] __main__ - [compute_lap_features_for_driver] driver=1 lap=62 KEEP, status=GREEN, duration=81.1s
2025-12-15 11:53:07 [DEBUG] __main__ - [get_openf1] GET https://api.openf1.org/v1/car_data params={'session_key': 9636, 'driver_number': 1, 'date>': '2024-11-03T17:46:03.610000+00:00', 'date<': '2024-11-03T17:47:24.672000+00:00'}
2025-12-15 11:53:07 [DEBUG] __main__ - [compute_lap_features_for_driver] driver=1 lap=62, car_data rows=314
2025-12-15 11:53:07 [INFO] __main__ - [compute_lap_features_for_driver] driver=1 lap=63 KEEP, status=GREEN, duration=81.3s
2025-12-15 11:53:07 [DEBUG] __main__ - [get_openf1] GET https://api.openf1.org/v1/car_data params={'session_key': 9636, 'driver_number': 1, 'date>': '2024-11-03T17:47:24.672000+00:00', 'date<': '2024-11-03T17:48:46.019000+00:00'}
2025-12-15 11:53:08 [DEBUG] __main__ - [compute_lap_features_for_driver] driver=1 lap=63, car_data rows=312
2025-12-15 11:53:08 [INFO] __main__ - [compute_lap_features_for_driver] driver=1 lap=64 KEEP, status=GREEN, duration=81.0s
2025-12-15 11:53:08 [DEBUG] __main__ - [get_openf1] GET https://api.openf1.org/v1/car_data params={'session_key': 9636, 'driver_number': 1, 'date>': '2024-11-03T17:48:46.019000+00:00', 'date<': '2024-11-03T17:50:06.972000+00:00'}
2025-12-15 11:53:08 [DEBUG] __main__ - [compute_lap_features_for_driver] driver=1 lap=64, car_data rows=301
2025-12-15 11:53:08 [INFO] __main__ - [compute_lap_features_for_driver] driver=1 lap=65 KEEP, status=GREEN, duration=80.9s
2025-12-15 11:53:08 [DEBUG] __main__ - [get_openf1] GET https://api.openf1.org/v1/car_data params={'session_key': 9636, 'driver_number': 1, 'date>': '2024-11-03T17:50:06.972000+00:00', 'date<': '2024-11-03T17:51:27.873000+00:00'}
2025-12-15 11:53:09 [DEBUG] __main__ - [compute_lap_features_for_driver] driver=1 lap=65, car_data rows=301
2025-12-15 11:53:09 [INFO] __main__ - [compute_lap_features_for_driver] driver=1 lap=66 KEEP, status=GREEN, duration=81.2s
2025-12-15 11:53:09 [DEBUG] __main__ - [get_openf1] GET https://api.openf1.org/v1/car_data params={'session_key': 9636, 'driver_number': 1, 'date>': '2024-11-03T17:51:27.873000+00:00', 'date<': '2024-11-03T17:52:49.118000+00:00'}
2025-12-15 11:53:10 [DEBUG] __main__ - [compute_lap_features_for_driver] driver=1 lap=66, car_data rows=305
2025-12-15 11:53:10 [INFO] __main__ - [compute_lap_features_for_driver] driver=1 lap=67 KEEP, status=GREEN, duration=80.4s
2025-12-15 11:53:10 [DEBUG] __main__ - [get_openf1] GET https://api.openf1.org/v1/car_data params={'session_key': 9636, 'driver_number': 1, 'date>': '2024-11-03T17:52:49.118000+00:00', 'date<': '2024-11-03T17:54:09.474000+00:00'}
2025-12-15 11:53:10 [DEBUG] __main__ - [compute_lap_features_for_driver] driver=1 lap=67, car_data rows=297
2025-12-15 11:53:10 [INFO] __main__ - [compute_lap_features_for_driver] driver=1 lap=68 KEEP, status=GREEN, duration=81.7s
2025-12-15 11:53:10 [DEBUG] __main__ - [get_openf1] GET https://api.openf1.org/v1/car_data params={'session_key': 9636, 'driver_number': 1, 'date>': '2024-11-03T17:54:09.474000+00:00', 'date<': '2024-11-03T17:55:31.190000+00:00'}
2025-12-15 11:53:11 [DEBUG] __main__ - [compute_lap_features_for_driver] driver=1 lap=68, car_data rows=311
2025-12-15 11:53:11 [INFO] __main__ - [compute_lap_features_for_driver] driver=1 lap=69 DROP (CHEQUERED_FLAG_LAP), status=RED_FLAG;CHEQUERED, duration=nans
2025-12-15 11:53:11 [INFO] __main__ - [compute_lap_features_for_driver] driver=1, feature laps=[2, 3, 5, 6, 7, 8, 9, 10, 12, 13, 14, 15, 16, 17, 18, 19, 20, 21, 22, 23, 24, 25, 29, 31, 34, 35, 37, 40, 41, 44, 45, 46, 47, 48, 49, 50, 51, 53, 54, 55, 56, 57, 58, 59, 60, 61, 62, 63, 64, 65, 66, 67, 68]
2025-12-15 11:53:11 [INFO] __main__ - [build_driver_style_embedding_json] compute features for driver=11
2025-12-15 11:53:11 [DEBUG] __main__ - [get_openf1] GET https://api.openf1.org/v1/laps params={'session_key': 9636, 'driver_number': 11}
2025-12-15 11:53:12 [DEBUG] __main__ - [get_openf1] GET https://api.openf1.org/v1/sessions params={'session_key': 9636}
2025-12-15 11:53:12 [INFO] __main__ - [fetch_session_start] session_key=9636, date_start=2024-11-03 15:30:00+00:00
2025-12-15 11:53:12 [INFO] __main__ - [fetch_race_start_time] use first GREEN as race_start: 2024-11-03 14:50:01+00:00
2025-12-15 11:53:12 [INFO] __main__ - [fetch_laps] fill lap 1 date_start with race_start=2024-11-03 14:50:01+00:00
2025-12-15 11:53:12 [INFO] __main__ - [fetch_laps] driver=11, laps: min=1, max=69, count=69
2025-12-15 11:53:12 [DEBUG] __main__ - [fetch_laps] head:
   meeting_key  session_key  ...  st_speed  lap_duration_s
0         1249         9636  ...     176.0        3706.311
1         1249         9636  ...     231.0          87.120
2         1249         9636  ...     237.0          85.797
3         1249         9636  ...     253.0          86.280
4         1249         9636  ...     239.0          86.121

[5 rows x 17 columns]
2025-12-15 11:53:12 [DEBUG] __main__ - [build_lap_status_mapping] status_by_lap={1: 'YELLOW', 2: 'GREEN', 3: 'GREEN', 4: 'YELLOW', 5: 'GREEN', 6: 'GREEN', 7: 'GREEN', 8: 'GREEN', 9: 'GREEN', 10: 'GREEN', 11: 'YELLOW', 12: 'GREEN', 13: 'GREEN', 14: 'GREEN', 15: 'GREEN', 16: 'GREEN', 17: 'GREEN', 18: 'GREEN', 19: 'GREEN', 20: 'GREEN', 21: 'GREEN', 22: 'GREEN', 23: 'GREEN', 24: 'GREEN', 25: 'YELLOW', 26: 'GREEN', 27: 'VSC;YELLOW', 28: 'VSC', 29: 'GREEN', 30: 'SC', 31: 'GREEN', 32: 'YELLOW;RED_FLAG', 33: 'YELLOW', 34: 'GREEN', 35: 'GREEN', 36: 'YELLOW', 37: 'GREEN', 38: 'YELLOW', 39: 'SC;YELLOW', 40: 'GREEN', 41: 'GREEN', 42: 'SC', 43: 'YELLOW', 44: 'GREEN', 45: 'GREEN', 46: 'GREEN', 47: 'GREEN', 48: 'GREEN', 49: 'GREEN', 50: 'GREEN', 51: 'YELLOW', 52: 'GREEN', 53: 'GREEN', 54: 'GREEN', 55: 'GREEN', 56: 'GREEN', 57: 'GREEN', 58: 'GREEN', 59: 'GREEN', 60: 'GREEN', 61: 'GREEN', 62: 'GREEN', 63: 'GREEN', 64: 'GREEN', 65: 'GREEN', 66: 'GREEN', 67: 'GREEN', 68: 'GREEN', 69: 'RED_FLAG;CHEQUERED'}
2025-12-15 11:53:12 [INFO] __main__ - [compute_lap_features_for_driver] driver=11, typical_duration_s=85.255
2025-12-15 11:53:12 [INFO] __main__ - [compute_lap_features_for_driver] driver=11 lap=1 DROP (YELLOW_FLAG_LAP), status=YELLOW, duration=3706.3s
2025-12-15 11:53:12 [INFO] __main__ - [compute_lap_features_for_driver] driver=11 lap=2 KEEP, status=GREEN, duration=87.1s
2025-12-15 11:53:12 [DEBUG] __main__ - [get_openf1] GET https://api.openf1.org/v1/car_data params={'session_key': 9636, 'driver_number': 11, 'date>': '2024-11-03T15:51:47.311000+00:00', 'date<': '2024-11-03T15:53:14.431000+00:00'}
2025-12-15 11:53:13 [DEBUG] __main__ - [compute_lap_features_for_driver] driver=11 lap=2, car_data rows=331
2025-12-15 11:53:13 [INFO] __main__ - [compute_lap_features_for_driver] driver=11 lap=3 KEEP, status=GREEN, duration=85.8s
2025-12-15 11:53:13 [DEBUG] __main__ - [get_openf1] GET https://api.openf1.org/v1/car_data params={'session_key': 9636, 'driver_number': 11, 'date>': '2024-11-03T15:53:14.431000+00:00', 'date<': '2024-11-03T15:54:40.228000+00:00'}
2025-12-15 11:53:13 [DEBUG] __main__ - [compute_lap_features_for_driver] driver=11 lap=3, car_data rows=310
2025-12-15 11:53:13 [INFO] __main__ - [compute_lap_features_for_driver] driver=11 lap=4 DROP (YELLOW_FLAG_LAP), status=YELLOW, duration=86.3s
2025-12-15 11:53:13 [INFO] __main__ - [compute_lap_features_for_driver] driver=11 lap=5 KEEP, status=GREEN, duration=86.1s
2025-12-15 11:53:13 [DEBUG] __main__ - [get_openf1] GET https://api.openf1.org/v1/car_data params={'session_key': 9636, 'driver_number': 11, 'date>': '2024-11-03T15:56:06.508000+00:00', 'date<': '2024-11-03T15:57:32.629000+00:00'}
2025-12-15 11:53:14 [DEBUG] __main__ - [compute_lap_features_for_driver] driver=11 lap=5, car_data rows=330
2025-12-15 11:53:14 [INFO] __main__ - [compute_lap_features_for_driver] driver=11 lap=6 KEEP, status=GREEN, duration=86.3s
2025-12-15 11:53:14 [DEBUG] __main__ - [get_openf1] GET https://api.openf1.org/v1/car_data params={'session_key': 9636, 'driver_number': 11, 'date>': '2024-11-03T15:57:32.629000+00:00', 'date<': '2024-11-03T15:58:58.967000+00:00'}
2025-12-15 11:53:15 [DEBUG] __main__ - [compute_lap_features_for_driver] driver=11 lap=6, car_data rows=323
2025-12-15 11:53:15 [INFO] __main__ - [compute_lap_features_for_driver] driver=11 lap=7 KEEP, status=GREEN, duration=85.8s
2025-12-15 11:53:15 [DEBUG] __main__ - [get_openf1] GET https://api.openf1.org/v1/car_data params={'session_key': 9636, 'driver_number': 11, 'date>': '2024-11-03T15:58:58.967000+00:00', 'date<': '2024-11-03T16:00:24.723000+00:00'}
2025-12-15 11:53:16 [DEBUG] __main__ - [compute_lap_features_for_driver] driver=11 lap=7, car_data rows=303
2025-12-15 11:53:16 [INFO] __main__ - [compute_lap_features_for_driver] driver=11 lap=8 KEEP, status=GREEN, duration=85.1s
2025-12-15 11:53:16 [DEBUG] __main__ - [get_openf1] GET https://api.openf1.org/v1/car_data params={'session_key': 9636, 'driver_number': 11, 'date>': '2024-11-03T16:00:24.723000+00:00', 'date<': '2024-11-03T16:01:49.849000+00:00'}
2025-12-15 11:53:17 [DEBUG] __main__ - [compute_lap_features_for_driver] driver=11 lap=8, car_data rows=328
2025-12-15 11:53:17 [INFO] __main__ - [compute_lap_features_for_driver] driver=11 lap=9 KEEP, status=GREEN, duration=85.2s
2025-12-15 11:53:17 [DEBUG] __main__ - [get_openf1] GET https://api.openf1.org/v1/car_data params={'session_key': 9636, 'driver_number': 11, 'date>': '2024-11-03T16:01:49.849000+00:00', 'date<': '2024-11-03T16:03:15.095000+00:00'}
2025-12-15 11:53:17 [DEBUG] __main__ - [compute_lap_features_for_driver] driver=11 lap=9, car_data rows=331
2025-12-15 11:53:17 [INFO] __main__ - [compute_lap_features_for_driver] driver=11 lap=10 KEEP, status=GREEN, duration=85.0s
2025-12-15 11:53:17 [DEBUG] __main__ - [get_openf1] GET https://api.openf1.org/v1/car_data params={'session_key': 9636, 'driver_number': 11, 'date>': '2024-11-03T16:03:15.095000+00:00', 'date<': '2024-11-03T16:04:40.113000+00:00'}
2025-12-15 11:53:18 [DEBUG] __main__ - [compute_lap_features_for_driver] driver=11 lap=10, car_data rows=317
2025-12-15 11:53:18 [INFO] __main__ - [compute_lap_features_for_driver] driver=11 lap=11 DROP (YELLOW_FLAG_LAP), status=YELLOW, duration=85.9s
2025-12-15 11:53:18 [INFO] __main__ - [compute_lap_features_for_driver] driver=11 lap=12 KEEP, status=GREEN, duration=85.9s
2025-12-15 11:53:18 [DEBUG] __main__ - [get_openf1] GET https://api.openf1.org/v1/car_data params={'session_key': 9636, 'driver_number': 11, 'date>': '2024-11-03T16:06:06.005000+00:00', 'date<': '2024-11-03T16:07:31.936000+00:00'}
2025-12-15 11:53:19 [DEBUG] __main__ - [compute_lap_features_for_driver] driver=11 lap=12, car_data rows=329
2025-12-15 11:53:19 [INFO] __main__ - [compute_lap_features_for_driver] driver=11 lap=13 KEEP, status=GREEN, duration=85.8s
2025-12-15 11:53:19 [DEBUG] __main__ - [get_openf1] GET https://api.openf1.org/v1/car_data params={'session_key': 9636, 'driver_number': 11, 'date>': '2024-11-03T16:07:31.936000+00:00', 'date<': '2024-11-03T16:08:57.728000+00:00'}
2025-12-15 11:53:20 [DEBUG] __main__ - [compute_lap_features_for_driver] driver=11 lap=13, car_data rows=316
2025-12-15 11:53:20 [INFO] __main__ - [compute_lap_features_for_driver] driver=11 lap=14 KEEP, status=GREEN, duration=85.7s
2025-12-15 11:53:20 [DEBUG] __main__ - [get_openf1] GET https://api.openf1.org/v1/car_data params={'session_key': 9636, 'driver_number': 11, 'date>': '2024-11-03T16:08:57.728000+00:00', 'date<': '2024-11-03T16:10:23.418000+00:00'}
2025-12-15 11:53:20 [DEBUG] __main__ - [compute_lap_features_for_driver] driver=11 lap=14, car_data rows=324
2025-12-15 11:53:20 [INFO] __main__ - [compute_lap_features_for_driver] driver=11 lap=15 KEEP, status=GREEN, duration=85.3s
2025-12-15 11:53:20 [DEBUG] __main__ - [get_openf1] GET https://api.openf1.org/v1/car_data params={'session_key': 9636, 'driver_number': 11, 'date>': '2024-11-03T16:10:23.418000+00:00', 'date<': '2024-11-03T16:11:48.766000+00:00'}
2025-12-15 11:53:21 [DEBUG] __main__ - [compute_lap_features_for_driver] driver=11 lap=15, car_data rows=324
2025-12-15 11:53:21 [INFO] __main__ - [compute_lap_features_for_driver] driver=11 lap=16 KEEP, status=GREEN, duration=84.4s
2025-12-15 11:53:21 [DEBUG] __main__ - [get_openf1] GET https://api.openf1.org/v1/car_data params={'session_key': 9636, 'driver_number': 11, 'date>': '2024-11-03T16:11:48.766000+00:00', 'date<': '2024-11-03T16:13:13.143000+00:00'}
2025-12-15 11:53:22 [DEBUG] __main__ - [compute_lap_features_for_driver] driver=11 lap=16, car_data rows=320
2025-12-15 11:53:22 [INFO] __main__ - [compute_lap_features_for_driver] driver=11 lap=17 KEEP, status=GREEN, duration=84.4s
2025-12-15 11:53:22 [DEBUG] __main__ - [get_openf1] GET https://api.openf1.org/v1/car_data params={'session_key': 9636, 'driver_number': 11, 'date>': '2024-11-03T16:13:13.143000+00:00', 'date<': '2024-11-03T16:14:37.557000+00:00'}
2025-12-15 11:53:24 [DEBUG] __main__ - [compute_lap_features_for_driver] driver=11 lap=17, car_data rows=314
2025-12-15 11:53:24 [INFO] __main__ - [compute_lap_features_for_driver] driver=11 lap=18 KEEP, status=GREEN, duration=85.9s
2025-12-15 11:53:24 [DEBUG] __main__ - [get_openf1] GET https://api.openf1.org/v1/car_data params={'session_key': 9636, 'driver_number': 11, 'date>': '2024-11-03T16:14:37.557000+00:00', 'date<': '2024-11-03T16:16:03.444000+00:00'}
2025-12-15 11:53:24 [DEBUG] __main__ - [compute_lap_features_for_driver] driver=11 lap=18, car_data rows=324
2025-12-15 11:53:24 [INFO] __main__ - [compute_lap_features_for_driver] driver=11 lap=19 KEEP, status=GREEN, duration=84.3s
2025-12-15 11:53:24 [DEBUG] __main__ - [get_openf1] GET https://api.openf1.org/v1/car_data params={'session_key': 9636, 'driver_number': 11, 'date>': '2024-11-03T16:16:03.444000+00:00', 'date<': '2024-11-03T16:17:27.778000+00:00'}
2025-12-15 11:53:25 [DEBUG] __main__ - [compute_lap_features_for_driver] driver=11 lap=19, car_data rows=316
2025-12-15 11:53:25 [INFO] __main__ - [compute_lap_features_for_driver] driver=11 lap=20 KEEP, status=GREEN, duration=84.6s
2025-12-15 11:53:25 [DEBUG] __main__ - [get_openf1] GET https://api.openf1.org/v1/car_data params={'session_key': 9636, 'driver_number': 11, 'date>': '2024-11-03T16:17:27.778000+00:00', 'date<': '2024-11-03T16:18:52.373000+00:00'}
2025-12-15 11:53:26 [DEBUG] __main__ - [compute_lap_features_for_driver] driver=11 lap=20, car_data rows=311
2025-12-15 11:53:26 [INFO] __main__ - [compute_lap_features_for_driver] driver=11 lap=21 KEEP, status=GREEN, duration=84.4s
2025-12-15 11:53:26 [DEBUG] __main__ - [get_openf1] GET https://api.openf1.org/v1/car_data params={'session_key': 9636, 'driver_number': 11, 'date>': '2024-11-03T16:18:52.373000+00:00', 'date<': '2024-11-03T16:20:16.781000+00:00'}
2025-12-15 11:53:26 [DEBUG] __main__ - [compute_lap_features_for_driver] driver=11 lap=21, car_data rows=310
2025-12-15 11:53:26 [INFO] __main__ - [compute_lap_features_for_driver] driver=11 lap=22 KEEP, status=GREEN, duration=85.4s
2025-12-15 11:53:26 [DEBUG] __main__ - [get_openf1] GET https://api.openf1.org/v1/car_data params={'session_key': 9636, 'driver_number': 11, 'date>': '2024-11-03T16:20:16.781000+00:00', 'date<': '2024-11-03T16:21:42.181000+00:00'}
2025-12-15 11:53:27 [DEBUG] __main__ - [compute_lap_features_for_driver] driver=11 lap=22, car_data rows=315
2025-12-15 11:53:27 [INFO] __main__ - [compute_lap_features_for_driver] driver=11 lap=23 KEEP, status=GREEN, duration=85.1s
2025-12-15 11:53:27 [DEBUG] __main__ - [get_openf1] GET https://api.openf1.org/v1/car_data params={'session_key': 9636, 'driver_number': 11, 'date>': '2024-11-03T16:21:42.181000+00:00', 'date<': '2024-11-03T16:23:07.309000+00:00'}
2025-12-15 11:53:28 [DEBUG] __main__ - [compute_lap_features_for_driver] driver=11 lap=23, car_data rows=304
2025-12-15 11:53:28 [INFO] __main__ - [compute_lap_features_for_driver] driver=11 lap=24 KEEP, status=GREEN, duration=85.8s
2025-12-15 11:53:28 [DEBUG] __main__ - [get_openf1] GET https://api.openf1.org/v1/car_data params={'session_key': 9636, 'driver_number': 11, 'date>': '2024-11-03T16:23:07.309000+00:00', 'date<': '2024-11-03T16:24:33.139000+00:00'}
2025-12-15 11:53:28 [DEBUG] __main__ - [compute_lap_features_for_driver] driver=11 lap=24, car_data rows=322
2025-12-15 11:53:28 [INFO] __main__ - [compute_lap_features_for_driver] driver=11 lap=25 DROP (YELLOW_FLAG_LAP), status=YELLOW, duration=86.3s
2025-12-15 11:53:28 [INFO] __main__ - [compute_lap_features_for_driver] driver=11 lap=26 KEEP, status=GREEN, duration=86.5s
2025-12-15 11:53:28 [DEBUG] __main__ - [get_openf1] GET https://api.openf1.org/v1/car_data params={'session_key': 9636, 'driver_number': 11, 'date>': '2024-11-03T16:25:59.415000+00:00', 'date<': '2024-11-03T16:27:25.875000+00:00'}
2025-12-15 11:53:29 [DEBUG] __main__ - [compute_lap_features_for_driver] driver=11 lap=26, car_data rows=320
2025-12-15 11:53:29 [INFO] __main__ - [compute_lap_features_for_driver] driver=11 lap=27 DROP (VSC_LAP), status=VSC;YELLOW, duration=102.2s
2025-12-15 11:53:29 [INFO] __main__ - [compute_lap_features_for_driver] driver=11 lap=28 DROP (VSC_LAP), status=VSC, duration=120.7s
2025-12-15 11:53:29 [INFO] __main__ - [compute_lap_features_for_driver] driver=11 lap=29 KEEP, status=GREEN, duration=101.6s
2025-12-15 11:53:29 [DEBUG] __main__ - [get_openf1] GET https://api.openf1.org/v1/car_data params={'session_key': 9636, 'driver_number': 11, 'date>': '2024-11-03T16:31:08.781000+00:00', 'date<': '2024-11-03T16:32:50.375000+00:00'}
2025-12-15 11:53:30 [DEBUG] __main__ - [compute_lap_features_for_driver] driver=11 lap=29, car_data rows=381
2025-12-15 11:53:30 [INFO] __main__ - [compute_lap_features_for_driver] driver=11 lap=30 DROP (SC_LAP), status=SC, duration=128.7s
2025-12-15 11:53:30 [INFO] __main__ - [compute_lap_features_for_driver] driver=11 lap=31 KEEP, status=GREEN, duration=110.9s
2025-12-15 11:53:30 [DEBUG] __main__ - [get_openf1] GET https://api.openf1.org/v1/car_data params={'session_key': 9636, 'driver_number': 11, 'date>': '2024-11-03T16:34:59.080000+00:00', 'date<': '2024-11-03T16:36:50.018000+00:00'}
2025-12-15 11:53:31 [DEBUG] __main__ - [compute_lap_features_for_driver] driver=11 lap=31, car_data rows=419
2025-12-15 11:53:31 [INFO] __main__ - [compute_lap_features_for_driver] driver=11 lap=32 DROP (RED_FLAG_LAP), status=YELLOW;RED_FLAG, duration=156.8s
2025-12-15 11:53:31 [INFO] __main__ - [compute_lap_features_for_driver] driver=11 lap=33 DROP (YELLOW_FLAG_LAP), status=YELLOW, duration=1520.7s
2025-12-15 11:53:31 [INFO] __main__ - [compute_lap_features_for_driver] driver=11 lap=34 KEEP, status=GREEN, duration=97.6s
2025-12-15 11:53:31 [DEBUG] __main__ - [get_openf1] GET https://api.openf1.org/v1/car_data params={'session_key': 9636, 'driver_number': 11, 'date>': '2024-11-03T17:04:47.430000+00:00', 'date<': '2024-11-03T17:06:25.006000+00:00'}
2025-12-15 11:53:32 [DEBUG] __main__ - [compute_lap_features_for_driver] driver=11 lap=34, car_data rows=357
2025-12-15 11:53:32 [INFO] __main__ - [compute_lap_features_for_driver] driver=11 lap=35 KEEP, status=GREEN, duration=92.7s
2025-12-15 11:53:32 [DEBUG] __main__ - [get_openf1] GET https://api.openf1.org/v1/car_data params={'session_key': 9636, 'driver_number': 11, 'date>': '2024-11-03T17:06:25.006000+00:00', 'date<': '2024-11-03T17:07:57.667000+00:00'}
2025-12-15 11:53:33 [DEBUG] __main__ - [compute_lap_features_for_driver] driver=11 lap=35, car_data rows=333
2025-12-15 11:53:33 [INFO] __main__ - [compute_lap_features_for_driver] driver=11 lap=36 DROP (YELLOW_FLAG_LAP), status=YELLOW, duration=89.0s
2025-12-15 11:53:33 [INFO] __main__ - [compute_lap_features_for_driver] driver=11 lap=37 KEEP, status=GREEN, duration=88.0s
2025-12-15 11:53:33 [DEBUG] __main__ - [get_openf1] GET https://api.openf1.org/v1/car_data params={'session_key': 9636, 'driver_number': 11, 'date>': '2024-11-03T17:09:26.702000+00:00', 'date<': '2024-11-03T17:10:54.654000+00:00'}
2025-12-15 11:53:34 [DEBUG] __main__ - [compute_lap_features_for_driver] driver=11 lap=37, car_data rows=323
2025-12-15 11:53:34 [INFO] __main__ - [compute_lap_features_for_driver] driver=11 lap=38 DROP (YELLOW_FLAG_LAP), status=YELLOW, duration=87.2s
2025-12-15 11:53:34 [INFO] __main__ - [compute_lap_features_for_driver] driver=11 lap=39 DROP (SC_LAP), status=SC;YELLOW, duration=101.3s
2025-12-15 11:53:34 [INFO] __main__ - [compute_lap_features_for_driver] driver=11 lap=40 KEEP, status=GREEN, duration=108.8s
2025-12-15 11:53:34 [DEBUG] __main__ - [get_openf1] GET https://api.openf1.org/v1/car_data params={'session_key': 9636, 'driver_number': 11, 'date>': '2024-11-03T17:14:03.155000+00:00', 'date<': '2024-11-03T17:15:51.977000+00:00'}
2025-12-15 11:53:35 [DEBUG] __main__ - [compute_lap_features_for_driver] driver=11 lap=40, car_data rows=403
2025-12-15 11:53:35 [INFO] __main__ - [compute_lap_features_for_driver] driver=11 lap=41 KEEP, status=GREEN, duration=125.0s
2025-12-15 11:53:35 [DEBUG] __main__ - [get_openf1] GET https://api.openf1.org/v1/car_data params={'session_key': 9636, 'driver_number': 11, 'date>': '2024-11-03T17:15:51.977000+00:00', 'date<': '2024-11-03T17:17:56.967000+00:00'}
2025-12-15 11:53:36 [DEBUG] __main__ - [compute_lap_features_for_driver] driver=11 lap=41, car_data rows=453
2025-12-15 11:53:36 [INFO] __main__ - [compute_lap_features_for_driver] driver=11 lap=42 DROP (SC_LAP), status=SC, duration=124.2s
2025-12-15 11:53:36 [INFO] __main__ - [compute_lap_features_for_driver] driver=11 lap=43 DROP (YELLOW_FLAG_LAP), status=YELLOW, duration=92.1s
2025-12-15 11:53:36 [INFO] __main__ - [compute_lap_features_for_driver] driver=11 lap=44 KEEP, status=GREEN, duration=85.3s
2025-12-15 11:53:36 [DEBUG] __main__ - [get_openf1] GET https://api.openf1.org/v1/car_data params={'session_key': 9636, 'driver_number': 11, 'date>': '2024-11-03T17:21:33.205000+00:00', 'date<': '2024-11-03T17:22:58.469000+00:00'}
2025-12-15 11:53:37 [DEBUG] __main__ - [compute_lap_features_for_driver] driver=11 lap=44, car_data rows=325
2025-12-15 11:53:37 [INFO] __main__ - [compute_lap_features_for_driver] driver=11 lap=45 KEEP, status=GREEN, duration=85.1s
2025-12-15 11:53:37 [DEBUG] __main__ - [get_openf1] GET https://api.openf1.org/v1/car_data params={'session_key': 9636, 'driver_number': 11, 'date>': '2024-11-03T17:22:58.469000+00:00', 'date<': '2024-11-03T17:24:23.583000+00:00'}
2025-12-15 11:53:37 [DEBUG] __main__ - [compute_lap_features_for_driver] driver=11 lap=45, car_data rows=318
2025-12-15 11:53:37 [INFO] __main__ - [compute_lap_features_for_driver] driver=11 lap=46 KEEP, status=GREEN, duration=84.9s
2025-12-15 11:53:37 [DEBUG] __main__ - [get_openf1] GET https://api.openf1.org/v1/car_data params={'session_key': 9636, 'driver_number': 11, 'date>': '2024-11-03T17:24:23.583000+00:00', 'date<': '2024-11-03T17:25:48.490000+00:00'}
2025-12-15 11:53:38 [DEBUG] __main__ - [compute_lap_features_for_driver] driver=11 lap=46, car_data rows=316
2025-12-15 11:53:38 [INFO] __main__ - [compute_lap_features_for_driver] driver=11 lap=47 KEEP, status=GREEN, duration=84.7s
2025-12-15 11:53:38 [DEBUG] __main__ - [get_openf1] GET https://api.openf1.org/v1/car_data params={'session_key': 9636, 'driver_number': 11, 'date>': '2024-11-03T17:25:48.490000+00:00', 'date<': '2024-11-03T17:27:13.191000+00:00'}
2025-12-15 11:53:39 [DEBUG] __main__ - [compute_lap_features_for_driver] driver=11 lap=47, car_data rows=312
2025-12-15 11:53:39 [INFO] __main__ - [compute_lap_features_for_driver] driver=11 lap=48 KEEP, status=GREEN, duration=83.9s
2025-12-15 11:53:39 [DEBUG] __main__ - [get_openf1] GET https://api.openf1.org/v1/car_data params={'session_key': 9636, 'driver_number': 11, 'date>': '2024-11-03T17:27:13.191000+00:00', 'date<': '2024-11-03T17:28:37.098000+00:00'}
2025-12-15 11:53:39 [DEBUG] __main__ - [compute_lap_features_for_driver] driver=11 lap=48, car_data rows=310
2025-12-15 11:53:39 [INFO] __main__ - [compute_lap_features_for_driver] driver=11 lap=49 KEEP, status=GREEN, duration=84.3s
2025-12-15 11:53:39 [DEBUG] __main__ - [get_openf1] GET https://api.openf1.org/v1/car_data params={'session_key': 9636, 'driver_number': 11, 'date>': '2024-11-03T17:28:37.098000+00:00', 'date<': '2024-11-03T17:30:01.380000+00:00'}
2025-12-15 11:53:41 [DEBUG] __main__ - [compute_lap_features_for_driver] driver=11 lap=49, car_data rows=315
2025-12-15 11:53:41 [INFO] __main__ - [compute_lap_features_for_driver] driver=11 lap=50 KEEP, status=GREEN, duration=83.4s
2025-12-15 11:53:41 [DEBUG] __main__ - [get_openf1] GET https://api.openf1.org/v1/car_data params={'session_key': 9636, 'driver_number': 11, 'date>': '2024-11-03T17:30:01.380000+00:00', 'date<': '2024-11-03T17:31:24.797000+00:00'}
2025-12-15 11:53:41 [DEBUG] __main__ - [compute_lap_features_for_driver] driver=11 lap=50, car_data rows=317
2025-12-15 11:53:41 [INFO] __main__ - [compute_lap_features_for_driver] driver=11 lap=51 DROP (YELLOW_FLAG_LAP), status=YELLOW, duration=84.2s
2025-12-15 11:53:41 [INFO] __main__ - [compute_lap_features_for_driver] driver=11 lap=52 KEEP, status=GREEN, duration=84.1s
2025-12-15 11:53:41 [DEBUG] __main__ - [get_openf1] GET https://api.openf1.org/v1/car_data params={'session_key': 9636, 'driver_number': 11, 'date>': '2024-11-03T17:32:48.952000+00:00', 'date<': '2024-11-03T17:34:13.005000+00:00'}
2025-12-15 11:53:42 [DEBUG] __main__ - [compute_lap_features_for_driver] driver=11 lap=52, car_data rows=317
2025-12-15 11:53:42 [INFO] __main__ - [compute_lap_features_for_driver] driver=11 lap=53 KEEP, status=GREEN, duration=84.1s
2025-12-15 11:53:42 [DEBUG] __main__ - [get_openf1] GET https://api.openf1.org/v1/car_data params={'session_key': 9636, 'driver_number': 11, 'date>': '2024-11-03T17:34:13.005000+00:00', 'date<': '2024-11-03T17:35:37.134000+00:00'}
2025-12-15 11:53:43 [DEBUG] __main__ - [compute_lap_features_for_driver] driver=11 lap=53, car_data rows=311
2025-12-15 11:53:43 [INFO] __main__ - [compute_lap_features_for_driver] driver=11 lap=54 KEEP, status=GREEN, duration=83.7s
2025-12-15 11:53:43 [DEBUG] __main__ - [get_openf1] GET https://api.openf1.org/v1/car_data params={'session_key': 9636, 'driver_number': 11, 'date>': '2024-11-03T17:35:37.134000+00:00', 'date<': '2024-11-03T17:37:00.834000+00:00'}
2025-12-15 11:53:43 [DEBUG] __main__ - [compute_lap_features_for_driver] driver=11 lap=54, car_data rows=305
2025-12-15 11:53:43 [INFO] __main__ - [compute_lap_features_for_driver] driver=11 lap=55 KEEP, status=GREEN, duration=85.6s
2025-12-15 11:53:43 [DEBUG] __main__ - [get_openf1] GET https://api.openf1.org/v1/car_data params={'session_key': 9636, 'driver_number': 11, 'date>': '2024-11-03T17:37:00.834000+00:00', 'date<': '2024-11-03T17:38:26.389000+00:00'}
2025-12-15 11:53:44 [DEBUG] __main__ - [compute_lap_features_for_driver] driver=11 lap=55, car_data rows=326
2025-12-15 11:53:44 [INFO] __main__ - [compute_lap_features_for_driver] driver=11 lap=56 KEEP, status=GREEN, duration=82.7s
2025-12-15 11:53:44 [DEBUG] __main__ - [get_openf1] GET https://api.openf1.org/v1/car_data params={'session_key': 9636, 'driver_number': 11, 'date>': '2024-11-03T17:38:26.389000+00:00', 'date<': '2024-11-03T17:39:49.091000+00:00'}
2025-12-15 11:53:45 [DEBUG] __main__ - [compute_lap_features_for_driver] driver=11 lap=56, car_data rows=298
2025-12-15 11:53:45 [INFO] __main__ - [compute_lap_features_for_driver] driver=11 lap=57 KEEP, status=GREEN, duration=82.8s
2025-12-15 11:53:45 [DEBUG] __main__ - [get_openf1] GET https://api.openf1.org/v1/car_data params={'session_key': 9636, 'driver_number': 11, 'date>': '2024-11-03T17:39:49.091000+00:00', 'date<': '2024-11-03T17:41:11.935000+00:00'}
2025-12-15 11:53:45 [DEBUG] __main__ - [compute_lap_features_for_driver] driver=11 lap=57, car_data rows=310
2025-12-15 11:53:45 [INFO] __main__ - [compute_lap_features_for_driver] driver=11 lap=58 KEEP, status=GREEN, duration=83.6s
2025-12-15 11:53:45 [DEBUG] __main__ - [get_openf1] GET https://api.openf1.org/v1/car_data params={'session_key': 9636, 'driver_number': 11, 'date>': '2024-11-03T17:41:11.935000+00:00', 'date<': '2024-11-03T17:42:35.547000+00:00'}
2025-12-15 11:53:46 [DEBUG] __main__ - [compute_lap_features_for_driver] driver=11 lap=58, car_data rows=321
2025-12-15 11:53:46 [INFO] __main__ - [compute_lap_features_for_driver] driver=11 lap=59 KEEP, status=GREEN, duration=83.1s
2025-12-15 11:53:46 [DEBUG] __main__ - [get_openf1] GET https://api.openf1.org/v1/car_data params={'session_key': 9636, 'driver_number': 11, 'date>': '2024-11-03T17:42:35.547000+00:00', 'date<': '2024-11-03T17:43:58.672000+00:00'}
2025-12-15 11:53:47 [DEBUG] __main__ - [compute_lap_features_for_driver] driver=11 lap=59, car_data rows=318
2025-12-15 11:53:47 [INFO] __main__ - [compute_lap_features_for_driver] driver=11 lap=60 KEEP, status=GREEN, duration=83.1s
2025-12-15 11:53:47 [DEBUG] __main__ - [get_openf1] GET https://api.openf1.org/v1/car_data params={'session_key': 9636, 'driver_number': 11, 'date>': '2024-11-03T17:43:58.672000+00:00', 'date<': '2024-11-03T17:45:21.725000+00:00'}
2025-12-15 11:53:48 [DEBUG] __main__ - [compute_lap_features_for_driver] driver=11 lap=60, car_data rows=305
2025-12-15 11:53:48 [INFO] __main__ - [compute_lap_features_for_driver] driver=11 lap=61 KEEP, status=GREEN, duration=82.8s
2025-12-15 11:53:48 [DEBUG] __main__ - [get_openf1] GET https://api.openf1.org/v1/car_data params={'session_key': 9636, 'driver_number': 11, 'date>': '2024-11-03T17:45:21.725000+00:00', 'date<': '2024-11-03T17:46:44.490000+00:00'}
2025-12-15 11:53:48 [DEBUG] __main__ - [compute_lap_features_for_driver] driver=11 lap=61, car_data rows=328
2025-12-15 11:53:48 [INFO] __main__ - [compute_lap_features_for_driver] driver=11 lap=62 KEEP, status=GREEN, duration=82.9s
2025-12-15 11:53:48 [DEBUG] __main__ - [get_openf1] GET https://api.openf1.org/v1/car_data params={'session_key': 9636, 'driver_number': 11, 'date>': '2024-11-03T17:46:44.490000+00:00', 'date<': '2024-11-03T17:48:07.411000+00:00'}
2025-12-15 11:53:49 [DEBUG] __main__ - [compute_lap_features_for_driver] driver=11 lap=62, car_data rows=320
2025-12-15 11:53:49 [INFO] __main__ - [compute_lap_features_for_driver] driver=11 lap=63 KEEP, status=GREEN, duration=82.4s
2025-12-15 11:53:49 [DEBUG] __main__ - [get_openf1] GET https://api.openf1.org/v1/car_data params={'session_key': 9636, 'driver_number': 11, 'date>': '2024-11-03T17:48:07.411000+00:00', 'date<': '2024-11-03T17:49:29.765000+00:00'}
2025-12-15 11:53:49 [DEBUG] __main__ - [compute_lap_features_for_driver] driver=11 lap=63, car_data rows=311
2025-12-15 11:53:49 [INFO] __main__ - [compute_lap_features_for_driver] driver=11 lap=64 KEEP, status=GREEN, duration=82.4s
2025-12-15 11:53:49 [DEBUG] __main__ - [get_openf1] GET https://api.openf1.org/v1/car_data params={'session_key': 9636, 'driver_number': 11, 'date>': '2024-11-03T17:49:29.765000+00:00', 'date<': '2024-11-03T17:50:52.133000+00:00'}
2025-12-15 11:53:50 [DEBUG] __main__ - [compute_lap_features_for_driver] driver=11 lap=64, car_data rows=305
2025-12-15 11:53:50 [INFO] __main__ - [compute_lap_features_for_driver] driver=11 lap=65 KEEP, status=GREEN, duration=82.1s
2025-12-15 11:53:50 [DEBUG] __main__ - [get_openf1] GET https://api.openf1.org/v1/car_data params={'session_key': 9636, 'driver_number': 11, 'date>': '2024-11-03T17:50:52.133000+00:00', 'date<': '2024-11-03T17:52:14.281000+00:00'}
2025-12-15 11:53:52 [DEBUG] __main__ - [compute_lap_features_for_driver] driver=11 lap=65, car_data rows=308
2025-12-15 11:53:52 [INFO] __main__ - [compute_lap_features_for_driver] driver=11 lap=66 KEEP, status=GREEN, duration=83.0s
2025-12-15 11:53:52 [DEBUG] __main__ - [get_openf1] GET https://api.openf1.org/v1/car_data params={'session_key': 9636, 'driver_number': 11, 'date>': '2024-11-03T17:52:14.281000+00:00', 'date<': '2024-11-03T17:53:37.274000+00:00'}
2025-12-15 11:53:52 [DEBUG] __main__ - [compute_lap_features_for_driver] driver=11 lap=66, car_data rows=309
2025-12-15 11:53:52 [INFO] __main__ - [compute_lap_features_for_driver] driver=11 lap=67 KEEP, status=GREEN, duration=82.1s
2025-12-15 11:53:52 [DEBUG] __main__ - [get_openf1] GET https://api.openf1.org/v1/car_data params={'session_key': 9636, 'driver_number': 11, 'date>': '2024-11-03T17:53:37.274000+00:00', 'date<': '2024-11-03T17:54:59.393000+00:00'}
2025-12-15 11:53:53 [DEBUG] __main__ - [compute_lap_features_for_driver] driver=11 lap=67, car_data rows=310
2025-12-15 11:53:53 [INFO] __main__ - [compute_lap_features_for_driver] driver=11 lap=68 KEEP, status=GREEN, duration=82.4s
2025-12-15 11:53:53 [DEBUG] __main__ - [get_openf1] GET https://api.openf1.org/v1/car_data params={'session_key': 9636, 'driver_number': 11, 'date>': '2024-11-03T17:54:59.393000+00:00', 'date<': '2024-11-03T17:56:21.748000+00:00'}
2025-12-15 11:53:53 [DEBUG] __main__ - [compute_lap_features_for_driver] driver=11 lap=68, car_data rows=280
2025-12-15 11:53:53 [INFO] __main__ - [compute_lap_features_for_driver] driver=11 lap=69 DROP (CHEQUERED_FLAG_LAP), status=RED_FLAG;CHEQUERED, duration=nans
2025-12-15 11:53:53 [INFO] __main__ - [compute_lap_features_for_driver] driver=11, feature laps=[2, 3, 5, 6, 7, 8, 9, 10, 12, 13, 14, 15, 16, 17, 18, 19, 20, 21, 22, 23, 24, 26, 29, 31, 34, 35, 37, 40, 41, 44, 45, 46, 47, 48, 49, 50, 52, 53, 54, 55, 56, 57, 58, 59, 60, 61, 62, 63, 64, 65, 66, 67, 68]
2025-12-15 11:53:53 [INFO] __main__ - [build_driver_style_embedding_json] compute features for driver=24
2025-12-15 11:53:53 [DEBUG] __main__ - [get_openf1] GET https://api.openf1.org/v1/laps params={'session_key': 9636, 'driver_number': 24}
2025-12-15 11:53:55 [DEBUG] __main__ - [get_openf1] GET https://api.openf1.org/v1/sessions params={'session_key': 9636}
2025-12-15 11:53:56 [INFO] __main__ - [fetch_session_start] session_key=9636, date_start=2024-11-03 15:30:00+00:00
2025-12-15 11:53:56 [INFO] __main__ - [fetch_race_start_time] use first GREEN as race_start: 2024-11-03 14:50:01+00:00
2025-12-15 11:53:56 [INFO] __main__ - [fetch_laps] fill lap 1 date_start with race_start=2024-11-03 14:50:01+00:00
2025-12-15 11:53:56 [INFO] __main__ - [fetch_laps] driver=24, laps: min=1, max=69, count=69
2025-12-15 11:53:56 [DEBUG] __main__ - [fetch_laps] head:
   meeting_key  session_key  ...  st_speed  lap_duration_s
0         1249         9636  ...     170.0        3699.594
1         1249         9636  ...     213.0          89.072
2         1249         9636  ...     229.0          87.587
3         1249         9636  ...     226.0          88.118
4         1249         9636  ...     245.0          89.777

[5 rows x 17 columns]
2025-12-15 11:53:56 [DEBUG] __main__ - [build_lap_status_mapping] status_by_lap={1: 'YELLOW', 2: 'GREEN', 3: 'GREEN', 4: 'YELLOW', 5: 'GREEN', 6: 'GREEN', 7: 'GREEN', 8: 'GREEN', 9: 'GREEN', 10: 'GREEN', 11: 'YELLOW', 12: 'GREEN', 13: 'GREEN', 14: 'GREEN', 15: 'GREEN', 16: 'GREEN', 17: 'GREEN', 18: 'GREEN', 19: 'GREEN', 20: 'GREEN', 21: 'GREEN', 22: 'GREEN', 23: 'GREEN', 24: 'GREEN', 25: 'YELLOW', 26: 'YELLOW', 27: 'VSC;YELLOW', 28: 'VSC', 29: 'SC', 30: 'GREEN', 31: 'YELLOW;RED_FLAG', 32: 'GREEN', 33: 'YELLOW', 34: 'GREEN', 35: 'GREEN', 36: 'YELLOW', 37: 'YELLOW', 38: 'GREEN', 39: 'SC;YELLOW', 40: 'GREEN', 41: 'GREEN', 42: 'SC', 43: 'YELLOW', 44: 'GREEN', 45: 'GREEN', 46: 'GREEN', 47: 'GREEN', 48: 'GREEN', 49: 'GREEN', 50: 'GREEN', 51: 'YELLOW', 52: 'GREEN', 53: 'GREEN', 54: 'GREEN', 55: 'GREEN', 56: 'GREEN', 57: 'GREEN', 58: 'GREEN', 59: 'GREEN', 60: 'GREEN', 61: 'GREEN', 62: 'GREEN', 63: 'GREEN', 64: 'GREEN', 65: 'GREEN', 66: 'GREEN', 67: 'GREEN', 68: 'GREEN', 69: 'RED_FLAG;CHEQUERED'}
2025-12-15 11:53:56 [INFO] __main__ - [compute_lap_features_for_driver] driver=24, typical_duration_s=85.99
2025-12-15 11:53:56 [INFO] __main__ - [compute_lap_features_for_driver] driver=24 lap=1 DROP (YELLOW_FLAG_LAP), status=YELLOW, duration=3699.6s
2025-12-15 11:53:56 [INFO] __main__ - [compute_lap_features_for_driver] driver=24 lap=2 KEEP, status=GREEN, duration=89.1s
2025-12-15 11:53:56 [DEBUG] __main__ - [get_openf1] GET https://api.openf1.org/v1/car_data params={'session_key': 9636, 'driver_number': 24, 'date>': '2024-11-03T15:51:40.594000+00:00', 'date<': '2024-11-03T15:53:09.666000+00:00'}
2025-12-15 11:53:57 [DEBUG] __main__ - [compute_lap_features_for_driver] driver=24 lap=2, car_data rows=339
2025-12-15 11:53:57 [INFO] __main__ - [compute_lap_features_for_driver] driver=24 lap=3 KEEP, status=GREEN, duration=87.6s
2025-12-15 11:53:57 [DEBUG] __main__ - [get_openf1] GET https://api.openf1.org/v1/car_data params={'session_key': 9636, 'driver_number': 24, 'date>': '2024-11-03T15:53:09.666000+00:00', 'date<': '2024-11-03T15:54:37.253000+00:00'}
2025-12-15 11:53:57 [DEBUG] __main__ - [compute_lap_features_for_driver] driver=24 lap=3, car_data rows=322
2025-12-15 11:53:57 [INFO] __main__ - [compute_lap_features_for_driver] driver=24 lap=4 DROP (YELLOW_FLAG_LAP), status=YELLOW, duration=88.1s
2025-12-15 11:53:57 [INFO] __main__ - [compute_lap_features_for_driver] driver=24 lap=5 KEEP, status=GREEN, duration=89.8s
2025-12-15 11:53:57 [DEBUG] __main__ - [get_openf1] GET https://api.openf1.org/v1/car_data params={'session_key': 9636, 'driver_number': 24, 'date>': '2024-11-03T15:56:05.371000+00:00', 'date<': '2024-11-03T15:57:35.148000+00:00'}
2025-12-15 11:53:58 [DEBUG] __main__ - [compute_lap_features_for_driver] driver=24 lap=5, car_data rows=344
2025-12-15 11:53:58 [INFO] __main__ - [compute_lap_features_for_driver] driver=24 lap=6 KEEP, status=GREEN, duration=86.5s
2025-12-15 11:53:58 [DEBUG] __main__ - [get_openf1] GET https://api.openf1.org/v1/car_data params={'session_key': 9636, 'driver_number': 24, 'date>': '2024-11-03T15:57:35.148000+00:00', 'date<': '2024-11-03T15:59:01.604000+00:00'}
2025-12-15 11:53:58 [DEBUG] __main__ - [compute_lap_features_for_driver] driver=24 lap=6, car_data rows=325
2025-12-15 11:53:58 [INFO] __main__ - [compute_lap_features_for_driver] driver=24 lap=7 KEEP, status=GREEN, duration=87.0s
2025-12-15 11:53:58 [DEBUG] __main__ - [get_openf1] GET https://api.openf1.org/v1/car_data params={'session_key': 9636, 'driver_number': 24, 'date>': '2024-11-03T15:59:01.604000+00:00', 'date<': '2024-11-03T16:00:28.628000+00:00'}
2025-12-15 11:53:59 [DEBUG] __main__ - [compute_lap_features_for_driver] driver=24 lap=7, car_data rows=307
2025-12-15 11:53:59 [INFO] __main__ - [compute_lap_features_for_driver] driver=24 lap=8 KEEP, status=GREEN, duration=86.2s
2025-12-15 11:53:59 [DEBUG] __main__ - [get_openf1] GET https://api.openf1.org/v1/car_data params={'session_key': 9636, 'driver_number': 24, 'date>': '2024-11-03T16:00:28.628000+00:00', 'date<': '2024-11-03T16:01:54.787000+00:00'}
2025-12-15 11:54:00 [DEBUG] __main__ - [compute_lap_features_for_driver] driver=24 lap=8, car_data rows=332
2025-12-15 11:54:00 [INFO] __main__ - [compute_lap_features_for_driver] driver=24 lap=9 KEEP, status=GREEN, duration=85.8s
2025-12-15 11:54:00 [DEBUG] __main__ - [get_openf1] GET https://api.openf1.org/v1/car_data params={'session_key': 9636, 'driver_number': 24, 'date>': '2024-11-03T16:01:54.787000+00:00', 'date<': '2024-11-03T16:03:20.618000+00:00'}
2025-12-15 11:54:01 [DEBUG] __main__ - [compute_lap_features_for_driver] driver=24 lap=9, car_data rows=335
2025-12-15 11:54:01 [INFO] __main__ - [compute_lap_features_for_driver] driver=24 lap=10 KEEP, status=GREEN, duration=85.7s
2025-12-15 11:54:01 [DEBUG] __main__ - [get_openf1] GET https://api.openf1.org/v1/car_data params={'session_key': 9636, 'driver_number': 24, 'date>': '2024-11-03T16:03:20.618000+00:00', 'date<': '2024-11-03T16:04:46.303000+00:00'}
2025-12-15 11:54:01 [DEBUG] __main__ - [compute_lap_features_for_driver] driver=24 lap=10, car_data rows=321
2025-12-15 11:54:01 [INFO] __main__ - [compute_lap_features_for_driver] driver=24 lap=11 DROP (YELLOW_FLAG_LAP), status=YELLOW, duration=85.5s
2025-12-15 11:54:01 [INFO] __main__ - [compute_lap_features_for_driver] driver=24 lap=12 KEEP, status=GREEN, duration=86.6s
2025-12-15 11:54:01 [DEBUG] __main__ - [get_openf1] GET https://api.openf1.org/v1/car_data params={'session_key': 9636, 'driver_number': 24, 'date>': '2024-11-03T16:06:11.852000+00:00', 'date<': '2024-11-03T16:07:38.432000+00:00'}
2025-12-15 11:54:02 [DEBUG] __main__ - [compute_lap_features_for_driver] driver=24 lap=12, car_data rows=330
2025-12-15 11:54:02 [INFO] __main__ - [compute_lap_features_for_driver] driver=24 lap=13 KEEP, status=GREEN, duration=87.8s
2025-12-15 11:54:02 [DEBUG] __main__ - [get_openf1] GET https://api.openf1.org/v1/car_data params={'session_key': 9636, 'driver_number': 24, 'date>': '2024-11-03T16:07:38.432000+00:00', 'date<': '2024-11-03T16:09:06.228000+00:00'}
2025-12-15 11:54:04 [DEBUG] __main__ - [compute_lap_features_for_driver] driver=24 lap=13, car_data rows=327
2025-12-15 11:54:04 [INFO] __main__ - [compute_lap_features_for_driver] driver=24 lap=14 KEEP, status=GREEN, duration=87.2s
2025-12-15 11:54:04 [DEBUG] __main__ - [get_openf1] GET https://api.openf1.org/v1/car_data params={'session_key': 9636, 'driver_number': 24, 'date>': '2024-11-03T16:09:06.228000+00:00', 'date<': '2024-11-03T16:10:33.430000+00:00'}
2025-12-15 11:54:05 [DEBUG] __main__ - [compute_lap_features_for_driver] driver=24 lap=14, car_data rows=325
2025-12-15 11:54:05 [INFO] __main__ - [compute_lap_features_for_driver] driver=24 lap=15 KEEP, status=GREEN, duration=86.4s
2025-12-15 11:54:05 [DEBUG] __main__ - [get_openf1] GET https://api.openf1.org/v1/car_data params={'session_key': 9636, 'driver_number': 24, 'date>': '2024-11-03T16:10:33.430000+00:00', 'date<': '2024-11-03T16:11:59.868000+00:00'}
2025-12-15 11:54:06 [DEBUG] __main__ - [compute_lap_features_for_driver] driver=24 lap=15, car_data rows=331
2025-12-15 11:54:06 [INFO] __main__ - [compute_lap_features_for_driver] driver=24 lap=16 KEEP, status=GREEN, duration=86.0s
2025-12-15 11:54:06 [DEBUG] __main__ - [get_openf1] GET https://api.openf1.org/v1/car_data params={'session_key': 9636, 'driver_number': 24, 'date>': '2024-11-03T16:11:59.868000+00:00', 'date<': '2024-11-03T16:13:25.906000+00:00'}
2025-12-15 11:54:07 [DEBUG] __main__ - [compute_lap_features_for_driver] driver=24 lap=16, car_data rows=324
2025-12-15 11:54:07 [INFO] __main__ - [compute_lap_features_for_driver] driver=24 lap=17 KEEP, status=GREEN, duration=85.9s
2025-12-15 11:54:07 [DEBUG] __main__ - [get_openf1] GET https://api.openf1.org/v1/car_data params={'session_key': 9636, 'driver_number': 24, 'date>': '2024-11-03T16:13:25.906000+00:00', 'date<': '2024-11-03T16:14:51.774000+00:00'}
2025-12-15 11:54:07 [DEBUG] __main__ - [compute_lap_features_for_driver] driver=24 lap=17, car_data rows=318
2025-12-15 11:54:07 [INFO] __main__ - [compute_lap_features_for_driver] driver=24 lap=18 KEEP, status=GREEN, duration=85.6s
2025-12-15 11:54:07 [DEBUG] __main__ - [get_openf1] GET https://api.openf1.org/v1/car_data params={'session_key': 9636, 'driver_number': 24, 'date>': '2024-11-03T16:14:51.774000+00:00', 'date<': '2024-11-03T16:16:17.420000+00:00'}
2025-12-15 11:54:08 [DEBUG] __main__ - [compute_lap_features_for_driver] driver=24 lap=18, car_data rows=326
2025-12-15 11:54:08 [INFO] __main__ - [compute_lap_features_for_driver] driver=24 lap=19 KEEP, status=GREEN, duration=85.4s
2025-12-15 11:54:08 [DEBUG] __main__ - [get_openf1] GET https://api.openf1.org/v1/car_data params={'session_key': 9636, 'driver_number': 24, 'date>': '2024-11-03T16:16:17.420000+00:00', 'date<': '2024-11-03T16:17:42.814000+00:00'}
2025-12-15 11:54:09 [DEBUG] __main__ - [compute_lap_features_for_driver] driver=24 lap=19, car_data rows=318
2025-12-15 11:54:09 [INFO] __main__ - [compute_lap_features_for_driver] driver=24 lap=20 KEEP, status=GREEN, duration=85.0s
2025-12-15 11:54:09 [DEBUG] __main__ - [get_openf1] GET https://api.openf1.org/v1/car_data params={'session_key': 9636, 'driver_number': 24, 'date>': '2024-11-03T16:17:42.814000+00:00', 'date<': '2024-11-03T16:19:07.802000+00:00'}
2025-12-15 11:54:10 [DEBUG] __main__ - [compute_lap_features_for_driver] driver=24 lap=20, car_data rows=318
2025-12-15 11:54:10 [INFO] __main__ - [compute_lap_features_for_driver] driver=24 lap=21 KEEP, status=GREEN, duration=86.0s
2025-12-15 11:54:10 [DEBUG] __main__ - [get_openf1] GET https://api.openf1.org/v1/car_data params={'session_key': 9636, 'driver_number': 24, 'date>': '2024-11-03T16:19:07.802000+00:00', 'date<': '2024-11-03T16:20:33.792000+00:00'}
2025-12-15 11:54:10 [DEBUG] __main__ - [compute_lap_features_for_driver] driver=24 lap=21, car_data rows=314
2025-12-15 11:54:10 [INFO] __main__ - [compute_lap_features_for_driver] driver=24 lap=22 KEEP, status=GREEN, duration=85.7s
2025-12-15 11:54:10 [DEBUG] __main__ - [get_openf1] GET https://api.openf1.org/v1/car_data params={'session_key': 9636, 'driver_number': 24, 'date>': '2024-11-03T16:20:33.792000+00:00', 'date<': '2024-11-03T16:21:59.499000+00:00'}
2025-12-15 11:54:11 [DEBUG] __main__ - [compute_lap_features_for_driver] driver=24 lap=22, car_data rows=312
2025-12-15 11:54:11 [INFO] __main__ - [compute_lap_features_for_driver] driver=24 lap=23 KEEP, status=GREEN, duration=86.5s
2025-12-15 11:54:11 [DEBUG] __main__ - [get_openf1] GET https://api.openf1.org/v1/car_data params={'session_key': 9636, 'driver_number': 24, 'date>': '2024-11-03T16:21:59.499000+00:00', 'date<': '2024-11-03T16:23:25.974000+00:00'}
2025-12-15 11:54:12 [DEBUG] __main__ - [compute_lap_features_for_driver] driver=24 lap=23, car_data rows=306
2025-12-15 11:54:12 [INFO] __main__ - [compute_lap_features_for_driver] driver=24 lap=24 KEEP, status=GREEN, duration=86.0s
2025-12-15 11:54:12 [DEBUG] __main__ - [get_openf1] GET https://api.openf1.org/v1/car_data params={'session_key': 9636, 'driver_number': 24, 'date>': '2024-11-03T16:23:25.974000+00:00', 'date<': '2024-11-03T16:24:51.957000+00:00'}
2025-12-15 11:54:12 [DEBUG] __main__ - [compute_lap_features_for_driver] driver=24 lap=24, car_data rows=332
2025-12-15 11:54:12 [INFO] __main__ - [compute_lap_features_for_driver] driver=24 lap=25 DROP (YELLOW_FLAG_LAP), status=YELLOW, duration=87.3s
2025-12-15 11:54:12 [INFO] __main__ - [compute_lap_features_for_driver] driver=24 lap=26 DROP (YELLOW_FLAG_LAP), status=YELLOW, duration=88.3s
2025-12-15 11:54:12 [INFO] __main__ - [compute_lap_features_for_driver] driver=24 lap=27 DROP (VSC_LAP), status=VSC;YELLOW, duration=108.2s
2025-12-15 11:54:12 [INFO] __main__ - [compute_lap_features_for_driver] driver=24 lap=28 DROP (VSC_LAP), status=VSC, duration=126.5s
2025-12-15 11:54:12 [INFO] __main__ - [compute_lap_features_for_driver] driver=24 lap=29 DROP (SC_LAP), status=SC, duration=138.7s
2025-12-15 11:54:12 [INFO] __main__ - [compute_lap_features_for_driver] driver=24 lap=30 KEEP, status=GREEN, duration=125.4s
2025-12-15 11:54:12 [DEBUG] __main__ - [get_openf1] GET https://api.openf1.org/v1/car_data params={'session_key': 9636, 'driver_number': 24, 'date>': '2024-11-03T16:34:00.966000+00:00', 'date<': '2024-11-03T16:36:06.368000+00:00'}
2025-12-15 11:54:13 [DEBUG] __main__ - [compute_lap_features_for_driver] driver=24 lap=30, car_data rows=473
2025-12-15 11:54:13 [INFO] __main__ - [compute_lap_features_for_driver] driver=24 lap=31 DROP (RED_FLAG_LAP), status=YELLOW;RED_FLAG, duration=160.5s
2025-12-15 11:54:13 [INFO] __main__ - [compute_lap_features_for_driver] driver=24 lap=32 DROP (LONG_LAP_1392.3s), status=GREEN, duration=1392.3s
2025-12-15 11:54:13 [INFO] __main__ - [compute_lap_features_for_driver] driver=24 lap=33 DROP (YELLOW_FLAG_LAP), status=YELLOW, duration=173.7s
2025-12-15 11:54:13 [INFO] __main__ - [compute_lap_features_for_driver] driver=24 lap=34 KEEP, status=GREEN, duration=98.6s
2025-12-15 11:54:13 [DEBUG] __main__ - [get_openf1] GET https://api.openf1.org/v1/car_data params={'session_key': 9636, 'driver_number': 24, 'date>': '2024-11-03T17:04:52.883000+00:00', 'date<': '2024-11-03T17:06:31.496000+00:00'}
2025-12-15 11:54:14 [DEBUG] __main__ - [compute_lap_features_for_driver] driver=24 lap=34, car_data rows=360
2025-12-15 11:54:14 [INFO] __main__ - [compute_lap_features_for_driver] driver=24 lap=35 KEEP, status=GREEN, duration=95.1s
2025-12-15 11:54:14 [DEBUG] __main__ - [get_openf1] GET https://api.openf1.org/v1/car_data params={'session_key': 9636, 'driver_number': 24, 'date>': '2024-11-03T17:06:31.496000+00:00', 'date<': '2024-11-03T17:08:06.629000+00:00'}
2025-12-15 11:54:15 [DEBUG] __main__ - [compute_lap_features_for_driver] driver=24 lap=35, car_data rows=337
2025-12-15 11:54:15 [INFO] __main__ - [compute_lap_features_for_driver] driver=24 lap=36 DROP (YELLOW_FLAG_LAP), status=YELLOW, duration=93.1s
2025-12-15 11:54:15 [INFO] __main__ - [compute_lap_features_for_driver] driver=24 lap=37 DROP (YELLOW_FLAG_LAP), status=YELLOW, duration=89.6s
2025-12-15 11:54:15 [INFO] __main__ - [compute_lap_features_for_driver] driver=24 lap=38 KEEP, status=GREEN, duration=88.0s
2025-12-15 11:54:15 [DEBUG] __main__ - [get_openf1] GET https://api.openf1.org/v1/car_data params={'session_key': 9636, 'driver_number': 24, 'date>': '2024-11-03T17:11:09.322000+00:00', 'date<': '2024-11-03T17:12:37.366000+00:00'}
2025-12-15 11:54:15 [DEBUG] __main__ - [compute_lap_features_for_driver] driver=24 lap=38, car_data rows=332
2025-12-15 11:54:15 [INFO] __main__ - [compute_lap_features_for_driver] driver=24 lap=39 DROP (SC_LAP), status=SC;YELLOW, duration=102.3s
2025-12-15 11:54:15 [INFO] __main__ - [compute_lap_features_for_driver] driver=24 lap=40 KEEP, status=GREEN, duration=110.7s
2025-12-15 11:54:15 [DEBUG] __main__ - [get_openf1] GET https://api.openf1.org/v1/car_data params={'session_key': 9636, 'driver_number': 24, 'date>': '2024-11-03T17:14:19.666000+00:00', 'date<': '2024-11-03T17:16:10.373000+00:00'}
2025-12-15 11:54:16 [DEBUG] __main__ - [compute_lap_features_for_driver] driver=24 lap=40, car_data rows=410
2025-12-15 11:54:16 [INFO] __main__ - [compute_lap_features_for_driver] driver=24 lap=41 KEEP, status=GREEN, duration=110.5s
2025-12-15 11:54:16 [DEBUG] __main__ - [get_openf1] GET https://api.openf1.org/v1/car_data params={'session_key': 9636, 'driver_number': 24, 'date>': '2024-11-03T17:16:10.373000+00:00', 'date<': '2024-11-03T17:18:00.907000+00:00'}
2025-12-15 11:54:17 [DEBUG] __main__ - [compute_lap_features_for_driver] driver=24 lap=41, car_data rows=399
2025-12-15 11:54:17 [INFO] __main__ - [compute_lap_features_for_driver] driver=24 lap=42 DROP (SC_LAP), status=SC, duration=121.0s
2025-12-15 11:54:17 [INFO] __main__ - [compute_lap_features_for_driver] driver=24 lap=43 DROP (YELLOW_FLAG_LAP), status=YELLOW, duration=94.3s
2025-12-15 11:54:17 [INFO] __main__ - [compute_lap_features_for_driver] driver=24 lap=44 KEEP, status=GREEN, duration=88.0s
2025-12-15 11:54:17 [DEBUG] __main__ - [get_openf1] GET https://api.openf1.org/v1/car_data params={'session_key': 9636, 'driver_number': 24, 'date>': '2024-11-03T17:21:36.254000+00:00', 'date<': '2024-11-03T17:23:04.247000+00:00'}
2025-12-15 11:54:18 [DEBUG] __main__ - [compute_lap_features_for_driver] driver=24 lap=44, car_data rows=337
2025-12-15 11:54:18 [INFO] __main__ - [compute_lap_features_for_driver] driver=24 lap=45 KEEP, status=GREEN, duration=86.2s
2025-12-15 11:54:18 [DEBUG] __main__ - [get_openf1] GET https://api.openf1.org/v1/car_data params={'session_key': 9636, 'driver_number': 24, 'date>': '2024-11-03T17:23:04.247000+00:00', 'date<': '2024-11-03T17:24:30.470000+00:00'}
2025-12-15 11:54:19 [DEBUG] __main__ - [compute_lap_features_for_driver] driver=24 lap=45, car_data rows=322
2025-12-15 11:54:19 [INFO] __main__ - [compute_lap_features_for_driver] driver=24 lap=46 KEEP, status=GREEN, duration=85.3s
2025-12-15 11:54:19 [DEBUG] __main__ - [get_openf1] GET https://api.openf1.org/v1/car_data params={'session_key': 9636, 'driver_number': 24, 'date>': '2024-11-03T17:24:30.470000+00:00', 'date<': '2024-11-03T17:25:55.767000+00:00'}
2025-12-15 11:54:19 [DEBUG] __main__ - [compute_lap_features_for_driver] driver=24 lap=46, car_data rows=315
2025-12-15 11:54:19 [INFO] __main__ - [compute_lap_features_for_driver] driver=24 lap=47 KEEP, status=GREEN, duration=85.1s
2025-12-15 11:54:19 [DEBUG] __main__ - [get_openf1] GET https://api.openf1.org/v1/car_data params={'session_key': 9636, 'driver_number': 24, 'date>': '2024-11-03T17:25:55.767000+00:00', 'date<': '2024-11-03T17:27:20.914000+00:00'}
2025-12-15 11:54:20 [DEBUG] __main__ - [compute_lap_features_for_driver] driver=24 lap=47, car_data rows=312
2025-12-15 11:54:20 [INFO] __main__ - [compute_lap_features_for_driver] driver=24 lap=48 KEEP, status=GREEN, duration=84.6s
2025-12-15 11:54:20 [DEBUG] __main__ - [get_openf1] GET https://api.openf1.org/v1/car_data params={'session_key': 9636, 'driver_number': 24, 'date>': '2024-11-03T17:27:20.914000+00:00', 'date<': '2024-11-03T17:28:45.542000+00:00'}
2025-12-15 11:54:21 [DEBUG] __main__ - [compute_lap_features_for_driver] driver=24 lap=48, car_data rows=314
2025-12-15 11:54:21 [INFO] __main__ - [compute_lap_features_for_driver] driver=24 lap=49 KEEP, status=GREEN, duration=84.6s
2025-12-15 11:54:21 [DEBUG] __main__ - [get_openf1] GET https://api.openf1.org/v1/car_data params={'session_key': 9636, 'driver_number': 24, 'date>': '2024-11-03T17:28:45.542000+00:00', 'date<': '2024-11-03T17:30:10.097000+00:00'}
2025-12-15 11:54:21 [DEBUG] __main__ - [compute_lap_features_for_driver] driver=24 lap=49, car_data rows=321
2025-12-15 11:54:21 [INFO] __main__ - [compute_lap_features_for_driver] driver=24 lap=50 KEEP, status=GREEN, duration=84.2s
2025-12-15 11:54:21 [DEBUG] __main__ - [get_openf1] GET https://api.openf1.org/v1/car_data params={'session_key': 9636, 'driver_number': 24, 'date>': '2024-11-03T17:30:10.097000+00:00', 'date<': '2024-11-03T17:31:34.315000+00:00'}
2025-12-15 11:54:22 [DEBUG] __main__ - [compute_lap_features_for_driver] driver=24 lap=50, car_data rows=317
2025-12-15 11:54:22 [INFO] __main__ - [compute_lap_features_for_driver] driver=24 lap=51 DROP (YELLOW_FLAG_LAP), status=YELLOW, duration=84.9s
2025-12-15 11:54:22 [INFO] __main__ - [compute_lap_features_for_driver] driver=24 lap=52 KEEP, status=GREEN, duration=84.6s
2025-12-15 11:54:22 [DEBUG] __main__ - [get_openf1] GET https://api.openf1.org/v1/car_data params={'session_key': 9636, 'driver_number': 24, 'date>': '2024-11-03T17:32:59.211000+00:00', 'date<': '2024-11-03T17:34:23.818000+00:00'}
2025-12-15 11:54:22 [DEBUG] __main__ - [compute_lap_features_for_driver] driver=24 lap=52, car_data rows=319
2025-12-15 11:54:22 [INFO] __main__ - [compute_lap_features_for_driver] driver=24 lap=53 KEEP, status=GREEN, duration=84.9s
2025-12-15 11:54:22 [DEBUG] __main__ - [get_openf1] GET https://api.openf1.org/v1/car_data params={'session_key': 9636, 'driver_number': 24, 'date>': '2024-11-03T17:34:23.818000+00:00', 'date<': '2024-11-03T17:35:48.707000+00:00'}
2025-12-15 11:54:23 [DEBUG] __main__ - [compute_lap_features_for_driver] driver=24 lap=53, car_data rows=312
2025-12-15 11:54:23 [INFO] __main__ - [compute_lap_features_for_driver] driver=24 lap=54 KEEP, status=GREEN, duration=84.7s
2025-12-15 11:54:23 [DEBUG] __main__ - [get_openf1] GET https://api.openf1.org/v1/car_data params={'session_key': 9636, 'driver_number': 24, 'date>': '2024-11-03T17:35:48.707000+00:00', 'date<': '2024-11-03T17:37:13.456000+00:00'}
2025-12-15 11:54:24 [DEBUG] __main__ - [compute_lap_features_for_driver] driver=24 lap=54, car_data rows=313
2025-12-15 11:54:24 [INFO] __main__ - [compute_lap_features_for_driver] driver=24 lap=55 KEEP, status=GREEN, duration=84.9s
2025-12-15 11:54:24 [DEBUG] __main__ - [get_openf1] GET https://api.openf1.org/v1/car_data params={'session_key': 9636, 'driver_number': 24, 'date>': '2024-11-03T17:37:13.456000+00:00', 'date<': '2024-11-03T17:38:38.371000+00:00'}
2025-12-15 11:54:24 [DEBUG] __main__ - [compute_lap_features_for_driver] driver=24 lap=55, car_data rows=323
2025-12-15 11:54:24 [INFO] __main__ - [compute_lap_features_for_driver] driver=24 lap=56 KEEP, status=GREEN, duration=84.8s
2025-12-15 11:54:24 [DEBUG] __main__ - [get_openf1] GET https://api.openf1.org/v1/car_data params={'session_key': 9636, 'driver_number': 24, 'date>': '2024-11-03T17:38:38.371000+00:00', 'date<': '2024-11-03T17:40:03.126000+00:00'}
2025-12-15 11:54:27 [DEBUG] __main__ - [compute_lap_features_for_driver] driver=24 lap=56, car_data rows=304
2025-12-15 11:54:27 [INFO] __main__ - [compute_lap_features_for_driver] driver=24 lap=57 KEEP, status=GREEN, duration=84.2s
2025-12-15 11:54:27 [DEBUG] __main__ - [get_openf1] GET https://api.openf1.org/v1/car_data params={'session_key': 9636, 'driver_number': 24, 'date>': '2024-11-03T17:40:03.126000+00:00', 'date<': '2024-11-03T17:41:27.347000+00:00'}
2025-12-15 11:54:28 [DEBUG] __main__ - [compute_lap_features_for_driver] driver=24 lap=57, car_data rows=318
2025-12-15 11:54:28 [INFO] __main__ - [compute_lap_features_for_driver] driver=24 lap=58 KEEP, status=GREEN, duration=86.0s
2025-12-15 11:54:28 [DEBUG] __main__ - [get_openf1] GET https://api.openf1.org/v1/car_data params={'session_key': 9636, 'driver_number': 24, 'date>': '2024-11-03T17:41:27.347000+00:00', 'date<': '2024-11-03T17:42:53.366000+00:00'}
2025-12-15 11:54:28 [DEBUG] __main__ - [compute_lap_features_for_driver] driver=24 lap=58, car_data rows=329
2025-12-15 11:54:28 [INFO] __main__ - [compute_lap_features_for_driver] driver=24 lap=59 KEEP, status=GREEN, duration=83.9s
2025-12-15 11:54:28 [DEBUG] __main__ - [get_openf1] GET https://api.openf1.org/v1/car_data params={'session_key': 9636, 'driver_number': 24, 'date>': '2024-11-03T17:42:53.366000+00:00', 'date<': '2024-11-03T17:44:17.218000+00:00'}
2025-12-15 11:54:29 [DEBUG] __main__ - [compute_lap_features_for_driver] driver=24 lap=59, car_data rows=317
2025-12-15 11:54:29 [INFO] __main__ - [compute_lap_features_for_driver] driver=24 lap=60 KEEP, status=GREEN, duration=83.5s
2025-12-15 11:54:29 [DEBUG] __main__ - [get_openf1] GET https://api.openf1.org/v1/car_data params={'session_key': 9636, 'driver_number': 24, 'date>': '2024-11-03T17:44:17.218000+00:00', 'date<': '2024-11-03T17:45:40.732000+00:00'}
2025-12-15 11:54:29 [DEBUG] __main__ - [compute_lap_features_for_driver] driver=24 lap=60, car_data rows=314
2025-12-15 11:54:29 [INFO] __main__ - [compute_lap_features_for_driver] driver=24 lap=61 KEEP, status=GREEN, duration=83.4s
2025-12-15 11:54:29 [DEBUG] __main__ - [get_openf1] GET https://api.openf1.org/v1/car_data params={'session_key': 9636, 'driver_number': 24, 'date>': '2024-11-03T17:45:40.732000+00:00', 'date<': '2024-11-03T17:47:04.102000+00:00'}
2025-12-15 11:54:30 [DEBUG] __main__ - [compute_lap_features_for_driver] driver=24 lap=61, car_data rows=326
2025-12-15 11:54:30 [INFO] __main__ - [compute_lap_features_for_driver] driver=24 lap=62 KEEP, status=GREEN, duration=83.7s
2025-12-15 11:54:30 [DEBUG] __main__ - [get_openf1] GET https://api.openf1.org/v1/car_data params={'session_key': 9636, 'driver_number': 24, 'date>': '2024-11-03T17:47:04.102000+00:00', 'date<': '2024-11-03T17:48:27.796000+00:00'}
2025-12-15 11:54:30 [DEBUG] __main__ - [compute_lap_features_for_driver] driver=24 lap=62, car_data rows=321
2025-12-15 11:54:30 [INFO] __main__ - [compute_lap_features_for_driver] driver=24 lap=63 KEEP, status=GREEN, duration=83.5s
2025-12-15 11:54:30 [DEBUG] __main__ - [get_openf1] GET https://api.openf1.org/v1/car_data params={'session_key': 9636, 'driver_number': 24, 'date>': '2024-11-03T17:48:27.796000+00:00', 'date<': '2024-11-03T17:49:51.319000+00:00'}
2025-12-15 11:54:31 [DEBUG] __main__ - [compute_lap_features_for_driver] driver=24 lap=63, car_data rows=314
2025-12-15 11:54:31 [INFO] __main__ - [compute_lap_features_for_driver] driver=24 lap=64 KEEP, status=GREEN, duration=83.5s
2025-12-15 11:54:31 [DEBUG] __main__ - [get_openf1] GET https://api.openf1.org/v1/car_data params={'session_key': 9636, 'driver_number': 24, 'date>': '2024-11-03T17:49:51.319000+00:00', 'date<': '2024-11-03T17:51:14.836000+00:00'}
2025-12-15 11:54:31 [DEBUG] __main__ - [compute_lap_features_for_driver] driver=24 lap=64, car_data rows=312
2025-12-15 11:54:31 [INFO] __main__ - [compute_lap_features_for_driver] driver=24 lap=65 KEEP, status=GREEN, duration=83.1s
2025-12-15 11:54:31 [DEBUG] __main__ - [get_openf1] GET https://api.openf1.org/v1/car_data params={'session_key': 9636, 'driver_number': 24, 'date>': '2024-11-03T17:51:14.836000+00:00', 'date<': '2024-11-03T17:52:37.911000+00:00'}
2025-12-15 11:54:32 [DEBUG] __main__ - [compute_lap_features_for_driver] driver=24 lap=65, car_data rows=308
2025-12-15 11:54:32 [INFO] __main__ - [compute_lap_features_for_driver] driver=24 lap=66 KEEP, status=GREEN, duration=83.0s
2025-12-15 11:54:32 [DEBUG] __main__ - [get_openf1] GET https://api.openf1.org/v1/car_data params={'session_key': 9636, 'driver_number': 24, 'date>': '2024-11-03T17:52:37.911000+00:00', 'date<': '2024-11-03T17:54:00.947000+00:00'}
2025-12-15 11:54:33 [DEBUG] __main__ - [compute_lap_features_for_driver] driver=24 lap=66, car_data rows=308
2025-12-15 11:54:33 [INFO] __main__ - [compute_lap_features_for_driver] driver=24 lap=67 KEEP, status=GREEN, duration=84.2s
2025-12-15 11:54:33 [DEBUG] __main__ - [get_openf1] GET https://api.openf1.org/v1/car_data params={'session_key': 9636, 'driver_number': 24, 'date>': '2024-11-03T17:54:00.947000+00:00', 'date<': '2024-11-03T17:55:25.141000+00:00'}
2025-12-15 11:54:33 [DEBUG] __main__ - [compute_lap_features_for_driver] driver=24 lap=67, car_data rows=318
2025-12-15 11:54:33 [INFO] __main__ - [compute_lap_features_for_driver] driver=24 lap=68 KEEP, status=GREEN, duration=83.3s
2025-12-15 11:54:33 [DEBUG] __main__ - [get_openf1] GET https://api.openf1.org/v1/car_data params={'session_key': 9636, 'driver_number': 24, 'date>': '2024-11-03T17:55:25.141000+00:00', 'date<': '2024-11-03T17:56:48.395000+00:00'}
2025-12-15 11:54:34 [DEBUG] __main__ - [compute_lap_features_for_driver] driver=24 lap=68, car_data rows=284
2025-12-15 11:54:34 [INFO] __main__ - [compute_lap_features_for_driver] driver=24 lap=69 DROP (CHEQUERED_FLAG_LAP), status=RED_FLAG;CHEQUERED, duration=nans
2025-12-15 11:54:34 [INFO] __main__ - [compute_lap_features_for_driver] driver=24, feature laps=[2, 3, 5, 6, 7, 8, 9, 10, 12, 13, 14, 15, 16, 17, 18, 19, 20, 21, 22, 23, 24, 30, 34, 35, 38, 40, 41, 44, 45, 46, 47, 48, 49, 50, 52, 53, 54, 55, 56, 57, 58, 59, 60, 61, 62, 63, 64, 65, 66, 67, 68]
2025-12-15 11:54:34 [INFO] __main__ - [build_driver_style_embedding_json] all feature laps (combined)=[2, 3, 5, 6, 7, 8, 9, 10, 12, 13, 14, 15, 16, 17, 18, 19, 20, 21, 22, 23, 24, 25, 26, 29, 30, 31, 34, 35, 37, 38, 40, 41, 44, 45, 46, 47, 48, 49, 50, 51, 52, 53, 54, 55, 56, 57, 58, 59, 60, 61, 62, 63, 64, 65, 66, 67, 68]
2025-12-15 11:54:34 [INFO] __main__ - [embed_lap_features] focus_laps = [12, 35, 69]
2025-12-15 11:54:34 [INFO] __main__ - Saved ./driver_style_embedding_2024sopaulo.json
