2025-12-15 11:47:56 [INFO] __main__ - ===== Driver Style Map logging started for race_id=2024austin =====
2025-12-15 11:47:56 [INFO] __main__ - log file: log/driver_style_2024austin.log
2025-12-15 11:47:56 [INFO] __main__ - === Start processing 2024austin ===
2025-12-15 11:47:56 [DEBUG] __main__ - [get_openf1] GET https://api.openf1.org/v1/meetings params={'year': 2024}
2025-12-15 11:47:56 [DEBUG] __main__ - [get_openf1] GET https://api.openf1.org/v1/sessions params={'meeting_key': 1247}
2025-12-15 11:47:57 [INFO] __main__ - [find_race_session] year=2024 slug=austin -> session_key=9617, meeting_name=United States Grand Prix
2025-12-15 11:47:57 [INFO] __main__ - [main] race_id=2024austin -> session_key=9617, meeting_name=United States Grand Prix
2025-12-15 11:47:57 [DEBUG] __main__ - [get_openf1] GET https://api.openf1.org/v1/session_result params={'session_key': 9617}
2025-12-15 11:47:57 [DEBUG] __main__ - [get_openf1] GET https://api.openf1.org/v1/drivers params={'session_key': 9617}
2025-12-15 11:47:57 [INFO] __main__ - [select_race_drivers] session_key=9617 winner=16 teammate=55 last_finisher=24
2025-12-15 11:47:57 [INFO] __main__ - [build_driver_style_embedding_json] start session_key=9617, drivers=[16, 55, 24]
2025-12-15 11:47:57 [DEBUG] __main__ - [get_openf1] GET https://api.openf1.org/v1/race_control params={'session_key': 9617}
2025-12-15 11:47:58 [DEBUG] __main__ - [get_openf1] GET https://api.openf1.org/v1/sessions params={'session_key': 9617}
2025-12-15 11:47:58 [INFO] __main__ - [fetch_session_start] session_key=9617, date_start=2024-10-20 19:00:00+00:00
2025-12-15 11:47:58 [INFO] __main__ - [fetch_race_start_time] use first GREEN as race_start: 2024-10-20 18:20:00+00:00
2025-12-15 11:47:58 [DEBUG] __main__ - [get_openf1] GET https://api.openf1.org/v1/laps params={'session_key': 9617, 'driver_number': 16}
2025-12-15 11:47:59 [INFO] __main__ - [fetch_laps] fill lap 1 date_start with race_start=2024-10-20 18:20:00+00:00
2025-12-15 11:47:59 [INFO] __main__ - [fetch_laps] driver=16, laps: min=1, max=56, count=56
2025-12-15 11:47:59 [DEBUG] __main__ - [fetch_laps] head:
   meeting_key  session_key  ...  st_speed  lap_duration_s
0         1247         9617  ...       303        2728.970
1         1247         9617  ...       302         100.241
2         1247         9617  ...       216         123.071
3         1247         9617  ...       156         151.099
4         1247         9617  ...       179         168.754

[5 rows x 17 columns]
2025-12-15 11:47:59 [INFO] __main__ - [build_driver_style_embedding_json] ref_driver=16, min_lap=1, max_lap=56
2025-12-15 11:47:59 [INFO] __main__ - [build_driver_style_embedding_json] phase_split plan =
2025-12-15 11:47:59 [INFO] __main__ -   opening: [1, 2, 3, 4, 5, 6, 7, 8, 9, 10, 11, 12, 13, 14, 15, 16, 17, 18, 19]
2025-12-15 11:47:59 [INFO] __main__ -   middle : [20, 21, 22, 23, 24, 25, 26, 27, 28, 29, 30, 31, 32, 33, 34, 35, 36, 37, 38]
2025-12-15 11:47:59 [INFO] __main__ -   ending : [39, 40, 41, 42, 43, 44, 45, 46, 47, 48, 49, 50, 51, 52, 53, 54, 55, 56]
2025-12-15 11:47:59 [INFO] __main__ - [build_driver_style_embedding_json] compute features for driver=16
2025-12-15 11:47:59 [DEBUG] __main__ - [get_openf1] GET https://api.openf1.org/v1/laps params={'session_key': 9617, 'driver_number': 16}
2025-12-15 11:48:00 [DEBUG] __main__ - [get_openf1] GET https://api.openf1.org/v1/sessions params={'session_key': 9617}
2025-12-15 11:48:01 [INFO] __main__ - [fetch_session_start] session_key=9617, date_start=2024-10-20 19:00:00+00:00
2025-12-15 11:48:01 [INFO] __main__ - [fetch_race_start_time] use first GREEN as race_start: 2024-10-20 18:20:00+00:00
2025-12-15 11:48:01 [INFO] __main__ - [fetch_laps] fill lap 1 date_start with race_start=2024-10-20 18:20:00+00:00
2025-12-15 11:48:01 [INFO] __main__ - [fetch_laps] driver=16, laps: min=1, max=56, count=56
2025-12-15 11:48:01 [DEBUG] __main__ - [fetch_laps] head:
   meeting_key  session_key  ...  st_speed  lap_duration_s
0         1247         9617  ...       303        2728.970
1         1247         9617  ...       302         100.241
2         1247         9617  ...       216         123.071
3         1247         9617  ...       156         151.099
4         1247         9617  ...       179         168.754

[5 rows x 17 columns]
2025-12-15 11:48:01 [DEBUG] __main__ - [build_lap_status_mapping] status_by_lap={1: 'YELLOW', 2: 'GREEN', 3: 'SC;YELLOW', 4: 'GREEN', 5: 'SC', 6: 'GREEN', 7: 'GREEN', 8: 'GREEN', 9: 'GREEN', 10: 'YELLOW', 11: 'GREEN', 12: 'GREEN', 13: 'GREEN', 14: 'GREEN', 15: 'GREEN', 16: 'GREEN', 17: 'GREEN', 18: 'GREEN', 19: 'GREEN', 20: 'GREEN', 21: 'GREEN', 22: 'GREEN', 23: 'GREEN', 24: 'GREEN', 25: 'GREEN', 26: 'GREEN', 27: 'GREEN', 28: 'GREEN', 29: 'GREEN', 30: 'GREEN', 31: 'GREEN', 32: 'GREEN', 33: 'GREEN', 34: 'GREEN', 35: 'GREEN', 36: 'GREEN', 37: 'GREEN', 38: 'GREEN', 39: 'GREEN', 40: 'GREEN', 41: 'YELLOW', 42: 'GREEN', 43: 'GREEN', 44: 'GREEN', 45: 'GREEN', 46: 'GREEN', 47: 'GREEN', 48: 'GREEN', 49: 'GREEN', 50: 'GREEN', 51: 'GREEN', 52: 'GREEN', 53: 'GREEN', 54: 'GREEN', 55: 'GREEN', 56: 'RED_FLAG;CHEQUERED'}
2025-12-15 11:48:01 [INFO] __main__ - [compute_lap_features_for_driver] driver=16, typical_duration_s=99.076
2025-12-15 11:48:01 [INFO] __main__ - [compute_lap_features_for_driver] driver=16 lap=1 DROP (YELLOW_FLAG_LAP), status=YELLOW, duration=2729.0s
2025-12-15 11:48:01 [INFO] __main__ - [compute_lap_features_for_driver] driver=16 lap=2 KEEP, status=GREEN, duration=100.2s
2025-12-15 11:48:01 [DEBUG] __main__ - [get_openf1] GET https://api.openf1.org/v1/car_data params={'session_key': 9617, 'driver_number': 16, 'date>': '2024-10-20T19:05:28.970000+00:00', 'date<': '2024-10-20T19:07:09.211000+00:00'}
2025-12-15 11:48:02 [DEBUG] __main__ - [compute_lap_features_for_driver] driver=16 lap=2, car_data rows=383
2025-12-15 11:48:02 [INFO] __main__ - [compute_lap_features_for_driver] driver=16 lap=3 DROP (SC_LAP), status=SC;YELLOW, duration=123.1s
2025-12-15 11:48:02 [INFO] __main__ - [compute_lap_features_for_driver] driver=16 lap=4 KEEP, status=GREEN, duration=151.1s
2025-12-15 11:48:02 [DEBUG] __main__ - [get_openf1] GET https://api.openf1.org/v1/car_data params={'session_key': 9617, 'driver_number': 16, 'date>': '2024-10-20T19:09:12.282000+00:00', 'date<': '2024-10-20T19:11:43.381000+00:00'}
2025-12-15 11:48:03 [DEBUG] __main__ - [compute_lap_features_for_driver] driver=16 lap=4, car_data rows=578
2025-12-15 11:48:03 [INFO] __main__ - [compute_lap_features_for_driver] driver=16 lap=5 DROP (SC_LAP), status=SC, duration=168.8s
2025-12-15 11:48:03 [INFO] __main__ - [compute_lap_features_for_driver] driver=16 lap=6 KEEP, status=GREEN, duration=99.0s
2025-12-15 11:48:03 [DEBUG] __main__ - [get_openf1] GET https://api.openf1.org/v1/car_data params={'session_key': 9617, 'driver_number': 16, 'date>': '2024-10-20T19:14:32.135000+00:00', 'date<': '2024-10-20T19:16:11.174000+00:00'}
2025-12-15 11:48:04 [DEBUG] __main__ - [compute_lap_features_for_driver] driver=16 lap=6, car_data rows=377
2025-12-15 11:48:04 [INFO] __main__ - [compute_lap_features_for_driver] driver=16 lap=7 KEEP, status=GREEN, duration=99.5s
2025-12-15 11:48:04 [DEBUG] __main__ - [get_openf1] GET https://api.openf1.org/v1/car_data params={'session_key': 9617, 'driver_number': 16, 'date>': '2024-10-20T19:16:11.174000+00:00', 'date<': '2024-10-20T19:17:50.652000+00:00'}
2025-12-15 11:48:05 [DEBUG] __main__ - [compute_lap_features_for_driver] driver=16 lap=7, car_data rows=374
2025-12-15 11:48:05 [INFO] __main__ - [compute_lap_features_for_driver] driver=16 lap=8 KEEP, status=GREEN, duration=99.4s
2025-12-15 11:48:05 [DEBUG] __main__ - [get_openf1] GET https://api.openf1.org/v1/car_data params={'session_key': 9617, 'driver_number': 16, 'date>': '2024-10-20T19:17:50.652000+00:00', 'date<': '2024-10-20T19:19:30.074000+00:00'}
2025-12-15 11:48:06 [DEBUG] __main__ - [compute_lap_features_for_driver] driver=16 lap=8, car_data rows=371
2025-12-15 11:48:06 [INFO] __main__ - [compute_lap_features_for_driver] driver=16 lap=9 KEEP, status=GREEN, duration=99.2s
2025-12-15 11:48:06 [DEBUG] __main__ - [get_openf1] GET https://api.openf1.org/v1/car_data params={'session_key': 9617, 'driver_number': 16, 'date>': '2024-10-20T19:19:30.074000+00:00', 'date<': '2024-10-20T19:21:09.293000+00:00'}
2025-12-15 11:48:07 [DEBUG] __main__ - [compute_lap_features_for_driver] driver=16 lap=9, car_data rows=378
2025-12-15 11:48:07 [INFO] __main__ - [compute_lap_features_for_driver] driver=16 lap=10 DROP (YELLOW_FLAG_LAP), status=YELLOW, duration=99.4s
2025-12-15 11:48:07 [INFO] __main__ - [compute_lap_features_for_driver] driver=16 lap=11 KEEP, status=GREEN, duration=99.7s
2025-12-15 11:48:07 [DEBUG] __main__ - [get_openf1] GET https://api.openf1.org/v1/car_data params={'session_key': 9617, 'driver_number': 16, 'date>': '2024-10-20T19:22:48.700000+00:00', 'date<': '2024-10-20T19:24:28.361000+00:00'}
2025-12-15 11:48:08 [DEBUG] __main__ - [compute_lap_features_for_driver] driver=16 lap=11, car_data rows=393
2025-12-15 11:48:08 [INFO] __main__ - [compute_lap_features_for_driver] driver=16 lap=12 KEEP, status=GREEN, duration=99.4s
2025-12-15 11:48:08 [DEBUG] __main__ - [get_openf1] GET https://api.openf1.org/v1/car_data params={'session_key': 9617, 'driver_number': 16, 'date>': '2024-10-20T19:24:28.361000+00:00', 'date<': '2024-10-20T19:26:07.775000+00:00'}
2025-12-15 11:48:09 [DEBUG] __main__ - [compute_lap_features_for_driver] driver=16 lap=12, car_data rows=391
2025-12-15 11:48:09 [INFO] __main__ - [compute_lap_features_for_driver] driver=16 lap=13 KEEP, status=GREEN, duration=99.4s
2025-12-15 11:48:09 [DEBUG] __main__ - [get_openf1] GET https://api.openf1.org/v1/car_data params={'session_key': 9617, 'driver_number': 16, 'date>': '2024-10-20T19:26:07.775000+00:00', 'date<': '2024-10-20T19:27:47.159000+00:00'}
2025-12-15 11:48:10 [DEBUG] __main__ - [compute_lap_features_for_driver] driver=16 lap=13, car_data rows=377
2025-12-15 11:48:10 [INFO] __main__ - [compute_lap_features_for_driver] driver=16 lap=14 KEEP, status=GREEN, duration=99.2s
2025-12-15 11:48:10 [DEBUG] __main__ - [get_openf1] GET https://api.openf1.org/v1/car_data params={'session_key': 9617, 'driver_number': 16, 'date>': '2024-10-20T19:27:47.159000+00:00', 'date<': '2024-10-20T19:29:26.350000+00:00'}
2025-12-15 11:48:11 [DEBUG] __main__ - [compute_lap_features_for_driver] driver=16 lap=14, car_data rows=375
2025-12-15 11:48:11 [INFO] __main__ - [compute_lap_features_for_driver] driver=16 lap=15 KEEP, status=GREEN, duration=99.7s
2025-12-15 11:48:11 [DEBUG] __main__ - [get_openf1] GET https://api.openf1.org/v1/car_data params={'session_key': 9617, 'driver_number': 16, 'date>': '2024-10-20T19:29:26.350000+00:00', 'date<': '2024-10-20T19:31:06.001000+00:00'}
2025-12-15 11:48:12 [DEBUG] __main__ - [compute_lap_features_for_driver] driver=16 lap=15, car_data rows=384
2025-12-15 11:48:12 [INFO] __main__ - [compute_lap_features_for_driver] driver=16 lap=16 KEEP, status=GREEN, duration=99.8s
2025-12-15 11:48:12 [DEBUG] __main__ - [get_openf1] GET https://api.openf1.org/v1/car_data params={'session_key': 9617, 'driver_number': 16, 'date>': '2024-10-20T19:31:06.001000+00:00', 'date<': '2024-10-20T19:32:45.822000+00:00'}
2025-12-15 11:48:13 [DEBUG] __main__ - [compute_lap_features_for_driver] driver=16 lap=16, car_data rows=388
2025-12-15 11:48:13 [INFO] __main__ - [compute_lap_features_for_driver] driver=16 lap=17 KEEP, status=GREEN, duration=99.6s
2025-12-15 11:48:13 [DEBUG] __main__ - [get_openf1] GET https://api.openf1.org/v1/car_data params={'session_key': 9617, 'driver_number': 16, 'date>': '2024-10-20T19:32:45.822000+00:00', 'date<': '2024-10-20T19:34:25.381000+00:00'}
2025-12-15 11:48:14 [DEBUG] __main__ - [compute_lap_features_for_driver] driver=16 lap=17, car_data rows=388
2025-12-15 11:48:14 [INFO] __main__ - [compute_lap_features_for_driver] driver=16 lap=18 KEEP, status=GREEN, duration=99.5s
2025-12-15 11:48:14 [DEBUG] __main__ - [get_openf1] GET https://api.openf1.org/v1/car_data params={'session_key': 9617, 'driver_number': 16, 'date>': '2024-10-20T19:34:25.381000+00:00', 'date<': '2024-10-20T19:36:04.848000+00:00'}
2025-12-15 11:48:14 [DEBUG] __main__ - [compute_lap_features_for_driver] driver=16 lap=18, car_data rows=377
2025-12-15 11:48:14 [INFO] __main__ - [compute_lap_features_for_driver] driver=16 lap=19 KEEP, status=GREEN, duration=99.6s
2025-12-15 11:48:14 [DEBUG] __main__ - [get_openf1] GET https://api.openf1.org/v1/car_data params={'session_key': 9617, 'driver_number': 16, 'date>': '2024-10-20T19:36:04.848000+00:00', 'date<': '2024-10-20T19:37:44.475000+00:00'}
2025-12-15 11:48:15 [DEBUG] __main__ - [compute_lap_features_for_driver] driver=16 lap=19, car_data rows=375
2025-12-15 11:48:15 [INFO] __main__ - [compute_lap_features_for_driver] driver=16 lap=20 KEEP, status=GREEN, duration=99.7s
2025-12-15 11:48:15 [DEBUG] __main__ - [get_openf1] GET https://api.openf1.org/v1/car_data params={'session_key': 9617, 'driver_number': 16, 'date>': '2024-10-20T19:37:44.475000+00:00', 'date<': '2024-10-20T19:39:24.188000+00:00'}
2025-12-15 11:48:16 [DEBUG] __main__ - [compute_lap_features_for_driver] driver=16 lap=20, car_data rows=385
2025-12-15 11:48:16 [INFO] __main__ - [compute_lap_features_for_driver] driver=16 lap=21 KEEP, status=GREEN, duration=99.6s
2025-12-15 11:48:16 [DEBUG] __main__ - [get_openf1] GET https://api.openf1.org/v1/car_data params={'session_key': 9617, 'driver_number': 16, 'date>': '2024-10-20T19:39:24.188000+00:00', 'date<': '2024-10-20T19:41:03.740000+00:00'}
2025-12-15 11:48:18 [DEBUG] __main__ - [compute_lap_features_for_driver] driver=16 lap=21, car_data rows=381
2025-12-15 11:48:18 [INFO] __main__ - [compute_lap_features_for_driver] driver=16 lap=22 KEEP, status=GREEN, duration=99.3s
2025-12-15 11:48:18 [DEBUG] __main__ - [get_openf1] GET https://api.openf1.org/v1/car_data params={'session_key': 9617, 'driver_number': 16, 'date>': '2024-10-20T19:41:03.740000+00:00', 'date<': '2024-10-20T19:42:43.061000+00:00'}
2025-12-15 11:48:19 [DEBUG] __main__ - [compute_lap_features_for_driver] driver=16 lap=22, car_data rows=383
2025-12-15 11:48:19 [INFO] __main__ - [compute_lap_features_for_driver] driver=16 lap=23 KEEP, status=GREEN, duration=100.0s
2025-12-15 11:48:19 [DEBUG] __main__ - [get_openf1] GET https://api.openf1.org/v1/car_data params={'session_key': 9617, 'driver_number': 16, 'date>': '2024-10-20T19:42:43.061000+00:00', 'date<': '2024-10-20T19:44:23.049000+00:00'}
2025-12-15 11:48:19 [DEBUG] __main__ - [compute_lap_features_for_driver] driver=16 lap=23, car_data rows=373
2025-12-15 11:48:19 [INFO] __main__ - [compute_lap_features_for_driver] driver=16 lap=24 KEEP, status=GREEN, duration=99.6s
2025-12-15 11:48:19 [DEBUG] __main__ - [get_openf1] GET https://api.openf1.org/v1/car_data params={'session_key': 9617, 'driver_number': 16, 'date>': '2024-10-20T19:44:23.049000+00:00', 'date<': '2024-10-20T19:46:02.685000+00:00'}
2025-12-15 11:48:20 [DEBUG] __main__ - [compute_lap_features_for_driver] driver=16 lap=24, car_data rows=374
2025-12-15 11:48:20 [INFO] __main__ - [compute_lap_features_for_driver] driver=16 lap=25 KEEP, status=GREEN, duration=99.5s
2025-12-15 11:48:20 [DEBUG] __main__ - [get_openf1] GET https://api.openf1.org/v1/car_data params={'session_key': 9617, 'driver_number': 16, 'date>': '2024-10-20T19:46:02.685000+00:00', 'date<': '2024-10-20T19:47:42.219000+00:00'}
2025-12-15 11:48:20 [DEBUG] __main__ - [compute_lap_features_for_driver] driver=16 lap=25, car_data rows=375
2025-12-15 11:48:20 [INFO] __main__ - [compute_lap_features_for_driver] driver=16 lap=26 KEEP, status=GREEN, duration=100.2s
2025-12-15 11:48:20 [DEBUG] __main__ - [get_openf1] GET https://api.openf1.org/v1/car_data params={'session_key': 9617, 'driver_number': 16, 'date>': '2024-10-20T19:47:42.219000+00:00', 'date<': '2024-10-20T19:49:22.430000+00:00'}
2025-12-15 11:48:21 [DEBUG] __main__ - [compute_lap_features_for_driver] driver=16 lap=26, car_data rows=379
2025-12-15 11:48:21 [INFO] __main__ - [compute_lap_features_for_driver] driver=16 lap=27 KEEP, status=GREEN, duration=119.6s
2025-12-15 11:48:21 [DEBUG] __main__ - [get_openf1] GET https://api.openf1.org/v1/car_data params={'session_key': 9617, 'driver_number': 16, 'date>': '2024-10-20T19:49:22.430000+00:00', 'date<': '2024-10-20T19:51:22.032000+00:00'}
2025-12-15 11:48:22 [DEBUG] __main__ - [compute_lap_features_for_driver] driver=16 lap=27, car_data rows=449
2025-12-15 11:48:22 [INFO] __main__ - [compute_lap_features_for_driver] driver=16 lap=28 KEEP, status=GREEN, duration=98.5s
2025-12-15 11:48:22 [DEBUG] __main__ - [get_openf1] GET https://api.openf1.org/v1/car_data params={'session_key': 9617, 'driver_number': 16, 'date>': '2024-10-20T19:51:22.032000+00:00', 'date<': '2024-10-20T19:53:00.498000+00:00'}
2025-12-15 11:48:23 [DEBUG] __main__ - [compute_lap_features_for_driver] driver=16 lap=28, car_data rows=393
2025-12-15 11:48:23 [INFO] __main__ - [compute_lap_features_for_driver] driver=16 lap=29 KEEP, status=GREEN, duration=99.2s
2025-12-15 11:48:23 [DEBUG] __main__ - [get_openf1] GET https://api.openf1.org/v1/car_data params={'session_key': 9617, 'driver_number': 16, 'date>': '2024-10-20T19:53:00.498000+00:00', 'date<': '2024-10-20T19:54:39.704000+00:00'}
2025-12-15 11:48:23 [DEBUG] __main__ - [compute_lap_features_for_driver] driver=16 lap=29, car_data rows=370
2025-12-15 11:48:23 [INFO] __main__ - [compute_lap_features_for_driver] driver=16 lap=30 KEEP, status=GREEN, duration=99.0s
2025-12-15 11:48:23 [DEBUG] __main__ - [get_openf1] GET https://api.openf1.org/v1/car_data params={'session_key': 9617, 'driver_number': 16, 'date>': '2024-10-20T19:54:39.704000+00:00', 'date<': '2024-10-20T19:56:18.712000+00:00'}
2025-12-15 11:48:24 [DEBUG] __main__ - [compute_lap_features_for_driver] driver=16 lap=30, car_data rows=384
2025-12-15 11:48:24 [INFO] __main__ - [compute_lap_features_for_driver] driver=16 lap=31 KEEP, status=GREEN, duration=98.6s
2025-12-15 11:48:24 [DEBUG] __main__ - [get_openf1] GET https://api.openf1.org/v1/car_data params={'session_key': 9617, 'driver_number': 16, 'date>': '2024-10-20T19:56:18.712000+00:00', 'date<': '2024-10-20T19:57:57.310000+00:00'}
2025-12-15 11:48:25 [DEBUG] __main__ - [compute_lap_features_for_driver] driver=16 lap=31, car_data rows=373
2025-12-15 11:48:25 [INFO] __main__ - [compute_lap_features_for_driver] driver=16 lap=32 KEEP, status=GREEN, duration=98.8s
2025-12-15 11:48:25 [DEBUG] __main__ - [get_openf1] GET https://api.openf1.org/v1/car_data params={'session_key': 9617, 'driver_number': 16, 'date>': '2024-10-20T19:57:57.310000+00:00', 'date<': '2024-10-20T19:59:36.125000+00:00'}
2025-12-15 11:48:25 [DEBUG] __main__ - [compute_lap_features_for_driver] driver=16 lap=32, car_data rows=370
2025-12-15 11:48:25 [INFO] __main__ - [compute_lap_features_for_driver] driver=16 lap=33 KEEP, status=GREEN, duration=99.1s
2025-12-15 11:48:25 [DEBUG] __main__ - [get_openf1] GET https://api.openf1.org/v1/car_data params={'session_key': 9617, 'driver_number': 16, 'date>': '2024-10-20T19:59:36.125000+00:00', 'date<': '2024-10-20T20:01:15.272000+00:00'}
2025-12-15 11:48:26 [DEBUG] __main__ - [compute_lap_features_for_driver] driver=16 lap=33, car_data rows=379
2025-12-15 11:48:26 [INFO] __main__ - [compute_lap_features_for_driver] driver=16 lap=34 KEEP, status=GREEN, duration=98.6s
2025-12-15 11:48:26 [DEBUG] __main__ - [get_openf1] GET https://api.openf1.org/v1/car_data params={'session_key': 9617, 'driver_number': 16, 'date>': '2024-10-20T20:01:15.272000+00:00', 'date<': '2024-10-20T20:02:53.901000+00:00'}
2025-12-15 11:48:27 [DEBUG] __main__ - [compute_lap_features_for_driver] driver=16 lap=34, car_data rows=368
2025-12-15 11:48:27 [INFO] __main__ - [compute_lap_features_for_driver] driver=16 lap=35 KEEP, status=GREEN, duration=99.0s
2025-12-15 11:48:27 [DEBUG] __main__ - [get_openf1] GET https://api.openf1.org/v1/car_data params={'session_key': 9617, 'driver_number': 16, 'date>': '2024-10-20T20:02:53.901000+00:00', 'date<': '2024-10-20T20:04:32.873000+00:00'}
2025-12-15 11:48:28 [DEBUG] __main__ - [compute_lap_features_for_driver] driver=16 lap=35, car_data rows=373
2025-12-15 11:48:28 [INFO] __main__ - [compute_lap_features_for_driver] driver=16 lap=36 KEEP, status=GREEN, duration=98.7s
2025-12-15 11:48:28 [DEBUG] __main__ - [get_openf1] GET https://api.openf1.org/v1/car_data params={'session_key': 9617, 'driver_number': 16, 'date>': '2024-10-20T20:04:32.873000+00:00', 'date<': '2024-10-20T20:06:11.564000+00:00'}
2025-12-15 11:48:30 [DEBUG] __main__ - [compute_lap_features_for_driver] driver=16 lap=36, car_data rows=377
2025-12-15 11:48:30 [INFO] __main__ - [compute_lap_features_for_driver] driver=16 lap=37 KEEP, status=GREEN, duration=98.3s
2025-12-15 11:48:30 [DEBUG] __main__ - [get_openf1] GET https://api.openf1.org/v1/car_data params={'session_key': 9617, 'driver_number': 16, 'date>': '2024-10-20T20:06:11.564000+00:00', 'date<': '2024-10-20T20:07:49.889000+00:00'}
2025-12-15 11:48:30 [DEBUG] __main__ - [compute_lap_features_for_driver] driver=16 lap=37, car_data rows=372
2025-12-15 11:48:30 [INFO] __main__ - [compute_lap_features_for_driver] driver=16 lap=38 KEEP, status=GREEN, duration=98.7s
2025-12-15 11:48:30 [DEBUG] __main__ - [get_openf1] GET https://api.openf1.org/v1/car_data params={'session_key': 9617, 'driver_number': 16, 'date>': '2024-10-20T20:07:49.889000+00:00', 'date<': '2024-10-20T20:09:28.549000+00:00'}
2025-12-15 11:48:32 [DEBUG] __main__ - [compute_lap_features_for_driver] driver=16 lap=38, car_data rows=375
2025-12-15 11:48:32 [INFO] __main__ - [compute_lap_features_for_driver] driver=16 lap=39 KEEP, status=GREEN, duration=97.8s
2025-12-15 11:48:32 [DEBUG] __main__ - [get_openf1] GET https://api.openf1.org/v1/car_data params={'session_key': 9617, 'driver_number': 16, 'date>': '2024-10-20T20:09:28.549000+00:00', 'date<': '2024-10-20T20:11:06.379000+00:00'}
2025-12-15 11:48:32 [DEBUG] __main__ - [compute_lap_features_for_driver] driver=16 lap=39, car_data rows=381
2025-12-15 11:48:32 [INFO] __main__ - [compute_lap_features_for_driver] driver=16 lap=40 KEEP, status=GREEN, duration=98.2s
2025-12-15 11:48:32 [DEBUG] __main__ - [get_openf1] GET https://api.openf1.org/v1/car_data params={'session_key': 9617, 'driver_number': 16, 'date>': '2024-10-20T20:11:06.379000+00:00', 'date<': '2024-10-20T20:12:44.571000+00:00'}
2025-12-15 11:48:33 [DEBUG] __main__ - [compute_lap_features_for_driver] driver=16 lap=40, car_data rows=380
2025-12-15 11:48:33 [INFO] __main__ - [compute_lap_features_for_driver] driver=16 lap=41 DROP (YELLOW_FLAG_LAP), status=YELLOW, duration=98.4s
2025-12-15 11:48:33 [INFO] __main__ - [compute_lap_features_for_driver] driver=16 lap=42 KEEP, status=GREEN, duration=98.2s
2025-12-15 11:48:33 [DEBUG] __main__ - [get_openf1] GET https://api.openf1.org/v1/car_data params={'session_key': 9617, 'driver_number': 16, 'date>': '2024-10-20T20:14:23.001000+00:00', 'date<': '2024-10-20T20:16:01.151000+00:00'}
2025-12-15 11:48:34 [DEBUG] __main__ - [compute_lap_features_for_driver] driver=16 lap=42, car_data rows=382
2025-12-15 11:48:34 [INFO] __main__ - [compute_lap_features_for_driver] driver=16 lap=43 KEEP, status=GREEN, duration=98.3s
2025-12-15 11:48:34 [DEBUG] __main__ - [get_openf1] GET https://api.openf1.org/v1/car_data params={'session_key': 9617, 'driver_number': 16, 'date>': '2024-10-20T20:16:01.151000+00:00', 'date<': '2024-10-20T20:17:39.443000+00:00'}
2025-12-15 11:48:35 [DEBUG] __main__ - [compute_lap_features_for_driver] driver=16 lap=43, car_data rows=382
2025-12-15 11:48:35 [INFO] __main__ - [compute_lap_features_for_driver] driver=16 lap=44 KEEP, status=GREEN, duration=98.7s
2025-12-15 11:48:35 [DEBUG] __main__ - [get_openf1] GET https://api.openf1.org/v1/car_data params={'session_key': 9617, 'driver_number': 16, 'date>': '2024-10-20T20:17:39.443000+00:00', 'date<': '2024-10-20T20:19:18.106000+00:00'}
2025-12-15 11:48:36 [DEBUG] __main__ - [compute_lap_features_for_driver] driver=16 lap=44, car_data rows=374
2025-12-15 11:48:36 [INFO] __main__ - [compute_lap_features_for_driver] driver=16 lap=45 KEEP, status=GREEN, duration=98.4s
2025-12-15 11:48:36 [DEBUG] __main__ - [get_openf1] GET https://api.openf1.org/v1/car_data params={'session_key': 9617, 'driver_number': 16, 'date>': '2024-10-20T20:19:18.106000+00:00', 'date<': '2024-10-20T20:20:56.520000+00:00'}
2025-12-15 11:48:36 [DEBUG] __main__ - [compute_lap_features_for_driver] driver=16 lap=45, car_data rows=370
2025-12-15 11:48:36 [INFO] __main__ - [compute_lap_features_for_driver] driver=16 lap=46 KEEP, status=GREEN, duration=99.1s
2025-12-15 11:48:36 [DEBUG] __main__ - [get_openf1] GET https://api.openf1.org/v1/car_data params={'session_key': 9617, 'driver_number': 16, 'date>': '2024-10-20T20:20:56.520000+00:00', 'date<': '2024-10-20T20:22:35.633000+00:00'}
2025-12-15 11:48:37 [DEBUG] __main__ - [compute_lap_features_for_driver] driver=16 lap=46, car_data rows=372
2025-12-15 11:48:37 [INFO] __main__ - [compute_lap_features_for_driver] driver=16 lap=47 KEEP, status=GREEN, duration=98.5s
2025-12-15 11:48:37 [DEBUG] __main__ - [get_openf1] GET https://api.openf1.org/v1/car_data params={'session_key': 9617, 'driver_number': 16, 'date>': '2024-10-20T20:22:35.633000+00:00', 'date<': '2024-10-20T20:24:14.114000+00:00'}
2025-12-15 11:48:38 [DEBUG] __main__ - [compute_lap_features_for_driver] driver=16 lap=47, car_data rows=377
2025-12-15 11:48:38 [INFO] __main__ - [compute_lap_features_for_driver] driver=16 lap=48 KEEP, status=GREEN, duration=98.4s
2025-12-15 11:48:38 [DEBUG] __main__ - [get_openf1] GET https://api.openf1.org/v1/car_data params={'session_key': 9617, 'driver_number': 16, 'date>': '2024-10-20T20:24:14.114000+00:00', 'date<': '2024-10-20T20:25:52.475000+00:00'}
2025-12-15 11:48:38 [DEBUG] __main__ - [compute_lap_features_for_driver] driver=16 lap=48, car_data rows=373
2025-12-15 11:48:38 [INFO] __main__ - [compute_lap_features_for_driver] driver=16 lap=49 KEEP, status=GREEN, duration=98.3s
2025-12-15 11:48:38 [DEBUG] __main__ - [get_openf1] GET https://api.openf1.org/v1/car_data params={'session_key': 9617, 'driver_number': 16, 'date>': '2024-10-20T20:25:52.475000+00:00', 'date<': '2024-10-20T20:27:30.768000+00:00'}
2025-12-15 11:48:39 [DEBUG] __main__ - [compute_lap_features_for_driver] driver=16 lap=49, car_data rows=383
2025-12-15 11:48:39 [INFO] __main__ - [compute_lap_features_for_driver] driver=16 lap=50 KEEP, status=GREEN, duration=98.0s
2025-12-15 11:48:39 [DEBUG] __main__ - [get_openf1] GET https://api.openf1.org/v1/car_data params={'session_key': 9617, 'driver_number': 16, 'date>': '2024-10-20T20:27:30.768000+00:00', 'date<': '2024-10-20T20:29:08.772000+00:00'}
2025-12-15 11:48:40 [DEBUG] __main__ - [compute_lap_features_for_driver] driver=16 lap=50, car_data rows=365
2025-12-15 11:48:40 [INFO] __main__ - [compute_lap_features_for_driver] driver=16 lap=51 KEEP, status=GREEN, duration=97.9s
2025-12-15 11:48:40 [DEBUG] __main__ - [get_openf1] GET https://api.openf1.org/v1/car_data params={'session_key': 9617, 'driver_number': 16, 'date>': '2024-10-20T20:29:08.772000+00:00', 'date<': '2024-10-20T20:30:46.682000+00:00'}
2025-12-15 11:48:40 [DEBUG] __main__ - [compute_lap_features_for_driver] driver=16 lap=51, car_data rows=372
2025-12-15 11:48:40 [INFO] __main__ - [compute_lap_features_for_driver] driver=16 lap=52 KEEP, status=GREEN, duration=98.1s
2025-12-15 11:48:40 [DEBUG] __main__ - [get_openf1] GET https://api.openf1.org/v1/car_data params={'session_key': 9617, 'driver_number': 16, 'date>': '2024-10-20T20:30:46.682000+00:00', 'date<': '2024-10-20T20:32:24.758000+00:00'}
2025-12-15 11:48:41 [DEBUG] __main__ - [compute_lap_features_for_driver] driver=16 lap=52, car_data rows=376
2025-12-15 11:48:41 [INFO] __main__ - [compute_lap_features_for_driver] driver=16 lap=53 KEEP, status=GREEN, duration=98.3s
2025-12-15 11:48:41 [DEBUG] __main__ - [get_openf1] GET https://api.openf1.org/v1/car_data params={'session_key': 9617, 'driver_number': 16, 'date>': '2024-10-20T20:32:24.758000+00:00', 'date<': '2024-10-20T20:34:03.039000+00:00'}
2025-12-15 11:48:42 [DEBUG] __main__ - [compute_lap_features_for_driver] driver=16 lap=53, car_data rows=368
2025-12-15 11:48:42 [INFO] __main__ - [compute_lap_features_for_driver] driver=16 lap=54 KEEP, status=GREEN, duration=98.3s
2025-12-15 11:48:42 [DEBUG] __main__ - [get_openf1] GET https://api.openf1.org/v1/car_data params={'session_key': 9617, 'driver_number': 16, 'date>': '2024-10-20T20:34:03.039000+00:00', 'date<': '2024-10-20T20:35:41.300000+00:00'}
2025-12-15 11:48:42 [DEBUG] __main__ - [compute_lap_features_for_driver] driver=16 lap=54, car_data rows=365
2025-12-15 11:48:42 [INFO] __main__ - [compute_lap_features_for_driver] driver=16 lap=55 KEEP, status=GREEN, duration=97.8s
2025-12-15 11:48:42 [DEBUG] __main__ - [get_openf1] GET https://api.openf1.org/v1/car_data params={'session_key': 9617, 'driver_number': 16, 'date>': '2024-10-20T20:35:41.300000+00:00', 'date<': '2024-10-20T20:37:19.148000+00:00'}
2025-12-15 11:48:43 [DEBUG] __main__ - [compute_lap_features_for_driver] driver=16 lap=55, car_data rows=389
2025-12-15 11:48:43 [INFO] __main__ - [compute_lap_features_for_driver] driver=16 lap=56 DROP (CHEQUERED_FLAG_LAP), status=RED_FLAG;CHEQUERED, duration=nans
2025-12-15 11:48:43 [INFO] __main__ - [compute_lap_features_for_driver] driver=16, feature laps=[2, 4, 6, 7, 8, 9, 11, 12, 13, 14, 15, 16, 17, 18, 19, 20, 21, 22, 23, 24, 25, 26, 27, 28, 29, 30, 31, 32, 33, 34, 35, 36, 37, 38, 39, 40, 42, 43, 44, 45, 46, 47, 48, 49, 50, 51, 52, 53, 54, 55]
2025-12-15 11:48:43 [INFO] __main__ - [build_driver_style_embedding_json] compute features for driver=55
2025-12-15 11:48:43 [DEBUG] __main__ - [get_openf1] GET https://api.openf1.org/v1/laps params={'session_key': 9617, 'driver_number': 55}
2025-12-15 11:48:46 [DEBUG] __main__ - [get_openf1] GET https://api.openf1.org/v1/sessions params={'session_key': 9617}
2025-12-15 11:48:46 [INFO] __main__ - [fetch_session_start] session_key=9617, date_start=2024-10-20 19:00:00+00:00
2025-12-15 11:48:46 [INFO] __main__ - [fetch_race_start_time] use first GREEN as race_start: 2024-10-20 18:20:00+00:00
2025-12-15 11:48:46 [INFO] __main__ - [fetch_laps] fill lap 1 date_start with race_start=2024-10-20 18:20:00+00:00
2025-12-15 11:48:46 [INFO] __main__ - [fetch_laps] driver=55, laps: min=1, max=56, count=56
2025-12-15 11:48:46 [DEBUG] __main__ - [fetch_laps] head:
   meeting_key  session_key  ...  st_speed  lap_duration_s
0         1247         9617  ...       318        2731.263
1         1247         9617  ...       330          99.806
2         1247         9617  ...       152         123.782
3         1247         9617  ...       191         151.673
4         1247         9617  ...       120         166.816

[5 rows x 17 columns]
2025-12-15 11:48:46 [DEBUG] __main__ - [build_lap_status_mapping] status_by_lap={1: 'YELLOW', 2: 'GREEN', 3: 'SC;YELLOW', 4: 'GREEN', 5: 'SC', 6: 'GREEN', 7: 'GREEN', 8: 'GREEN', 9: 'GREEN', 10: 'YELLOW', 11: 'GREEN', 12: 'GREEN', 13: 'GREEN', 14: 'GREEN', 15: 'GREEN', 16: 'GREEN', 17: 'GREEN', 18: 'GREEN', 19: 'GREEN', 20: 'GREEN', 21: 'GREEN', 22: 'GREEN', 23: 'GREEN', 24: 'GREEN', 25: 'GREEN', 26: 'GREEN', 27: 'GREEN', 28: 'GREEN', 29: 'GREEN', 30: 'GREEN', 31: 'GREEN', 32: 'GREEN', 33: 'GREEN', 34: 'GREEN', 35: 'GREEN', 36: 'GREEN', 37: 'GREEN', 38: 'GREEN', 39: 'GREEN', 40: 'GREEN', 41: 'YELLOW', 42: 'GREEN', 43: 'GREEN', 44: 'GREEN', 45: 'GREEN', 46: 'GREEN', 47: 'GREEN', 48: 'GREEN', 49: 'GREEN', 50: 'GREEN', 51: 'GREEN', 52: 'GREEN', 53: 'GREEN', 54: 'GREEN', 55: 'GREEN', 56: 'RED_FLAG;CHEQUERED'}
2025-12-15 11:48:46 [INFO] __main__ - [compute_lap_features_for_driver] driver=55, typical_duration_s=99.00800000000001
2025-12-15 11:48:46 [INFO] __main__ - [compute_lap_features_for_driver] driver=55 lap=1 DROP (YELLOW_FLAG_LAP), status=YELLOW, duration=2731.3s
2025-12-15 11:48:46 [INFO] __main__ - [compute_lap_features_for_driver] driver=55 lap=2 KEEP, status=GREEN, duration=99.8s
2025-12-15 11:48:46 [DEBUG] __main__ - [get_openf1] GET https://api.openf1.org/v1/car_data params={'session_key': 9617, 'driver_number': 55, 'date>': '2024-10-20T19:05:31.263000+00:00', 'date<': '2024-10-20T19:07:11.069000+00:00'}
2025-12-15 11:48:47 [DEBUG] __main__ - [compute_lap_features_for_driver] driver=55 lap=2, car_data rows=382
2025-12-15 11:48:47 [INFO] __main__ - [compute_lap_features_for_driver] driver=55 lap=3 DROP (SC_LAP), status=SC;YELLOW, duration=123.8s
2025-12-15 11:48:47 [INFO] __main__ - [compute_lap_features_for_driver] driver=55 lap=4 KEEP, status=GREEN, duration=151.7s
2025-12-15 11:48:47 [DEBUG] __main__ - [get_openf1] GET https://api.openf1.org/v1/car_data params={'session_key': 9617, 'driver_number': 55, 'date>': '2024-10-20T19:09:14.851000+00:00', 'date<': '2024-10-20T19:11:46.524000+00:00'}
2025-12-15 11:48:48 [DEBUG] __main__ - [compute_lap_features_for_driver] driver=55 lap=4, car_data rows=581
2025-12-15 11:48:48 [INFO] __main__ - [compute_lap_features_for_driver] driver=55 lap=5 DROP (SC_LAP), status=SC, duration=166.8s
2025-12-15 11:48:48 [INFO] __main__ - [compute_lap_features_for_driver] driver=55 lap=6 KEEP, status=GREEN, duration=99.7s
2025-12-15 11:48:48 [DEBUG] __main__ - [get_openf1] GET https://api.openf1.org/v1/car_data params={'session_key': 9617, 'driver_number': 55, 'date>': '2024-10-20T19:14:33.340000+00:00', 'date<': '2024-10-20T19:16:13.071000+00:00'}
2025-12-15 11:48:49 [DEBUG] __main__ - [compute_lap_features_for_driver] driver=55 lap=6, car_data rows=380
2025-12-15 11:48:49 [INFO] __main__ - [compute_lap_features_for_driver] driver=55 lap=7 KEEP, status=GREEN, duration=99.7s
2025-12-15 11:48:49 [DEBUG] __main__ - [get_openf1] GET https://api.openf1.org/v1/car_data params={'session_key': 9617, 'driver_number': 55, 'date>': '2024-10-20T19:16:13.071000+00:00', 'date<': '2024-10-20T19:17:52.800000+00:00'}
2025-12-15 11:48:50 [DEBUG] __main__ - [compute_lap_features_for_driver] driver=55 lap=7, car_data rows=374
2025-12-15 11:48:50 [INFO] __main__ - [compute_lap_features_for_driver] driver=55 lap=8 KEEP, status=GREEN, duration=101.0s
2025-12-15 11:48:50 [DEBUG] __main__ - [get_openf1] GET https://api.openf1.org/v1/car_data params={'session_key': 9617, 'driver_number': 55, 'date>': '2024-10-20T19:17:52.800000+00:00', 'date<': '2024-10-20T19:19:33.808000+00:00'}
2025-12-15 11:48:51 [DEBUG] __main__ - [compute_lap_features_for_driver] driver=55 lap=8, car_data rows=376
2025-12-15 11:48:51 [INFO] __main__ - [compute_lap_features_for_driver] driver=55 lap=9 KEEP, status=GREEN, duration=100.0s
2025-12-15 11:48:51 [DEBUG] __main__ - [get_openf1] GET https://api.openf1.org/v1/car_data params={'session_key': 9617, 'driver_number': 55, 'date>': '2024-10-20T19:19:33.808000+00:00', 'date<': '2024-10-20T19:21:13.815000+00:00'}
2025-12-15 11:48:52 [DEBUG] __main__ - [compute_lap_features_for_driver] driver=55 lap=9, car_data rows=384
2025-12-15 11:48:52 [INFO] __main__ - [compute_lap_features_for_driver] driver=55 lap=10 DROP (YELLOW_FLAG_LAP), status=YELLOW, duration=99.8s
2025-12-15 11:48:52 [INFO] __main__ - [compute_lap_features_for_driver] driver=55 lap=11 KEEP, status=GREEN, duration=100.4s
2025-12-15 11:48:52 [DEBUG] __main__ - [get_openf1] GET https://api.openf1.org/v1/car_data params={'session_key': 9617, 'driver_number': 55, 'date>': '2024-10-20T19:22:53.642000+00:00', 'date<': '2024-10-20T19:24:34.039000+00:00'}
2025-12-15 11:48:53 [DEBUG] __main__ - [compute_lap_features_for_driver] driver=55 lap=11, car_data rows=393
2025-12-15 11:48:53 [INFO] __main__ - [compute_lap_features_for_driver] driver=55 lap=12 KEEP, status=GREEN, duration=100.3s
2025-12-15 11:48:53 [DEBUG] __main__ - [get_openf1] GET https://api.openf1.org/v1/car_data params={'session_key': 9617, 'driver_number': 55, 'date>': '2024-10-20T19:24:34.039000+00:00', 'date<': '2024-10-20T19:26:14.311000+00:00'}
2025-12-15 11:48:54 [DEBUG] __main__ - [compute_lap_features_for_driver] driver=55 lap=12, car_data rows=396
2025-12-15 11:48:54 [INFO] __main__ - [compute_lap_features_for_driver] driver=55 lap=13 KEEP, status=GREEN, duration=99.9s
2025-12-15 11:48:54 [DEBUG] __main__ - [get_openf1] GET https://api.openf1.org/v1/car_data params={'session_key': 9617, 'driver_number': 55, 'date>': '2024-10-20T19:26:14.311000+00:00', 'date<': '2024-10-20T19:27:54.213000+00:00'}
2025-12-15 11:48:55 [DEBUG] __main__ - [compute_lap_features_for_driver] driver=55 lap=13, car_data rows=376
2025-12-15 11:48:55 [INFO] __main__ - [compute_lap_features_for_driver] driver=55 lap=14 KEEP, status=GREEN, duration=100.0s
2025-12-15 11:48:55 [DEBUG] __main__ - [get_openf1] GET https://api.openf1.org/v1/car_data params={'session_key': 9617, 'driver_number': 55, 'date>': '2024-10-20T19:27:54.213000+00:00', 'date<': '2024-10-20T19:29:34.242000+00:00'}
2025-12-15 11:48:56 [DEBUG] __main__ - [compute_lap_features_for_driver] driver=55 lap=14, car_data rows=384
2025-12-15 11:48:56 [INFO] __main__ - [compute_lap_features_for_driver] driver=55 lap=15 KEEP, status=GREEN, duration=100.1s
2025-12-15 11:48:56 [DEBUG] __main__ - [get_openf1] GET https://api.openf1.org/v1/car_data params={'session_key': 9617, 'driver_number': 55, 'date>': '2024-10-20T19:29:34.242000+00:00', 'date<': '2024-10-20T19:31:14.390000+00:00'}
2025-12-15 11:48:56 [DEBUG] __main__ - [compute_lap_features_for_driver] driver=55 lap=15, car_data rows=386
2025-12-15 11:48:56 [INFO] __main__ - [compute_lap_features_for_driver] driver=55 lap=16 KEEP, status=GREEN, duration=100.3s
2025-12-15 11:48:56 [DEBUG] __main__ - [get_openf1] GET https://api.openf1.org/v1/car_data params={'session_key': 9617, 'driver_number': 55, 'date>': '2024-10-20T19:31:14.390000+00:00', 'date<': '2024-10-20T19:32:54.727000+00:00'}
2025-12-15 11:48:57 [DEBUG] __main__ - [compute_lap_features_for_driver] driver=55 lap=16, car_data rows=386
2025-12-15 11:48:57 [INFO] __main__ - [compute_lap_features_for_driver] driver=55 lap=17 KEEP, status=GREEN, duration=100.2s
2025-12-15 11:48:57 [DEBUG] __main__ - [get_openf1] GET https://api.openf1.org/v1/car_data params={'session_key': 9617, 'driver_number': 55, 'date>': '2024-10-20T19:32:54.727000+00:00', 'date<': '2024-10-20T19:34:34.922000+00:00'}
2025-12-15 11:48:58 [DEBUG] __main__ - [compute_lap_features_for_driver] driver=55 lap=17, car_data rows=395
2025-12-15 11:48:58 [INFO] __main__ - [compute_lap_features_for_driver] driver=55 lap=18 KEEP, status=GREEN, duration=99.7s
2025-12-15 11:48:58 [DEBUG] __main__ - [get_openf1] GET https://api.openf1.org/v1/car_data params={'session_key': 9617, 'driver_number': 55, 'date>': '2024-10-20T19:34:34.922000+00:00', 'date<': '2024-10-20T19:36:14.597000+00:00'}
2025-12-15 11:48:59 [DEBUG] __main__ - [compute_lap_features_for_driver] driver=55 lap=18, car_data rows=374
2025-12-15 11:48:59 [INFO] __main__ - [compute_lap_features_for_driver] driver=55 lap=19 KEEP, status=GREEN, duration=99.9s
2025-12-15 11:48:59 [DEBUG] __main__ - [get_openf1] GET https://api.openf1.org/v1/car_data params={'session_key': 9617, 'driver_number': 55, 'date>': '2024-10-20T19:36:14.597000+00:00', 'date<': '2024-10-20T19:37:54.503000+00:00'}
2025-12-15 11:49:00 [DEBUG] __main__ - [compute_lap_features_for_driver] driver=55 lap=19, car_data rows=376
2025-12-15 11:49:00 [INFO] __main__ - [compute_lap_features_for_driver] driver=55 lap=20 KEEP, status=GREEN, duration=99.8s
2025-12-15 11:49:00 [DEBUG] __main__ - [get_openf1] GET https://api.openf1.org/v1/car_data params={'session_key': 9617, 'driver_number': 55, 'date>': '2024-10-20T19:37:54.503000+00:00', 'date<': '2024-10-20T19:39:34.318000+00:00'}
2025-12-15 11:49:00 [DEBUG] __main__ - [compute_lap_features_for_driver] driver=55 lap=20, car_data rows=385
2025-12-15 11:49:00 [INFO] __main__ - [compute_lap_features_for_driver] driver=55 lap=21 KEEP, status=GREEN, duration=100.7s
2025-12-15 11:49:00 [DEBUG] __main__ - [get_openf1] GET https://api.openf1.org/v1/car_data params={'session_key': 9617, 'driver_number': 55, 'date>': '2024-10-20T19:39:34.318000+00:00', 'date<': '2024-10-20T19:41:14.982000+00:00'}
2025-12-15 11:49:01 [DEBUG] __main__ - [compute_lap_features_for_driver] driver=55 lap=21, car_data rows=389
2025-12-15 11:49:01 [INFO] __main__ - [compute_lap_features_for_driver] driver=55 lap=22 KEEP, status=GREEN, duration=118.0s
2025-12-15 11:49:01 [DEBUG] __main__ - [get_openf1] GET https://api.openf1.org/v1/car_data params={'session_key': 9617, 'driver_number': 55, 'date>': '2024-10-20T19:41:14.982000+00:00', 'date<': '2024-10-20T19:43:12.991000+00:00'}
2025-12-15 11:49:02 [DEBUG] __main__ - [compute_lap_features_for_driver] driver=55 lap=22, car_data rows=448
2025-12-15 11:49:02 [INFO] __main__ - [compute_lap_features_for_driver] driver=55 lap=23 KEEP, status=GREEN, duration=98.7s
2025-12-15 11:49:02 [DEBUG] __main__ - [get_openf1] GET https://api.openf1.org/v1/car_data params={'session_key': 9617, 'driver_number': 55, 'date>': '2024-10-20T19:43:12.991000+00:00', 'date<': '2024-10-20T19:44:51.648000+00:00'}
2025-12-15 11:49:03 [DEBUG] __main__ - [compute_lap_features_for_driver] driver=55 lap=23, car_data rows=368
2025-12-15 11:49:03 [INFO] __main__ - [compute_lap_features_for_driver] driver=55 lap=24 KEEP, status=GREEN, duration=99.1s
2025-12-15 11:49:03 [DEBUG] __main__ - [get_openf1] GET https://api.openf1.org/v1/car_data params={'session_key': 9617, 'driver_number': 55, 'date>': '2024-10-20T19:44:51.648000+00:00', 'date<': '2024-10-20T19:46:30.751000+00:00'}
2025-12-15 11:49:03 [DEBUG] __main__ - [compute_lap_features_for_driver] driver=55 lap=24, car_data rows=373
2025-12-15 11:49:03 [INFO] __main__ - [compute_lap_features_for_driver] driver=55 lap=25 KEEP, status=GREEN, duration=99.3s
2025-12-15 11:49:03 [DEBUG] __main__ - [get_openf1] GET https://api.openf1.org/v1/car_data params={'session_key': 9617, 'driver_number': 55, 'date>': '2024-10-20T19:46:30.751000+00:00', 'date<': '2024-10-20T19:48:10.100000+00:00'}
2025-12-15 11:49:04 [DEBUG] __main__ - [compute_lap_features_for_driver] driver=55 lap=25, car_data rows=373
2025-12-15 11:49:04 [INFO] __main__ - [compute_lap_features_for_driver] driver=55 lap=26 KEEP, status=GREEN, duration=99.2s
2025-12-15 11:49:04 [DEBUG] __main__ - [get_openf1] GET https://api.openf1.org/v1/car_data params={'session_key': 9617, 'driver_number': 55, 'date>': '2024-10-20T19:48:10.100000+00:00', 'date<': '2024-10-20T19:49:49.341000+00:00'}
2025-12-15 11:49:05 [DEBUG] __main__ - [compute_lap_features_for_driver] driver=55 lap=26, car_data rows=376
2025-12-15 11:49:05 [INFO] __main__ - [compute_lap_features_for_driver] driver=55 lap=27 KEEP, status=GREEN, duration=99.0s
2025-12-15 11:49:05 [DEBUG] __main__ - [get_openf1] GET https://api.openf1.org/v1/car_data params={'session_key': 9617, 'driver_number': 55, 'date>': '2024-10-20T19:49:49.341000+00:00', 'date<': '2024-10-20T19:51:28.317000+00:00'}
2025-12-15 11:49:05 [DEBUG] __main__ - [compute_lap_features_for_driver] driver=55 lap=27, car_data rows=376
2025-12-15 11:49:05 [INFO] __main__ - [compute_lap_features_for_driver] driver=55 lap=28 KEEP, status=GREEN, duration=99.1s
2025-12-15 11:49:05 [DEBUG] __main__ - [get_openf1] GET https://api.openf1.org/v1/car_data params={'session_key': 9617, 'driver_number': 55, 'date>': '2024-10-20T19:51:28.317000+00:00', 'date<': '2024-10-20T19:53:07.426000+00:00'}
2025-12-15 11:49:06 [DEBUG] __main__ - [compute_lap_features_for_driver] driver=55 lap=28, car_data rows=390
2025-12-15 11:49:06 [INFO] __main__ - [compute_lap_features_for_driver] driver=55 lap=29 KEEP, status=GREEN, duration=99.3s
2025-12-15 11:49:06 [DEBUG] __main__ - [get_openf1] GET https://api.openf1.org/v1/car_data params={'session_key': 9617, 'driver_number': 55, 'date>': '2024-10-20T19:53:07.426000+00:00', 'date<': '2024-10-20T19:54:46.716000+00:00'}
2025-12-15 11:49:07 [DEBUG] __main__ - [compute_lap_features_for_driver] driver=55 lap=29, car_data rows=376
2025-12-15 11:49:07 [INFO] __main__ - [compute_lap_features_for_driver] driver=55 lap=30 KEEP, status=GREEN, duration=98.5s
2025-12-15 11:49:07 [DEBUG] __main__ - [get_openf1] GET https://api.openf1.org/v1/car_data params={'session_key': 9617, 'driver_number': 55, 'date>': '2024-10-20T19:54:46.716000+00:00', 'date<': '2024-10-20T19:56:25.248000+00:00'}
2025-12-15 11:49:07 [DEBUG] __main__ - [compute_lap_features_for_driver] driver=55 lap=30, car_data rows=380
2025-12-15 11:49:07 [INFO] __main__ - [compute_lap_features_for_driver] driver=55 lap=31 KEEP, status=GREEN, duration=99.4s
2025-12-15 11:49:07 [DEBUG] __main__ - [get_openf1] GET https://api.openf1.org/v1/car_data params={'session_key': 9617, 'driver_number': 55, 'date>': '2024-10-20T19:56:25.248000+00:00', 'date<': '2024-10-20T19:58:04.644000+00:00'}
2025-12-15 11:49:08 [DEBUG] __main__ - [compute_lap_features_for_driver] driver=55 lap=31, car_data rows=377
2025-12-15 11:49:08 [INFO] __main__ - [compute_lap_features_for_driver] driver=55 lap=32 KEEP, status=GREEN, duration=98.9s
2025-12-15 11:49:08 [DEBUG] __main__ - [get_openf1] GET https://api.openf1.org/v1/car_data params={'session_key': 9617, 'driver_number': 55, 'date>': '2024-10-20T19:58:04.644000+00:00', 'date<': '2024-10-20T19:59:43.550000+00:00'}
2025-12-15 11:49:09 [DEBUG] __main__ - [compute_lap_features_for_driver] driver=55 lap=32, car_data rows=368
2025-12-15 11:49:09 [INFO] __main__ - [compute_lap_features_for_driver] driver=55 lap=33 KEEP, status=GREEN, duration=98.8s
2025-12-15 11:49:09 [DEBUG] __main__ - [get_openf1] GET https://api.openf1.org/v1/car_data params={'session_key': 9617, 'driver_number': 55, 'date>': '2024-10-20T19:59:43.550000+00:00', 'date<': '2024-10-20T20:01:22.337000+00:00'}
2025-12-15 11:49:10 [DEBUG] __main__ - [compute_lap_features_for_driver] driver=55 lap=33, car_data rows=378
2025-12-15 11:49:10 [INFO] __main__ - [compute_lap_features_for_driver] driver=55 lap=34 KEEP, status=GREEN, duration=98.9s
2025-12-15 11:49:10 [DEBUG] __main__ - [get_openf1] GET https://api.openf1.org/v1/car_data params={'session_key': 9617, 'driver_number': 55, 'date>': '2024-10-20T20:01:22.337000+00:00', 'date<': '2024-10-20T20:03:01.235000+00:00'}
2025-12-15 11:49:10 [DEBUG] __main__ - [compute_lap_features_for_driver] driver=55 lap=34, car_data rows=369
2025-12-15 11:49:10 [INFO] __main__ - [compute_lap_features_for_driver] driver=55 lap=35 KEEP, status=GREEN, duration=98.5s
2025-12-15 11:49:10 [DEBUG] __main__ - [get_openf1] GET https://api.openf1.org/v1/car_data params={'session_key': 9617, 'driver_number': 55, 'date>': '2024-10-20T20:03:01.235000+00:00', 'date<': '2024-10-20T20:04:39.764000+00:00'}
2025-12-15 11:49:11 [DEBUG] __main__ - [compute_lap_features_for_driver] driver=55 lap=35, car_data rows=369
2025-12-15 11:49:11 [INFO] __main__ - [compute_lap_features_for_driver] driver=55 lap=36 KEEP, status=GREEN, duration=98.7s
2025-12-15 11:49:11 [DEBUG] __main__ - [get_openf1] GET https://api.openf1.org/v1/car_data params={'session_key': 9617, 'driver_number': 55, 'date>': '2024-10-20T20:04:39.764000+00:00', 'date<': '2024-10-20T20:06:18.450000+00:00'}
2025-12-15 11:49:12 [DEBUG] __main__ - [compute_lap_features_for_driver] driver=55 lap=36, car_data rows=377
2025-12-15 11:49:12 [INFO] __main__ - [compute_lap_features_for_driver] driver=55 lap=37 KEEP, status=GREEN, duration=98.4s
2025-12-15 11:49:12 [DEBUG] __main__ - [get_openf1] GET https://api.openf1.org/v1/car_data params={'session_key': 9617, 'driver_number': 55, 'date>': '2024-10-20T20:06:18.450000+00:00', 'date<': '2024-10-20T20:07:56.881000+00:00'}
2025-12-15 11:49:13 [DEBUG] __main__ - [compute_lap_features_for_driver] driver=55 lap=37, car_data rows=375
2025-12-15 11:49:13 [INFO] __main__ - [compute_lap_features_for_driver] driver=55 lap=38 KEEP, status=GREEN, duration=98.2s
2025-12-15 11:49:13 [DEBUG] __main__ - [get_openf1] GET https://api.openf1.org/v1/car_data params={'session_key': 9617, 'driver_number': 55, 'date>': '2024-10-20T20:07:56.881000+00:00', 'date<': '2024-10-20T20:09:35.051000+00:00'}
2025-12-15 11:49:14 [DEBUG] __main__ - [compute_lap_features_for_driver] driver=55 lap=38, car_data rows=375
2025-12-15 11:49:14 [INFO] __main__ - [compute_lap_features_for_driver] driver=55 lap=39 KEEP, status=GREEN, duration=98.1s
2025-12-15 11:49:14 [DEBUG] __main__ - [get_openf1] GET https://api.openf1.org/v1/car_data params={'session_key': 9617, 'driver_number': 55, 'date>': '2024-10-20T20:09:35.051000+00:00', 'date<': '2024-10-20T20:11:13.126000+00:00'}
2025-12-15 11:49:15 [DEBUG] __main__ - [compute_lap_features_for_driver] driver=55 lap=39, car_data rows=381
2025-12-15 11:49:15 [INFO] __main__ - [compute_lap_features_for_driver] driver=55 lap=40 KEEP, status=GREEN, duration=98.1s
2025-12-15 11:49:15 [DEBUG] __main__ - [get_openf1] GET https://api.openf1.org/v1/car_data params={'session_key': 9617, 'driver_number': 55, 'date>': '2024-10-20T20:11:13.126000+00:00', 'date<': '2024-10-20T20:12:51.181000+00:00'}
2025-12-15 11:49:15 [DEBUG] __main__ - [compute_lap_features_for_driver] driver=55 lap=40, car_data rows=380
2025-12-15 11:49:15 [INFO] __main__ - [compute_lap_features_for_driver] driver=55 lap=41 DROP (YELLOW_FLAG_LAP), status=YELLOW, duration=97.9s
2025-12-15 11:49:15 [INFO] __main__ - [compute_lap_features_for_driver] driver=55 lap=42 KEEP, status=GREEN, duration=97.7s
2025-12-15 11:49:15 [DEBUG] __main__ - [get_openf1] GET https://api.openf1.org/v1/car_data params={'session_key': 9617, 'driver_number': 55, 'date>': '2024-10-20T20:14:29.041000+00:00', 'date<': '2024-10-20T20:16:06.784000+00:00'}
2025-12-15 11:49:16 [DEBUG] __main__ - [compute_lap_features_for_driver] driver=55 lap=42, car_data rows=382
2025-12-15 11:49:16 [INFO] __main__ - [compute_lap_features_for_driver] driver=55 lap=43 KEEP, status=GREEN, duration=98.2s
2025-12-15 11:49:16 [DEBUG] __main__ - [get_openf1] GET https://api.openf1.org/v1/car_data params={'session_key': 9617, 'driver_number': 55, 'date>': '2024-10-20T20:16:06.784000+00:00', 'date<': '2024-10-20T20:17:44.940000+00:00'}
2025-12-15 11:49:17 [DEBUG] __main__ - [compute_lap_features_for_driver] driver=55 lap=43, car_data rows=379
2025-12-15 11:49:17 [INFO] __main__ - [compute_lap_features_for_driver] driver=55 lap=44 KEEP, status=GREEN, duration=98.4s
2025-12-15 11:49:17 [DEBUG] __main__ - [get_openf1] GET https://api.openf1.org/v1/car_data params={'session_key': 9617, 'driver_number': 55, 'date>': '2024-10-20T20:17:44.940000+00:00', 'date<': '2024-10-20T20:19:23.382000+00:00'}
2025-12-15 11:49:18 [DEBUG] __main__ - [compute_lap_features_for_driver] driver=55 lap=44, car_data rows=374
2025-12-15 11:49:18 [INFO] __main__ - [compute_lap_features_for_driver] driver=55 lap=45 KEEP, status=GREEN, duration=98.3s
2025-12-15 11:49:18 [DEBUG] __main__ - [get_openf1] GET https://api.openf1.org/v1/car_data params={'session_key': 9617, 'driver_number': 55, 'date>': '2024-10-20T20:19:23.382000+00:00', 'date<': '2024-10-20T20:21:01.704000+00:00'}
2025-12-15 11:49:19 [DEBUG] __main__ - [compute_lap_features_for_driver] driver=55 lap=45, car_data rows=371
2025-12-15 11:49:19 [INFO] __main__ - [compute_lap_features_for_driver] driver=55 lap=46 KEEP, status=GREEN, duration=98.6s
2025-12-15 11:49:19 [DEBUG] __main__ - [get_openf1] GET https://api.openf1.org/v1/car_data params={'session_key': 9617, 'driver_number': 55, 'date>': '2024-10-20T20:21:01.704000+00:00', 'date<': '2024-10-20T20:22:40.257000+00:00'}
2025-12-15 11:49:19 [DEBUG] __main__ - [compute_lap_features_for_driver] driver=55 lap=46, car_data rows=368
2025-12-15 11:49:19 [INFO] __main__ - [compute_lap_features_for_driver] driver=55 lap=47 KEEP, status=GREEN, duration=98.9s
2025-12-15 11:49:19 [DEBUG] __main__ - [get_openf1] GET https://api.openf1.org/v1/car_data params={'session_key': 9617, 'driver_number': 55, 'date>': '2024-10-20T20:22:40.257000+00:00', 'date<': '2024-10-20T20:24:19.194000+00:00'}
2025-12-15 11:49:20 [DEBUG] __main__ - [compute_lap_features_for_driver] driver=55 lap=47, car_data rows=381
2025-12-15 11:49:20 [INFO] __main__ - [compute_lap_features_for_driver] driver=55 lap=48 KEEP, status=GREEN, duration=98.2s
2025-12-15 11:49:20 [DEBUG] __main__ - [get_openf1] GET https://api.openf1.org/v1/car_data params={'session_key': 9617, 'driver_number': 55, 'date>': '2024-10-20T20:24:19.194000+00:00', 'date<': '2024-10-20T20:25:57.369000+00:00'}
2025-12-15 11:49:22 [DEBUG] __main__ - [compute_lap_features_for_driver] driver=55 lap=48, car_data rows=369
2025-12-15 11:49:22 [INFO] __main__ - [compute_lap_features_for_driver] driver=55 lap=49 KEEP, status=GREEN, duration=98.5s
2025-12-15 11:49:22 [DEBUG] __main__ - [get_openf1] GET https://api.openf1.org/v1/car_data params={'session_key': 9617, 'driver_number': 55, 'date>': '2024-10-20T20:25:57.369000+00:00', 'date<': '2024-10-20T20:27:35.886000+00:00'}
2025-12-15 11:49:23 [DEBUG] __main__ - [compute_lap_features_for_driver] driver=55 lap=49, car_data rows=384
2025-12-15 11:49:23 [INFO] __main__ - [compute_lap_features_for_driver] driver=55 lap=50 KEEP, status=GREEN, duration=98.3s
2025-12-15 11:49:23 [DEBUG] __main__ - [get_openf1] GET https://api.openf1.org/v1/car_data params={'session_key': 9617, 'driver_number': 55, 'date>': '2024-10-20T20:27:35.886000+00:00', 'date<': '2024-10-20T20:29:14.192000+00:00'}
2025-12-15 11:49:24 [DEBUG] __main__ - [compute_lap_features_for_driver] driver=55 lap=50, car_data rows=367
2025-12-15 11:49:24 [INFO] __main__ - [compute_lap_features_for_driver] driver=55 lap=51 KEEP, status=GREEN, duration=98.4s
2025-12-15 11:49:24 [DEBUG] __main__ - [get_openf1] GET https://api.openf1.org/v1/car_data params={'session_key': 9617, 'driver_number': 55, 'date>': '2024-10-20T20:29:14.192000+00:00', 'date<': '2024-10-20T20:30:52.598000+00:00'}
2025-12-15 11:49:24 [DEBUG] __main__ - [compute_lap_features_for_driver] driver=55 lap=51, car_data rows=374
2025-12-15 11:49:24 [INFO] __main__ - [compute_lap_features_for_driver] driver=55 lap=52 KEEP, status=GREEN, duration=98.1s
2025-12-15 11:49:24 [DEBUG] __main__ - [get_openf1] GET https://api.openf1.org/v1/car_data params={'session_key': 9617, 'driver_number': 55, 'date>': '2024-10-20T20:30:52.598000+00:00', 'date<': '2024-10-20T20:32:30.744000+00:00'}
2025-12-15 11:49:25 [DEBUG] __main__ - [compute_lap_features_for_driver] driver=55 lap=52, car_data rows=376
2025-12-15 11:49:25 [INFO] __main__ - [compute_lap_features_for_driver] driver=55 lap=53 KEEP, status=GREEN, duration=98.2s
2025-12-15 11:49:25 [DEBUG] __main__ - [get_openf1] GET https://api.openf1.org/v1/car_data params={'session_key': 9617, 'driver_number': 55, 'date>': '2024-10-20T20:32:30.744000+00:00', 'date<': '2024-10-20T20:34:08.914000+00:00'}
2025-12-15 11:49:26 [DEBUG] __main__ - [compute_lap_features_for_driver] driver=55 lap=53, car_data rows=368
2025-12-15 11:49:26 [INFO] __main__ - [compute_lap_features_for_driver] driver=55 lap=54 KEEP, status=GREEN, duration=98.2s
2025-12-15 11:49:26 [DEBUG] __main__ - [get_openf1] GET https://api.openf1.org/v1/car_data params={'session_key': 9617, 'driver_number': 55, 'date>': '2024-10-20T20:34:08.914000+00:00', 'date<': '2024-10-20T20:35:47.078000+00:00'}
2025-12-15 11:49:28 [DEBUG] __main__ - [compute_lap_features_for_driver] driver=55 lap=54, car_data rows=366
2025-12-15 11:49:28 [INFO] __main__ - [compute_lap_features_for_driver] driver=55 lap=55 KEEP, status=GREEN, duration=99.0s
2025-12-15 11:49:28 [DEBUG] __main__ - [get_openf1] GET https://api.openf1.org/v1/car_data params={'session_key': 9617, 'driver_number': 55, 'date>': '2024-10-20T20:35:47.078000+00:00', 'date<': '2024-10-20T20:37:26.118000+00:00'}
2025-12-15 11:49:28 [DEBUG] __main__ - [compute_lap_features_for_driver] driver=55 lap=55, car_data rows=390
2025-12-15 11:49:28 [INFO] __main__ - [compute_lap_features_for_driver] driver=55 lap=56 DROP (CHEQUERED_FLAG_LAP), status=RED_FLAG;CHEQUERED, duration=nans
2025-12-15 11:49:28 [INFO] __main__ - [compute_lap_features_for_driver] driver=55, feature laps=[2, 4, 6, 7, 8, 9, 11, 12, 13, 14, 15, 16, 17, 18, 19, 20, 21, 22, 23, 24, 25, 26, 27, 28, 29, 30, 31, 32, 33, 34, 35, 36, 37, 38, 39, 40, 42, 43, 44, 45, 46, 47, 48, 49, 50, 51, 52, 53, 54, 55]
2025-12-15 11:49:28 [INFO] __main__ - [build_driver_style_embedding_json] compute features for driver=24
2025-12-15 11:49:28 [DEBUG] __main__ - [get_openf1] GET https://api.openf1.org/v1/laps params={'session_key': 9617, 'driver_number': 24}
2025-12-15 11:49:29 [DEBUG] __main__ - [get_openf1] GET https://api.openf1.org/v1/sessions params={'session_key': 9617}
2025-12-15 11:49:30 [INFO] __main__ - [fetch_session_start] session_key=9617, date_start=2024-10-20 19:00:00+00:00
2025-12-15 11:49:30 [INFO] __main__ - [fetch_race_start_time] use first GREEN as race_start: 2024-10-20 18:20:00+00:00
2025-12-15 11:49:30 [INFO] __main__ - [fetch_laps] fill lap 1 date_start with race_start=2024-10-20 18:20:00+00:00
2025-12-15 11:49:30 [INFO] __main__ - [fetch_laps] driver=24, laps: min=1, max=55, count=55
2025-12-15 11:49:30 [DEBUG] __main__ - [fetch_laps] head:
   meeting_key  session_key  ...  st_speed  lap_duration_s
0         1247         9617  ...       301        2738.301
1         1247         9617  ...       320         103.107
2         1247         9617  ...       165         137.051
3         1247         9617  ...       198         149.561
4         1247         9617  ...       226         149.564

[5 rows x 17 columns]
2025-12-15 11:49:30 [DEBUG] __main__ - [build_lap_status_mapping] status_by_lap={1: 'YELLOW', 2: 'YELLOW', 3: 'SC;YELLOW', 4: 'GREEN', 5: 'SC', 6: 'GREEN', 7: 'GREEN', 8: 'GREEN', 9: 'GREEN', 10: 'YELLOW', 11: 'GREEN', 12: 'GREEN', 13: 'GREEN', 14: 'GREEN', 15: 'GREEN', 16: 'GREEN', 17: 'GREEN', 18: 'GREEN', 19: 'GREEN', 20: 'GREEN', 21: 'GREEN', 22: 'GREEN', 23: 'GREEN', 24: 'GREEN', 25: 'GREEN', 26: 'GREEN', 27: 'GREEN', 28: 'GREEN', 29: 'GREEN', 30: 'GREEN', 31: 'GREEN', 32: 'GREEN', 33: 'GREEN', 34: 'GREEN', 35: 'GREEN', 36: 'GREEN', 37: 'GREEN', 38: 'GREEN', 39: 'GREEN', 40: 'YELLOW', 41: 'GREEN', 42: 'GREEN', 43: 'GREEN', 44: 'GREEN', 45: 'GREEN', 46: 'GREEN', 47: 'GREEN', 48: 'GREEN', 49: 'GREEN', 50: 'GREEN', 51: 'GREEN', 52: 'GREEN', 53: 'GREEN', 54: 'GREEN', 55: 'RED_FLAG;CHEQUERED'}
2025-12-15 11:49:30 [INFO] __main__ - [compute_lap_features_for_driver] driver=24, typical_duration_s=101.491
2025-12-15 11:49:30 [INFO] __main__ - [compute_lap_features_for_driver] driver=24 lap=1 DROP (YELLOW_FLAG_LAP), status=YELLOW, duration=2738.3s
2025-12-15 11:49:30 [INFO] __main__ - [compute_lap_features_for_driver] driver=24 lap=2 DROP (YELLOW_FLAG_LAP), status=YELLOW, duration=103.1s
2025-12-15 11:49:30 [INFO] __main__ - [compute_lap_features_for_driver] driver=24 lap=3 DROP (SC_LAP), status=SC;YELLOW, duration=137.1s
2025-12-15 11:49:30 [INFO] __main__ - [compute_lap_features_for_driver] driver=24 lap=4 KEEP, status=GREEN, duration=149.6s
2025-12-15 11:49:30 [DEBUG] __main__ - [get_openf1] GET https://api.openf1.org/v1/car_data params={'session_key': 9617, 'driver_number': 24, 'date>': '2024-10-20T19:09:38.459000+00:00', 'date<': '2024-10-20T19:12:08.020000+00:00'}
2025-12-15 11:49:31 [DEBUG] __main__ - [compute_lap_features_for_driver] driver=24 lap=4, car_data rows=577
2025-12-15 11:49:31 [INFO] __main__ - [compute_lap_features_for_driver] driver=24 lap=5 DROP (SC_LAP), status=SC, duration=149.6s
2025-12-15 11:49:31 [INFO] __main__ - [compute_lap_features_for_driver] driver=24 lap=6 KEEP, status=GREEN, duration=103.2s
2025-12-15 11:49:31 [DEBUG] __main__ - [get_openf1] GET https://api.openf1.org/v1/car_data params={'session_key': 9617, 'driver_number': 24, 'date>': '2024-10-20T19:14:37.584000+00:00', 'date<': '2024-10-20T19:16:20.764000+00:00'}
2025-12-15 11:49:32 [DEBUG] __main__ - [compute_lap_features_for_driver] driver=24 lap=6, car_data rows=392
2025-12-15 11:49:32 [INFO] __main__ - [compute_lap_features_for_driver] driver=24 lap=7 KEEP, status=GREEN, duration=102.1s
2025-12-15 11:49:32 [DEBUG] __main__ - [get_openf1] GET https://api.openf1.org/v1/car_data params={'session_key': 9617, 'driver_number': 24, 'date>': '2024-10-20T19:16:20.764000+00:00', 'date<': '2024-10-20T19:18:02.900000+00:00'}
2025-12-15 11:49:33 [DEBUG] __main__ - [compute_lap_features_for_driver] driver=24 lap=7, car_data rows=379
2025-12-15 11:49:33 [INFO] __main__ - [compute_lap_features_for_driver] driver=24 lap=8 KEEP, status=GREEN, duration=101.5s
2025-12-15 11:49:33 [DEBUG] __main__ - [get_openf1] GET https://api.openf1.org/v1/car_data params={'session_key': 9617, 'driver_number': 24, 'date>': '2024-10-20T19:18:02.900000+00:00', 'date<': '2024-10-20T19:19:44.391000+00:00'}
2025-12-15 11:49:34 [DEBUG] __main__ - [compute_lap_features_for_driver] driver=24 lap=8, car_data rows=383
2025-12-15 11:49:34 [INFO] __main__ - [compute_lap_features_for_driver] driver=24 lap=9 KEEP, status=GREEN, duration=102.0s
2025-12-15 11:49:34 [DEBUG] __main__ - [get_openf1] GET https://api.openf1.org/v1/car_data params={'session_key': 9617, 'driver_number': 24, 'date>': '2024-10-20T19:19:44.391000+00:00', 'date<': '2024-10-20T19:21:26.375000+00:00'}
2025-12-15 11:49:36 [DEBUG] __main__ - [compute_lap_features_for_driver] driver=24 lap=9, car_data rows=395
2025-12-15 11:49:36 [INFO] __main__ - [compute_lap_features_for_driver] driver=24 lap=10 DROP (YELLOW_FLAG_LAP), status=YELLOW, duration=110.6s
2025-12-15 11:49:36 [INFO] __main__ - [compute_lap_features_for_driver] driver=24 lap=11 KEEP, status=GREEN, duration=102.8s
2025-12-15 11:49:36 [DEBUG] __main__ - [get_openf1] GET https://api.openf1.org/v1/car_data params={'session_key': 9617, 'driver_number': 24, 'date>': '2024-10-20T19:23:16.947000+00:00', 'date<': '2024-10-20T19:24:59.711000+00:00'}
2025-12-15 11:49:37 [DEBUG] __main__ - [compute_lap_features_for_driver] driver=24 lap=11, car_data rows=408
2025-12-15 11:49:37 [INFO] __main__ - [compute_lap_features_for_driver] driver=24 lap=12 KEEP, status=GREEN, duration=102.3s
2025-12-15 11:49:37 [DEBUG] __main__ - [get_openf1] GET https://api.openf1.org/v1/car_data params={'session_key': 9617, 'driver_number': 24, 'date>': '2024-10-20T19:24:59.711000+00:00', 'date<': '2024-10-20T19:26:42.027000+00:00'}
2025-12-15 11:49:38 [DEBUG] __main__ - [compute_lap_features_for_driver] driver=24 lap=12, car_data rows=402
2025-12-15 11:49:38 [INFO] __main__ - [compute_lap_features_for_driver] driver=24 lap=13 KEEP, status=GREEN, duration=102.5s
2025-12-15 11:49:38 [DEBUG] __main__ - [get_openf1] GET https://api.openf1.org/v1/car_data params={'session_key': 9617, 'driver_number': 24, 'date>': '2024-10-20T19:26:42.027000+00:00', 'date<': '2024-10-20T19:28:24.482000+00:00'}
2025-12-15 11:49:39 [DEBUG] __main__ - [compute_lap_features_for_driver] driver=24 lap=13, car_data rows=378
2025-12-15 11:49:39 [INFO] __main__ - [compute_lap_features_for_driver] driver=24 lap=14 KEEP, status=GREEN, duration=122.7s
2025-12-15 11:49:39 [DEBUG] __main__ - [get_openf1] GET https://api.openf1.org/v1/car_data params={'session_key': 9617, 'driver_number': 24, 'date>': '2024-10-20T19:28:24.482000+00:00', 'date<': '2024-10-20T19:30:27.214000+00:00'}
2025-12-15 11:49:40 [DEBUG] __main__ - [compute_lap_features_for_driver] driver=24 lap=14, car_data rows=474
2025-12-15 11:49:40 [INFO] __main__ - [compute_lap_features_for_driver] driver=24 lap=15 KEEP, status=GREEN, duration=101.5s
2025-12-15 11:49:40 [DEBUG] __main__ - [get_openf1] GET https://api.openf1.org/v1/car_data params={'session_key': 9617, 'driver_number': 24, 'date>': '2024-10-20T19:30:27.214000+00:00', 'date<': '2024-10-20T19:32:08.731000+00:00'}
2025-12-15 11:49:41 [DEBUG] __main__ - [compute_lap_features_for_driver] driver=24 lap=15, car_data rows=397
2025-12-15 11:49:41 [INFO] __main__ - [compute_lap_features_for_driver] driver=24 lap=16 KEEP, status=GREEN, duration=101.5s
2025-12-15 11:49:41 [DEBUG] __main__ - [get_openf1] GET https://api.openf1.org/v1/car_data params={'session_key': 9617, 'driver_number': 24, 'date>': '2024-10-20T19:32:08.731000+00:00', 'date<': '2024-10-20T19:33:50.255000+00:00'}
2025-12-15 11:49:42 [DEBUG] __main__ - [compute_lap_features_for_driver] driver=24 lap=16, car_data rows=388
2025-12-15 11:49:42 [INFO] __main__ - [compute_lap_features_for_driver] driver=24 lap=17 KEEP, status=GREEN, duration=101.9s
2025-12-15 11:49:42 [DEBUG] __main__ - [get_openf1] GET https://api.openf1.org/v1/car_data params={'session_key': 9617, 'driver_number': 24, 'date>': '2024-10-20T19:33:50.255000+00:00', 'date<': '2024-10-20T19:35:32.169000+00:00'}
2025-12-15 11:49:43 [DEBUG] __main__ - [compute_lap_features_for_driver] driver=24 lap=17, car_data rows=395
2025-12-15 11:49:43 [INFO] __main__ - [compute_lap_features_for_driver] driver=24 lap=18 KEEP, status=GREEN, duration=101.3s
2025-12-15 11:49:43 [DEBUG] __main__ - [get_openf1] GET https://api.openf1.org/v1/car_data params={'session_key': 9617, 'driver_number': 24, 'date>': '2024-10-20T19:35:32.169000+00:00', 'date<': '2024-10-20T19:37:13.463000+00:00'}
2025-12-15 11:49:43 [DEBUG] __main__ - [compute_lap_features_for_driver] driver=24 lap=18, car_data rows=379
2025-12-15 11:49:43 [INFO] __main__ - [compute_lap_features_for_driver] driver=24 lap=19 KEEP, status=GREEN, duration=101.3s
2025-12-15 11:49:43 [DEBUG] __main__ - [get_openf1] GET https://api.openf1.org/v1/car_data params={'session_key': 9617, 'driver_number': 24, 'date>': '2024-10-20T19:37:13.463000+00:00', 'date<': '2024-10-20T19:38:54.811000+00:00'}
2025-12-15 11:49:44 [DEBUG] __main__ - [compute_lap_features_for_driver] driver=24 lap=19, car_data rows=389
2025-12-15 11:49:44 [INFO] __main__ - [compute_lap_features_for_driver] driver=24 lap=20 KEEP, status=GREEN, duration=101.9s
2025-12-15 11:49:44 [DEBUG] __main__ - [get_openf1] GET https://api.openf1.org/v1/car_data params={'session_key': 9617, 'driver_number': 24, 'date>': '2024-10-20T19:38:54.811000+00:00', 'date<': '2024-10-20T19:40:36.730000+00:00'}
2025-12-15 11:49:45 [DEBUG] __main__ - [compute_lap_features_for_driver] driver=24 lap=20, car_data rows=387
2025-12-15 11:49:45 [INFO] __main__ - [compute_lap_features_for_driver] driver=24 lap=21 KEEP, status=GREEN, duration=101.4s
2025-12-15 11:49:45 [DEBUG] __main__ - [get_openf1] GET https://api.openf1.org/v1/car_data params={'session_key': 9617, 'driver_number': 24, 'date>': '2024-10-20T19:40:36.730000+00:00', 'date<': '2024-10-20T19:42:18.153000+00:00'}
2025-12-15 11:49:46 [DEBUG] __main__ - [compute_lap_features_for_driver] driver=24 lap=21, car_data rows=400
2025-12-15 11:49:46 [INFO] __main__ - [compute_lap_features_for_driver] driver=24 lap=22 KEEP, status=GREEN, duration=102.2s
2025-12-15 11:49:46 [DEBUG] __main__ - [get_openf1] GET https://api.openf1.org/v1/car_data params={'session_key': 9617, 'driver_number': 24, 'date>': '2024-10-20T19:42:18.153000+00:00', 'date<': '2024-10-20T19:44:00.339000+00:00'}
2025-12-15 11:49:47 [DEBUG] __main__ - [compute_lap_features_for_driver] driver=24 lap=22, car_data rows=382
2025-12-15 11:49:47 [INFO] __main__ - [compute_lap_features_for_driver] driver=24 lap=23 KEEP, status=GREEN, duration=102.2s
2025-12-15 11:49:47 [DEBUG] __main__ - [get_openf1] GET https://api.openf1.org/v1/car_data params={'session_key': 9617, 'driver_number': 24, 'date>': '2024-10-20T19:44:00.339000+00:00', 'date<': '2024-10-20T19:45:42.575000+00:00'}
2025-12-15 11:49:48 [DEBUG] __main__ - [compute_lap_features_for_driver] driver=24 lap=23, car_data rows=382
2025-12-15 11:49:48 [INFO] __main__ - [compute_lap_features_for_driver] driver=24 lap=24 KEEP, status=GREEN, duration=101.6s
2025-12-15 11:49:48 [DEBUG] __main__ - [get_openf1] GET https://api.openf1.org/v1/car_data params={'session_key': 9617, 'driver_number': 24, 'date>': '2024-10-20T19:45:42.575000+00:00', 'date<': '2024-10-20T19:47:24.202000+00:00'}
2025-12-15 11:49:48 [DEBUG] __main__ - [compute_lap_features_for_driver] driver=24 lap=24, car_data rows=381
2025-12-15 11:49:48 [INFO] __main__ - [compute_lap_features_for_driver] driver=24 lap=25 KEEP, status=GREEN, duration=101.8s
2025-12-15 11:49:48 [DEBUG] __main__ - [get_openf1] GET https://api.openf1.org/v1/car_data params={'session_key': 9617, 'driver_number': 24, 'date>': '2024-10-20T19:47:24.202000+00:00', 'date<': '2024-10-20T19:49:05.990000+00:00'}
2025-12-15 11:49:49 [DEBUG] __main__ - [compute_lap_features_for_driver] driver=24 lap=25, car_data rows=389
2025-12-15 11:49:49 [INFO] __main__ - [compute_lap_features_for_driver] driver=24 lap=26 KEEP, status=GREEN, duration=101.3s
2025-12-15 11:49:49 [DEBUG] __main__ - [get_openf1] GET https://api.openf1.org/v1/car_data params={'session_key': 9617, 'driver_number': 24, 'date>': '2024-10-20T19:49:05.990000+00:00', 'date<': '2024-10-20T19:50:47.309000+00:00'}
2025-12-15 11:49:50 [DEBUG] __main__ - [compute_lap_features_for_driver] driver=24 lap=26, car_data rows=376
2025-12-15 11:49:50 [INFO] __main__ - [compute_lap_features_for_driver] driver=24 lap=27 KEEP, status=GREEN, duration=101.2s
2025-12-15 11:49:50 [DEBUG] __main__ - [get_openf1] GET https://api.openf1.org/v1/car_data params={'session_key': 9617, 'driver_number': 24, 'date>': '2024-10-20T19:50:47.309000+00:00', 'date<': '2024-10-20T19:52:28.465000+00:00'}
2025-12-15 11:49:50 [DEBUG] __main__ - [compute_lap_features_for_driver] driver=24 lap=27, car_data rows=400
2025-12-15 11:49:50 [INFO] __main__ - [compute_lap_features_for_driver] driver=24 lap=28 KEEP, status=GREEN, duration=101.4s
2025-12-15 11:49:50 [DEBUG] __main__ - [get_openf1] GET https://api.openf1.org/v1/car_data params={'session_key': 9617, 'driver_number': 24, 'date>': '2024-10-20T19:52:28.465000+00:00', 'date<': '2024-10-20T19:54:09.840000+00:00'}
2025-12-15 11:49:51 [DEBUG] __main__ - [compute_lap_features_for_driver] driver=24 lap=28, car_data rows=382
2025-12-15 11:49:51 [INFO] __main__ - [compute_lap_features_for_driver] driver=24 lap=29 KEEP, status=GREEN, duration=102.3s
2025-12-15 11:49:51 [DEBUG] __main__ - [get_openf1] GET https://api.openf1.org/v1/car_data params={'session_key': 9617, 'driver_number': 24, 'date>': '2024-10-20T19:54:09.840000+00:00', 'date<': '2024-10-20T19:55:52.142000+00:00'}
2025-12-15 11:49:52 [DEBUG] __main__ - [compute_lap_features_for_driver] driver=24 lap=29, car_data rows=396
2025-12-15 11:49:52 [INFO] __main__ - [compute_lap_features_for_driver] driver=24 lap=30 KEEP, status=GREEN, duration=101.6s
2025-12-15 11:49:52 [DEBUG] __main__ - [get_openf1] GET https://api.openf1.org/v1/car_data params={'session_key': 9617, 'driver_number': 24, 'date>': '2024-10-20T19:55:52.142000+00:00', 'date<': '2024-10-20T19:57:33.777000+00:00'}
2025-12-15 11:49:53 [DEBUG] __main__ - [compute_lap_features_for_driver] driver=24 lap=30, car_data rows=390
2025-12-15 11:49:53 [INFO] __main__ - [compute_lap_features_for_driver] driver=24 lap=31 KEEP, status=GREEN, duration=101.3s
2025-12-15 11:49:53 [DEBUG] __main__ - [get_openf1] GET https://api.openf1.org/v1/car_data params={'session_key': 9617, 'driver_number': 24, 'date>': '2024-10-20T19:57:33.777000+00:00', 'date<': '2024-10-20T19:59:15.118000+00:00'}
2025-12-15 11:49:53 [DEBUG] __main__ - [compute_lap_features_for_driver] driver=24 lap=31, car_data rows=375
2025-12-15 11:49:53 [INFO] __main__ - [compute_lap_features_for_driver] driver=24 lap=32 KEEP, status=GREEN, duration=101.7s
2025-12-15 11:49:53 [DEBUG] __main__ - [get_openf1] GET https://api.openf1.org/v1/car_data params={'session_key': 9617, 'driver_number': 24, 'date>': '2024-10-20T19:59:15.118000+00:00', 'date<': '2024-10-20T20:00:56.768000+00:00'}
2025-12-15 11:49:54 [DEBUG] __main__ - [compute_lap_features_for_driver] driver=24 lap=32, car_data rows=389
2025-12-15 11:49:54 [INFO] __main__ - [compute_lap_features_for_driver] driver=24 lap=33 KEEP, status=GREEN, duration=101.2s
2025-12-15 11:49:54 [DEBUG] __main__ - [get_openf1] GET https://api.openf1.org/v1/car_data params={'session_key': 9617, 'driver_number': 24, 'date>': '2024-10-20T20:00:56.768000+00:00', 'date<': '2024-10-20T20:02:37.992000+00:00'}
2025-12-15 11:49:55 [DEBUG] __main__ - [compute_lap_features_for_driver] driver=24 lap=33, car_data rows=379
2025-12-15 11:49:55 [INFO] __main__ - [compute_lap_features_for_driver] driver=24 lap=34 KEEP, status=GREEN, duration=101.3s
2025-12-15 11:49:55 [DEBUG] __main__ - [get_openf1] GET https://api.openf1.org/v1/car_data params={'session_key': 9617, 'driver_number': 24, 'date>': '2024-10-20T20:02:37.992000+00:00', 'date<': '2024-10-20T20:04:19.273000+00:00'}
2025-12-15 11:49:56 [DEBUG] __main__ - [compute_lap_features_for_driver] driver=24 lap=34, car_data rows=378
2025-12-15 11:49:56 [INFO] __main__ - [compute_lap_features_for_driver] driver=24 lap=35 KEEP, status=GREEN, duration=101.8s
2025-12-15 11:49:56 [DEBUG] __main__ - [get_openf1] GET https://api.openf1.org/v1/car_data params={'session_key': 9617, 'driver_number': 24, 'date>': '2024-10-20T20:04:19.273000+00:00', 'date<': '2024-10-20T20:06:01.051000+00:00'}
2025-12-15 11:49:57 [DEBUG] __main__ - [compute_lap_features_for_driver] driver=24 lap=35, car_data rows=389
2025-12-15 11:49:57 [INFO] __main__ - [compute_lap_features_for_driver] driver=24 lap=36 KEEP, status=GREEN, duration=126.2s
2025-12-15 11:49:57 [DEBUG] __main__ - [get_openf1] GET https://api.openf1.org/v1/car_data params={'session_key': 9617, 'driver_number': 24, 'date>': '2024-10-20T20:06:01.051000+00:00', 'date<': '2024-10-20T20:08:07.227000+00:00'}
2025-12-15 11:49:58 [DEBUG] __main__ - [compute_lap_features_for_driver] driver=24 lap=36, car_data rows=480
2025-12-15 11:49:58 [INFO] __main__ - [compute_lap_features_for_driver] driver=24 lap=37 KEEP, status=GREEN, duration=100.2s
2025-12-15 11:49:58 [DEBUG] __main__ - [get_openf1] GET https://api.openf1.org/v1/car_data params={'session_key': 9617, 'driver_number': 24, 'date>': '2024-10-20T20:08:07.227000+00:00', 'date<': '2024-10-20T20:09:47.407000+00:00'}
2025-12-15 11:49:59 [DEBUG] __main__ - [compute_lap_features_for_driver] driver=24 lap=37, car_data rows=383
2025-12-15 11:49:59 [INFO] __main__ - [compute_lap_features_for_driver] driver=24 lap=38 KEEP, status=GREEN, duration=100.2s
2025-12-15 11:49:59 [DEBUG] __main__ - [get_openf1] GET https://api.openf1.org/v1/car_data params={'session_key': 9617, 'driver_number': 24, 'date>': '2024-10-20T20:09:47.407000+00:00', 'date<': '2024-10-20T20:11:27.572000+00:00'}
2025-12-15 11:50:00 [DEBUG] __main__ - [compute_lap_features_for_driver] driver=24 lap=38, car_data rows=389
2025-12-15 11:50:00 [INFO] __main__ - [compute_lap_features_for_driver] driver=24 lap=39 KEEP, status=GREEN, duration=101.9s
2025-12-15 11:50:00 [DEBUG] __main__ - [get_openf1] GET https://api.openf1.org/v1/car_data params={'session_key': 9617, 'driver_number': 24, 'date>': '2024-10-20T20:11:27.572000+00:00', 'date<': '2024-10-20T20:13:09.500000+00:00'}
2025-12-15 11:50:00 [DEBUG] __main__ - [compute_lap_features_for_driver] driver=24 lap=39, car_data rows=396
2025-12-15 11:50:00 [INFO] __main__ - [compute_lap_features_for_driver] driver=24 lap=40 DROP (YELLOW_FLAG_LAP), status=YELLOW, duration=100.0s
2025-12-15 11:50:00 [INFO] __main__ - [compute_lap_features_for_driver] driver=24 lap=41 KEEP, status=GREEN, duration=100.3s
2025-12-15 11:50:00 [DEBUG] __main__ - [get_openf1] GET https://api.openf1.org/v1/car_data params={'session_key': 9617, 'driver_number': 24, 'date>': '2024-10-20T20:14:49.533000+00:00', 'date<': '2024-10-20T20:16:29.847000+00:00'}
2025-12-15 11:50:01 [DEBUG] __main__ - [compute_lap_features_for_driver] driver=24 lap=41, car_data rows=387
2025-12-15 11:50:01 [INFO] __main__ - [compute_lap_features_for_driver] driver=24 lap=42 KEEP, status=GREEN, duration=100.3s
2025-12-15 11:50:01 [DEBUG] __main__ - [get_openf1] GET https://api.openf1.org/v1/car_data params={'session_key': 9617, 'driver_number': 24, 'date>': '2024-10-20T20:16:29.847000+00:00', 'date<': '2024-10-20T20:18:10.117000+00:00'}
2025-12-15 11:50:05 [DEBUG] __main__ - [compute_lap_features_for_driver] driver=24 lap=42, car_data rows=390
2025-12-15 11:50:05 [INFO] __main__ - [compute_lap_features_for_driver] driver=24 lap=43 KEEP, status=GREEN, duration=100.2s
2025-12-15 11:50:05 [DEBUG] __main__ - [get_openf1] GET https://api.openf1.org/v1/car_data params={'session_key': 9617, 'driver_number': 24, 'date>': '2024-10-20T20:18:10.117000+00:00', 'date<': '2024-10-20T20:19:50.306000+00:00'}
2025-12-15 11:50:06 [DEBUG] __main__ - [compute_lap_features_for_driver] driver=24 lap=43, car_data rows=373
2025-12-15 11:50:06 [INFO] __main__ - [compute_lap_features_for_driver] driver=24 lap=44 KEEP, status=GREEN, duration=100.0s
2025-12-15 11:50:06 [DEBUG] __main__ - [get_openf1] GET https://api.openf1.org/v1/car_data params={'session_key': 9617, 'driver_number': 24, 'date>': '2024-10-20T20:19:50.306000+00:00', 'date<': '2024-10-20T20:21:30.353000+00:00'}
2025-12-15 11:50:07 [DEBUG] __main__ - [compute_lap_features_for_driver] driver=24 lap=44, car_data rows=376
2025-12-15 11:50:07 [INFO] __main__ - [compute_lap_features_for_driver] driver=24 lap=45 KEEP, status=GREEN, duration=99.7s
2025-12-15 11:50:07 [DEBUG] __main__ - [get_openf1] GET https://api.openf1.org/v1/car_data params={'session_key': 9617, 'driver_number': 24, 'date>': '2024-10-20T20:21:30.353000+00:00', 'date<': '2024-10-20T20:23:10.052000+00:00'}
2025-12-15 11:50:07 [DEBUG] __main__ - [compute_lap_features_for_driver] driver=24 lap=45, car_data rows=371
2025-12-15 11:50:07 [INFO] __main__ - [compute_lap_features_for_driver] driver=24 lap=46 KEEP, status=GREEN, duration=99.8s
2025-12-15 11:50:07 [DEBUG] __main__ - [get_openf1] GET https://api.openf1.org/v1/car_data params={'session_key': 9617, 'driver_number': 24, 'date>': '2024-10-20T20:23:10.052000+00:00', 'date<': '2024-10-20T20:24:49.803000+00:00'}
2025-12-15 11:50:08 [DEBUG] __main__ - [compute_lap_features_for_driver] driver=24 lap=46, car_data rows=389
2025-12-15 11:50:08 [INFO] __main__ - [compute_lap_features_for_driver] driver=24 lap=47 KEEP, status=GREEN, duration=99.6s
2025-12-15 11:50:08 [DEBUG] __main__ - [get_openf1] GET https://api.openf1.org/v1/car_data params={'session_key': 9617, 'driver_number': 24, 'date>': '2024-10-20T20:24:49.803000+00:00', 'date<': '2024-10-20T20:26:29.425000+00:00'}
2025-12-15 11:50:09 [DEBUG] __main__ - [compute_lap_features_for_driver] driver=24 lap=47, car_data rows=380
2025-12-15 11:50:09 [INFO] __main__ - [compute_lap_features_for_driver] driver=24 lap=48 KEEP, status=GREEN, duration=100.2s
2025-12-15 11:50:09 [DEBUG] __main__ - [get_openf1] GET https://api.openf1.org/v1/car_data params={'session_key': 9617, 'driver_number': 24, 'date>': '2024-10-20T20:26:29.425000+00:00', 'date<': '2024-10-20T20:28:09.671000+00:00'}
2025-12-15 11:50:10 [DEBUG] __main__ - [compute_lap_features_for_driver] driver=24 lap=48, car_data rows=382
2025-12-15 11:50:10 [INFO] __main__ - [compute_lap_features_for_driver] driver=24 lap=49 KEEP, status=GREEN, duration=100.2s
2025-12-15 11:50:10 [DEBUG] __main__ - [get_openf1] GET https://api.openf1.org/v1/car_data params={'session_key': 9617, 'driver_number': 24, 'date>': '2024-10-20T20:28:09.671000+00:00', 'date<': '2024-10-20T20:29:49.894000+00:00'}
2025-12-15 11:50:11 [DEBUG] __main__ - [compute_lap_features_for_driver] driver=24 lap=49, car_data rows=384
2025-12-15 11:50:11 [INFO] __main__ - [compute_lap_features_for_driver] driver=24 lap=50 KEEP, status=GREEN, duration=99.9s
2025-12-15 11:50:11 [DEBUG] __main__ - [get_openf1] GET https://api.openf1.org/v1/car_data params={'session_key': 9617, 'driver_number': 24, 'date>': '2024-10-20T20:29:49.894000+00:00', 'date<': '2024-10-20T20:31:29.835000+00:00'}
2025-12-15 11:50:11 [DEBUG] __main__ - [compute_lap_features_for_driver] driver=24 lap=50, car_data rows=372
2025-12-15 11:50:11 [INFO] __main__ - [compute_lap_features_for_driver] driver=24 lap=51 KEEP, status=GREEN, duration=99.5s
2025-12-15 11:50:11 [DEBUG] __main__ - [get_openf1] GET https://api.openf1.org/v1/car_data params={'session_key': 9617, 'driver_number': 24, 'date>': '2024-10-20T20:31:29.835000+00:00', 'date<': '2024-10-20T20:33:09.335000+00:00'}
2025-12-15 11:50:12 [DEBUG] __main__ - [compute_lap_features_for_driver] driver=24 lap=51, car_data rows=381
2025-12-15 11:50:12 [INFO] __main__ - [compute_lap_features_for_driver] driver=24 lap=52 KEEP, status=GREEN, duration=99.6s
2025-12-15 11:50:12 [DEBUG] __main__ - [get_openf1] GET https://api.openf1.org/v1/car_data params={'session_key': 9617, 'driver_number': 24, 'date>': '2024-10-20T20:33:09.335000+00:00', 'date<': '2024-10-20T20:34:48.952000+00:00'}
2025-12-15 11:50:12 [DEBUG] __main__ - [compute_lap_features_for_driver] driver=24 lap=52, car_data rows=376
2025-12-15 11:50:12 [INFO] __main__ - [compute_lap_features_for_driver] driver=24 lap=53 KEEP, status=GREEN, duration=99.3s
2025-12-15 11:50:12 [DEBUG] __main__ - [get_openf1] GET https://api.openf1.org/v1/car_data params={'session_key': 9617, 'driver_number': 24, 'date>': '2024-10-20T20:34:48.952000+00:00', 'date<': '2024-10-20T20:36:28.229000+00:00'}
2025-12-15 11:50:13 [DEBUG] __main__ - [compute_lap_features_for_driver] driver=24 lap=53, car_data rows=379
2025-12-15 11:50:13 [INFO] __main__ - [compute_lap_features_for_driver] driver=24 lap=54 KEEP, status=GREEN, duration=99.6s
2025-12-15 11:50:13 [DEBUG] __main__ - [get_openf1] GET https://api.openf1.org/v1/car_data params={'session_key': 9617, 'driver_number': 24, 'date>': '2024-10-20T20:36:28.229000+00:00', 'date<': '2024-10-20T20:38:07.862000+00:00'}
2025-12-15 11:50:14 [DEBUG] __main__ - [compute_lap_features_for_driver] driver=24 lap=54, car_data rows=381
2025-12-15 11:50:14 [INFO] __main__ - [compute_lap_features_for_driver] driver=24 lap=55 DROP (CHEQUERED_FLAG_LAP), status=RED_FLAG;CHEQUERED, duration=nans
2025-12-15 11:50:14 [INFO] __main__ - [compute_lap_features_for_driver] driver=24, feature laps=[4, 6, 7, 8, 9, 11, 12, 13, 14, 15, 16, 17, 18, 19, 20, 21, 22, 23, 24, 25, 26, 27, 28, 29, 30, 31, 32, 33, 34, 35, 36, 37, 38, 39, 41, 42, 43, 44, 45, 46, 47, 48, 49, 50, 51, 52, 53, 54]
2025-12-15 11:50:14 [INFO] __main__ - [build_driver_style_embedding_json] all feature laps (combined)=[2, 4, 6, 7, 8, 9, 11, 12, 13, 14, 15, 16, 17, 18, 19, 20, 21, 22, 23, 24, 25, 26, 27, 28, 29, 30, 31, 32, 33, 34, 35, 36, 37, 38, 39, 40, 41, 42, 43, 44, 45, 46, 47, 48, 49, 50, 51, 52, 53, 54, 55]
2025-12-15 11:50:14 [INFO] __main__ - [embed_lap_features] focus_laps = [10, 29, 56]
2025-12-15 11:50:14 [INFO] __main__ - Saved ./driver_style_embedding_2024austin.json
