2025-12-15 11:26:18 [INFO] __main__ - ===== Driver Style Map logging started for race_id=2024montral =====
2025-12-15 11:26:18 [INFO] __main__ - log file: log/driver_style_2024montral.log
2025-12-15 11:26:18 [INFO] __main__ - === Start processing 2024montral ===
2025-12-15 11:26:18 [DEBUG] __main__ - [get_openf1] GET https://api.openf1.org/v1/meetings params={'year': 2024}
2025-12-15 11:26:19 [DEBUG] __main__ - [get_openf1] GET https://api.openf1.org/v1/sessions params={'meeting_key': 1237}
2025-12-15 11:26:19 [INFO] __main__ - [find_race_session] year=2024 slug=montral -> session_key=9531, meeting_name=Canadian Grand Prix
2025-12-15 11:26:19 [INFO] __main__ - [main] race_id=2024montral -> session_key=9531, meeting_name=Canadian Grand Prix
2025-12-15 11:26:19 [DEBUG] __main__ - [get_openf1] GET https://api.openf1.org/v1/session_result params={'session_key': 9531}
2025-12-15 11:26:19 [DEBUG] __main__ - [get_openf1] GET https://api.openf1.org/v1/drivers params={'session_key': 9531}
2025-12-15 11:26:20 [INFO] __main__ - [select_race_drivers] session_key=9531 winner=1 teammate=11 last_finisher=24
2025-12-15 11:26:20 [INFO] __main__ - [build_driver_style_embedding_json] start session_key=9531, drivers=[1, 11, 24]
2025-12-15 11:26:20 [DEBUG] __main__ - [get_openf1] GET https://api.openf1.org/v1/race_control params={'session_key': 9531}
2025-12-15 11:26:20 [DEBUG] __main__ - [get_openf1] GET https://api.openf1.org/v1/sessions params={'session_key': 9531}
2025-12-15 11:26:21 [INFO] __main__ - [fetch_session_start] session_key=9531, date_start=2024-06-09 18:00:00+00:00
2025-12-15 11:26:21 [INFO] __main__ - [fetch_race_start_time] use first GREEN as race_start: 2024-06-09 18:03:12+00:00
2025-12-15 11:26:21 [DEBUG] __main__ - [get_openf1] GET https://api.openf1.org/v1/laps params={'session_key': 9531, 'driver_number': 1}
2025-12-15 11:26:22 [INFO] __main__ - [fetch_laps] fill lap 1 date_start with race_start=2024-06-09 18:03:12+00:00
2025-12-15 11:26:22 [INFO] __main__ - [fetch_laps] driver=1, laps: min=1, max=70, count=70
2025-12-15 11:26:22 [DEBUG] __main__ - [fetch_laps] head:
   meeting_key  session_key  ...  st_speed  lap_duration_s
0         1237         9531  ...       298         105.051
1         1237         9531  ...       294          97.741
2         1237         9531  ...       298          96.401
3         1237         9531  ...       298          95.083
4         1237         9531  ...       300          93.839

[5 rows x 17 columns]
2025-12-15 11:26:22 [INFO] __main__ - [build_driver_style_embedding_json] ref_driver=1, min_lap=1, max_lap=70
2025-12-15 11:26:22 [INFO] __main__ - [build_driver_style_embedding_json] phase_split plan =
2025-12-15 11:26:22 [INFO] __main__ -   opening: [1, 2, 3, 4, 5, 6, 7, 8, 9, 10, 11, 12, 13, 14, 15, 16, 17, 18, 19, 20, 21, 22, 23, 24]
2025-12-15 11:26:22 [INFO] __main__ -   middle : [25, 26, 27, 28, 29, 30, 31, 32, 33, 34, 35, 36, 37, 38, 39, 40, 41, 42, 43, 44, 45, 46, 47]
2025-12-15 11:26:22 [INFO] __main__ -   ending : [48, 49, 50, 51, 52, 53, 54, 55, 56, 57, 58, 59, 60, 61, 62, 63, 64, 65, 66, 67, 68, 69, 70]
2025-12-15 11:26:22 [INFO] __main__ - [build_driver_style_embedding_json] compute features for driver=1
2025-12-15 11:26:22 [DEBUG] __main__ - [get_openf1] GET https://api.openf1.org/v1/laps params={'session_key': 9531, 'driver_number': 1}
2025-12-15 11:26:22 [DEBUG] __main__ - [get_openf1] GET https://api.openf1.org/v1/sessions params={'session_key': 9531}
2025-12-15 11:26:22 [INFO] __main__ - [fetch_session_start] session_key=9531, date_start=2024-06-09 18:00:00+00:00
2025-12-15 11:26:22 [INFO] __main__ - [fetch_race_start_time] use first GREEN as race_start: 2024-06-09 18:03:12+00:00
2025-12-15 11:26:22 [INFO] __main__ - [fetch_laps] fill lap 1 date_start with race_start=2024-06-09 18:03:12+00:00
2025-12-15 11:26:22 [INFO] __main__ - [fetch_laps] driver=1, laps: min=1, max=70, count=70
2025-12-15 11:26:22 [DEBUG] __main__ - [fetch_laps] head:
   meeting_key  session_key  ...  st_speed  lap_duration_s
0         1237         9531  ...       298         105.051
1         1237         9531  ...       294          97.741
2         1237         9531  ...       298          96.401
3         1237         9531  ...       298          95.083
4         1237         9531  ...       300          93.839

[5 rows x 17 columns]
2025-12-15 11:26:23 [DEBUG] __main__ - [build_lap_status_mapping] status_by_lap={1: 'YELLOW', 2: 'GREEN', 3: 'GREEN', 4: 'GREEN', 5: 'GREEN', 6: 'YELLOW', 7: 'GREEN', 8: 'GREEN', 9: 'GREEN', 10: 'GREEN', 11: 'GREEN', 12: 'GREEN', 13: 'GREEN', 14: 'GREEN', 15: 'GREEN', 16: 'GREEN', 17: 'GREEN', 18: 'GREEN', 19: 'GREEN', 20: 'GREEN', 21: 'GREEN', 22: 'GREEN', 23: 'GREEN', 24: 'GREEN', 25: 'SC;YELLOW', 26: 'GREEN', 27: 'YELLOW', 28: 'GREEN', 29: 'SC;YELLOW', 30: 'GREEN', 31: 'GREEN', 32: 'GREEN', 33: 'GREEN', 34: 'GREEN', 35: 'GREEN', 36: 'GREEN', 37: 'GREEN', 38: 'GREEN', 39: 'GREEN', 40: 'GREEN', 41: 'YELLOW', 42: 'GREEN', 43: 'GREEN', 44: 'GREEN', 45: 'GREEN', 46: 'GREEN', 47: 'GREEN', 48: 'GREEN', 49: 'YELLOW', 50: 'GREEN', 51: 'GREEN', 52: 'YELLOW', 53: 'YELLOW', 54: 'SC;YELLOW', 55: 'GREEN', 56: 'GREEN', 57: 'SC', 58: 'SC', 59: 'GREEN', 60: 'GREEN', 61: 'GREEN', 62: 'GREEN', 63: 'GREEN', 64: 'GREEN', 65: 'GREEN', 66: 'YELLOW', 67: 'GREEN', 68: 'GREEN', 69: 'GREEN', 70: 'RED_FLAG;CHEQUERED'}
2025-12-15 11:26:23 [INFO] __main__ - [compute_lap_features_for_driver] driver=1, typical_duration_s=86.662
2025-12-15 11:26:23 [INFO] __main__ - [compute_lap_features_for_driver] driver=1 lap=1 DROP (YELLOW_FLAG_LAP), status=YELLOW, duration=105.1s
2025-12-15 11:26:23 [INFO] __main__ - [compute_lap_features_for_driver] driver=1 lap=2 KEEP, status=GREEN, duration=97.7s
2025-12-15 11:26:23 [DEBUG] __main__ - [get_openf1] GET https://api.openf1.org/v1/car_data params={'session_key': 9531, 'driver_number': 1, 'date>': '2024-06-09T18:04:57.051000+00:00', 'date<': '2024-06-09T18:06:34.792000+00:00'}
2025-12-15 11:26:23 [DEBUG] __main__ - [compute_lap_features_for_driver] driver=1 lap=2, car_data rows=370
2025-12-15 11:26:23 [INFO] __main__ - [compute_lap_features_for_driver] driver=1 lap=3 KEEP, status=GREEN, duration=96.4s
2025-12-15 11:26:23 [DEBUG] __main__ - [get_openf1] GET https://api.openf1.org/v1/car_data params={'session_key': 9531, 'driver_number': 1, 'date>': '2024-06-09T18:06:34.792000+00:00', 'date<': '2024-06-09T18:08:11.193000+00:00'}
2025-12-15 11:26:24 [DEBUG] __main__ - [compute_lap_features_for_driver] driver=1 lap=3, car_data rows=354
2025-12-15 11:26:24 [INFO] __main__ - [compute_lap_features_for_driver] driver=1 lap=4 KEEP, status=GREEN, duration=95.1s
2025-12-15 11:26:24 [DEBUG] __main__ - [get_openf1] GET https://api.openf1.org/v1/car_data params={'session_key': 9531, 'driver_number': 1, 'date>': '2024-06-09T18:08:11.193000+00:00', 'date<': '2024-06-09T18:09:46.276000+00:00'}
2025-12-15 11:26:25 [DEBUG] __main__ - [compute_lap_features_for_driver] driver=1 lap=4, car_data rows=353
2025-12-15 11:26:25 [INFO] __main__ - [compute_lap_features_for_driver] driver=1 lap=5 KEEP, status=GREEN, duration=93.8s
2025-12-15 11:26:25 [DEBUG] __main__ - [get_openf1] GET https://api.openf1.org/v1/car_data params={'session_key': 9531, 'driver_number': 1, 'date>': '2024-06-09T18:09:46.276000+00:00', 'date<': '2024-06-09T18:11:20.115000+00:00'}
2025-12-15 11:26:26 [DEBUG] __main__ - [compute_lap_features_for_driver] driver=1 lap=5, car_data rows=355
2025-12-15 11:26:26 [INFO] __main__ - [compute_lap_features_for_driver] driver=1 lap=6 DROP (YELLOW_FLAG_LAP), status=YELLOW, duration=92.6s
2025-12-15 11:26:26 [INFO] __main__ - [compute_lap_features_for_driver] driver=1 lap=7 KEEP, status=GREEN, duration=91.3s
2025-12-15 11:26:26 [DEBUG] __main__ - [get_openf1] GET https://api.openf1.org/v1/car_data params={'session_key': 9531, 'driver_number': 1, 'date>': '2024-06-09T18:12:52.760000+00:00', 'date<': '2024-06-09T18:14:24.064000+00:00'}
2025-12-15 11:26:26 [DEBUG] __main__ - [compute_lap_features_for_driver] driver=1 lap=7, car_data rows=337
2025-12-15 11:26:26 [INFO] __main__ - [compute_lap_features_for_driver] driver=1 lap=8 KEEP, status=GREEN, duration=90.7s
2025-12-15 11:26:26 [DEBUG] __main__ - [get_openf1] GET https://api.openf1.org/v1/car_data params={'session_key': 9531, 'driver_number': 1, 'date>': '2024-06-09T18:14:24.064000+00:00', 'date<': '2024-06-09T18:15:54.766000+00:00'}
2025-12-15 11:26:27 [DEBUG] __main__ - [compute_lap_features_for_driver] driver=1 lap=8, car_data rows=333
2025-12-15 11:26:27 [INFO] __main__ - [compute_lap_features_for_driver] driver=1 lap=9 KEEP, status=GREEN, duration=90.3s
2025-12-15 11:26:27 [DEBUG] __main__ - [get_openf1] GET https://api.openf1.org/v1/car_data params={'session_key': 9531, 'driver_number': 1, 'date>': '2024-06-09T18:15:54.766000+00:00', 'date<': '2024-06-09T18:17:25.068000+00:00'}
2025-12-15 11:26:28 [DEBUG] __main__ - [compute_lap_features_for_driver] driver=1 lap=9, car_data rows=337
2025-12-15 11:26:28 [INFO] __main__ - [compute_lap_features_for_driver] driver=1 lap=10 KEEP, status=GREEN, duration=89.2s
2025-12-15 11:26:28 [DEBUG] __main__ - [get_openf1] GET https://api.openf1.org/v1/car_data params={'session_key': 9531, 'driver_number': 1, 'date>': '2024-06-09T18:17:25.068000+00:00', 'date<': '2024-06-09T18:18:54.262000+00:00'}
2025-12-15 11:26:29 [DEBUG] __main__ - [compute_lap_features_for_driver] driver=1 lap=10, car_data rows=333
2025-12-15 11:26:29 [INFO] __main__ - [compute_lap_features_for_driver] driver=1 lap=11 KEEP, status=GREEN, duration=89.7s
2025-12-15 11:26:29 [DEBUG] __main__ - [get_openf1] GET https://api.openf1.org/v1/car_data params={'session_key': 9531, 'driver_number': 1, 'date>': '2024-06-09T18:18:54.262000+00:00', 'date<': '2024-06-09T18:20:24.008000+00:00'}
2025-12-15 11:26:30 [DEBUG] __main__ - [compute_lap_features_for_driver] driver=1 lap=11, car_data rows=331
2025-12-15 11:26:30 [INFO] __main__ - [compute_lap_features_for_driver] driver=1 lap=12 KEEP, status=GREEN, duration=88.9s
2025-12-15 11:26:30 [DEBUG] __main__ - [get_openf1] GET https://api.openf1.org/v1/car_data params={'session_key': 9531, 'driver_number': 1, 'date>': '2024-06-09T18:20:24.008000+00:00', 'date<': '2024-06-09T18:21:52.890000+00:00'}
2025-12-15 11:26:30 [DEBUG] __main__ - [compute_lap_features_for_driver] driver=1 lap=12, car_data rows=331
2025-12-15 11:26:30 [INFO] __main__ - [compute_lap_features_for_driver] driver=1 lap=13 KEEP, status=GREEN, duration=88.7s
2025-12-15 11:26:30 [DEBUG] __main__ - [get_openf1] GET https://api.openf1.org/v1/car_data params={'session_key': 9531, 'driver_number': 1, 'date>': '2024-06-09T18:21:52.890000+00:00', 'date<': '2024-06-09T18:23:21.540000+00:00'}
2025-12-15 11:26:31 [DEBUG] __main__ - [compute_lap_features_for_driver] driver=1 lap=13, car_data rows=335
2025-12-15 11:26:31 [INFO] __main__ - [compute_lap_features_for_driver] driver=1 lap=14 KEEP, status=GREEN, duration=88.4s
2025-12-15 11:26:31 [DEBUG] __main__ - [get_openf1] GET https://api.openf1.org/v1/car_data params={'session_key': 9531, 'driver_number': 1, 'date>': '2024-06-09T18:23:21.540000+00:00', 'date<': '2024-06-09T18:24:49.946000+00:00'}
2025-12-15 11:26:33 [DEBUG] __main__ - [compute_lap_features_for_driver] driver=1 lap=14, car_data rows=336
2025-12-15 11:26:33 [INFO] __main__ - [compute_lap_features_for_driver] driver=1 lap=15 KEEP, status=GREEN, duration=88.7s
2025-12-15 11:26:33 [DEBUG] __main__ - [get_openf1] GET https://api.openf1.org/v1/car_data params={'session_key': 9531, 'driver_number': 1, 'date>': '2024-06-09T18:24:49.946000+00:00', 'date<': '2024-06-09T18:26:18.695000+00:00'}
2025-12-15 11:26:34 [DEBUG] __main__ - [compute_lap_features_for_driver] driver=1 lap=15, car_data rows=345
2025-12-15 11:26:34 [INFO] __main__ - [compute_lap_features_for_driver] driver=1 lap=16 KEEP, status=GREEN, duration=90.2s
2025-12-15 11:26:34 [DEBUG] __main__ - [get_openf1] GET https://api.openf1.org/v1/car_data params={'session_key': 9531, 'driver_number': 1, 'date>': '2024-06-09T18:26:18.695000+00:00', 'date<': '2024-06-09T18:27:48.904000+00:00'}
2025-12-15 11:26:34 [DEBUG] __main__ - [compute_lap_features_for_driver] driver=1 lap=16, car_data rows=349
2025-12-15 11:26:34 [INFO] __main__ - [compute_lap_features_for_driver] driver=1 lap=17 KEEP, status=GREEN, duration=87.2s
2025-12-15 11:26:34 [DEBUG] __main__ - [get_openf1] GET https://api.openf1.org/v1/car_data params={'session_key': 9531, 'driver_number': 1, 'date>': '2024-06-09T18:27:48.904000+00:00', 'date<': '2024-06-09T18:29:16.077000+00:00'}
2025-12-15 11:26:36 [DEBUG] __main__ - [compute_lap_features_for_driver] driver=1 lap=17, car_data rows=329
2025-12-15 11:26:36 [INFO] __main__ - [compute_lap_features_for_driver] driver=1 lap=18 KEEP, status=GREEN, duration=86.5s
2025-12-15 11:26:36 [DEBUG] __main__ - [get_openf1] GET https://api.openf1.org/v1/car_data params={'session_key': 9531, 'driver_number': 1, 'date>': '2024-06-09T18:29:16.077000+00:00', 'date<': '2024-06-09T18:30:42.586000+00:00'}
2025-12-15 11:26:37 [DEBUG] __main__ - [compute_lap_features_for_driver] driver=1 lap=18, car_data rows=331
2025-12-15 11:26:37 [INFO] __main__ - [compute_lap_features_for_driver] driver=1 lap=19 KEEP, status=GREEN, duration=86.0s
2025-12-15 11:26:37 [DEBUG] __main__ - [get_openf1] GET https://api.openf1.org/v1/car_data params={'session_key': 9531, 'driver_number': 1, 'date>': '2024-06-09T18:30:42.586000+00:00', 'date<': '2024-06-09T18:32:08.561000+00:00'}
2025-12-15 11:26:38 [DEBUG] __main__ - [compute_lap_features_for_driver] driver=1 lap=19, car_data rows=310
2025-12-15 11:26:38 [INFO] __main__ - [compute_lap_features_for_driver] driver=1 lap=20 KEEP, status=GREEN, duration=86.1s
2025-12-15 11:26:38 [DEBUG] __main__ - [get_openf1] GET https://api.openf1.org/v1/car_data params={'session_key': 9531, 'driver_number': 1, 'date>': '2024-06-09T18:32:08.561000+00:00', 'date<': '2024-06-09T18:33:34.710000+00:00'}
2025-12-15 11:26:39 [DEBUG] __main__ - [compute_lap_features_for_driver] driver=1 lap=20, car_data rows=322
2025-12-15 11:26:39 [INFO] __main__ - [compute_lap_features_for_driver] driver=1 lap=21 KEEP, status=GREEN, duration=86.5s
2025-12-15 11:26:39 [DEBUG] __main__ - [get_openf1] GET https://api.openf1.org/v1/car_data params={'session_key': 9531, 'driver_number': 1, 'date>': '2024-06-09T18:33:34.710000+00:00', 'date<': '2024-06-09T18:35:01.169000+00:00'}
2025-12-15 11:26:39 [DEBUG] __main__ - [compute_lap_features_for_driver] driver=1 lap=21, car_data rows=317
2025-12-15 11:26:39 [INFO] __main__ - [compute_lap_features_for_driver] driver=1 lap=22 KEEP, status=GREEN, duration=86.7s
2025-12-15 11:26:39 [DEBUG] __main__ - [get_openf1] GET https://api.openf1.org/v1/car_data params={'session_key': 9531, 'driver_number': 1, 'date>': '2024-06-09T18:35:01.169000+00:00', 'date<': '2024-06-09T18:36:27.873000+00:00'}
2025-12-15 11:26:40 [DEBUG] __main__ - [compute_lap_features_for_driver] driver=1 lap=22, car_data rows=318
2025-12-15 11:26:40 [INFO] __main__ - [compute_lap_features_for_driver] driver=1 lap=23 KEEP, status=GREEN, duration=86.6s
2025-12-15 11:26:40 [DEBUG] __main__ - [get_openf1] GET https://api.openf1.org/v1/car_data params={'session_key': 9531, 'driver_number': 1, 'date>': '2024-06-09T18:36:27.873000+00:00', 'date<': '2024-06-09T18:37:54.493000+00:00'}
2025-12-15 11:26:41 [DEBUG] __main__ - [compute_lap_features_for_driver] driver=1 lap=23, car_data rows=333
2025-12-15 11:26:41 [INFO] __main__ - [compute_lap_features_for_driver] driver=1 lap=24 KEEP, status=GREEN, duration=88.7s
2025-12-15 11:26:41 [DEBUG] __main__ - [get_openf1] GET https://api.openf1.org/v1/car_data params={'session_key': 9531, 'driver_number': 1, 'date>': '2024-06-09T18:37:54.493000+00:00', 'date<': '2024-06-09T18:39:23.227000+00:00'}
2025-12-15 11:26:41 [DEBUG] __main__ - [compute_lap_features_for_driver] driver=1 lap=24, car_data rows=335
2025-12-15 11:26:41 [INFO] __main__ - [compute_lap_features_for_driver] driver=1 lap=25 DROP (SC_LAP), status=SC;YELLOW, duration=112.2s
2025-12-15 11:26:41 [INFO] __main__ - [compute_lap_features_for_driver] driver=1 lap=26 KEEP, status=GREEN, duration=109.7s
2025-12-15 11:26:41 [DEBUG] __main__ - [get_openf1] GET https://api.openf1.org/v1/car_data params={'session_key': 9531, 'driver_number': 1, 'date>': '2024-06-09T18:41:15.442000+00:00', 'date<': '2024-06-09T18:43:05.186000+00:00'}
2025-12-15 11:26:42 [DEBUG] __main__ - [compute_lap_features_for_driver] driver=1 lap=26, car_data rows=416
2025-12-15 11:26:42 [INFO] __main__ - [compute_lap_features_for_driver] driver=1 lap=27 DROP (YELLOW_FLAG_LAP), status=YELLOW, duration=130.1s
2025-12-15 11:26:42 [INFO] __main__ - [compute_lap_features_for_driver] driver=1 lap=28 KEEP, status=GREEN, duration=128.4s
2025-12-15 11:26:42 [DEBUG] __main__ - [get_openf1] GET https://api.openf1.org/v1/car_data params={'session_key': 9531, 'driver_number': 1, 'date>': '2024-06-09T18:45:15.306000+00:00', 'date<': '2024-06-09T18:47:23.731000+00:00'}
2025-12-15 11:26:43 [DEBUG] __main__ - [compute_lap_features_for_driver] driver=1 lap=28, car_data rows=480
2025-12-15 11:26:43 [INFO] __main__ - [compute_lap_features_for_driver] driver=1 lap=29 DROP (SC_LAP), status=SC;YELLOW, duration=133.9s
2025-12-15 11:26:43 [INFO] __main__ - [compute_lap_features_for_driver] driver=1 lap=30 KEEP, status=GREEN, duration=86.2s
2025-12-15 11:26:43 [DEBUG] __main__ - [get_openf1] GET https://api.openf1.org/v1/car_data params={'session_key': 9531, 'driver_number': 1, 'date>': '2024-06-09T18:49:37.640000+00:00', 'date<': '2024-06-09T18:51:03.853000+00:00'}
2025-12-15 11:26:44 [DEBUG] __main__ - [compute_lap_features_for_driver] driver=1 lap=30, car_data rows=336
2025-12-15 11:26:44 [INFO] __main__ - [compute_lap_features_for_driver] driver=1 lap=31 KEEP, status=GREEN, duration=89.3s
2025-12-15 11:26:44 [DEBUG] __main__ - [get_openf1] GET https://api.openf1.org/v1/car_data params={'session_key': 9531, 'driver_number': 1, 'date>': '2024-06-09T18:51:03.853000+00:00', 'date<': '2024-06-09T18:52:33.123000+00:00'}
2025-12-15 11:26:44 [DEBUG] __main__ - [compute_lap_features_for_driver] driver=1 lap=31, car_data rows=331
2025-12-15 11:26:44 [INFO] __main__ - [compute_lap_features_for_driver] driver=1 lap=32 KEEP, status=GREEN, duration=90.6s
2025-12-15 11:26:44 [DEBUG] __main__ - [get_openf1] GET https://api.openf1.org/v1/car_data params={'session_key': 9531, 'driver_number': 1, 'date>': '2024-06-09T18:52:33.123000+00:00', 'date<': '2024-06-09T18:54:03.744000+00:00'}
2025-12-15 11:26:45 [DEBUG] __main__ - [compute_lap_features_for_driver] driver=1 lap=32, car_data rows=339
2025-12-15 11:26:45 [INFO] __main__ - [compute_lap_features_for_driver] driver=1 lap=33 KEEP, status=GREEN, duration=89.6s
2025-12-15 11:26:45 [DEBUG] __main__ - [get_openf1] GET https://api.openf1.org/v1/car_data params={'session_key': 9531, 'driver_number': 1, 'date>': '2024-06-09T18:54:03.744000+00:00', 'date<': '2024-06-09T18:55:33.368000+00:00'}
2025-12-15 11:26:45 [DEBUG] __main__ - [compute_lap_features_for_driver] driver=1 lap=33, car_data rows=337
2025-12-15 11:26:45 [INFO] __main__ - [compute_lap_features_for_driver] driver=1 lap=34 KEEP, status=GREEN, duration=87.7s
2025-12-15 11:26:45 [DEBUG] __main__ - [get_openf1] GET https://api.openf1.org/v1/car_data params={'session_key': 9531, 'driver_number': 1, 'date>': '2024-06-09T18:55:33.368000+00:00', 'date<': '2024-06-09T18:57:01.052000+00:00'}
2025-12-15 11:26:46 [DEBUG] __main__ - [compute_lap_features_for_driver] driver=1 lap=34, car_data rows=333
2025-12-15 11:26:46 [INFO] __main__ - [compute_lap_features_for_driver] driver=1 lap=35 KEEP, status=GREEN, duration=86.8s
2025-12-15 11:26:46 [DEBUG] __main__ - [get_openf1] GET https://api.openf1.org/v1/car_data params={'session_key': 9531, 'driver_number': 1, 'date>': '2024-06-09T18:57:01.052000+00:00', 'date<': '2024-06-09T18:58:27.845000+00:00'}
2025-12-15 11:26:46 [DEBUG] __main__ - [compute_lap_features_for_driver] driver=1 lap=35, car_data rows=316
2025-12-15 11:26:46 [INFO] __main__ - [compute_lap_features_for_driver] driver=1 lap=36 KEEP, status=GREEN, duration=86.3s
2025-12-15 11:26:46 [DEBUG] __main__ - [get_openf1] GET https://api.openf1.org/v1/car_data params={'session_key': 9531, 'driver_number': 1, 'date>': '2024-06-09T18:58:27.845000+00:00', 'date<': '2024-06-09T18:59:54.177000+00:00'}
2025-12-15 11:26:47 [DEBUG] __main__ - [compute_lap_features_for_driver] driver=1 lap=36, car_data rows=326
2025-12-15 11:26:47 [INFO] __main__ - [compute_lap_features_for_driver] driver=1 lap=37 KEEP, status=GREEN, duration=85.7s
2025-12-15 11:26:47 [DEBUG] __main__ - [get_openf1] GET https://api.openf1.org/v1/car_data params={'session_key': 9531, 'driver_number': 1, 'date>': '2024-06-09T18:59:54.177000+00:00', 'date<': '2024-06-09T19:01:19.881000+00:00'}
2025-12-15 11:26:48 [DEBUG] __main__ - [compute_lap_features_for_driver] driver=1 lap=37, car_data rows=322
2025-12-15 11:26:48 [INFO] __main__ - [compute_lap_features_for_driver] driver=1 lap=38 KEEP, status=GREEN, duration=85.3s
2025-12-15 11:26:48 [DEBUG] __main__ - [get_openf1] GET https://api.openf1.org/v1/car_data params={'session_key': 9531, 'driver_number': 1, 'date>': '2024-06-09T19:01:19.881000+00:00', 'date<': '2024-06-09T19:02:45.201000+00:00'}
2025-12-15 11:26:48 [DEBUG] __main__ - [compute_lap_features_for_driver] driver=1 lap=38, car_data rows=319
2025-12-15 11:26:48 [INFO] __main__ - [compute_lap_features_for_driver] driver=1 lap=39 KEEP, status=GREEN, duration=84.9s
2025-12-15 11:26:48 [DEBUG] __main__ - [get_openf1] GET https://api.openf1.org/v1/car_data params={'session_key': 9531, 'driver_number': 1, 'date>': '2024-06-09T19:02:45.201000+00:00', 'date<': '2024-06-09T19:04:10.088000+00:00'}
2025-12-15 11:26:49 [DEBUG] __main__ - [compute_lap_features_for_driver] driver=1 lap=39, car_data rows=323
2025-12-15 11:26:49 [INFO] __main__ - [compute_lap_features_for_driver] driver=1 lap=40 KEEP, status=GREEN, duration=84.8s
2025-12-15 11:26:49 [DEBUG] __main__ - [get_openf1] GET https://api.openf1.org/v1/car_data params={'session_key': 9531, 'driver_number': 1, 'date>': '2024-06-09T19:04:10.088000+00:00', 'date<': '2024-06-09T19:05:34.857000+00:00'}
2025-12-15 11:26:50 [DEBUG] __main__ - [compute_lap_features_for_driver] driver=1 lap=40, car_data rows=334
2025-12-15 11:26:50 [INFO] __main__ - [compute_lap_features_for_driver] driver=1 lap=41 DROP (YELLOW_FLAG_LAP), status=YELLOW, duration=84.1s
2025-12-15 11:26:50 [INFO] __main__ - [compute_lap_features_for_driver] driver=1 lap=42 KEEP, status=GREEN, duration=84.1s
2025-12-15 11:26:50 [DEBUG] __main__ - [get_openf1] GET https://api.openf1.org/v1/car_data params={'session_key': 9531, 'driver_number': 1, 'date>': '2024-06-09T19:06:58.957000+00:00', 'date<': '2024-06-09T19:08:23.086000+00:00'}
2025-12-15 11:26:51 [DEBUG] __main__ - [compute_lap_features_for_driver] driver=1 lap=42, car_data rows=310
2025-12-15 11:26:51 [INFO] __main__ - [compute_lap_features_for_driver] driver=1 lap=43 KEEP, status=GREEN, duration=84.3s
2025-12-15 11:26:51 [DEBUG] __main__ - [get_openf1] GET https://api.openf1.org/v1/car_data params={'session_key': 9531, 'driver_number': 1, 'date>': '2024-06-09T19:08:23.086000+00:00', 'date<': '2024-06-09T19:09:47.367000+00:00'}
2025-12-15 11:26:51 [DEBUG] __main__ - [compute_lap_features_for_driver] driver=1 lap=43, car_data rows=313
2025-12-15 11:26:51 [INFO] __main__ - [compute_lap_features_for_driver] driver=1 lap=44 KEEP, status=GREEN, duration=84.3s
2025-12-15 11:26:51 [DEBUG] __main__ - [get_openf1] GET https://api.openf1.org/v1/car_data params={'session_key': 9531, 'driver_number': 1, 'date>': '2024-06-09T19:09:47.367000+00:00', 'date<': '2024-06-09T19:11:11.712000+00:00'}
2025-12-15 11:26:52 [DEBUG] __main__ - [compute_lap_features_for_driver] driver=1 lap=44, car_data rows=301
2025-12-15 11:26:52 [INFO] __main__ - [compute_lap_features_for_driver] driver=1 lap=45 KEEP, status=GREEN, duration=100.6s
2025-12-15 11:26:52 [DEBUG] __main__ - [get_openf1] GET https://api.openf1.org/v1/car_data params={'session_key': 9531, 'driver_number': 1, 'date>': '2024-06-09T19:11:11.712000+00:00', 'date<': '2024-06-09T19:12:52.285000+00:00'}
2025-12-15 11:26:53 [DEBUG] __main__ - [compute_lap_features_for_driver] driver=1 lap=45, car_data rows=372
2025-12-15 11:26:53 [INFO] __main__ - [compute_lap_features_for_driver] driver=1 lap=46 KEEP, status=GREEN, duration=90.9s
2025-12-15 11:26:53 [DEBUG] __main__ - [get_openf1] GET https://api.openf1.org/v1/car_data params={'session_key': 9531, 'driver_number': 1, 'date>': '2024-06-09T19:12:52.285000+00:00', 'date<': '2024-06-09T19:14:23.203000+00:00'}
2025-12-15 11:26:53 [DEBUG] __main__ - [compute_lap_features_for_driver] driver=1 lap=46, car_data rows=340
2025-12-15 11:26:53 [INFO] __main__ - [compute_lap_features_for_driver] driver=1 lap=47 KEEP, status=GREEN, duration=82.9s
2025-12-15 11:26:53 [DEBUG] __main__ - [get_openf1] GET https://api.openf1.org/v1/car_data params={'session_key': 9531, 'driver_number': 1, 'date>': '2024-06-09T19:14:23.203000+00:00', 'date<': '2024-06-09T19:15:46.060000+00:00'}
2025-12-15 11:26:54 [DEBUG] __main__ - [compute_lap_features_for_driver] driver=1 lap=47, car_data rows=294
2025-12-15 11:26:54 [INFO] __main__ - [compute_lap_features_for_driver] driver=1 lap=48 KEEP, status=GREEN, duration=80.6s
2025-12-15 11:26:54 [DEBUG] __main__ - [get_openf1] GET https://api.openf1.org/v1/car_data params={'session_key': 9531, 'driver_number': 1, 'date>': '2024-06-09T19:15:46.060000+00:00', 'date<': '2024-06-09T19:17:06.644000+00:00'}
2025-12-15 11:26:55 [DEBUG] __main__ - [compute_lap_features_for_driver] driver=1 lap=48, car_data rows=296
2025-12-15 11:26:55 [INFO] __main__ - [compute_lap_features_for_driver] driver=1 lap=49 DROP (YELLOW_FLAG_LAP), status=YELLOW, duration=79.4s
2025-12-15 11:26:55 [INFO] __main__ - [compute_lap_features_for_driver] driver=1 lap=50 KEEP, status=GREEN, duration=78.5s
2025-12-15 11:26:55 [DEBUG] __main__ - [get_openf1] GET https://api.openf1.org/v1/car_data params={'session_key': 9531, 'driver_number': 1, 'date>': '2024-06-09T19:18:26.089000+00:00', 'date<': '2024-06-09T19:19:44.603000+00:00'}
2025-12-15 11:26:56 [DEBUG] __main__ - [compute_lap_features_for_driver] driver=1 lap=50, car_data rows=293
2025-12-15 11:26:56 [INFO] __main__ - [compute_lap_features_for_driver] driver=1 lap=51 KEEP, status=GREEN, duration=78.1s
2025-12-15 11:26:56 [DEBUG] __main__ - [get_openf1] GET https://api.openf1.org/v1/car_data params={'session_key': 9531, 'driver_number': 1, 'date>': '2024-06-09T19:19:44.603000+00:00', 'date<': '2024-06-09T19:21:02.720000+00:00'}
2025-12-15 11:26:56 [DEBUG] __main__ - [compute_lap_features_for_driver] driver=1 lap=51, car_data rows=290
2025-12-15 11:26:56 [INFO] __main__ - [compute_lap_features_for_driver] driver=1 lap=52 DROP (YELLOW_FLAG_LAP), status=YELLOW, duration=77.9s
2025-12-15 11:26:56 [INFO] __main__ - [compute_lap_features_for_driver] driver=1 lap=53 DROP (YELLOW_FLAG_LAP), status=YELLOW, duration=77.2s
2025-12-15 11:26:56 [INFO] __main__ - [compute_lap_features_for_driver] driver=1 lap=54 DROP (SC_LAP), status=SC;YELLOW, duration=99.9s
2025-12-15 11:26:56 [INFO] __main__ - [compute_lap_features_for_driver] driver=1 lap=55 KEEP, status=GREEN, duration=130.8s
2025-12-15 11:26:56 [DEBUG] __main__ - [get_openf1] GET https://api.openf1.org/v1/car_data params={'session_key': 9531, 'driver_number': 1, 'date>': '2024-06-09T19:25:17.691000+00:00', 'date<': '2024-06-09T19:27:28.508000+00:00'}
2025-12-15 11:26:57 [DEBUG] __main__ - [compute_lap_features_for_driver] driver=1 lap=55, car_data rows=488
2025-12-15 11:26:57 [INFO] __main__ - [compute_lap_features_for_driver] driver=1 lap=56 KEEP, status=GREEN, duration=124.0s
2025-12-15 11:26:57 [DEBUG] __main__ - [get_openf1] GET https://api.openf1.org/v1/car_data params={'session_key': 9531, 'driver_number': 1, 'date>': '2024-06-09T19:27:28.508000+00:00', 'date<': '2024-06-09T19:29:32.528000+00:00'}
2025-12-15 11:26:58 [DEBUG] __main__ - [compute_lap_features_for_driver] driver=1 lap=56, car_data rows=484
2025-12-15 11:26:58 [INFO] __main__ - [compute_lap_features_for_driver] driver=1 lap=57 DROP (SC_LAP), status=SC, duration=116.7s
2025-12-15 11:26:58 [INFO] __main__ - [compute_lap_features_for_driver] driver=1 lap=58 DROP (SC_LAP), status=SC, duration=135.4s
2025-12-15 11:26:58 [INFO] __main__ - [compute_lap_features_for_driver] driver=1 lap=59 KEEP, status=GREEN, duration=78.5s
2025-12-15 11:26:58 [DEBUG] __main__ - [get_openf1] GET https://api.openf1.org/v1/car_data params={'session_key': 9531, 'driver_number': 1, 'date>': '2024-06-09T19:33:44.596000+00:00', 'date<': '2024-06-09T19:35:03.049000+00:00'}
2025-12-15 11:26:58 [DEBUG] __main__ - [compute_lap_features_for_driver] driver=1 lap=59, car_data rows=299
2025-12-15 11:26:58 [INFO] __main__ - [compute_lap_features_for_driver] driver=1 lap=60 KEEP, status=GREEN, duration=77.4s
2025-12-15 11:26:58 [DEBUG] __main__ - [get_openf1] GET https://api.openf1.org/v1/car_data params={'session_key': 9531, 'driver_number': 1, 'date>': '2024-06-09T19:35:03.049000+00:00', 'date<': '2024-06-09T19:36:20.459000+00:00'}
2025-12-15 11:26:59 [DEBUG] __main__ - [compute_lap_features_for_driver] driver=1 lap=60, car_data rows=286
2025-12-15 11:26:59 [INFO] __main__ - [compute_lap_features_for_driver] driver=1 lap=61 KEEP, status=GREEN, duration=76.8s
2025-12-15 11:26:59 [DEBUG] __main__ - [get_openf1] GET https://api.openf1.org/v1/car_data params={'session_key': 9531, 'driver_number': 1, 'date>': '2024-06-09T19:36:20.459000+00:00', 'date<': '2024-06-09T19:37:37.227000+00:00'}
2025-12-15 11:27:00 [DEBUG] __main__ - [compute_lap_features_for_driver] driver=1 lap=61, car_data rows=289
2025-12-15 11:27:00 [INFO] __main__ - [compute_lap_features_for_driver] driver=1 lap=62 KEEP, status=GREEN, duration=76.3s
2025-12-15 11:27:00 [DEBUG] __main__ - [get_openf1] GET https://api.openf1.org/v1/car_data params={'session_key': 9531, 'driver_number': 1, 'date>': '2024-06-09T19:37:37.227000+00:00', 'date<': '2024-06-09T19:38:53.545000+00:00'}
2025-12-15 11:27:00 [DEBUG] __main__ - [compute_lap_features_for_driver] driver=1 lap=62, car_data rows=281
2025-12-15 11:27:00 [INFO] __main__ - [compute_lap_features_for_driver] driver=1 lap=63 KEEP, status=GREEN, duration=75.8s
2025-12-15 11:27:00 [DEBUG] __main__ - [get_openf1] GET https://api.openf1.org/v1/car_data params={'session_key': 9531, 'driver_number': 1, 'date>': '2024-06-09T19:38:53.545000+00:00', 'date<': '2024-06-09T19:40:09.392000+00:00'}
2025-12-15 11:27:01 [DEBUG] __main__ - [compute_lap_features_for_driver] driver=1 lap=63, car_data rows=289
2025-12-15 11:27:01 [INFO] __main__ - [compute_lap_features_for_driver] driver=1 lap=64 KEEP, status=GREEN, duration=75.9s
2025-12-15 11:27:01 [DEBUG] __main__ - [get_openf1] GET https://api.openf1.org/v1/car_data params={'session_key': 9531, 'driver_number': 1, 'date>': '2024-06-09T19:40:09.392000+00:00', 'date<': '2024-06-09T19:41:25.280000+00:00'}
2025-12-15 11:27:01 [DEBUG] __main__ - [compute_lap_features_for_driver] driver=1 lap=64, car_data rows=288
2025-12-15 11:27:01 [INFO] __main__ - [compute_lap_features_for_driver] driver=1 lap=65 KEEP, status=GREEN, duration=75.8s
2025-12-15 11:27:01 [DEBUG] __main__ - [get_openf1] GET https://api.openf1.org/v1/car_data params={'session_key': 9531, 'driver_number': 1, 'date>': '2024-06-09T19:41:25.280000+00:00', 'date<': '2024-06-09T19:42:41.105000+00:00'}
2025-12-15 11:27:02 [DEBUG] __main__ - [compute_lap_features_for_driver] driver=1 lap=65, car_data rows=287
2025-12-15 11:27:02 [INFO] __main__ - [compute_lap_features_for_driver] driver=1 lap=66 DROP (YELLOW_FLAG_LAP), status=YELLOW, duration=75.9s
2025-12-15 11:27:02 [INFO] __main__ - [compute_lap_features_for_driver] driver=1 lap=67 KEEP, status=GREEN, duration=75.8s
2025-12-15 11:27:02 [DEBUG] __main__ - [get_openf1] GET https://api.openf1.org/v1/car_data params={'session_key': 9531, 'driver_number': 1, 'date>': '2024-06-09T19:43:56.977000+00:00', 'date<': '2024-06-09T19:45:12.784000+00:00'}
2025-12-15 11:27:02 [DEBUG] __main__ - [compute_lap_features_for_driver] driver=1 lap=67, car_data rows=288
2025-12-15 11:27:02 [INFO] __main__ - [compute_lap_features_for_driver] driver=1 lap=68 KEEP, status=GREEN, duration=75.7s
2025-12-15 11:27:02 [DEBUG] __main__ - [get_openf1] GET https://api.openf1.org/v1/car_data params={'session_key': 9531, 'driver_number': 1, 'date>': '2024-06-09T19:45:12.784000+00:00', 'date<': '2024-06-09T19:46:28.475000+00:00'}
2025-12-15 11:27:03 [DEBUG] __main__ - [compute_lap_features_for_driver] driver=1 lap=68, car_data rows=284
2025-12-15 11:27:03 [INFO] __main__ - [compute_lap_features_for_driver] driver=1 lap=69 KEEP, status=GREEN, duration=76.0s
2025-12-15 11:27:03 [DEBUG] __main__ - [get_openf1] GET https://api.openf1.org/v1/car_data params={'session_key': 9531, 'driver_number': 1, 'date>': '2024-06-09T19:46:28.475000+00:00', 'date<': '2024-06-09T19:47:44.458000+00:00'}
2025-12-15 11:27:03 [DEBUG] __main__ - [compute_lap_features_for_driver] driver=1 lap=69, car_data rows=284
2025-12-15 11:27:03 [INFO] __main__ - [compute_lap_features_for_driver] driver=1 lap=70 DROP (CHEQUERED_FLAG_LAP), status=RED_FLAG;CHEQUERED, duration=nans
2025-12-15 11:27:03 [INFO] __main__ - [compute_lap_features_for_driver] driver=1, feature laps=[2, 3, 4, 5, 7, 8, 9, 10, 11, 12, 13, 14, 15, 16, 17, 18, 19, 20, 21, 22, 23, 24, 26, 28, 30, 31, 32, 33, 34, 35, 36, 37, 38, 39, 40, 42, 43, 44, 45, 46, 47, 48, 50, 51, 55, 56, 59, 60, 61, 62, 63, 64, 65, 67, 68, 69]
2025-12-15 11:27:03 [INFO] __main__ - [build_driver_style_embedding_json] compute features for driver=11
2025-12-15 11:27:03 [DEBUG] __main__ - [get_openf1] GET https://api.openf1.org/v1/laps params={'session_key': 9531, 'driver_number': 11}
2025-12-15 11:27:04 [DEBUG] __main__ - [get_openf1] GET https://api.openf1.org/v1/sessions params={'session_key': 9531}
2025-12-15 11:27:05 [INFO] __main__ - [fetch_session_start] session_key=9531, date_start=2024-06-09 18:00:00+00:00
2025-12-15 11:27:05 [INFO] __main__ - [fetch_race_start_time] use first GREEN as race_start: 2024-06-09 18:03:12+00:00
2025-12-15 11:27:05 [INFO] __main__ - [fetch_laps] fill lap 1 date_start with race_start=2024-06-09 18:03:12+00:00
2025-12-15 11:27:05 [INFO] __main__ - [fetch_laps] driver=11, laps: min=1, max=52, count=52
2025-12-15 11:27:05 [DEBUG] __main__ - [fetch_laps] head:
   meeting_key  session_key  ...  st_speed  lap_duration_s
0         1237         9531  ...       203         120.048
1         1237         9531  ...       244         102.824
2         1237         9531  ...       303         100.101
3         1237         9531  ...       279          99.399
4         1237         9531  ...       288          98.480

[5 rows x 17 columns]
2025-12-15 11:27:05 [DEBUG] __main__ - [build_lap_status_mapping] status_by_lap={1: 'YELLOW', 2: 'GREEN', 3: 'GREEN', 4: 'GREEN', 5: 'GREEN', 6: 'YELLOW', 7: 'GREEN', 8: 'GREEN', 9: 'GREEN', 10: 'GREEN', 11: 'GREEN', 12: 'GREEN', 13: 'GREEN', 14: 'GREEN', 15: 'GREEN', 16: 'GREEN', 17: 'GREEN', 18: 'GREEN', 19: 'GREEN', 20: 'GREEN', 21: 'GREEN', 22: 'GREEN', 23: 'GREEN', 24: 'YELLOW', 25: 'SC', 26: 'GREEN', 27: 'YELLOW', 28: 'SC;YELLOW', 29: 'YELLOW', 30: 'GREEN', 31: 'GREEN', 32: 'GREEN', 33: 'GREEN', 34: 'GREEN', 35: 'GREEN', 36: 'GREEN', 37: 'GREEN', 38: 'GREEN', 39: 'GREEN', 40: 'GREEN', 41: 'YELLOW', 42: 'GREEN', 43: 'GREEN', 44: 'GREEN', 45: 'GREEN', 46: 'GREEN', 47: 'GREEN', 48: 'GREEN', 49: 'YELLOW', 50: 'GREEN', 51: 'GREEN', 52: 'SC;YELLOW;RED_FLAG;CHEQUERED'}
2025-12-15 11:27:05 [INFO] __main__ - [compute_lap_features_for_driver] driver=11, typical_duration_s=89.4465
2025-12-15 11:27:05 [INFO] __main__ - [compute_lap_features_for_driver] driver=11 lap=1 DROP (YELLOW_FLAG_LAP), status=YELLOW, duration=120.0s
2025-12-15 11:27:05 [INFO] __main__ - [compute_lap_features_for_driver] driver=11 lap=2 KEEP, status=GREEN, duration=102.8s
2025-12-15 11:27:05 [DEBUG] __main__ - [get_openf1] GET https://api.openf1.org/v1/car_data params={'session_key': 9531, 'driver_number': 11, 'date>': '2024-06-09T18:05:12.048000+00:00', 'date<': '2024-06-09T18:06:54.872000+00:00'}
2025-12-15 11:27:06 [DEBUG] __main__ - [compute_lap_features_for_driver] driver=11 lap=2, car_data rows=387
2025-12-15 11:27:06 [INFO] __main__ - [compute_lap_features_for_driver] driver=11 lap=3 KEEP, status=GREEN, duration=100.1s
2025-12-15 11:27:06 [DEBUG] __main__ - [get_openf1] GET https://api.openf1.org/v1/car_data params={'session_key': 9531, 'driver_number': 11, 'date>': '2024-06-09T18:06:54.872000+00:00', 'date<': '2024-06-09T18:08:34.973000+00:00'}
2025-12-15 11:27:07 [DEBUG] __main__ - [compute_lap_features_for_driver] driver=11 lap=3, car_data rows=369
2025-12-15 11:27:07 [INFO] __main__ - [compute_lap_features_for_driver] driver=11 lap=4 KEEP, status=GREEN, duration=99.4s
2025-12-15 11:27:07 [DEBUG] __main__ - [get_openf1] GET https://api.openf1.org/v1/car_data params={'session_key': 9531, 'driver_number': 11, 'date>': '2024-06-09T18:08:34.973000+00:00', 'date<': '2024-06-09T18:10:14.372000+00:00'}
2025-12-15 11:27:07 [DEBUG] __main__ - [compute_lap_features_for_driver] driver=11 lap=4, car_data rows=368
2025-12-15 11:27:07 [INFO] __main__ - [compute_lap_features_for_driver] driver=11 lap=5 KEEP, status=GREEN, duration=98.5s
2025-12-15 11:27:07 [DEBUG] __main__ - [get_openf1] GET https://api.openf1.org/v1/car_data params={'session_key': 9531, 'driver_number': 11, 'date>': '2024-06-09T18:10:14.372000+00:00', 'date<': '2024-06-09T18:11:52.852000+00:00'}
2025-12-15 11:27:08 [DEBUG] __main__ - [compute_lap_features_for_driver] driver=11 lap=5, car_data rows=369
2025-12-15 11:27:08 [INFO] __main__ - [compute_lap_features_for_driver] driver=11 lap=6 DROP (YELLOW_FLAG_LAP), status=YELLOW, duration=96.4s
2025-12-15 11:27:08 [INFO] __main__ - [compute_lap_features_for_driver] driver=11 lap=7 KEEP, status=GREEN, duration=94.1s
2025-12-15 11:27:08 [DEBUG] __main__ - [get_openf1] GET https://api.openf1.org/v1/car_data params={'session_key': 9531, 'driver_number': 11, 'date>': '2024-06-09T18:13:29.247000+00:00', 'date<': '2024-06-09T18:15:03.360000+00:00'}
2025-12-15 11:27:09 [DEBUG] __main__ - [compute_lap_features_for_driver] driver=11 lap=7, car_data rows=344
2025-12-15 11:27:09 [INFO] __main__ - [compute_lap_features_for_driver] driver=11 lap=8 KEEP, status=GREEN, duration=93.2s
2025-12-15 11:27:09 [DEBUG] __main__ - [get_openf1] GET https://api.openf1.org/v1/car_data params={'session_key': 9531, 'driver_number': 11, 'date>': '2024-06-09T18:15:03.360000+00:00', 'date<': '2024-06-09T18:16:36.529000+00:00'}
2025-12-15 11:27:10 [DEBUG] __main__ - [compute_lap_features_for_driver] driver=11 lap=8, car_data rows=338
2025-12-15 11:27:10 [INFO] __main__ - [compute_lap_features_for_driver] driver=11 lap=9 KEEP, status=GREEN, duration=93.1s
2025-12-15 11:27:10 [DEBUG] __main__ - [get_openf1] GET https://api.openf1.org/v1/car_data params={'session_key': 9531, 'driver_number': 11, 'date>': '2024-06-09T18:16:36.529000+00:00', 'date<': '2024-06-09T18:18:09.640000+00:00'}
2025-12-15 11:27:10 [DEBUG] __main__ - [compute_lap_features_for_driver] driver=11 lap=9, car_data rows=350
2025-12-15 11:27:10 [INFO] __main__ - [compute_lap_features_for_driver] driver=11 lap=10 KEEP, status=GREEN, duration=91.2s
2025-12-15 11:27:10 [DEBUG] __main__ - [get_openf1] GET https://api.openf1.org/v1/car_data params={'session_key': 9531, 'driver_number': 11, 'date>': '2024-06-09T18:18:09.640000+00:00', 'date<': '2024-06-09T18:19:40.888000+00:00'}
2025-12-15 11:27:11 [DEBUG] __main__ - [compute_lap_features_for_driver] driver=11 lap=10, car_data rows=337
2025-12-15 11:27:11 [INFO] __main__ - [compute_lap_features_for_driver] driver=11 lap=11 KEEP, status=GREEN, duration=92.2s
2025-12-15 11:27:11 [DEBUG] __main__ - [get_openf1] GET https://api.openf1.org/v1/car_data params={'session_key': 9531, 'driver_number': 11, 'date>': '2024-06-09T18:19:40.888000+00:00', 'date<': '2024-06-09T18:21:13.138000+00:00'}
2025-12-15 11:27:12 [DEBUG] __main__ - [compute_lap_features_for_driver] driver=11 lap=11, car_data rows=347
2025-12-15 11:27:12 [INFO] __main__ - [compute_lap_features_for_driver] driver=11 lap=12 KEEP, status=GREEN, duration=91.1s
2025-12-15 11:27:12 [DEBUG] __main__ - [get_openf1] GET https://api.openf1.org/v1/car_data params={'session_key': 9531, 'driver_number': 11, 'date>': '2024-06-09T18:21:13.138000+00:00', 'date<': '2024-06-09T18:22:44.213000+00:00'}
2025-12-15 11:27:13 [DEBUG] __main__ - [compute_lap_features_for_driver] driver=11 lap=12, car_data rows=334
2025-12-15 11:27:13 [INFO] __main__ - [compute_lap_features_for_driver] driver=11 lap=13 KEEP, status=GREEN, duration=90.9s
2025-12-15 11:27:13 [DEBUG] __main__ - [get_openf1] GET https://api.openf1.org/v1/car_data params={'session_key': 9531, 'driver_number': 11, 'date>': '2024-06-09T18:22:44.213000+00:00', 'date<': '2024-06-09T18:24:15.101000+00:00'}
2025-12-15 11:27:13 [DEBUG] __main__ - [compute_lap_features_for_driver] driver=11 lap=13, car_data rows=351
2025-12-15 11:27:13 [INFO] __main__ - [compute_lap_features_for_driver] driver=11 lap=14 KEEP, status=GREEN, duration=90.5s
2025-12-15 11:27:13 [DEBUG] __main__ - [get_openf1] GET https://api.openf1.org/v1/car_data params={'session_key': 9531, 'driver_number': 11, 'date>': '2024-06-09T18:24:15.101000+00:00', 'date<': '2024-06-09T18:25:45.589000+00:00'}
2025-12-15 11:27:14 [DEBUG] __main__ - [compute_lap_features_for_driver] driver=11 lap=14, car_data rows=352
2025-12-15 11:27:14 [INFO] __main__ - [compute_lap_features_for_driver] driver=11 lap=15 KEEP, status=GREEN, duration=89.6s
2025-12-15 11:27:14 [DEBUG] __main__ - [get_openf1] GET https://api.openf1.org/v1/car_data params={'session_key': 9531, 'driver_number': 11, 'date>': '2024-06-09T18:25:45.589000+00:00', 'date<': '2024-06-09T18:27:15.209000+00:00'}
2025-12-15 11:27:15 [DEBUG] __main__ - [compute_lap_features_for_driver] driver=11 lap=15, car_data rows=343
2025-12-15 11:27:15 [INFO] __main__ - [compute_lap_features_for_driver] driver=11 lap=16 KEEP, status=GREEN, duration=88.5s
2025-12-15 11:27:15 [DEBUG] __main__ - [get_openf1] GET https://api.openf1.org/v1/car_data params={'session_key': 9531, 'driver_number': 11, 'date>': '2024-06-09T18:27:15.209000+00:00', 'date<': '2024-06-09T18:28:43.713000+00:00'}
2025-12-15 11:27:16 [DEBUG] __main__ - [compute_lap_features_for_driver] driver=11 lap=16, car_data rows=337
2025-12-15 11:27:16 [INFO] __main__ - [compute_lap_features_for_driver] driver=11 lap=17 KEEP, status=GREEN, duration=88.7s
2025-12-15 11:27:16 [DEBUG] __main__ - [get_openf1] GET https://api.openf1.org/v1/car_data params={'session_key': 9531, 'driver_number': 11, 'date>': '2024-06-09T18:28:43.713000+00:00', 'date<': '2024-06-09T18:30:12.455000+00:00'}
2025-12-15 11:27:17 [DEBUG] __main__ - [compute_lap_features_for_driver] driver=11 lap=17, car_data rows=337
2025-12-15 11:27:17 [INFO] __main__ - [compute_lap_features_for_driver] driver=11 lap=18 KEEP, status=GREEN, duration=87.6s
2025-12-15 11:27:17 [DEBUG] __main__ - [get_openf1] GET https://api.openf1.org/v1/car_data params={'session_key': 9531, 'driver_number': 11, 'date>': '2024-06-09T18:30:12.455000+00:00', 'date<': '2024-06-09T18:31:40.046000+00:00'}
2025-12-15 11:27:17 [DEBUG] __main__ - [compute_lap_features_for_driver] driver=11 lap=18, car_data rows=320
2025-12-15 11:27:17 [INFO] __main__ - [compute_lap_features_for_driver] driver=11 lap=19 KEEP, status=GREEN, duration=87.1s
2025-12-15 11:27:17 [DEBUG] __main__ - [get_openf1] GET https://api.openf1.org/v1/car_data params={'session_key': 9531, 'driver_number': 11, 'date>': '2024-06-09T18:31:40.046000+00:00', 'date<': '2024-06-09T18:33:07.140000+00:00'}
2025-12-15 11:27:18 [DEBUG] __main__ - [compute_lap_features_for_driver] driver=11 lap=19, car_data rows=327
2025-12-15 11:27:18 [INFO] __main__ - [compute_lap_features_for_driver] driver=11 lap=20 KEEP, status=GREEN, duration=88.0s
2025-12-15 11:27:18 [DEBUG] __main__ - [get_openf1] GET https://api.openf1.org/v1/car_data params={'session_key': 9531, 'driver_number': 11, 'date>': '2024-06-09T18:33:07.140000+00:00', 'date<': '2024-06-09T18:34:35.114000+00:00'}
2025-12-15 11:27:19 [DEBUG] __main__ - [compute_lap_features_for_driver] driver=11 lap=20, car_data rows=323
2025-12-15 11:27:19 [INFO] __main__ - [compute_lap_features_for_driver] driver=11 lap=21 KEEP, status=GREEN, duration=91.4s
2025-12-15 11:27:19 [DEBUG] __main__ - [get_openf1] GET https://api.openf1.org/v1/car_data params={'session_key': 9531, 'driver_number': 11, 'date>': '2024-06-09T18:34:35.114000+00:00', 'date<': '2024-06-09T18:36:06.503000+00:00'}
2025-12-15 11:27:19 [DEBUG] __main__ - [compute_lap_features_for_driver] driver=11 lap=21, car_data rows=333
2025-12-15 11:27:19 [INFO] __main__ - [compute_lap_features_for_driver] driver=11 lap=22 KEEP, status=GREEN, duration=86.2s
2025-12-15 11:27:19 [DEBUG] __main__ - [get_openf1] GET https://api.openf1.org/v1/car_data params={'session_key': 9531, 'driver_number': 11, 'date>': '2024-06-09T18:36:06.503000+00:00', 'date<': '2024-06-09T18:37:32.739000+00:00'}
2025-12-15 11:27:20 [DEBUG] __main__ - [compute_lap_features_for_driver] driver=11 lap=22, car_data rows=330
2025-12-15 11:27:20 [INFO] __main__ - [compute_lap_features_for_driver] driver=11 lap=23 KEEP, status=GREEN, duration=86.3s
2025-12-15 11:27:20 [DEBUG] __main__ - [get_openf1] GET https://api.openf1.org/v1/car_data params={'session_key': 9531, 'driver_number': 11, 'date>': '2024-06-09T18:37:32.739000+00:00', 'date<': '2024-06-09T18:38:59.080000+00:00'}
2025-12-15 11:27:21 [DEBUG] __main__ - [compute_lap_features_for_driver] driver=11 lap=23, car_data rows=325
2025-12-15 11:27:21 [INFO] __main__ - [compute_lap_features_for_driver] driver=11 lap=24 DROP (YELLOW_FLAG_LAP), status=YELLOW, duration=86.7s
2025-12-15 11:27:21 [INFO] __main__ - [compute_lap_features_for_driver] driver=11 lap=25 DROP (SC_LAP), status=SC, duration=136.4s
2025-12-15 11:27:21 [INFO] __main__ - [compute_lap_features_for_driver] driver=11 lap=26 KEEP, status=GREEN, duration=112.1s
2025-12-15 11:27:21 [DEBUG] __main__ - [get_openf1] GET https://api.openf1.org/v1/car_data params={'session_key': 9531, 'driver_number': 11, 'date>': '2024-06-09T18:42:42.183000+00:00', 'date<': '2024-06-09T18:44:34.256000+00:00'}
2025-12-15 11:27:22 [DEBUG] __main__ - [compute_lap_features_for_driver] driver=11 lap=26, car_data rows=421
2025-12-15 11:27:22 [INFO] __main__ - [compute_lap_features_for_driver] driver=11 lap=27 DROP (YELLOW_FLAG_LAP), status=YELLOW, duration=94.5s
2025-12-15 11:27:22 [INFO] __main__ - [compute_lap_features_for_driver] driver=11 lap=28 DROP (SC_LAP), status=SC;YELLOW, duration=101.6s
2025-12-15 11:27:22 [INFO] __main__ - [compute_lap_features_for_driver] driver=11 lap=29 DROP (YELLOW_FLAG_LAP), status=YELLOW, duration=115.8s
2025-12-15 11:27:22 [INFO] __main__ - [compute_lap_features_for_driver] driver=11 lap=30 KEEP, status=GREEN, duration=89.3s
2025-12-15 11:27:22 [DEBUG] __main__ - [get_openf1] GET https://api.openf1.org/v1/car_data params={'session_key': 9531, 'driver_number': 11, 'date>': '2024-06-09T18:49:46.161000+00:00', 'date<': '2024-06-09T18:51:15.434000+00:00'}
2025-12-15 11:27:22 [DEBUG] __main__ - [compute_lap_features_for_driver] driver=11 lap=30, car_data rows=343
2025-12-15 11:27:22 [INFO] __main__ - [compute_lap_features_for_driver] driver=11 lap=31 KEEP, status=GREEN, duration=93.7s
2025-12-15 11:27:22 [DEBUG] __main__ - [get_openf1] GET https://api.openf1.org/v1/car_data params={'session_key': 9531, 'driver_number': 11, 'date>': '2024-06-09T18:51:15.434000+00:00', 'date<': '2024-06-09T18:52:49.174000+00:00'}
2025-12-15 11:27:23 [DEBUG] __main__ - [compute_lap_features_for_driver] driver=11 lap=31, car_data rows=347
2025-12-15 11:27:23 [INFO] __main__ - [compute_lap_features_for_driver] driver=11 lap=32 KEEP, status=GREEN, duration=92.5s
2025-12-15 11:27:23 [DEBUG] __main__ - [get_openf1] GET https://api.openf1.org/v1/car_data params={'session_key': 9531, 'driver_number': 11, 'date>': '2024-06-09T18:52:49.174000+00:00', 'date<': '2024-06-09T18:54:21.635000+00:00'}
2025-12-15 11:27:23 [DEBUG] __main__ - [compute_lap_features_for_driver] driver=11 lap=32, car_data rows=345
2025-12-15 11:27:23 [INFO] __main__ - [compute_lap_features_for_driver] driver=11 lap=33 KEEP, status=GREEN, duration=90.3s
2025-12-15 11:27:23 [DEBUG] __main__ - [get_openf1] GET https://api.openf1.org/v1/car_data params={'session_key': 9531, 'driver_number': 11, 'date>': '2024-06-09T18:54:21.635000+00:00', 'date<': '2024-06-09T18:55:51.974000+00:00'}
2025-12-15 11:27:24 [DEBUG] __main__ - [compute_lap_features_for_driver] driver=11 lap=33, car_data rows=349
2025-12-15 11:27:24 [INFO] __main__ - [compute_lap_features_for_driver] driver=11 lap=34 KEEP, status=GREEN, duration=88.6s
2025-12-15 11:27:24 [DEBUG] __main__ - [get_openf1] GET https://api.openf1.org/v1/car_data params={'session_key': 9531, 'driver_number': 11, 'date>': '2024-06-09T18:55:51.974000+00:00', 'date<': '2024-06-09T18:57:20.531000+00:00'}
2025-12-15 11:27:25 [DEBUG] __main__ - [compute_lap_features_for_driver] driver=11 lap=34, car_data rows=329
2025-12-15 11:27:25 [INFO] __main__ - [compute_lap_features_for_driver] driver=11 lap=35 KEEP, status=GREEN, duration=88.7s
2025-12-15 11:27:25 [DEBUG] __main__ - [get_openf1] GET https://api.openf1.org/v1/car_data params={'session_key': 9531, 'driver_number': 11, 'date>': '2024-06-09T18:57:20.531000+00:00', 'date<': '2024-06-09T18:58:49.241000+00:00'}
2025-12-15 11:27:25 [DEBUG] __main__ - [compute_lap_features_for_driver] driver=11 lap=35, car_data rows=327
2025-12-15 11:27:25 [INFO] __main__ - [compute_lap_features_for_driver] driver=11 lap=36 KEEP, status=GREEN, duration=87.4s
2025-12-15 11:27:25 [DEBUG] __main__ - [get_openf1] GET https://api.openf1.org/v1/car_data params={'session_key': 9531, 'driver_number': 11, 'date>': '2024-06-09T18:58:49.241000+00:00', 'date<': '2024-06-09T19:00:16.639000+00:00'}
2025-12-15 11:27:26 [DEBUG] __main__ - [compute_lap_features_for_driver] driver=11 lap=36, car_data rows=327
2025-12-15 11:27:26 [INFO] __main__ - [compute_lap_features_for_driver] driver=11 lap=37 KEEP, status=GREEN, duration=87.4s
2025-12-15 11:27:26 [DEBUG] __main__ - [get_openf1] GET https://api.openf1.org/v1/car_data params={'session_key': 9531, 'driver_number': 11, 'date>': '2024-06-09T19:00:16.639000+00:00', 'date<': '2024-06-09T19:01:44.075000+00:00'}
2025-12-15 11:27:27 [DEBUG] __main__ - [compute_lap_features_for_driver] driver=11 lap=37, car_data rows=328
2025-12-15 11:27:27 [INFO] __main__ - [compute_lap_features_for_driver] driver=11 lap=38 KEEP, status=GREEN, duration=87.0s
2025-12-15 11:27:27 [DEBUG] __main__ - [get_openf1] GET https://api.openf1.org/v1/car_data params={'session_key': 9531, 'driver_number': 11, 'date>': '2024-06-09T19:01:44.075000+00:00', 'date<': '2024-06-09T19:03:11.049000+00:00'}
2025-12-15 11:27:28 [DEBUG] __main__ - [compute_lap_features_for_driver] driver=11 lap=38, car_data rows=327
2025-12-15 11:27:28 [INFO] __main__ - [compute_lap_features_for_driver] driver=11 lap=39 KEEP, status=GREEN, duration=86.5s
2025-12-15 11:27:28 [DEBUG] __main__ - [get_openf1] GET https://api.openf1.org/v1/car_data params={'session_key': 9531, 'driver_number': 11, 'date>': '2024-06-09T19:03:11.049000+00:00', 'date<': '2024-06-09T19:04:37.594000+00:00'}
2025-12-15 11:27:28 [DEBUG] __main__ - [compute_lap_features_for_driver] driver=11 lap=39, car_data rows=337
2025-12-15 11:27:28 [INFO] __main__ - [compute_lap_features_for_driver] driver=11 lap=40 KEEP, status=GREEN, duration=85.9s
2025-12-15 11:27:28 [DEBUG] __main__ - [get_openf1] GET https://api.openf1.org/v1/car_data params={'session_key': 9531, 'driver_number': 11, 'date>': '2024-06-09T19:04:37.594000+00:00', 'date<': '2024-06-09T19:06:03.475000+00:00'}
2025-12-15 11:27:29 [DEBUG] __main__ - [compute_lap_features_for_driver] driver=11 lap=40, car_data rows=332
2025-12-15 11:27:29 [INFO] __main__ - [compute_lap_features_for_driver] driver=11 lap=41 DROP (YELLOW_FLAG_LAP), status=YELLOW, duration=85.2s
2025-12-15 11:27:29 [INFO] __main__ - [compute_lap_features_for_driver] driver=11 lap=42 KEEP, status=GREEN, duration=85.7s
2025-12-15 11:27:29 [DEBUG] __main__ - [get_openf1] GET https://api.openf1.org/v1/car_data params={'session_key': 9531, 'driver_number': 11, 'date>': '2024-06-09T19:07:28.673000+00:00', 'date<': '2024-06-09T19:08:54.360000+00:00'}
2025-12-15 11:27:30 [DEBUG] __main__ - [compute_lap_features_for_driver] driver=11 lap=42, car_data rows=312
2025-12-15 11:27:30 [INFO] __main__ - [compute_lap_features_for_driver] driver=11 lap=43 KEEP, status=GREEN, duration=102.0s
2025-12-15 11:27:30 [DEBUG] __main__ - [get_openf1] GET https://api.openf1.org/v1/car_data params={'session_key': 9531, 'driver_number': 11, 'date>': '2024-06-09T19:08:54.360000+00:00', 'date<': '2024-06-09T19:10:36.405000+00:00'}
2025-12-15 11:27:31 [DEBUG] __main__ - [compute_lap_features_for_driver] driver=11 lap=43, car_data rows=371
2025-12-15 11:27:31 [INFO] __main__ - [compute_lap_features_for_driver] driver=11 lap=44 KEEP, status=GREEN, duration=94.0s
2025-12-15 11:27:31 [DEBUG] __main__ - [get_openf1] GET https://api.openf1.org/v1/car_data params={'session_key': 9531, 'driver_number': 11, 'date>': '2024-06-09T19:10:36.405000+00:00', 'date<': '2024-06-09T19:12:10.398000+00:00'}
2025-12-15 11:27:32 [DEBUG] __main__ - [compute_lap_features_for_driver] driver=11 lap=44, car_data rows=351
2025-12-15 11:27:32 [INFO] __main__ - [compute_lap_features_for_driver] driver=11 lap=45 KEEP, status=GREEN, duration=86.8s
2025-12-15 11:27:32 [DEBUG] __main__ - [get_openf1] GET https://api.openf1.org/v1/car_data params={'session_key': 9531, 'driver_number': 11, 'date>': '2024-06-09T19:12:10.398000+00:00', 'date<': '2024-06-09T19:13:37.199000+00:00'}
2025-12-15 11:27:32 [DEBUG] __main__ - [compute_lap_features_for_driver] driver=11 lap=45, car_data rows=318
2025-12-15 11:27:32 [INFO] __main__ - [compute_lap_features_for_driver] driver=11 lap=46 KEEP, status=GREEN, duration=83.4s
2025-12-15 11:27:32 [DEBUG] __main__ - [get_openf1] GET https://api.openf1.org/v1/car_data params={'session_key': 9531, 'driver_number': 11, 'date>': '2024-06-09T19:13:37.199000+00:00', 'date<': '2024-06-09T19:15:00.584000+00:00'}
2025-12-15 11:27:33 [DEBUG] __main__ - [compute_lap_features_for_driver] driver=11 lap=46, car_data rows=307
2025-12-15 11:27:33 [INFO] __main__ - [compute_lap_features_for_driver] driver=11 lap=47 KEEP, status=GREEN, duration=81.1s
2025-12-15 11:27:33 [DEBUG] __main__ - [get_openf1] GET https://api.openf1.org/v1/car_data params={'session_key': 9531, 'driver_number': 11, 'date>': '2024-06-09T19:15:00.584000+00:00', 'date<': '2024-06-09T19:16:21.720000+00:00'}
2025-12-15 11:27:34 [DEBUG] __main__ - [compute_lap_features_for_driver] driver=11 lap=47, car_data rows=297
2025-12-15 11:27:34 [INFO] __main__ - [compute_lap_features_for_driver] driver=11 lap=48 KEEP, status=GREEN, duration=81.5s
2025-12-15 11:27:34 [DEBUG] __main__ - [get_openf1] GET https://api.openf1.org/v1/car_data params={'session_key': 9531, 'driver_number': 11, 'date>': '2024-06-09T19:16:21.720000+00:00', 'date<': '2024-06-09T19:17:43.196000+00:00'}
2025-12-15 11:27:34 [DEBUG] __main__ - [compute_lap_features_for_driver] driver=11 lap=48, car_data rows=288
2025-12-15 11:27:34 [INFO] __main__ - [compute_lap_features_for_driver] driver=11 lap=49 DROP (YELLOW_FLAG_LAP), status=YELLOW, duration=81.0s
2025-12-15 11:27:34 [INFO] __main__ - [compute_lap_features_for_driver] driver=11 lap=50 KEEP, status=GREEN, duration=79.9s
2025-12-15 11:27:34 [DEBUG] __main__ - [get_openf1] GET https://api.openf1.org/v1/car_data params={'session_key': 9531, 'driver_number': 11, 'date>': '2024-06-09T19:19:04.159000+00:00', 'date<': '2024-06-09T19:20:24.089000+00:00'}
2025-12-15 11:27:35 [DEBUG] __main__ - [compute_lap_features_for_driver] driver=11 lap=50, car_data rows=298
2025-12-15 11:27:35 [INFO] __main__ - [compute_lap_features_for_driver] driver=11 lap=51 KEEP, status=GREEN, duration=78.8s
2025-12-15 11:27:35 [DEBUG] __main__ - [get_openf1] GET https://api.openf1.org/v1/car_data params={'session_key': 9531, 'driver_number': 11, 'date>': '2024-06-09T19:20:24.089000+00:00', 'date<': '2024-06-09T19:21:42.853000+00:00'}
2025-12-15 11:27:36 [DEBUG] __main__ - [compute_lap_features_for_driver] driver=11 lap=51, car_data rows=299
2025-12-15 11:27:36 [INFO] __main__ - [compute_lap_features_for_driver] driver=11 lap=52 DROP (SC_LAP), status=SC;YELLOW;RED_FLAG;CHEQUERED, duration=nans
2025-12-15 11:27:36 [INFO] __main__ - [compute_lap_features_for_driver] driver=11, feature laps=[2, 3, 4, 5, 7, 8, 9, 10, 11, 12, 13, 14, 15, 16, 17, 18, 19, 20, 21, 22, 23, 26, 30, 31, 32, 33, 34, 35, 36, 37, 38, 39, 40, 42, 43, 44, 45, 46, 47, 48, 50, 51]
2025-12-15 11:27:36 [INFO] __main__ - [build_driver_style_embedding_json] compute features for driver=24
2025-12-15 11:27:36 [DEBUG] __main__ - [get_openf1] GET https://api.openf1.org/v1/laps params={'session_key': 9531, 'driver_number': 24}
2025-12-15 11:27:37 [DEBUG] __main__ - [get_openf1] GET https://api.openf1.org/v1/sessions params={'session_key': 9531}
2025-12-15 11:27:37 [INFO] __main__ - [fetch_session_start] session_key=9531, date_start=2024-06-09 18:00:00+00:00
2025-12-15 11:27:37 [INFO] __main__ - [fetch_race_start_time] use first GREEN as race_start: 2024-06-09 18:03:12+00:00
2025-12-15 11:27:37 [INFO] __main__ - [fetch_laps] fill lap 1 date_start with race_start=2024-06-09 18:03:12+00:00
2025-12-15 11:27:37 [INFO] __main__ - [fetch_laps] driver=24, laps: min=1, max=69, count=69
2025-12-15 11:27:37 [DEBUG] __main__ - [fetch_laps] head:
   meeting_key  session_key  ...  st_speed  lap_duration_s
0         1237         9531  ...       251         123.578
1         1237         9531  ...       263         103.635
2         1237         9531  ...       284         101.509
3         1237         9531  ...       299          99.685
4         1237         9531  ...       300          98.404

[5 rows x 17 columns]
2025-12-15 11:27:37 [DEBUG] __main__ - [build_lap_status_mapping] status_by_lap={1: 'YELLOW', 2: 'GREEN', 3: 'GREEN', 4: 'GREEN', 5: 'GREEN', 6: 'YELLOW', 7: 'GREEN', 8: 'GREEN', 9: 'GREEN', 10: 'GREEN', 11: 'GREEN', 12: 'GREEN', 13: 'GREEN', 14: 'GREEN', 15: 'GREEN', 16: 'GREEN', 17: 'GREEN', 18: 'GREEN', 19: 'GREEN', 20: 'GREEN', 21: 'GREEN', 22: 'GREEN', 23: 'GREEN', 24: 'SC;YELLOW', 25: 'GREEN', 26: 'GREEN', 27: 'YELLOW', 28: 'SC;YELLOW', 29: 'YELLOW', 30: 'GREEN', 31: 'GREEN', 32: 'GREEN', 33: 'GREEN', 34: 'GREEN', 35: 'GREEN', 36: 'GREEN', 37: 'GREEN', 38: 'GREEN', 39: 'GREEN', 40: 'GREEN', 41: 'YELLOW', 42: 'GREEN', 43: 'GREEN', 44: 'GREEN', 45: 'GREEN', 46: 'GREEN', 47: 'YELLOW', 48: 'GREEN', 49: 'GREEN', 50: 'GREEN', 51: 'YELLOW', 52: 'SC;YELLOW', 53: 'GREEN', 54: 'GREEN', 55: 'SC', 56: 'SC', 57: 'GREEN', 58: 'GREEN', 59: 'GREEN', 60: 'GREEN', 61: 'GREEN', 62: 'GREEN', 63: 'GREEN', 64: 'GREEN', 65: 'YELLOW', 66: 'GREEN', 67: 'GREEN', 68: 'GREEN', 69: 'RED_FLAG;CHEQUERED'}
2025-12-15 11:27:37 [INFO] __main__ - [compute_lap_features_for_driver] driver=24, typical_duration_s=89.129
2025-12-15 11:27:37 [INFO] __main__ - [compute_lap_features_for_driver] driver=24 lap=1 DROP (YELLOW_FLAG_LAP), status=YELLOW, duration=123.6s
2025-12-15 11:27:37 [INFO] __main__ - [compute_lap_features_for_driver] driver=24 lap=2 KEEP, status=GREEN, duration=103.6s
2025-12-15 11:27:37 [DEBUG] __main__ - [get_openf1] GET https://api.openf1.org/v1/car_data params={'session_key': 9531, 'driver_number': 24, 'date>': '2024-06-09T18:05:15.578000+00:00', 'date<': '2024-06-09T18:06:59.213000+00:00'}
2025-12-15 11:27:38 [DEBUG] __main__ - [compute_lap_features_for_driver] driver=24 lap=2, car_data rows=390
2025-12-15 11:27:38 [INFO] __main__ - [compute_lap_features_for_driver] driver=24 lap=3 KEEP, status=GREEN, duration=101.5s
2025-12-15 11:27:38 [DEBUG] __main__ - [get_openf1] GET https://api.openf1.org/v1/car_data params={'session_key': 9531, 'driver_number': 24, 'date>': '2024-06-09T18:06:59.213000+00:00', 'date<': '2024-06-09T18:08:40.722000+00:00'}
2025-12-15 11:27:39 [DEBUG] __main__ - [compute_lap_features_for_driver] driver=24 lap=3, car_data rows=376
2025-12-15 11:27:39 [INFO] __main__ - [compute_lap_features_for_driver] driver=24 lap=4 KEEP, status=GREEN, duration=99.7s
2025-12-15 11:27:39 [DEBUG] __main__ - [get_openf1] GET https://api.openf1.org/v1/car_data params={'session_key': 9531, 'driver_number': 24, 'date>': '2024-06-09T18:08:40.722000+00:00', 'date<': '2024-06-09T18:10:20.407000+00:00'}
2025-12-15 11:27:40 [DEBUG] __main__ - [compute_lap_features_for_driver] driver=24 lap=4, car_data rows=369
2025-12-15 11:27:40 [INFO] __main__ - [compute_lap_features_for_driver] driver=24 lap=5 KEEP, status=GREEN, duration=98.4s
2025-12-15 11:27:40 [DEBUG] __main__ - [get_openf1] GET https://api.openf1.org/v1/car_data params={'session_key': 9531, 'driver_number': 24, 'date>': '2024-06-09T18:10:20.407000+00:00', 'date<': '2024-06-09T18:11:58.811000+00:00'}
2025-12-15 11:27:41 [DEBUG] __main__ - [compute_lap_features_for_driver] driver=24 lap=5, car_data rows=369
2025-12-15 11:27:41 [INFO] __main__ - [compute_lap_features_for_driver] driver=24 lap=6 DROP (YELLOW_FLAG_LAP), status=YELLOW, duration=97.4s
2025-12-15 11:27:41 [INFO] __main__ - [compute_lap_features_for_driver] driver=24 lap=7 KEEP, status=GREEN, duration=95.5s
2025-12-15 11:27:41 [DEBUG] __main__ - [get_openf1] GET https://api.openf1.org/v1/car_data params={'session_key': 9531, 'driver_number': 24, 'date>': '2024-06-09T18:13:36.214000+00:00', 'date<': '2024-06-09T18:15:11.712000+00:00'}
2025-12-15 11:27:41 [DEBUG] __main__ - [compute_lap_features_for_driver] driver=24 lap=7, car_data rows=352
2025-12-15 11:27:41 [INFO] __main__ - [compute_lap_features_for_driver] driver=24 lap=8 KEEP, status=GREEN, duration=93.9s
2025-12-15 11:27:41 [DEBUG] __main__ - [get_openf1] GET https://api.openf1.org/v1/car_data params={'session_key': 9531, 'driver_number': 24, 'date>': '2024-06-09T18:15:11.712000+00:00', 'date<': '2024-06-09T18:16:45.647000+00:00'}
2025-12-15 11:27:44 [DEBUG] __main__ - [compute_lap_features_for_driver] driver=24 lap=8, car_data rows=345
2025-12-15 11:27:44 [INFO] __main__ - [compute_lap_features_for_driver] driver=24 lap=9 KEEP, status=GREEN, duration=93.0s
2025-12-15 11:27:44 [DEBUG] __main__ - [get_openf1] GET https://api.openf1.org/v1/car_data params={'session_key': 9531, 'driver_number': 24, 'date>': '2024-06-09T18:16:45.647000+00:00', 'date<': '2024-06-09T18:18:18.633000+00:00'}
2025-12-15 11:27:44 [DEBUG] __main__ - [compute_lap_features_for_driver] driver=24 lap=9, car_data rows=349
2025-12-15 11:27:44 [INFO] __main__ - [compute_lap_features_for_driver] driver=24 lap=10 KEEP, status=GREEN, duration=92.9s
2025-12-15 11:27:44 [DEBUG] __main__ - [get_openf1] GET https://api.openf1.org/v1/car_data params={'session_key': 9531, 'driver_number': 24, 'date>': '2024-06-09T18:18:18.633000+00:00', 'date<': '2024-06-09T18:19:51.520000+00:00'}
2025-12-15 11:27:45 [DEBUG] __main__ - [compute_lap_features_for_driver] driver=24 lap=10, car_data rows=343
2025-12-15 11:27:45 [INFO] __main__ - [compute_lap_features_for_driver] driver=24 lap=11 KEEP, status=GREEN, duration=92.0s
2025-12-15 11:27:45 [DEBUG] __main__ - [get_openf1] GET https://api.openf1.org/v1/car_data params={'session_key': 9531, 'driver_number': 24, 'date>': '2024-06-09T18:19:51.520000+00:00', 'date<': '2024-06-09T18:21:23.480000+00:00'}
2025-12-15 11:27:46 [DEBUG] __main__ - [compute_lap_features_for_driver] driver=24 lap=11, car_data rows=340
2025-12-15 11:27:46 [INFO] __main__ - [compute_lap_features_for_driver] driver=24 lap=12 KEEP, status=GREEN, duration=90.7s
2025-12-15 11:27:46 [DEBUG] __main__ - [get_openf1] GET https://api.openf1.org/v1/car_data params={'session_key': 9531, 'driver_number': 24, 'date>': '2024-06-09T18:21:23.480000+00:00', 'date<': '2024-06-09T18:22:54.227000+00:00'}
2025-12-15 11:27:46 [DEBUG] __main__ - [compute_lap_features_for_driver] driver=24 lap=12, car_data rows=339
2025-12-15 11:27:46 [INFO] __main__ - [compute_lap_features_for_driver] driver=24 lap=13 KEEP, status=GREEN, duration=91.8s
2025-12-15 11:27:46 [DEBUG] __main__ - [get_openf1] GET https://api.openf1.org/v1/car_data params={'session_key': 9531, 'driver_number': 24, 'date>': '2024-06-09T18:22:54.227000+00:00', 'date<': '2024-06-09T18:24:26.050000+00:00'}
2025-12-15 11:27:47 [DEBUG] __main__ - [compute_lap_features_for_driver] driver=24 lap=13, car_data rows=352
2025-12-15 11:27:47 [INFO] __main__ - [compute_lap_features_for_driver] driver=24 lap=14 KEEP, status=GREEN, duration=90.4s
2025-12-15 11:27:47 [DEBUG] __main__ - [get_openf1] GET https://api.openf1.org/v1/car_data params={'session_key': 9531, 'driver_number': 24, 'date>': '2024-06-09T18:24:26.050000+00:00', 'date<': '2024-06-09T18:25:56.432000+00:00'}
2025-12-15 11:27:48 [DEBUG] __main__ - [compute_lap_features_for_driver] driver=24 lap=14, car_data rows=351
2025-12-15 11:27:48 [INFO] __main__ - [compute_lap_features_for_driver] driver=24 lap=15 KEEP, status=GREEN, duration=91.0s
2025-12-15 11:27:48 [DEBUG] __main__ - [get_openf1] GET https://api.openf1.org/v1/car_data params={'session_key': 9531, 'driver_number': 24, 'date>': '2024-06-09T18:25:56.432000+00:00', 'date<': '2024-06-09T18:27:27.403000+00:00'}
2025-12-15 11:27:49 [DEBUG] __main__ - [compute_lap_features_for_driver] driver=24 lap=15, car_data rows=348
2025-12-15 11:27:49 [INFO] __main__ - [compute_lap_features_for_driver] driver=24 lap=16 KEEP, status=GREEN, duration=89.3s
2025-12-15 11:27:49 [DEBUG] __main__ - [get_openf1] GET https://api.openf1.org/v1/car_data params={'session_key': 9531, 'driver_number': 24, 'date>': '2024-06-09T18:27:27.403000+00:00', 'date<': '2024-06-09T18:28:56.732000+00:00'}
2025-12-15 11:27:49 [DEBUG] __main__ - [compute_lap_features_for_driver] driver=24 lap=16, car_data rows=346
2025-12-15 11:27:49 [INFO] __main__ - [compute_lap_features_for_driver] driver=24 lap=17 KEEP, status=GREEN, duration=88.5s
2025-12-15 11:27:49 [DEBUG] __main__ - [get_openf1] GET https://api.openf1.org/v1/car_data params={'session_key': 9531, 'driver_number': 24, 'date>': '2024-06-09T18:28:56.732000+00:00', 'date<': '2024-06-09T18:30:25.251000+00:00'}
2025-12-15 11:27:50 [DEBUG] __main__ - [compute_lap_features_for_driver] driver=24 lap=17, car_data rows=334
2025-12-15 11:27:50 [INFO] __main__ - [compute_lap_features_for_driver] driver=24 lap=18 KEEP, status=GREEN, duration=87.8s
2025-12-15 11:27:50 [DEBUG] __main__ - [get_openf1] GET https://api.openf1.org/v1/car_data params={'session_key': 9531, 'driver_number': 24, 'date>': '2024-06-09T18:30:25.251000+00:00', 'date<': '2024-06-09T18:31:53.053000+00:00'}
2025-12-15 11:27:51 [DEBUG] __main__ - [compute_lap_features_for_driver] driver=24 lap=18, car_data rows=315
2025-12-15 11:27:51 [INFO] __main__ - [compute_lap_features_for_driver] driver=24 lap=19 KEEP, status=GREEN, duration=88.3s
2025-12-15 11:27:51 [DEBUG] __main__ - [get_openf1] GET https://api.openf1.org/v1/car_data params={'session_key': 9531, 'driver_number': 24, 'date>': '2024-06-09T18:31:53.053000+00:00', 'date<': '2024-06-09T18:33:21.317000+00:00'}
2025-12-15 11:27:51 [DEBUG] __main__ - [compute_lap_features_for_driver] driver=24 lap=19, car_data rows=336
2025-12-15 11:27:51 [INFO] __main__ - [compute_lap_features_for_driver] driver=24 lap=20 KEEP, status=GREEN, duration=89.1s
2025-12-15 11:27:51 [DEBUG] __main__ - [get_openf1] GET https://api.openf1.org/v1/car_data params={'session_key': 9531, 'driver_number': 24, 'date>': '2024-06-09T18:33:21.317000+00:00', 'date<': '2024-06-09T18:34:50.464000+00:00'}
2025-12-15 11:27:52 [DEBUG] __main__ - [compute_lap_features_for_driver] driver=24 lap=20, car_data rows=328
2025-12-15 11:27:52 [INFO] __main__ - [compute_lap_features_for_driver] driver=24 lap=21 KEEP, status=GREEN, duration=88.1s
2025-12-15 11:27:52 [DEBUG] __main__ - [get_openf1] GET https://api.openf1.org/v1/car_data params={'session_key': 9531, 'driver_number': 24, 'date>': '2024-06-09T18:34:50.464000+00:00', 'date<': '2024-06-09T18:36:18.537000+00:00'}
2025-12-15 11:27:53 [DEBUG] __main__ - [compute_lap_features_for_driver] driver=24 lap=21, car_data rows=318
2025-12-15 11:27:53 [INFO] __main__ - [compute_lap_features_for_driver] driver=24 lap=22 KEEP, status=GREEN, duration=88.1s
2025-12-15 11:27:53 [DEBUG] __main__ - [get_openf1] GET https://api.openf1.org/v1/car_data params={'session_key': 9531, 'driver_number': 24, 'date>': '2024-06-09T18:36:18.537000+00:00', 'date<': '2024-06-09T18:37:46.607000+00:00'}
2025-12-15 11:27:53 [DEBUG] __main__ - [compute_lap_features_for_driver] driver=24 lap=22, car_data rows=339
2025-12-15 11:27:53 [INFO] __main__ - [compute_lap_features_for_driver] driver=24 lap=23 KEEP, status=GREEN, duration=89.0s
2025-12-15 11:27:53 [DEBUG] __main__ - [get_openf1] GET https://api.openf1.org/v1/car_data params={'session_key': 9531, 'driver_number': 24, 'date>': '2024-06-09T18:37:46.607000+00:00', 'date<': '2024-06-09T18:39:15.602000+00:00'}
2025-12-15 11:27:54 [DEBUG] __main__ - [compute_lap_features_for_driver] driver=24 lap=23, car_data rows=335
2025-12-15 11:27:54 [INFO] __main__ - [compute_lap_features_for_driver] driver=24 lap=24 DROP (SC_LAP), status=SC;YELLOW, duration=111.9s
2025-12-15 11:27:54 [INFO] __main__ - [compute_lap_features_for_driver] driver=24 lap=25 KEEP, status=GREEN, duration=113.4s
2025-12-15 11:27:54 [DEBUG] __main__ - [get_openf1] GET https://api.openf1.org/v1/car_data params={'session_key': 9531, 'driver_number': 24, 'date>': '2024-06-09T18:41:07.500000+00:00', 'date<': '2024-06-09T18:43:00.854000+00:00'}
2025-12-15 11:27:55 [DEBUG] __main__ - [compute_lap_features_for_driver] driver=24 lap=25, car_data rows=431
2025-12-15 11:27:55 [INFO] __main__ - [compute_lap_features_for_driver] driver=24 lap=26 KEEP, status=GREEN, duration=103.4s
2025-12-15 11:27:55 [DEBUG] __main__ - [get_openf1] GET https://api.openf1.org/v1/car_data params={'session_key': 9531, 'driver_number': 24, 'date>': '2024-06-09T18:43:00.854000+00:00', 'date<': '2024-06-09T18:44:44.262000+00:00'}
2025-12-15 11:27:56 [DEBUG] __main__ - [compute_lap_features_for_driver] driver=24 lap=26, car_data rows=388
2025-12-15 11:27:56 [INFO] __main__ - [compute_lap_features_for_driver] driver=24 lap=27 DROP (YELLOW_FLAG_LAP), status=YELLOW, duration=98.4s
2025-12-15 11:27:56 [INFO] __main__ - [compute_lap_features_for_driver] driver=24 lap=28 DROP (SC_LAP), status=SC;YELLOW, duration=97.5s
2025-12-15 11:27:56 [INFO] __main__ - [compute_lap_features_for_driver] driver=24 lap=29 DROP (YELLOW_FLAG_LAP), status=YELLOW, duration=107.5s
2025-12-15 11:27:56 [INFO] __main__ - [compute_lap_features_for_driver] driver=24 lap=30 KEEP, status=GREEN, duration=89.0s
2025-12-15 11:27:56 [DEBUG] __main__ - [get_openf1] GET https://api.openf1.org/v1/car_data params={'session_key': 9531, 'driver_number': 24, 'date>': '2024-06-09T18:49:47.736000+00:00', 'date<': '2024-06-09T18:51:16.745000+00:00'}
2025-12-15 11:27:56 [DEBUG] __main__ - [compute_lap_features_for_driver] driver=24 lap=30, car_data rows=342
2025-12-15 11:27:56 [INFO] __main__ - [compute_lap_features_for_driver] driver=24 lap=31 KEEP, status=GREEN, duration=93.7s
2025-12-15 11:27:56 [DEBUG] __main__ - [get_openf1] GET https://api.openf1.org/v1/car_data params={'session_key': 9531, 'driver_number': 24, 'date>': '2024-06-09T18:51:16.745000+00:00', 'date<': '2024-06-09T18:52:50.421000+00:00'}
2025-12-15 11:27:57 [DEBUG] __main__ - [compute_lap_features_for_driver] driver=24 lap=31, car_data rows=347
2025-12-15 11:27:57 [INFO] __main__ - [compute_lap_features_for_driver] driver=24 lap=32 KEEP, status=GREEN, duration=91.8s
2025-12-15 11:27:57 [DEBUG] __main__ - [get_openf1] GET https://api.openf1.org/v1/car_data params={'session_key': 9531, 'driver_number': 24, 'date>': '2024-06-09T18:52:50.421000+00:00', 'date<': '2024-06-09T18:54:22.253000+00:00'}
2025-12-15 11:27:57 [DEBUG] __main__ - [compute_lap_features_for_driver] driver=24 lap=32, car_data rows=342
2025-12-15 11:27:57 [INFO] __main__ - [compute_lap_features_for_driver] driver=24 lap=33 KEEP, status=GREEN, duration=91.4s
2025-12-15 11:27:57 [DEBUG] __main__ - [get_openf1] GET https://api.openf1.org/v1/car_data params={'session_key': 9531, 'driver_number': 24, 'date>': '2024-06-09T18:54:22.253000+00:00', 'date<': '2024-06-09T18:55:53.691000+00:00'}
2025-12-15 11:27:58 [DEBUG] __main__ - [compute_lap_features_for_driver] driver=24 lap=33, car_data rows=354
2025-12-15 11:27:58 [INFO] __main__ - [compute_lap_features_for_driver] driver=24 lap=34 KEEP, status=GREEN, duration=89.0s
2025-12-15 11:27:58 [DEBUG] __main__ - [get_openf1] GET https://api.openf1.org/v1/car_data params={'session_key': 9531, 'driver_number': 24, 'date>': '2024-06-09T18:55:53.691000+00:00', 'date<': '2024-06-09T18:57:22.675000+00:00'}
2025-12-15 11:27:59 [DEBUG] __main__ - [compute_lap_features_for_driver] driver=24 lap=34, car_data rows=331
2025-12-15 11:27:59 [INFO] __main__ - [compute_lap_features_for_driver] driver=24 lap=35 KEEP, status=GREEN, duration=89.1s
2025-12-15 11:27:59 [DEBUG] __main__ - [get_openf1] GET https://api.openf1.org/v1/car_data params={'session_key': 9531, 'driver_number': 24, 'date>': '2024-06-09T18:57:22.675000+00:00', 'date<': '2024-06-09T18:58:51.804000+00:00'}
2025-12-15 11:27:59 [DEBUG] __main__ - [compute_lap_features_for_driver] driver=24 lap=35, car_data rows=328
2025-12-15 11:27:59 [INFO] __main__ - [compute_lap_features_for_driver] driver=24 lap=36 KEEP, status=GREEN, duration=87.6s
2025-12-15 11:27:59 [DEBUG] __main__ - [get_openf1] GET https://api.openf1.org/v1/car_data params={'session_key': 9531, 'driver_number': 24, 'date>': '2024-06-09T18:58:51.804000+00:00', 'date<': '2024-06-09T19:00:19.412000+00:00'}
2025-12-15 11:28:00 [DEBUG] __main__ - [compute_lap_features_for_driver] driver=24 lap=36, car_data rows=329
2025-12-15 11:28:00 [INFO] __main__ - [compute_lap_features_for_driver] driver=24 lap=37 KEEP, status=GREEN, duration=88.2s
2025-12-15 11:28:00 [DEBUG] __main__ - [get_openf1] GET https://api.openf1.org/v1/car_data params={'session_key': 9531, 'driver_number': 24, 'date>': '2024-06-09T19:00:19.412000+00:00', 'date<': '2024-06-09T19:01:47.642000+00:00'}
2025-12-15 11:28:01 [DEBUG] __main__ - [compute_lap_features_for_driver] driver=24 lap=37, car_data rows=330
2025-12-15 11:28:01 [INFO] __main__ - [compute_lap_features_for_driver] driver=24 lap=38 KEEP, status=GREEN, duration=87.9s
2025-12-15 11:28:01 [DEBUG] __main__ - [get_openf1] GET https://api.openf1.org/v1/car_data params={'session_key': 9531, 'driver_number': 24, 'date>': '2024-06-09T19:01:47.642000+00:00', 'date<': '2024-06-09T19:03:15.506000+00:00'}
2025-12-15 11:28:01 [DEBUG] __main__ - [compute_lap_features_for_driver] driver=24 lap=38, car_data rows=332
2025-12-15 11:28:01 [INFO] __main__ - [compute_lap_features_for_driver] driver=24 lap=39 KEEP, status=GREEN, duration=87.9s
2025-12-15 11:28:01 [DEBUG] __main__ - [get_openf1] GET https://api.openf1.org/v1/car_data params={'session_key': 9531, 'driver_number': 24, 'date>': '2024-06-09T19:03:15.506000+00:00', 'date<': '2024-06-09T19:04:43.384000+00:00'}
2025-12-15 11:28:02 [DEBUG] __main__ - [compute_lap_features_for_driver] driver=24 lap=39, car_data rows=339
2025-12-15 11:28:02 [INFO] __main__ - [compute_lap_features_for_driver] driver=24 lap=40 KEEP, status=GREEN, duration=87.7s
2025-12-15 11:28:02 [DEBUG] __main__ - [get_openf1] GET https://api.openf1.org/v1/car_data params={'session_key': 9531, 'driver_number': 24, 'date>': '2024-06-09T19:04:43.384000+00:00', 'date<': '2024-06-09T19:06:11.061000+00:00'}
2025-12-15 11:28:03 [DEBUG] __main__ - [compute_lap_features_for_driver] driver=24 lap=40, car_data rows=344
2025-12-15 11:28:03 [INFO] __main__ - [compute_lap_features_for_driver] driver=24 lap=41 DROP (YELLOW_FLAG_LAP), status=YELLOW, duration=87.4s
2025-12-15 11:28:03 [INFO] __main__ - [compute_lap_features_for_driver] driver=24 lap=42 KEEP, status=GREEN, duration=87.0s
2025-12-15 11:28:03 [DEBUG] __main__ - [get_openf1] GET https://api.openf1.org/v1/car_data params={'session_key': 9531, 'driver_number': 24, 'date>': '2024-06-09T19:07:38.414000+00:00', 'date<': '2024-06-09T19:09:05.428000+00:00'}
2025-12-15 11:28:04 [DEBUG] __main__ - [compute_lap_features_for_driver] driver=24 lap=42, car_data rows=317
2025-12-15 11:28:04 [INFO] __main__ - [compute_lap_features_for_driver] driver=24 lap=43 KEEP, status=GREEN, duration=87.3s
2025-12-15 11:28:04 [DEBUG] __main__ - [get_openf1] GET https://api.openf1.org/v1/car_data params={'session_key': 9531, 'driver_number': 24, 'date>': '2024-06-09T19:09:05.428000+00:00', 'date<': '2024-06-09T19:10:32.751000+00:00'}
2025-12-15 11:28:05 [DEBUG] __main__ - [compute_lap_features_for_driver] driver=24 lap=43, car_data rows=318
2025-12-15 11:28:05 [INFO] __main__ - [compute_lap_features_for_driver] driver=24 lap=44 DROP (LONG_LAP_145.7s), status=GREEN, duration=145.7s
2025-12-15 11:28:05 [INFO] __main__ - [compute_lap_features_for_driver] driver=24 lap=45 KEEP, status=GREEN, duration=105.2s
2025-12-15 11:28:05 [DEBUG] __main__ - [get_openf1] GET https://api.openf1.org/v1/car_data params={'session_key': 9531, 'driver_number': 24, 'date>': '2024-06-09T19:12:58.497000+00:00', 'date<': '2024-06-09T19:14:43.684000+00:00'}
2025-12-15 11:28:05 [DEBUG] __main__ - [compute_lap_features_for_driver] driver=24 lap=45, car_data rows=389
2025-12-15 11:28:05 [INFO] __main__ - [compute_lap_features_for_driver] driver=24 lap=46 KEEP, status=GREEN, duration=96.8s
2025-12-15 11:28:05 [DEBUG] __main__ - [get_openf1] GET https://api.openf1.org/v1/car_data params={'session_key': 9531, 'driver_number': 24, 'date>': '2024-06-09T19:14:43.684000+00:00', 'date<': '2024-06-09T19:16:20.485000+00:00'}
2025-12-15 11:28:06 [DEBUG] __main__ - [compute_lap_features_for_driver] driver=24 lap=46, car_data rows=356
2025-12-15 11:28:06 [INFO] __main__ - [compute_lap_features_for_driver] driver=24 lap=47 DROP (YELLOW_FLAG_LAP), status=YELLOW, duration=92.5s
2025-12-15 11:28:06 [INFO] __main__ - [compute_lap_features_for_driver] driver=24 lap=48 KEEP, status=GREEN, duration=86.5s
2025-12-15 11:28:06 [DEBUG] __main__ - [get_openf1] GET https://api.openf1.org/v1/car_data params={'session_key': 9531, 'driver_number': 24, 'date>': '2024-06-09T19:17:52.994000+00:00', 'date<': '2024-06-09T19:19:19.515000+00:00'}
2025-12-15 11:28:07 [DEBUG] __main__ - [compute_lap_features_for_driver] driver=24 lap=48, car_data rows=325
2025-12-15 11:28:07 [INFO] __main__ - [compute_lap_features_for_driver] driver=24 lap=49 KEEP, status=GREEN, duration=84.9s
2025-12-15 11:28:07 [DEBUG] __main__ - [get_openf1] GET https://api.openf1.org/v1/car_data params={'session_key': 9531, 'driver_number': 24, 'date>': '2024-06-09T19:19:19.515000+00:00', 'date<': '2024-06-09T19:20:44.410000+00:00'}
2025-12-15 11:28:07 [DEBUG] __main__ - [compute_lap_features_for_driver] driver=24 lap=49, car_data rows=315
2025-12-15 11:28:07 [INFO] __main__ - [compute_lap_features_for_driver] driver=24 lap=50 KEEP, status=GREEN, duration=82.9s
2025-12-15 11:28:07 [DEBUG] __main__ - [get_openf1] GET https://api.openf1.org/v1/car_data params={'session_key': 9531, 'driver_number': 24, 'date>': '2024-06-09T19:20:44.410000+00:00', 'date<': '2024-06-09T19:22:07.264000+00:00'}
2025-12-15 11:28:08 [DEBUG] __main__ - [compute_lap_features_for_driver] driver=24 lap=50, car_data rows=316
2025-12-15 11:28:08 [INFO] __main__ - [compute_lap_features_for_driver] driver=24 lap=51 DROP (YELLOW_FLAG_LAP), status=YELLOW, duration=82.1s
2025-12-15 11:28:08 [INFO] __main__ - [compute_lap_features_for_driver] driver=24 lap=52 DROP (SC_LAP), status=SC;YELLOW, duration=120.5s
2025-12-15 11:28:08 [INFO] __main__ - [compute_lap_features_for_driver] driver=24 lap=53 KEEP, status=GREEN, duration=121.8s
2025-12-15 11:28:08 [DEBUG] __main__ - [get_openf1] GET https://api.openf1.org/v1/car_data params={'session_key': 9531, 'driver_number': 24, 'date>': '2024-06-09T19:25:29.877000+00:00', 'date<': '2024-06-09T19:27:31.726000+00:00'}
2025-12-15 11:28:09 [DEBUG] __main__ - [compute_lap_features_for_driver] driver=24 lap=53, car_data rows=455
2025-12-15 11:28:09 [INFO] __main__ - [compute_lap_features_for_driver] driver=24 lap=54 KEEP, status=GREEN, duration=125.3s
2025-12-15 11:28:09 [DEBUG] __main__ - [get_openf1] GET https://api.openf1.org/v1/car_data params={'session_key': 9531, 'driver_number': 24, 'date>': '2024-06-09T19:27:31.726000+00:00', 'date<': '2024-06-09T19:29:37.029000+00:00'}
2025-12-15 11:28:10 [DEBUG] __main__ - [compute_lap_features_for_driver] driver=24 lap=54, car_data rows=487
2025-12-15 11:28:10 [INFO] __main__ - [compute_lap_features_for_driver] driver=24 lap=55 DROP (SC_LAP), status=SC, duration=96.3s
2025-12-15 11:28:10 [INFO] __main__ - [compute_lap_features_for_driver] driver=24 lap=56 DROP (SC_LAP), status=SC, duration=87.1s
2025-12-15 11:28:10 [INFO] __main__ - [compute_lap_features_for_driver] driver=24 lap=57 KEEP, status=GREEN, duration=83.3s
2025-12-15 11:28:10 [DEBUG] __main__ - [get_openf1] GET https://api.openf1.org/v1/car_data params={'session_key': 9531, 'driver_number': 24, 'date>': '2024-06-09T19:32:40.392000+00:00', 'date<': '2024-06-09T19:34:03.724000+00:00'}
2025-12-15 11:28:11 [DEBUG] __main__ - [compute_lap_features_for_driver] driver=24 lap=57, car_data rows=313
2025-12-15 11:28:11 [INFO] __main__ - [compute_lap_features_for_driver] driver=24 lap=58 KEEP, status=GREEN, duration=80.9s
2025-12-15 11:28:11 [DEBUG] __main__ - [get_openf1] GET https://api.openf1.org/v1/car_data params={'session_key': 9531, 'driver_number': 24, 'date>': '2024-06-09T19:34:03.724000+00:00', 'date<': '2024-06-09T19:35:24.660000+00:00'}
2025-12-15 11:28:11 [DEBUG] __main__ - [compute_lap_features_for_driver] driver=24 lap=58, car_data rows=308
2025-12-15 11:28:11 [INFO] __main__ - [compute_lap_features_for_driver] driver=24 lap=59 KEEP, status=GREEN, duration=80.2s
2025-12-15 11:28:11 [DEBUG] __main__ - [get_openf1] GET https://api.openf1.org/v1/car_data params={'session_key': 9531, 'driver_number': 24, 'date>': '2024-06-09T19:35:24.660000+00:00', 'date<': '2024-06-09T19:36:44.859000+00:00'}
2025-12-15 11:28:12 [DEBUG] __main__ - [compute_lap_features_for_driver] driver=24 lap=59, car_data rows=299
2025-12-15 11:28:12 [INFO] __main__ - [compute_lap_features_for_driver] driver=24 lap=60 KEEP, status=GREEN, duration=80.0s
2025-12-15 11:28:12 [DEBUG] __main__ - [get_openf1] GET https://api.openf1.org/v1/car_data params={'session_key': 9531, 'driver_number': 24, 'date>': '2024-06-09T19:36:44.859000+00:00', 'date<': '2024-06-09T19:38:04.821000+00:00'}
2025-12-15 11:28:12 [DEBUG] __main__ - [compute_lap_features_for_driver] driver=24 lap=60, car_data rows=300
2025-12-15 11:28:12 [INFO] __main__ - [compute_lap_features_for_driver] driver=24 lap=61 KEEP, status=GREEN, duration=79.3s
2025-12-15 11:28:12 [DEBUG] __main__ - [get_openf1] GET https://api.openf1.org/v1/car_data params={'session_key': 9531, 'driver_number': 24, 'date>': '2024-06-09T19:38:04.821000+00:00', 'date<': '2024-06-09T19:39:24.165000+00:00'}
2025-12-15 11:28:13 [DEBUG] __main__ - [compute_lap_features_for_driver] driver=24 lap=61, car_data rows=299
2025-12-15 11:28:13 [INFO] __main__ - [compute_lap_features_for_driver] driver=24 lap=62 KEEP, status=GREEN, duration=79.1s
2025-12-15 11:28:13 [DEBUG] __main__ - [get_openf1] GET https://api.openf1.org/v1/car_data params={'session_key': 9531, 'driver_number': 24, 'date>': '2024-06-09T19:39:24.165000+00:00', 'date<': '2024-06-09T19:40:43.263000+00:00'}
2025-12-15 11:28:13 [DEBUG] __main__ - [compute_lap_features_for_driver] driver=24 lap=62, car_data rows=299
2025-12-15 11:28:13 [INFO] __main__ - [compute_lap_features_for_driver] driver=24 lap=63 KEEP, status=GREEN, duration=78.8s
2025-12-15 11:28:13 [DEBUG] __main__ - [get_openf1] GET https://api.openf1.org/v1/car_data params={'session_key': 9531, 'driver_number': 24, 'date>': '2024-06-09T19:40:43.263000+00:00', 'date<': '2024-06-09T19:42:02.061000+00:00'}
2025-12-15 11:28:14 [DEBUG] __main__ - [compute_lap_features_for_driver] driver=24 lap=63, car_data rows=292
2025-12-15 11:28:14 [INFO] __main__ - [compute_lap_features_for_driver] driver=24 lap=64 KEEP, status=GREEN, duration=78.7s
2025-12-15 11:28:14 [DEBUG] __main__ - [get_openf1] GET https://api.openf1.org/v1/car_data params={'session_key': 9531, 'driver_number': 24, 'date>': '2024-06-09T19:42:02.061000+00:00', 'date<': '2024-06-09T19:43:20.744000+00:00'}
2025-12-15 11:28:14 [DEBUG] __main__ - [compute_lap_features_for_driver] driver=24 lap=64, car_data rows=298
2025-12-15 11:28:14 [INFO] __main__ - [compute_lap_features_for_driver] driver=24 lap=65 DROP (YELLOW_FLAG_LAP), status=YELLOW, duration=80.9s
2025-12-15 11:28:14 [INFO] __main__ - [compute_lap_features_for_driver] driver=24 lap=66 KEEP, status=GREEN, duration=78.8s
2025-12-15 11:28:14 [DEBUG] __main__ - [get_openf1] GET https://api.openf1.org/v1/car_data params={'session_key': 9531, 'driver_number': 24, 'date>': '2024-06-09T19:44:41.632000+00:00', 'date<': '2024-06-09T19:46:00.466000+00:00'}
2025-12-15 11:28:15 [DEBUG] __main__ - [compute_lap_features_for_driver] driver=24 lap=66, car_data rows=300
2025-12-15 11:28:15 [INFO] __main__ - [compute_lap_features_for_driver] driver=24 lap=67 KEEP, status=GREEN, duration=78.1s
2025-12-15 11:28:15 [DEBUG] __main__ - [get_openf1] GET https://api.openf1.org/v1/car_data params={'session_key': 9531, 'driver_number': 24, 'date>': '2024-06-09T19:46:00.466000+00:00', 'date<': '2024-06-09T19:47:18.525000+00:00'}
2025-12-15 11:28:15 [DEBUG] __main__ - [compute_lap_features_for_driver] driver=24 lap=67, car_data rows=296
2025-12-15 11:28:15 [INFO] __main__ - [compute_lap_features_for_driver] driver=24 lap=68 KEEP, status=GREEN, duration=77.4s
2025-12-15 11:28:15 [DEBUG] __main__ - [get_openf1] GET https://api.openf1.org/v1/car_data params={'session_key': 9531, 'driver_number': 24, 'date>': '2024-06-09T19:47:18.525000+00:00', 'date<': '2024-06-09T19:48:35.943000+00:00'}
2025-12-15 11:28:16 [DEBUG] __main__ - [compute_lap_features_for_driver] driver=24 lap=68, car_data rows=288
2025-12-15 11:28:16 [INFO] __main__ - [compute_lap_features_for_driver] driver=24 lap=69 DROP (CHEQUERED_FLAG_LAP), status=RED_FLAG;CHEQUERED, duration=nans
2025-12-15 11:28:16 [INFO] __main__ - [compute_lap_features_for_driver] driver=24, feature laps=[2, 3, 4, 5, 7, 8, 9, 10, 11, 12, 13, 14, 15, 16, 17, 18, 19, 20, 21, 22, 23, 25, 26, 30, 31, 32, 33, 34, 35, 36, 37, 38, 39, 40, 42, 43, 45, 46, 48, 49, 50, 53, 54, 57, 58, 59, 60, 61, 62, 63, 64, 66, 67, 68]
2025-12-15 11:28:16 [INFO] __main__ - [build_driver_style_embedding_json] all feature laps (combined)=[2, 3, 4, 5, 7, 8, 9, 10, 11, 12, 13, 14, 15, 16, 17, 18, 19, 20, 21, 22, 23, 24, 25, 26, 28, 30, 31, 32, 33, 34, 35, 36, 37, 38, 39, 40, 42, 43, 44, 45, 46, 47, 48, 49, 50, 51, 53, 54, 55, 56, 57, 58, 59, 60, 61, 62, 63, 64, 65, 66, 67, 68, 69]
2025-12-15 11:28:16 [INFO] __main__ - [embed_lap_features] focus_laps = [13, 36, 70]
2025-12-15 11:28:16 [INFO] __main__ - Saved ./driver_style_embedding_2024montral.json
