2025-12-15 11:43:20 [INFO] __main__ - ===== Driver Style Map logging started for race_id=2024baku =====
2025-12-15 11:43:20 [INFO] __main__ - log file: log/driver_style_2024baku.log
2025-12-15 11:43:20 [INFO] __main__ - === Start processing 2024baku ===
2025-12-15 11:43:20 [DEBUG] __main__ - [get_openf1] GET https://api.openf1.org/v1/meetings params={'year': 2024}
2025-12-15 11:43:20 [DEBUG] __main__ - [get_openf1] GET https://api.openf1.org/v1/sessions params={'meeting_key': 1245}
2025-12-15 11:43:21 [INFO] __main__ - [find_race_session] year=2024 slug=baku -> session_key=9598, meeting_name=Azerbaijan Grand Prix
2025-12-15 11:43:21 [INFO] __main__ - [main] race_id=2024baku -> session_key=9598, meeting_name=Azerbaijan Grand Prix
2025-12-15 11:43:21 [DEBUG] __main__ - [get_openf1] GET https://api.openf1.org/v1/session_result params={'session_key': 9598}
2025-12-15 11:43:21 [DEBUG] __main__ - [get_openf1] GET https://api.openf1.org/v1/drivers params={'session_key': 9598}
2025-12-15 11:43:21 [INFO] __main__ - [select_race_drivers] session_key=9598 winner=81 teammate=4 last_finisher=18
2025-12-15 11:43:21 [INFO] __main__ - [build_driver_style_embedding_json] start session_key=9598, drivers=[81, 4, 18]
2025-12-15 11:43:21 [DEBUG] __main__ - [get_openf1] GET https://api.openf1.org/v1/race_control params={'session_key': 9598}
2025-12-15 11:43:22 [DEBUG] __main__ - [get_openf1] GET https://api.openf1.org/v1/sessions params={'session_key': 9598}
2025-12-15 11:43:22 [INFO] __main__ - [fetch_session_start] session_key=9598, date_start=2024-09-15 11:00:00+00:00
2025-12-15 11:43:22 [INFO] __main__ - [fetch_race_start_time] use first GREEN as race_start: 2024-09-15 10:20:01+00:00
2025-12-15 11:43:22 [DEBUG] __main__ - [get_openf1] GET https://api.openf1.org/v1/laps params={'session_key': 9598, 'driver_number': 81}
2025-12-15 11:43:23 [INFO] __main__ - [fetch_laps] fill lap 1 date_start with race_start=2024-09-15 10:20:01+00:00
2025-12-15 11:43:23 [INFO] __main__ - [fetch_laps] driver=81, laps: min=1, max=51, count=51
2025-12-15 11:43:23 [DEBUG] __main__ - [fetch_laps] head:
   meeting_key  session_key  ...  st_speed  lap_duration_s
0         1245         9598  ...       317        2763.229
1         1245         9598  ...       319         108.796
2         1245         9598  ...       318         109.173
3         1245         9598  ...       320         108.123
4         1245         9598  ...       321         108.308

[5 rows x 17 columns]
2025-12-15 11:43:23 [INFO] __main__ - [build_driver_style_embedding_json] ref_driver=81, min_lap=1, max_lap=51
2025-12-15 11:43:23 [INFO] __main__ - [build_driver_style_embedding_json] phase_split plan =
2025-12-15 11:43:23 [INFO] __main__ -   opening: [1, 2, 3, 4, 5, 6, 7, 8, 9, 10, 11, 12, 13, 14, 15, 16, 17]
2025-12-15 11:43:23 [INFO] __main__ -   middle : [18, 19, 20, 21, 22, 23, 24, 25, 26, 27, 28, 29, 30, 31, 32, 33, 34]
2025-12-15 11:43:23 [INFO] __main__ -   ending : [35, 36, 37, 38, 39, 40, 41, 42, 43, 44, 45, 46, 47, 48, 49, 50, 51]
2025-12-15 11:43:23 [INFO] __main__ - [build_driver_style_embedding_json] compute features for driver=81
2025-12-15 11:43:23 [DEBUG] __main__ - [get_openf1] GET https://api.openf1.org/v1/laps params={'session_key': 9598, 'driver_number': 81}
2025-12-15 11:43:24 [DEBUG] __main__ - [get_openf1] GET https://api.openf1.org/v1/sessions params={'session_key': 9598}
2025-12-15 11:43:24 [INFO] __main__ - [fetch_session_start] session_key=9598, date_start=2024-09-15 11:00:00+00:00
2025-12-15 11:43:24 [INFO] __main__ - [fetch_race_start_time] use first GREEN as race_start: 2024-09-15 10:20:01+00:00
2025-12-15 11:43:24 [INFO] __main__ - [fetch_laps] fill lap 1 date_start with race_start=2024-09-15 10:20:01+00:00
2025-12-15 11:43:24 [INFO] __main__ - [fetch_laps] driver=81, laps: min=1, max=51, count=51
2025-12-15 11:43:24 [DEBUG] __main__ - [fetch_laps] head:
   meeting_key  session_key  ...  st_speed  lap_duration_s
0         1245         9598  ...       317        2763.229
1         1245         9598  ...       319         108.796
2         1245         9598  ...       318         109.173
3         1245         9598  ...       320         108.123
4         1245         9598  ...       321         108.308

[5 rows x 17 columns]
2025-12-15 11:43:24 [DEBUG] __main__ - [build_lap_status_mapping] status_by_lap={1: 'YELLOW', 2: 'GREEN', 3: 'GREEN', 4: 'GREEN', 5: 'GREEN', 6: 'GREEN', 7: 'GREEN', 8: 'GREEN', 9: 'GREEN', 10: 'GREEN', 11: 'GREEN', 12: 'GREEN', 13: 'GREEN', 14: 'GREEN', 15: 'GREEN', 16: 'GREEN', 17: 'GREEN', 18: 'GREEN', 19: 'GREEN', 20: 'GREEN', 21: 'GREEN', 22: 'GREEN', 23: 'GREEN', 24: 'GREEN', 25: 'GREEN', 26: 'GREEN', 27: 'GREEN', 28: 'GREEN', 29: 'GREEN', 30: 'GREEN', 31: 'GREEN', 32: 'GREEN', 33: 'GREEN', 34: 'GREEN', 35: 'GREEN', 36: 'YELLOW', 37: 'GREEN', 38: 'GREEN', 39: 'GREEN', 40: 'GREEN', 41: 'GREEN', 42: 'GREEN', 43: 'GREEN', 44: 'GREEN', 45: 'GREEN', 46: 'GREEN', 47: 'GREEN', 48: 'GREEN', 49: 'GREEN', 50: 'YELLOW', 51: 'VSC;YELLOW;RED_FLAG;CHEQUERED'}
2025-12-15 11:43:24 [INFO] __main__ - [compute_lap_features_for_driver] driver=81, typical_duration_s=107.951
2025-12-15 11:43:24 [INFO] __main__ - [compute_lap_features_for_driver] driver=81 lap=1 DROP (YELLOW_FLAG_LAP), status=YELLOW, duration=2763.2s
2025-12-15 11:43:24 [INFO] __main__ - [compute_lap_features_for_driver] driver=81 lap=2 KEEP, status=GREEN, duration=108.8s
2025-12-15 11:43:24 [DEBUG] __main__ - [get_openf1] GET https://api.openf1.org/v1/car_data params={'session_key': 9598, 'driver_number': 81, 'date>': '2024-09-15T11:06:04.229000+00:00', 'date<': '2024-09-15T11:07:53.025000+00:00'}
2025-12-15 11:43:25 [DEBUG] __main__ - [compute_lap_features_for_driver] driver=81 lap=2, car_data rows=392
2025-12-15 11:43:25 [INFO] __main__ - [compute_lap_features_for_driver] driver=81 lap=3 KEEP, status=GREEN, duration=109.2s
2025-12-15 11:43:25 [DEBUG] __main__ - [get_openf1] GET https://api.openf1.org/v1/car_data params={'session_key': 9598, 'driver_number': 81, 'date>': '2024-09-15T11:07:53.025000+00:00', 'date<': '2024-09-15T11:09:42.198000+00:00'}
2025-12-15 11:43:26 [DEBUG] __main__ - [compute_lap_features_for_driver] driver=81 lap=3, car_data rows=407
2025-12-15 11:43:26 [INFO] __main__ - [compute_lap_features_for_driver] driver=81 lap=4 KEEP, status=GREEN, duration=108.1s
2025-12-15 11:43:26 [DEBUG] __main__ - [get_openf1] GET https://api.openf1.org/v1/car_data params={'session_key': 9598, 'driver_number': 81, 'date>': '2024-09-15T11:09:42.198000+00:00', 'date<': '2024-09-15T11:11:30.321000+00:00'}
2025-12-15 11:43:27 [DEBUG] __main__ - [compute_lap_features_for_driver] driver=81 lap=4, car_data rows=407
2025-12-15 11:43:27 [INFO] __main__ - [compute_lap_features_for_driver] driver=81 lap=5 KEEP, status=GREEN, duration=108.3s
2025-12-15 11:43:27 [DEBUG] __main__ - [get_openf1] GET https://api.openf1.org/v1/car_data params={'session_key': 9598, 'driver_number': 81, 'date>': '2024-09-15T11:11:30.321000+00:00', 'date<': '2024-09-15T11:13:18.629000+00:00'}
2025-12-15 11:43:28 [DEBUG] __main__ - [compute_lap_features_for_driver] driver=81 lap=5, car_data rows=415
2025-12-15 11:43:28 [INFO] __main__ - [compute_lap_features_for_driver] driver=81 lap=6 KEEP, status=GREEN, duration=108.6s
2025-12-15 11:43:28 [DEBUG] __main__ - [get_openf1] GET https://api.openf1.org/v1/car_data params={'session_key': 9598, 'driver_number': 81, 'date>': '2024-09-15T11:13:18.629000+00:00', 'date<': '2024-09-15T11:15:07.228000+00:00'}
2025-12-15 11:43:29 [DEBUG] __main__ - [compute_lap_features_for_driver] driver=81 lap=6, car_data rows=395
2025-12-15 11:43:29 [INFO] __main__ - [compute_lap_features_for_driver] driver=81 lap=7 KEEP, status=GREEN, duration=109.1s
2025-12-15 11:43:29 [DEBUG] __main__ - [get_openf1] GET https://api.openf1.org/v1/car_data params={'session_key': 9598, 'driver_number': 81, 'date>': '2024-09-15T11:15:07.228000+00:00', 'date<': '2024-09-15T11:16:56.304000+00:00'}
2025-12-15 11:43:30 [DEBUG] __main__ - [compute_lap_features_for_driver] driver=81 lap=7, car_data rows=413
2025-12-15 11:43:30 [INFO] __main__ - [compute_lap_features_for_driver] driver=81 lap=8 KEEP, status=GREEN, duration=108.0s
2025-12-15 11:43:30 [DEBUG] __main__ - [get_openf1] GET https://api.openf1.org/v1/car_data params={'session_key': 9598, 'driver_number': 81, 'date>': '2024-09-15T11:16:56.304000+00:00', 'date<': '2024-09-15T11:18:44.350000+00:00'}
2025-12-15 11:43:31 [DEBUG] __main__ - [compute_lap_features_for_driver] driver=81 lap=8, car_data rows=418
2025-12-15 11:43:31 [INFO] __main__ - [compute_lap_features_for_driver] driver=81 lap=9 KEEP, status=GREEN, duration=108.2s
2025-12-15 11:43:31 [DEBUG] __main__ - [get_openf1] GET https://api.openf1.org/v1/car_data params={'session_key': 9598, 'driver_number': 81, 'date>': '2024-09-15T11:18:44.350000+00:00', 'date<': '2024-09-15T11:20:32.573000+00:00'}
2025-12-15 11:43:32 [DEBUG] __main__ - [compute_lap_features_for_driver] driver=81 lap=9, car_data rows=403
2025-12-15 11:43:32 [INFO] __main__ - [compute_lap_features_for_driver] driver=81 lap=10 KEEP, status=GREEN, duration=108.6s
2025-12-15 11:43:32 [DEBUG] __main__ - [get_openf1] GET https://api.openf1.org/v1/car_data params={'session_key': 9598, 'driver_number': 81, 'date>': '2024-09-15T11:20:32.573000+00:00', 'date<': '2024-09-15T11:22:21.170000+00:00'}
2025-12-15 11:43:33 [DEBUG] __main__ - [compute_lap_features_for_driver] driver=81 lap=10, car_data rows=403
2025-12-15 11:43:33 [INFO] __main__ - [compute_lap_features_for_driver] driver=81 lap=11 KEEP, status=GREEN, duration=108.3s
2025-12-15 11:43:33 [DEBUG] __main__ - [get_openf1] GET https://api.openf1.org/v1/car_data params={'session_key': 9598, 'driver_number': 81, 'date>': '2024-09-15T11:22:21.170000+00:00', 'date<': '2024-09-15T11:24:09.421000+00:00'}
2025-12-15 11:43:34 [DEBUG] __main__ - [compute_lap_features_for_driver] driver=81 lap=11, car_data rows=409
2025-12-15 11:43:34 [INFO] __main__ - [compute_lap_features_for_driver] driver=81 lap=12 KEEP, status=GREEN, duration=108.9s
2025-12-15 11:43:34 [DEBUG] __main__ - [get_openf1] GET https://api.openf1.org/v1/car_data params={'session_key': 9598, 'driver_number': 81, 'date>': '2024-09-15T11:24:09.421000+00:00', 'date<': '2024-09-15T11:25:58.346000+00:00'}
2025-12-15 11:43:36 [DEBUG] __main__ - [compute_lap_features_for_driver] driver=81 lap=12, car_data rows=407
2025-12-15 11:43:36 [INFO] __main__ - [compute_lap_features_for_driver] driver=81 lap=13 KEEP, status=GREEN, duration=109.3s
2025-12-15 11:43:36 [DEBUG] __main__ - [get_openf1] GET https://api.openf1.org/v1/car_data params={'session_key': 9598, 'driver_number': 81, 'date>': '2024-09-15T11:25:58.346000+00:00', 'date<': '2024-09-15T11:27:47.608000+00:00'}
2025-12-15 11:43:36 [DEBUG] __main__ - [compute_lap_features_for_driver] driver=81 lap=13, car_data rows=412
2025-12-15 11:43:36 [INFO] __main__ - [compute_lap_features_for_driver] driver=81 lap=14 KEEP, status=GREEN, duration=109.9s
2025-12-15 11:43:36 [DEBUG] __main__ - [get_openf1] GET https://api.openf1.org/v1/car_data params={'session_key': 9598, 'driver_number': 81, 'date>': '2024-09-15T11:27:47.608000+00:00', 'date<': '2024-09-15T11:29:37.502000+00:00'}
2025-12-15 11:43:37 [DEBUG] __main__ - [compute_lap_features_for_driver] driver=81 lap=14, car_data rows=419
2025-12-15 11:43:37 [INFO] __main__ - [compute_lap_features_for_driver] driver=81 lap=15 KEEP, status=GREEN, duration=113.1s
2025-12-15 11:43:37 [DEBUG] __main__ - [get_openf1] GET https://api.openf1.org/v1/car_data params={'session_key': 9598, 'driver_number': 81, 'date>': '2024-09-15T11:29:37.502000+00:00', 'date<': '2024-09-15T11:31:30.644000+00:00'}
2025-12-15 11:43:38 [DEBUG] __main__ - [compute_lap_features_for_driver] driver=81 lap=15, car_data rows=427
2025-12-15 11:43:38 [INFO] __main__ - [compute_lap_features_for_driver] driver=81 lap=16 KEEP, status=GREEN, duration=123.3s
2025-12-15 11:43:38 [DEBUG] __main__ - [get_openf1] GET https://api.openf1.org/v1/car_data params={'session_key': 9598, 'driver_number': 81, 'date>': '2024-09-15T11:31:30.644000+00:00', 'date<': '2024-09-15T11:33:33.946000+00:00'}
2025-12-15 11:43:39 [DEBUG] __main__ - [compute_lap_features_for_driver] driver=81 lap=16, car_data rows=458
2025-12-15 11:43:39 [INFO] __main__ - [compute_lap_features_for_driver] driver=81 lap=17 KEEP, status=GREEN, duration=108.5s
2025-12-15 11:43:39 [DEBUG] __main__ - [get_openf1] GET https://api.openf1.org/v1/car_data params={'session_key': 9598, 'driver_number': 81, 'date>': '2024-09-15T11:33:33.946000+00:00', 'date<': '2024-09-15T11:35:22.457000+00:00'}
2025-12-15 11:43:40 [DEBUG] __main__ - [compute_lap_features_for_driver] driver=81 lap=17, car_data rows=403
2025-12-15 11:43:40 [INFO] __main__ - [compute_lap_features_for_driver] driver=81 lap=18 KEEP, status=GREEN, duration=108.0s
2025-12-15 11:43:40 [DEBUG] __main__ - [get_openf1] GET https://api.openf1.org/v1/car_data params={'session_key': 9598, 'driver_number': 81, 'date>': '2024-09-15T11:35:22.457000+00:00', 'date<': '2024-09-15T11:37:10.455000+00:00'}
2025-12-15 11:43:41 [DEBUG] __main__ - [compute_lap_features_for_driver] driver=81 lap=18, car_data rows=410
2025-12-15 11:43:41 [INFO] __main__ - [compute_lap_features_for_driver] driver=81 lap=19 KEEP, status=GREEN, duration=107.4s
2025-12-15 11:43:41 [DEBUG] __main__ - [get_openf1] GET https://api.openf1.org/v1/car_data params={'session_key': 9598, 'driver_number': 81, 'date>': '2024-09-15T11:37:10.455000+00:00', 'date<': '2024-09-15T11:38:57.880000+00:00'}
2025-12-15 11:43:42 [DEBUG] __main__ - [compute_lap_features_for_driver] driver=81 lap=19, car_data rows=410
2025-12-15 11:43:42 [INFO] __main__ - [compute_lap_features_for_driver] driver=81 lap=20 KEEP, status=GREEN, duration=109.1s
2025-12-15 11:43:42 [DEBUG] __main__ - [get_openf1] GET https://api.openf1.org/v1/car_data params={'session_key': 9598, 'driver_number': 81, 'date>': '2024-09-15T11:38:57.880000+00:00', 'date<': '2024-09-15T11:40:46.953000+00:00'}
2025-12-15 11:43:43 [DEBUG] __main__ - [compute_lap_features_for_driver] driver=81 lap=20, car_data rows=411
2025-12-15 11:43:43 [INFO] __main__ - [compute_lap_features_for_driver] driver=81 lap=21 KEEP, status=GREEN, duration=107.6s
2025-12-15 11:43:43 [DEBUG] __main__ - [get_openf1] GET https://api.openf1.org/v1/car_data params={'session_key': 9598, 'driver_number': 81, 'date>': '2024-09-15T11:40:46.953000+00:00', 'date<': '2024-09-15T11:42:34.584000+00:00'}
2025-12-15 11:43:44 [DEBUG] __main__ - [compute_lap_features_for_driver] driver=81 lap=21, car_data rows=417
2025-12-15 11:43:44 [INFO] __main__ - [compute_lap_features_for_driver] driver=81 lap=22 KEEP, status=GREEN, duration=107.7s
2025-12-15 11:43:44 [DEBUG] __main__ - [get_openf1] GET https://api.openf1.org/v1/car_data params={'session_key': 9598, 'driver_number': 81, 'date>': '2024-09-15T11:42:34.584000+00:00', 'date<': '2024-09-15T11:44:22.322000+00:00'}
2025-12-15 11:43:44 [DEBUG] __main__ - [compute_lap_features_for_driver] driver=81 lap=22, car_data rows=406
2025-12-15 11:43:44 [INFO] __main__ - [compute_lap_features_for_driver] driver=81 lap=23 KEEP, status=GREEN, duration=107.5s
2025-12-15 11:43:44 [DEBUG] __main__ - [get_openf1] GET https://api.openf1.org/v1/car_data params={'session_key': 9598, 'driver_number': 81, 'date>': '2024-09-15T11:44:22.322000+00:00', 'date<': '2024-09-15T11:46:09.786000+00:00'}
2025-12-15 11:43:45 [DEBUG] __main__ - [compute_lap_features_for_driver] driver=81 lap=23, car_data rows=400
2025-12-15 11:43:45 [INFO] __main__ - [compute_lap_features_for_driver] driver=81 lap=24 KEEP, status=GREEN, duration=106.9s
2025-12-15 11:43:45 [DEBUG] __main__ - [get_openf1] GET https://api.openf1.org/v1/car_data params={'session_key': 9598, 'driver_number': 81, 'date>': '2024-09-15T11:46:09.786000+00:00', 'date<': '2024-09-15T11:47:56.674000+00:00'}
2025-12-15 11:43:46 [DEBUG] __main__ - [compute_lap_features_for_driver] driver=81 lap=24, car_data rows=414
2025-12-15 11:43:46 [INFO] __main__ - [compute_lap_features_for_driver] driver=81 lap=25 KEEP, status=GREEN, duration=107.5s
2025-12-15 11:43:46 [DEBUG] __main__ - [get_openf1] GET https://api.openf1.org/v1/car_data params={'session_key': 9598, 'driver_number': 81, 'date>': '2024-09-15T11:47:56.674000+00:00', 'date<': '2024-09-15T11:49:44.218000+00:00'}
2025-12-15 11:43:47 [DEBUG] __main__ - [compute_lap_features_for_driver] driver=81 lap=25, car_data rows=405
2025-12-15 11:43:47 [INFO] __main__ - [compute_lap_features_for_driver] driver=81 lap=26 KEEP, status=GREEN, duration=107.5s
2025-12-15 11:43:47 [DEBUG] __main__ - [get_openf1] GET https://api.openf1.org/v1/car_data params={'session_key': 9598, 'driver_number': 81, 'date>': '2024-09-15T11:49:44.218000+00:00', 'date<': '2024-09-15T11:51:31.735000+00:00'}
2025-12-15 11:43:48 [DEBUG] __main__ - [compute_lap_features_for_driver] driver=81 lap=26, car_data rows=408
2025-12-15 11:43:48 [INFO] __main__ - [compute_lap_features_for_driver] driver=81 lap=27 KEEP, status=GREEN, duration=107.4s
2025-12-15 11:43:48 [DEBUG] __main__ - [get_openf1] GET https://api.openf1.org/v1/car_data params={'session_key': 9598, 'driver_number': 81, 'date>': '2024-09-15T11:51:31.735000+00:00', 'date<': '2024-09-15T11:53:19.089000+00:00'}
2025-12-15 11:43:48 [DEBUG] __main__ - [compute_lap_features_for_driver] driver=81 lap=27, car_data rows=401
2025-12-15 11:43:48 [INFO] __main__ - [compute_lap_features_for_driver] driver=81 lap=28 KEEP, status=GREEN, duration=107.7s
2025-12-15 11:43:48 [DEBUG] __main__ - [get_openf1] GET https://api.openf1.org/v1/car_data params={'session_key': 9598, 'driver_number': 81, 'date>': '2024-09-15T11:53:19.089000+00:00', 'date<': '2024-09-15T11:55:06.743000+00:00'}
2025-12-15 11:43:49 [DEBUG] __main__ - [compute_lap_features_for_driver] driver=81 lap=28, car_data rows=404
2025-12-15 11:43:49 [INFO] __main__ - [compute_lap_features_for_driver] driver=81 lap=29 KEEP, status=GREEN, duration=107.6s
2025-12-15 11:43:49 [DEBUG] __main__ - [get_openf1] GET https://api.openf1.org/v1/car_data params={'session_key': 9598, 'driver_number': 81, 'date>': '2024-09-15T11:55:06.743000+00:00', 'date<': '2024-09-15T11:56:54.331000+00:00'}
2025-12-15 11:43:50 [DEBUG] __main__ - [compute_lap_features_for_driver] driver=81 lap=29, car_data rows=408
2025-12-15 11:43:50 [INFO] __main__ - [compute_lap_features_for_driver] driver=81 lap=30 KEEP, status=GREEN, duration=107.6s
2025-12-15 11:43:50 [DEBUG] __main__ - [get_openf1] GET https://api.openf1.org/v1/car_data params={'session_key': 9598, 'driver_number': 81, 'date>': '2024-09-15T11:56:54.331000+00:00', 'date<': '2024-09-15T11:58:41.915000+00:00'}
2025-12-15 11:43:51 [DEBUG] __main__ - [compute_lap_features_for_driver] driver=81 lap=30, car_data rows=406
2025-12-15 11:43:51 [INFO] __main__ - [compute_lap_features_for_driver] driver=81 lap=31 KEEP, status=GREEN, duration=108.0s
2025-12-15 11:43:51 [DEBUG] __main__ - [get_openf1] GET https://api.openf1.org/v1/car_data params={'session_key': 9598, 'driver_number': 81, 'date>': '2024-09-15T11:58:41.915000+00:00', 'date<': '2024-09-15T12:00:29.891000+00:00'}
2025-12-15 11:43:52 [DEBUG] __main__ - [compute_lap_features_for_driver] driver=81 lap=31, car_data rows=404
2025-12-15 11:43:52 [INFO] __main__ - [compute_lap_features_for_driver] driver=81 lap=32 KEEP, status=GREEN, duration=108.1s
2025-12-15 11:43:52 [DEBUG] __main__ - [get_openf1] GET https://api.openf1.org/v1/car_data params={'session_key': 9598, 'driver_number': 81, 'date>': '2024-09-15T12:00:29.891000+00:00', 'date<': '2024-09-15T12:02:17.983000+00:00'}
2025-12-15 11:43:54 [DEBUG] __main__ - [compute_lap_features_for_driver] driver=81 lap=32, car_data rows=412
2025-12-15 11:43:54 [INFO] __main__ - [compute_lap_features_for_driver] driver=81 lap=33 KEEP, status=GREEN, duration=108.5s
2025-12-15 11:43:54 [DEBUG] __main__ - [get_openf1] GET https://api.openf1.org/v1/car_data params={'session_key': 9598, 'driver_number': 81, 'date>': '2024-09-15T12:02:17.983000+00:00', 'date<': '2024-09-15T12:04:06.473000+00:00'}
2025-12-15 11:43:55 [DEBUG] __main__ - [compute_lap_features_for_driver] driver=81 lap=33, car_data rows=416
2025-12-15 11:43:55 [INFO] __main__ - [compute_lap_features_for_driver] driver=81 lap=34 KEEP, status=GREEN, duration=108.0s
2025-12-15 11:43:55 [DEBUG] __main__ - [get_openf1] GET https://api.openf1.org/v1/car_data params={'session_key': 9598, 'driver_number': 81, 'date>': '2024-09-15T12:04:06.473000+00:00', 'date<': '2024-09-15T12:05:54.431000+00:00'}
2025-12-15 11:43:56 [DEBUG] __main__ - [compute_lap_features_for_driver] driver=81 lap=34, car_data rows=398
2025-12-15 11:43:56 [INFO] __main__ - [compute_lap_features_for_driver] driver=81 lap=35 KEEP, status=GREEN, duration=107.8s
2025-12-15 11:43:56 [DEBUG] __main__ - [get_openf1] GET https://api.openf1.org/v1/car_data params={'session_key': 9598, 'driver_number': 81, 'date>': '2024-09-15T12:05:54.431000+00:00', 'date<': '2024-09-15T12:07:42.206000+00:00'}
2025-12-15 11:43:57 [DEBUG] __main__ - [compute_lap_features_for_driver] driver=81 lap=35, car_data rows=410
2025-12-15 11:43:57 [INFO] __main__ - [compute_lap_features_for_driver] driver=81 lap=36 DROP (YELLOW_FLAG_LAP), status=YELLOW, duration=108.0s
2025-12-15 11:43:57 [INFO] __main__ - [compute_lap_features_for_driver] driver=81 lap=37 KEEP, status=GREEN, duration=108.0s
2025-12-15 11:43:57 [DEBUG] __main__ - [get_openf1] GET https://api.openf1.org/v1/car_data params={'session_key': 9598, 'driver_number': 81, 'date>': '2024-09-15T12:09:30.157000+00:00', 'date<': '2024-09-15T12:11:18.122000+00:00'}
2025-12-15 11:43:58 [DEBUG] __main__ - [compute_lap_features_for_driver] driver=81 lap=37, car_data rows=406
2025-12-15 11:43:58 [INFO] __main__ - [compute_lap_features_for_driver] driver=81 lap=38 KEEP, status=GREEN, duration=107.8s
2025-12-15 11:43:58 [DEBUG] __main__ - [get_openf1] GET https://api.openf1.org/v1/car_data params={'session_key': 9598, 'driver_number': 81, 'date>': '2024-09-15T12:11:18.122000+00:00', 'date<': '2024-09-15T12:13:05.890000+00:00'}
2025-12-15 11:43:58 [DEBUG] __main__ - [compute_lap_features_for_driver] driver=81 lap=38, car_data rows=410
2025-12-15 11:43:58 [INFO] __main__ - [compute_lap_features_for_driver] driver=81 lap=39 KEEP, status=GREEN, duration=107.6s
2025-12-15 11:43:58 [DEBUG] __main__ - [get_openf1] GET https://api.openf1.org/v1/car_data params={'session_key': 9598, 'driver_number': 81, 'date>': '2024-09-15T12:13:05.890000+00:00', 'date<': '2024-09-15T12:14:53.463000+00:00'}
2025-12-15 11:43:59 [DEBUG] __main__ - [compute_lap_features_for_driver] driver=81 lap=39, car_data rows=407
2025-12-15 11:43:59 [INFO] __main__ - [compute_lap_features_for_driver] driver=81 lap=40 KEEP, status=GREEN, duration=107.6s
2025-12-15 11:43:59 [DEBUG] __main__ - [get_openf1] GET https://api.openf1.org/v1/car_data params={'session_key': 9598, 'driver_number': 81, 'date>': '2024-09-15T12:14:53.463000+00:00', 'date<': '2024-09-15T12:16:41.044000+00:00'}
2025-12-15 11:44:00 [DEBUG] __main__ - [compute_lap_features_for_driver] driver=81 lap=40, car_data rows=402
2025-12-15 11:44:00 [INFO] __main__ - [compute_lap_features_for_driver] driver=81 lap=41 KEEP, status=GREEN, duration=108.2s
2025-12-15 11:44:00 [DEBUG] __main__ - [get_openf1] GET https://api.openf1.org/v1/car_data params={'session_key': 9598, 'driver_number': 81, 'date>': '2024-09-15T12:16:41.044000+00:00', 'date<': '2024-09-15T12:18:29.230000+00:00'}
2025-12-15 11:44:01 [DEBUG] __main__ - [compute_lap_features_for_driver] driver=81 lap=41, car_data rows=409
2025-12-15 11:44:01 [INFO] __main__ - [compute_lap_features_for_driver] driver=81 lap=42 KEEP, status=GREEN, duration=107.6s
2025-12-15 11:44:01 [DEBUG] __main__ - [get_openf1] GET https://api.openf1.org/v1/car_data params={'session_key': 9598, 'driver_number': 81, 'date>': '2024-09-15T12:18:29.230000+00:00', 'date<': '2024-09-15T12:20:16.869000+00:00'}
2025-12-15 11:44:02 [DEBUG] __main__ - [compute_lap_features_for_driver] driver=81 lap=42, car_data rows=416
2025-12-15 11:44:02 [INFO] __main__ - [compute_lap_features_for_driver] driver=81 lap=43 KEEP, status=GREEN, duration=107.4s
2025-12-15 11:44:02 [DEBUG] __main__ - [get_openf1] GET https://api.openf1.org/v1/car_data params={'session_key': 9598, 'driver_number': 81, 'date>': '2024-09-15T12:20:16.869000+00:00', 'date<': '2024-09-15T12:22:04.235000+00:00'}
2025-12-15 11:44:03 [DEBUG] __main__ - [compute_lap_features_for_driver] driver=81 lap=43, car_data rows=401
2025-12-15 11:44:03 [INFO] __main__ - [compute_lap_features_for_driver] driver=81 lap=44 KEEP, status=GREEN, duration=107.4s
2025-12-15 11:44:03 [DEBUG] __main__ - [get_openf1] GET https://api.openf1.org/v1/car_data params={'session_key': 9598, 'driver_number': 81, 'date>': '2024-09-15T12:22:04.235000+00:00', 'date<': '2024-09-15T12:23:51.597000+00:00'}
2025-12-15 11:44:04 [DEBUG] __main__ - [compute_lap_features_for_driver] driver=81 lap=44, car_data rows=403
2025-12-15 11:44:04 [INFO] __main__ - [compute_lap_features_for_driver] driver=81 lap=45 KEEP, status=GREEN, duration=107.8s
2025-12-15 11:44:04 [DEBUG] __main__ - [get_openf1] GET https://api.openf1.org/v1/car_data params={'session_key': 9598, 'driver_number': 81, 'date>': '2024-09-15T12:23:51.597000+00:00', 'date<': '2024-09-15T12:25:39.362000+00:00'}
2025-12-15 11:44:04 [DEBUG] __main__ - [compute_lap_features_for_driver] driver=81 lap=45, car_data rows=406
2025-12-15 11:44:04 [INFO] __main__ - [compute_lap_features_for_driver] driver=81 lap=46 KEEP, status=GREEN, duration=107.3s
2025-12-15 11:44:04 [DEBUG] __main__ - [get_openf1] GET https://api.openf1.org/v1/car_data params={'session_key': 9598, 'driver_number': 81, 'date>': '2024-09-15T12:25:39.362000+00:00', 'date<': '2024-09-15T12:27:26.629000+00:00'}
2025-12-15 11:44:05 [DEBUG] __main__ - [compute_lap_features_for_driver] driver=81 lap=46, car_data rows=408
2025-12-15 11:44:05 [INFO] __main__ - [compute_lap_features_for_driver] driver=81 lap=47 KEEP, status=GREEN, duration=107.3s
2025-12-15 11:44:05 [DEBUG] __main__ - [get_openf1] GET https://api.openf1.org/v1/car_data params={'session_key': 9598, 'driver_number': 81, 'date>': '2024-09-15T12:27:26.629000+00:00', 'date<': '2024-09-15T12:29:13.926000+00:00'}
2025-12-15 11:44:06 [DEBUG] __main__ - [compute_lap_features_for_driver] driver=81 lap=47, car_data rows=406
2025-12-15 11:44:06 [INFO] __main__ - [compute_lap_features_for_driver] driver=81 lap=48 KEEP, status=GREEN, duration=107.6s
2025-12-15 11:44:06 [DEBUG] __main__ - [get_openf1] GET https://api.openf1.org/v1/car_data params={'session_key': 9598, 'driver_number': 81, 'date>': '2024-09-15T12:29:13.926000+00:00', 'date<': '2024-09-15T12:31:01.504000+00:00'}
2025-12-15 11:44:07 [DEBUG] __main__ - [compute_lap_features_for_driver] driver=81 lap=48, car_data rows=404
2025-12-15 11:44:07 [INFO] __main__ - [compute_lap_features_for_driver] driver=81 lap=49 KEEP, status=GREEN, duration=107.3s
2025-12-15 11:44:07 [DEBUG] __main__ - [get_openf1] GET https://api.openf1.org/v1/car_data params={'session_key': 9598, 'driver_number': 81, 'date>': '2024-09-15T12:31:01.504000+00:00', 'date<': '2024-09-15T12:32:48.788000+00:00'}
2025-12-15 11:44:07 [DEBUG] __main__ - [compute_lap_features_for_driver] driver=81 lap=49, car_data rows=405
2025-12-15 11:44:07 [INFO] __main__ - [compute_lap_features_for_driver] driver=81 lap=50 DROP (YELLOW_FLAG_LAP), status=YELLOW, duration=107.2s
2025-12-15 11:44:07 [INFO] __main__ - [compute_lap_features_for_driver] driver=81 lap=51 DROP (VSC_LAP), status=VSC;YELLOW;RED_FLAG;CHEQUERED, duration=nans
2025-12-15 11:44:08 [INFO] __main__ - [compute_lap_features_for_driver] driver=81, feature laps=[2, 3, 4, 5, 6, 7, 8, 9, 10, 11, 12, 13, 14, 15, 16, 17, 18, 19, 20, 21, 22, 23, 24, 25, 26, 27, 28, 29, 30, 31, 32, 33, 34, 35, 37, 38, 39, 40, 41, 42, 43, 44, 45, 46, 47, 48, 49]
2025-12-15 11:44:08 [INFO] __main__ - [build_driver_style_embedding_json] compute features for driver=4
2025-12-15 11:44:08 [DEBUG] __main__ - [get_openf1] GET https://api.openf1.org/v1/laps params={'session_key': 9598, 'driver_number': 4}
2025-12-15 11:44:08 [DEBUG] __main__ - [get_openf1] GET https://api.openf1.org/v1/sessions params={'session_key': 9598}
2025-12-15 11:44:09 [INFO] __main__ - [fetch_session_start] session_key=9598, date_start=2024-09-15 11:00:00+00:00
2025-12-15 11:44:09 [INFO] __main__ - [fetch_race_start_time] use first GREEN as race_start: 2024-09-15 10:20:01+00:00
2025-12-15 11:44:09 [INFO] __main__ - [fetch_laps] fill lap 1 date_start with race_start=2024-09-15 10:20:01+00:00
2025-12-15 11:44:09 [INFO] __main__ - [fetch_laps] driver=4, laps: min=1, max=51, count=51
2025-12-15 11:44:09 [DEBUG] __main__ - [fetch_laps] head:
   meeting_key  session_key  ...  st_speed  lap_duration_s
0         1245         9598  ...       316        2773.982
1         1245         9598  ...       324         111.737
2         1245         9598  ...       320         110.150
3         1245         9598  ...       321         109.780
4         1245         9598  ...       321         109.665

[5 rows x 17 columns]
2025-12-15 11:44:09 [DEBUG] __main__ - [build_lap_status_mapping] status_by_lap={1: 'YELLOW', 2: 'GREEN', 3: 'GREEN', 4: 'GREEN', 5: 'GREEN', 6: 'GREEN', 7: 'GREEN', 8: 'GREEN', 9: 'GREEN', 10: 'GREEN', 11: 'GREEN', 12: 'GREEN', 13: 'GREEN', 14: 'GREEN', 15: 'GREEN', 16: 'GREEN', 17: 'GREEN', 18: 'GREEN', 19: 'GREEN', 20: 'GREEN', 21: 'GREEN', 22: 'GREEN', 23: 'GREEN', 24: 'GREEN', 25: 'GREEN', 26: 'GREEN', 27: 'GREEN', 28: 'GREEN', 29: 'GREEN', 30: 'GREEN', 31: 'GREEN', 32: 'GREEN', 33: 'GREEN', 34: 'GREEN', 35: 'GREEN', 36: 'YELLOW', 37: 'GREEN', 38: 'GREEN', 39: 'GREEN', 40: 'GREEN', 41: 'GREEN', 42: 'GREEN', 43: 'GREEN', 44: 'GREEN', 45: 'GREEN', 46: 'GREEN', 47: 'GREEN', 48: 'GREEN', 49: 'GREEN', 50: 'VSC;YELLOW', 51: 'VSC;YELLOW;RED_FLAG;CHEQUERED'}
2025-12-15 11:44:09 [INFO] __main__ - [compute_lap_features_for_driver] driver=4, typical_duration_s=108.898
2025-12-15 11:44:09 [INFO] __main__ - [compute_lap_features_for_driver] driver=4 lap=1 DROP (YELLOW_FLAG_LAP), status=YELLOW, duration=2774.0s
2025-12-15 11:44:09 [INFO] __main__ - [compute_lap_features_for_driver] driver=4 lap=2 KEEP, status=GREEN, duration=111.7s
2025-12-15 11:44:09 [DEBUG] __main__ - [get_openf1] GET https://api.openf1.org/v1/car_data params={'session_key': 9598, 'driver_number': 4, 'date>': '2024-09-15T11:06:14.982000+00:00', 'date<': '2024-09-15T11:08:06.719000+00:00'}
2025-12-15 11:44:10 [DEBUG] __main__ - [compute_lap_features_for_driver] driver=4 lap=2, car_data rows=407
2025-12-15 11:44:10 [INFO] __main__ - [compute_lap_features_for_driver] driver=4 lap=3 KEEP, status=GREEN, duration=110.2s
2025-12-15 11:44:10 [DEBUG] __main__ - [get_openf1] GET https://api.openf1.org/v1/car_data params={'session_key': 9598, 'driver_number': 4, 'date>': '2024-09-15T11:08:06.719000+00:00', 'date<': '2024-09-15T11:09:56.869000+00:00'}
2025-12-15 11:44:11 [DEBUG] __main__ - [compute_lap_features_for_driver] driver=4 lap=3, car_data rows=410
2025-12-15 11:44:11 [INFO] __main__ - [compute_lap_features_for_driver] driver=4 lap=4 KEEP, status=GREEN, duration=109.8s
2025-12-15 11:44:11 [DEBUG] __main__ - [get_openf1] GET https://api.openf1.org/v1/car_data params={'session_key': 9598, 'driver_number': 4, 'date>': '2024-09-15T11:09:56.869000+00:00', 'date<': '2024-09-15T11:11:46.649000+00:00'}
2025-12-15 11:44:12 [DEBUG] __main__ - [compute_lap_features_for_driver] driver=4 lap=4, car_data rows=418
2025-12-15 11:44:12 [INFO] __main__ - [compute_lap_features_for_driver] driver=4 lap=5 KEEP, status=GREEN, duration=109.7s
2025-12-15 11:44:12 [DEBUG] __main__ - [get_openf1] GET https://api.openf1.org/v1/car_data params={'session_key': 9598, 'driver_number': 4, 'date>': '2024-09-15T11:11:46.649000+00:00', 'date<': '2024-09-15T11:13:36.314000+00:00'}
2025-12-15 11:44:13 [DEBUG] __main__ - [compute_lap_features_for_driver] driver=4 lap=5, car_data rows=416
2025-12-15 11:44:13 [INFO] __main__ - [compute_lap_features_for_driver] driver=4 lap=6 KEEP, status=GREEN, duration=109.2s
2025-12-15 11:44:13 [DEBUG] __main__ - [get_openf1] GET https://api.openf1.org/v1/car_data params={'session_key': 9598, 'driver_number': 4, 'date>': '2024-09-15T11:13:36.314000+00:00', 'date<': '2024-09-15T11:15:25.511000+00:00'}
2025-12-15 11:44:14 [DEBUG] __main__ - [compute_lap_features_for_driver] driver=4 lap=6, car_data rows=400
2025-12-15 11:44:14 [INFO] __main__ - [compute_lap_features_for_driver] driver=4 lap=7 KEEP, status=GREEN, duration=109.5s
2025-12-15 11:44:14 [DEBUG] __main__ - [get_openf1] GET https://api.openf1.org/v1/car_data params={'session_key': 9598, 'driver_number': 4, 'date>': '2024-09-15T11:15:25.511000+00:00', 'date<': '2024-09-15T11:17:14.978000+00:00'}
2025-12-15 11:44:14 [DEBUG] __main__ - [compute_lap_features_for_driver] driver=4 lap=7, car_data rows=416
2025-12-15 11:44:14 [INFO] __main__ - [compute_lap_features_for_driver] driver=4 lap=8 KEEP, status=GREEN, duration=109.0s
2025-12-15 11:44:14 [DEBUG] __main__ - [get_openf1] GET https://api.openf1.org/v1/car_data params={'session_key': 9598, 'driver_number': 4, 'date>': '2024-09-15T11:17:14.978000+00:00', 'date<': '2024-09-15T11:19:03.948000+00:00'}
2025-12-15 11:44:15 [DEBUG] __main__ - [compute_lap_features_for_driver] driver=4 lap=8, car_data rows=415
2025-12-15 11:44:15 [INFO] __main__ - [compute_lap_features_for_driver] driver=4 lap=9 KEEP, status=GREEN, duration=108.9s
2025-12-15 11:44:15 [DEBUG] __main__ - [get_openf1] GET https://api.openf1.org/v1/car_data params={'session_key': 9598, 'driver_number': 4, 'date>': '2024-09-15T11:19:03.948000+00:00', 'date<': '2024-09-15T11:20:52.820000+00:00'}
2025-12-15 11:44:17 [DEBUG] __main__ - [compute_lap_features_for_driver] driver=4 lap=9, car_data rows=408
2025-12-15 11:44:17 [INFO] __main__ - [compute_lap_features_for_driver] driver=4 lap=10 KEEP, status=GREEN, duration=108.9s
2025-12-15 11:44:17 [DEBUG] __main__ - [get_openf1] GET https://api.openf1.org/v1/car_data params={'session_key': 9598, 'driver_number': 4, 'date>': '2024-09-15T11:20:52.820000+00:00', 'date<': '2024-09-15T11:22:41.757000+00:00'}
2025-12-15 11:44:18 [DEBUG] __main__ - [compute_lap_features_for_driver] driver=4 lap=10, car_data rows=403
2025-12-15 11:44:18 [INFO] __main__ - [compute_lap_features_for_driver] driver=4 lap=11 KEEP, status=GREEN, duration=108.5s
2025-12-15 11:44:18 [DEBUG] __main__ - [get_openf1] GET https://api.openf1.org/v1/car_data params={'session_key': 9598, 'driver_number': 4, 'date>': '2024-09-15T11:22:41.757000+00:00', 'date<': '2024-09-15T11:24:30.247000+00:00'}
2025-12-15 11:44:20 [DEBUG] __main__ - [compute_lap_features_for_driver] driver=4 lap=11, car_data rows=415
2025-12-15 11:44:20 [INFO] __main__ - [compute_lap_features_for_driver] driver=4 lap=12 KEEP, status=GREEN, duration=109.2s
2025-12-15 11:44:20 [DEBUG] __main__ - [get_openf1] GET https://api.openf1.org/v1/car_data params={'session_key': 9598, 'driver_number': 4, 'date>': '2024-09-15T11:24:30.247000+00:00', 'date<': '2024-09-15T11:26:19.419000+00:00'}
2025-12-15 11:44:21 [DEBUG] __main__ - [compute_lap_features_for_driver] driver=4 lap=12, car_data rows=407
2025-12-15 11:44:21 [INFO] __main__ - [compute_lap_features_for_driver] driver=4 lap=13 KEEP, status=GREEN, duration=108.7s
2025-12-15 11:44:21 [DEBUG] __main__ - [get_openf1] GET https://api.openf1.org/v1/car_data params={'session_key': 9598, 'driver_number': 4, 'date>': '2024-09-15T11:26:19.419000+00:00', 'date<': '2024-09-15T11:28:08.143000+00:00'}
2025-12-15 11:44:22 [DEBUG] __main__ - [compute_lap_features_for_driver] driver=4 lap=13, car_data rows=408
2025-12-15 11:44:22 [INFO] __main__ - [compute_lap_features_for_driver] driver=4 lap=14 KEEP, status=GREEN, duration=108.9s
2025-12-15 11:44:22 [DEBUG] __main__ - [get_openf1] GET https://api.openf1.org/v1/car_data params={'session_key': 9598, 'driver_number': 4, 'date>': '2024-09-15T11:28:08.143000+00:00', 'date<': '2024-09-15T11:29:57.064000+00:00'}
2025-12-15 11:44:23 [DEBUG] __main__ - [compute_lap_features_for_driver] driver=4 lap=14, car_data rows=420
2025-12-15 11:44:23 [INFO] __main__ - [compute_lap_features_for_driver] driver=4 lap=15 KEEP, status=GREEN, duration=110.5s
2025-12-15 11:44:23 [DEBUG] __main__ - [get_openf1] GET https://api.openf1.org/v1/car_data params={'session_key': 9598, 'driver_number': 4, 'date>': '2024-09-15T11:29:57.064000+00:00', 'date<': '2024-09-15T11:31:47.570000+00:00'}
2025-12-15 11:44:24 [DEBUG] __main__ - [compute_lap_features_for_driver] driver=4 lap=15, car_data rows=414
2025-12-15 11:44:24 [INFO] __main__ - [compute_lap_features_for_driver] driver=4 lap=16 KEEP, status=GREEN, duration=109.0s
2025-12-15 11:44:24 [DEBUG] __main__ - [get_openf1] GET https://api.openf1.org/v1/car_data params={'session_key': 9598, 'driver_number': 4, 'date>': '2024-09-15T11:31:47.570000+00:00', 'date<': '2024-09-15T11:33:36.604000+00:00'}
2025-12-15 11:44:25 [DEBUG] __main__ - [compute_lap_features_for_driver] driver=4 lap=16, car_data rows=402
2025-12-15 11:44:25 [INFO] __main__ - [compute_lap_features_for_driver] driver=4 lap=17 KEEP, status=GREEN, duration=108.8s
2025-12-15 11:44:25 [DEBUG] __main__ - [get_openf1] GET https://api.openf1.org/v1/car_data params={'session_key': 9598, 'driver_number': 4, 'date>': '2024-09-15T11:33:36.604000+00:00', 'date<': '2024-09-15T11:35:25.386000+00:00'}
2025-12-15 11:44:25 [DEBUG] __main__ - [compute_lap_features_for_driver] driver=4 lap=17, car_data rows=404
2025-12-15 11:44:25 [INFO] __main__ - [compute_lap_features_for_driver] driver=4 lap=18 KEEP, status=GREEN, duration=109.1s
2025-12-15 11:44:25 [DEBUG] __main__ - [get_openf1] GET https://api.openf1.org/v1/car_data params={'session_key': 9598, 'driver_number': 4, 'date>': '2024-09-15T11:35:25.386000+00:00', 'date<': '2024-09-15T11:37:14.473000+00:00'}
2025-12-15 11:44:26 [DEBUG] __main__ - [compute_lap_features_for_driver] driver=4 lap=18, car_data rows=414
2025-12-15 11:44:26 [INFO] __main__ - [compute_lap_features_for_driver] driver=4 lap=19 KEEP, status=GREEN, duration=109.3s
2025-12-15 11:44:26 [DEBUG] __main__ - [get_openf1] GET https://api.openf1.org/v1/car_data params={'session_key': 9598, 'driver_number': 4, 'date>': '2024-09-15T11:37:14.473000+00:00', 'date<': '2024-09-15T11:39:03.730000+00:00'}
2025-12-15 11:44:28 [DEBUG] __main__ - [compute_lap_features_for_driver] driver=4 lap=19, car_data rows=414
2025-12-15 11:44:28 [INFO] __main__ - [compute_lap_features_for_driver] driver=4 lap=20 KEEP, status=GREEN, duration=109.7s
2025-12-15 11:44:28 [DEBUG] __main__ - [get_openf1] GET https://api.openf1.org/v1/car_data params={'session_key': 9598, 'driver_number': 4, 'date>': '2024-09-15T11:39:03.730000+00:00', 'date<': '2024-09-15T11:40:53.455000+00:00'}
2025-12-15 11:44:28 [DEBUG] __main__ - [compute_lap_features_for_driver] driver=4 lap=20, car_data rows=417
2025-12-15 11:44:28 [INFO] __main__ - [compute_lap_features_for_driver] driver=4 lap=21 KEEP, status=GREEN, duration=108.9s
2025-12-15 11:44:28 [DEBUG] __main__ - [get_openf1] GET https://api.openf1.org/v1/car_data params={'session_key': 9598, 'driver_number': 4, 'date>': '2024-09-15T11:40:53.455000+00:00', 'date<': '2024-09-15T11:42:42.359000+00:00'}
2025-12-15 11:44:29 [DEBUG] __main__ - [compute_lap_features_for_driver] driver=4 lap=21, car_data rows=422
2025-12-15 11:44:29 [INFO] __main__ - [compute_lap_features_for_driver] driver=4 lap=22 KEEP, status=GREEN, duration=108.9s
2025-12-15 11:44:29 [DEBUG] __main__ - [get_openf1] GET https://api.openf1.org/v1/car_data params={'session_key': 9598, 'driver_number': 4, 'date>': '2024-09-15T11:42:42.359000+00:00', 'date<': '2024-09-15T11:44:31.257000+00:00'}
2025-12-15 11:44:30 [DEBUG] __main__ - [compute_lap_features_for_driver] driver=4 lap=22, car_data rows=413
2025-12-15 11:44:30 [INFO] __main__ - [compute_lap_features_for_driver] driver=4 lap=23 KEEP, status=GREEN, duration=109.5s
2025-12-15 11:44:30 [DEBUG] __main__ - [get_openf1] GET https://api.openf1.org/v1/car_data params={'session_key': 9598, 'driver_number': 4, 'date>': '2024-09-15T11:44:31.257000+00:00', 'date<': '2024-09-15T11:46:20.724000+00:00'}
2025-12-15 11:44:31 [DEBUG] __main__ - [compute_lap_features_for_driver] driver=4 lap=23, car_data rows=409
2025-12-15 11:44:31 [INFO] __main__ - [compute_lap_features_for_driver] driver=4 lap=24 KEEP, status=GREEN, duration=110.0s
2025-12-15 11:44:31 [DEBUG] __main__ - [get_openf1] GET https://api.openf1.org/v1/car_data params={'session_key': 9598, 'driver_number': 4, 'date>': '2024-09-15T11:46:20.724000+00:00', 'date<': '2024-09-15T11:48:10.729000+00:00'}
2025-12-15 11:44:32 [DEBUG] __main__ - [compute_lap_features_for_driver] driver=4 lap=24, car_data rows=423
2025-12-15 11:44:32 [INFO] __main__ - [compute_lap_features_for_driver] driver=4 lap=25 KEEP, status=GREEN, duration=108.7s
2025-12-15 11:44:32 [DEBUG] __main__ - [get_openf1] GET https://api.openf1.org/v1/car_data params={'session_key': 9598, 'driver_number': 4, 'date>': '2024-09-15T11:48:10.729000+00:00', 'date<': '2024-09-15T11:49:59.383000+00:00'}
2025-12-15 11:44:32 [DEBUG] __main__ - [compute_lap_features_for_driver] driver=4 lap=25, car_data rows=410
2025-12-15 11:44:32 [INFO] __main__ - [compute_lap_features_for_driver] driver=4 lap=26 KEEP, status=GREEN, duration=108.8s
2025-12-15 11:44:32 [DEBUG] __main__ - [get_openf1] GET https://api.openf1.org/v1/car_data params={'session_key': 9598, 'driver_number': 4, 'date>': '2024-09-15T11:49:59.383000+00:00', 'date<': '2024-09-15T11:51:48.198000+00:00'}
2025-12-15 11:44:33 [DEBUG] __main__ - [compute_lap_features_for_driver] driver=4 lap=26, car_data rows=413
2025-12-15 11:44:33 [INFO] __main__ - [compute_lap_features_for_driver] driver=4 lap=27 KEEP, status=GREEN, duration=109.2s
2025-12-15 11:44:33 [DEBUG] __main__ - [get_openf1] GET https://api.openf1.org/v1/car_data params={'session_key': 9598, 'driver_number': 4, 'date>': '2024-09-15T11:51:48.198000+00:00', 'date<': '2024-09-15T11:53:37.419000+00:00'}
2025-12-15 11:44:34 [DEBUG] __main__ - [compute_lap_features_for_driver] driver=4 lap=27, car_data rows=410
2025-12-15 11:44:34 [INFO] __main__ - [compute_lap_features_for_driver] driver=4 lap=28 KEEP, status=GREEN, duration=109.0s
2025-12-15 11:44:34 [DEBUG] __main__ - [get_openf1] GET https://api.openf1.org/v1/car_data params={'session_key': 9598, 'driver_number': 4, 'date>': '2024-09-15T11:53:37.419000+00:00', 'date<': '2024-09-15T11:55:26.427000+00:00'}
2025-12-15 11:44:35 [DEBUG] __main__ - [compute_lap_features_for_driver] driver=4 lap=28, car_data rows=407
2025-12-15 11:44:35 [INFO] __main__ - [compute_lap_features_for_driver] driver=4 lap=29 KEEP, status=GREEN, duration=109.6s
2025-12-15 11:44:35 [DEBUG] __main__ - [get_openf1] GET https://api.openf1.org/v1/car_data params={'session_key': 9598, 'driver_number': 4, 'date>': '2024-09-15T11:55:26.427000+00:00', 'date<': '2024-09-15T11:57:16.063000+00:00'}
2025-12-15 11:44:36 [DEBUG] __main__ - [compute_lap_features_for_driver] driver=4 lap=29, car_data rows=415
2025-12-15 11:44:36 [INFO] __main__ - [compute_lap_features_for_driver] driver=4 lap=30 KEEP, status=GREEN, duration=108.6s
2025-12-15 11:44:36 [DEBUG] __main__ - [get_openf1] GET https://api.openf1.org/v1/car_data params={'session_key': 9598, 'driver_number': 4, 'date>': '2024-09-15T11:57:16.063000+00:00', 'date<': '2024-09-15T11:59:04.640000+00:00'}
2025-12-15 11:44:36 [DEBUG] __main__ - [compute_lap_features_for_driver] driver=4 lap=30, car_data rows=413
2025-12-15 11:44:36 [INFO] __main__ - [compute_lap_features_for_driver] driver=4 lap=31 KEEP, status=GREEN, duration=108.8s
2025-12-15 11:44:36 [DEBUG] __main__ - [get_openf1] GET https://api.openf1.org/v1/car_data params={'session_key': 9598, 'driver_number': 4, 'date>': '2024-09-15T11:59:04.640000+00:00', 'date<': '2024-09-15T12:00:53.441000+00:00'}
2025-12-15 11:44:37 [DEBUG] __main__ - [compute_lap_features_for_driver] driver=4 lap=31, car_data rows=404
2025-12-15 11:44:37 [INFO] __main__ - [compute_lap_features_for_driver] driver=4 lap=32 KEEP, status=GREEN, duration=108.0s
2025-12-15 11:44:37 [DEBUG] __main__ - [get_openf1] GET https://api.openf1.org/v1/car_data params={'session_key': 9598, 'driver_number': 4, 'date>': '2024-09-15T12:00:53.441000+00:00', 'date<': '2024-09-15T12:02:41.430000+00:00'}
2025-12-15 11:44:38 [DEBUG] __main__ - [compute_lap_features_for_driver] driver=4 lap=32, car_data rows=412
2025-12-15 11:44:38 [INFO] __main__ - [compute_lap_features_for_driver] driver=4 lap=33 KEEP, status=GREEN, duration=107.9s
2025-12-15 11:44:38 [DEBUG] __main__ - [get_openf1] GET https://api.openf1.org/v1/car_data params={'session_key': 9598, 'driver_number': 4, 'date>': '2024-09-15T12:02:41.430000+00:00', 'date<': '2024-09-15T12:04:29.285000+00:00'}
2025-12-15 11:44:39 [DEBUG] __main__ - [compute_lap_features_for_driver] driver=4 lap=33, car_data rows=409
2025-12-15 11:44:39 [INFO] __main__ - [compute_lap_features_for_driver] driver=4 lap=34 KEEP, status=GREEN, duration=107.5s
2025-12-15 11:44:39 [DEBUG] __main__ - [get_openf1] GET https://api.openf1.org/v1/car_data params={'session_key': 9598, 'driver_number': 4, 'date>': '2024-09-15T12:04:29.285000+00:00', 'date<': '2024-09-15T12:06:16.832000+00:00'}
2025-12-15 11:44:40 [DEBUG] __main__ - [compute_lap_features_for_driver] driver=4 lap=34, car_data rows=402
2025-12-15 11:44:40 [INFO] __main__ - [compute_lap_features_for_driver] driver=4 lap=35 KEEP, status=GREEN, duration=107.8s
2025-12-15 11:44:40 [DEBUG] __main__ - [get_openf1] GET https://api.openf1.org/v1/car_data params={'session_key': 9598, 'driver_number': 4, 'date>': '2024-09-15T12:06:16.832000+00:00', 'date<': '2024-09-15T12:08:04.616000+00:00'}
2025-12-15 11:44:41 [DEBUG] __main__ - [compute_lap_features_for_driver] driver=4 lap=35, car_data rows=402
2025-12-15 11:44:41 [INFO] __main__ - [compute_lap_features_for_driver] driver=4 lap=36 DROP (YELLOW_FLAG_LAP), status=YELLOW, duration=107.5s
2025-12-15 11:44:41 [INFO] __main__ - [compute_lap_features_for_driver] driver=4 lap=37 KEEP, status=GREEN, duration=111.0s
2025-12-15 11:44:41 [DEBUG] __main__ - [get_openf1] GET https://api.openf1.org/v1/car_data params={'session_key': 9598, 'driver_number': 4, 'date>': '2024-09-15T12:09:52.124000+00:00', 'date<': '2024-09-15T12:11:43.108000+00:00'}
2025-12-15 11:44:42 [DEBUG] __main__ - [compute_lap_features_for_driver] driver=4 lap=37, car_data rows=422
2025-12-15 11:44:42 [INFO] __main__ - [compute_lap_features_for_driver] driver=4 lap=38 KEEP, status=GREEN, duration=122.4s
2025-12-15 11:44:42 [DEBUG] __main__ - [get_openf1] GET https://api.openf1.org/v1/car_data params={'session_key': 9598, 'driver_number': 4, 'date>': '2024-09-15T12:11:43.108000+00:00', 'date<': '2024-09-15T12:13:45.529000+00:00'}
2025-12-15 11:44:42 [DEBUG] __main__ - [compute_lap_features_for_driver] driver=4 lap=38, car_data rows=467
2025-12-15 11:44:42 [INFO] __main__ - [compute_lap_features_for_driver] driver=4 lap=39 KEEP, status=GREEN, duration=105.7s
2025-12-15 11:44:42 [DEBUG] __main__ - [get_openf1] GET https://api.openf1.org/v1/car_data params={'session_key': 9598, 'driver_number': 4, 'date>': '2024-09-15T12:13:45.529000+00:00', 'date<': '2024-09-15T12:15:31.187000+00:00'}
2025-12-15 11:44:43 [DEBUG] __main__ - [compute_lap_features_for_driver] driver=4 lap=39, car_data rows=396
2025-12-15 11:44:43 [INFO] __main__ - [compute_lap_features_for_driver] driver=4 lap=40 KEEP, status=GREEN, duration=106.0s
2025-12-15 11:44:43 [DEBUG] __main__ - [get_openf1] GET https://api.openf1.org/v1/car_data params={'session_key': 9598, 'driver_number': 4, 'date>': '2024-09-15T12:15:31.187000+00:00', 'date<': '2024-09-15T12:17:17.151000+00:00'}
2025-12-15 11:44:44 [DEBUG] __main__ - [compute_lap_features_for_driver] driver=4 lap=40, car_data rows=401
2025-12-15 11:44:44 [INFO] __main__ - [compute_lap_features_for_driver] driver=4 lap=41 KEEP, status=GREEN, duration=106.0s
2025-12-15 11:44:44 [DEBUG] __main__ - [get_openf1] GET https://api.openf1.org/v1/car_data params={'session_key': 9598, 'driver_number': 4, 'date>': '2024-09-15T12:17:17.151000+00:00', 'date<': '2024-09-15T12:19:03.197000+00:00'}
2025-12-15 11:44:45 [DEBUG] __main__ - [compute_lap_features_for_driver] driver=4 lap=41, car_data rows=400
2025-12-15 11:44:45 [INFO] __main__ - [compute_lap_features_for_driver] driver=4 lap=42 KEEP, status=GREEN, duration=105.5s
2025-12-15 11:44:45 [DEBUG] __main__ - [get_openf1] GET https://api.openf1.org/v1/car_data params={'session_key': 9598, 'driver_number': 4, 'date>': '2024-09-15T12:19:03.197000+00:00', 'date<': '2024-09-15T12:20:48.736000+00:00'}
2025-12-15 11:44:46 [DEBUG] __main__ - [compute_lap_features_for_driver] driver=4 lap=42, car_data rows=408
2025-12-15 11:44:46 [INFO] __main__ - [compute_lap_features_for_driver] driver=4 lap=43 KEEP, status=GREEN, duration=105.4s
2025-12-15 11:44:46 [DEBUG] __main__ - [get_openf1] GET https://api.openf1.org/v1/car_data params={'session_key': 9598, 'driver_number': 4, 'date>': '2024-09-15T12:20:48.736000+00:00', 'date<': '2024-09-15T12:22:34.169000+00:00'}
2025-12-15 11:44:47 [DEBUG] __main__ - [compute_lap_features_for_driver] driver=4 lap=43, car_data rows=392
2025-12-15 11:44:47 [INFO] __main__ - [compute_lap_features_for_driver] driver=4 lap=44 KEEP, status=GREEN, duration=105.4s
2025-12-15 11:44:47 [DEBUG] __main__ - [get_openf1] GET https://api.openf1.org/v1/car_data params={'session_key': 9598, 'driver_number': 4, 'date>': '2024-09-15T12:22:34.169000+00:00', 'date<': '2024-09-15T12:24:19.570000+00:00'}
2025-12-15 11:44:47 [DEBUG] __main__ - [compute_lap_features_for_driver] driver=4 lap=44, car_data rows=392
2025-12-15 11:44:47 [INFO] __main__ - [compute_lap_features_for_driver] driver=4 lap=45 KEEP, status=GREEN, duration=105.8s
2025-12-15 11:44:47 [DEBUG] __main__ - [get_openf1] GET https://api.openf1.org/v1/car_data params={'session_key': 9598, 'driver_number': 4, 'date>': '2024-09-15T12:24:19.570000+00:00', 'date<': '2024-09-15T12:26:05.393000+00:00'}
2025-12-15 11:44:48 [DEBUG] __main__ - [compute_lap_features_for_driver] driver=4 lap=45, car_data rows=403
2025-12-15 11:44:48 [INFO] __main__ - [compute_lap_features_for_driver] driver=4 lap=46 KEEP, status=GREEN, duration=106.1s
2025-12-15 11:44:48 [DEBUG] __main__ - [get_openf1] GET https://api.openf1.org/v1/car_data params={'session_key': 9598, 'driver_number': 4, 'date>': '2024-09-15T12:26:05.393000+00:00', 'date<': '2024-09-15T12:27:51.523000+00:00'}
2025-12-15 11:44:49 [DEBUG] __main__ - [compute_lap_features_for_driver] driver=4 lap=46, car_data rows=404
2025-12-15 11:44:49 [INFO] __main__ - [compute_lap_features_for_driver] driver=4 lap=47 KEEP, status=GREEN, duration=106.1s
2025-12-15 11:44:49 [DEBUG] __main__ - [get_openf1] GET https://api.openf1.org/v1/car_data params={'session_key': 9598, 'driver_number': 4, 'date>': '2024-09-15T12:27:51.523000+00:00', 'date<': '2024-09-15T12:29:37.581000+00:00'}
2025-12-15 11:44:50 [DEBUG] __main__ - [compute_lap_features_for_driver] driver=4 lap=47, car_data rows=396
2025-12-15 11:44:50 [INFO] __main__ - [compute_lap_features_for_driver] driver=4 lap=48 KEEP, status=GREEN, duration=106.0s
2025-12-15 11:44:50 [DEBUG] __main__ - [get_openf1] GET https://api.openf1.org/v1/car_data params={'session_key': 9598, 'driver_number': 4, 'date>': '2024-09-15T12:29:37.581000+00:00', 'date<': '2024-09-15T12:31:23.610000+00:00'}
2025-12-15 11:44:51 [DEBUG] __main__ - [compute_lap_features_for_driver] driver=4 lap=48, car_data rows=407
2025-12-15 11:44:51 [INFO] __main__ - [compute_lap_features_for_driver] driver=4 lap=49 KEEP, status=GREEN, duration=105.3s
2025-12-15 11:44:51 [DEBUG] __main__ - [get_openf1] GET https://api.openf1.org/v1/car_data params={'session_key': 9598, 'driver_number': 4, 'date>': '2024-09-15T12:31:23.610000+00:00', 'date<': '2024-09-15T12:33:08.956000+00:00'}
2025-12-15 11:44:52 [DEBUG] __main__ - [compute_lap_features_for_driver] driver=4 lap=49, car_data rows=391
2025-12-15 11:44:52 [INFO] __main__ - [compute_lap_features_for_driver] driver=4 lap=50 DROP (VSC_LAP), status=VSC;YELLOW, duration=124.3s
2025-12-15 11:44:52 [INFO] __main__ - [compute_lap_features_for_driver] driver=4 lap=51 DROP (VSC_LAP), status=VSC;YELLOW;RED_FLAG;CHEQUERED, duration=nans
2025-12-15 11:44:52 [INFO] __main__ - [compute_lap_features_for_driver] driver=4, feature laps=[2, 3, 4, 5, 6, 7, 8, 9, 10, 11, 12, 13, 14, 15, 16, 17, 18, 19, 20, 21, 22, 23, 24, 25, 26, 27, 28, 29, 30, 31, 32, 33, 34, 35, 37, 38, 39, 40, 41, 42, 43, 44, 45, 46, 47, 48, 49]
2025-12-15 11:44:52 [INFO] __main__ - [build_driver_style_embedding_json] compute features for driver=18
2025-12-15 11:44:52 [DEBUG] __main__ - [get_openf1] GET https://api.openf1.org/v1/laps params={'session_key': 9598, 'driver_number': 18}
2025-12-15 11:44:52 [DEBUG] __main__ - [get_openf1] GET https://api.openf1.org/v1/sessions params={'session_key': 9598}
2025-12-15 11:44:53 [INFO] __main__ - [fetch_session_start] session_key=9598, date_start=2024-09-15 11:00:00+00:00
2025-12-15 11:44:53 [INFO] __main__ - [fetch_race_start_time] use first GREEN as race_start: 2024-09-15 10:20:01+00:00
2025-12-15 11:44:53 [INFO] __main__ - [fetch_laps] fill lap 1 date_start with race_start=2024-09-15 10:20:01+00:00
2025-12-15 11:44:53 [INFO] __main__ - [fetch_laps] driver=18, laps: min=1, max=46, count=46
2025-12-15 11:44:53 [DEBUG] __main__ - [fetch_laps] head:
   meeting_key  session_key  ...  st_speed  lap_duration_s
0         1245         9598  ...     295.0        2781.295
1         1245         9598  ...     317.0         128.465
2         1245         9598  ...     318.0         110.898
3         1245         9598  ...     318.0         110.433
4         1245         9598  ...     318.0         109.910

[5 rows x 17 columns]
2025-12-15 11:44:53 [DEBUG] __main__ - [build_lap_status_mapping] status_by_lap={1: 'YELLOW', 2: 'GREEN', 3: 'GREEN', 4: 'GREEN', 5: 'GREEN', 6: 'GREEN', 7: 'GREEN', 8: 'GREEN', 9: 'GREEN', 10: 'GREEN', 11: 'GREEN', 12: 'GREEN', 13: 'GREEN', 14: 'GREEN', 15: 'GREEN', 16: 'GREEN', 17: 'GREEN', 18: 'GREEN', 19: 'GREEN', 20: 'GREEN', 21: 'GREEN', 22: 'GREEN', 23: 'GREEN', 24: 'GREEN', 25: 'GREEN', 26: 'GREEN', 27: 'GREEN', 28: 'GREEN', 29: 'GREEN', 30: 'GREEN', 31: 'GREEN', 32: 'GREEN', 33: 'GREEN', 34: 'GREEN', 35: 'YELLOW', 36: 'GREEN', 37: 'GREEN', 38: 'GREEN', 39: 'GREEN', 40: 'GREEN', 41: 'GREEN', 42: 'GREEN', 43: 'GREEN', 44: 'GREEN', 45: 'GREEN', 46: 'VSC;YELLOW;RED_FLAG;CHEQUERED'}
2025-12-15 11:44:53 [INFO] __main__ - [compute_lap_features_for_driver] driver=18, typical_duration_s=109.442
2025-12-15 11:44:53 [INFO] __main__ - [compute_lap_features_for_driver] driver=18 lap=1 DROP (YELLOW_FLAG_LAP), status=YELLOW, duration=2781.3s
2025-12-15 11:44:53 [INFO] __main__ - [compute_lap_features_for_driver] driver=18 lap=2 KEEP, status=GREEN, duration=128.5s
2025-12-15 11:44:53 [DEBUG] __main__ - [get_openf1] GET https://api.openf1.org/v1/car_data params={'session_key': 9598, 'driver_number': 18, 'date>': '2024-09-15T11:06:22.295000+00:00', 'date<': '2024-09-15T11:08:30.760000+00:00'}
2025-12-15 11:44:54 [DEBUG] __main__ - [compute_lap_features_for_driver] driver=18 lap=2, car_data rows=469
2025-12-15 11:44:54 [INFO] __main__ - [compute_lap_features_for_driver] driver=18 lap=3 KEEP, status=GREEN, duration=110.9s
2025-12-15 11:44:54 [DEBUG] __main__ - [get_openf1] GET https://api.openf1.org/v1/car_data params={'session_key': 9598, 'driver_number': 18, 'date>': '2024-09-15T11:08:30.760000+00:00', 'date<': '2024-09-15T11:10:21.658000+00:00'}
2025-12-15 11:44:55 [DEBUG] __main__ - [compute_lap_features_for_driver] driver=18 lap=3, car_data rows=412
2025-12-15 11:44:55 [INFO] __main__ - [compute_lap_features_for_driver] driver=18 lap=4 KEEP, status=GREEN, duration=110.4s
2025-12-15 11:44:55 [DEBUG] __main__ - [get_openf1] GET https://api.openf1.org/v1/car_data params={'session_key': 9598, 'driver_number': 18, 'date>': '2024-09-15T11:10:21.658000+00:00', 'date<': '2024-09-15T11:12:12.091000+00:00'}
2025-12-15 11:44:56 [DEBUG] __main__ - [compute_lap_features_for_driver] driver=18 lap=4, car_data rows=424
2025-12-15 11:44:56 [INFO] __main__ - [compute_lap_features_for_driver] driver=18 lap=5 KEEP, status=GREEN, duration=109.9s
2025-12-15 11:44:56 [DEBUG] __main__ - [get_openf1] GET https://api.openf1.org/v1/car_data params={'session_key': 9598, 'driver_number': 18, 'date>': '2024-09-15T11:12:12.091000+00:00', 'date<': '2024-09-15T11:14:02.001000+00:00'}
2025-12-15 11:44:57 [DEBUG] __main__ - [compute_lap_features_for_driver] driver=18 lap=5, car_data rows=412
2025-12-15 11:44:57 [INFO] __main__ - [compute_lap_features_for_driver] driver=18 lap=6 KEEP, status=GREEN, duration=109.4s
2025-12-15 11:44:57 [DEBUG] __main__ - [get_openf1] GET https://api.openf1.org/v1/car_data params={'session_key': 9598, 'driver_number': 18, 'date>': '2024-09-15T11:14:02.001000+00:00', 'date<': '2024-09-15T11:15:51.440000+00:00'}
2025-12-15 11:44:58 [DEBUG] __main__ - [compute_lap_features_for_driver] driver=18 lap=6, car_data rows=407
2025-12-15 11:44:58 [INFO] __main__ - [compute_lap_features_for_driver] driver=18 lap=7 KEEP, status=GREEN, duration=109.7s
2025-12-15 11:44:58 [DEBUG] __main__ - [get_openf1] GET https://api.openf1.org/v1/car_data params={'session_key': 9598, 'driver_number': 18, 'date>': '2024-09-15T11:15:51.440000+00:00', 'date<': '2024-09-15T11:17:41.185000+00:00'}
2025-12-15 11:44:59 [DEBUG] __main__ - [compute_lap_features_for_driver] driver=18 lap=7, car_data rows=414
2025-12-15 11:44:59 [INFO] __main__ - [compute_lap_features_for_driver] driver=18 lap=8 KEEP, status=GREEN, duration=110.3s
2025-12-15 11:44:59 [DEBUG] __main__ - [get_openf1] GET https://api.openf1.org/v1/car_data params={'session_key': 9598, 'driver_number': 18, 'date>': '2024-09-15T11:17:41.185000+00:00', 'date<': '2024-09-15T11:19:31.479000+00:00'}
2025-12-15 11:45:00 [DEBUG] __main__ - [compute_lap_features_for_driver] driver=18 lap=8, car_data rows=428
2025-12-15 11:45:00 [INFO] __main__ - [compute_lap_features_for_driver] driver=18 lap=9 KEEP, status=GREEN, duration=109.1s
2025-12-15 11:45:00 [DEBUG] __main__ - [get_openf1] GET https://api.openf1.org/v1/car_data params={'session_key': 9598, 'driver_number': 18, 'date>': '2024-09-15T11:19:31.479000+00:00', 'date<': '2024-09-15T11:21:20.626000+00:00'}
2025-12-15 11:45:01 [DEBUG] __main__ - [compute_lap_features_for_driver] driver=18 lap=9, car_data rows=400
2025-12-15 11:45:01 [INFO] __main__ - [compute_lap_features_for_driver] driver=18 lap=10 KEEP, status=GREEN, duration=109.5s
2025-12-15 11:45:01 [DEBUG] __main__ - [get_openf1] GET https://api.openf1.org/v1/car_data params={'session_key': 9598, 'driver_number': 18, 'date>': '2024-09-15T11:21:20.626000+00:00', 'date<': '2024-09-15T11:23:10.146000+00:00'}
2025-12-15 11:45:02 [DEBUG] __main__ - [compute_lap_features_for_driver] driver=18 lap=10, car_data rows=402
2025-12-15 11:45:02 [INFO] __main__ - [compute_lap_features_for_driver] driver=18 lap=11 KEEP, status=GREEN, duration=109.9s
2025-12-15 11:45:02 [DEBUG] __main__ - [get_openf1] GET https://api.openf1.org/v1/car_data params={'session_key': 9598, 'driver_number': 18, 'date>': '2024-09-15T11:23:10.146000+00:00', 'date<': '2024-09-15T11:25:00.033000+00:00'}
2025-12-15 11:45:02 [DEBUG] __main__ - [compute_lap_features_for_driver] driver=18 lap=11, car_data rows=418
2025-12-15 11:45:02 [INFO] __main__ - [compute_lap_features_for_driver] driver=18 lap=12 KEEP, status=GREEN, duration=110.8s
2025-12-15 11:45:02 [DEBUG] __main__ - [get_openf1] GET https://api.openf1.org/v1/car_data params={'session_key': 9598, 'driver_number': 18, 'date>': '2024-09-15T11:25:00.033000+00:00', 'date<': '2024-09-15T11:26:50.860000+00:00'}
2025-12-15 11:45:03 [DEBUG] __main__ - [compute_lap_features_for_driver] driver=18 lap=12, car_data rows=414
2025-12-15 11:45:03 [INFO] __main__ - [compute_lap_features_for_driver] driver=18 lap=13 KEEP, status=GREEN, duration=109.8s
2025-12-15 11:45:03 [DEBUG] __main__ - [get_openf1] GET https://api.openf1.org/v1/car_data params={'session_key': 9598, 'driver_number': 18, 'date>': '2024-09-15T11:26:50.860000+00:00', 'date<': '2024-09-15T11:28:40.639000+00:00'}
2025-12-15 11:45:04 [DEBUG] __main__ - [compute_lap_features_for_driver] driver=18 lap=13, car_data rows=422
2025-12-15 11:45:04 [INFO] __main__ - [compute_lap_features_for_driver] driver=18 lap=14 KEEP, status=GREEN, duration=109.3s
2025-12-15 11:45:04 [DEBUG] __main__ - [get_openf1] GET https://api.openf1.org/v1/car_data params={'session_key': 9598, 'driver_number': 18, 'date>': '2024-09-15T11:28:40.639000+00:00', 'date<': '2024-09-15T11:30:29.988000+00:00'}
2025-12-15 11:45:05 [DEBUG] __main__ - [compute_lap_features_for_driver] driver=18 lap=14, car_data rows=418
2025-12-15 11:45:05 [INFO] __main__ - [compute_lap_features_for_driver] driver=18 lap=15 KEEP, status=GREEN, duration=110.8s
2025-12-15 11:45:05 [DEBUG] __main__ - [get_openf1] GET https://api.openf1.org/v1/car_data params={'session_key': 9598, 'driver_number': 18, 'date>': '2024-09-15T11:30:29.988000+00:00', 'date<': '2024-09-15T11:32:20.760000+00:00'}
2025-12-15 11:45:06 [DEBUG] __main__ - [compute_lap_features_for_driver] driver=18 lap=15, car_data rows=410
2025-12-15 11:45:06 [INFO] __main__ - [compute_lap_features_for_driver] driver=18 lap=16 KEEP, status=GREEN, duration=111.2s
2025-12-15 11:45:06 [DEBUG] __main__ - [get_openf1] GET https://api.openf1.org/v1/car_data params={'session_key': 9598, 'driver_number': 18, 'date>': '2024-09-15T11:32:20.760000+00:00', 'date<': '2024-09-15T11:34:11.936000+00:00'}
2025-12-15 11:45:07 [DEBUG] __main__ - [compute_lap_features_for_driver] driver=18 lap=16, car_data rows=410
2025-12-15 11:45:07 [INFO] __main__ - [compute_lap_features_for_driver] driver=18 lap=17 KEEP, status=GREEN, duration=110.9s
2025-12-15 11:45:07 [DEBUG] __main__ - [get_openf1] GET https://api.openf1.org/v1/car_data params={'session_key': 9598, 'driver_number': 18, 'date>': '2024-09-15T11:34:11.936000+00:00', 'date<': '2024-09-15T11:36:02.853000+00:00'}
2025-12-15 11:45:08 [DEBUG] __main__ - [compute_lap_features_for_driver] driver=18 lap=17, car_data rows=415
2025-12-15 11:45:08 [INFO] __main__ - [compute_lap_features_for_driver] driver=18 lap=18 KEEP, status=GREEN, duration=110.2s
2025-12-15 11:45:08 [DEBUG] __main__ - [get_openf1] GET https://api.openf1.org/v1/car_data params={'session_key': 9598, 'driver_number': 18, 'date>': '2024-09-15T11:36:02.853000+00:00', 'date<': '2024-09-15T11:37:53.053000+00:00'}
2025-12-15 11:45:09 [DEBUG] __main__ - [compute_lap_features_for_driver] driver=18 lap=18, car_data rows=425
2025-12-15 11:45:09 [INFO] __main__ - [compute_lap_features_for_driver] driver=18 lap=19 KEEP, status=GREEN, duration=110.2s
2025-12-15 11:45:09 [DEBUG] __main__ - [get_openf1] GET https://api.openf1.org/v1/car_data params={'session_key': 9598, 'driver_number': 18, 'date>': '2024-09-15T11:37:53.053000+00:00', 'date<': '2024-09-15T11:39:43.298000+00:00'}
2025-12-15 11:45:10 [DEBUG] __main__ - [compute_lap_features_for_driver] driver=18 lap=19, car_data rows=407
2025-12-15 11:45:10 [INFO] __main__ - [compute_lap_features_for_driver] driver=18 lap=20 KEEP, status=GREEN, duration=110.3s
2025-12-15 11:45:10 [DEBUG] __main__ - [get_openf1] GET https://api.openf1.org/v1/car_data params={'session_key': 9598, 'driver_number': 18, 'date>': '2024-09-15T11:39:43.298000+00:00', 'date<': '2024-09-15T11:41:33.594000+00:00'}
2025-12-15 11:45:10 [DEBUG] __main__ - [compute_lap_features_for_driver] driver=18 lap=20, car_data rows=426
2025-12-15 11:45:10 [INFO] __main__ - [compute_lap_features_for_driver] driver=18 lap=21 KEEP, status=GREEN, duration=110.5s
2025-12-15 11:45:10 [DEBUG] __main__ - [get_openf1] GET https://api.openf1.org/v1/car_data params={'session_key': 9598, 'driver_number': 18, 'date>': '2024-09-15T11:41:33.594000+00:00', 'date<': '2024-09-15T11:43:24.065000+00:00'}
2025-12-15 11:45:11 [DEBUG] __main__ - [compute_lap_features_for_driver] driver=18 lap=21, car_data rows=425
2025-12-15 11:45:11 [INFO] __main__ - [compute_lap_features_for_driver] driver=18 lap=22 KEEP, status=GREEN, duration=115.5s
2025-12-15 11:45:11 [DEBUG] __main__ - [get_openf1] GET https://api.openf1.org/v1/car_data params={'session_key': 9598, 'driver_number': 18, 'date>': '2024-09-15T11:43:24.065000+00:00', 'date<': '2024-09-15T11:45:19.526000+00:00'}
2025-12-15 11:45:12 [DEBUG] __main__ - [compute_lap_features_for_driver] driver=18 lap=22, car_data rows=439
2025-12-15 11:45:12 [INFO] __main__ - [compute_lap_features_for_driver] driver=18 lap=23 KEEP, status=GREEN, duration=125.4s
2025-12-15 11:45:12 [DEBUG] __main__ - [get_openf1] GET https://api.openf1.org/v1/car_data params={'session_key': 9598, 'driver_number': 18, 'date>': '2024-09-15T11:45:19.526000+00:00', 'date<': '2024-09-15T11:47:24.952000+00:00'}
2025-12-15 11:45:13 [DEBUG] __main__ - [compute_lap_features_for_driver] driver=18 lap=23, car_data rows=473
2025-12-15 11:45:13 [INFO] __main__ - [compute_lap_features_for_driver] driver=18 lap=24 KEEP, status=GREEN, duration=109.0s
2025-12-15 11:45:13 [DEBUG] __main__ - [get_openf1] GET https://api.openf1.org/v1/car_data params={'session_key': 9598, 'driver_number': 18, 'date>': '2024-09-15T11:47:24.952000+00:00', 'date<': '2024-09-15T11:49:13.938000+00:00'}
2025-12-15 11:45:14 [DEBUG] __main__ - [compute_lap_features_for_driver] driver=18 lap=24, car_data rows=415
2025-12-15 11:45:14 [INFO] __main__ - [compute_lap_features_for_driver] driver=18 lap=25 KEEP, status=GREEN, duration=109.2s
2025-12-15 11:45:14 [DEBUG] __main__ - [get_openf1] GET https://api.openf1.org/v1/car_data params={'session_key': 9598, 'driver_number': 18, 'date>': '2024-09-15T11:49:13.938000+00:00', 'date<': '2024-09-15T11:51:03.091000+00:00'}
2025-12-15 11:45:14 [DEBUG] __main__ - [compute_lap_features_for_driver] driver=18 lap=25, car_data rows=412
2025-12-15 11:45:14 [INFO] __main__ - [compute_lap_features_for_driver] driver=18 lap=26 KEEP, status=GREEN, duration=108.6s
2025-12-15 11:45:14 [DEBUG] __main__ - [get_openf1] GET https://api.openf1.org/v1/car_data params={'session_key': 9598, 'driver_number': 18, 'date>': '2024-09-15T11:51:03.091000+00:00', 'date<': '2024-09-15T11:52:51.657000+00:00'}
2025-12-15 11:45:15 [DEBUG] __main__ - [compute_lap_features_for_driver] driver=18 lap=26, car_data rows=408
2025-12-15 11:45:15 [INFO] __main__ - [compute_lap_features_for_driver] driver=18 lap=27 KEEP, status=GREEN, duration=108.7s
2025-12-15 11:45:15 [DEBUG] __main__ - [get_openf1] GET https://api.openf1.org/v1/car_data params={'session_key': 9598, 'driver_number': 18, 'date>': '2024-09-15T11:52:51.657000+00:00', 'date<': '2024-09-15T11:54:40.377000+00:00'}
2025-12-15 11:45:16 [DEBUG] __main__ - [compute_lap_features_for_driver] driver=18 lap=27, car_data rows=408
2025-12-15 11:45:16 [INFO] __main__ - [compute_lap_features_for_driver] driver=18 lap=28 KEEP, status=GREEN, duration=108.5s
2025-12-15 11:45:16 [DEBUG] __main__ - [get_openf1] GET https://api.openf1.org/v1/car_data params={'session_key': 9598, 'driver_number': 18, 'date>': '2024-09-15T11:54:40.377000+00:00', 'date<': '2024-09-15T11:56:28.885000+00:00'}
2025-12-15 11:45:17 [DEBUG] __main__ - [compute_lap_features_for_driver] driver=18 lap=28, car_data rows=410
2025-12-15 11:45:17 [INFO] __main__ - [compute_lap_features_for_driver] driver=18 lap=29 KEEP, status=GREEN, duration=108.5s
2025-12-15 11:45:17 [DEBUG] __main__ - [get_openf1] GET https://api.openf1.org/v1/car_data params={'session_key': 9598, 'driver_number': 18, 'date>': '2024-09-15T11:56:28.885000+00:00', 'date<': '2024-09-15T11:58:17.435000+00:00'}
2025-12-15 11:45:18 [DEBUG] __main__ - [compute_lap_features_for_driver] driver=18 lap=29, car_data rows=412
2025-12-15 11:45:18 [INFO] __main__ - [compute_lap_features_for_driver] driver=18 lap=30 KEEP, status=GREEN, duration=108.8s
2025-12-15 11:45:18 [DEBUG] __main__ - [get_openf1] GET https://api.openf1.org/v1/car_data params={'session_key': 9598, 'driver_number': 18, 'date>': '2024-09-15T11:58:17.435000+00:00', 'date<': '2024-09-15T12:00:06.273000+00:00'}
2025-12-15 11:45:18 [DEBUG] __main__ - [compute_lap_features_for_driver] driver=18 lap=30, car_data rows=408
2025-12-15 11:45:18 [INFO] __main__ - [compute_lap_features_for_driver] driver=18 lap=31 KEEP, status=GREEN, duration=108.0s
2025-12-15 11:45:18 [DEBUG] __main__ - [get_openf1] GET https://api.openf1.org/v1/car_data params={'session_key': 9598, 'driver_number': 18, 'date>': '2024-09-15T12:00:06.273000+00:00', 'date<': '2024-09-15T12:01:54.244000+00:00'}
2025-12-15 11:45:19 [DEBUG] __main__ - [compute_lap_features_for_driver] driver=18 lap=31, car_data rows=405
2025-12-15 11:45:19 [INFO] __main__ - [compute_lap_features_for_driver] driver=18 lap=32 KEEP, status=GREEN, duration=109.1s
2025-12-15 11:45:19 [DEBUG] __main__ - [get_openf1] GET https://api.openf1.org/v1/car_data params={'session_key': 9598, 'driver_number': 18, 'date>': '2024-09-15T12:01:54.244000+00:00', 'date<': '2024-09-15T12:03:43.295000+00:00'}
2025-12-15 11:45:20 [DEBUG] __main__ - [compute_lap_features_for_driver] driver=18 lap=32, car_data rows=419
2025-12-15 11:45:20 [INFO] __main__ - [compute_lap_features_for_driver] driver=18 lap=33 KEEP, status=GREEN, duration=109.4s
2025-12-15 11:45:20 [DEBUG] __main__ - [get_openf1] GET https://api.openf1.org/v1/car_data params={'session_key': 9598, 'driver_number': 18, 'date>': '2024-09-15T12:03:43.295000+00:00', 'date<': '2024-09-15T12:05:32.674000+00:00'}
2025-12-15 11:45:21 [DEBUG] __main__ - [compute_lap_features_for_driver] driver=18 lap=33, car_data rows=405
2025-12-15 11:45:21 [INFO] __main__ - [compute_lap_features_for_driver] driver=18 lap=34 KEEP, status=GREEN, duration=108.7s
2025-12-15 11:45:21 [DEBUG] __main__ - [get_openf1] GET https://api.openf1.org/v1/car_data params={'session_key': 9598, 'driver_number': 18, 'date>': '2024-09-15T12:05:32.674000+00:00', 'date<': '2024-09-15T12:07:21.336000+00:00'}
2025-12-15 11:45:22 [DEBUG] __main__ - [compute_lap_features_for_driver] driver=18 lap=34, car_data rows=408
2025-12-15 11:45:22 [INFO] __main__ - [compute_lap_features_for_driver] driver=18 lap=35 DROP (YELLOW_FLAG_LAP), status=YELLOW, duration=108.4s
2025-12-15 11:45:22 [INFO] __main__ - [compute_lap_features_for_driver] driver=18 lap=36 KEEP, status=GREEN, duration=108.7s
2025-12-15 11:45:22 [DEBUG] __main__ - [get_openf1] GET https://api.openf1.org/v1/car_data params={'session_key': 9598, 'driver_number': 18, 'date>': '2024-09-15T12:09:09.759000+00:00', 'date<': '2024-09-15T12:10:58.439000+00:00'}
2025-12-15 11:45:23 [DEBUG] __main__ - [compute_lap_features_for_driver] driver=18 lap=36, car_data rows=403
2025-12-15 11:45:23 [INFO] __main__ - [compute_lap_features_for_driver] driver=18 lap=37 KEEP, status=GREEN, duration=108.4s
2025-12-15 11:45:23 [DEBUG] __main__ - [get_openf1] GET https://api.openf1.org/v1/car_data params={'session_key': 9598, 'driver_number': 18, 'date>': '2024-09-15T12:10:58.439000+00:00', 'date<': '2024-09-15T12:12:46.835000+00:00'}
2025-12-15 11:45:24 [DEBUG] __main__ - [compute_lap_features_for_driver] driver=18 lap=37, car_data rows=409
2025-12-15 11:45:24 [INFO] __main__ - [compute_lap_features_for_driver] driver=18 lap=38 KEEP, status=GREEN, duration=108.8s
2025-12-15 11:45:24 [DEBUG] __main__ - [get_openf1] GET https://api.openf1.org/v1/car_data params={'session_key': 9598, 'driver_number': 18, 'date>': '2024-09-15T12:12:46.835000+00:00', 'date<': '2024-09-15T12:14:35.661000+00:00'}
2025-12-15 11:45:25 [DEBUG] __main__ - [compute_lap_features_for_driver] driver=18 lap=38, car_data rows=419
2025-12-15 11:45:25 [INFO] __main__ - [compute_lap_features_for_driver] driver=18 lap=39 KEEP, status=GREEN, duration=108.4s
2025-12-15 11:45:25 [DEBUG] __main__ - [get_openf1] GET https://api.openf1.org/v1/car_data params={'session_key': 9598, 'driver_number': 18, 'date>': '2024-09-15T12:14:35.661000+00:00', 'date<': '2024-09-15T12:16:24.104000+00:00'}
2025-12-15 11:45:27 [DEBUG] __main__ - [compute_lap_features_for_driver] driver=18 lap=39, car_data rows=403
2025-12-15 11:45:27 [INFO] __main__ - [compute_lap_features_for_driver] driver=18 lap=40 KEEP, status=GREEN, duration=109.4s
2025-12-15 11:45:27 [DEBUG] __main__ - [get_openf1] GET https://api.openf1.org/v1/car_data params={'session_key': 9598, 'driver_number': 18, 'date>': '2024-09-15T12:16:24.104000+00:00', 'date<': '2024-09-15T12:18:13.491000+00:00'}
2025-12-15 11:45:28 [DEBUG] __main__ - [compute_lap_features_for_driver] driver=18 lap=40, car_data rows=410
2025-12-15 11:45:28 [INFO] __main__ - [compute_lap_features_for_driver] driver=18 lap=41 KEEP, status=GREEN, duration=109.7s
2025-12-15 11:45:28 [DEBUG] __main__ - [get_openf1] GET https://api.openf1.org/v1/car_data params={'session_key': 9598, 'driver_number': 18, 'date>': '2024-09-15T12:18:13.491000+00:00', 'date<': '2024-09-15T12:20:03.228000+00:00'}
2025-12-15 11:45:28 [DEBUG] __main__ - [compute_lap_features_for_driver] driver=18 lap=41, car_data rows=426
2025-12-15 11:45:28 [INFO] __main__ - [compute_lap_features_for_driver] driver=18 lap=42 KEEP, status=GREEN, duration=109.4s
2025-12-15 11:45:28 [DEBUG] __main__ - [get_openf1] GET https://api.openf1.org/v1/car_data params={'session_key': 9598, 'driver_number': 18, 'date>': '2024-09-15T12:20:03.228000+00:00', 'date<': '2024-09-15T12:21:52.673000+00:00'}
2025-12-15 11:45:29 [DEBUG] __main__ - [compute_lap_features_for_driver] driver=18 lap=42, car_data rows=410
2025-12-15 11:45:29 [INFO] __main__ - [compute_lap_features_for_driver] driver=18 lap=43 KEEP, status=GREEN, duration=108.8s
2025-12-15 11:45:29 [DEBUG] __main__ - [get_openf1] GET https://api.openf1.org/v1/car_data params={'session_key': 9598, 'driver_number': 18, 'date>': '2024-09-15T12:21:52.673000+00:00', 'date<': '2024-09-15T12:23:41.495000+00:00'}
2025-12-15 11:45:30 [DEBUG] __main__ - [compute_lap_features_for_driver] driver=18 lap=43, car_data rows=409
2025-12-15 11:45:30 [INFO] __main__ - [compute_lap_features_for_driver] driver=18 lap=44 KEEP, status=GREEN, duration=108.7s
2025-12-15 11:45:30 [DEBUG] __main__ - [get_openf1] GET https://api.openf1.org/v1/car_data params={'session_key': 9598, 'driver_number': 18, 'date>': '2024-09-15T12:23:41.495000+00:00', 'date<': '2024-09-15T12:25:30.242000+00:00'}
2025-12-15 11:45:31 [DEBUG] __main__ - [compute_lap_features_for_driver] driver=18 lap=44, car_data rows=408
2025-12-15 11:45:31 [INFO] __main__ - [compute_lap_features_for_driver] driver=18 lap=45 KEEP, status=GREEN, duration=122.2s
2025-12-15 11:45:31 [DEBUG] __main__ - [get_openf1] GET https://api.openf1.org/v1/car_data params={'session_key': 9598, 'driver_number': 18, 'date>': '2024-09-15T12:25:30.242000+00:00', 'date<': '2024-09-15T12:27:32.396000+00:00'}
2025-12-15 11:45:32 [DEBUG] __main__ - [compute_lap_features_for_driver] driver=18 lap=45, car_data rows=468
2025-12-15 11:45:32 [INFO] __main__ - [compute_lap_features_for_driver] driver=18 lap=46 DROP (VSC_LAP), status=VSC;YELLOW;RED_FLAG;CHEQUERED, duration=nans
2025-12-15 11:45:32 [INFO] __main__ - [compute_lap_features_for_driver] driver=18, feature laps=[2, 3, 4, 5, 6, 7, 8, 9, 10, 11, 12, 13, 14, 15, 16, 17, 18, 19, 20, 21, 22, 23, 24, 25, 26, 27, 28, 29, 30, 31, 32, 33, 34, 36, 37, 38, 39, 40, 41, 42, 43, 44, 45]
2025-12-15 11:45:32 [INFO] __main__ - [build_driver_style_embedding_json] all feature laps (combined)=[2, 3, 4, 5, 6, 7, 8, 9, 10, 11, 12, 13, 14, 15, 16, 17, 18, 19, 20, 21, 22, 23, 24, 25, 26, 27, 28, 29, 30, 31, 32, 33, 34, 35, 36, 37, 38, 39, 40, 41, 42, 43, 44, 45, 46, 47, 48, 49]
2025-12-15 11:45:32 [INFO] __main__ - [embed_lap_features] focus_laps = [9, 26, 51]
2025-12-15 11:45:32 [INFO] __main__ - Saved ./driver_style_embedding_2024baku.json
