2025-12-15 11:37:04 [INFO] __main__ - ===== Driver Style Map logging started for race_id=2024spafrancorchamps =====
2025-12-15 11:37:04 [INFO] __main__ - log file: log/driver_style_2024spafrancorchamps.log
2025-12-15 11:37:04 [INFO] __main__ - === Start processing 2024spafrancorchamps ===
2025-12-15 11:37:04 [DEBUG] __main__ - [get_openf1] GET https://api.openf1.org/v1/meetings params={'year': 2024}
2025-12-15 11:37:04 [DEBUG] __main__ - [get_openf1] GET https://api.openf1.org/v1/sessions params={'meeting_key': 1242}
2025-12-15 11:37:04 [INFO] __main__ - [find_race_session] year=2024 slug=spafrancorchamps -> session_key=9574, meeting_name=Belgian Grand Prix
2025-12-15 11:37:04 [INFO] __main__ - [main] race_id=2024spafrancorchamps -> session_key=9574, meeting_name=Belgian Grand Prix
2025-12-15 11:37:04 [DEBUG] __main__ - [get_openf1] GET https://api.openf1.org/v1/session_result params={'session_key': 9574}
2025-12-15 11:37:05 [DEBUG] __main__ - [get_openf1] GET https://api.openf1.org/v1/drivers params={'session_key': 9574}
2025-12-15 11:37:05 [INFO] __main__ - [select_race_drivers] session_key=9574 winner=44 teammate=63 last_finisher=27
2025-12-15 11:37:05 [INFO] __main__ - [build_driver_style_embedding_json] start session_key=9574, drivers=[44, 63, 27]
2025-12-15 11:37:05 [DEBUG] __main__ - [get_openf1] GET https://api.openf1.org/v1/race_control params={'session_key': 9574}
2025-12-15 11:37:06 [DEBUG] __main__ - [get_openf1] GET https://api.openf1.org/v1/sessions params={'session_key': 9574}
2025-12-15 11:37:06 [INFO] __main__ - [fetch_session_start] session_key=9574, date_start=2024-07-28 13:00:00+00:00
2025-12-15 11:37:06 [INFO] __main__ - [fetch_race_start_time] use first GREEN as race_start: 2024-07-28 12:20:01+00:00
2025-12-15 11:37:06 [DEBUG] __main__ - [get_openf1] GET https://api.openf1.org/v1/laps params={'session_key': 9574, 'driver_number': 44}
2025-12-15 11:37:07 [INFO] __main__ - [fetch_laps] fill lap 1 date_start with race_start=2024-07-28 12:20:01+00:00
2025-12-15 11:37:07 [INFO] __main__ - [fetch_laps] driver=44, laps: min=1, max=44, count=44
2025-12-15 11:37:07 [DEBUG] __main__ - [fetch_laps] head:
   meeting_key  session_key  ...  st_speed  lap_duration_s
0         1242         9574  ...     309.0        2744.881
1         1242         9574  ...     307.0         109.740
2         1242         9574  ...     310.0         109.166
3         1242         9574  ...     305.0         109.937
4         1242         9574  ...     307.0         109.282

[5 rows x 17 columns]
2025-12-15 11:37:07 [INFO] __main__ - [build_driver_style_embedding_json] ref_driver=44, min_lap=1, max_lap=44
2025-12-15 11:37:07 [INFO] __main__ - [build_driver_style_embedding_json] phase_split plan =
2025-12-15 11:37:07 [INFO] __main__ -   opening: [1, 2, 3, 4, 5, 6, 7, 8, 9, 10, 11, 12, 13, 14, 15]
2025-12-15 11:37:07 [INFO] __main__ -   middle : [16, 17, 18, 19, 20, 21, 22, 23, 24, 25, 26, 27, 28, 29, 30]
2025-12-15 11:37:07 [INFO] __main__ -   ending : [31, 32, 33, 34, 35, 36, 37, 38, 39, 40, 41, 42, 43, 44]
2025-12-15 11:37:07 [INFO] __main__ - [build_driver_style_embedding_json] compute features for driver=44
2025-12-15 11:37:07 [DEBUG] __main__ - [get_openf1] GET https://api.openf1.org/v1/laps params={'session_key': 9574, 'driver_number': 44}
2025-12-15 11:37:08 [DEBUG] __main__ - [get_openf1] GET https://api.openf1.org/v1/sessions params={'session_key': 9574}
2025-12-15 11:37:08 [INFO] __main__ - [fetch_session_start] session_key=9574, date_start=2024-07-28 13:00:00+00:00
2025-12-15 11:37:08 [INFO] __main__ - [fetch_race_start_time] use first GREEN as race_start: 2024-07-28 12:20:01+00:00
2025-12-15 11:37:08 [INFO] __main__ - [fetch_laps] fill lap 1 date_start with race_start=2024-07-28 12:20:01+00:00
2025-12-15 11:37:08 [INFO] __main__ - [fetch_laps] driver=44, laps: min=1, max=44, count=44
2025-12-15 11:37:08 [DEBUG] __main__ - [fetch_laps] head:
   meeting_key  session_key  ...  st_speed  lap_duration_s
0         1242         9574  ...     309.0        2744.881
1         1242         9574  ...     307.0         109.740
2         1242         9574  ...     310.0         109.166
3         1242         9574  ...     305.0         109.937
4         1242         9574  ...     307.0         109.282

[5 rows x 17 columns]
2025-12-15 11:37:08 [DEBUG] __main__ - [build_lap_status_mapping] status_by_lap={1: 'GREEN', 2: 'GREEN', 3: 'GREEN', 4: 'GREEN', 5: 'GREEN', 6: 'GREEN', 7: 'GREEN', 8: 'GREEN', 9: 'GREEN', 10: 'GREEN', 11: 'GREEN', 12: 'GREEN', 13: 'GREEN', 14: 'GREEN', 15: 'YELLOW', 16: 'GREEN', 17: 'GREEN', 18: 'GREEN', 19: 'GREEN', 20: 'GREEN', 21: 'GREEN', 22: 'GREEN', 23: 'GREEN', 24: 'GREEN', 25: 'GREEN', 26: 'GREEN', 27: 'GREEN', 28: 'GREEN', 29: 'GREEN', 30: 'GREEN', 31: 'GREEN', 32: 'GREEN', 33: 'GREEN', 34: 'GREEN', 35: 'GREEN', 36: 'GREEN', 37: 'GREEN', 38: 'GREEN', 39: 'GREEN', 40: 'GREEN', 41: 'GREEN', 42: 'GREEN', 43: 'GREEN', 44: 'RED_FLAG;CHEQUERED'}
2025-12-15 11:37:08 [INFO] __main__ - [compute_lap_features_for_driver] driver=44, typical_duration_s=108.0055
2025-12-15 11:37:08 [INFO] __main__ - [compute_lap_features_for_driver] driver=44 lap=1 DROP (LONG_LAP_2744.9s), status=GREEN, duration=2744.9s
2025-12-15 11:37:08 [INFO] __main__ - [compute_lap_features_for_driver] driver=44 lap=2 KEEP, status=GREEN, duration=109.7s
2025-12-15 11:37:08 [DEBUG] __main__ - [get_openf1] GET https://api.openf1.org/v1/car_data params={'session_key': 9574, 'driver_number': 44, 'date>': '2024-07-28T13:05:45.881000+00:00', 'date<': '2024-07-28T13:07:35.621000+00:00'}
2025-12-15 11:37:09 [DEBUG] __main__ - [compute_lap_features_for_driver] driver=44 lap=2, car_data rows=408
2025-12-15 11:37:09 [INFO] __main__ - [compute_lap_features_for_driver] driver=44 lap=3 KEEP, status=GREEN, duration=109.2s
2025-12-15 11:37:09 [DEBUG] __main__ - [get_openf1] GET https://api.openf1.org/v1/car_data params={'session_key': 9574, 'driver_number': 44, 'date>': '2024-07-28T13:07:35.621000+00:00', 'date<': '2024-07-28T13:09:24.787000+00:00'}
2025-12-15 11:37:10 [DEBUG] __main__ - [compute_lap_features_for_driver] driver=44 lap=3, car_data rows=400
2025-12-15 11:37:10 [INFO] __main__ - [compute_lap_features_for_driver] driver=44 lap=4 KEEP, status=GREEN, duration=109.9s
2025-12-15 11:37:10 [DEBUG] __main__ - [get_openf1] GET https://api.openf1.org/v1/car_data params={'session_key': 9574, 'driver_number': 44, 'date>': '2024-07-28T13:09:24.787000+00:00', 'date<': '2024-07-28T13:11:14.724000+00:00'}
2025-12-15 11:37:11 [DEBUG] __main__ - [compute_lap_features_for_driver] driver=44 lap=4, car_data rows=422
2025-12-15 11:37:11 [INFO] __main__ - [compute_lap_features_for_driver] driver=44 lap=5 KEEP, status=GREEN, duration=109.3s
2025-12-15 11:37:11 [DEBUG] __main__ - [get_openf1] GET https://api.openf1.org/v1/car_data params={'session_key': 9574, 'driver_number': 44, 'date>': '2024-07-28T13:11:14.724000+00:00', 'date<': '2024-07-28T13:13:04.006000+00:00'}
2025-12-15 11:37:12 [DEBUG] __main__ - [compute_lap_features_for_driver] driver=44 lap=5, car_data rows=409
2025-12-15 11:37:12 [INFO] __main__ - [compute_lap_features_for_driver] driver=44 lap=6 KEEP, status=GREEN, duration=109.4s
2025-12-15 11:37:12 [DEBUG] __main__ - [get_openf1] GET https://api.openf1.org/v1/car_data params={'session_key': 9574, 'driver_number': 44, 'date>': '2024-07-28T13:13:04.006000+00:00', 'date<': '2024-07-28T13:14:53.395000+00:00'}
2025-12-15 11:37:13 [DEBUG] __main__ - [compute_lap_features_for_driver] driver=44 lap=6, car_data rows=409
2025-12-15 11:37:13 [INFO] __main__ - [compute_lap_features_for_driver] driver=44 lap=7 KEEP, status=GREEN, duration=109.4s
2025-12-15 11:37:13 [DEBUG] __main__ - [get_openf1] GET https://api.openf1.org/v1/car_data params={'session_key': 9574, 'driver_number': 44, 'date>': '2024-07-28T13:14:53.395000+00:00', 'date<': '2024-07-28T13:16:42.767000+00:00'}
2025-12-15 11:37:14 [DEBUG] __main__ - [compute_lap_features_for_driver] driver=44 lap=7, car_data rows=419
2025-12-15 11:37:14 [INFO] __main__ - [compute_lap_features_for_driver] driver=44 lap=8 KEEP, status=GREEN, duration=109.7s
2025-12-15 11:37:14 [DEBUG] __main__ - [get_openf1] GET https://api.openf1.org/v1/car_data params={'session_key': 9574, 'driver_number': 44, 'date>': '2024-07-28T13:16:42.767000+00:00', 'date<': '2024-07-28T13:18:32.516000+00:00'}
2025-12-15 11:37:15 [DEBUG] __main__ - [compute_lap_features_for_driver] driver=44 lap=8, car_data rows=415
2025-12-15 11:37:15 [INFO] __main__ - [compute_lap_features_for_driver] driver=44 lap=9 KEEP, status=GREEN, duration=109.7s
2025-12-15 11:37:15 [DEBUG] __main__ - [get_openf1] GET https://api.openf1.org/v1/car_data params={'session_key': 9574, 'driver_number': 44, 'date>': '2024-07-28T13:18:32.516000+00:00', 'date<': '2024-07-28T13:20:22.216000+00:00'}
2025-12-15 11:37:16 [DEBUG] __main__ - [compute_lap_features_for_driver] driver=44 lap=9, car_data rows=417
2025-12-15 11:37:16 [INFO] __main__ - [compute_lap_features_for_driver] driver=44 lap=10 KEEP, status=GREEN, duration=109.9s
2025-12-15 11:37:16 [DEBUG] __main__ - [get_openf1] GET https://api.openf1.org/v1/car_data params={'session_key': 9574, 'driver_number': 44, 'date>': '2024-07-28T13:20:22.216000+00:00', 'date<': '2024-07-28T13:22:12.078000+00:00'}
2025-12-15 11:37:17 [DEBUG] __main__ - [compute_lap_features_for_driver] driver=44 lap=10, car_data rows=401
2025-12-15 11:37:17 [INFO] __main__ - [compute_lap_features_for_driver] driver=44 lap=11 KEEP, status=GREEN, duration=114.3s
2025-12-15 11:37:17 [DEBUG] __main__ - [get_openf1] GET https://api.openf1.org/v1/car_data params={'session_key': 9574, 'driver_number': 44, 'date>': '2024-07-28T13:22:12.078000+00:00', 'date<': '2024-07-28T13:24:06.376000+00:00'}
2025-12-15 11:37:19 [DEBUG] __main__ - [compute_lap_features_for_driver] driver=44 lap=11, car_data rows=432
2025-12-15 11:37:19 [INFO] __main__ - [compute_lap_features_for_driver] driver=44 lap=12 KEEP, status=GREEN, duration=124.9s
2025-12-15 11:37:19 [DEBUG] __main__ - [get_openf1] GET https://api.openf1.org/v1/car_data params={'session_key': 9574, 'driver_number': 44, 'date>': '2024-07-28T13:24:06.376000+00:00', 'date<': '2024-07-28T13:26:11.305000+00:00'}
2025-12-15 11:37:20 [DEBUG] __main__ - [compute_lap_features_for_driver] driver=44 lap=12, car_data rows=458
2025-12-15 11:37:20 [INFO] __main__ - [compute_lap_features_for_driver] driver=44 lap=13 KEEP, status=GREEN, duration=108.1s
2025-12-15 11:37:20 [DEBUG] __main__ - [get_openf1] GET https://api.openf1.org/v1/car_data params={'session_key': 9574, 'driver_number': 44, 'date>': '2024-07-28T13:26:11.305000+00:00', 'date<': '2024-07-28T13:27:59.372000+00:00'}
2025-12-15 11:37:21 [DEBUG] __main__ - [compute_lap_features_for_driver] driver=44 lap=13, car_data rows=396
2025-12-15 11:37:21 [INFO] __main__ - [compute_lap_features_for_driver] driver=44 lap=14 KEEP, status=GREEN, duration=108.1s
2025-12-15 11:37:21 [DEBUG] __main__ - [get_openf1] GET https://api.openf1.org/v1/car_data params={'session_key': 9574, 'driver_number': 44, 'date>': '2024-07-28T13:27:59.372000+00:00', 'date<': '2024-07-28T13:29:47.512000+00:00'}
2025-12-15 11:37:22 [DEBUG] __main__ - [compute_lap_features_for_driver] driver=44 lap=14, car_data rows=417
2025-12-15 11:37:22 [INFO] __main__ - [compute_lap_features_for_driver] driver=44 lap=15 DROP (YELLOW_FLAG_LAP), status=YELLOW, duration=108.2s
2025-12-15 11:37:22 [INFO] __main__ - [compute_lap_features_for_driver] driver=44 lap=16 KEEP, status=GREEN, duration=108.0s
2025-12-15 11:37:22 [DEBUG] __main__ - [get_openf1] GET https://api.openf1.org/v1/car_data params={'session_key': 9574, 'driver_number': 44, 'date>': '2024-07-28T13:31:35.673000+00:00', 'date<': '2024-07-28T13:33:23.645000+00:00'}
2025-12-15 11:37:22 [DEBUG] __main__ - [compute_lap_features_for_driver] driver=44 lap=16, car_data rows=396
2025-12-15 11:37:22 [INFO] __main__ - [compute_lap_features_for_driver] driver=44 lap=17 KEEP, status=GREEN, duration=108.0s
2025-12-15 11:37:22 [DEBUG] __main__ - [get_openf1] GET https://api.openf1.org/v1/car_data params={'session_key': 9574, 'driver_number': 44, 'date>': '2024-07-28T13:33:23.645000+00:00', 'date<': '2024-07-28T13:35:11.610000+00:00'}
2025-12-15 11:37:23 [DEBUG] __main__ - [compute_lap_features_for_driver] driver=44 lap=17, car_data rows=405
2025-12-15 11:37:23 [INFO] __main__ - [compute_lap_features_for_driver] driver=44 lap=18 KEEP, status=GREEN, duration=108.0s
2025-12-15 11:37:23 [DEBUG] __main__ - [get_openf1] GET https://api.openf1.org/v1/car_data params={'session_key': 9574, 'driver_number': 44, 'date>': '2024-07-28T13:35:11.610000+00:00', 'date<': '2024-07-28T13:36:59.633000+00:00'}
2025-12-15 11:37:24 [DEBUG] __main__ - [compute_lap_features_for_driver] driver=44 lap=18, car_data rows=397
2025-12-15 11:37:24 [INFO] __main__ - [compute_lap_features_for_driver] driver=44 lap=19 KEEP, status=GREEN, duration=107.9s
2025-12-15 11:37:24 [DEBUG] __main__ - [get_openf1] GET https://api.openf1.org/v1/car_data params={'session_key': 9574, 'driver_number': 44, 'date>': '2024-07-28T13:36:59.633000+00:00', 'date<': '2024-07-28T13:38:47.553000+00:00'}
2025-12-15 11:37:25 [DEBUG] __main__ - [compute_lap_features_for_driver] driver=44 lap=19, car_data rows=407
2025-12-15 11:37:25 [INFO] __main__ - [compute_lap_features_for_driver] driver=44 lap=20 KEEP, status=GREEN, duration=108.3s
2025-12-15 11:37:25 [DEBUG] __main__ - [get_openf1] GET https://api.openf1.org/v1/car_data params={'session_key': 9574, 'driver_number': 44, 'date>': '2024-07-28T13:38:47.553000+00:00', 'date<': '2024-07-28T13:40:35.837000+00:00'}
2025-12-15 11:37:26 [DEBUG] __main__ - [compute_lap_features_for_driver] driver=44 lap=20, car_data rows=396
2025-12-15 11:37:26 [INFO] __main__ - [compute_lap_features_for_driver] driver=44 lap=21 KEEP, status=GREEN, duration=108.4s
2025-12-15 11:37:26 [DEBUG] __main__ - [get_openf1] GET https://api.openf1.org/v1/car_data params={'session_key': 9574, 'driver_number': 44, 'date>': '2024-07-28T13:40:35.837000+00:00', 'date<': '2024-07-28T13:42:24.212000+00:00'}
2025-12-15 11:37:27 [DEBUG] __main__ - [compute_lap_features_for_driver] driver=44 lap=21, car_data rows=408
2025-12-15 11:37:27 [INFO] __main__ - [compute_lap_features_for_driver] driver=44 lap=22 KEEP, status=GREEN, duration=108.4s
2025-12-15 11:37:27 [DEBUG] __main__ - [get_openf1] GET https://api.openf1.org/v1/car_data params={'session_key': 9574, 'driver_number': 44, 'date>': '2024-07-28T13:42:24.212000+00:00', 'date<': '2024-07-28T13:44:12.576000+00:00'}
2025-12-15 11:37:28 [DEBUG] __main__ - [compute_lap_features_for_driver] driver=44 lap=22, car_data rows=400
2025-12-15 11:37:28 [INFO] __main__ - [compute_lap_features_for_driver] driver=44 lap=23 KEEP, status=GREEN, duration=108.3s
2025-12-15 11:37:28 [DEBUG] __main__ - [get_openf1] GET https://api.openf1.org/v1/car_data params={'session_key': 9574, 'driver_number': 44, 'date>': '2024-07-28T13:44:12.576000+00:00', 'date<': '2024-07-28T13:46:00.908000+00:00'}
2025-12-15 11:37:28 [DEBUG] __main__ - [compute_lap_features_for_driver] driver=44 lap=23, car_data rows=425
2025-12-15 11:37:28 [INFO] __main__ - [compute_lap_features_for_driver] driver=44 lap=24 KEEP, status=GREEN, duration=108.0s
2025-12-15 11:37:28 [DEBUG] __main__ - [get_openf1] GET https://api.openf1.org/v1/car_data params={'session_key': 9574, 'driver_number': 44, 'date>': '2024-07-28T13:46:00.908000+00:00', 'date<': '2024-07-28T13:47:48.896000+00:00'}
2025-12-15 11:37:29 [DEBUG] __main__ - [compute_lap_features_for_driver] driver=44 lap=24, car_data rows=403
2025-12-15 11:37:29 [INFO] __main__ - [compute_lap_features_for_driver] driver=44 lap=25 KEEP, status=GREEN, duration=107.9s
2025-12-15 11:37:29 [DEBUG] __main__ - [get_openf1] GET https://api.openf1.org/v1/car_data params={'session_key': 9574, 'driver_number': 44, 'date>': '2024-07-28T13:47:48.896000+00:00', 'date<': '2024-07-28T13:49:36.811000+00:00'}
2025-12-15 11:37:30 [DEBUG] __main__ - [compute_lap_features_for_driver] driver=44 lap=25, car_data rows=412
2025-12-15 11:37:30 [INFO] __main__ - [compute_lap_features_for_driver] driver=44 lap=26 KEEP, status=GREEN, duration=112.1s
2025-12-15 11:37:30 [DEBUG] __main__ - [get_openf1] GET https://api.openf1.org/v1/car_data params={'session_key': 9574, 'driver_number': 44, 'date>': '2024-07-28T13:49:36.811000+00:00', 'date<': '2024-07-28T13:51:28.893000+00:00'}
2025-12-15 11:37:31 [DEBUG] __main__ - [compute_lap_features_for_driver] driver=44 lap=26, car_data rows=412
2025-12-15 11:37:31 [INFO] __main__ - [compute_lap_features_for_driver] driver=44 lap=27 KEEP, status=GREEN, duration=121.2s
2025-12-15 11:37:31 [DEBUG] __main__ - [get_openf1] GET https://api.openf1.org/v1/car_data params={'session_key': 9574, 'driver_number': 44, 'date>': '2024-07-28T13:51:28.893000+00:00', 'date<': '2024-07-28T13:53:30.084000+00:00'}
2025-12-15 11:37:32 [DEBUG] __main__ - [compute_lap_features_for_driver] driver=44 lap=27, car_data rows=452
2025-12-15 11:37:32 [INFO] __main__ - [compute_lap_features_for_driver] driver=44 lap=28 KEEP, status=GREEN, duration=107.4s
2025-12-15 11:37:32 [DEBUG] __main__ - [get_openf1] GET https://api.openf1.org/v1/car_data params={'session_key': 9574, 'driver_number': 44, 'date>': '2024-07-28T13:53:30.084000+00:00', 'date<': '2024-07-28T13:55:17.526000+00:00'}
2025-12-15 11:37:32 [DEBUG] __main__ - [compute_lap_features_for_driver] driver=44 lap=28, car_data rows=406
2025-12-15 11:37:32 [INFO] __main__ - [compute_lap_features_for_driver] driver=44 lap=29 KEEP, status=GREEN, duration=107.5s
2025-12-15 11:37:32 [DEBUG] __main__ - [get_openf1] GET https://api.openf1.org/v1/car_data params={'session_key': 9574, 'driver_number': 44, 'date>': '2024-07-28T13:55:17.526000+00:00', 'date<': '2024-07-28T13:57:04.977000+00:00'}
2025-12-15 11:37:33 [DEBUG] __main__ - [compute_lap_features_for_driver] driver=44 lap=29, car_data rows=414
2025-12-15 11:37:33 [INFO] __main__ - [compute_lap_features_for_driver] driver=44 lap=30 KEEP, status=GREEN, duration=106.9s
2025-12-15 11:37:33 [DEBUG] __main__ - [get_openf1] GET https://api.openf1.org/v1/car_data params={'session_key': 9574, 'driver_number': 44, 'date>': '2024-07-28T13:57:04.977000+00:00', 'date<': '2024-07-28T13:58:51.905000+00:00'}
2025-12-15 11:37:34 [DEBUG] __main__ - [compute_lap_features_for_driver] driver=44 lap=30, car_data rows=402
2025-12-15 11:37:34 [INFO] __main__ - [compute_lap_features_for_driver] driver=44 lap=31 KEEP, status=GREEN, duration=107.2s
2025-12-15 11:37:34 [DEBUG] __main__ - [get_openf1] GET https://api.openf1.org/v1/car_data params={'session_key': 9574, 'driver_number': 44, 'date>': '2024-07-28T13:58:51.905000+00:00', 'date<': '2024-07-28T14:00:39.129000+00:00'}
2025-12-15 11:37:35 [DEBUG] __main__ - [compute_lap_features_for_driver] driver=44 lap=31, car_data rows=409
2025-12-15 11:37:35 [INFO] __main__ - [compute_lap_features_for_driver] driver=44 lap=32 KEEP, status=GREEN, duration=107.0s
2025-12-15 11:37:35 [DEBUG] __main__ - [get_openf1] GET https://api.openf1.org/v1/car_data params={'session_key': 9574, 'driver_number': 44, 'date>': '2024-07-28T14:00:39.129000+00:00', 'date<': '2024-07-28T14:02:26.166000+00:00'}
2025-12-15 11:37:35 [DEBUG] __main__ - [compute_lap_features_for_driver] driver=44 lap=32, car_data rows=404
2025-12-15 11:37:35 [INFO] __main__ - [compute_lap_features_for_driver] driver=44 lap=33 KEEP, status=GREEN, duration=106.8s
2025-12-15 11:37:35 [DEBUG] __main__ - [get_openf1] GET https://api.openf1.org/v1/car_data params={'session_key': 9574, 'driver_number': 44, 'date>': '2024-07-28T14:02:26.166000+00:00', 'date<': '2024-07-28T14:04:12.921000+00:00'}
2025-12-15 11:37:36 [DEBUG] __main__ - [compute_lap_features_for_driver] driver=44 lap=33, car_data rows=400
2025-12-15 11:37:36 [INFO] __main__ - [compute_lap_features_for_driver] driver=44 lap=34 KEEP, status=GREEN, duration=106.9s
2025-12-15 11:37:36 [DEBUG] __main__ - [get_openf1] GET https://api.openf1.org/v1/car_data params={'session_key': 9574, 'driver_number': 44, 'date>': '2024-07-28T14:04:12.921000+00:00', 'date<': '2024-07-28T14:05:59.782000+00:00'}
2025-12-15 11:37:37 [DEBUG] __main__ - [compute_lap_features_for_driver] driver=44 lap=34, car_data rows=395
2025-12-15 11:37:37 [INFO] __main__ - [compute_lap_features_for_driver] driver=44 lap=35 KEEP, status=GREEN, duration=106.8s
2025-12-15 11:37:37 [DEBUG] __main__ - [get_openf1] GET https://api.openf1.org/v1/car_data params={'session_key': 9574, 'driver_number': 44, 'date>': '2024-07-28T14:05:59.782000+00:00', 'date<': '2024-07-28T14:07:46.546000+00:00'}
2025-12-15 11:37:39 [DEBUG] __main__ - [compute_lap_features_for_driver] driver=44 lap=35, car_data rows=400
2025-12-15 11:37:39 [INFO] __main__ - [compute_lap_features_for_driver] driver=44 lap=36 KEEP, status=GREEN, duration=106.8s
2025-12-15 11:37:39 [DEBUG] __main__ - [get_openf1] GET https://api.openf1.org/v1/car_data params={'session_key': 9574, 'driver_number': 44, 'date>': '2024-07-28T14:07:46.546000+00:00', 'date<': '2024-07-28T14:09:33.365000+00:00'}
2025-12-15 11:37:40 [DEBUG] __main__ - [compute_lap_features_for_driver] driver=44 lap=36, car_data rows=395
2025-12-15 11:37:40 [INFO] __main__ - [compute_lap_features_for_driver] driver=44 lap=37 KEEP, status=GREEN, duration=107.0s
2025-12-15 11:37:40 [DEBUG] __main__ - [get_openf1] GET https://api.openf1.org/v1/car_data params={'session_key': 9574, 'driver_number': 44, 'date>': '2024-07-28T14:09:33.365000+00:00', 'date<': '2024-07-28T14:11:20.385000+00:00'}
2025-12-15 11:37:40 [DEBUG] __main__ - [compute_lap_features_for_driver] driver=44 lap=37, car_data rows=399
2025-12-15 11:37:40 [INFO] __main__ - [compute_lap_features_for_driver] driver=44 lap=38 KEEP, status=GREEN, duration=106.7s
2025-12-15 11:37:40 [DEBUG] __main__ - [get_openf1] GET https://api.openf1.org/v1/car_data params={'session_key': 9574, 'driver_number': 44, 'date>': '2024-07-28T14:11:20.385000+00:00', 'date<': '2024-07-28T14:13:07.134000+00:00'}
2025-12-15 11:37:41 [DEBUG] __main__ - [compute_lap_features_for_driver] driver=44 lap=38, car_data rows=403
2025-12-15 11:37:41 [INFO] __main__ - [compute_lap_features_for_driver] driver=44 lap=39 KEEP, status=GREEN, duration=107.2s
2025-12-15 11:37:41 [DEBUG] __main__ - [get_openf1] GET https://api.openf1.org/v1/car_data params={'session_key': 9574, 'driver_number': 44, 'date>': '2024-07-28T14:13:07.134000+00:00', 'date<': '2024-07-28T14:14:54.296000+00:00'}
2025-12-15 11:37:42 [DEBUG] __main__ - [compute_lap_features_for_driver] driver=44 lap=39, car_data rows=409
2025-12-15 11:37:42 [INFO] __main__ - [compute_lap_features_for_driver] driver=44 lap=40 KEEP, status=GREEN, duration=107.0s
2025-12-15 11:37:42 [DEBUG] __main__ - [get_openf1] GET https://api.openf1.org/v1/car_data params={'session_key': 9574, 'driver_number': 44, 'date>': '2024-07-28T14:14:54.296000+00:00', 'date<': '2024-07-28T14:16:41.335000+00:00'}
2025-12-15 11:37:43 [DEBUG] __main__ - [compute_lap_features_for_driver] driver=44 lap=40, car_data rows=401
2025-12-15 11:37:43 [INFO] __main__ - [compute_lap_features_for_driver] driver=44 lap=41 KEEP, status=GREEN, duration=107.6s
2025-12-15 11:37:43 [DEBUG] __main__ - [get_openf1] GET https://api.openf1.org/v1/car_data params={'session_key': 9574, 'driver_number': 44, 'date>': '2024-07-28T14:16:41.335000+00:00', 'date<': '2024-07-28T14:18:28.916000+00:00'}
2025-12-15 11:37:44 [DEBUG] __main__ - [compute_lap_features_for_driver] driver=44 lap=41, car_data rows=406
2025-12-15 11:37:44 [INFO] __main__ - [compute_lap_features_for_driver] driver=44 lap=42 KEEP, status=GREEN, duration=107.4s
2025-12-15 11:37:44 [DEBUG] __main__ - [get_openf1] GET https://api.openf1.org/v1/car_data params={'session_key': 9574, 'driver_number': 44, 'date>': '2024-07-28T14:18:28.916000+00:00', 'date<': '2024-07-28T14:20:16.349000+00:00'}
2025-12-15 11:37:44 [DEBUG] __main__ - [compute_lap_features_for_driver] driver=44 lap=42, car_data rows=398
2025-12-15 11:37:44 [INFO] __main__ - [compute_lap_features_for_driver] driver=44 lap=43 KEEP, status=GREEN, duration=107.4s
2025-12-15 11:37:44 [DEBUG] __main__ - [get_openf1] GET https://api.openf1.org/v1/car_data params={'session_key': 9574, 'driver_number': 44, 'date>': '2024-07-28T14:20:16.349000+00:00', 'date<': '2024-07-28T14:22:03.721000+00:00'}
2025-12-15 11:37:45 [DEBUG] __main__ - [compute_lap_features_for_driver] driver=44 lap=43, car_data rows=417
2025-12-15 11:37:45 [INFO] __main__ - [compute_lap_features_for_driver] driver=44 lap=44 DROP (CHEQUERED_FLAG_LAP), status=RED_FLAG;CHEQUERED, duration=nans
2025-12-15 11:37:45 [INFO] __main__ - [compute_lap_features_for_driver] driver=44, feature laps=[2, 3, 4, 5, 6, 7, 8, 9, 10, 11, 12, 13, 14, 16, 17, 18, 19, 20, 21, 22, 23, 24, 25, 26, 27, 28, 29, 30, 31, 32, 33, 34, 35, 36, 37, 38, 39, 40, 41, 42, 43]
2025-12-15 11:37:45 [INFO] __main__ - [build_driver_style_embedding_json] compute features for driver=63
2025-12-15 11:37:45 [DEBUG] __main__ - [get_openf1] GET https://api.openf1.org/v1/laps params={'session_key': 9574, 'driver_number': 63}
2025-12-15 11:37:46 [DEBUG] __main__ - [get_openf1] GET https://api.openf1.org/v1/sessions params={'session_key': 9574}
2025-12-15 11:37:46 [INFO] __main__ - [fetch_session_start] session_key=9574, date_start=2024-07-28 13:00:00+00:00
2025-12-15 11:37:46 [INFO] __main__ - [fetch_race_start_time] use first GREEN as race_start: 2024-07-28 12:20:01+00:00
2025-12-15 11:37:46 [INFO] __main__ - [fetch_laps] fill lap 1 date_start with race_start=2024-07-28 12:20:01+00:00
2025-12-15 11:37:46 [INFO] __main__ - [fetch_laps] driver=63, laps: min=1, max=44, count=44
2025-12-15 11:37:46 [DEBUG] __main__ - [fetch_laps] head:
   meeting_key  session_key  ...  st_speed  lap_duration_s
0         1242         9574  ...     310.0        2747.028
1         1242         9574  ...     312.0         110.116
2         1242         9574  ...       NaN         110.082
3         1242         9574  ...     311.0         110.064
4         1242         9574  ...     312.0         110.078

[5 rows x 17 columns]
2025-12-15 11:37:47 [DEBUG] __main__ - [build_lap_status_mapping] status_by_lap={1: 'GREEN', 2: 'GREEN', 3: 'GREEN', 4: 'GREEN', 5: 'GREEN', 6: 'GREEN', 7: 'GREEN', 8: 'GREEN', 9: 'GREEN', 10: 'GREEN', 11: 'GREEN', 12: 'GREEN', 13: 'GREEN', 14: 'GREEN', 15: 'YELLOW', 16: 'GREEN', 17: 'GREEN', 18: 'GREEN', 19: 'GREEN', 20: 'GREEN', 21: 'GREEN', 22: 'GREEN', 23: 'GREEN', 24: 'GREEN', 25: 'GREEN', 26: 'GREEN', 27: 'GREEN', 28: 'GREEN', 29: 'GREEN', 30: 'GREEN', 31: 'GREEN', 32: 'GREEN', 33: 'GREEN', 34: 'GREEN', 35: 'GREEN', 36: 'GREEN', 37: 'GREEN', 38: 'GREEN', 39: 'GREEN', 40: 'GREEN', 41: 'GREEN', 42: 'GREEN', 43: 'GREEN', 44: 'RED_FLAG;CHEQUERED'}
2025-12-15 11:37:47 [INFO] __main__ - [compute_lap_features_for_driver] driver=63, typical_duration_s=108.2555
2025-12-15 11:37:47 [INFO] __main__ - [compute_lap_features_for_driver] driver=63 lap=1 DROP (LONG_LAP_2747.0s), status=GREEN, duration=2747.0s
2025-12-15 11:37:47 [INFO] __main__ - [compute_lap_features_for_driver] driver=63 lap=2 KEEP, status=GREEN, duration=110.1s
2025-12-15 11:37:47 [DEBUG] __main__ - [get_openf1] GET https://api.openf1.org/v1/car_data params={'session_key': 9574, 'driver_number': 63, 'date>': '2024-07-28T13:05:48.028000+00:00', 'date<': '2024-07-28T13:07:38.144000+00:00'}
2025-12-15 11:37:48 [DEBUG] __main__ - [compute_lap_features_for_driver] driver=63 lap=2, car_data rows=408
2025-12-15 11:37:48 [INFO] __main__ - [compute_lap_features_for_driver] driver=63 lap=3 KEEP, status=GREEN, duration=110.1s
2025-12-15 11:37:48 [DEBUG] __main__ - [get_openf1] GET https://api.openf1.org/v1/car_data params={'session_key': 9574, 'driver_number': 63, 'date>': '2024-07-28T13:07:38.144000+00:00', 'date<': '2024-07-28T13:09:28.226000+00:00'}
2025-12-15 11:37:49 [DEBUG] __main__ - [compute_lap_features_for_driver] driver=63 lap=3, car_data rows=405
2025-12-15 11:37:49 [INFO] __main__ - [compute_lap_features_for_driver] driver=63 lap=4 KEEP, status=GREEN, duration=110.1s
2025-12-15 11:37:49 [DEBUG] __main__ - [get_openf1] GET https://api.openf1.org/v1/car_data params={'session_key': 9574, 'driver_number': 63, 'date>': '2024-07-28T13:09:28.226000+00:00', 'date<': '2024-07-28T13:11:18.290000+00:00'}
2025-12-15 11:37:50 [DEBUG] __main__ - [compute_lap_features_for_driver] driver=63 lap=4, car_data rows=422
2025-12-15 11:37:50 [INFO] __main__ - [compute_lap_features_for_driver] driver=63 lap=5 KEEP, status=GREEN, duration=110.1s
2025-12-15 11:37:50 [DEBUG] __main__ - [get_openf1] GET https://api.openf1.org/v1/car_data params={'session_key': 9574, 'driver_number': 63, 'date>': '2024-07-28T13:11:18.290000+00:00', 'date<': '2024-07-28T13:13:08.368000+00:00'}
2025-12-15 11:37:51 [DEBUG] __main__ - [compute_lap_features_for_driver] driver=63 lap=5, car_data rows=412
2025-12-15 11:37:51 [INFO] __main__ - [compute_lap_features_for_driver] driver=63 lap=6 KEEP, status=GREEN, duration=110.1s
2025-12-15 11:37:51 [DEBUG] __main__ - [get_openf1] GET https://api.openf1.org/v1/car_data params={'session_key': 9574, 'driver_number': 63, 'date>': '2024-07-28T13:13:08.368000+00:00', 'date<': '2024-07-28T13:14:58.444000+00:00'}
2025-12-15 11:37:52 [DEBUG] __main__ - [compute_lap_features_for_driver] driver=63 lap=6, car_data rows=410
2025-12-15 11:37:52 [INFO] __main__ - [compute_lap_features_for_driver] driver=63 lap=7 KEEP, status=GREEN, duration=109.9s
2025-12-15 11:37:52 [DEBUG] __main__ - [get_openf1] GET https://api.openf1.org/v1/car_data params={'session_key': 9574, 'driver_number': 63, 'date>': '2024-07-28T13:14:58.444000+00:00', 'date<': '2024-07-28T13:16:48.320000+00:00'}
2025-12-15 11:37:53 [DEBUG] __main__ - [compute_lap_features_for_driver] driver=63 lap=7, car_data rows=422
2025-12-15 11:37:53 [INFO] __main__ - [compute_lap_features_for_driver] driver=63 lap=8 KEEP, status=GREEN, duration=110.9s
2025-12-15 11:37:53 [DEBUG] __main__ - [get_openf1] GET https://api.openf1.org/v1/car_data params={'session_key': 9574, 'driver_number': 63, 'date>': '2024-07-28T13:16:48.320000+00:00', 'date<': '2024-07-28T13:18:39.172000+00:00'}
2025-12-15 11:37:54 [DEBUG] __main__ - [compute_lap_features_for_driver] driver=63 lap=8, car_data rows=418
2025-12-15 11:37:54 [INFO] __main__ - [compute_lap_features_for_driver] driver=63 lap=9 KEEP, status=GREEN, duration=109.8s
2025-12-15 11:37:54 [DEBUG] __main__ - [get_openf1] GET https://api.openf1.org/v1/car_data params={'session_key': 9574, 'driver_number': 63, 'date>': '2024-07-28T13:18:39.172000+00:00', 'date<': '2024-07-28T13:20:28.986000+00:00'}
2025-12-15 11:37:55 [DEBUG] __main__ - [compute_lap_features_for_driver] driver=63 lap=9, car_data rows=416
2025-12-15 11:37:55 [INFO] __main__ - [compute_lap_features_for_driver] driver=63 lap=10 KEEP, status=GREEN, duration=114.7s
2025-12-15 11:37:55 [DEBUG] __main__ - [get_openf1] GET https://api.openf1.org/v1/car_data params={'session_key': 9574, 'driver_number': 63, 'date>': '2024-07-28T13:20:28.986000+00:00', 'date<': '2024-07-28T13:22:23.707000+00:00'}
2025-12-15 11:37:56 [DEBUG] __main__ - [compute_lap_features_for_driver] driver=63 lap=10, car_data rows=424
2025-12-15 11:37:56 [INFO] __main__ - [compute_lap_features_for_driver] driver=63 lap=11 KEEP, status=GREEN, duration=122.5s
2025-12-15 11:37:56 [DEBUG] __main__ - [get_openf1] GET https://api.openf1.org/v1/car_data params={'session_key': 9574, 'driver_number': 63, 'date>': '2024-07-28T13:22:23.707000+00:00', 'date<': '2024-07-28T13:24:26.229000+00:00'}
2025-12-15 11:37:57 [DEBUG] __main__ - [compute_lap_features_for_driver] driver=63 lap=11, car_data rows=457
2025-12-15 11:37:57 [INFO] __main__ - [compute_lap_features_for_driver] driver=63 lap=12 KEEP, status=GREEN, duration=109.9s
2025-12-15 11:37:57 [DEBUG] __main__ - [get_openf1] GET https://api.openf1.org/v1/car_data params={'session_key': 9574, 'driver_number': 63, 'date>': '2024-07-28T13:24:26.229000+00:00', 'date<': '2024-07-28T13:26:16.084000+00:00'}
2025-12-15 11:37:58 [DEBUG] __main__ - [compute_lap_features_for_driver] driver=63 lap=12, car_data rows=405
2025-12-15 11:37:58 [INFO] __main__ - [compute_lap_features_for_driver] driver=63 lap=13 KEEP, status=GREEN, duration=108.7s
2025-12-15 11:37:58 [DEBUG] __main__ - [get_openf1] GET https://api.openf1.org/v1/car_data params={'session_key': 9574, 'driver_number': 63, 'date>': '2024-07-28T13:26:16.084000+00:00', 'date<': '2024-07-28T13:28:04.744000+00:00'}
2025-12-15 11:37:59 [DEBUG] __main__ - [compute_lap_features_for_driver] driver=63 lap=13, car_data rows=397
2025-12-15 11:37:59 [INFO] __main__ - [compute_lap_features_for_driver] driver=63 lap=14 KEEP, status=GREEN, duration=108.2s
2025-12-15 11:37:59 [DEBUG] __main__ - [get_openf1] GET https://api.openf1.org/v1/car_data params={'session_key': 9574, 'driver_number': 63, 'date>': '2024-07-28T13:28:04.744000+00:00', 'date<': '2024-07-28T13:29:52.972000+00:00'}
2025-12-15 11:38:00 [DEBUG] __main__ - [compute_lap_features_for_driver] driver=63 lap=14, car_data rows=419
2025-12-15 11:38:00 [INFO] __main__ - [compute_lap_features_for_driver] driver=63 lap=15 DROP (YELLOW_FLAG_LAP), status=YELLOW, duration=108.3s
2025-12-15 11:38:00 [INFO] __main__ - [compute_lap_features_for_driver] driver=63 lap=16 KEEP, status=GREEN, duration=108.6s
2025-12-15 11:38:00 [DEBUG] __main__ - [get_openf1] GET https://api.openf1.org/v1/car_data params={'session_key': 9574, 'driver_number': 63, 'date>': '2024-07-28T13:31:41.297000+00:00', 'date<': '2024-07-28T13:33:29.900000+00:00'}
2025-12-15 11:38:01 [DEBUG] __main__ - [compute_lap_features_for_driver] driver=63 lap=16, car_data rows=405
2025-12-15 11:38:01 [INFO] __main__ - [compute_lap_features_for_driver] driver=63 lap=17 KEEP, status=GREEN, duration=108.4s
2025-12-15 11:38:01 [DEBUG] __main__ - [get_openf1] GET https://api.openf1.org/v1/car_data params={'session_key': 9574, 'driver_number': 63, 'date>': '2024-07-28T13:33:29.900000+00:00', 'date<': '2024-07-28T13:35:18.344000+00:00'}
2025-12-15 11:38:01 [DEBUG] __main__ - [compute_lap_features_for_driver] driver=63 lap=17, car_data rows=402
2025-12-15 11:38:01 [INFO] __main__ - [compute_lap_features_for_driver] driver=63 lap=18 KEEP, status=GREEN, duration=108.6s
2025-12-15 11:38:01 [DEBUG] __main__ - [get_openf1] GET https://api.openf1.org/v1/car_data params={'session_key': 9574, 'driver_number': 63, 'date>': '2024-07-28T13:35:18.344000+00:00', 'date<': '2024-07-28T13:37:06.965000+00:00'}
2025-12-15 11:38:02 [DEBUG] __main__ - [compute_lap_features_for_driver] driver=63 lap=18, car_data rows=401
2025-12-15 11:38:02 [INFO] __main__ - [compute_lap_features_for_driver] driver=63 lap=19 KEEP, status=GREEN, duration=108.5s
2025-12-15 11:38:02 [DEBUG] __main__ - [get_openf1] GET https://api.openf1.org/v1/car_data params={'session_key': 9574, 'driver_number': 63, 'date>': '2024-07-28T13:37:06.965000+00:00', 'date<': '2024-07-28T13:38:55.429000+00:00'}
2025-12-15 11:38:03 [DEBUG] __main__ - [compute_lap_features_for_driver] driver=63 lap=19, car_data rows=408
2025-12-15 11:38:03 [INFO] __main__ - [compute_lap_features_for_driver] driver=63 lap=20 KEEP, status=GREEN, duration=109.6s
2025-12-15 11:38:03 [DEBUG] __main__ - [get_openf1] GET https://api.openf1.org/v1/car_data params={'session_key': 9574, 'driver_number': 63, 'date>': '2024-07-28T13:38:55.429000+00:00', 'date<': '2024-07-28T13:40:45.052000+00:00'}
2025-12-15 11:38:04 [DEBUG] __main__ - [compute_lap_features_for_driver] driver=63 lap=20, car_data rows=401
2025-12-15 11:38:04 [INFO] __main__ - [compute_lap_features_for_driver] driver=63 lap=21 KEEP, status=GREEN, duration=107.7s
2025-12-15 11:38:04 [DEBUG] __main__ - [get_openf1] GET https://api.openf1.org/v1/car_data params={'session_key': 9574, 'driver_number': 63, 'date>': '2024-07-28T13:40:45.052000+00:00', 'date<': '2024-07-28T13:42:32.742000+00:00'}
2025-12-15 11:38:05 [DEBUG] __main__ - [compute_lap_features_for_driver] driver=63 lap=21, car_data rows=407
2025-12-15 11:38:05 [INFO] __main__ - [compute_lap_features_for_driver] driver=63 lap=22 KEEP, status=GREEN, duration=108.7s
2025-12-15 11:38:05 [DEBUG] __main__ - [get_openf1] GET https://api.openf1.org/v1/car_data params={'session_key': 9574, 'driver_number': 63, 'date>': '2024-07-28T13:42:32.742000+00:00', 'date<': '2024-07-28T13:44:21.457000+00:00'}
2025-12-15 11:38:06 [DEBUG] __main__ - [compute_lap_features_for_driver] driver=63 lap=22, car_data rows=401
2025-12-15 11:38:06 [INFO] __main__ - [compute_lap_features_for_driver] driver=63 lap=23 KEEP, status=GREEN, duration=108.4s
2025-12-15 11:38:06 [DEBUG] __main__ - [get_openf1] GET https://api.openf1.org/v1/car_data params={'session_key': 9574, 'driver_number': 63, 'date>': '2024-07-28T13:44:21.457000+00:00', 'date<': '2024-07-28T13:46:09.862000+00:00'}
2025-12-15 11:38:06 [DEBUG] __main__ - [compute_lap_features_for_driver] driver=63 lap=23, car_data rows=424
2025-12-15 11:38:06 [INFO] __main__ - [compute_lap_features_for_driver] driver=63 lap=24 KEEP, status=GREEN, duration=108.3s
2025-12-15 11:38:06 [DEBUG] __main__ - [get_openf1] GET https://api.openf1.org/v1/car_data params={'session_key': 9574, 'driver_number': 63, 'date>': '2024-07-28T13:46:09.862000+00:00', 'date<': '2024-07-28T13:47:58.145000+00:00'}
2025-12-15 11:38:07 [DEBUG] __main__ - [compute_lap_features_for_driver] driver=63 lap=24, car_data rows=406
2025-12-15 11:38:07 [INFO] __main__ - [compute_lap_features_for_driver] driver=63 lap=25 KEEP, status=GREEN, duration=108.0s
2025-12-15 11:38:07 [DEBUG] __main__ - [get_openf1] GET https://api.openf1.org/v1/car_data params={'session_key': 9574, 'driver_number': 63, 'date>': '2024-07-28T13:47:58.145000+00:00', 'date<': '2024-07-28T13:49:46.121000+00:00'}
2025-12-15 11:38:08 [DEBUG] __main__ - [compute_lap_features_for_driver] driver=63 lap=25, car_data rows=412
2025-12-15 11:38:08 [INFO] __main__ - [compute_lap_features_for_driver] driver=63 lap=26 KEEP, status=GREEN, duration=107.8s
2025-12-15 11:38:08 [DEBUG] __main__ - [get_openf1] GET https://api.openf1.org/v1/car_data params={'session_key': 9574, 'driver_number': 63, 'date>': '2024-07-28T13:49:46.121000+00:00', 'date<': '2024-07-28T13:51:33.924000+00:00'}
2025-12-15 11:38:09 [DEBUG] __main__ - [compute_lap_features_for_driver] driver=63 lap=26, car_data rows=398
2025-12-15 11:38:09 [INFO] __main__ - [compute_lap_features_for_driver] driver=63 lap=27 KEEP, status=GREEN, duration=107.6s
2025-12-15 11:38:09 [DEBUG] __main__ - [get_openf1] GET https://api.openf1.org/v1/car_data params={'session_key': 9574, 'driver_number': 63, 'date>': '2024-07-28T13:51:33.924000+00:00', 'date<': '2024-07-28T13:53:21.568000+00:00'}
2025-12-15 11:38:10 [DEBUG] __main__ - [compute_lap_features_for_driver] driver=63 lap=27, car_data rows=398
2025-12-15 11:38:10 [INFO] __main__ - [compute_lap_features_for_driver] driver=63 lap=28 KEEP, status=GREEN, duration=107.7s
2025-12-15 11:38:10 [DEBUG] __main__ - [get_openf1] GET https://api.openf1.org/v1/car_data params={'session_key': 9574, 'driver_number': 63, 'date>': '2024-07-28T13:53:21.568000+00:00', 'date<': '2024-07-28T13:55:09.272000+00:00'}
2025-12-15 11:38:10 [DEBUG] __main__ - [compute_lap_features_for_driver] driver=63 lap=28, car_data rows=410
2025-12-15 11:38:10 [INFO] __main__ - [compute_lap_features_for_driver] driver=63 lap=29 KEEP, status=GREEN, duration=107.8s
2025-12-15 11:38:10 [DEBUG] __main__ - [get_openf1] GET https://api.openf1.org/v1/car_data params={'session_key': 9574, 'driver_number': 63, 'date>': '2024-07-28T13:55:09.272000+00:00', 'date<': '2024-07-28T13:56:57.046000+00:00'}
2025-12-15 11:38:11 [DEBUG] __main__ - [compute_lap_features_for_driver] driver=63 lap=29, car_data rows=412
2025-12-15 11:38:11 [INFO] __main__ - [compute_lap_features_for_driver] driver=63 lap=30 KEEP, status=GREEN, duration=107.7s
2025-12-15 11:38:11 [DEBUG] __main__ - [get_openf1] GET https://api.openf1.org/v1/car_data params={'session_key': 9574, 'driver_number': 63, 'date>': '2024-07-28T13:56:57.046000+00:00', 'date<': '2024-07-28T13:58:44.739000+00:00'}
2025-12-15 11:38:12 [DEBUG] __main__ - [compute_lap_features_for_driver] driver=63 lap=30, car_data rows=408
2025-12-15 11:38:12 [INFO] __main__ - [compute_lap_features_for_driver] driver=63 lap=31 KEEP, status=GREEN, duration=107.3s
2025-12-15 11:38:12 [DEBUG] __main__ - [get_openf1] GET https://api.openf1.org/v1/car_data params={'session_key': 9574, 'driver_number': 63, 'date>': '2024-07-28T13:58:44.739000+00:00', 'date<': '2024-07-28T14:00:32.037000+00:00'}
2025-12-15 11:38:13 [DEBUG] __main__ - [compute_lap_features_for_driver] driver=63 lap=31, car_data rows=407
2025-12-15 11:38:13 [INFO] __main__ - [compute_lap_features_for_driver] driver=63 lap=32 KEEP, status=GREEN, duration=107.7s
2025-12-15 11:38:13 [DEBUG] __main__ - [get_openf1] GET https://api.openf1.org/v1/car_data params={'session_key': 9574, 'driver_number': 63, 'date>': '2024-07-28T14:00:32.037000+00:00', 'date<': '2024-07-28T14:02:19.777000+00:00'}
2025-12-15 11:38:13 [DEBUG] __main__ - [compute_lap_features_for_driver] driver=63 lap=32, car_data rows=407
2025-12-15 11:38:13 [INFO] __main__ - [compute_lap_features_for_driver] driver=63 lap=33 KEEP, status=GREEN, duration=107.4s
2025-12-15 11:38:13 [DEBUG] __main__ - [get_openf1] GET https://api.openf1.org/v1/car_data params={'session_key': 9574, 'driver_number': 63, 'date>': '2024-07-28T14:02:19.777000+00:00', 'date<': '2024-07-28T14:04:07.173000+00:00'}
2025-12-15 11:38:14 [DEBUG] __main__ - [compute_lap_features_for_driver] driver=63 lap=33, car_data rows=406
2025-12-15 11:38:14 [INFO] __main__ - [compute_lap_features_for_driver] driver=63 lap=34 KEEP, status=GREEN, duration=107.3s
2025-12-15 11:38:14 [DEBUG] __main__ - [get_openf1] GET https://api.openf1.org/v1/car_data params={'session_key': 9574, 'driver_number': 63, 'date>': '2024-07-28T14:04:07.173000+00:00', 'date<': '2024-07-28T14:05:54.454000+00:00'}
2025-12-15 11:38:15 [DEBUG] __main__ - [compute_lap_features_for_driver] driver=63 lap=34, car_data rows=395
2025-12-15 11:38:15 [INFO] __main__ - [compute_lap_features_for_driver] driver=63 lap=35 KEEP, status=GREEN, duration=107.5s
2025-12-15 11:38:15 [DEBUG] __main__ - [get_openf1] GET https://api.openf1.org/v1/car_data params={'session_key': 9574, 'driver_number': 63, 'date>': '2024-07-28T14:05:54.454000+00:00', 'date<': '2024-07-28T14:07:41.964000+00:00'}
2025-12-15 11:38:17 [DEBUG] __main__ - [compute_lap_features_for_driver] driver=63 lap=35, car_data rows=402
2025-12-15 11:38:17 [INFO] __main__ - [compute_lap_features_for_driver] driver=63 lap=36 KEEP, status=GREEN, duration=107.7s
2025-12-15 11:38:17 [DEBUG] __main__ - [get_openf1] GET https://api.openf1.org/v1/car_data params={'session_key': 9574, 'driver_number': 63, 'date>': '2024-07-28T14:07:41.964000+00:00', 'date<': '2024-07-28T14:09:29.628000+00:00'}
2025-12-15 11:38:18 [DEBUG] __main__ - [compute_lap_features_for_driver] driver=63 lap=36, car_data rows=401
2025-12-15 11:38:18 [INFO] __main__ - [compute_lap_features_for_driver] driver=63 lap=37 KEEP, status=GREEN, duration=107.9s
2025-12-15 11:38:18 [DEBUG] __main__ - [get_openf1] GET https://api.openf1.org/v1/car_data params={'session_key': 9574, 'driver_number': 63, 'date>': '2024-07-28T14:09:29.628000+00:00', 'date<': '2024-07-28T14:11:17.507000+00:00'}
2025-12-15 11:38:18 [DEBUG] __main__ - [compute_lap_features_for_driver] driver=63 lap=37, car_data rows=399
2025-12-15 11:38:18 [INFO] __main__ - [compute_lap_features_for_driver] driver=63 lap=38 KEEP, status=GREEN, duration=107.7s
2025-12-15 11:38:18 [DEBUG] __main__ - [get_openf1] GET https://api.openf1.org/v1/car_data params={'session_key': 9574, 'driver_number': 63, 'date>': '2024-07-28T14:11:17.507000+00:00', 'date<': '2024-07-28T14:13:05.207000+00:00'}
2025-12-15 11:38:19 [DEBUG] __main__ - [compute_lap_features_for_driver] driver=63 lap=38, car_data rows=407
2025-12-15 11:38:19 [INFO] __main__ - [compute_lap_features_for_driver] driver=63 lap=39 KEEP, status=GREEN, duration=107.8s
2025-12-15 11:38:19 [DEBUG] __main__ - [get_openf1] GET https://api.openf1.org/v1/car_data params={'session_key': 9574, 'driver_number': 63, 'date>': '2024-07-28T14:13:05.207000+00:00', 'date<': '2024-07-28T14:14:52.974000+00:00'}
2025-12-15 11:38:20 [DEBUG] __main__ - [compute_lap_features_for_driver] driver=63 lap=39, car_data rows=412
2025-12-15 11:38:20 [INFO] __main__ - [compute_lap_features_for_driver] driver=63 lap=40 KEEP, status=GREEN, duration=107.7s
2025-12-15 11:38:20 [DEBUG] __main__ - [get_openf1] GET https://api.openf1.org/v1/car_data params={'session_key': 9574, 'driver_number': 63, 'date>': '2024-07-28T14:14:52.974000+00:00', 'date<': '2024-07-28T14:16:40.702000+00:00'}
2025-12-15 11:38:21 [DEBUG] __main__ - [compute_lap_features_for_driver] driver=63 lap=40, car_data rows=402
2025-12-15 11:38:21 [INFO] __main__ - [compute_lap_features_for_driver] driver=63 lap=41 KEEP, status=GREEN, duration=107.7s
2025-12-15 11:38:21 [DEBUG] __main__ - [get_openf1] GET https://api.openf1.org/v1/car_data params={'session_key': 9574, 'driver_number': 63, 'date>': '2024-07-28T14:16:40.702000+00:00', 'date<': '2024-07-28T14:18:28.440000+00:00'}
2025-12-15 11:38:22 [DEBUG] __main__ - [compute_lap_features_for_driver] driver=63 lap=41, car_data rows=408
2025-12-15 11:38:22 [INFO] __main__ - [compute_lap_features_for_driver] driver=63 lap=42 KEEP, status=GREEN, duration=107.5s
2025-12-15 11:38:22 [DEBUG] __main__ - [get_openf1] GET https://api.openf1.org/v1/car_data params={'session_key': 9574, 'driver_number': 63, 'date>': '2024-07-28T14:18:28.440000+00:00', 'date<': '2024-07-28T14:20:15.926000+00:00'}
2025-12-15 11:38:22 [DEBUG] __main__ - [compute_lap_features_for_driver] driver=63 lap=42, car_data rows=398
2025-12-15 11:38:22 [INFO] __main__ - [compute_lap_features_for_driver] driver=63 lap=43 KEEP, status=GREEN, duration=107.2s
2025-12-15 11:38:22 [DEBUG] __main__ - [get_openf1] GET https://api.openf1.org/v1/car_data params={'session_key': 9574, 'driver_number': 63, 'date>': '2024-07-28T14:20:15.926000+00:00', 'date<': '2024-07-28T14:22:03.136000+00:00'}
2025-12-15 11:38:23 [DEBUG] __main__ - [compute_lap_features_for_driver] driver=63 lap=43, car_data rows=417
2025-12-15 11:38:23 [INFO] __main__ - [compute_lap_features_for_driver] driver=63 lap=44 DROP (CHEQUERED_FLAG_LAP), status=RED_FLAG;CHEQUERED, duration=nans
2025-12-15 11:38:23 [INFO] __main__ - [compute_lap_features_for_driver] driver=63, feature laps=[2, 3, 4, 5, 6, 7, 8, 9, 10, 11, 12, 13, 14, 16, 17, 18, 19, 20, 21, 22, 23, 24, 25, 26, 27, 28, 29, 30, 31, 32, 33, 34, 35, 36, 37, 38, 39, 40, 41, 42, 43]
2025-12-15 11:38:23 [INFO] __main__ - [build_driver_style_embedding_json] compute features for driver=27
2025-12-15 11:38:23 [DEBUG] __main__ - [get_openf1] GET https://api.openf1.org/v1/laps params={'session_key': 9574, 'driver_number': 27}
2025-12-15 11:38:24 [DEBUG] __main__ - [get_openf1] GET https://api.openf1.org/v1/sessions params={'session_key': 9574}
2025-12-15 11:38:25 [INFO] __main__ - [fetch_session_start] session_key=9574, date_start=2024-07-28 13:00:00+00:00
2025-12-15 11:38:25 [INFO] __main__ - [fetch_race_start_time] use first GREEN as race_start: 2024-07-28 12:20:01+00:00
2025-12-15 11:38:25 [INFO] __main__ - [fetch_laps] fill lap 1 date_start with race_start=2024-07-28 12:20:01+00:00
2025-12-15 11:38:25 [INFO] __main__ - [fetch_laps] driver=27, laps: min=1, max=44, count=44
2025-12-15 11:38:25 [DEBUG] __main__ - [fetch_laps] head:
   meeting_key  session_key  ...  st_speed  lap_duration_s
0         1242         9574  ...     280.0        2752.291
1         1242         9574  ...     319.0         111.827
2         1242         9574  ...     316.0         111.269
3         1242         9574  ...       NaN         110.875
4         1242         9574  ...     315.0         110.734

[5 rows x 17 columns]
2025-12-15 11:38:25 [DEBUG] __main__ - [build_lap_status_mapping] status_by_lap={1: 'GREEN', 2: 'GREEN', 3: 'GREEN', 4: 'GREEN', 5: 'GREEN', 6: 'GREEN', 7: 'GREEN', 8: 'GREEN', 9: 'GREEN', 10: 'GREEN', 11: 'GREEN', 12: 'GREEN', 13: 'GREEN', 14: 'GREEN', 15: 'YELLOW', 16: 'GREEN', 17: 'GREEN', 18: 'GREEN', 19: 'GREEN', 20: 'GREEN', 21: 'GREEN', 22: 'GREEN', 23: 'GREEN', 24: 'GREEN', 25: 'GREEN', 26: 'GREEN', 27: 'GREEN', 28: 'GREEN', 29: 'GREEN', 30: 'GREEN', 31: 'GREEN', 32: 'GREEN', 33: 'GREEN', 34: 'GREEN', 35: 'GREEN', 36: 'GREEN', 37: 'GREEN', 38: 'GREEN', 39: 'GREEN', 40: 'GREEN', 41: 'GREEN', 42: 'GREEN', 43: 'GREEN', 44: 'RED_FLAG;CHEQUERED'}
2025-12-15 11:38:25 [INFO] __main__ - [compute_lap_features_for_driver] driver=27, typical_duration_s=109.79650000000001
2025-12-15 11:38:25 [INFO] __main__ - [compute_lap_features_for_driver] driver=27 lap=1 DROP (LONG_LAP_2752.3s), status=GREEN, duration=2752.3s
2025-12-15 11:38:25 [INFO] __main__ - [compute_lap_features_for_driver] driver=27 lap=2 KEEP, status=GREEN, duration=111.8s
2025-12-15 11:38:25 [DEBUG] __main__ - [get_openf1] GET https://api.openf1.org/v1/car_data params={'session_key': 9574, 'driver_number': 27, 'date>': '2024-07-28T13:05:53.291000+00:00', 'date<': '2024-07-28T13:07:45.118000+00:00'}
2025-12-15 11:38:26 [DEBUG] __main__ - [compute_lap_features_for_driver] driver=27 lap=2, car_data rows=407
2025-12-15 11:38:26 [INFO] __main__ - [compute_lap_features_for_driver] driver=27 lap=3 KEEP, status=GREEN, duration=111.3s
2025-12-15 11:38:26 [DEBUG] __main__ - [get_openf1] GET https://api.openf1.org/v1/car_data params={'session_key': 9574, 'driver_number': 27, 'date>': '2024-07-28T13:07:45.118000+00:00', 'date<': '2024-07-28T13:09:36.387000+00:00'}
2025-12-15 11:38:27 [DEBUG] __main__ - [compute_lap_features_for_driver] driver=27 lap=3, car_data rows=415
2025-12-15 11:38:27 [INFO] __main__ - [compute_lap_features_for_driver] driver=27 lap=4 KEEP, status=GREEN, duration=110.9s
2025-12-15 11:38:27 [DEBUG] __main__ - [get_openf1] GET https://api.openf1.org/v1/car_data params={'session_key': 9574, 'driver_number': 27, 'date>': '2024-07-28T13:09:36.387000+00:00', 'date<': '2024-07-28T13:11:27.262000+00:00'}
2025-12-15 11:38:28 [DEBUG] __main__ - [compute_lap_features_for_driver] driver=27 lap=4, car_data rows=427
2025-12-15 11:38:28 [INFO] __main__ - [compute_lap_features_for_driver] driver=27 lap=5 KEEP, status=GREEN, duration=110.7s
2025-12-15 11:38:28 [DEBUG] __main__ - [get_openf1] GET https://api.openf1.org/v1/car_data params={'session_key': 9574, 'driver_number': 27, 'date>': '2024-07-28T13:11:27.262000+00:00', 'date<': '2024-07-28T13:13:17.996000+00:00'}
2025-12-15 11:38:29 [DEBUG] __main__ - [compute_lap_features_for_driver] driver=27 lap=5, car_data rows=412
2025-12-15 11:38:29 [INFO] __main__ - [compute_lap_features_for_driver] driver=27 lap=6 KEEP, status=GREEN, duration=111.3s
2025-12-15 11:38:29 [DEBUG] __main__ - [get_openf1] GET https://api.openf1.org/v1/car_data params={'session_key': 9574, 'driver_number': 27, 'date>': '2024-07-28T13:13:17.996000+00:00', 'date<': '2024-07-28T13:15:09.313000+00:00'}
2025-12-15 11:38:30 [DEBUG] __main__ - [compute_lap_features_for_driver] driver=27 lap=6, car_data rows=415
2025-12-15 11:38:30 [INFO] __main__ - [compute_lap_features_for_driver] driver=27 lap=7 KEEP, status=GREEN, duration=115.4s
2025-12-15 11:38:30 [DEBUG] __main__ - [get_openf1] GET https://api.openf1.org/v1/car_data params={'session_key': 9574, 'driver_number': 27, 'date>': '2024-07-28T13:15:09.313000+00:00', 'date<': '2024-07-28T13:17:04.736000+00:00'}
2025-12-15 11:38:31 [DEBUG] __main__ - [compute_lap_features_for_driver] driver=27 lap=7, car_data rows=443
2025-12-15 11:38:31 [INFO] __main__ - [compute_lap_features_for_driver] driver=27 lap=8 KEEP, status=GREEN, duration=125.0s
2025-12-15 11:38:31 [DEBUG] __main__ - [get_openf1] GET https://api.openf1.org/v1/car_data params={'session_key': 9574, 'driver_number': 27, 'date>': '2024-07-28T13:17:04.736000+00:00', 'date<': '2024-07-28T13:19:09.733000+00:00'}
2025-12-15 11:38:32 [DEBUG] __main__ - [compute_lap_features_for_driver] driver=27 lap=8, car_data rows=470
2025-12-15 11:38:32 [INFO] __main__ - [compute_lap_features_for_driver] driver=27 lap=9 KEEP, status=GREEN, duration=109.5s
2025-12-15 11:38:32 [DEBUG] __main__ - [get_openf1] GET https://api.openf1.org/v1/car_data params={'session_key': 9574, 'driver_number': 27, 'date>': '2024-07-28T13:19:09.733000+00:00', 'date<': '2024-07-28T13:20:59.213000+00:00'}
2025-12-15 11:38:33 [DEBUG] __main__ - [compute_lap_features_for_driver] driver=27 lap=9, car_data rows=407
2025-12-15 11:38:33 [INFO] __main__ - [compute_lap_features_for_driver] driver=27 lap=10 KEEP, status=GREEN, duration=109.4s
2025-12-15 11:38:33 [DEBUG] __main__ - [get_openf1] GET https://api.openf1.org/v1/car_data params={'session_key': 9574, 'driver_number': 27, 'date>': '2024-07-28T13:20:59.213000+00:00', 'date<': '2024-07-28T13:22:48.582000+00:00'}
2025-12-15 11:38:34 [DEBUG] __main__ - [compute_lap_features_for_driver] driver=27 lap=10, car_data rows=413
2025-12-15 11:38:34 [INFO] __main__ - [compute_lap_features_for_driver] driver=27 lap=11 KEEP, status=GREEN, duration=109.8s
2025-12-15 11:38:34 [DEBUG] __main__ - [get_openf1] GET https://api.openf1.org/v1/car_data params={'session_key': 9574, 'driver_number': 27, 'date>': '2024-07-28T13:22:48.582000+00:00', 'date<': '2024-07-28T13:24:38.371000+00:00'}
2025-12-15 11:38:35 [DEBUG] __main__ - [compute_lap_features_for_driver] driver=27 lap=11, car_data rows=403
2025-12-15 11:38:35 [INFO] __main__ - [compute_lap_features_for_driver] driver=27 lap=12 KEEP, status=GREEN, duration=109.7s
2025-12-15 11:38:35 [DEBUG] __main__ - [get_openf1] GET https://api.openf1.org/v1/car_data params={'session_key': 9574, 'driver_number': 27, 'date>': '2024-07-28T13:24:38.371000+00:00', 'date<': '2024-07-28T13:26:28.091000+00:00'}
2025-12-15 11:38:36 [DEBUG] __main__ - [compute_lap_features_for_driver] driver=27 lap=12, car_data rows=407
2025-12-15 11:38:36 [INFO] __main__ - [compute_lap_features_for_driver] driver=27 lap=13 KEEP, status=GREEN, duration=109.9s
2025-12-15 11:38:36 [DEBUG] __main__ - [get_openf1] GET https://api.openf1.org/v1/car_data params={'session_key': 9574, 'driver_number': 27, 'date>': '2024-07-28T13:26:28.091000+00:00', 'date<': '2024-07-28T13:28:17.983000+00:00'}
2025-12-15 11:38:38 [DEBUG] __main__ - [compute_lap_features_for_driver] driver=27 lap=13, car_data rows=405
2025-12-15 11:38:38 [INFO] __main__ - [compute_lap_features_for_driver] driver=27 lap=14 KEEP, status=GREEN, duration=110.5s
2025-12-15 11:38:38 [DEBUG] __main__ - [get_openf1] GET https://api.openf1.org/v1/car_data params={'session_key': 9574, 'driver_number': 27, 'date>': '2024-07-28T13:28:17.983000+00:00', 'date<': '2024-07-28T13:30:08.437000+00:00'}
2025-12-15 11:38:39 [DEBUG] __main__ - [compute_lap_features_for_driver] driver=27 lap=14, car_data rows=420
2025-12-15 11:38:39 [INFO] __main__ - [compute_lap_features_for_driver] driver=27 lap=15 DROP (YELLOW_FLAG_LAP), status=YELLOW, duration=110.1s
2025-12-15 11:38:39 [INFO] __main__ - [compute_lap_features_for_driver] driver=27 lap=16 KEEP, status=GREEN, duration=110.7s
2025-12-15 11:38:39 [DEBUG] __main__ - [get_openf1] GET https://api.openf1.org/v1/car_data params={'session_key': 9574, 'driver_number': 27, 'date>': '2024-07-28T13:31:58.497000+00:00', 'date<': '2024-07-28T13:33:49.217000+00:00'}
2025-12-15 11:38:40 [DEBUG] __main__ - [compute_lap_features_for_driver] driver=27 lap=16, car_data rows=405
2025-12-15 11:38:40 [INFO] __main__ - [compute_lap_features_for_driver] driver=27 lap=17 KEEP, status=GREEN, duration=110.9s
2025-12-15 11:38:40 [DEBUG] __main__ - [get_openf1] GET https://api.openf1.org/v1/car_data params={'session_key': 9574, 'driver_number': 27, 'date>': '2024-07-28T13:33:49.217000+00:00', 'date<': '2024-07-28T13:35:40.155000+00:00'}
2025-12-15 11:38:40 [DEBUG] __main__ - [compute_lap_features_for_driver] driver=27 lap=17, car_data rows=415
2025-12-15 11:38:41 [INFO] __main__ - [compute_lap_features_for_driver] driver=27 lap=18 KEEP, status=GREEN, duration=110.3s
2025-12-15 11:38:41 [DEBUG] __main__ - [get_openf1] GET https://api.openf1.org/v1/car_data params={'session_key': 9574, 'driver_number': 27, 'date>': '2024-07-28T13:35:40.155000+00:00', 'date<': '2024-07-28T13:37:30.450000+00:00'}
2025-12-15 11:38:41 [DEBUG] __main__ - [compute_lap_features_for_driver] driver=27 lap=18, car_data rows=404
2025-12-15 11:38:41 [INFO] __main__ - [compute_lap_features_for_driver] driver=27 lap=19 KEEP, status=GREEN, duration=111.5s
2025-12-15 11:38:41 [DEBUG] __main__ - [get_openf1] GET https://api.openf1.org/v1/car_data params={'session_key': 9574, 'driver_number': 27, 'date>': '2024-07-28T13:37:30.450000+00:00', 'date<': '2024-07-28T13:39:21.934000+00:00'}
2025-12-15 11:38:42 [DEBUG] __main__ - [compute_lap_features_for_driver] driver=27 lap=19, car_data rows=423
2025-12-15 11:38:42 [INFO] __main__ - [compute_lap_features_for_driver] driver=27 lap=20 KEEP, status=GREEN, duration=114.9s
2025-12-15 11:38:42 [DEBUG] __main__ - [get_openf1] GET https://api.openf1.org/v1/car_data params={'session_key': 9574, 'driver_number': 27, 'date>': '2024-07-28T13:39:21.934000+00:00', 'date<': '2024-07-28T13:41:16.793000+00:00'}
2025-12-15 11:38:43 [DEBUG] __main__ - [compute_lap_features_for_driver] driver=27 lap=20, car_data rows=426
2025-12-15 11:38:43 [INFO] __main__ - [compute_lap_features_for_driver] driver=27 lap=21 KEEP, status=GREEN, duration=123.9s
2025-12-15 11:38:43 [DEBUG] __main__ - [get_openf1] GET https://api.openf1.org/v1/car_data params={'session_key': 9574, 'driver_number': 27, 'date>': '2024-07-28T13:41:16.793000+00:00', 'date<': '2024-07-28T13:43:20.710000+00:00'}
2025-12-15 11:38:44 [DEBUG] __main__ - [compute_lap_features_for_driver] driver=27 lap=21, car_data rows=456
2025-12-15 11:38:44 [INFO] __main__ - [compute_lap_features_for_driver] driver=27 lap=22 KEEP, status=GREEN, duration=109.3s
2025-12-15 11:38:44 [DEBUG] __main__ - [get_openf1] GET https://api.openf1.org/v1/car_data params={'session_key': 9574, 'driver_number': 27, 'date>': '2024-07-28T13:43:20.710000+00:00', 'date<': '2024-07-28T13:45:10.002000+00:00'}
2025-12-15 11:38:45 [DEBUG] __main__ - [compute_lap_features_for_driver] driver=27 lap=22, car_data rows=421
2025-12-15 11:38:45 [INFO] __main__ - [compute_lap_features_for_driver] driver=27 lap=23 KEEP, status=GREEN, duration=110.1s
2025-12-15 11:38:45 [DEBUG] __main__ - [get_openf1] GET https://api.openf1.org/v1/car_data params={'session_key': 9574, 'driver_number': 27, 'date>': '2024-07-28T13:45:10.002000+00:00', 'date<': '2024-07-28T13:47:00.080000+00:00'}
2025-12-15 11:38:46 [DEBUG] __main__ - [compute_lap_features_for_driver] driver=27 lap=23, car_data rows=422
2025-12-15 11:38:46 [INFO] __main__ - [compute_lap_features_for_driver] driver=27 lap=24 KEEP, status=GREEN, duration=110.3s
2025-12-15 11:38:46 [DEBUG] __main__ - [get_openf1] GET https://api.openf1.org/v1/car_data params={'session_key': 9574, 'driver_number': 27, 'date>': '2024-07-28T13:47:00.080000+00:00', 'date<': '2024-07-28T13:48:50.366000+00:00'}
2025-12-15 11:38:46 [DEBUG] __main__ - [compute_lap_features_for_driver] driver=27 lap=24, car_data rows=411
2025-12-15 11:38:46 [INFO] __main__ - [compute_lap_features_for_driver] driver=27 lap=25 KEEP, status=GREEN, duration=109.7s
2025-12-15 11:38:46 [DEBUG] __main__ - [get_openf1] GET https://api.openf1.org/v1/car_data params={'session_key': 9574, 'driver_number': 27, 'date>': '2024-07-28T13:48:50.366000+00:00', 'date<': '2024-07-28T13:50:40.051000+00:00'}
2025-12-15 11:38:47 [DEBUG] __main__ - [compute_lap_features_for_driver] driver=27 lap=25, car_data rows=411
2025-12-15 11:38:47 [INFO] __main__ - [compute_lap_features_for_driver] driver=27 lap=26 KEEP, status=GREEN, duration=109.2s
2025-12-15 11:38:47 [DEBUG] __main__ - [get_openf1] GET https://api.openf1.org/v1/car_data params={'session_key': 9574, 'driver_number': 27, 'date>': '2024-07-28T13:50:40.051000+00:00', 'date<': '2024-07-28T13:52:29.229000+00:00'}
2025-12-15 11:38:48 [DEBUG] __main__ - [compute_lap_features_for_driver] driver=27 lap=26, car_data rows=404
2025-12-15 11:38:48 [INFO] __main__ - [compute_lap_features_for_driver] driver=27 lap=27 KEEP, status=GREEN, duration=109.1s
2025-12-15 11:38:48 [DEBUG] __main__ - [get_openf1] GET https://api.openf1.org/v1/car_data params={'session_key': 9574, 'driver_number': 27, 'date>': '2024-07-28T13:52:29.229000+00:00', 'date<': '2024-07-28T13:54:18.344000+00:00'}
2025-12-15 11:38:49 [DEBUG] __main__ - [compute_lap_features_for_driver] driver=27 lap=27, car_data rows=410
2025-12-15 11:38:49 [INFO] __main__ - [compute_lap_features_for_driver] driver=27 lap=28 KEEP, status=GREEN, duration=109.4s
2025-12-15 11:38:49 [DEBUG] __main__ - [get_openf1] GET https://api.openf1.org/v1/car_data params={'session_key': 9574, 'driver_number': 27, 'date>': '2024-07-28T13:54:18.344000+00:00', 'date<': '2024-07-28T13:56:07.756000+00:00'}
2025-12-15 11:38:50 [DEBUG] __main__ - [compute_lap_features_for_driver] driver=27 lap=28, car_data rows=416
2025-12-15 11:38:50 [INFO] __main__ - [compute_lap_features_for_driver] driver=27 lap=29 KEEP, status=GREEN, duration=109.6s
2025-12-15 11:38:50 [DEBUG] __main__ - [get_openf1] GET https://api.openf1.org/v1/car_data params={'session_key': 9574, 'driver_number': 27, 'date>': '2024-07-28T13:56:07.756000+00:00', 'date<': '2024-07-28T13:57:57.326000+00:00'}
2025-12-15 11:38:51 [DEBUG] __main__ - [compute_lap_features_for_driver] driver=27 lap=29, car_data rows=420
2025-12-15 11:38:51 [INFO] __main__ - [compute_lap_features_for_driver] driver=27 lap=30 KEEP, status=GREEN, duration=109.6s
2025-12-15 11:38:51 [DEBUG] __main__ - [get_openf1] GET https://api.openf1.org/v1/car_data params={'session_key': 9574, 'driver_number': 27, 'date>': '2024-07-28T13:57:57.326000+00:00', 'date<': '2024-07-28T13:59:46.920000+00:00'}
2025-12-15 11:38:52 [DEBUG] __main__ - [compute_lap_features_for_driver] driver=27 lap=30, car_data rows=416
2025-12-15 11:38:52 [INFO] __main__ - [compute_lap_features_for_driver] driver=27 lap=31 KEEP, status=GREEN, duration=109.5s
2025-12-15 11:38:52 [DEBUG] __main__ - [get_openf1] GET https://api.openf1.org/v1/car_data params={'session_key': 9574, 'driver_number': 27, 'date>': '2024-07-28T13:59:46.920000+00:00', 'date<': '2024-07-28T14:01:36.393000+00:00'}
2025-12-15 11:38:52 [DEBUG] __main__ - [compute_lap_features_for_driver] driver=27 lap=31, car_data rows=418
2025-12-15 11:38:52 [INFO] __main__ - [compute_lap_features_for_driver] driver=27 lap=32 KEEP, status=GREEN, duration=109.3s
2025-12-15 11:38:52 [DEBUG] __main__ - [get_openf1] GET https://api.openf1.org/v1/car_data params={'session_key': 9574, 'driver_number': 27, 'date>': '2024-07-28T14:01:36.393000+00:00', 'date<': '2024-07-28T14:03:25.738000+00:00'}
2025-12-15 11:38:53 [DEBUG] __main__ - [compute_lap_features_for_driver] driver=27 lap=32, car_data rows=409
2025-12-15 11:38:53 [INFO] __main__ - [compute_lap_features_for_driver] driver=27 lap=33 KEEP, status=GREEN, duration=109.2s
2025-12-15 11:38:53 [DEBUG] __main__ - [get_openf1] GET https://api.openf1.org/v1/car_data params={'session_key': 9574, 'driver_number': 27, 'date>': '2024-07-28T14:03:25.738000+00:00', 'date<': '2024-07-28T14:05:14.969000+00:00'}
2025-12-15 11:38:54 [DEBUG] __main__ - [compute_lap_features_for_driver] driver=27 lap=33, car_data rows=400
2025-12-15 11:38:54 [INFO] __main__ - [compute_lap_features_for_driver] driver=27 lap=34 KEEP, status=GREEN, duration=110.4s
2025-12-15 11:38:54 [DEBUG] __main__ - [get_openf1] GET https://api.openf1.org/v1/car_data params={'session_key': 9574, 'driver_number': 27, 'date>': '2024-07-28T14:05:14.969000+00:00', 'date<': '2024-07-28T14:07:05.367000+00:00'}
2025-12-15 11:38:55 [DEBUG] __main__ - [compute_lap_features_for_driver] driver=27 lap=34, car_data rows=413
2025-12-15 11:38:55 [INFO] __main__ - [compute_lap_features_for_driver] driver=27 lap=35 KEEP, status=GREEN, duration=109.4s
2025-12-15 11:38:55 [DEBUG] __main__ - [get_openf1] GET https://api.openf1.org/v1/car_data params={'session_key': 9574, 'driver_number': 27, 'date>': '2024-07-28T14:07:05.367000+00:00', 'date<': '2024-07-28T14:08:54.766000+00:00'}
2025-12-15 11:38:56 [DEBUG] __main__ - [compute_lap_features_for_driver] driver=27 lap=35, car_data rows=412
2025-12-15 11:38:56 [INFO] __main__ - [compute_lap_features_for_driver] driver=27 lap=36 KEEP, status=GREEN, duration=109.8s
2025-12-15 11:38:56 [DEBUG] __main__ - [get_openf1] GET https://api.openf1.org/v1/car_data params={'session_key': 9574, 'driver_number': 27, 'date>': '2024-07-28T14:08:54.766000+00:00', 'date<': '2024-07-28T14:10:44.570000+00:00'}
2025-12-15 11:38:57 [DEBUG] __main__ - [compute_lap_features_for_driver] driver=27 lap=36, car_data rows=409
2025-12-15 11:38:57 [INFO] __main__ - [compute_lap_features_for_driver] driver=27 lap=37 KEEP, status=GREEN, duration=109.5s
2025-12-15 11:38:57 [DEBUG] __main__ - [get_openf1] GET https://api.openf1.org/v1/car_data params={'session_key': 9574, 'driver_number': 27, 'date>': '2024-07-28T14:10:44.570000+00:00', 'date<': '2024-07-28T14:12:34.079000+00:00'}
2025-12-15 11:38:57 [DEBUG] __main__ - [compute_lap_features_for_driver] driver=27 lap=37, car_data rows=407
2025-12-15 11:38:57 [INFO] __main__ - [compute_lap_features_for_driver] driver=27 lap=38 KEEP, status=GREEN, duration=109.3s
2025-12-15 11:38:57 [DEBUG] __main__ - [get_openf1] GET https://api.openf1.org/v1/car_data params={'session_key': 9574, 'driver_number': 27, 'date>': '2024-07-28T14:12:34.079000+00:00', 'date<': '2024-07-28T14:14:23.423000+00:00'}
2025-12-15 11:38:58 [DEBUG] __main__ - [compute_lap_features_for_driver] driver=27 lap=38, car_data rows=415
2025-12-15 11:38:58 [INFO] __main__ - [compute_lap_features_for_driver] driver=27 lap=39 KEEP, status=GREEN, duration=109.5s
2025-12-15 11:38:58 [DEBUG] __main__ - [get_openf1] GET https://api.openf1.org/v1/car_data params={'session_key': 9574, 'driver_number': 27, 'date>': '2024-07-28T14:14:23.423000+00:00', 'date<': '2024-07-28T14:16:12.923000+00:00'}
2025-12-15 11:38:59 [DEBUG] __main__ - [compute_lap_features_for_driver] driver=27 lap=39, car_data rows=415
2025-12-15 11:38:59 [INFO] __main__ - [compute_lap_features_for_driver] driver=27 lap=40 KEEP, status=GREEN, duration=108.9s
2025-12-15 11:38:59 [DEBUG] __main__ - [get_openf1] GET https://api.openf1.org/v1/car_data params={'session_key': 9574, 'driver_number': 27, 'date>': '2024-07-28T14:16:12.923000+00:00', 'date<': '2024-07-28T14:18:01.849000+00:00'}
2025-12-15 11:39:00 [DEBUG] __main__ - [compute_lap_features_for_driver] driver=27 lap=40, car_data rows=411
2025-12-15 11:39:00 [INFO] __main__ - [compute_lap_features_for_driver] driver=27 lap=41 KEEP, status=GREEN, duration=109.2s
2025-12-15 11:39:00 [DEBUG] __main__ - [get_openf1] GET https://api.openf1.org/v1/car_data params={'session_key': 9574, 'driver_number': 27, 'date>': '2024-07-28T14:18:01.849000+00:00', 'date<': '2024-07-28T14:19:51.029000+00:00'}
2025-12-15 11:39:00 [DEBUG] __main__ - [compute_lap_features_for_driver] driver=27 lap=41, car_data rows=407
2025-12-15 11:39:00 [INFO] __main__ - [compute_lap_features_for_driver] driver=27 lap=42 KEEP, status=GREEN, duration=109.1s
2025-12-15 11:39:00 [DEBUG] __main__ - [get_openf1] GET https://api.openf1.org/v1/car_data params={'session_key': 9574, 'driver_number': 27, 'date>': '2024-07-28T14:19:51.029000+00:00', 'date<': '2024-07-28T14:21:40.145000+00:00'}
2025-12-15 11:39:01 [DEBUG] __main__ - [compute_lap_features_for_driver] driver=27 lap=42, car_data rows=424
2025-12-15 11:39:01 [INFO] __main__ - [compute_lap_features_for_driver] driver=27 lap=43 KEEP, status=GREEN, duration=110.0s
2025-12-15 11:39:01 [DEBUG] __main__ - [get_openf1] GET https://api.openf1.org/v1/car_data params={'session_key': 9574, 'driver_number': 27, 'date>': '2024-07-28T14:21:40.145000+00:00', 'date<': '2024-07-28T14:23:30.150000+00:00'}
2025-12-15 11:39:02 [DEBUG] __main__ - [compute_lap_features_for_driver] driver=27 lap=43, car_data rows=401
2025-12-15 11:39:02 [INFO] __main__ - [compute_lap_features_for_driver] driver=27 lap=44 DROP (CHEQUERED_FLAG_LAP), status=RED_FLAG;CHEQUERED, duration=nans
2025-12-15 11:39:02 [INFO] __main__ - [compute_lap_features_for_driver] driver=27, feature laps=[2, 3, 4, 5, 6, 7, 8, 9, 10, 11, 12, 13, 14, 16, 17, 18, 19, 20, 21, 22, 23, 24, 25, 26, 27, 28, 29, 30, 31, 32, 33, 34, 35, 36, 37, 38, 39, 40, 41, 42, 43]
2025-12-15 11:39:02 [INFO] __main__ - [build_driver_style_embedding_json] all feature laps (combined)=[2, 3, 4, 5, 6, 7, 8, 9, 10, 11, 12, 13, 14, 16, 17, 18, 19, 20, 21, 22, 23, 24, 25, 26, 27, 28, 29, 30, 31, 32, 33, 34, 35, 36, 37, 38, 39, 40, 41, 42, 43]
2025-12-15 11:39:02 [INFO] __main__ - [embed_lap_features] focus_laps = [8, 23, 44]
2025-12-15 11:39:02 [INFO] __main__ - Saved ./driver_style_embedding_2024spafrancorchamps.json
