2025-12-15 11:17:49 [INFO] __main__ - ===== Driver Style Map logging started for race_id=2024shanghai =====
2025-12-15 11:17:49 [INFO] __main__ - log file: log/driver_style_2024shanghai.log
2025-12-15 11:17:49 [INFO] __main__ - === Start processing 2024shanghai ===
2025-12-15 11:17:49 [DEBUG] __main__ - [get_openf1] GET https://api.openf1.org/v1/meetings params={'year': 2024}
2025-12-15 11:17:50 [DEBUG] __main__ - [get_openf1] GET https://api.openf1.org/v1/sessions params={'meeting_key': 1233}
2025-12-15 11:17:50 [INFO] __main__ - [find_race_session] year=2024 slug=shanghai -> session_key=9673, meeting_name=Chinese Grand Prix
2025-12-15 11:17:50 [INFO] __main__ - [main] race_id=2024shanghai -> session_key=9673, meeting_name=Chinese Grand Prix
2025-12-15 11:17:50 [DEBUG] __main__ - [get_openf1] GET https://api.openf1.org/v1/session_result params={'session_key': 9673}
2025-12-15 11:17:51 [DEBUG] __main__ - [get_openf1] GET https://api.openf1.org/v1/drivers params={'session_key': 9673}
2025-12-15 11:17:51 [INFO] __main__ - [select_race_drivers] session_key=9673 winner=1 teammate=11 last_finisher=2
2025-12-15 11:17:51 [INFO] __main__ - [build_driver_style_embedding_json] start session_key=9673, drivers=[1, 11, 2]
2025-12-15 11:17:51 [DEBUG] __main__ - [get_openf1] GET https://api.openf1.org/v1/race_control params={'session_key': 9673}
2025-12-15 11:17:51 [DEBUG] __main__ - [get_openf1] GET https://api.openf1.org/v1/sessions params={'session_key': 9673}
2025-12-15 11:17:52 [INFO] __main__ - [fetch_session_start] session_key=9673, date_start=2024-04-21 07:00:00+00:00
2025-12-15 11:17:52 [INFO] __main__ - [fetch_race_start_time] use first GREEN as race_start: 2024-04-21 06:20:01+00:00
2025-12-15 11:17:52 [DEBUG] __main__ - [get_openf1] GET https://api.openf1.org/v1/laps params={'session_key': 9673, 'driver_number': 1}
2025-12-15 11:17:53 [INFO] __main__ - [fetch_laps] fill lap 1 date_start with race_start=2024-04-21 06:20:01+00:00
2025-12-15 11:17:53 [INFO] __main__ - [fetch_laps] driver=1, laps: min=1, max=56, count=56
2025-12-15 11:17:53 [DEBUG] __main__ - [fetch_laps] head:
   meeting_key  session_key  ...  st_speed  lap_duration_s
0         1233         9673  ...       304        2717.750
1         1233         9673  ...       308         100.205
2         1233         9673  ...       307         100.546
3         1233         9673  ...       307         100.522
4         1233         9673  ...       307         100.832

[5 rows x 17 columns]
2025-12-15 11:17:53 [INFO] __main__ - [build_driver_style_embedding_json] ref_driver=1, min_lap=1, max_lap=56
2025-12-15 11:17:53 [INFO] __main__ - [build_driver_style_embedding_json] phase_split plan =
2025-12-15 11:17:53 [INFO] __main__ -   opening: [1, 2, 3, 4, 5, 6, 7, 8, 9, 10, 11, 12, 13, 14, 15, 16, 17, 18, 19]
2025-12-15 11:17:53 [INFO] __main__ -   middle : [20, 21, 22, 23, 24, 25, 26, 27, 28, 29, 30, 31, 32, 33, 34, 35, 36, 37, 38]
2025-12-15 11:17:53 [INFO] __main__ -   ending : [39, 40, 41, 42, 43, 44, 45, 46, 47, 48, 49, 50, 51, 52, 53, 54, 55, 56]
2025-12-15 11:17:53 [INFO] __main__ - [build_driver_style_embedding_json] compute features for driver=1
2025-12-15 11:17:53 [DEBUG] __main__ - [get_openf1] GET https://api.openf1.org/v1/laps params={'session_key': 9673, 'driver_number': 1}
2025-12-15 11:17:54 [DEBUG] __main__ - [get_openf1] GET https://api.openf1.org/v1/sessions params={'session_key': 9673}
2025-12-15 11:17:54 [INFO] __main__ - [fetch_session_start] session_key=9673, date_start=2024-04-21 07:00:00+00:00
2025-12-15 11:17:54 [INFO] __main__ - [fetch_race_start_time] use first GREEN as race_start: 2024-04-21 06:20:01+00:00
2025-12-15 11:17:54 [INFO] __main__ - [fetch_laps] fill lap 1 date_start with race_start=2024-04-21 06:20:01+00:00
2025-12-15 11:17:54 [INFO] __main__ - [fetch_laps] driver=1, laps: min=1, max=56, count=56
2025-12-15 11:17:54 [DEBUG] __main__ - [fetch_laps] head:
   meeting_key  session_key  ...  st_speed  lap_duration_s
0         1233         9673  ...       304        2717.750
1         1233         9673  ...       308         100.205
2         1233         9673  ...       307         100.546
3         1233         9673  ...       307         100.522
4         1233         9673  ...       307         100.832

[5 rows x 17 columns]
2025-12-15 11:17:54 [DEBUG] __main__ - [build_lap_status_mapping] status_by_lap={1: 'GREEN', 2: 'GREEN', 3: 'GREEN', 4: 'GREEN', 5: 'GREEN', 6: 'GREEN', 7: 'GREEN', 8: 'GREEN', 9: 'GREEN', 10: 'GREEN', 11: 'GREEN', 12: 'GREEN', 13: 'GREEN', 14: 'GREEN', 15: 'GREEN', 16: 'GREEN', 17: 'GREEN', 18: 'GREEN', 19: 'GREEN', 20: 'GREEN', 21: 'YELLOW', 22: 'VSC;YELLOW', 23: 'SC', 24: 'GREEN', 25: 'SC', 26: 'SC', 27: 'SC;YELLOW', 28: 'GREEN', 29: 'YELLOW', 30: 'YELLOW', 31: 'SC', 32: 'SC', 33: 'SC', 34: 'GREEN', 35: 'GREEN', 36: 'GREEN', 37: 'GREEN', 38: 'GREEN', 39: 'GREEN', 40: 'GREEN', 41: 'SC', 42: 'SC', 43: 'GREEN', 44: 'GREEN', 45: 'GREEN', 46: 'GREEN', 47: 'GREEN', 48: 'GREEN', 49: 'GREEN', 50: 'GREEN', 51: 'GREEN', 52: 'GREEN', 53: 'GREEN', 54: 'GREEN', 55: 'GREEN', 56: 'RED_FLAG;CHEQUERED'}
2025-12-15 11:17:54 [INFO] __main__ - [compute_lap_features_for_driver] driver=1, typical_duration_s=99.869
2025-12-15 11:17:54 [INFO] __main__ - [compute_lap_features_for_driver] driver=1 lap=1 DROP (LONG_LAP_2717.8s), status=GREEN, duration=2717.8s
2025-12-15 11:17:54 [INFO] __main__ - [compute_lap_features_for_driver] driver=1 lap=2 KEEP, status=GREEN, duration=100.2s
2025-12-15 11:17:54 [DEBUG] __main__ - [get_openf1] GET https://api.openf1.org/v1/car_data params={'session_key': 9673, 'driver_number': 1, 'date>': '2024-04-21T07:05:18.750000+00:00', 'date<': '2024-04-21T07:06:58.955000+00:00'}
2025-12-15 11:17:55 [DEBUG] __main__ - [compute_lap_features_for_driver] driver=1 lap=2, car_data rows=384
2025-12-15 11:17:55 [INFO] __main__ - [compute_lap_features_for_driver] driver=1 lap=3 KEEP, status=GREEN, duration=100.5s
2025-12-15 11:17:55 [DEBUG] __main__ - [get_openf1] GET https://api.openf1.org/v1/car_data params={'session_key': 9673, 'driver_number': 1, 'date>': '2024-04-21T07:06:58.955000+00:00', 'date<': '2024-04-21T07:08:39.501000+00:00'}
2025-12-15 11:17:56 [DEBUG] __main__ - [compute_lap_features_for_driver] driver=1 lap=3, car_data rows=384
2025-12-15 11:17:56 [INFO] __main__ - [compute_lap_features_for_driver] driver=1 lap=4 KEEP, status=GREEN, duration=100.5s
2025-12-15 11:17:56 [DEBUG] __main__ - [get_openf1] GET https://api.openf1.org/v1/car_data params={'session_key': 9673, 'driver_number': 1, 'date>': '2024-04-21T07:08:39.501000+00:00', 'date<': '2024-04-21T07:10:20.023000+00:00'}
2025-12-15 11:17:57 [DEBUG] __main__ - [compute_lap_features_for_driver] driver=1 lap=4, car_data rows=390
2025-12-15 11:17:57 [INFO] __main__ - [compute_lap_features_for_driver] driver=1 lap=5 KEEP, status=GREEN, duration=100.8s
2025-12-15 11:17:57 [DEBUG] __main__ - [get_openf1] GET https://api.openf1.org/v1/car_data params={'session_key': 9673, 'driver_number': 1, 'date>': '2024-04-21T07:10:20.023000+00:00', 'date<': '2024-04-21T07:12:00.855000+00:00'}
2025-12-15 11:17:58 [DEBUG] __main__ - [compute_lap_features_for_driver] driver=1 lap=5, car_data rows=381
2025-12-15 11:17:58 [INFO] __main__ - [compute_lap_features_for_driver] driver=1 lap=6 KEEP, status=GREEN, duration=101.2s
2025-12-15 11:17:58 [DEBUG] __main__ - [get_openf1] GET https://api.openf1.org/v1/car_data params={'session_key': 9673, 'driver_number': 1, 'date>': '2024-04-21T07:12:00.855000+00:00', 'date<': '2024-04-21T07:13:42.050000+00:00'}
2025-12-15 11:17:59 [DEBUG] __main__ - [compute_lap_features_for_driver] driver=1 lap=6, car_data rows=394
2025-12-15 11:17:59 [INFO] __main__ - [compute_lap_features_for_driver] driver=1 lap=7 KEEP, status=GREEN, duration=101.2s
2025-12-15 11:17:59 [DEBUG] __main__ - [get_openf1] GET https://api.openf1.org/v1/car_data params={'session_key': 9673, 'driver_number': 1, 'date>': '2024-04-21T07:13:42.050000+00:00', 'date<': '2024-04-21T07:15:23.205000+00:00'}
2025-12-15 11:18:00 [DEBUG] __main__ - [compute_lap_features_for_driver] driver=1 lap=7, car_data rows=393
2025-12-15 11:18:00 [INFO] __main__ - [compute_lap_features_for_driver] driver=1 lap=8 KEEP, status=GREEN, duration=101.0s
2025-12-15 11:18:00 [DEBUG] __main__ - [get_openf1] GET https://api.openf1.org/v1/car_data params={'session_key': 9673, 'driver_number': 1, 'date>': '2024-04-21T07:15:23.205000+00:00', 'date<': '2024-04-21T07:17:04.233000+00:00'}
2025-12-15 11:18:01 [DEBUG] __main__ - [compute_lap_features_for_driver] driver=1 lap=8, car_data rows=386
2025-12-15 11:18:01 [INFO] __main__ - [compute_lap_features_for_driver] driver=1 lap=9 KEEP, status=GREEN, duration=101.3s
2025-12-15 11:18:01 [DEBUG] __main__ - [get_openf1] GET https://api.openf1.org/v1/car_data params={'session_key': 9673, 'driver_number': 1, 'date>': '2024-04-21T07:17:04.233000+00:00', 'date<': '2024-04-21T07:18:45.489000+00:00'}
2025-12-15 11:18:03 [DEBUG] __main__ - [compute_lap_features_for_driver] driver=1 lap=9, car_data rows=390
2025-12-15 11:18:03 [INFO] __main__ - [compute_lap_features_for_driver] driver=1 lap=10 KEEP, status=GREEN, duration=101.3s
2025-12-15 11:18:03 [DEBUG] __main__ - [get_openf1] GET https://api.openf1.org/v1/car_data params={'session_key': 9673, 'driver_number': 1, 'date>': '2024-04-21T07:18:45.489000+00:00', 'date<': '2024-04-21T07:20:26.821000+00:00'}
2025-12-15 11:18:04 [DEBUG] __main__ - [compute_lap_features_for_driver] driver=1 lap=10, car_data rows=383
2025-12-15 11:18:04 [INFO] __main__ - [compute_lap_features_for_driver] driver=1 lap=11 KEEP, status=GREEN, duration=101.5s
2025-12-15 11:18:04 [DEBUG] __main__ - [get_openf1] GET https://api.openf1.org/v1/car_data params={'session_key': 9673, 'driver_number': 1, 'date>': '2024-04-21T07:20:26.821000+00:00', 'date<': '2024-04-21T07:22:08.344000+00:00'}
2025-12-15 11:18:05 [DEBUG] __main__ - [compute_lap_features_for_driver] driver=1 lap=11, car_data rows=388
2025-12-15 11:18:05 [INFO] __main__ - [compute_lap_features_for_driver] driver=1 lap=12 KEEP, status=GREEN, duration=101.3s
2025-12-15 11:18:05 [DEBUG] __main__ - [get_openf1] GET https://api.openf1.org/v1/car_data params={'session_key': 9673, 'driver_number': 1, 'date>': '2024-04-21T07:22:08.344000+00:00', 'date<': '2024-04-21T07:23:49.604000+00:00'}
2025-12-15 11:18:05 [DEBUG] __main__ - [compute_lap_features_for_driver] driver=1 lap=12, car_data rows=377
2025-12-15 11:18:05 [INFO] __main__ - [compute_lap_features_for_driver] driver=1 lap=13 KEEP, status=GREEN, duration=106.4s
2025-12-15 11:18:05 [DEBUG] __main__ - [get_openf1] GET https://api.openf1.org/v1/car_data params={'session_key': 9673, 'driver_number': 1, 'date>': '2024-04-21T07:23:49.604000+00:00', 'date<': '2024-04-21T07:25:36.006000+00:00'}
2025-12-15 11:18:06 [DEBUG] __main__ - [compute_lap_features_for_driver] driver=1 lap=13, car_data rows=393
2025-12-15 11:18:06 [INFO] __main__ - [compute_lap_features_for_driver] driver=1 lap=14 KEEP, status=GREEN, duration=119.2s
2025-12-15 11:18:06 [DEBUG] __main__ - [get_openf1] GET https://api.openf1.org/v1/car_data params={'session_key': 9673, 'driver_number': 1, 'date>': '2024-04-21T07:25:36.006000+00:00', 'date<': '2024-04-21T07:27:35.186000+00:00'}
2025-12-15 11:18:07 [DEBUG] __main__ - [compute_lap_features_for_driver] driver=1 lap=14, car_data rows=437
2025-12-15 11:18:07 [INFO] __main__ - [compute_lap_features_for_driver] driver=1 lap=15 KEEP, status=GREEN, duration=99.6s
2025-12-15 11:18:07 [DEBUG] __main__ - [get_openf1] GET https://api.openf1.org/v1/car_data params={'session_key': 9673, 'driver_number': 1, 'date>': '2024-04-21T07:27:35.186000+00:00', 'date<': '2024-04-21T07:29:14.755000+00:00'}
2025-12-15 11:18:08 [DEBUG] __main__ - [compute_lap_features_for_driver] driver=1 lap=15, car_data rows=388
2025-12-15 11:18:08 [INFO] __main__ - [compute_lap_features_for_driver] driver=1 lap=16 KEEP, status=GREEN, duration=99.9s
2025-12-15 11:18:08 [DEBUG] __main__ - [get_openf1] GET https://api.openf1.org/v1/car_data params={'session_key': 9673, 'driver_number': 1, 'date>': '2024-04-21T07:29:14.755000+00:00', 'date<': '2024-04-21T07:30:54.674000+00:00'}
2025-12-15 11:18:09 [DEBUG] __main__ - [compute_lap_features_for_driver] driver=1 lap=16, car_data rows=376
2025-12-15 11:18:09 [INFO] __main__ - [compute_lap_features_for_driver] driver=1 lap=17 KEEP, status=GREEN, duration=99.6s
2025-12-15 11:18:09 [DEBUG] __main__ - [get_openf1] GET https://api.openf1.org/v1/car_data params={'session_key': 9673, 'driver_number': 1, 'date>': '2024-04-21T07:30:54.674000+00:00', 'date<': '2024-04-21T07:32:34.316000+00:00'}
2025-12-15 11:18:10 [DEBUG] __main__ - [compute_lap_features_for_driver] driver=1 lap=17, car_data rows=381
2025-12-15 11:18:10 [INFO] __main__ - [compute_lap_features_for_driver] driver=1 lap=18 KEEP, status=GREEN, duration=100.0s
2025-12-15 11:18:10 [DEBUG] __main__ - [get_openf1] GET https://api.openf1.org/v1/car_data params={'session_key': 9673, 'driver_number': 1, 'date>': '2024-04-21T07:32:34.316000+00:00', 'date<': '2024-04-21T07:34:14.355000+00:00'}
2025-12-15 11:18:11 [DEBUG] __main__ - [compute_lap_features_for_driver] driver=1 lap=18, car_data rows=367
2025-12-15 11:18:11 [INFO] __main__ - [compute_lap_features_for_driver] driver=1 lap=19 KEEP, status=GREEN, duration=100.1s
2025-12-15 11:18:11 [DEBUG] __main__ - [get_openf1] GET https://api.openf1.org/v1/car_data params={'session_key': 9673, 'driver_number': 1, 'date>': '2024-04-21T07:34:14.355000+00:00', 'date<': '2024-04-21T07:35:54.472000+00:00'}
2025-12-15 11:18:11 [DEBUG] __main__ - [compute_lap_features_for_driver] driver=1 lap=19, car_data rows=367
2025-12-15 11:18:11 [INFO] __main__ - [compute_lap_features_for_driver] driver=1 lap=20 KEEP, status=GREEN, duration=100.2s
2025-12-15 11:18:11 [DEBUG] __main__ - [get_openf1] GET https://api.openf1.org/v1/car_data params={'session_key': 9673, 'driver_number': 1, 'date>': '2024-04-21T07:35:54.472000+00:00', 'date<': '2024-04-21T07:37:34.630000+00:00'}
2025-12-15 11:18:12 [DEBUG] __main__ - [compute_lap_features_for_driver] driver=1 lap=20, car_data rows=376
2025-12-15 11:18:12 [INFO] __main__ - [compute_lap_features_for_driver] driver=1 lap=21 DROP (YELLOW_FLAG_LAP), status=YELLOW, duration=100.4s
2025-12-15 11:18:12 [INFO] __main__ - [compute_lap_features_for_driver] driver=1 lap=22 DROP (VSC_LAP), status=VSC;YELLOW, duration=134.4s
2025-12-15 11:18:12 [INFO] __main__ - [compute_lap_features_for_driver] driver=1 lap=23 DROP (SC_LAP), status=SC, duration=137.8s
2025-12-15 11:18:12 [INFO] __main__ - [compute_lap_features_for_driver] driver=1 lap=24 DROP (LONG_LAP_166.3s), status=GREEN, duration=166.3s
2025-12-15 11:18:12 [INFO] __main__ - [compute_lap_features_for_driver] driver=1 lap=25 DROP (SC_LAP), status=SC, duration=145.1s
2025-12-15 11:18:12 [INFO] __main__ - [compute_lap_features_for_driver] driver=1 lap=26 DROP (SC_LAP), status=SC, duration=157.3s
2025-12-15 11:18:12 [INFO] __main__ - [compute_lap_features_for_driver] driver=1 lap=27 DROP (SC_LAP), status=SC;YELLOW, duration=107.2s
2025-12-15 11:18:12 [INFO] __main__ - [compute_lap_features_for_driver] driver=1 lap=28 KEEP, status=GREEN, duration=151.4s
2025-12-15 11:18:12 [DEBUG] __main__ - [get_openf1] GET https://api.openf1.org/v1/car_data params={'session_key': 9673, 'driver_number': 1, 'date>': '2024-04-21T07:53:23.122000+00:00', 'date<': '2024-04-21T07:55:54.557000+00:00'}
2025-12-15 11:18:13 [DEBUG] __main__ - [compute_lap_features_for_driver] driver=1 lap=28, car_data rows=590
2025-12-15 11:18:13 [INFO] __main__ - [compute_lap_features_for_driver] driver=1 lap=29 DROP (YELLOW_FLAG_LAP), status=YELLOW, duration=146.5s
2025-12-15 11:18:13 [INFO] __main__ - [compute_lap_features_for_driver] driver=1 lap=30 DROP (YELLOW_FLAG_LAP), status=YELLOW, duration=140.1s
2025-12-15 11:18:13 [INFO] __main__ - [compute_lap_features_for_driver] driver=1 lap=31 DROP (SC_LAP), status=SC, duration=148.9s
2025-12-15 11:18:13 [INFO] __main__ - [compute_lap_features_for_driver] driver=1 lap=32 DROP (SC_LAP), status=SC, duration=98.7s
2025-12-15 11:18:13 [INFO] __main__ - [compute_lap_features_for_driver] driver=1 lap=33 DROP (SC_LAP), status=SC, duration=98.4s
2025-12-15 11:18:13 [INFO] __main__ - [compute_lap_features_for_driver] driver=1 lap=34 KEEP, status=GREEN, duration=98.4s
2025-12-15 11:18:13 [DEBUG] __main__ - [get_openf1] GET https://api.openf1.org/v1/car_data params={'session_key': 9673, 'driver_number': 1, 'date>': '2024-04-21T08:06:27.077000+00:00', 'date<': '2024-04-21T08:08:05.460000+00:00'}
2025-12-15 11:18:13 [DEBUG] __main__ - [compute_lap_features_for_driver] driver=1 lap=34, car_data rows=351
2025-12-15 11:18:13 [INFO] __main__ - [compute_lap_features_for_driver] driver=1 lap=35 KEEP, status=GREEN, duration=98.7s
2025-12-15 11:18:13 [DEBUG] __main__ - [get_openf1] GET https://api.openf1.org/v1/car_data params={'session_key': 9673, 'driver_number': 1, 'date>': '2024-04-21T08:08:05.460000+00:00', 'date<': '2024-04-21T08:09:44.170000+00:00'}
2025-12-15 11:18:14 [DEBUG] __main__ - [compute_lap_features_for_driver] driver=1 lap=35, car_data rows=370
2025-12-15 11:18:14 [INFO] __main__ - [compute_lap_features_for_driver] driver=1 lap=36 KEEP, status=GREEN, duration=98.9s
2025-12-15 11:18:14 [DEBUG] __main__ - [get_openf1] GET https://api.openf1.org/v1/car_data params={'session_key': 9673, 'driver_number': 1, 'date>': '2024-04-21T08:09:44.170000+00:00', 'date<': '2024-04-21T08:11:23.067000+00:00'}
2025-12-15 11:18:15 [DEBUG] __main__ - [compute_lap_features_for_driver] driver=1 lap=36, car_data rows=375
2025-12-15 11:18:15 [INFO] __main__ - [compute_lap_features_for_driver] driver=1 lap=37 KEEP, status=GREEN, duration=98.8s
2025-12-15 11:18:15 [DEBUG] __main__ - [get_openf1] GET https://api.openf1.org/v1/car_data params={'session_key': 9673, 'driver_number': 1, 'date>': '2024-04-21T08:11:23.067000+00:00', 'date<': '2024-04-21T08:13:01.817000+00:00'}
2025-12-15 11:18:17 [DEBUG] __main__ - [compute_lap_features_for_driver] driver=1 lap=37, car_data rows=366
2025-12-15 11:18:17 [INFO] __main__ - [compute_lap_features_for_driver] driver=1 lap=38 KEEP, status=GREEN, duration=98.8s
2025-12-15 11:18:17 [DEBUG] __main__ - [get_openf1] GET https://api.openf1.org/v1/car_data params={'session_key': 9673, 'driver_number': 1, 'date>': '2024-04-21T08:13:01.817000+00:00', 'date<': '2024-04-21T08:14:40.593000+00:00'}
2025-12-15 11:18:18 [DEBUG] __main__ - [compute_lap_features_for_driver] driver=1 lap=38, car_data rows=376
2025-12-15 11:18:18 [INFO] __main__ - [compute_lap_features_for_driver] driver=1 lap=39 KEEP, status=GREEN, duration=98.9s
2025-12-15 11:18:18 [DEBUG] __main__ - [get_openf1] GET https://api.openf1.org/v1/car_data params={'session_key': 9673, 'driver_number': 1, 'date>': '2024-04-21T08:14:40.593000+00:00', 'date<': '2024-04-21T08:16:19.539000+00:00'}
2025-12-15 11:18:19 [DEBUG] __main__ - [compute_lap_features_for_driver] driver=1 lap=39, car_data rows=394
2025-12-15 11:18:19 [INFO] __main__ - [compute_lap_features_for_driver] driver=1 lap=40 KEEP, status=GREEN, duration=98.9s
2025-12-15 11:18:19 [DEBUG] __main__ - [get_openf1] GET https://api.openf1.org/v1/car_data params={'session_key': 9673, 'driver_number': 1, 'date>': '2024-04-21T08:16:19.539000+00:00', 'date<': '2024-04-21T08:17:58.459000+00:00'}
2025-12-15 11:18:19 [DEBUG] __main__ - [compute_lap_features_for_driver] driver=1 lap=40, car_data rows=367
2025-12-15 11:18:19 [INFO] __main__ - [compute_lap_features_for_driver] driver=1 lap=41 DROP (SC_LAP), status=SC, duration=99.1s
2025-12-15 11:18:19 [INFO] __main__ - [compute_lap_features_for_driver] driver=1 lap=42 DROP (SC_LAP), status=SC, duration=99.1s
2025-12-15 11:18:19 [INFO] __main__ - [compute_lap_features_for_driver] driver=1 lap=43 KEEP, status=GREEN, duration=99.3s
2025-12-15 11:18:19 [DEBUG] __main__ - [get_openf1] GET https://api.openf1.org/v1/car_data params={'session_key': 9673, 'driver_number': 1, 'date>': '2024-04-21T08:21:16.636000+00:00', 'date<': '2024-04-21T08:22:55.955000+00:00'}
2025-12-15 11:18:20 [DEBUG] __main__ - [compute_lap_features_for_driver] driver=1 lap=43, car_data rows=377
2025-12-15 11:18:20 [INFO] __main__ - [compute_lap_features_for_driver] driver=1 lap=44 KEEP, status=GREEN, duration=99.3s
2025-12-15 11:18:20 [DEBUG] __main__ - [get_openf1] GET https://api.openf1.org/v1/car_data params={'session_key': 9673, 'driver_number': 1, 'date>': '2024-04-21T08:22:55.955000+00:00', 'date<': '2024-04-21T08:24:35.239000+00:00'}
2025-12-15 11:18:21 [DEBUG] __main__ - [compute_lap_features_for_driver] driver=1 lap=44, car_data rows=378
2025-12-15 11:18:21 [INFO] __main__ - [compute_lap_features_for_driver] driver=1 lap=45 KEEP, status=GREEN, duration=99.2s
2025-12-15 11:18:21 [DEBUG] __main__ - [get_openf1] GET https://api.openf1.org/v1/car_data params={'session_key': 9673, 'driver_number': 1, 'date>': '2024-04-21T08:24:35.239000+00:00', 'date<': '2024-04-21T08:26:14.429000+00:00'}
2025-12-15 11:18:21 [DEBUG] __main__ - [compute_lap_features_for_driver] driver=1 lap=45, car_data rows=382
2025-12-15 11:18:21 [INFO] __main__ - [compute_lap_features_for_driver] driver=1 lap=46 KEEP, status=GREEN, duration=99.4s
2025-12-15 11:18:21 [DEBUG] __main__ - [get_openf1] GET https://api.openf1.org/v1/car_data params={'session_key': 9673, 'driver_number': 1, 'date>': '2024-04-21T08:26:14.429000+00:00', 'date<': '2024-04-21T08:27:53.821000+00:00'}
2025-12-15 11:18:22 [DEBUG] __main__ - [compute_lap_features_for_driver] driver=1 lap=46, car_data rows=385
2025-12-15 11:18:22 [INFO] __main__ - [compute_lap_features_for_driver] driver=1 lap=47 KEEP, status=GREEN, duration=99.5s
2025-12-15 11:18:22 [DEBUG] __main__ - [get_openf1] GET https://api.openf1.org/v1/car_data params={'session_key': 9673, 'driver_number': 1, 'date>': '2024-04-21T08:27:53.821000+00:00', 'date<': '2024-04-21T08:29:33.349000+00:00'}
2025-12-15 11:18:23 [DEBUG] __main__ - [compute_lap_features_for_driver] driver=1 lap=47, car_data rows=389
2025-12-15 11:18:23 [INFO] __main__ - [compute_lap_features_for_driver] driver=1 lap=48 KEEP, status=GREEN, duration=99.2s
2025-12-15 11:18:23 [DEBUG] __main__ - [get_openf1] GET https://api.openf1.org/v1/car_data params={'session_key': 9673, 'driver_number': 1, 'date>': '2024-04-21T08:29:33.349000+00:00', 'date<': '2024-04-21T08:31:12.527000+00:00'}
2025-12-15 11:18:24 [DEBUG] __main__ - [compute_lap_features_for_driver] driver=1 lap=48, car_data rows=376
2025-12-15 11:18:24 [INFO] __main__ - [compute_lap_features_for_driver] driver=1 lap=49 KEEP, status=GREEN, duration=99.4s
2025-12-15 11:18:24 [DEBUG] __main__ - [get_openf1] GET https://api.openf1.org/v1/car_data params={'session_key': 9673, 'driver_number': 1, 'date>': '2024-04-21T08:31:12.527000+00:00', 'date<': '2024-04-21T08:32:51.906000+00:00'}
2025-12-15 11:18:25 [DEBUG] __main__ - [compute_lap_features_for_driver] driver=1 lap=49, car_data rows=382
2025-12-15 11:18:25 [INFO] __main__ - [compute_lap_features_for_driver] driver=1 lap=50 KEEP, status=GREEN, duration=99.5s
2025-12-15 11:18:25 [DEBUG] __main__ - [get_openf1] GET https://api.openf1.org/v1/car_data params={'session_key': 9673, 'driver_number': 1, 'date>': '2024-04-21T08:32:51.906000+00:00', 'date<': '2024-04-21T08:34:31.364000+00:00'}
2025-12-15 11:18:25 [DEBUG] __main__ - [compute_lap_features_for_driver] driver=1 lap=50, car_data rows=390
2025-12-15 11:18:25 [INFO] __main__ - [compute_lap_features_for_driver] driver=1 lap=51 KEEP, status=GREEN, duration=99.3s
2025-12-15 11:18:25 [DEBUG] __main__ - [get_openf1] GET https://api.openf1.org/v1/car_data params={'session_key': 9673, 'driver_number': 1, 'date>': '2024-04-21T08:34:31.364000+00:00', 'date<': '2024-04-21T08:36:10.685000+00:00'}
2025-12-15 11:18:26 [DEBUG] __main__ - [compute_lap_features_for_driver] driver=1 lap=51, car_data rows=379
2025-12-15 11:18:26 [INFO] __main__ - [compute_lap_features_for_driver] driver=1 lap=52 KEEP, status=GREEN, duration=99.6s
2025-12-15 11:18:26 [DEBUG] __main__ - [get_openf1] GET https://api.openf1.org/v1/car_data params={'session_key': 9673, 'driver_number': 1, 'date>': '2024-04-21T08:36:10.685000+00:00', 'date<': '2024-04-21T08:37:50.309000+00:00'}
2025-12-15 11:18:27 [DEBUG] __main__ - [compute_lap_features_for_driver] driver=1 lap=52, car_data rows=377
2025-12-15 11:18:27 [INFO] __main__ - [compute_lap_features_for_driver] driver=1 lap=53 KEEP, status=GREEN, duration=99.7s
2025-12-15 11:18:27 [DEBUG] __main__ - [get_openf1] GET https://api.openf1.org/v1/car_data params={'session_key': 9673, 'driver_number': 1, 'date>': '2024-04-21T08:37:50.309000+00:00', 'date<': '2024-04-21T08:39:30.048000+00:00'}
2025-12-15 11:18:27 [DEBUG] __main__ - [compute_lap_features_for_driver] driver=1 lap=53, car_data rows=374
2025-12-15 11:18:27 [INFO] __main__ - [compute_lap_features_for_driver] driver=1 lap=54 KEEP, status=GREEN, duration=99.7s
2025-12-15 11:18:27 [DEBUG] __main__ - [get_openf1] GET https://api.openf1.org/v1/car_data params={'session_key': 9673, 'driver_number': 1, 'date>': '2024-04-21T08:39:30.048000+00:00', 'date<': '2024-04-21T08:41:09.746000+00:00'}
2025-12-15 11:18:28 [DEBUG] __main__ - [compute_lap_features_for_driver] driver=1 lap=54, car_data rows=379
2025-12-15 11:18:28 [INFO] __main__ - [compute_lap_features_for_driver] driver=1 lap=55 KEEP, status=GREEN, duration=99.9s
2025-12-15 11:18:28 [DEBUG] __main__ - [get_openf1] GET https://api.openf1.org/v1/car_data params={'session_key': 9673, 'driver_number': 1, 'date>': '2024-04-21T08:41:09.746000+00:00', 'date<': '2024-04-21T08:42:49.615000+00:00'}
2025-12-15 11:18:29 [DEBUG] __main__ - [compute_lap_features_for_driver] driver=1 lap=55, car_data rows=385
2025-12-15 11:18:29 [INFO] __main__ - [compute_lap_features_for_driver] driver=1 lap=56 DROP (CHEQUERED_FLAG_LAP), status=RED_FLAG;CHEQUERED, duration=nans
2025-12-15 11:18:29 [INFO] __main__ - [compute_lap_features_for_driver] driver=1, feature laps=[2, 3, 4, 5, 6, 7, 8, 9, 10, 11, 12, 13, 14, 15, 16, 17, 18, 19, 20, 28, 34, 35, 36, 37, 38, 39, 40, 43, 44, 45, 46, 47, 48, 49, 50, 51, 52, 53, 54, 55]
2025-12-15 11:18:29 [INFO] __main__ - [build_driver_style_embedding_json] compute features for driver=11
2025-12-15 11:18:29 [DEBUG] __main__ - [get_openf1] GET https://api.openf1.org/v1/laps params={'session_key': 9673, 'driver_number': 11}
2025-12-15 11:18:30 [DEBUG] __main__ - [get_openf1] GET https://api.openf1.org/v1/sessions params={'session_key': 9673}
2025-12-15 11:18:30 [INFO] __main__ - [fetch_session_start] session_key=9673, date_start=2024-04-21 07:00:00+00:00
2025-12-15 11:18:30 [INFO] __main__ - [fetch_race_start_time] use first GREEN as race_start: 2024-04-21 06:20:01+00:00
2025-12-15 11:18:30 [INFO] __main__ - [fetch_laps] fill lap 1 date_start with race_start=2024-04-21 06:20:01+00:00
2025-12-15 11:18:30 [INFO] __main__ - [fetch_laps] driver=11, laps: min=1, max=56, count=56
2025-12-15 11:18:30 [DEBUG] __main__ - [fetch_laps] head:
   meeting_key  session_key  ...  st_speed  lap_duration_s
0         1233         9673  ...       310        2720.249
1         1233         9673  ...       331         100.893
2         1233         9673  ...       329         100.912
3         1233         9673  ...       331         101.597
4         1233         9673  ...       305         101.573

[5 rows x 17 columns]
2025-12-15 11:18:30 [DEBUG] __main__ - [build_lap_status_mapping] status_by_lap={1: 'GREEN', 2: 'GREEN', 3: 'GREEN', 4: 'GREEN', 5: 'GREEN', 6: 'GREEN', 7: 'GREEN', 8: 'GREEN', 9: 'GREEN', 10: 'GREEN', 11: 'GREEN', 12: 'GREEN', 13: 'GREEN', 14: 'GREEN', 15: 'GREEN', 16: 'GREEN', 17: 'GREEN', 18: 'GREEN', 19: 'GREEN', 20: 'YELLOW', 21: 'VSC;YELLOW', 22: 'YELLOW', 23: 'SC', 24: 'GREEN', 25: 'SC', 26: 'SC', 27: 'SC;YELLOW', 28: 'GREEN', 29: 'YELLOW', 30: 'YELLOW', 31: 'SC', 32: 'SC', 33: 'SC', 34: 'GREEN', 35: 'GREEN', 36: 'GREEN', 37: 'GREEN', 38: 'GREEN', 39: 'GREEN', 40: 'GREEN', 41: 'SC', 42: 'GREEN', 43: 'GREEN', 44: 'GREEN', 45: 'GREEN', 46: 'GREEN', 47: 'GREEN', 48: 'GREEN', 49: 'GREEN', 50: 'GREEN', 51: 'GREEN', 52: 'GREEN', 53: 'GREEN', 54: 'GREEN', 55: 'GREEN', 56: 'RED_FLAG;CHEQUERED'}
2025-12-15 11:18:30 [INFO] __main__ - [compute_lap_features_for_driver] driver=11, typical_duration_s=100.361
2025-12-15 11:18:30 [INFO] __main__ - [compute_lap_features_for_driver] driver=11 lap=1 DROP (LONG_LAP_2720.2s), status=GREEN, duration=2720.2s
2025-12-15 11:18:30 [INFO] __main__ - [compute_lap_features_for_driver] driver=11 lap=2 KEEP, status=GREEN, duration=100.9s
2025-12-15 11:18:30 [DEBUG] __main__ - [get_openf1] GET https://api.openf1.org/v1/car_data params={'session_key': 9673, 'driver_number': 11, 'date>': '2024-04-21T07:05:21.249000+00:00', 'date<': '2024-04-21T07:07:02.142000+00:00'}
2025-12-15 11:18:31 [DEBUG] __main__ - [compute_lap_features_for_driver] driver=11 lap=2, car_data rows=384
2025-12-15 11:18:31 [INFO] __main__ - [compute_lap_features_for_driver] driver=11 lap=3 KEEP, status=GREEN, duration=100.9s
2025-12-15 11:18:31 [DEBUG] __main__ - [get_openf1] GET https://api.openf1.org/v1/car_data params={'session_key': 9673, 'driver_number': 11, 'date>': '2024-04-21T07:07:02.142000+00:00', 'date<': '2024-04-21T07:08:43.054000+00:00'}
2025-12-15 11:18:32 [DEBUG] __main__ - [compute_lap_features_for_driver] driver=11 lap=3, car_data rows=385
2025-12-15 11:18:32 [INFO] __main__ - [compute_lap_features_for_driver] driver=11 lap=4 KEEP, status=GREEN, duration=101.6s
2025-12-15 11:18:32 [DEBUG] __main__ - [get_openf1] GET https://api.openf1.org/v1/car_data params={'session_key': 9673, 'driver_number': 11, 'date>': '2024-04-21T07:08:43.054000+00:00', 'date<': '2024-04-21T07:10:24.651000+00:00'}
2025-12-15 11:18:33 [DEBUG] __main__ - [compute_lap_features_for_driver] driver=11 lap=4, car_data rows=396
2025-12-15 11:18:33 [INFO] __main__ - [compute_lap_features_for_driver] driver=11 lap=5 KEEP, status=GREEN, duration=101.6s
2025-12-15 11:18:33 [DEBUG] __main__ - [get_openf1] GET https://api.openf1.org/v1/car_data params={'session_key': 9673, 'driver_number': 11, 'date>': '2024-04-21T07:10:24.651000+00:00', 'date<': '2024-04-21T07:12:06.224000+00:00'}
2025-12-15 11:18:34 [DEBUG] __main__ - [compute_lap_features_for_driver] driver=11 lap=5, car_data rows=379
2025-12-15 11:18:34 [INFO] __main__ - [compute_lap_features_for_driver] driver=11 lap=6 KEEP, status=GREEN, duration=101.9s
2025-12-15 11:18:34 [DEBUG] __main__ - [get_openf1] GET https://api.openf1.org/v1/car_data params={'session_key': 9673, 'driver_number': 11, 'date>': '2024-04-21T07:12:06.224000+00:00', 'date<': '2024-04-21T07:13:48.126000+00:00'}
2025-12-15 11:18:35 [DEBUG] __main__ - [compute_lap_features_for_driver] driver=11 lap=6, car_data rows=402
2025-12-15 11:18:35 [INFO] __main__ - [compute_lap_features_for_driver] driver=11 lap=7 KEEP, status=GREEN, duration=101.4s
2025-12-15 11:18:35 [DEBUG] __main__ - [get_openf1] GET https://api.openf1.org/v1/car_data params={'session_key': 9673, 'driver_number': 11, 'date>': '2024-04-21T07:13:48.126000+00:00', 'date<': '2024-04-21T07:15:29.517000+00:00'}
2025-12-15 11:18:36 [DEBUG] __main__ - [compute_lap_features_for_driver] driver=11 lap=7, car_data rows=392
2025-12-15 11:18:36 [INFO] __main__ - [compute_lap_features_for_driver] driver=11 lap=8 KEEP, status=GREEN, duration=101.8s
2025-12-15 11:18:36 [DEBUG] __main__ - [get_openf1] GET https://api.openf1.org/v1/car_data params={'session_key': 9673, 'driver_number': 11, 'date>': '2024-04-21T07:15:29.517000+00:00', 'date<': '2024-04-21T07:17:11.330000+00:00'}
2025-12-15 11:18:37 [DEBUG] __main__ - [compute_lap_features_for_driver] driver=11 lap=8, car_data rows=390
2025-12-15 11:18:37 [INFO] __main__ - [compute_lap_features_for_driver] driver=11 lap=9 KEEP, status=GREEN, duration=101.8s
2025-12-15 11:18:37 [DEBUG] __main__ - [get_openf1] GET https://api.openf1.org/v1/car_data params={'session_key': 9673, 'driver_number': 11, 'date>': '2024-04-21T07:17:11.330000+00:00', 'date<': '2024-04-21T07:18:53.083000+00:00'}
2025-12-15 11:18:38 [DEBUG] __main__ - [compute_lap_features_for_driver] driver=11 lap=9, car_data rows=392
2025-12-15 11:18:38 [INFO] __main__ - [compute_lap_features_for_driver] driver=11 lap=10 KEEP, status=GREEN, duration=101.9s
2025-12-15 11:18:38 [DEBUG] __main__ - [get_openf1] GET https://api.openf1.org/v1/car_data params={'session_key': 9673, 'driver_number': 11, 'date>': '2024-04-21T07:18:53.083000+00:00', 'date<': '2024-04-21T07:20:34.959000+00:00'}
2025-12-15 11:18:39 [DEBUG] __main__ - [compute_lap_features_for_driver] driver=11 lap=10, car_data rows=386
2025-12-15 11:18:39 [INFO] __main__ - [compute_lap_features_for_driver] driver=11 lap=11 KEEP, status=GREEN, duration=101.7s
2025-12-15 11:18:39 [DEBUG] __main__ - [get_openf1] GET https://api.openf1.org/v1/car_data params={'session_key': 9673, 'driver_number': 11, 'date>': '2024-04-21T07:20:34.959000+00:00', 'date<': '2024-04-21T07:22:16.700000+00:00'}
2025-12-15 11:18:40 [DEBUG] __main__ - [compute_lap_features_for_driver] driver=11 lap=11, car_data rows=386
2025-12-15 11:18:40 [INFO] __main__ - [compute_lap_features_for_driver] driver=11 lap=12 KEEP, status=GREEN, duration=102.2s
2025-12-15 11:18:40 [DEBUG] __main__ - [get_openf1] GET https://api.openf1.org/v1/car_data params={'session_key': 9673, 'driver_number': 11, 'date>': '2024-04-21T07:22:16.700000+00:00', 'date<': '2024-04-21T07:23:58.876000+00:00'}
2025-12-15 11:18:41 [DEBUG] __main__ - [compute_lap_features_for_driver] driver=11 lap=12, car_data rows=381
2025-12-15 11:18:41 [INFO] __main__ - [compute_lap_features_for_driver] driver=11 lap=13 KEEP, status=GREEN, duration=106.8s
2025-12-15 11:18:41 [DEBUG] __main__ - [get_openf1] GET https://api.openf1.org/v1/car_data params={'session_key': 9673, 'driver_number': 11, 'date>': '2024-04-21T07:23:58.876000+00:00', 'date<': '2024-04-21T07:25:45.718000+00:00'}
2025-12-15 11:18:42 [DEBUG] __main__ - [compute_lap_features_for_driver] driver=11 lap=13, car_data rows=394
2025-12-15 11:18:42 [INFO] __main__ - [compute_lap_features_for_driver] driver=11 lap=14 KEEP, status=GREEN, duration=118.4s
2025-12-15 11:18:42 [DEBUG] __main__ - [get_openf1] GET https://api.openf1.org/v1/car_data params={'session_key': 9673, 'driver_number': 11, 'date>': '2024-04-21T07:25:45.718000+00:00', 'date<': '2024-04-21T07:27:44.165000+00:00'}
2025-12-15 11:18:43 [DEBUG] __main__ - [compute_lap_features_for_driver] driver=11 lap=14, car_data rows=435
2025-12-15 11:18:43 [INFO] __main__ - [compute_lap_features_for_driver] driver=11 lap=15 KEEP, status=GREEN, duration=100.0s
2025-12-15 11:18:43 [DEBUG] __main__ - [get_openf1] GET https://api.openf1.org/v1/car_data params={'session_key': 9673, 'driver_number': 11, 'date>': '2024-04-21T07:27:44.165000+00:00', 'date<': '2024-04-21T07:29:24.131000+00:00'}
2025-12-15 11:18:44 [DEBUG] __main__ - [compute_lap_features_for_driver] driver=11 lap=15, car_data rows=391
2025-12-15 11:18:44 [INFO] __main__ - [compute_lap_features_for_driver] driver=11 lap=16 KEEP, status=GREEN, duration=100.6s
2025-12-15 11:18:44 [DEBUG] __main__ - [get_openf1] GET https://api.openf1.org/v1/car_data params={'session_key': 9673, 'driver_number': 11, 'date>': '2024-04-21T07:29:24.131000+00:00', 'date<': '2024-04-21T07:31:04.703000+00:00'}
2025-12-15 11:18:44 [DEBUG] __main__ - [compute_lap_features_for_driver] driver=11 lap=16, car_data rows=374
2025-12-15 11:18:44 [INFO] __main__ - [compute_lap_features_for_driver] driver=11 lap=17 KEEP, status=GREEN, duration=101.9s
2025-12-15 11:18:44 [DEBUG] __main__ - [get_openf1] GET https://api.openf1.org/v1/car_data params={'session_key': 9673, 'driver_number': 11, 'date>': '2024-04-21T07:31:04.703000+00:00', 'date<': '2024-04-21T07:32:46.644000+00:00'}
2025-12-15 11:18:45 [DEBUG] __main__ - [compute_lap_features_for_driver] driver=11 lap=17, car_data rows=390
2025-12-15 11:18:45 [INFO] __main__ - [compute_lap_features_for_driver] driver=11 lap=18 KEEP, status=GREEN, duration=100.4s
2025-12-15 11:18:45 [DEBUG] __main__ - [get_openf1] GET https://api.openf1.org/v1/car_data params={'session_key': 9673, 'driver_number': 11, 'date>': '2024-04-21T07:32:46.644000+00:00', 'date<': '2024-04-21T07:34:27.005000+00:00'}
2025-12-15 11:18:46 [DEBUG] __main__ - [compute_lap_features_for_driver] driver=11 lap=18, car_data rows=375
2025-12-15 11:18:46 [INFO] __main__ - [compute_lap_features_for_driver] driver=11 lap=19 KEEP, status=GREEN, duration=100.2s
2025-12-15 11:18:46 [DEBUG] __main__ - [get_openf1] GET https://api.openf1.org/v1/car_data params={'session_key': 9673, 'driver_number': 11, 'date>': '2024-04-21T07:34:27.005000+00:00', 'date<': '2024-04-21T07:36:07.224000+00:00'}
2025-12-15 11:18:46 [DEBUG] __main__ - [compute_lap_features_for_driver] driver=11 lap=19, car_data rows=361
2025-12-15 11:18:46 [INFO] __main__ - [compute_lap_features_for_driver] driver=11 lap=20 DROP (YELLOW_FLAG_LAP), status=YELLOW, duration=100.6s
2025-12-15 11:18:46 [INFO] __main__ - [compute_lap_features_for_driver] driver=11 lap=21 DROP (VSC_LAP), status=VSC;YELLOW, duration=106.9s
2025-12-15 11:18:46 [INFO] __main__ - [compute_lap_features_for_driver] driver=11 lap=22 DROP (YELLOW_FLAG_LAP), status=YELLOW, duration=133.8s
2025-12-15 11:18:46 [INFO] __main__ - [compute_lap_features_for_driver] driver=11 lap=23 DROP (SC_LAP), status=SC, duration=137.4s
2025-12-15 11:18:46 [INFO] __main__ - [compute_lap_features_for_driver] driver=11 lap=24 KEEP, status=GREEN, duration=152.6s
2025-12-15 11:18:46 [DEBUG] __main__ - [get_openf1] GET https://api.openf1.org/v1/car_data params={'session_key': 9673, 'driver_number': 11, 'date>': '2024-04-21T07:44:05.995000+00:00', 'date<': '2024-04-21T07:46:38.563000+00:00'}
2025-12-15 11:18:47 [DEBUG] __main__ - [compute_lap_features_for_driver] driver=11 lap=24, car_data rows=579
2025-12-15 11:18:47 [INFO] __main__ - [compute_lap_features_for_driver] driver=11 lap=25 DROP (SC_LAP), status=SC, duration=144.4s
2025-12-15 11:18:47 [INFO] __main__ - [compute_lap_features_for_driver] driver=11 lap=26 DROP (SC_LAP), status=SC, duration=155.2s
2025-12-15 11:18:47 [INFO] __main__ - [compute_lap_features_for_driver] driver=11 lap=27 DROP (SC_LAP), status=SC;YELLOW, duration=109.1s
2025-12-15 11:18:47 [INFO] __main__ - [compute_lap_features_for_driver] driver=11 lap=28 KEEP, status=GREEN, duration=151.4s
2025-12-15 11:18:47 [DEBUG] __main__ - [get_openf1] GET https://api.openf1.org/v1/car_data params={'session_key': 9673, 'driver_number': 11, 'date>': '2024-04-21T07:53:27.194000+00:00', 'date<': '2024-04-21T07:55:58.601000+00:00'}
2025-12-15 11:18:48 [DEBUG] __main__ - [compute_lap_features_for_driver] driver=11 lap=28, car_data rows=589
2025-12-15 11:18:48 [INFO] __main__ - [compute_lap_features_for_driver] driver=11 lap=29 DROP (YELLOW_FLAG_LAP), status=YELLOW, duration=145.9s
2025-12-15 11:18:48 [INFO] __main__ - [compute_lap_features_for_driver] driver=11 lap=30 DROP (YELLOW_FLAG_LAP), status=YELLOW, duration=141.6s
2025-12-15 11:18:48 [INFO] __main__ - [compute_lap_features_for_driver] driver=11 lap=31 DROP (SC_LAP), status=SC, duration=145.9s
2025-12-15 11:18:48 [INFO] __main__ - [compute_lap_features_for_driver] driver=11 lap=32 DROP (SC_LAP), status=SC, duration=99.7s
2025-12-15 11:18:48 [INFO] __main__ - [compute_lap_features_for_driver] driver=11 lap=33 DROP (SC_LAP), status=SC, duration=99.3s
2025-12-15 11:18:48 [INFO] __main__ - [compute_lap_features_for_driver] driver=11 lap=34 KEEP, status=GREEN, duration=99.6s
2025-12-15 11:18:48 [DEBUG] __main__ - [get_openf1] GET https://api.openf1.org/v1/car_data params={'session_key': 9673, 'driver_number': 11, 'date>': '2024-04-21T08:06:31.105000+00:00', 'date<': '2024-04-21T08:08:10.671000+00:00'}
2025-12-15 11:18:49 [DEBUG] __main__ - [compute_lap_features_for_driver] driver=11 lap=34, car_data rows=359
2025-12-15 11:18:49 [INFO] __main__ - [compute_lap_features_for_driver] driver=11 lap=35 KEEP, status=GREEN, duration=99.7s
2025-12-15 11:18:49 [DEBUG] __main__ - [get_openf1] GET https://api.openf1.org/v1/car_data params={'session_key': 9673, 'driver_number': 11, 'date>': '2024-04-21T08:08:10.671000+00:00', 'date<': '2024-04-21T08:09:50.342000+00:00'}
2025-12-15 11:18:50 [DEBUG] __main__ - [compute_lap_features_for_driver] driver=11 lap=35, car_data rows=374
2025-12-15 11:18:50 [INFO] __main__ - [compute_lap_features_for_driver] driver=11 lap=36 KEEP, status=GREEN, duration=99.7s
2025-12-15 11:18:50 [DEBUG] __main__ - [get_openf1] GET https://api.openf1.org/v1/car_data params={'session_key': 9673, 'driver_number': 11, 'date>': '2024-04-21T08:09:50.342000+00:00', 'date<': '2024-04-21T08:11:30.090000+00:00'}
2025-12-15 11:18:50 [DEBUG] __main__ - [compute_lap_features_for_driver] driver=11 lap=36, car_data rows=376
2025-12-15 11:18:50 [INFO] __main__ - [compute_lap_features_for_driver] driver=11 lap=37 KEEP, status=GREEN, duration=99.9s
2025-12-15 11:18:50 [DEBUG] __main__ - [get_openf1] GET https://api.openf1.org/v1/car_data params={'session_key': 9673, 'driver_number': 11, 'date>': '2024-04-21T08:11:30.090000+00:00', 'date<': '2024-04-21T08:13:09.987000+00:00'}
2025-12-15 11:18:51 [DEBUG] __main__ - [compute_lap_features_for_driver] driver=11 lap=37, car_data rows=371
2025-12-15 11:18:51 [INFO] __main__ - [compute_lap_features_for_driver] driver=11 lap=38 KEEP, status=GREEN, duration=100.0s
2025-12-15 11:18:51 [DEBUG] __main__ - [get_openf1] GET https://api.openf1.org/v1/car_data params={'session_key': 9673, 'driver_number': 11, 'date>': '2024-04-21T08:13:09.987000+00:00', 'date<': '2024-04-21T08:14:50.019000+00:00'}
2025-12-15 11:18:52 [DEBUG] __main__ - [compute_lap_features_for_driver] driver=11 lap=38, car_data rows=384
2025-12-15 11:18:52 [INFO] __main__ - [compute_lap_features_for_driver] driver=11 lap=39 KEEP, status=GREEN, duration=99.5s
2025-12-15 11:18:52 [DEBUG] __main__ - [get_openf1] GET https://api.openf1.org/v1/car_data params={'session_key': 9673, 'driver_number': 11, 'date>': '2024-04-21T08:14:50.019000+00:00', 'date<': '2024-04-21T08:16:29.508000+00:00'}
2025-12-15 11:18:53 [DEBUG] __main__ - [compute_lap_features_for_driver] driver=11 lap=39, car_data rows=394
2025-12-15 11:18:53 [INFO] __main__ - [compute_lap_features_for_driver] driver=11 lap=40 KEEP, status=GREEN, duration=99.6s
2025-12-15 11:18:53 [DEBUG] __main__ - [get_openf1] GET https://api.openf1.org/v1/car_data params={'session_key': 9673, 'driver_number': 11, 'date>': '2024-04-21T08:16:29.508000+00:00', 'date<': '2024-04-21T08:18:09.151000+00:00'}
2025-12-15 11:18:54 [DEBUG] __main__ - [compute_lap_features_for_driver] driver=11 lap=40, car_data rows=370
2025-12-15 11:18:54 [INFO] __main__ - [compute_lap_features_for_driver] driver=11 lap=41 DROP (SC_LAP), status=SC, duration=99.6s
2025-12-15 11:18:54 [INFO] __main__ - [compute_lap_features_for_driver] driver=11 lap=42 KEEP, status=GREEN, duration=99.6s
2025-12-15 11:18:54 [DEBUG] __main__ - [get_openf1] GET https://api.openf1.org/v1/car_data params={'session_key': 9673, 'driver_number': 11, 'date>': '2024-04-21T08:19:48.716000+00:00', 'date<': '2024-04-21T08:21:28.360000+00:00'}
2025-12-15 11:18:55 [DEBUG] __main__ - [compute_lap_features_for_driver] driver=11 lap=42, car_data rows=382
2025-12-15 11:18:55 [INFO] __main__ - [compute_lap_features_for_driver] driver=11 lap=43 KEEP, status=GREEN, duration=99.6s
2025-12-15 11:18:55 [DEBUG] __main__ - [get_openf1] GET https://api.openf1.org/v1/car_data params={'session_key': 9673, 'driver_number': 11, 'date>': '2024-04-21T08:21:28.360000+00:00', 'date<': '2024-04-21T08:23:07.918000+00:00'}
2025-12-15 11:18:56 [DEBUG] __main__ - [compute_lap_features_for_driver] driver=11 lap=43, car_data rows=377
2025-12-15 11:18:56 [INFO] __main__ - [compute_lap_features_for_driver] driver=11 lap=44 KEEP, status=GREEN, duration=99.7s
2025-12-15 11:18:56 [DEBUG] __main__ - [get_openf1] GET https://api.openf1.org/v1/car_data params={'session_key': 9673, 'driver_number': 11, 'date>': '2024-04-21T08:23:07.918000+00:00', 'date<': '2024-04-21T08:24:47.605000+00:00'}
2025-12-15 11:18:56 [DEBUG] __main__ - [compute_lap_features_for_driver] driver=11 lap=44, car_data rows=383
2025-12-15 11:18:56 [INFO] __main__ - [compute_lap_features_for_driver] driver=11 lap=45 KEEP, status=GREEN, duration=99.8s
2025-12-15 11:18:56 [DEBUG] __main__ - [get_openf1] GET https://api.openf1.org/v1/car_data params={'session_key': 9673, 'driver_number': 11, 'date>': '2024-04-21T08:24:47.605000+00:00', 'date<': '2024-04-21T08:26:27.433000+00:00'}
2025-12-15 11:18:57 [DEBUG] __main__ - [compute_lap_features_for_driver] driver=11 lap=45, car_data rows=383
2025-12-15 11:18:57 [INFO] __main__ - [compute_lap_features_for_driver] driver=11 lap=46 KEEP, status=GREEN, duration=99.9s
2025-12-15 11:18:57 [DEBUG] __main__ - [get_openf1] GET https://api.openf1.org/v1/car_data params={'session_key': 9673, 'driver_number': 11, 'date>': '2024-04-21T08:26:27.433000+00:00', 'date<': '2024-04-21T08:28:07.364000+00:00'}
2025-12-15 11:18:58 [DEBUG] __main__ - [compute_lap_features_for_driver] driver=11 lap=46, car_data rows=385
2025-12-15 11:18:58 [INFO] __main__ - [compute_lap_features_for_driver] driver=11 lap=47 KEEP, status=GREEN, duration=100.0s
2025-12-15 11:18:58 [DEBUG] __main__ - [get_openf1] GET https://api.openf1.org/v1/car_data params={'session_key': 9673, 'driver_number': 11, 'date>': '2024-04-21T08:28:07.364000+00:00', 'date<': '2024-04-21T08:29:47.325000+00:00'}
2025-12-15 11:18:59 [DEBUG] __main__ - [compute_lap_features_for_driver] driver=11 lap=47, car_data rows=388
2025-12-15 11:18:59 [INFO] __main__ - [compute_lap_features_for_driver] driver=11 lap=48 KEEP, status=GREEN, duration=100.0s
2025-12-15 11:18:59 [DEBUG] __main__ - [get_openf1] GET https://api.openf1.org/v1/car_data params={'session_key': 9673, 'driver_number': 11, 'date>': '2024-04-21T08:29:47.325000+00:00', 'date<': '2024-04-21T08:31:27.350000+00:00'}
2025-12-15 11:19:00 [DEBUG] __main__ - [compute_lap_features_for_driver] driver=11 lap=48, car_data rows=382
2025-12-15 11:19:00 [INFO] __main__ - [compute_lap_features_for_driver] driver=11 lap=49 KEEP, status=GREEN, duration=99.9s
2025-12-15 11:19:00 [DEBUG] __main__ - [get_openf1] GET https://api.openf1.org/v1/car_data params={'session_key': 9673, 'driver_number': 11, 'date>': '2024-04-21T08:31:27.350000+00:00', 'date<': '2024-04-21T08:33:07.256000+00:00'}
2025-12-15 11:19:01 [DEBUG] __main__ - [compute_lap_features_for_driver] driver=11 lap=49, car_data rows=384
2025-12-15 11:19:01 [INFO] __main__ - [compute_lap_features_for_driver] driver=11 lap=50 KEEP, status=GREEN, duration=100.1s
2025-12-15 11:19:01 [DEBUG] __main__ - [get_openf1] GET https://api.openf1.org/v1/car_data params={'session_key': 9673, 'driver_number': 11, 'date>': '2024-04-21T08:33:07.256000+00:00', 'date<': '2024-04-21T08:34:47.405000+00:00'}
2025-12-15 11:19:01 [DEBUG] __main__ - [compute_lap_features_for_driver] driver=11 lap=50, car_data rows=394
2025-12-15 11:19:01 [INFO] __main__ - [compute_lap_features_for_driver] driver=11 lap=51 KEEP, status=GREEN, duration=99.9s
2025-12-15 11:19:01 [DEBUG] __main__ - [get_openf1] GET https://api.openf1.org/v1/car_data params={'session_key': 9673, 'driver_number': 11, 'date>': '2024-04-21T08:34:47.405000+00:00', 'date<': '2024-04-21T08:36:27.289000+00:00'}
2025-12-15 11:19:02 [DEBUG] __main__ - [compute_lap_features_for_driver] driver=11 lap=51, car_data rows=380
2025-12-15 11:19:02 [INFO] __main__ - [compute_lap_features_for_driver] driver=11 lap=52 KEEP, status=GREEN, duration=100.1s
2025-12-15 11:19:02 [DEBUG] __main__ - [get_openf1] GET https://api.openf1.org/v1/car_data params={'session_key': 9673, 'driver_number': 11, 'date>': '2024-04-21T08:36:27.289000+00:00', 'date<': '2024-04-21T08:38:07.374000+00:00'}
2025-12-15 11:19:03 [DEBUG] __main__ - [compute_lap_features_for_driver] driver=11 lap=52, car_data rows=378
2025-12-15 11:19:03 [INFO] __main__ - [compute_lap_features_for_driver] driver=11 lap=53 KEEP, status=GREEN, duration=100.2s
2025-12-15 11:19:03 [DEBUG] __main__ - [get_openf1] GET https://api.openf1.org/v1/car_data params={'session_key': 9673, 'driver_number': 11, 'date>': '2024-04-21T08:38:07.374000+00:00', 'date<': '2024-04-21T08:39:47.592000+00:00'}
2025-12-15 11:19:03 [DEBUG] __main__ - [compute_lap_features_for_driver] driver=11 lap=53, car_data rows=374
2025-12-15 11:19:03 [INFO] __main__ - [compute_lap_features_for_driver] driver=11 lap=54 KEEP, status=GREEN, duration=100.1s
2025-12-15 11:19:03 [DEBUG] __main__ - [get_openf1] GET https://api.openf1.org/v1/car_data params={'session_key': 9673, 'driver_number': 11, 'date>': '2024-04-21T08:39:47.592000+00:00', 'date<': '2024-04-21T08:41:27.712000+00:00'}
2025-12-15 11:19:04 [DEBUG] __main__ - [compute_lap_features_for_driver] driver=11 lap=54, car_data rows=384
2025-12-15 11:19:04 [INFO] __main__ - [compute_lap_features_for_driver] driver=11 lap=55 KEEP, status=GREEN, duration=100.6s
2025-12-15 11:19:04 [DEBUG] __main__ - [get_openf1] GET https://api.openf1.org/v1/car_data params={'session_key': 9673, 'driver_number': 11, 'date>': '2024-04-21T08:41:27.712000+00:00', 'date<': '2024-04-21T08:43:08.288000+00:00'}
2025-12-15 11:19:05 [DEBUG] __main__ - [compute_lap_features_for_driver] driver=11 lap=55, car_data rows=388
2025-12-15 11:19:05 [INFO] __main__ - [compute_lap_features_for_driver] driver=11 lap=56 DROP (CHEQUERED_FLAG_LAP), status=RED_FLAG;CHEQUERED, duration=nans
2025-12-15 11:19:05 [INFO] __main__ - [compute_lap_features_for_driver] driver=11, feature laps=[2, 3, 4, 5, 6, 7, 8, 9, 10, 11, 12, 13, 14, 15, 16, 17, 18, 19, 24, 28, 34, 35, 36, 37, 38, 39, 40, 42, 43, 44, 45, 46, 47, 48, 49, 50, 51, 52, 53, 54, 55]
2025-12-15 11:19:05 [INFO] __main__ - [build_driver_style_embedding_json] compute features for driver=2
2025-12-15 11:19:05 [DEBUG] __main__ - [get_openf1] GET https://api.openf1.org/v1/laps params={'session_key': 9673, 'driver_number': 2}
2025-12-15 11:19:06 [DEBUG] __main__ - [get_openf1] GET https://api.openf1.org/v1/sessions params={'session_key': 9673}
2025-12-15 11:19:06 [INFO] __main__ - [fetch_session_start] session_key=9673, date_start=2024-04-21 07:00:00+00:00
2025-12-15 11:19:06 [INFO] __main__ - [fetch_race_start_time] use first GREEN as race_start: 2024-04-21 06:20:01+00:00
2025-12-15 11:19:06 [INFO] __main__ - [fetch_laps] fill lap 1 date_start with race_start=2024-04-21 06:20:01+00:00
2025-12-15 11:19:06 [INFO] __main__ - [fetch_laps] driver=2, laps: min=1, max=56, count=56
2025-12-15 11:19:06 [DEBUG] __main__ - [fetch_laps] head:
   meeting_key  session_key  ...  st_speed  lap_duration_s
0         1233         9673  ...       316        2728.399
1         1233         9673  ...       334         104.151
2         1233         9673  ...       335         103.531
3         1233         9673  ...       335         104.428
4         1233         9673  ...       332         103.410

[5 rows x 17 columns]
2025-12-15 11:19:07 [DEBUG] __main__ - [build_lap_status_mapping] status_by_lap={1: 'GREEN', 2: 'GREEN', 3: 'GREEN', 4: 'GREEN', 5: 'GREEN', 6: 'GREEN', 7: 'GREEN', 8: 'GREEN', 9: 'GREEN', 10: 'GREEN', 11: 'GREEN', 12: 'GREEN', 13: 'GREEN', 14: 'GREEN', 15: 'GREEN', 16: 'GREEN', 17: 'GREEN', 18: 'GREEN', 19: 'GREEN', 20: 'YELLOW', 21: 'VSC;YELLOW', 22: 'GREEN', 23: 'SC', 24: 'GREEN', 25: 'SC', 26: 'SC', 27: 'SC;YELLOW', 28: 'GREEN', 29: 'YELLOW', 30: 'YELLOW', 31: 'SC', 32: 'SC', 33: 'SC', 34: 'GREEN', 35: 'GREEN', 36: 'GREEN', 37: 'GREEN', 38: 'GREEN', 39: 'GREEN', 40: 'GREEN', 41: 'SC', 42: 'GREEN', 43: 'GREEN', 44: 'GREEN', 45: 'GREEN', 46: 'GREEN', 47: 'GREEN', 48: 'GREEN', 49: 'GREEN', 50: 'GREEN', 51: 'GREEN', 52: 'GREEN', 53: 'GREEN', 54: 'GREEN', 55: 'GREEN', 56: 'RED_FLAG;CHEQUERED'}
2025-12-15 11:19:07 [INFO] __main__ - [compute_lap_features_for_driver] driver=2, typical_duration_s=102.793
2025-12-15 11:19:07 [INFO] __main__ - [compute_lap_features_for_driver] driver=2 lap=1 DROP (LONG_LAP_2728.4s), status=GREEN, duration=2728.4s
2025-12-15 11:19:07 [INFO] __main__ - [compute_lap_features_for_driver] driver=2 lap=2 KEEP, status=GREEN, duration=104.2s
2025-12-15 11:19:07 [DEBUG] __main__ - [get_openf1] GET https://api.openf1.org/v1/car_data params={'session_key': 9673, 'driver_number': 2, 'date>': '2024-04-21T07:05:29.399000+00:00', 'date<': '2024-04-21T07:07:13.550000+00:00'}
2025-12-15 11:19:08 [DEBUG] __main__ - [compute_lap_features_for_driver] driver=2 lap=2, car_data rows=399
2025-12-15 11:19:08 [INFO] __main__ - [compute_lap_features_for_driver] driver=2 lap=3 KEEP, status=GREEN, duration=103.5s
2025-12-15 11:19:08 [DEBUG] __main__ - [get_openf1] GET https://api.openf1.org/v1/car_data params={'session_key': 9673, 'driver_number': 2, 'date>': '2024-04-21T07:07:13.550000+00:00', 'date<': '2024-04-21T07:08:57.081000+00:00'}
2025-12-15 11:19:09 [DEBUG] __main__ - [compute_lap_features_for_driver] driver=2 lap=3, car_data rows=394
2025-12-15 11:19:09 [INFO] __main__ - [compute_lap_features_for_driver] driver=2 lap=4 KEEP, status=GREEN, duration=104.4s
2025-12-15 11:19:09 [DEBUG] __main__ - [get_openf1] GET https://api.openf1.org/v1/car_data params={'session_key': 9673, 'driver_number': 2, 'date>': '2024-04-21T07:08:57.081000+00:00', 'date<': '2024-04-21T07:10:41.509000+00:00'}
2025-12-15 11:19:09 [DEBUG] __main__ - [compute_lap_features_for_driver] driver=2 lap=4, car_data rows=405
2025-12-15 11:19:09 [INFO] __main__ - [compute_lap_features_for_driver] driver=2 lap=5 KEEP, status=GREEN, duration=103.4s
2025-12-15 11:19:09 [DEBUG] __main__ - [get_openf1] GET https://api.openf1.org/v1/car_data params={'session_key': 9673, 'driver_number': 2, 'date>': '2024-04-21T07:10:41.509000+00:00', 'date<': '2024-04-21T07:12:24.919000+00:00'}
2025-12-15 11:19:10 [DEBUG] __main__ - [compute_lap_features_for_driver] driver=2 lap=5, car_data rows=386
2025-12-15 11:19:10 [INFO] __main__ - [compute_lap_features_for_driver] driver=2 lap=6 KEEP, status=GREEN, duration=103.7s
2025-12-15 11:19:10 [DEBUG] __main__ - [get_openf1] GET https://api.openf1.org/v1/car_data params={'session_key': 9673, 'driver_number': 2, 'date>': '2024-04-21T07:12:24.919000+00:00', 'date<': '2024-04-21T07:14:08.661000+00:00'}
2025-12-15 11:19:11 [DEBUG] __main__ - [compute_lap_features_for_driver] driver=2 lap=6, car_data rows=415
2025-12-15 11:19:11 [INFO] __main__ - [compute_lap_features_for_driver] driver=2 lap=7 KEEP, status=GREEN, duration=104.0s
2025-12-15 11:19:11 [DEBUG] __main__ - [get_openf1] GET https://api.openf1.org/v1/car_data params={'session_key': 9673, 'driver_number': 2, 'date>': '2024-04-21T07:14:08.661000+00:00', 'date<': '2024-04-21T07:15:52.661000+00:00'}
2025-12-15 11:19:12 [DEBUG] __main__ - [compute_lap_features_for_driver] driver=2 lap=7, car_data rows=395
2025-12-15 11:19:12 [INFO] __main__ - [compute_lap_features_for_driver] driver=2 lap=8 KEEP, status=GREEN, duration=104.2s
2025-12-15 11:19:12 [DEBUG] __main__ - [get_openf1] GET https://api.openf1.org/v1/car_data params={'session_key': 9673, 'driver_number': 2, 'date>': '2024-04-21T07:15:52.661000+00:00', 'date<': '2024-04-21T07:17:36.823000+00:00'}
2025-12-15 11:19:13 [DEBUG] __main__ - [compute_lap_features_for_driver] driver=2 lap=8, car_data rows=406
2025-12-15 11:19:13 [INFO] __main__ - [compute_lap_features_for_driver] driver=2 lap=9 KEEP, status=GREEN, duration=103.3s
2025-12-15 11:19:13 [DEBUG] __main__ - [get_openf1] GET https://api.openf1.org/v1/car_data params={'session_key': 9673, 'driver_number': 2, 'date>': '2024-04-21T07:17:36.823000+00:00', 'date<': '2024-04-21T07:19:20.088000+00:00'}
2025-12-15 11:19:14 [DEBUG] __main__ - [compute_lap_features_for_driver] driver=2 lap=9, car_data rows=397
2025-12-15 11:19:14 [INFO] __main__ - [compute_lap_features_for_driver] driver=2 lap=10 KEEP, status=GREEN, duration=103.6s
2025-12-15 11:19:14 [DEBUG] __main__ - [get_openf1] GET https://api.openf1.org/v1/car_data params={'session_key': 9673, 'driver_number': 2, 'date>': '2024-04-21T07:19:20.088000+00:00', 'date<': '2024-04-21T07:21:03.723000+00:00'}
2025-12-15 11:19:15 [DEBUG] __main__ - [compute_lap_features_for_driver] driver=2 lap=10, car_data rows=390
2025-12-15 11:19:15 [INFO] __main__ - [compute_lap_features_for_driver] driver=2 lap=11 KEEP, status=GREEN, duration=103.6s
2025-12-15 11:19:15 [DEBUG] __main__ - [get_openf1] GET https://api.openf1.org/v1/car_data params={'session_key': 9673, 'driver_number': 2, 'date>': '2024-04-21T07:21:03.723000+00:00', 'date<': '2024-04-21T07:22:47.332000+00:00'}
2025-12-15 11:19:16 [DEBUG] __main__ - [compute_lap_features_for_driver] driver=2 lap=11, car_data rows=389
2025-12-15 11:19:16 [INFO] __main__ - [compute_lap_features_for_driver] driver=2 lap=12 KEEP, status=GREEN, duration=109.0s
2025-12-15 11:19:16 [DEBUG] __main__ - [get_openf1] GET https://api.openf1.org/v1/car_data params={'session_key': 9673, 'driver_number': 2, 'date>': '2024-04-21T07:22:47.332000+00:00', 'date<': '2024-04-21T07:24:36.365000+00:00'}
2025-12-15 11:19:18 [DEBUG] __main__ - [compute_lap_features_for_driver] driver=2 lap=12, car_data rows=408
2025-12-15 11:19:18 [INFO] __main__ - [compute_lap_features_for_driver] driver=2 lap=13 KEEP, status=GREEN, duration=120.3s
2025-12-15 11:19:18 [DEBUG] __main__ - [get_openf1] GET https://api.openf1.org/v1/car_data params={'session_key': 9673, 'driver_number': 2, 'date>': '2024-04-21T07:24:36.365000+00:00', 'date<': '2024-04-21T07:26:36.693000+00:00'}
2025-12-15 11:19:19 [DEBUG] __main__ - [compute_lap_features_for_driver] driver=2 lap=13, car_data rows=443
2025-12-15 11:19:19 [INFO] __main__ - [compute_lap_features_for_driver] driver=2 lap=14 KEEP, status=GREEN, duration=101.1s
2025-12-15 11:19:19 [DEBUG] __main__ - [get_openf1] GET https://api.openf1.org/v1/car_data params={'session_key': 9673, 'driver_number': 2, 'date>': '2024-04-21T07:26:36.693000+00:00', 'date<': '2024-04-21T07:28:17.760000+00:00'}
2025-12-15 11:19:19 [DEBUG] __main__ - [compute_lap_features_for_driver] driver=2 lap=14, car_data rows=376
2025-12-15 11:19:19 [INFO] __main__ - [compute_lap_features_for_driver] driver=2 lap=15 KEEP, status=GREEN, duration=101.7s
2025-12-15 11:19:19 [DEBUG] __main__ - [get_openf1] GET https://api.openf1.org/v1/car_data params={'session_key': 9673, 'driver_number': 2, 'date>': '2024-04-21T07:28:17.760000+00:00', 'date<': '2024-04-21T07:29:59.436000+00:00'}
2025-12-15 11:19:21 [DEBUG] __main__ - [compute_lap_features_for_driver] driver=2 lap=15, car_data rows=402
2025-12-15 11:19:21 [INFO] __main__ - [compute_lap_features_for_driver] driver=2 lap=16 KEEP, status=GREEN, duration=102.5s
2025-12-15 11:19:21 [DEBUG] __main__ - [get_openf1] GET https://api.openf1.org/v1/car_data params={'session_key': 9673, 'driver_number': 2, 'date>': '2024-04-21T07:29:59.436000+00:00', 'date<': '2024-04-21T07:31:41.894000+00:00'}
2025-12-15 11:19:21 [DEBUG] __main__ - [compute_lap_features_for_driver] driver=2 lap=16, car_data rows=381
2025-12-15 11:19:21 [INFO] __main__ - [compute_lap_features_for_driver] driver=2 lap=17 KEEP, status=GREEN, duration=102.3s
2025-12-15 11:19:21 [DEBUG] __main__ - [get_openf1] GET https://api.openf1.org/v1/car_data params={'session_key': 9673, 'driver_number': 2, 'date>': '2024-04-21T07:31:41.894000+00:00', 'date<': '2024-04-21T07:33:24.166000+00:00'}
2025-12-15 11:19:22 [DEBUG] __main__ - [compute_lap_features_for_driver] driver=2 lap=17, car_data rows=373
2025-12-15 11:19:22 [INFO] __main__ - [compute_lap_features_for_driver] driver=2 lap=18 KEEP, status=GREEN, duration=102.3s
2025-12-15 11:19:22 [DEBUG] __main__ - [get_openf1] GET https://api.openf1.org/v1/car_data params={'session_key': 9673, 'driver_number': 2, 'date>': '2024-04-21T07:33:24.166000+00:00', 'date<': '2024-04-21T07:35:06.483000+00:00'}
2025-12-15 11:19:23 [DEBUG] __main__ - [compute_lap_features_for_driver] driver=2 lap=18, car_data rows=392
2025-12-15 11:19:23 [INFO] __main__ - [compute_lap_features_for_driver] driver=2 lap=19 KEEP, status=GREEN, duration=102.6s
2025-12-15 11:19:23 [DEBUG] __main__ - [get_openf1] GET https://api.openf1.org/v1/car_data params={'session_key': 9673, 'driver_number': 2, 'date>': '2024-04-21T07:35:06.483000+00:00', 'date<': '2024-04-21T07:36:49.072000+00:00'}
2025-12-15 11:19:24 [DEBUG] __main__ - [compute_lap_features_for_driver] driver=2 lap=19, car_data rows=369
2025-12-15 11:19:24 [INFO] __main__ - [compute_lap_features_for_driver] driver=2 lap=20 DROP (YELLOW_FLAG_LAP), status=YELLOW, duration=103.2s
2025-12-15 11:19:24 [INFO] __main__ - [compute_lap_features_for_driver] driver=2 lap=21 DROP (VSC_LAP), status=VSC;YELLOW, duration=122.2s
2025-12-15 11:19:24 [INFO] __main__ - [compute_lap_features_for_driver] driver=2 lap=22 KEEP, status=GREEN, duration=133.5s
2025-12-15 11:19:24 [DEBUG] __main__ - [get_openf1] GET https://api.openf1.org/v1/car_data params={'session_key': 9673, 'driver_number': 2, 'date>': '2024-04-21T07:40:34.458000+00:00', 'date<': '2024-04-21T07:42:47.943000+00:00'}
2025-12-15 11:19:25 [DEBUG] __main__ - [compute_lap_features_for_driver] driver=2 lap=22, car_data rows=498
2025-12-15 11:19:25 [INFO] __main__ - [compute_lap_features_for_driver] driver=2 lap=23 DROP (SC_LAP), status=SC, duration=133.9s
2025-12-15 11:19:25 [INFO] __main__ - [compute_lap_features_for_driver] driver=2 lap=24 KEEP, status=GREEN, duration=135.5s
2025-12-15 11:19:25 [DEBUG] __main__ - [get_openf1] GET https://api.openf1.org/v1/car_data params={'session_key': 9673, 'driver_number': 2, 'date>': '2024-04-21T07:45:01.828000+00:00', 'date<': '2024-04-21T07:47:17.335000+00:00'}
2025-12-15 11:19:26 [DEBUG] __main__ - [compute_lap_features_for_driver] driver=2 lap=24, car_data rows=521
2025-12-15 11:19:26 [INFO] __main__ - [compute_lap_features_for_driver] driver=2 lap=25 DROP (SC_LAP), status=SC, duration=126.8s
2025-12-15 11:19:26 [INFO] __main__ - [compute_lap_features_for_driver] driver=2 lap=26 DROP (SC_LAP), status=SC, duration=141.4s
2025-12-15 11:19:26 [INFO] __main__ - [compute_lap_features_for_driver] driver=2 lap=27 DROP (SC_LAP), status=SC;YELLOW, duration=117.2s
2025-12-15 11:19:26 [INFO] __main__ - [compute_lap_features_for_driver] driver=2 lap=28 KEEP, status=GREEN, duration=146.9s
2025-12-15 11:19:26 [DEBUG] __main__ - [get_openf1] GET https://api.openf1.org/v1/car_data params={'session_key': 9673, 'driver_number': 2, 'date>': '2024-04-21T07:53:42.747000+00:00', 'date<': '2024-04-21T07:56:09.620000+00:00'}
2025-12-15 11:19:27 [DEBUG] __main__ - [compute_lap_features_for_driver] driver=2 lap=28, car_data rows=568
2025-12-15 11:19:27 [INFO] __main__ - [compute_lap_features_for_driver] driver=2 lap=29 DROP (YELLOW_FLAG_LAP), status=YELLOW, duration=144.9s
2025-12-15 11:19:27 [INFO] __main__ - [compute_lap_features_for_driver] driver=2 lap=30 DROP (YELLOW_FLAG_LAP), status=YELLOW, duration=141.5s
2025-12-15 11:19:27 [INFO] __main__ - [compute_lap_features_for_driver] driver=2 lap=31 DROP (SC_LAP), status=SC, duration=141.6s
2025-12-15 11:19:27 [INFO] __main__ - [compute_lap_features_for_driver] driver=2 lap=32 DROP (SC_LAP), status=SC, duration=102.2s
2025-12-15 11:19:27 [INFO] __main__ - [compute_lap_features_for_driver] driver=2 lap=33 DROP (SC_LAP), status=SC, duration=102.4s
2025-12-15 11:19:27 [INFO] __main__ - [compute_lap_features_for_driver] driver=2 lap=34 KEEP, status=GREEN, duration=101.3s
2025-12-15 11:19:27 [DEBUG] __main__ - [get_openf1] GET https://api.openf1.org/v1/car_data params={'session_key': 9673, 'driver_number': 2, 'date>': '2024-04-21T08:06:42.204000+00:00', 'date<': '2024-04-21T08:08:23.476000+00:00'}
2025-12-15 11:19:27 [DEBUG] __main__ - [compute_lap_features_for_driver] driver=2 lap=34, car_data rows=357
2025-12-15 11:19:27 [INFO] __main__ - [compute_lap_features_for_driver] driver=2 lap=35 KEEP, status=GREEN, duration=101.1s
2025-12-15 11:19:27 [DEBUG] __main__ - [get_openf1] GET https://api.openf1.org/v1/car_data params={'session_key': 9673, 'driver_number': 2, 'date>': '2024-04-21T08:08:23.476000+00:00', 'date<': '2024-04-21T08:10:04.586000+00:00'}
2025-12-15 11:19:28 [DEBUG] __main__ - [compute_lap_features_for_driver] driver=2 lap=35, car_data rows=387
2025-12-15 11:19:28 [INFO] __main__ - [compute_lap_features_for_driver] driver=2 lap=36 KEEP, status=GREEN, duration=101.5s
2025-12-15 11:19:28 [DEBUG] __main__ - [get_openf1] GET https://api.openf1.org/v1/car_data params={'session_key': 9673, 'driver_number': 2, 'date>': '2024-04-21T08:10:04.586000+00:00', 'date<': '2024-04-21T08:11:46.116000+00:00'}
2025-12-15 11:19:29 [DEBUG] __main__ - [compute_lap_features_for_driver] driver=2 lap=36, car_data rows=378
2025-12-15 11:19:29 [INFO] __main__ - [compute_lap_features_for_driver] driver=2 lap=37 KEEP, status=GREEN, duration=102.5s
2025-12-15 11:19:29 [DEBUG] __main__ - [get_openf1] GET https://api.openf1.org/v1/car_data params={'session_key': 9673, 'driver_number': 2, 'date>': '2024-04-21T08:11:46.116000+00:00', 'date<': '2024-04-21T08:13:28.571000+00:00'}
2025-12-15 11:19:30 [DEBUG] __main__ - [compute_lap_features_for_driver] driver=2 lap=37, car_data rows=386
2025-12-15 11:19:30 [INFO] __main__ - [compute_lap_features_for_driver] driver=2 lap=38 KEEP, status=GREEN, duration=102.2s
2025-12-15 11:19:30 [DEBUG] __main__ - [get_openf1] GET https://api.openf1.org/v1/car_data params={'session_key': 9673, 'driver_number': 2, 'date>': '2024-04-21T08:13:28.571000+00:00', 'date<': '2024-04-21T08:15:10.774000+00:00'}
2025-12-15 11:19:31 [DEBUG] __main__ - [compute_lap_features_for_driver] driver=2 lap=38, car_data rows=393
2025-12-15 11:19:31 [INFO] __main__ - [compute_lap_features_for_driver] driver=2 lap=39 KEEP, status=GREEN, duration=102.4s
2025-12-15 11:19:31 [DEBUG] __main__ - [get_openf1] GET https://api.openf1.org/v1/car_data params={'session_key': 9673, 'driver_number': 2, 'date>': '2024-04-21T08:15:10.774000+00:00', 'date<': '2024-04-21T08:16:53.205000+00:00'}
2025-12-15 11:19:32 [DEBUG] __main__ - [compute_lap_features_for_driver] driver=2 lap=39, car_data rows=400
2025-12-15 11:19:32 [INFO] __main__ - [compute_lap_features_for_driver] driver=2 lap=40 KEEP, status=GREEN, duration=102.3s
2025-12-15 11:19:32 [DEBUG] __main__ - [get_openf1] GET https://api.openf1.org/v1/car_data params={'session_key': 9673, 'driver_number': 2, 'date>': '2024-04-21T08:16:53.205000+00:00', 'date<': '2024-04-21T08:18:35.478000+00:00'}
2025-12-15 11:19:32 [DEBUG] __main__ - [compute_lap_features_for_driver] driver=2 lap=40, car_data rows=382
2025-12-15 11:19:32 [INFO] __main__ - [compute_lap_features_for_driver] driver=2 lap=41 DROP (SC_LAP), status=SC, duration=102.1s
2025-12-15 11:19:32 [INFO] __main__ - [compute_lap_features_for_driver] driver=2 lap=42 KEEP, status=GREEN, duration=101.9s
2025-12-15 11:19:32 [DEBUG] __main__ - [get_openf1] GET https://api.openf1.org/v1/car_data params={'session_key': 9673, 'driver_number': 2, 'date>': '2024-04-21T08:20:17.579000+00:00', 'date<': '2024-04-21T08:21:59.491000+00:00'}
2025-12-15 11:19:33 [DEBUG] __main__ - [compute_lap_features_for_driver] driver=2 lap=42, car_data rows=398
2025-12-15 11:19:33 [INFO] __main__ - [compute_lap_features_for_driver] driver=2 lap=43 KEEP, status=GREEN, duration=103.1s
2025-12-15 11:19:33 [DEBUG] __main__ - [get_openf1] GET https://api.openf1.org/v1/car_data params={'session_key': 9673, 'driver_number': 2, 'date>': '2024-04-21T08:21:59.491000+00:00', 'date<': '2024-04-21T08:23:42.597000+00:00'}
2025-12-15 11:19:34 [DEBUG] __main__ - [compute_lap_features_for_driver] driver=2 lap=43, car_data rows=378
2025-12-15 11:19:34 [INFO] __main__ - [compute_lap_features_for_driver] driver=2 lap=44 KEEP, status=GREEN, duration=102.4s
2025-12-15 11:19:34 [DEBUG] __main__ - [get_openf1] GET https://api.openf1.org/v1/car_data params={'session_key': 9673, 'driver_number': 2, 'date>': '2024-04-21T08:23:42.597000+00:00', 'date<': '2024-04-21T08:25:24.988000+00:00'}
2025-12-15 11:19:35 [DEBUG] __main__ - [compute_lap_features_for_driver] driver=2 lap=44, car_data rows=402
2025-12-15 11:19:35 [INFO] __main__ - [compute_lap_features_for_driver] driver=2 lap=45 KEEP, status=GREEN, duration=101.8s
2025-12-15 11:19:35 [DEBUG] __main__ - [get_openf1] GET https://api.openf1.org/v1/car_data params={'session_key': 9673, 'driver_number': 2, 'date>': '2024-04-21T08:25:24.988000+00:00', 'date<': '2024-04-21T08:27:06.831000+00:00'}
2025-12-15 11:19:36 [DEBUG] __main__ - [compute_lap_features_for_driver] driver=2 lap=45, car_data rows=395
2025-12-15 11:19:36 [INFO] __main__ - [compute_lap_features_for_driver] driver=2 lap=46 KEEP, status=GREEN, duration=102.4s
2025-12-15 11:19:36 [DEBUG] __main__ - [get_openf1] GET https://api.openf1.org/v1/car_data params={'session_key': 9673, 'driver_number': 2, 'date>': '2024-04-21T08:27:06.831000+00:00', 'date<': '2024-04-21T08:28:49.209000+00:00'}
2025-12-15 11:19:37 [DEBUG] __main__ - [compute_lap_features_for_driver] driver=2 lap=46, car_data rows=391
2025-12-15 11:19:37 [INFO] __main__ - [compute_lap_features_for_driver] driver=2 lap=47 KEEP, status=GREEN, duration=101.9s
2025-12-15 11:19:37 [DEBUG] __main__ - [get_openf1] GET https://api.openf1.org/v1/car_data params={'session_key': 9673, 'driver_number': 2, 'date>': '2024-04-21T08:28:49.209000+00:00', 'date<': '2024-04-21T08:30:31.138000+00:00'}
2025-12-15 11:19:37 [DEBUG] __main__ - [compute_lap_features_for_driver] driver=2 lap=47, car_data rows=387
2025-12-15 11:19:37 [INFO] __main__ - [compute_lap_features_for_driver] driver=2 lap=48 KEEP, status=GREEN, duration=102.8s
2025-12-15 11:19:37 [DEBUG] __main__ - [get_openf1] GET https://api.openf1.org/v1/car_data params={'session_key': 9673, 'driver_number': 2, 'date>': '2024-04-21T08:30:31.138000+00:00', 'date<': '2024-04-21T08:32:13.974000+00:00'}
2025-12-15 11:19:38 [DEBUG] __main__ - [compute_lap_features_for_driver] driver=2 lap=48, car_data rows=401
2025-12-15 11:19:38 [INFO] __main__ - [compute_lap_features_for_driver] driver=2 lap=49 KEEP, status=GREEN, duration=102.7s
2025-12-15 11:19:38 [DEBUG] __main__ - [get_openf1] GET https://api.openf1.org/v1/car_data params={'session_key': 9673, 'driver_number': 2, 'date>': '2024-04-21T08:32:13.974000+00:00', 'date<': '2024-04-21T08:33:56.661000+00:00'}
2025-12-15 11:19:39 [DEBUG] __main__ - [compute_lap_features_for_driver] driver=2 lap=49, car_data rows=398
2025-12-15 11:19:39 [INFO] __main__ - [compute_lap_features_for_driver] driver=2 lap=50 KEEP, status=GREEN, duration=102.8s
2025-12-15 11:19:39 [DEBUG] __main__ - [get_openf1] GET https://api.openf1.org/v1/car_data params={'session_key': 9673, 'driver_number': 2, 'date>': '2024-04-21T08:33:56.661000+00:00', 'date<': '2024-04-21T08:35:39.411000+00:00'}
2025-12-15 11:19:40 [DEBUG] __main__ - [compute_lap_features_for_driver] driver=2 lap=50, car_data rows=396
2025-12-15 11:19:40 [INFO] __main__ - [compute_lap_features_for_driver] driver=2 lap=51 KEEP, status=GREEN, duration=102.3s
2025-12-15 11:19:40 [DEBUG] __main__ - [get_openf1] GET https://api.openf1.org/v1/car_data params={'session_key': 9673, 'driver_number': 2, 'date>': '2024-04-21T08:35:39.411000+00:00', 'date<': '2024-04-21T08:37:21.739000+00:00'}
2025-12-15 11:19:41 [DEBUG] __main__ - [compute_lap_features_for_driver] driver=2 lap=51, car_data rows=387
2025-12-15 11:19:41 [INFO] __main__ - [compute_lap_features_for_driver] driver=2 lap=52 KEEP, status=GREEN, duration=102.5s
2025-12-15 11:19:41 [DEBUG] __main__ - [get_openf1] GET https://api.openf1.org/v1/car_data params={'session_key': 9673, 'driver_number': 2, 'date>': '2024-04-21T08:37:21.739000+00:00', 'date<': '2024-04-21T08:39:04.269000+00:00'}
2025-12-15 11:19:41 [DEBUG] __main__ - [compute_lap_features_for_driver] driver=2 lap=52, car_data rows=391
2025-12-15 11:19:41 [INFO] __main__ - [compute_lap_features_for_driver] driver=2 lap=53 KEEP, status=GREEN, duration=102.2s
2025-12-15 11:19:41 [DEBUG] __main__ - [get_openf1] GET https://api.openf1.org/v1/car_data params={'session_key': 9673, 'driver_number': 2, 'date>': '2024-04-21T08:39:04.269000+00:00', 'date<': '2024-04-21T08:40:46.493000+00:00'}
2025-12-15 11:19:42 [DEBUG] __main__ - [compute_lap_features_for_driver] driver=2 lap=53, car_data rows=381
2025-12-15 11:19:42 [INFO] __main__ - [compute_lap_features_for_driver] driver=2 lap=54 KEEP, status=GREEN, duration=102.4s
2025-12-15 11:19:42 [DEBUG] __main__ - [get_openf1] GET https://api.openf1.org/v1/car_data params={'session_key': 9673, 'driver_number': 2, 'date>': '2024-04-21T08:40:46.493000+00:00', 'date<': '2024-04-21T08:42:28.883000+00:00'}
2025-12-15 11:19:43 [DEBUG] __main__ - [compute_lap_features_for_driver] driver=2 lap=54, car_data rows=396
2025-12-15 11:19:43 [INFO] __main__ - [compute_lap_features_for_driver] driver=2 lap=55 KEEP, status=GREEN, duration=103.0s
2025-12-15 11:19:43 [DEBUG] __main__ - [get_openf1] GET https://api.openf1.org/v1/car_data params={'session_key': 9673, 'driver_number': 2, 'date>': '2024-04-21T08:42:28.883000+00:00', 'date<': '2024-04-21T08:44:11.840000+00:00'}
2025-12-15 11:19:44 [DEBUG] __main__ - [compute_lap_features_for_driver] driver=2 lap=55, car_data rows=385
2025-12-15 11:19:44 [INFO] __main__ - [compute_lap_features_for_driver] driver=2 lap=56 DROP (CHEQUERED_FLAG_LAP), status=RED_FLAG;CHEQUERED, duration=nans
2025-12-15 11:19:44 [INFO] __main__ - [compute_lap_features_for_driver] driver=2, feature laps=[2, 3, 4, 5, 6, 7, 8, 9, 10, 11, 12, 13, 14, 15, 16, 17, 18, 19, 22, 24, 28, 34, 35, 36, 37, 38, 39, 40, 42, 43, 44, 45, 46, 47, 48, 49, 50, 51, 52, 53, 54, 55]
2025-12-15 11:19:44 [INFO] __main__ - [build_driver_style_embedding_json] all feature laps (combined)=[2, 3, 4, 5, 6, 7, 8, 9, 10, 11, 12, 13, 14, 15, 16, 17, 18, 19, 20, 22, 24, 28, 34, 35, 36, 37, 38, 39, 40, 42, 43, 44, 45, 46, 47, 48, 49, 50, 51, 52, 53, 54, 55]
2025-12-15 11:19:44 [INFO] __main__ - [embed_lap_features] focus_laps = [10, 29, 56]
2025-12-15 11:19:44 [INFO] __main__ - Saved ./driver_style_embedding_2024shanghai.json
