2025-12-15 11:14:00 [INFO] __main__ - ===== Driver Style Map logging started for race_id=2024melbourne =====
2025-12-15 11:14:00 [INFO] __main__ - log file: log/driver_style_2024melbourne.log
2025-12-15 11:14:00 [INFO] __main__ - === Start processing 2024melbourne ===
2025-12-15 11:14:00 [DEBUG] __main__ - [get_openf1] GET https://api.openf1.org/v1/meetings params={'year': 2024}
2025-12-15 11:14:00 [DEBUG] __main__ - [get_openf1] GET https://api.openf1.org/v1/sessions params={'meeting_key': 1231}
2025-12-15 11:14:01 [INFO] __main__ - [find_race_session] year=2024 slug=melbourne -> session_key=9488, meeting_name=Australian Grand Prix
2025-12-15 11:14:01 [INFO] __main__ - [main] race_id=2024melbourne -> session_key=9488, meeting_name=Australian Grand Prix
2025-12-15 11:14:01 [DEBUG] __main__ - [get_openf1] GET https://api.openf1.org/v1/session_result params={'session_key': 9488}
2025-12-15 11:14:01 [DEBUG] __main__ - [get_openf1] GET https://api.openf1.org/v1/drivers params={'session_key': 9488}
2025-12-15 11:14:01 [INFO] __main__ - [select_race_drivers] session_key=9488 winner=55 teammate=16 last_finisher=63
2025-12-15 11:14:01 [INFO] __main__ - [build_driver_style_embedding_json] start session_key=9488, drivers=[55, 16, 63]
2025-12-15 11:14:01 [DEBUG] __main__ - [get_openf1] GET https://api.openf1.org/v1/race_control params={'session_key': 9488}
2025-12-15 11:14:02 [DEBUG] __main__ - [get_openf1] GET https://api.openf1.org/v1/sessions params={'session_key': 9488}
2025-12-15 11:14:02 [INFO] __main__ - [fetch_session_start] session_key=9488, date_start=2024-03-24 04:00:00+00:00
2025-12-15 11:14:02 [INFO] __main__ - [fetch_race_start_time] use first GREEN as race_start: 2024-03-24 03:20:01+00:00
2025-12-15 11:14:02 [DEBUG] __main__ - [get_openf1] GET https://api.openf1.org/v1/laps params={'session_key': 9488, 'driver_number': 55}
2025-12-15 11:14:03 [INFO] __main__ - [fetch_laps] fill lap 1 date_start with race_start=2024-03-24 03:20:01+00:00
2025-12-15 11:14:03 [INFO] __main__ - [fetch_laps] driver=55, laps: min=1, max=58, count=58
2025-12-15 11:14:03 [DEBUG] __main__ - [fetch_laps] head:
   meeting_key  session_key  ...  st_speed  lap_duration_s
0         1231         9488  ...     242.0        2680.130
1         1231         9488  ...     302.0          82.891
2         1231         9488  ...     285.0          82.915
3         1231         9488  ...     287.0          82.402
4         1231         9488  ...       NaN          82.664

[5 rows x 17 columns]
2025-12-15 11:14:03 [INFO] __main__ - [build_driver_style_embedding_json] ref_driver=55, min_lap=1, max_lap=58
2025-12-15 11:14:03 [INFO] __main__ - [build_driver_style_embedding_json] phase_split plan =
2025-12-15 11:14:03 [INFO] __main__ -   opening: [1, 2, 3, 4, 5, 6, 7, 8, 9, 10, 11, 12, 13, 14, 15, 16, 17, 18, 19, 20]
2025-12-15 11:14:03 [INFO] __main__ -   middle : [21, 22, 23, 24, 25, 26, 27, 28, 29, 30, 31, 32, 33, 34, 35, 36, 37, 38, 39]
2025-12-15 11:14:03 [INFO] __main__ -   ending : [40, 41, 42, 43, 44, 45, 46, 47, 48, 49, 50, 51, 52, 53, 54, 55, 56, 57, 58]
2025-12-15 11:14:03 [INFO] __main__ - [build_driver_style_embedding_json] compute features for driver=55
2025-12-15 11:14:03 [DEBUG] __main__ - [get_openf1] GET https://api.openf1.org/v1/laps params={'session_key': 9488, 'driver_number': 55}
2025-12-15 11:14:04 [DEBUG] __main__ - [get_openf1] GET https://api.openf1.org/v1/sessions params={'session_key': 9488}
2025-12-15 11:14:04 [INFO] __main__ - [fetch_session_start] session_key=9488, date_start=2024-03-24 04:00:00+00:00
2025-12-15 11:14:04 [INFO] __main__ - [fetch_race_start_time] use first GREEN as race_start: 2024-03-24 03:20:01+00:00
2025-12-15 11:14:04 [INFO] __main__ - [fetch_laps] fill lap 1 date_start with race_start=2024-03-24 03:20:01+00:00
2025-12-15 11:14:04 [INFO] __main__ - [fetch_laps] driver=55, laps: min=1, max=58, count=58
2025-12-15 11:14:04 [DEBUG] __main__ - [fetch_laps] head:
   meeting_key  session_key  ...  st_speed  lap_duration_s
0         1231         9488  ...     242.0        2680.130
1         1231         9488  ...     302.0          82.891
2         1231         9488  ...     285.0          82.915
3         1231         9488  ...     287.0          82.402
4         1231         9488  ...       NaN          82.664

[5 rows x 17 columns]
2025-12-15 11:14:05 [DEBUG] __main__ - [build_lap_status_mapping] status_by_lap={1: 'GREEN', 2: 'GREEN', 3: 'GREEN', 4: 'GREEN', 5: 'GREEN', 6: 'GREEN', 7: 'GREEN', 8: 'GREEN', 9: 'GREEN', 10: 'GREEN', 11: 'GREEN', 12: 'GREEN', 13: 'GREEN', 14: 'GREEN', 15: 'GREEN', 16: 'GREEN', 17: 'VSC;YELLOW', 18: 'VSC', 19: 'GREEN', 20: 'GREEN', 21: 'GREEN', 22: 'GREEN', 23: 'GREEN', 24: 'GREEN', 25: 'GREEN', 26: 'GREEN', 27: 'GREEN', 28: 'GREEN', 29: 'GREEN', 30: 'GREEN', 31: 'GREEN', 32: 'GREEN', 33: 'GREEN', 34: 'GREEN', 35: 'GREEN', 36: 'GREEN', 37: 'GREEN', 38: 'GREEN', 39: 'GREEN', 40: 'GREEN', 41: 'GREEN', 42: 'GREEN', 43: 'GREEN', 44: 'GREEN', 45: 'GREEN', 46: 'GREEN', 47: 'GREEN', 48: 'GREEN', 49: 'GREEN', 50: 'GREEN', 51: 'GREEN', 52: 'GREEN', 53: 'GREEN', 54: 'GREEN', 55: 'GREEN', 56: 'GREEN', 57: 'GREEN', 58: 'VSC;YELLOW;RED_FLAG;CHEQUERED'}
2025-12-15 11:14:05 [INFO] __main__ - [compute_lap_features_for_driver] driver=55, typical_duration_s=81.55199999999999
2025-12-15 11:14:05 [INFO] __main__ - [compute_lap_features_for_driver] driver=55 lap=1 DROP (LONG_LAP_2680.1s), status=GREEN, duration=2680.1s
2025-12-15 11:14:05 [INFO] __main__ - [compute_lap_features_for_driver] driver=55 lap=2 KEEP, status=GREEN, duration=82.9s
2025-12-15 11:14:05 [DEBUG] __main__ - [get_openf1] GET https://api.openf1.org/v1/car_data params={'session_key': 9488, 'driver_number': 55, 'date>': '2024-03-24T04:04:41.130000+00:00', 'date<': '2024-03-24T04:06:04.021000+00:00'}
2025-12-15 11:14:05 [DEBUG] __main__ - [compute_lap_features_for_driver] driver=55 lap=2, car_data rows=320
2025-12-15 11:14:05 [INFO] __main__ - [compute_lap_features_for_driver] driver=55 lap=3 KEEP, status=GREEN, duration=82.9s
2025-12-15 11:14:05 [DEBUG] __main__ - [get_openf1] GET https://api.openf1.org/v1/car_data params={'session_key': 9488, 'driver_number': 55, 'date>': '2024-03-24T04:06:04.021000+00:00', 'date<': '2024-03-24T04:07:26.936000+00:00'}
2025-12-15 11:14:06 [DEBUG] __main__ - [compute_lap_features_for_driver] driver=55 lap=3, car_data rows=322
2025-12-15 11:14:06 [INFO] __main__ - [compute_lap_features_for_driver] driver=55 lap=4 KEEP, status=GREEN, duration=82.4s
2025-12-15 11:14:06 [DEBUG] __main__ - [get_openf1] GET https://api.openf1.org/v1/car_data params={'session_key': 9488, 'driver_number': 55, 'date>': '2024-03-24T04:07:26.936000+00:00', 'date<': '2024-03-24T04:08:49.338000+00:00'}
2025-12-15 11:14:07 [DEBUG] __main__ - [compute_lap_features_for_driver] driver=55 lap=4, car_data rows=308
2025-12-15 11:14:07 [INFO] __main__ - [compute_lap_features_for_driver] driver=55 lap=5 KEEP, status=GREEN, duration=82.7s
2025-12-15 11:14:07 [DEBUG] __main__ - [get_openf1] GET https://api.openf1.org/v1/car_data params={'session_key': 9488, 'driver_number': 55, 'date>': '2024-03-24T04:08:49.338000+00:00', 'date<': '2024-03-24T04:10:12.002000+00:00'}
2025-12-15 11:14:08 [DEBUG] __main__ - [compute_lap_features_for_driver] driver=55 lap=5, car_data rows=304
2025-12-15 11:14:08 [INFO] __main__ - [compute_lap_features_for_driver] driver=55 lap=6 KEEP, status=GREEN, duration=82.5s
2025-12-15 11:14:08 [DEBUG] __main__ - [get_openf1] GET https://api.openf1.org/v1/car_data params={'session_key': 9488, 'driver_number': 55, 'date>': '2024-03-24T04:10:12.002000+00:00', 'date<': '2024-03-24T04:11:34.528000+00:00'}
2025-12-15 11:14:08 [DEBUG] __main__ - [compute_lap_features_for_driver] driver=55 lap=6, car_data rows=308
2025-12-15 11:14:08 [INFO] __main__ - [compute_lap_features_for_driver] driver=55 lap=7 KEEP, status=GREEN, duration=82.4s
2025-12-15 11:14:08 [DEBUG] __main__ - [get_openf1] GET https://api.openf1.org/v1/car_data params={'session_key': 9488, 'driver_number': 55, 'date>': '2024-03-24T04:11:34.528000+00:00', 'date<': '2024-03-24T04:12:56.883000+00:00'}
2025-12-15 11:14:09 [DEBUG] __main__ - [compute_lap_features_for_driver] driver=55 lap=7, car_data rows=322
2025-12-15 11:14:09 [INFO] __main__ - [compute_lap_features_for_driver] driver=55 lap=8 KEEP, status=GREEN, duration=82.3s
2025-12-15 11:14:09 [DEBUG] __main__ - [get_openf1] GET https://api.openf1.org/v1/car_data params={'session_key': 9488, 'driver_number': 55, 'date>': '2024-03-24T04:12:56.883000+00:00', 'date<': '2024-03-24T04:14:19.169000+00:00'}
2025-12-15 11:14:10 [DEBUG] __main__ - [compute_lap_features_for_driver] driver=55 lap=8, car_data rows=312
2025-12-15 11:14:10 [INFO] __main__ - [compute_lap_features_for_driver] driver=55 lap=9 KEEP, status=GREEN, duration=82.2s
2025-12-15 11:14:10 [DEBUG] __main__ - [get_openf1] GET https://api.openf1.org/v1/car_data params={'session_key': 9488, 'driver_number': 55, 'date>': '2024-03-24T04:14:19.169000+00:00', 'date<': '2024-03-24T04:15:41.329000+00:00'}
2025-12-15 11:14:11 [DEBUG] __main__ - [compute_lap_features_for_driver] driver=55 lap=9, car_data rows=310
2025-12-15 11:14:11 [INFO] __main__ - [compute_lap_features_for_driver] driver=55 lap=10 KEEP, status=GREEN, duration=81.7s
2025-12-15 11:14:11 [DEBUG] __main__ - [get_openf1] GET https://api.openf1.org/v1/car_data params={'session_key': 9488, 'driver_number': 55, 'date>': '2024-03-24T04:15:41.329000+00:00', 'date<': '2024-03-24T04:17:03.018000+00:00'}
2025-12-15 11:14:11 [DEBUG] __main__ - [compute_lap_features_for_driver] driver=55 lap=10, car_data rows=300
2025-12-15 11:14:11 [INFO] __main__ - [compute_lap_features_for_driver] driver=55 lap=11 KEEP, status=GREEN, duration=81.9s
2025-12-15 11:14:11 [DEBUG] __main__ - [get_openf1] GET https://api.openf1.org/v1/car_data params={'session_key': 9488, 'driver_number': 55, 'date>': '2024-03-24T04:17:03.018000+00:00', 'date<': '2024-03-24T04:18:24.885000+00:00'}
2025-12-15 11:14:13 [DEBUG] __main__ - [compute_lap_features_for_driver] driver=55 lap=11, car_data rows=309
2025-12-15 11:14:13 [INFO] __main__ - [compute_lap_features_for_driver] driver=55 lap=12 KEEP, status=GREEN, duration=82.1s
2025-12-15 11:14:13 [DEBUG] __main__ - [get_openf1] GET https://api.openf1.org/v1/car_data params={'session_key': 9488, 'driver_number': 55, 'date>': '2024-03-24T04:18:24.885000+00:00', 'date<': '2024-03-24T04:19:47.030000+00:00'}
2025-12-15 11:14:14 [DEBUG] __main__ - [compute_lap_features_for_driver] driver=55 lap=12, car_data rows=314
2025-12-15 11:14:14 [INFO] __main__ - [compute_lap_features_for_driver] driver=55 lap=13 KEEP, status=GREEN, duration=82.2s
2025-12-15 11:14:14 [DEBUG] __main__ - [get_openf1] GET https://api.openf1.org/v1/car_data params={'session_key': 9488, 'driver_number': 55, 'date>': '2024-03-24T04:19:47.030000+00:00', 'date<': '2024-03-24T04:21:09.229000+00:00'}
2025-12-15 11:14:16 [DEBUG] __main__ - [compute_lap_features_for_driver] driver=55 lap=13, car_data rows=312
2025-12-15 11:14:16 [INFO] __main__ - [compute_lap_features_for_driver] driver=55 lap=14 KEEP, status=GREEN, duration=82.6s
2025-12-15 11:14:16 [DEBUG] __main__ - [get_openf1] GET https://api.openf1.org/v1/car_data params={'session_key': 9488, 'driver_number': 55, 'date>': '2024-03-24T04:21:09.229000+00:00', 'date<': '2024-03-24T04:22:31.840000+00:00'}
2025-12-15 11:14:16 [DEBUG] __main__ - [compute_lap_features_for_driver] driver=55 lap=14, car_data rows=307
2025-12-15 11:14:16 [INFO] __main__ - [compute_lap_features_for_driver] driver=55 lap=15 KEEP, status=GREEN, duration=82.5s
2025-12-15 11:14:16 [DEBUG] __main__ - [get_openf1] GET https://api.openf1.org/v1/car_data params={'session_key': 9488, 'driver_number': 55, 'date>': '2024-03-24T04:22:31.840000+00:00', 'date<': '2024-03-24T04:23:54.362000+00:00'}
2025-12-15 11:14:17 [DEBUG] __main__ - [compute_lap_features_for_driver] driver=55 lap=15, car_data rows=308
2025-12-15 11:14:17 [INFO] __main__ - [compute_lap_features_for_driver] driver=55 lap=16 KEEP, status=GREEN, duration=96.5s
2025-12-15 11:14:17 [DEBUG] __main__ - [get_openf1] GET https://api.openf1.org/v1/car_data params={'session_key': 9488, 'driver_number': 55, 'date>': '2024-03-24T04:23:54.362000+00:00', 'date<': '2024-03-24T04:25:30.849000+00:00'}
2025-12-15 11:14:18 [DEBUG] __main__ - [compute_lap_features_for_driver] driver=55 lap=16, car_data rows=360
2025-12-15 11:14:18 [INFO] __main__ - [compute_lap_features_for_driver] driver=55 lap=17 DROP (VSC_LAP), status=VSC;YELLOW, duration=103.6s
2025-12-15 11:14:18 [INFO] __main__ - [compute_lap_features_for_driver] driver=55 lap=18 DROP (VSC_LAP), status=VSC, duration=89.9s
2025-12-15 11:14:18 [INFO] __main__ - [compute_lap_features_for_driver] driver=55 lap=19 KEEP, status=GREEN, duration=81.9s
2025-12-15 11:14:18 [DEBUG] __main__ - [get_openf1] GET https://api.openf1.org/v1/car_data params={'session_key': 9488, 'driver_number': 55, 'date>': '2024-03-24T04:28:44.304000+00:00', 'date<': '2024-03-24T04:30:06.180000+00:00'}
2025-12-15 11:14:18 [DEBUG] __main__ - [compute_lap_features_for_driver] driver=55 lap=19, car_data rows=308
2025-12-15 11:14:18 [INFO] __main__ - [compute_lap_features_for_driver] driver=55 lap=20 KEEP, status=GREEN, duration=81.6s
2025-12-15 11:14:18 [DEBUG] __main__ - [get_openf1] GET https://api.openf1.org/v1/car_data params={'session_key': 9488, 'driver_number': 55, 'date>': '2024-03-24T04:30:06.180000+00:00', 'date<': '2024-03-24T04:31:27.823000+00:00'}
2025-12-15 11:14:19 [DEBUG] __main__ - [compute_lap_features_for_driver] driver=55 lap=20, car_data rows=306
2025-12-15 11:14:19 [INFO] __main__ - [compute_lap_features_for_driver] driver=55 lap=21 KEEP, status=GREEN, duration=81.9s
2025-12-15 11:14:19 [DEBUG] __main__ - [get_openf1] GET https://api.openf1.org/v1/car_data params={'session_key': 9488, 'driver_number': 55, 'date>': '2024-03-24T04:31:27.823000+00:00', 'date<': '2024-03-24T04:32:49.712000+00:00'}
2025-12-15 11:14:19 [DEBUG] __main__ - [compute_lap_features_for_driver] driver=55 lap=21, car_data rows=308
2025-12-15 11:14:19 [INFO] __main__ - [compute_lap_features_for_driver] driver=55 lap=22 KEEP, status=GREEN, duration=81.5s
2025-12-15 11:14:19 [DEBUG] __main__ - [get_openf1] GET https://api.openf1.org/v1/car_data params={'session_key': 9488, 'driver_number': 55, 'date>': '2024-03-24T04:32:49.712000+00:00', 'date<': '2024-03-24T04:34:11.217000+00:00'}
2025-12-15 11:14:20 [DEBUG] __main__ - [compute_lap_features_for_driver] driver=55 lap=22, car_data rows=296
2025-12-15 11:14:20 [INFO] __main__ - [compute_lap_features_for_driver] driver=55 lap=23 KEEP, status=GREEN, duration=81.6s
2025-12-15 11:14:20 [DEBUG] __main__ - [get_openf1] GET https://api.openf1.org/v1/car_data params={'session_key': 9488, 'driver_number': 55, 'date>': '2024-03-24T04:34:11.217000+00:00', 'date<': '2024-03-24T04:35:32.773000+00:00'}
2025-12-15 11:14:21 [DEBUG] __main__ - [compute_lap_features_for_driver] driver=55 lap=23, car_data rows=303
2025-12-15 11:14:21 [INFO] __main__ - [compute_lap_features_for_driver] driver=55 lap=24 KEEP, status=GREEN, duration=81.5s
2025-12-15 11:14:21 [DEBUG] __main__ - [get_openf1] GET https://api.openf1.org/v1/car_data params={'session_key': 9488, 'driver_number': 55, 'date>': '2024-03-24T04:35:32.773000+00:00', 'date<': '2024-03-24T04:36:54.265000+00:00'}
2025-12-15 11:14:21 [DEBUG] __main__ - [compute_lap_features_for_driver] driver=55 lap=24, car_data rows=302
2025-12-15 11:14:21 [INFO] __main__ - [compute_lap_features_for_driver] driver=55 lap=25 KEEP, status=GREEN, duration=81.2s
2025-12-15 11:14:21 [DEBUG] __main__ - [get_openf1] GET https://api.openf1.org/v1/car_data params={'session_key': 9488, 'driver_number': 55, 'date>': '2024-03-24T04:36:54.265000+00:00', 'date<': '2024-03-24T04:38:15.502000+00:00'}
2025-12-15 11:14:22 [DEBUG] __main__ - [compute_lap_features_for_driver] driver=55 lap=25, car_data rows=314
2025-12-15 11:14:22 [INFO] __main__ - [compute_lap_features_for_driver] driver=55 lap=26 KEEP, status=GREEN, duration=81.1s
2025-12-15 11:14:22 [DEBUG] __main__ - [get_openf1] GET https://api.openf1.org/v1/car_data params={'session_key': 9488, 'driver_number': 55, 'date>': '2024-03-24T04:38:15.502000+00:00', 'date<': '2024-03-24T04:39:36.572000+00:00'}
2025-12-15 11:14:22 [DEBUG] __main__ - [compute_lap_features_for_driver] driver=55 lap=26, car_data rows=300
2025-12-15 11:14:22 [INFO] __main__ - [compute_lap_features_for_driver] driver=55 lap=27 KEEP, status=GREEN, duration=81.4s
2025-12-15 11:14:22 [DEBUG] __main__ - [get_openf1] GET https://api.openf1.org/v1/car_data params={'session_key': 9488, 'driver_number': 55, 'date>': '2024-03-24T04:39:36.572000+00:00', 'date<': '2024-03-24T04:40:57.982000+00:00'}
2025-12-15 11:14:23 [DEBUG] __main__ - [compute_lap_features_for_driver] driver=55 lap=27, car_data rows=302
2025-12-15 11:14:23 [INFO] __main__ - [compute_lap_features_for_driver] driver=55 lap=28 KEEP, status=GREEN, duration=81.5s
2025-12-15 11:14:23 [DEBUG] __main__ - [get_openf1] GET https://api.openf1.org/v1/car_data params={'session_key': 9488, 'driver_number': 55, 'date>': '2024-03-24T04:40:57.982000+00:00', 'date<': '2024-03-24T04:42:19.494000+00:00'}
2025-12-15 11:14:24 [DEBUG] __main__ - [compute_lap_features_for_driver] driver=55 lap=28, car_data rows=299
2025-12-15 11:14:24 [INFO] __main__ - [compute_lap_features_for_driver] driver=55 lap=29 KEEP, status=GREEN, duration=81.5s
2025-12-15 11:14:24 [DEBUG] __main__ - [get_openf1] GET https://api.openf1.org/v1/car_data params={'session_key': 9488, 'driver_number': 55, 'date>': '2024-03-24T04:42:19.494000+00:00', 'date<': '2024-03-24T04:43:40.987000+00:00'}
2025-12-15 11:14:25 [DEBUG] __main__ - [compute_lap_features_for_driver] driver=55 lap=29, car_data rows=302
2025-12-15 11:14:25 [INFO] __main__ - [compute_lap_features_for_driver] driver=55 lap=30 KEEP, status=GREEN, duration=81.5s
2025-12-15 11:14:25 [DEBUG] __main__ - [get_openf1] GET https://api.openf1.org/v1/car_data params={'session_key': 9488, 'driver_number': 55, 'date>': '2024-03-24T04:43:40.987000+00:00', 'date<': '2024-03-24T04:45:02.512000+00:00'}
2025-12-15 11:14:25 [DEBUG] __main__ - [compute_lap_features_for_driver] driver=55 lap=30, car_data rows=304
2025-12-15 11:14:25 [INFO] __main__ - [compute_lap_features_for_driver] driver=55 lap=31 KEEP, status=GREEN, duration=81.5s
2025-12-15 11:14:25 [DEBUG] __main__ - [get_openf1] GET https://api.openf1.org/v1/car_data params={'session_key': 9488, 'driver_number': 55, 'date>': '2024-03-24T04:45:02.512000+00:00', 'date<': '2024-03-24T04:46:23.964000+00:00'}
2025-12-15 11:14:26 [DEBUG] __main__ - [compute_lap_features_for_driver] driver=55 lap=31, car_data rows=308
2025-12-15 11:14:26 [INFO] __main__ - [compute_lap_features_for_driver] driver=55 lap=32 KEEP, status=GREEN, duration=81.1s
2025-12-15 11:14:26 [DEBUG] __main__ - [get_openf1] GET https://api.openf1.org/v1/car_data params={'session_key': 9488, 'driver_number': 55, 'date>': '2024-03-24T04:46:23.964000+00:00', 'date<': '2024-03-24T04:47:45.026000+00:00'}
2025-12-15 11:14:26 [DEBUG] __main__ - [compute_lap_features_for_driver] driver=55 lap=32, car_data rows=307
2025-12-15 11:14:26 [INFO] __main__ - [compute_lap_features_for_driver] driver=55 lap=33 KEEP, status=GREEN, duration=81.6s
2025-12-15 11:14:26 [DEBUG] __main__ - [get_openf1] GET https://api.openf1.org/v1/car_data params={'session_key': 9488, 'driver_number': 55, 'date>': '2024-03-24T04:47:45.026000+00:00', 'date<': '2024-03-24T04:49:06.612000+00:00'}
2025-12-15 11:14:27 [DEBUG] __main__ - [compute_lap_features_for_driver] driver=55 lap=33, car_data rows=305
2025-12-15 11:14:27 [INFO] __main__ - [compute_lap_features_for_driver] driver=55 lap=34 KEEP, status=GREEN, duration=81.7s
2025-12-15 11:14:27 [DEBUG] __main__ - [get_openf1] GET https://api.openf1.org/v1/car_data params={'session_key': 9488, 'driver_number': 55, 'date>': '2024-03-24T04:49:06.612000+00:00', 'date<': '2024-03-24T04:50:28.300000+00:00'}
2025-12-15 11:14:27 [DEBUG] __main__ - [compute_lap_features_for_driver] driver=55 lap=34, car_data rows=316
2025-12-15 11:14:27 [INFO] __main__ - [compute_lap_features_for_driver] driver=55 lap=35 KEEP, status=GREEN, duration=81.7s
2025-12-15 11:14:27 [DEBUG] __main__ - [get_openf1] GET https://api.openf1.org/v1/car_data params={'session_key': 9488, 'driver_number': 55, 'date>': '2024-03-24T04:50:28.300000+00:00', 'date<': '2024-03-24T04:51:49.998000+00:00'}
2025-12-15 11:14:28 [DEBUG] __main__ - [compute_lap_features_for_driver] driver=55 lap=35, car_data rows=308
2025-12-15 11:14:28 [INFO] __main__ - [compute_lap_features_for_driver] driver=55 lap=36 KEEP, status=GREEN, duration=82.0s
2025-12-15 11:14:28 [DEBUG] __main__ - [get_openf1] GET https://api.openf1.org/v1/car_data params={'session_key': 9488, 'driver_number': 55, 'date>': '2024-03-24T04:51:49.998000+00:00', 'date<': '2024-03-24T04:53:11.980000+00:00'}
2025-12-15 11:14:29 [DEBUG] __main__ - [compute_lap_features_for_driver] driver=55 lap=36, car_data rows=307
2025-12-15 11:14:29 [INFO] __main__ - [compute_lap_features_for_driver] driver=55 lap=37 KEEP, status=GREEN, duration=82.1s
2025-12-15 11:14:29 [DEBUG] __main__ - [get_openf1] GET https://api.openf1.org/v1/car_data params={'session_key': 9488, 'driver_number': 55, 'date>': '2024-03-24T04:53:11.980000+00:00', 'date<': '2024-03-24T04:54:34.035000+00:00'}
2025-12-15 11:14:29 [DEBUG] __main__ - [compute_lap_features_for_driver] driver=55 lap=37, car_data rows=301
2025-12-15 11:14:29 [INFO] __main__ - [compute_lap_features_for_driver] driver=55 lap=38 KEEP, status=GREEN, duration=81.2s
2025-12-15 11:14:29 [DEBUG] __main__ - [get_openf1] GET https://api.openf1.org/v1/car_data params={'session_key': 9488, 'driver_number': 55, 'date>': '2024-03-24T04:54:34.035000+00:00', 'date<': '2024-03-24T04:55:55.282000+00:00'}
2025-12-15 11:14:30 [DEBUG] __main__ - [compute_lap_features_for_driver] driver=55 lap=38, car_data rows=295
2025-12-15 11:14:30 [INFO] __main__ - [compute_lap_features_for_driver] driver=55 lap=39 KEEP, status=GREEN, duration=81.5s
2025-12-15 11:14:30 [DEBUG] __main__ - [get_openf1] GET https://api.openf1.org/v1/car_data params={'session_key': 9488, 'driver_number': 55, 'date>': '2024-03-24T04:55:55.282000+00:00', 'date<': '2024-03-24T04:57:16.830000+00:00'}
2025-12-15 11:14:30 [DEBUG] __main__ - [compute_lap_features_for_driver] driver=55 lap=39, car_data rows=306
2025-12-15 11:14:30 [INFO] __main__ - [compute_lap_features_for_driver] driver=55 lap=40 KEEP, status=GREEN, duration=81.5s
2025-12-15 11:14:30 [DEBUG] __main__ - [get_openf1] GET https://api.openf1.org/v1/car_data params={'session_key': 9488, 'driver_number': 55, 'date>': '2024-03-24T04:57:16.830000+00:00', 'date<': '2024-03-24T04:58:38.324000+00:00'}
2025-12-15 11:14:31 [DEBUG] __main__ - [compute_lap_features_for_driver] driver=55 lap=40, car_data rows=314
2025-12-15 11:14:31 [INFO] __main__ - [compute_lap_features_for_driver] driver=55 lap=41 KEEP, status=GREEN, duration=95.8s
2025-12-15 11:14:31 [DEBUG] __main__ - [get_openf1] GET https://api.openf1.org/v1/car_data params={'session_key': 9488, 'driver_number': 55, 'date>': '2024-03-24T04:58:38.324000+00:00', 'date<': '2024-03-24T05:00:14.094000+00:00'}
2025-12-15 11:14:31 [DEBUG] __main__ - [compute_lap_features_for_driver] driver=55 lap=41, car_data rows=360
2025-12-15 11:14:31 [INFO] __main__ - [compute_lap_features_for_driver] driver=55 lap=42 KEEP, status=GREEN, duration=87.0s
2025-12-15 11:14:31 [DEBUG] __main__ - [get_openf1] GET https://api.openf1.org/v1/car_data params={'session_key': 9488, 'driver_number': 55, 'date>': '2024-03-24T05:00:14.094000+00:00', 'date<': '2024-03-24T05:01:41.084000+00:00'}
2025-12-15 11:14:32 [DEBUG] __main__ - [compute_lap_features_for_driver] driver=55 lap=42, car_data rows=330
2025-12-15 11:14:32 [INFO] __main__ - [compute_lap_features_for_driver] driver=55 lap=43 KEEP, status=GREEN, duration=80.8s
2025-12-15 11:14:32 [DEBUG] __main__ - [get_openf1] GET https://api.openf1.org/v1/car_data params={'session_key': 9488, 'driver_number': 55, 'date>': '2024-03-24T05:01:41.084000+00:00', 'date<': '2024-03-24T05:03:01.857000+00:00'}
2025-12-15 11:14:33 [DEBUG] __main__ - [compute_lap_features_for_driver] driver=55 lap=43, car_data rows=294
2025-12-15 11:14:33 [INFO] __main__ - [compute_lap_features_for_driver] driver=55 lap=44 KEEP, status=GREEN, duration=80.7s
2025-12-15 11:14:33 [DEBUG] __main__ - [get_openf1] GET https://api.openf1.org/v1/car_data params={'session_key': 9488, 'driver_number': 55, 'date>': '2024-03-24T05:03:01.857000+00:00', 'date<': '2024-03-24T05:04:22.556000+00:00'}
2025-12-15 11:14:33 [DEBUG] __main__ - [compute_lap_features_for_driver] driver=55 lap=44, car_data rows=303
2025-12-15 11:14:33 [INFO] __main__ - [compute_lap_features_for_driver] driver=55 lap=45 KEEP, status=GREEN, duration=80.4s
2025-12-15 11:14:33 [DEBUG] __main__ - [get_openf1] GET https://api.openf1.org/v1/car_data params={'session_key': 9488, 'driver_number': 55, 'date>': '2024-03-24T05:04:22.556000+00:00', 'date<': '2024-03-24T05:05:42.941000+00:00'}
2025-12-15 11:14:34 [DEBUG] __main__ - [compute_lap_features_for_driver] driver=55 lap=45, car_data rows=301
2025-12-15 11:14:34 [INFO] __main__ - [compute_lap_features_for_driver] driver=55 lap=46 KEEP, status=GREEN, duration=80.2s
2025-12-15 11:14:34 [DEBUG] __main__ - [get_openf1] GET https://api.openf1.org/v1/car_data params={'session_key': 9488, 'driver_number': 55, 'date>': '2024-03-24T05:05:42.941000+00:00', 'date<': '2024-03-24T05:07:03.177000+00:00'}
2025-12-15 11:14:35 [DEBUG] __main__ - [compute_lap_features_for_driver] driver=55 lap=46, car_data rows=289
2025-12-15 11:14:35 [INFO] __main__ - [compute_lap_features_for_driver] driver=55 lap=47 KEEP, status=GREEN, duration=80.2s
2025-12-15 11:14:35 [DEBUG] __main__ - [get_openf1] GET https://api.openf1.org/v1/car_data params={'session_key': 9488, 'driver_number': 55, 'date>': '2024-03-24T05:07:03.177000+00:00', 'date<': '2024-03-24T05:08:23.400000+00:00'}
2025-12-15 11:14:35 [DEBUG] __main__ - [compute_lap_features_for_driver] driver=55 lap=47, car_data rows=306
2025-12-15 11:14:35 [INFO] __main__ - [compute_lap_features_for_driver] driver=55 lap=48 KEEP, status=GREEN, duration=80.1s
2025-12-15 11:14:35 [DEBUG] __main__ - [get_openf1] GET https://api.openf1.org/v1/car_data params={'session_key': 9488, 'driver_number': 55, 'date>': '2024-03-24T05:08:23.400000+00:00', 'date<': '2024-03-24T05:09:43.460000+00:00'}
2025-12-15 11:14:36 [DEBUG] __main__ - [compute_lap_features_for_driver] driver=55 lap=48, car_data rows=302
2025-12-15 11:14:36 [INFO] __main__ - [compute_lap_features_for_driver] driver=55 lap=49 KEEP, status=GREEN, duration=80.2s
2025-12-15 11:14:36 [DEBUG] __main__ - [get_openf1] GET https://api.openf1.org/v1/car_data params={'session_key': 9488, 'driver_number': 55, 'date>': '2024-03-24T05:09:43.460000+00:00', 'date<': '2024-03-24T05:11:03.708000+00:00'}
2025-12-15 11:14:37 [DEBUG] __main__ - [compute_lap_features_for_driver] driver=55 lap=49, car_data rows=313
2025-12-15 11:14:37 [INFO] __main__ - [compute_lap_features_for_driver] driver=55 lap=50 KEEP, status=GREEN, duration=80.4s
2025-12-15 11:14:37 [DEBUG] __main__ - [get_openf1] GET https://api.openf1.org/v1/car_data params={'session_key': 9488, 'driver_number': 55, 'date>': '2024-03-24T05:11:03.708000+00:00', 'date<': '2024-03-24T05:12:24.144000+00:00'}
2025-12-15 11:14:38 [DEBUG] __main__ - [compute_lap_features_for_driver] driver=55 lap=50, car_data rows=301
2025-12-15 11:14:38 [INFO] __main__ - [compute_lap_features_for_driver] driver=55 lap=51 KEEP, status=GREEN, duration=80.0s
2025-12-15 11:14:38 [DEBUG] __main__ - [get_openf1] GET https://api.openf1.org/v1/car_data params={'session_key': 9488, 'driver_number': 55, 'date>': '2024-03-24T05:12:24.144000+00:00', 'date<': '2024-03-24T05:13:44.188000+00:00'}
2025-12-15 11:14:39 [DEBUG] __main__ - [compute_lap_features_for_driver] driver=55 lap=51, car_data rows=310
2025-12-15 11:14:39 [INFO] __main__ - [compute_lap_features_for_driver] driver=55 lap=52 KEEP, status=GREEN, duration=80.2s
2025-12-15 11:14:39 [DEBUG] __main__ - [get_openf1] GET https://api.openf1.org/v1/car_data params={'session_key': 9488, 'driver_number': 55, 'date>': '2024-03-24T05:13:44.188000+00:00', 'date<': '2024-03-24T05:15:04.415000+00:00'}
2025-12-15 11:14:39 [DEBUG] __main__ - [compute_lap_features_for_driver] driver=55 lap=52, car_data rows=309
2025-12-15 11:14:39 [INFO] __main__ - [compute_lap_features_for_driver] driver=55 lap=53 KEEP, status=GREEN, duration=80.7s
2025-12-15 11:14:39 [DEBUG] __main__ - [get_openf1] GET https://api.openf1.org/v1/car_data params={'session_key': 9488, 'driver_number': 55, 'date>': '2024-03-24T05:15:04.415000+00:00', 'date<': '2024-03-24T05:16:25.104000+00:00'}
2025-12-15 11:14:40 [DEBUG] __main__ - [compute_lap_features_for_driver] driver=55 lap=53, car_data rows=304
2025-12-15 11:14:40 [INFO] __main__ - [compute_lap_features_for_driver] driver=55 lap=54 KEEP, status=GREEN, duration=80.5s
2025-12-15 11:14:40 [DEBUG] __main__ - [get_openf1] GET https://api.openf1.org/v1/car_data params={'session_key': 9488, 'driver_number': 55, 'date>': '2024-03-24T05:16:25.104000+00:00', 'date<': '2024-03-24T05:17:45.605000+00:00'}
2025-12-15 11:14:41 [DEBUG] __main__ - [compute_lap_features_for_driver] driver=55 lap=54, car_data rows=308
2025-12-15 11:14:41 [INFO] __main__ - [compute_lap_features_for_driver] driver=55 lap=55 KEEP, status=GREEN, duration=80.8s
2025-12-15 11:14:41 [DEBUG] __main__ - [get_openf1] GET https://api.openf1.org/v1/car_data params={'session_key': 9488, 'driver_number': 55, 'date>': '2024-03-24T05:17:45.605000+00:00', 'date<': '2024-03-24T05:19:06.367000+00:00'}
2025-12-15 11:14:41 [DEBUG] __main__ - [compute_lap_features_for_driver] driver=55 lap=55, car_data rows=306
2025-12-15 11:14:41 [INFO] __main__ - [compute_lap_features_for_driver] driver=55 lap=56 KEEP, status=GREEN, duration=81.2s
2025-12-15 11:14:41 [DEBUG] __main__ - [get_openf1] GET https://api.openf1.org/v1/car_data params={'session_key': 9488, 'driver_number': 55, 'date>': '2024-03-24T05:19:06.367000+00:00', 'date<': '2024-03-24T05:20:27.523000+00:00'}
2025-12-15 11:14:42 [DEBUG] __main__ - [compute_lap_features_for_driver] driver=55 lap=56, car_data rows=293
2025-12-15 11:14:42 [INFO] __main__ - [compute_lap_features_for_driver] driver=55 lap=57 KEEP, status=GREEN, duration=80.8s
2025-12-15 11:14:42 [DEBUG] __main__ - [get_openf1] GET https://api.openf1.org/v1/car_data params={'session_key': 9488, 'driver_number': 55, 'date>': '2024-03-24T05:20:27.523000+00:00', 'date<': '2024-03-24T05:21:48.364000+00:00'}
2025-12-15 11:14:42 [DEBUG] __main__ - [compute_lap_features_for_driver] driver=55 lap=57, car_data rows=294
2025-12-15 11:14:42 [INFO] __main__ - [compute_lap_features_for_driver] driver=55 lap=58 DROP (VSC_LAP), status=VSC;YELLOW;RED_FLAG;CHEQUERED, duration=nans
2025-12-15 11:14:42 [INFO] __main__ - [compute_lap_features_for_driver] driver=55, feature laps=[2, 3, 4, 5, 6, 7, 8, 9, 10, 11, 12, 13, 14, 15, 16, 19, 20, 21, 22, 23, 24, 25, 26, 27, 28, 29, 30, 31, 32, 33, 34, 35, 36, 37, 38, 39, 40, 41, 42, 43, 44, 45, 46, 47, 48, 49, 50, 51, 52, 53, 54, 55, 56, 57]
2025-12-15 11:14:42 [INFO] __main__ - [build_driver_style_embedding_json] compute features for driver=16
2025-12-15 11:14:42 [DEBUG] __main__ - [get_openf1] GET https://api.openf1.org/v1/laps params={'session_key': 9488, 'driver_number': 16}
2025-12-15 11:14:43 [DEBUG] __main__ - [get_openf1] GET https://api.openf1.org/v1/sessions params={'session_key': 9488}
2025-12-15 11:14:43 [INFO] __main__ - [fetch_session_start] session_key=9488, date_start=2024-03-24 04:00:00+00:00
2025-12-15 11:14:43 [INFO] __main__ - [fetch_race_start_time] use first GREEN as race_start: 2024-03-24 03:20:01+00:00
2025-12-15 11:14:43 [INFO] __main__ - [fetch_laps] fill lap 1 date_start with race_start=2024-03-24 03:20:01+00:00
2025-12-15 11:14:44 [INFO] __main__ - [fetch_laps] driver=16, laps: min=1, max=58, count=58
2025-12-15 11:14:44 [DEBUG] __main__ - [fetch_laps] head:
   meeting_key  session_key  ...  st_speed  lap_duration_s
0         1231         9488  ...     241.0        2682.419
1         1231         9488  ...     291.0          82.959
2         1231         9488  ...     310.0          82.835
3         1231         9488  ...     312.0          82.413
4         1231         9488  ...     307.0          82.661

[5 rows x 17 columns]
2025-12-15 11:14:44 [DEBUG] __main__ - [build_lap_status_mapping] status_by_lap={1: 'GREEN', 2: 'GREEN', 3: 'GREEN', 4: 'GREEN', 5: 'GREEN', 6: 'GREEN', 7: 'GREEN', 8: 'GREEN', 9: 'GREEN', 10: 'GREEN', 11: 'GREEN', 12: 'GREEN', 13: 'GREEN', 14: 'GREEN', 15: 'GREEN', 16: 'GREEN', 17: 'VSC;YELLOW', 18: 'VSC', 19: 'GREEN', 20: 'GREEN', 21: 'GREEN', 22: 'GREEN', 23: 'GREEN', 24: 'GREEN', 25: 'GREEN', 26: 'GREEN', 27: 'GREEN', 28: 'GREEN', 29: 'GREEN', 30: 'GREEN', 31: 'GREEN', 32: 'GREEN', 33: 'GREEN', 34: 'GREEN', 35: 'GREEN', 36: 'GREEN', 37: 'GREEN', 38: 'GREEN', 39: 'GREEN', 40: 'GREEN', 41: 'GREEN', 42: 'GREEN', 43: 'GREEN', 44: 'GREEN', 45: 'GREEN', 46: 'GREEN', 47: 'GREEN', 48: 'GREEN', 49: 'GREEN', 50: 'GREEN', 51: 'GREEN', 52: 'GREEN', 53: 'GREEN', 54: 'GREEN', 55: 'GREEN', 56: 'GREEN', 57: 'YELLOW', 58: 'VSC;YELLOW;RED_FLAG;CHEQUERED'}
2025-12-15 11:14:44 [INFO] __main__ - [compute_lap_features_for_driver] driver=16, typical_duration_s=81.8815
2025-12-15 11:14:44 [INFO] __main__ - [compute_lap_features_for_driver] driver=16 lap=1 DROP (LONG_LAP_2682.4s), status=GREEN, duration=2682.4s
2025-12-15 11:14:44 [INFO] __main__ - [compute_lap_features_for_driver] driver=16 lap=2 KEEP, status=GREEN, duration=83.0s
2025-12-15 11:14:44 [DEBUG] __main__ - [get_openf1] GET https://api.openf1.org/v1/car_data params={'session_key': 9488, 'driver_number': 16, 'date>': '2024-03-24T04:04:43.419000+00:00', 'date<': '2024-03-24T04:06:06.378000+00:00'}
2025-12-15 11:14:44 [DEBUG] __main__ - [compute_lap_features_for_driver] driver=16 lap=2, car_data rows=321
2025-12-15 11:14:44 [INFO] __main__ - [compute_lap_features_for_driver] driver=16 lap=3 KEEP, status=GREEN, duration=82.8s
2025-12-15 11:14:44 [DEBUG] __main__ - [get_openf1] GET https://api.openf1.org/v1/car_data params={'session_key': 9488, 'driver_number': 16, 'date>': '2024-03-24T04:06:06.378000+00:00', 'date<': '2024-03-24T04:07:29.213000+00:00'}
2025-12-15 11:14:45 [DEBUG] __main__ - [compute_lap_features_for_driver] driver=16 lap=3, car_data rows=321
2025-12-15 11:14:45 [INFO] __main__ - [compute_lap_features_for_driver] driver=16 lap=4 KEEP, status=GREEN, duration=82.4s
2025-12-15 11:14:45 [DEBUG] __main__ - [get_openf1] GET https://api.openf1.org/v1/car_data params={'session_key': 9488, 'driver_number': 16, 'date>': '2024-03-24T04:07:29.213000+00:00', 'date<': '2024-03-24T04:08:51.626000+00:00'}
2025-12-15 11:14:46 [DEBUG] __main__ - [compute_lap_features_for_driver] driver=16 lap=4, car_data rows=309
2025-12-15 11:14:46 [INFO] __main__ - [compute_lap_features_for_driver] driver=16 lap=5 KEEP, status=GREEN, duration=82.7s
2025-12-15 11:14:46 [DEBUG] __main__ - [get_openf1] GET https://api.openf1.org/v1/car_data params={'session_key': 9488, 'driver_number': 16, 'date>': '2024-03-24T04:08:51.626000+00:00', 'date<': '2024-03-24T04:10:14.287000+00:00'}
2025-12-15 11:14:46 [DEBUG] __main__ - [compute_lap_features_for_driver] driver=16 lap=5, car_data rows=303
2025-12-15 11:14:46 [INFO] __main__ - [compute_lap_features_for_driver] driver=16 lap=6 KEEP, status=GREEN, duration=82.7s
2025-12-15 11:14:46 [DEBUG] __main__ - [get_openf1] GET https://api.openf1.org/v1/car_data params={'session_key': 9488, 'driver_number': 16, 'date>': '2024-03-24T04:10:14.287000+00:00', 'date<': '2024-03-24T04:11:36.961000+00:00'}
2025-12-15 11:14:47 [DEBUG] __main__ - [compute_lap_features_for_driver] driver=16 lap=6, car_data rows=307
2025-12-15 11:14:47 [INFO] __main__ - [compute_lap_features_for_driver] driver=16 lap=7 KEEP, status=GREEN, duration=82.7s
2025-12-15 11:14:47 [DEBUG] __main__ - [get_openf1] GET https://api.openf1.org/v1/car_data params={'session_key': 9488, 'driver_number': 16, 'date>': '2024-03-24T04:11:36.961000+00:00', 'date<': '2024-03-24T04:12:59.682000+00:00'}
2025-12-15 11:14:48 [DEBUG] __main__ - [compute_lap_features_for_driver] driver=16 lap=7, car_data rows=324
2025-12-15 11:14:48 [INFO] __main__ - [compute_lap_features_for_driver] driver=16 lap=8 KEEP, status=GREEN, duration=82.9s
2025-12-15 11:14:48 [DEBUG] __main__ - [get_openf1] GET https://api.openf1.org/v1/car_data params={'session_key': 9488, 'driver_number': 16, 'date>': '2024-03-24T04:12:59.682000+00:00', 'date<': '2024-03-24T04:14:22.626000+00:00'}
2025-12-15 11:14:49 [DEBUG] __main__ - [compute_lap_features_for_driver] driver=16 lap=8, car_data rows=317
2025-12-15 11:14:49 [INFO] __main__ - [compute_lap_features_for_driver] driver=16 lap=9 KEEP, status=GREEN, duration=96.1s
2025-12-15 11:14:49 [DEBUG] __main__ - [get_openf1] GET https://api.openf1.org/v1/car_data params={'session_key': 9488, 'driver_number': 16, 'date>': '2024-03-24T04:14:22.626000+00:00', 'date<': '2024-03-24T04:15:58.715000+00:00'}
2025-12-15 11:14:49 [DEBUG] __main__ - [compute_lap_features_for_driver] driver=16 lap=9, car_data rows=356
2025-12-15 11:14:49 [INFO] __main__ - [compute_lap_features_for_driver] driver=16 lap=10 KEEP, status=GREEN, duration=87.9s
2025-12-15 11:14:49 [DEBUG] __main__ - [get_openf1] GET https://api.openf1.org/v1/car_data params={'session_key': 9488, 'driver_number': 16, 'date>': '2024-03-24T04:15:58.715000+00:00', 'date<': '2024-03-24T04:17:26.591000+00:00'}
2025-12-15 11:14:50 [DEBUG] __main__ - [compute_lap_features_for_driver] driver=16 lap=10, car_data rows=328
2025-12-15 11:14:50 [INFO] __main__ - [compute_lap_features_for_driver] driver=16 lap=11 KEEP, status=GREEN, duration=82.6s
2025-12-15 11:14:50 [DEBUG] __main__ - [get_openf1] GET https://api.openf1.org/v1/car_data params={'session_key': 9488, 'driver_number': 16, 'date>': '2024-03-24T04:17:26.591000+00:00', 'date<': '2024-03-24T04:18:49.190000+00:00'}
2025-12-15 11:14:51 [DEBUG] __main__ - [compute_lap_features_for_driver] driver=16 lap=11, car_data rows=315
2025-12-15 11:14:51 [INFO] __main__ - [compute_lap_features_for_driver] driver=16 lap=12 KEEP, status=GREEN, duration=81.9s
2025-12-15 11:14:51 [DEBUG] __main__ - [get_openf1] GET https://api.openf1.org/v1/car_data params={'session_key': 9488, 'driver_number': 16, 'date>': '2024-03-24T04:18:49.190000+00:00', 'date<': '2024-03-24T04:20:11.064000+00:00'}
2025-12-15 11:14:52 [DEBUG] __main__ - [compute_lap_features_for_driver] driver=16 lap=12, car_data rows=314
2025-12-15 11:14:52 [INFO] __main__ - [compute_lap_features_for_driver] driver=16 lap=13 KEEP, status=GREEN, duration=82.3s
2025-12-15 11:14:52 [DEBUG] __main__ - [get_openf1] GET https://api.openf1.org/v1/car_data params={'session_key': 9488, 'driver_number': 16, 'date>': '2024-03-24T04:20:11.064000+00:00', 'date<': '2024-03-24T04:21:33.341000+00:00'}
2025-12-15 11:14:52 [DEBUG] __main__ - [compute_lap_features_for_driver] driver=16 lap=13, car_data rows=303
2025-12-15 11:14:52 [INFO] __main__ - [compute_lap_features_for_driver] driver=16 lap=14 KEEP, status=GREEN, duration=81.9s
2025-12-15 11:14:52 [DEBUG] __main__ - [get_openf1] GET https://api.openf1.org/v1/car_data params={'session_key': 9488, 'driver_number': 16, 'date>': '2024-03-24T04:21:33.341000+00:00', 'date<': '2024-03-24T04:22:55.225000+00:00'}
2025-12-15 11:14:53 [DEBUG] __main__ - [compute_lap_features_for_driver] driver=16 lap=14, car_data rows=309
2025-12-15 11:14:53 [INFO] __main__ - [compute_lap_features_for_driver] driver=16 lap=15 KEEP, status=GREEN, duration=81.8s
2025-12-15 11:14:53 [DEBUG] __main__ - [get_openf1] GET https://api.openf1.org/v1/car_data params={'session_key': 9488, 'driver_number': 16, 'date>': '2024-03-24T04:22:55.225000+00:00', 'date<': '2024-03-24T04:24:17.009000+00:00'}
2025-12-15 11:14:55 [DEBUG] __main__ - [compute_lap_features_for_driver] driver=16 lap=15, car_data rows=307
2025-12-15 11:14:55 [INFO] __main__ - [compute_lap_features_for_driver] driver=16 lap=16 KEEP, status=GREEN, duration=82.2s
2025-12-15 11:14:55 [DEBUG] __main__ - [get_openf1] GET https://api.openf1.org/v1/car_data params={'session_key': 9488, 'driver_number': 16, 'date>': '2024-03-24T04:24:17.009000+00:00', 'date<': '2024-03-24T04:25:39.183000+00:00'}
2025-12-15 11:14:56 [DEBUG] __main__ - [compute_lap_features_for_driver] driver=16 lap=16, car_data rows=303
2025-12-15 11:14:56 [INFO] __main__ - [compute_lap_features_for_driver] driver=16 lap=17 DROP (VSC_LAP), status=VSC;YELLOW, duration=97.3s
2025-12-15 11:14:56 [INFO] __main__ - [compute_lap_features_for_driver] driver=16 lap=18 DROP (VSC_LAP), status=VSC, duration=89.0s
2025-12-15 11:14:56 [INFO] __main__ - [compute_lap_features_for_driver] driver=16 lap=19 KEEP, status=GREEN, duration=81.9s
2025-12-15 11:14:56 [DEBUG] __main__ - [get_openf1] GET https://api.openf1.org/v1/car_data params={'session_key': 9488, 'driver_number': 16, 'date>': '2024-03-24T04:28:45.542000+00:00', 'date<': '2024-03-24T04:30:07.454000+00:00'}
2025-12-15 11:14:57 [DEBUG] __main__ - [compute_lap_features_for_driver] driver=16 lap=19, car_data rows=309
2025-12-15 11:14:57 [INFO] __main__ - [compute_lap_features_for_driver] driver=16 lap=20 KEEP, status=GREEN, duration=81.9s
2025-12-15 11:14:57 [DEBUG] __main__ - [get_openf1] GET https://api.openf1.org/v1/car_data params={'session_key': 9488, 'driver_number': 16, 'date>': '2024-03-24T04:30:07.454000+00:00', 'date<': '2024-03-24T04:31:29.340000+00:00'}
2025-12-15 11:14:58 [DEBUG] __main__ - [compute_lap_features_for_driver] driver=16 lap=20, car_data rows=306
2025-12-15 11:14:58 [INFO] __main__ - [compute_lap_features_for_driver] driver=16 lap=21 KEEP, status=GREEN, duration=82.0s
2025-12-15 11:14:58 [DEBUG] __main__ - [get_openf1] GET https://api.openf1.org/v1/car_data params={'session_key': 9488, 'driver_number': 16, 'date>': '2024-03-24T04:31:29.340000+00:00', 'date<': '2024-03-24T04:32:51.362000+00:00'}
2025-12-15 11:14:59 [DEBUG] __main__ - [compute_lap_features_for_driver] driver=16 lap=21, car_data rows=308
2025-12-15 11:14:59 [INFO] __main__ - [compute_lap_features_for_driver] driver=16 lap=22 KEEP, status=GREEN, duration=81.7s
2025-12-15 11:14:59 [DEBUG] __main__ - [get_openf1] GET https://api.openf1.org/v1/car_data params={'session_key': 9488, 'driver_number': 16, 'date>': '2024-03-24T04:32:51.362000+00:00', 'date<': '2024-03-24T04:34:13.099000+00:00'}
2025-12-15 11:15:00 [DEBUG] __main__ - [compute_lap_features_for_driver] driver=16 lap=22, car_data rows=297
2025-12-15 11:15:00 [INFO] __main__ - [compute_lap_features_for_driver] driver=16 lap=23 KEEP, status=GREEN, duration=81.9s
2025-12-15 11:15:00 [DEBUG] __main__ - [get_openf1] GET https://api.openf1.org/v1/car_data params={'session_key': 9488, 'driver_number': 16, 'date>': '2024-03-24T04:34:13.099000+00:00', 'date<': '2024-03-24T04:35:35.047000+00:00'}
2025-12-15 11:15:00 [DEBUG] __main__ - [compute_lap_features_for_driver] driver=16 lap=23, car_data rows=304
2025-12-15 11:15:00 [INFO] __main__ - [compute_lap_features_for_driver] driver=16 lap=24 KEEP, status=GREEN, duration=81.9s
2025-12-15 11:15:00 [DEBUG] __main__ - [get_openf1] GET https://api.openf1.org/v1/car_data params={'session_key': 9488, 'driver_number': 16, 'date>': '2024-03-24T04:35:35.047000+00:00', 'date<': '2024-03-24T04:36:56.920000+00:00'}
2025-12-15 11:15:01 [DEBUG] __main__ - [compute_lap_features_for_driver] driver=16 lap=24, car_data rows=304
2025-12-15 11:15:01 [INFO] __main__ - [compute_lap_features_for_driver] driver=16 lap=25 KEEP, status=GREEN, duration=81.9s
2025-12-15 11:15:01 [DEBUG] __main__ - [get_openf1] GET https://api.openf1.org/v1/car_data params={'session_key': 9488, 'driver_number': 16, 'date>': '2024-03-24T04:36:56.920000+00:00', 'date<': '2024-03-24T04:38:18.780000+00:00'}
2025-12-15 11:15:01 [DEBUG] __main__ - [compute_lap_features_for_driver] driver=16 lap=25, car_data rows=316
2025-12-15 11:15:01 [INFO] __main__ - [compute_lap_features_for_driver] driver=16 lap=26 KEEP, status=GREEN, duration=82.1s
2025-12-15 11:15:01 [DEBUG] __main__ - [get_openf1] GET https://api.openf1.org/v1/car_data params={'session_key': 9488, 'driver_number': 16, 'date>': '2024-03-24T04:38:18.780000+00:00', 'date<': '2024-03-24T04:39:40.900000+00:00'}
2025-12-15 11:15:02 [DEBUG] __main__ - [compute_lap_features_for_driver] driver=16 lap=26, car_data rows=304
2025-12-15 11:15:02 [INFO] __main__ - [compute_lap_features_for_driver] driver=16 lap=27 KEEP, status=GREEN, duration=81.9s
2025-12-15 11:15:02 [DEBUG] __main__ - [get_openf1] GET https://api.openf1.org/v1/car_data params={'session_key': 9488, 'driver_number': 16, 'date>': '2024-03-24T04:39:40.900000+00:00', 'date<': '2024-03-24T04:41:02.779000+00:00'}
2025-12-15 11:15:03 [DEBUG] __main__ - [compute_lap_features_for_driver] driver=16 lap=27, car_data rows=302
2025-12-15 11:15:03 [INFO] __main__ - [compute_lap_features_for_driver] driver=16 lap=28 KEEP, status=GREEN, duration=81.9s
2025-12-15 11:15:03 [DEBUG] __main__ - [get_openf1] GET https://api.openf1.org/v1/car_data params={'session_key': 9488, 'driver_number': 16, 'date>': '2024-03-24T04:41:02.779000+00:00', 'date<': '2024-03-24T04:42:24.666000+00:00'}
2025-12-15 11:15:03 [DEBUG] __main__ - [compute_lap_features_for_driver] driver=16 lap=28, car_data rows=306
2025-12-15 11:15:03 [INFO] __main__ - [compute_lap_features_for_driver] driver=16 lap=29 KEEP, status=GREEN, duration=82.3s
2025-12-15 11:15:03 [DEBUG] __main__ - [get_openf1] GET https://api.openf1.org/v1/car_data params={'session_key': 9488, 'driver_number': 16, 'date>': '2024-03-24T04:42:24.666000+00:00', 'date<': '2024-03-24T04:43:47.013000+00:00'}
2025-12-15 11:15:04 [DEBUG] __main__ - [compute_lap_features_for_driver] driver=16 lap=29, car_data rows=304
2025-12-15 11:15:04 [INFO] __main__ - [compute_lap_features_for_driver] driver=16 lap=30 KEEP, status=GREEN, duration=82.5s
2025-12-15 11:15:04 [DEBUG] __main__ - [get_openf1] GET https://api.openf1.org/v1/car_data params={'session_key': 9488, 'driver_number': 16, 'date>': '2024-03-24T04:43:47.013000+00:00', 'date<': '2024-03-24T04:45:09.475000+00:00'}
2025-12-15 11:15:05 [DEBUG] __main__ - [compute_lap_features_for_driver] driver=16 lap=30, car_data rows=307
2025-12-15 11:15:05 [INFO] __main__ - [compute_lap_features_for_driver] driver=16 lap=31 KEEP, status=GREEN, duration=81.9s
2025-12-15 11:15:05 [DEBUG] __main__ - [get_openf1] GET https://api.openf1.org/v1/car_data params={'session_key': 9488, 'driver_number': 16, 'date>': '2024-03-24T04:45:09.475000+00:00', 'date<': '2024-03-24T04:46:31.382000+00:00'}
2025-12-15 11:15:05 [DEBUG] __main__ - [compute_lap_features_for_driver] driver=16 lap=31, car_data rows=308
2025-12-15 11:15:05 [INFO] __main__ - [compute_lap_features_for_driver] driver=16 lap=32 KEEP, status=GREEN, duration=81.8s
2025-12-15 11:15:05 [DEBUG] __main__ - [get_openf1] GET https://api.openf1.org/v1/car_data params={'session_key': 9488, 'driver_number': 16, 'date>': '2024-03-24T04:46:31.382000+00:00', 'date<': '2024-03-24T04:47:53.213000+00:00'}
2025-12-15 11:15:06 [DEBUG] __main__ - [compute_lap_features_for_driver] driver=16 lap=32, car_data rows=311
2025-12-15 11:15:06 [INFO] __main__ - [compute_lap_features_for_driver] driver=16 lap=33 KEEP, status=GREEN, duration=82.0s
2025-12-15 11:15:06 [DEBUG] __main__ - [get_openf1] GET https://api.openf1.org/v1/car_data params={'session_key': 9488, 'driver_number': 16, 'date>': '2024-03-24T04:47:53.213000+00:00', 'date<': '2024-03-24T04:49:15.189000+00:00'}
2025-12-15 11:15:06 [DEBUG] __main__ - [compute_lap_features_for_driver] driver=16 lap=33, car_data rows=307
2025-12-15 11:15:06 [INFO] __main__ - [compute_lap_features_for_driver] driver=16 lap=34 KEEP, status=GREEN, duration=96.1s
2025-12-15 11:15:06 [DEBUG] __main__ - [get_openf1] GET https://api.openf1.org/v1/car_data params={'session_key': 9488, 'driver_number': 16, 'date>': '2024-03-24T04:49:15.189000+00:00', 'date<': '2024-03-24T04:50:51.307000+00:00'}
2025-12-15 11:15:07 [DEBUG] __main__ - [compute_lap_features_for_driver] driver=16 lap=34, car_data rows=371
2025-12-15 11:15:07 [INFO] __main__ - [compute_lap_features_for_driver] driver=16 lap=35 KEEP, status=GREEN, duration=87.8s
2025-12-15 11:15:07 [DEBUG] __main__ - [get_openf1] GET https://api.openf1.org/v1/car_data params={'session_key': 9488, 'driver_number': 16, 'date>': '2024-03-24T04:50:51.307000+00:00', 'date<': '2024-03-24T04:52:19.123000+00:00'}
2025-12-15 11:15:08 [DEBUG] __main__ - [compute_lap_features_for_driver] driver=16 lap=35, car_data rows=335
2025-12-15 11:15:08 [INFO] __main__ - [compute_lap_features_for_driver] driver=16 lap=36 KEEP, status=GREEN, duration=82.0s
2025-12-15 11:15:08 [DEBUG] __main__ - [get_openf1] GET https://api.openf1.org/v1/car_data params={'session_key': 9488, 'driver_number': 16, 'date>': '2024-03-24T04:52:19.123000+00:00', 'date<': '2024-03-24T04:53:41.102000+00:00'}
2025-12-15 11:15:08 [DEBUG] __main__ - [compute_lap_features_for_driver] driver=16 lap=36, car_data rows=300
2025-12-15 11:15:08 [INFO] __main__ - [compute_lap_features_for_driver] driver=16 lap=37 KEEP, status=GREEN, duration=80.9s
2025-12-15 11:15:08 [DEBUG] __main__ - [get_openf1] GET https://api.openf1.org/v1/car_data params={'session_key': 9488, 'driver_number': 16, 'date>': '2024-03-24T04:53:41.102000+00:00', 'date<': '2024-03-24T04:55:01.959000+00:00'}
2025-12-15 11:15:09 [DEBUG] __main__ - [compute_lap_features_for_driver] driver=16 lap=37, car_data rows=294
2025-12-15 11:15:09 [INFO] __main__ - [compute_lap_features_for_driver] driver=16 lap=38 KEEP, status=GREEN, duration=80.8s
2025-12-15 11:15:09 [DEBUG] __main__ - [get_openf1] GET https://api.openf1.org/v1/car_data params={'session_key': 9488, 'driver_number': 16, 'date>': '2024-03-24T04:55:01.959000+00:00', 'date<': '2024-03-24T04:56:22.733000+00:00'}
2025-12-15 11:15:09 [DEBUG] __main__ - [compute_lap_features_for_driver] driver=16 lap=38, car_data rows=298
2025-12-15 11:15:09 [INFO] __main__ - [compute_lap_features_for_driver] driver=16 lap=39 KEEP, status=GREEN, duration=80.8s
2025-12-15 11:15:09 [DEBUG] __main__ - [get_openf1] GET https://api.openf1.org/v1/car_data params={'session_key': 9488, 'driver_number': 16, 'date>': '2024-03-24T04:56:22.733000+00:00', 'date<': '2024-03-24T04:57:43.559000+00:00'}
2025-12-15 11:15:10 [DEBUG] __main__ - [compute_lap_features_for_driver] driver=16 lap=39, car_data rows=310
2025-12-15 11:15:10 [INFO] __main__ - [compute_lap_features_for_driver] driver=16 lap=40 KEEP, status=GREEN, duration=81.0s
2025-12-15 11:15:10 [DEBUG] __main__ - [get_openf1] GET https://api.openf1.org/v1/car_data params={'session_key': 9488, 'driver_number': 16, 'date>': '2024-03-24T04:57:43.559000+00:00', 'date<': '2024-03-24T04:59:04.571000+00:00'}
2025-12-15 11:15:10 [DEBUG] __main__ - [compute_lap_features_for_driver] driver=16 lap=40, car_data rows=304
2025-12-15 11:15:10 [INFO] __main__ - [compute_lap_features_for_driver] driver=16 lap=41 KEEP, status=GREEN, duration=80.6s
2025-12-15 11:15:10 [DEBUG] __main__ - [get_openf1] GET https://api.openf1.org/v1/car_data params={'session_key': 9488, 'driver_number': 16, 'date>': '2024-03-24T04:59:04.571000+00:00', 'date<': '2024-03-24T05:00:25.180000+00:00'}
2025-12-15 11:15:11 [DEBUG] __main__ - [compute_lap_features_for_driver] driver=16 lap=41, car_data rows=303
2025-12-15 11:15:11 [INFO] __main__ - [compute_lap_features_for_driver] driver=16 lap=42 KEEP, status=GREEN, duration=80.9s
2025-12-15 11:15:11 [DEBUG] __main__ - [get_openf1] GET https://api.openf1.org/v1/car_data params={'session_key': 9488, 'driver_number': 16, 'date>': '2024-03-24T05:00:25.180000+00:00', 'date<': '2024-03-24T05:01:46.128000+00:00'}
2025-12-15 11:15:13 [DEBUG] __main__ - [compute_lap_features_for_driver] driver=16 lap=42, car_data rows=302
2025-12-15 11:15:13 [INFO] __main__ - [compute_lap_features_for_driver] driver=16 lap=43 KEEP, status=GREEN, duration=80.9s
2025-12-15 11:15:13 [DEBUG] __main__ - [get_openf1] GET https://api.openf1.org/v1/car_data params={'session_key': 9488, 'driver_number': 16, 'date>': '2024-03-24T05:01:46.128000+00:00', 'date<': '2024-03-24T05:03:07.029000+00:00'}
2025-12-15 11:15:13 [DEBUG] __main__ - [compute_lap_features_for_driver] driver=16 lap=43, car_data rows=296
2025-12-15 11:15:13 [INFO] __main__ - [compute_lap_features_for_driver] driver=16 lap=44 KEEP, status=GREEN, duration=80.6s
2025-12-15 11:15:13 [DEBUG] __main__ - [get_openf1] GET https://api.openf1.org/v1/car_data params={'session_key': 9488, 'driver_number': 16, 'date>': '2024-03-24T05:03:07.029000+00:00', 'date<': '2024-03-24T05:04:27.582000+00:00'}
2025-12-15 11:15:14 [DEBUG] __main__ - [compute_lap_features_for_driver] driver=16 lap=44, car_data rows=305
2025-12-15 11:15:14 [INFO] __main__ - [compute_lap_features_for_driver] driver=16 lap=45 KEEP, status=GREEN, duration=80.4s
2025-12-15 11:15:14 [DEBUG] __main__ - [get_openf1] GET https://api.openf1.org/v1/car_data params={'session_key': 9488, 'driver_number': 16, 'date>': '2024-03-24T05:04:27.582000+00:00', 'date<': '2024-03-24T05:05:47.951000+00:00'}
2025-12-15 11:15:15 [DEBUG] __main__ - [compute_lap_features_for_driver] driver=16 lap=45, car_data rows=300
2025-12-15 11:15:15 [INFO] __main__ - [compute_lap_features_for_driver] driver=16 lap=46 KEEP, status=GREEN, duration=80.9s
2025-12-15 11:15:15 [DEBUG] __main__ - [get_openf1] GET https://api.openf1.org/v1/car_data params={'session_key': 9488, 'driver_number': 16, 'date>': '2024-03-24T05:05:47.951000+00:00', 'date<': '2024-03-24T05:07:08.828000+00:00'}
2025-12-15 11:15:15 [DEBUG] __main__ - [compute_lap_features_for_driver] driver=16 lap=46, car_data rows=293
2025-12-15 11:15:15 [INFO] __main__ - [compute_lap_features_for_driver] driver=16 lap=47 KEEP, status=GREEN, duration=79.8s
2025-12-15 11:15:15 [DEBUG] __main__ - [get_openf1] GET https://api.openf1.org/v1/car_data params={'session_key': 9488, 'driver_number': 16, 'date>': '2024-03-24T05:07:08.828000+00:00', 'date<': '2024-03-24T05:08:28.644000+00:00'}
2025-12-15 11:15:16 [DEBUG] __main__ - [compute_lap_features_for_driver] driver=16 lap=47, car_data rows=303
2025-12-15 11:15:16 [INFO] __main__ - [compute_lap_features_for_driver] driver=16 lap=48 KEEP, status=GREEN, duration=80.4s
2025-12-15 11:15:16 [DEBUG] __main__ - [get_openf1] GET https://api.openf1.org/v1/car_data params={'session_key': 9488, 'driver_number': 16, 'date>': '2024-03-24T05:08:28.644000+00:00', 'date<': '2024-03-24T05:09:49.002000+00:00'}
2025-12-15 11:15:16 [DEBUG] __main__ - [compute_lap_features_for_driver] driver=16 lap=48, car_data rows=305
2025-12-15 11:15:16 [INFO] __main__ - [compute_lap_features_for_driver] driver=16 lap=49 KEEP, status=GREEN, duration=80.1s
2025-12-15 11:15:16 [DEBUG] __main__ - [get_openf1] GET https://api.openf1.org/v1/car_data params={'session_key': 9488, 'driver_number': 16, 'date>': '2024-03-24T05:09:49.002000+00:00', 'date<': '2024-03-24T05:11:09.134000+00:00'}
2025-12-15 11:15:17 [DEBUG] __main__ - [compute_lap_features_for_driver] driver=16 lap=49, car_data rows=313
2025-12-15 11:15:17 [INFO] __main__ - [compute_lap_features_for_driver] driver=16 lap=50 KEEP, status=GREEN, duration=80.0s
2025-12-15 11:15:17 [DEBUG] __main__ - [get_openf1] GET https://api.openf1.org/v1/car_data params={'session_key': 9488, 'driver_number': 16, 'date>': '2024-03-24T05:11:09.134000+00:00', 'date<': '2024-03-24T05:12:29.087000+00:00'}
2025-12-15 11:15:17 [DEBUG] __main__ - [compute_lap_features_for_driver] driver=16 lap=50, car_data rows=301
2025-12-15 11:15:17 [INFO] __main__ - [compute_lap_features_for_driver] driver=16 lap=51 KEEP, status=GREEN, duration=80.2s
2025-12-15 11:15:17 [DEBUG] __main__ - [get_openf1] GET https://api.openf1.org/v1/car_data params={'session_key': 9488, 'driver_number': 16, 'date>': '2024-03-24T05:12:29.087000+00:00', 'date<': '2024-03-24T05:13:49.299000+00:00'}
2025-12-15 11:15:18 [DEBUG] __main__ - [compute_lap_features_for_driver] driver=16 lap=51, car_data rows=305
2025-12-15 11:15:18 [INFO] __main__ - [compute_lap_features_for_driver] driver=16 lap=52 KEEP, status=GREEN, duration=80.4s
2025-12-15 11:15:18 [DEBUG] __main__ - [get_openf1] GET https://api.openf1.org/v1/car_data params={'session_key': 9488, 'driver_number': 16, 'date>': '2024-03-24T05:13:49.299000+00:00', 'date<': '2024-03-24T05:15:09.688000+00:00'}
2025-12-15 11:15:19 [DEBUG] __main__ - [compute_lap_features_for_driver] driver=16 lap=52, car_data rows=311
2025-12-15 11:15:19 [INFO] __main__ - [compute_lap_features_for_driver] driver=16 lap=53 KEEP, status=GREEN, duration=80.5s
2025-12-15 11:15:19 [DEBUG] __main__ - [get_openf1] GET https://api.openf1.org/v1/car_data params={'session_key': 9488, 'driver_number': 16, 'date>': '2024-03-24T05:15:09.688000+00:00', 'date<': '2024-03-24T05:16:30.170000+00:00'}
2025-12-15 11:15:19 [DEBUG] __main__ - [compute_lap_features_for_driver] driver=16 lap=53, car_data rows=306
2025-12-15 11:15:19 [INFO] __main__ - [compute_lap_features_for_driver] driver=16 lap=54 KEEP, status=GREEN, duration=80.3s
2025-12-15 11:15:19 [DEBUG] __main__ - [get_openf1] GET https://api.openf1.org/v1/car_data params={'session_key': 9488, 'driver_number': 16, 'date>': '2024-03-24T05:16:30.170000+00:00', 'date<': '2024-03-24T05:17:50.464000+00:00'}
2025-12-15 11:15:20 [DEBUG] __main__ - [compute_lap_features_for_driver] driver=16 lap=54, car_data rows=305
2025-12-15 11:15:20 [INFO] __main__ - [compute_lap_features_for_driver] driver=16 lap=55 KEEP, status=GREEN, duration=81.0s
2025-12-15 11:15:20 [DEBUG] __main__ - [get_openf1] GET https://api.openf1.org/v1/car_data params={'session_key': 9488, 'driver_number': 16, 'date>': '2024-03-24T05:17:50.464000+00:00', 'date<': '2024-03-24T05:19:11.454000+00:00'}
2025-12-15 11:15:20 [DEBUG] __main__ - [compute_lap_features_for_driver] driver=16 lap=55, car_data rows=308
2025-12-15 11:15:20 [INFO] __main__ - [compute_lap_features_for_driver] driver=16 lap=56 KEEP, status=GREEN, duration=80.0s
2025-12-15 11:15:20 [DEBUG] __main__ - [get_openf1] GET https://api.openf1.org/v1/car_data params={'session_key': 9488, 'driver_number': 16, 'date>': '2024-03-24T05:19:11.454000+00:00', 'date<': '2024-03-24T05:20:31.442000+00:00'}
2025-12-15 11:15:21 [DEBUG] __main__ - [compute_lap_features_for_driver] driver=16 lap=56, car_data rows=288
2025-12-15 11:15:21 [INFO] __main__ - [compute_lap_features_for_driver] driver=16 lap=57 DROP (YELLOW_FLAG_LAP), status=YELLOW, duration=80.6s
2025-12-15 11:15:21 [INFO] __main__ - [compute_lap_features_for_driver] driver=16 lap=58 DROP (VSC_LAP), status=VSC;YELLOW;RED_FLAG;CHEQUERED, duration=nans
2025-12-15 11:15:21 [INFO] __main__ - [compute_lap_features_for_driver] driver=16, feature laps=[2, 3, 4, 5, 6, 7, 8, 9, 10, 11, 12, 13, 14, 15, 16, 19, 20, 21, 22, 23, 24, 25, 26, 27, 28, 29, 30, 31, 32, 33, 34, 35, 36, 37, 38, 39, 40, 41, 42, 43, 44, 45, 46, 47, 48, 49, 50, 51, 52, 53, 54, 55, 56]
2025-12-15 11:15:21 [INFO] __main__ - [build_driver_style_embedding_json] compute features for driver=63
2025-12-15 11:15:21 [DEBUG] __main__ - [get_openf1] GET https://api.openf1.org/v1/laps params={'session_key': 9488, 'driver_number': 63}
2025-12-15 11:15:22 [DEBUG] __main__ - [get_openf1] GET https://api.openf1.org/v1/sessions params={'session_key': 9488}
2025-12-15 11:15:22 [INFO] __main__ - [fetch_session_start] session_key=9488, date_start=2024-03-24 04:00:00+00:00
2025-12-15 11:15:22 [INFO] __main__ - [fetch_race_start_time] use first GREEN as race_start: 2024-03-24 03:20:01+00:00
2025-12-15 11:15:22 [INFO] __main__ - [fetch_laps] fill lap 1 date_start with race_start=2024-03-24 03:20:01+00:00
2025-12-15 11:15:22 [INFO] __main__ - [fetch_laps] driver=63, laps: min=1, max=57, count=57
2025-12-15 11:15:22 [DEBUG] __main__ - [fetch_laps] head:
   meeting_key  session_key  ...  st_speed  lap_duration_s
0         1231         9488  ...     235.0        2683.721
1         1231         9488  ...     300.0          83.415
2         1231         9488  ...     308.0          83.013
3         1231         9488  ...     293.0          83.544
4         1231         9488  ...     291.0          83.196

[5 rows x 17 columns]
2025-12-15 11:15:22 [DEBUG] __main__ - [build_lap_status_mapping] status_by_lap={1: 'GREEN', 2: 'GREEN', 3: 'GREEN', 4: 'GREEN', 5: 'GREEN', 6: 'GREEN', 7: 'GREEN', 8: 'GREEN', 9: 'GREEN', 10: 'GREEN', 11: 'GREEN', 12: 'GREEN', 13: 'GREEN', 14: 'GREEN', 15: 'GREEN', 16: 'GREEN', 17: 'VSC;YELLOW', 18: 'GREEN', 19: 'GREEN', 20: 'GREEN', 21: 'GREEN', 22: 'GREEN', 23: 'GREEN', 24: 'GREEN', 25: 'GREEN', 26: 'GREEN', 27: 'GREEN', 28: 'GREEN', 29: 'GREEN', 30: 'GREEN', 31: 'GREEN', 32: 'GREEN', 33: 'GREEN', 34: 'GREEN', 35: 'GREEN', 36: 'GREEN', 37: 'GREEN', 38: 'GREEN', 39: 'GREEN', 40: 'GREEN', 41: 'GREEN', 42: 'GREEN', 43: 'GREEN', 44: 'GREEN', 45: 'GREEN', 46: 'GREEN', 47: 'GREEN', 48: 'GREEN', 49: 'GREEN', 50: 'GREEN', 51: 'GREEN', 52: 'GREEN', 53: 'GREEN', 54: 'GREEN', 55: 'GREEN', 56: 'GREEN', 57: 'VSC;YELLOW;RED_FLAG;CHEQUERED'}
2025-12-15 11:15:22 [INFO] __main__ - [compute_lap_features_for_driver] driver=63, typical_duration_s=82.661
2025-12-15 11:15:22 [INFO] __main__ - [compute_lap_features_for_driver] driver=63 lap=1 DROP (LONG_LAP_2683.7s), status=GREEN, duration=2683.7s
2025-12-15 11:15:22 [INFO] __main__ - [compute_lap_features_for_driver] driver=63 lap=2 KEEP, status=GREEN, duration=83.4s
2025-12-15 11:15:22 [DEBUG] __main__ - [get_openf1] GET https://api.openf1.org/v1/car_data params={'session_key': 9488, 'driver_number': 63, 'date>': '2024-03-24T04:04:44.721000+00:00', 'date<': '2024-03-24T04:06:08.136000+00:00'}
2025-12-15 11:15:23 [DEBUG] __main__ - [compute_lap_features_for_driver] driver=63 lap=2, car_data rows=323
2025-12-15 11:15:23 [INFO] __main__ - [compute_lap_features_for_driver] driver=63 lap=3 KEEP, status=GREEN, duration=83.0s
2025-12-15 11:15:23 [DEBUG] __main__ - [get_openf1] GET https://api.openf1.org/v1/car_data params={'session_key': 9488, 'driver_number': 63, 'date>': '2024-03-24T04:06:08.136000+00:00', 'date<': '2024-03-24T04:07:31.149000+00:00'}
2025-12-15 11:15:24 [DEBUG] __main__ - [compute_lap_features_for_driver] driver=63 lap=3, car_data rows=321
2025-12-15 11:15:24 [INFO] __main__ - [compute_lap_features_for_driver] driver=63 lap=4 KEEP, status=GREEN, duration=83.5s
2025-12-15 11:15:24 [DEBUG] __main__ - [get_openf1] GET https://api.openf1.org/v1/car_data params={'session_key': 9488, 'driver_number': 63, 'date>': '2024-03-24T04:07:31.149000+00:00', 'date<': '2024-03-24T04:08:54.693000+00:00'}
2025-12-15 11:15:24 [DEBUG] __main__ - [compute_lap_features_for_driver] driver=63 lap=4, car_data rows=314
2025-12-15 11:15:24 [INFO] __main__ - [compute_lap_features_for_driver] driver=63 lap=5 KEEP, status=GREEN, duration=83.2s
2025-12-15 11:15:24 [DEBUG] __main__ - [get_openf1] GET https://api.openf1.org/v1/car_data params={'session_key': 9488, 'driver_number': 63, 'date>': '2024-03-24T04:08:54.693000+00:00', 'date<': '2024-03-24T04:10:17.889000+00:00'}
2025-12-15 11:15:25 [DEBUG] __main__ - [compute_lap_features_for_driver] driver=63 lap=5, car_data rows=305
2025-12-15 11:15:25 [INFO] __main__ - [compute_lap_features_for_driver] driver=63 lap=6 KEEP, status=GREEN, duration=83.1s
2025-12-15 11:15:25 [DEBUG] __main__ - [get_openf1] GET https://api.openf1.org/v1/car_data params={'session_key': 9488, 'driver_number': 63, 'date>': '2024-03-24T04:10:17.889000+00:00', 'date<': '2024-03-24T04:11:40.989000+00:00'}
2025-12-15 11:15:26 [DEBUG] __main__ - [compute_lap_features_for_driver] driver=63 lap=6, car_data rows=311
2025-12-15 11:15:26 [INFO] __main__ - [compute_lap_features_for_driver] driver=63 lap=7 KEEP, status=GREEN, duration=82.7s
2025-12-15 11:15:26 [DEBUG] __main__ - [get_openf1] GET https://api.openf1.org/v1/car_data params={'session_key': 9488, 'driver_number': 63, 'date>': '2024-03-24T04:11:40.989000+00:00', 'date<': '2024-03-24T04:13:03.719000+00:00'}
2025-12-15 11:15:27 [DEBUG] __main__ - [compute_lap_features_for_driver] driver=63 lap=7, car_data rows=319
2025-12-15 11:15:27 [INFO] __main__ - [compute_lap_features_for_driver] driver=63 lap=8 KEEP, status=GREEN, duration=97.1s
2025-12-15 11:15:27 [DEBUG] __main__ - [get_openf1] GET https://api.openf1.org/v1/car_data params={'session_key': 9488, 'driver_number': 63, 'date>': '2024-03-24T04:13:03.719000+00:00', 'date<': '2024-03-24T04:14:40.843000+00:00'}
2025-12-15 11:15:27 [DEBUG] __main__ - [compute_lap_features_for_driver] driver=63 lap=8, car_data rows=372
2025-12-15 11:15:27 [INFO] __main__ - [compute_lap_features_for_driver] driver=63 lap=9 KEEP, status=GREEN, duration=88.2s
2025-12-15 11:15:27 [DEBUG] __main__ - [get_openf1] GET https://api.openf1.org/v1/car_data params={'session_key': 9488, 'driver_number': 63, 'date>': '2024-03-24T04:14:40.843000+00:00', 'date<': '2024-03-24T04:16:09.084000+00:00'}
2025-12-15 11:15:28 [DEBUG] __main__ - [compute_lap_features_for_driver] driver=63 lap=9, car_data rows=327
2025-12-15 11:15:28 [INFO] __main__ - [compute_lap_features_for_driver] driver=63 lap=10 KEEP, status=GREEN, duration=82.7s
2025-12-15 11:15:28 [DEBUG] __main__ - [get_openf1] GET https://api.openf1.org/v1/car_data params={'session_key': 9488, 'driver_number': 63, 'date>': '2024-03-24T04:16:09.084000+00:00', 'date<': '2024-03-24T04:17:31.745000+00:00'}
2025-12-15 11:15:29 [DEBUG] __main__ - [compute_lap_features_for_driver] driver=63 lap=10, car_data rows=310
2025-12-15 11:15:29 [INFO] __main__ - [compute_lap_features_for_driver] driver=63 lap=11 KEEP, status=GREEN, duration=82.8s
2025-12-15 11:15:29 [DEBUG] __main__ - [get_openf1] GET https://api.openf1.org/v1/car_data params={'session_key': 9488, 'driver_number': 63, 'date>': '2024-03-24T04:17:31.745000+00:00', 'date<': '2024-03-24T04:18:54.555000+00:00'}
2025-12-15 11:15:29 [DEBUG] __main__ - [compute_lap_features_for_driver] driver=63 lap=11, car_data rows=316
2025-12-15 11:15:29 [INFO] __main__ - [compute_lap_features_for_driver] driver=63 lap=12 KEEP, status=GREEN, duration=82.9s
2025-12-15 11:15:29 [DEBUG] __main__ - [get_openf1] GET https://api.openf1.org/v1/car_data params={'session_key': 9488, 'driver_number': 63, 'date>': '2024-03-24T04:18:54.555000+00:00', 'date<': '2024-03-24T04:20:17.459000+00:00'}
2025-12-15 11:15:30 [DEBUG] __main__ - [compute_lap_features_for_driver] driver=63 lap=12, car_data rows=314
2025-12-15 11:15:30 [INFO] __main__ - [compute_lap_features_for_driver] driver=63 lap=13 KEEP, status=GREEN, duration=83.5s
2025-12-15 11:15:30 [DEBUG] __main__ - [get_openf1] GET https://api.openf1.org/v1/car_data params={'session_key': 9488, 'driver_number': 63, 'date>': '2024-03-24T04:20:17.459000+00:00', 'date<': '2024-03-24T04:21:40.933000+00:00'}
2025-12-15 11:15:31 [DEBUG] __main__ - [compute_lap_features_for_driver] driver=63 lap=13, car_data rows=311
2025-12-15 11:15:31 [INFO] __main__ - [compute_lap_features_for_driver] driver=63 lap=14 KEEP, status=GREEN, duration=83.4s
2025-12-15 11:15:31 [DEBUG] __main__ - [get_openf1] GET https://api.openf1.org/v1/car_data params={'session_key': 9488, 'driver_number': 63, 'date>': '2024-03-24T04:21:40.933000+00:00', 'date<': '2024-03-24T04:23:04.310000+00:00'}
2025-12-15 11:15:31 [DEBUG] __main__ - [compute_lap_features_for_driver] driver=63 lap=14, car_data rows=314
2025-12-15 11:15:31 [INFO] __main__ - [compute_lap_features_for_driver] driver=63 lap=15 KEEP, status=GREEN, duration=84.1s
2025-12-15 11:15:31 [DEBUG] __main__ - [get_openf1] GET https://api.openf1.org/v1/car_data params={'session_key': 9488, 'driver_number': 63, 'date>': '2024-03-24T04:23:04.310000+00:00', 'date<': '2024-03-24T04:24:28.411000+00:00'}
2025-12-15 11:15:32 [DEBUG] __main__ - [compute_lap_features_for_driver] driver=63 lap=15, car_data rows=313
2025-12-15 11:15:32 [INFO] __main__ - [compute_lap_features_for_driver] driver=63 lap=16 KEEP, status=GREEN, duration=83.3s
2025-12-15 11:15:32 [DEBUG] __main__ - [get_openf1] GET https://api.openf1.org/v1/car_data params={'session_key': 9488, 'driver_number': 63, 'date>': '2024-03-24T04:24:28.411000+00:00', 'date<': '2024-03-24T04:25:51.667000+00:00'}
2025-12-15 11:15:33 [DEBUG] __main__ - [compute_lap_features_for_driver] driver=63 lap=16, car_data rows=310
2025-12-15 11:15:33 [INFO] __main__ - [compute_lap_features_for_driver] driver=63 lap=17 DROP (VSC_LAP), status=VSC;YELLOW, duration=101.5s
2025-12-15 11:15:33 [INFO] __main__ - [compute_lap_features_for_driver] driver=63 lap=18 KEEP, status=GREEN, duration=87.2s
2025-12-15 11:15:33 [DEBUG] __main__ - [get_openf1] GET https://api.openf1.org/v1/car_data params={'session_key': 9488, 'driver_number': 63, 'date>': '2024-03-24T04:27:33.160000+00:00', 'date<': '2024-03-24T04:29:00.369000+00:00'}
2025-12-15 11:15:34 [DEBUG] __main__ - [compute_lap_features_for_driver] driver=63 lap=18, car_data rows=324
2025-12-15 11:15:34 [INFO] __main__ - [compute_lap_features_for_driver] driver=63 lap=19 KEEP, status=GREEN, duration=82.5s
2025-12-15 11:15:34 [DEBUG] __main__ - [get_openf1] GET https://api.openf1.org/v1/car_data params={'session_key': 9488, 'driver_number': 63, 'date>': '2024-03-24T04:29:00.369000+00:00', 'date<': '2024-03-24T04:30:22.873000+00:00'}
2025-12-15 11:15:35 [DEBUG] __main__ - [compute_lap_features_for_driver] driver=63 lap=19, car_data rows=312
2025-12-15 11:15:35 [INFO] __main__ - [compute_lap_features_for_driver] driver=63 lap=20 KEEP, status=GREEN, duration=82.4s
2025-12-15 11:15:35 [DEBUG] __main__ - [get_openf1] GET https://api.openf1.org/v1/car_data params={'session_key': 9488, 'driver_number': 63, 'date>': '2024-03-24T04:30:22.873000+00:00', 'date<': '2024-03-24T04:31:45.280000+00:00'}
2025-12-15 11:15:36 [DEBUG] __main__ - [compute_lap_features_for_driver] driver=63 lap=20, car_data rows=306
2025-12-15 11:15:36 [INFO] __main__ - [compute_lap_features_for_driver] driver=63 lap=21 KEEP, status=GREEN, duration=83.5s
2025-12-15 11:15:36 [DEBUG] __main__ - [get_openf1] GET https://api.openf1.org/v1/car_data params={'session_key': 9488, 'driver_number': 63, 'date>': '2024-03-24T04:31:45.280000+00:00', 'date<': '2024-03-24T04:33:08.731000+00:00'}
2025-12-15 11:15:36 [DEBUG] __main__ - [compute_lap_features_for_driver] driver=63 lap=21, car_data rows=311
2025-12-15 11:15:36 [INFO] __main__ - [compute_lap_features_for_driver] driver=63 lap=22 KEEP, status=GREEN, duration=82.8s
2025-12-15 11:15:36 [DEBUG] __main__ - [get_openf1] GET https://api.openf1.org/v1/car_data params={'session_key': 9488, 'driver_number': 63, 'date>': '2024-03-24T04:33:08.731000+00:00', 'date<': '2024-03-24T04:34:31.481000+00:00'}
2025-12-15 11:15:37 [DEBUG] __main__ - [compute_lap_features_for_driver] driver=63 lap=22, car_data rows=302
2025-12-15 11:15:37 [INFO] __main__ - [compute_lap_features_for_driver] driver=63 lap=23 KEEP, status=GREEN, duration=83.1s
2025-12-15 11:15:37 [DEBUG] __main__ - [get_openf1] GET https://api.openf1.org/v1/car_data params={'session_key': 9488, 'driver_number': 63, 'date>': '2024-03-24T04:34:31.481000+00:00', 'date<': '2024-03-24T04:35:54.568000+00:00'}
2025-12-15 11:15:38 [DEBUG] __main__ - [compute_lap_features_for_driver] driver=63 lap=23, car_data rows=309
2025-12-15 11:15:38 [INFO] __main__ - [compute_lap_features_for_driver] driver=63 lap=24 KEEP, status=GREEN, duration=82.9s
2025-12-15 11:15:38 [DEBUG] __main__ - [get_openf1] GET https://api.openf1.org/v1/car_data params={'session_key': 9488, 'driver_number': 63, 'date>': '2024-03-24T04:35:54.568000+00:00', 'date<': '2024-03-24T04:37:17.509000+00:00'}
2025-12-15 11:15:38 [DEBUG] __main__ - [compute_lap_features_for_driver] driver=63 lap=24, car_data rows=313
2025-12-15 11:15:38 [INFO] __main__ - [compute_lap_features_for_driver] driver=63 lap=25 KEEP, status=GREEN, duration=82.7s
2025-12-15 11:15:38 [DEBUG] __main__ - [get_openf1] GET https://api.openf1.org/v1/car_data params={'session_key': 9488, 'driver_number': 63, 'date>': '2024-03-24T04:37:17.509000+00:00', 'date<': '2024-03-24T04:38:40.169000+00:00'}
2025-12-15 11:15:40 [DEBUG] __main__ - [compute_lap_features_for_driver] driver=63 lap=25, car_data rows=309
2025-12-15 11:15:40 [INFO] __main__ - [compute_lap_features_for_driver] driver=63 lap=26 KEEP, status=GREEN, duration=82.8s
2025-12-15 11:15:40 [DEBUG] __main__ - [get_openf1] GET https://api.openf1.org/v1/car_data params={'session_key': 9488, 'driver_number': 63, 'date>': '2024-03-24T04:38:40.169000+00:00', 'date<': '2024-03-24T04:40:03.018000+00:00'}
2025-12-15 11:15:41 [DEBUG] __main__ - [compute_lap_features_for_driver] driver=63 lap=26, car_data rows=315
2025-12-15 11:15:41 [INFO] __main__ - [compute_lap_features_for_driver] driver=63 lap=27 KEEP, status=GREEN, duration=83.3s
2025-12-15 11:15:41 [DEBUG] __main__ - [get_openf1] GET https://api.openf1.org/v1/car_data params={'session_key': 9488, 'driver_number': 63, 'date>': '2024-03-24T04:40:03.018000+00:00', 'date<': '2024-03-24T04:41:26.299000+00:00'}
2025-12-15 11:15:41 [DEBUG] __main__ - [compute_lap_features_for_driver] driver=63 lap=27, car_data rows=307
2025-12-15 11:15:41 [INFO] __main__ - [compute_lap_features_for_driver] driver=63 lap=28 KEEP, status=GREEN, duration=83.1s
2025-12-15 11:15:41 [DEBUG] __main__ - [get_openf1] GET https://api.openf1.org/v1/car_data params={'session_key': 9488, 'driver_number': 63, 'date>': '2024-03-24T04:41:26.299000+00:00', 'date<': '2024-03-24T04:42:49.353000+00:00'}
2025-12-15 11:15:42 [DEBUG] __main__ - [compute_lap_features_for_driver] driver=63 lap=28, car_data rows=310
2025-12-15 11:15:42 [INFO] __main__ - [compute_lap_features_for_driver] driver=63 lap=29 KEEP, status=GREEN, duration=82.7s
2025-12-15 11:15:42 [DEBUG] __main__ - [get_openf1] GET https://api.openf1.org/v1/car_data params={'session_key': 9488, 'driver_number': 63, 'date>': '2024-03-24T04:42:49.353000+00:00', 'date<': '2024-03-24T04:44:12.040000+00:00'}
2025-12-15 11:15:43 [DEBUG] __main__ - [compute_lap_features_for_driver] driver=63 lap=29, car_data rows=301
2025-12-15 11:15:43 [INFO] __main__ - [compute_lap_features_for_driver] driver=63 lap=30 KEEP, status=GREEN, duration=82.6s
2025-12-15 11:15:43 [DEBUG] __main__ - [get_openf1] GET https://api.openf1.org/v1/car_data params={'session_key': 9488, 'driver_number': 63, 'date>': '2024-03-24T04:44:12.040000+00:00', 'date<': '2024-03-24T04:45:34.646000+00:00'}
2025-12-15 11:15:44 [DEBUG] __main__ - [compute_lap_features_for_driver] driver=63 lap=30, car_data rows=308
2025-12-15 11:15:44 [INFO] __main__ - [compute_lap_features_for_driver] driver=63 lap=31 KEEP, status=GREEN, duration=82.5s
2025-12-15 11:15:44 [DEBUG] __main__ - [get_openf1] GET https://api.openf1.org/v1/car_data params={'session_key': 9488, 'driver_number': 63, 'date>': '2024-03-24T04:45:34.646000+00:00', 'date<': '2024-03-24T04:46:57.145000+00:00'}
2025-12-15 11:15:44 [DEBUG] __main__ - [compute_lap_features_for_driver] driver=63 lap=31, car_data rows=314
2025-12-15 11:15:44 [INFO] __main__ - [compute_lap_features_for_driver] driver=63 lap=32 KEEP, status=GREEN, duration=82.7s
2025-12-15 11:15:44 [DEBUG] __main__ - [get_openf1] GET https://api.openf1.org/v1/car_data params={'session_key': 9488, 'driver_number': 63, 'date>': '2024-03-24T04:46:57.145000+00:00', 'date<': '2024-03-24T04:48:19.821000+00:00'}
2025-12-15 11:15:45 [DEBUG] __main__ - [compute_lap_features_for_driver] driver=63 lap=32, car_data rows=313
2025-12-15 11:15:45 [INFO] __main__ - [compute_lap_features_for_driver] driver=63 lap=33 KEEP, status=GREEN, duration=82.6s
2025-12-15 11:15:45 [DEBUG] __main__ - [get_openf1] GET https://api.openf1.org/v1/car_data params={'session_key': 9488, 'driver_number': 63, 'date>': '2024-03-24T04:48:19.821000+00:00', 'date<': '2024-03-24T04:49:42.400000+00:00'}
2025-12-15 11:15:45 [DEBUG] __main__ - [compute_lap_features_for_driver] driver=63 lap=33, car_data rows=308
2025-12-15 11:15:45 [INFO] __main__ - [compute_lap_features_for_driver] driver=63 lap=34 KEEP, status=GREEN, duration=82.3s
2025-12-15 11:15:45 [DEBUG] __main__ - [get_openf1] GET https://api.openf1.org/v1/car_data params={'session_key': 9488, 'driver_number': 63, 'date>': '2024-03-24T04:49:42.400000+00:00', 'date<': '2024-03-24T04:51:04.738000+00:00'}
2025-12-15 11:15:46 [DEBUG] __main__ - [compute_lap_features_for_driver] driver=63 lap=34, car_data rows=323
2025-12-15 11:15:46 [INFO] __main__ - [compute_lap_features_for_driver] driver=63 lap=35 KEEP, status=GREEN, duration=82.5s
2025-12-15 11:15:46 [DEBUG] __main__ - [get_openf1] GET https://api.openf1.org/v1/car_data params={'session_key': 9488, 'driver_number': 63, 'date>': '2024-03-24T04:51:04.738000+00:00', 'date<': '2024-03-24T04:52:27.221000+00:00'}
2025-12-15 11:15:46 [DEBUG] __main__ - [compute_lap_features_for_driver] driver=63 lap=35, car_data rows=314
2025-12-15 11:15:46 [INFO] __main__ - [compute_lap_features_for_driver] driver=63 lap=36 KEEP, status=GREEN, duration=82.6s
2025-12-15 11:15:46 [DEBUG] __main__ - [get_openf1] GET https://api.openf1.org/v1/car_data params={'session_key': 9488, 'driver_number': 63, 'date>': '2024-03-24T04:52:27.221000+00:00', 'date<': '2024-03-24T04:53:49.820000+00:00'}
2025-12-15 11:15:47 [DEBUG] __main__ - [compute_lap_features_for_driver] driver=63 lap=36, car_data rows=304
2025-12-15 11:15:47 [INFO] __main__ - [compute_lap_features_for_driver] driver=63 lap=37 KEEP, status=GREEN, duration=82.4s
2025-12-15 11:15:47 [DEBUG] __main__ - [get_openf1] GET https://api.openf1.org/v1/car_data params={'session_key': 9488, 'driver_number': 63, 'date>': '2024-03-24T04:53:49.820000+00:00', 'date<': '2024-03-24T04:55:12.245000+00:00'}
2025-12-15 11:15:48 [DEBUG] __main__ - [compute_lap_features_for_driver] driver=63 lap=37, car_data rows=299
2025-12-15 11:15:48 [INFO] __main__ - [compute_lap_features_for_driver] driver=63 lap=38 KEEP, status=GREEN, duration=82.1s
2025-12-15 11:15:48 [DEBUG] __main__ - [get_openf1] GET https://api.openf1.org/v1/car_data params={'session_key': 9488, 'driver_number': 63, 'date>': '2024-03-24T04:55:12.245000+00:00', 'date<': '2024-03-24T04:56:34.369000+00:00'}
2025-12-15 11:15:48 [DEBUG] __main__ - [compute_lap_features_for_driver] driver=63 lap=38, car_data rows=305
2025-12-15 11:15:48 [INFO] __main__ - [compute_lap_features_for_driver] driver=63 lap=39 KEEP, status=GREEN, duration=82.2s
2025-12-15 11:15:48 [DEBUG] __main__ - [get_openf1] GET https://api.openf1.org/v1/car_data params={'session_key': 9488, 'driver_number': 63, 'date>': '2024-03-24T04:56:34.369000+00:00', 'date<': '2024-03-24T04:57:56.605000+00:00'}
2025-12-15 11:15:49 [DEBUG] __main__ - [compute_lap_features_for_driver] driver=63 lap=39, car_data rows=312
2025-12-15 11:15:49 [INFO] __main__ - [compute_lap_features_for_driver] driver=63 lap=40 KEEP, status=GREEN, duration=82.5s
2025-12-15 11:15:49 [DEBUG] __main__ - [get_openf1] GET https://api.openf1.org/v1/car_data params={'session_key': 9488, 'driver_number': 63, 'date>': '2024-03-24T04:57:56.605000+00:00', 'date<': '2024-03-24T04:59:19.059000+00:00'}
2025-12-15 11:15:49 [DEBUG] __main__ - [compute_lap_features_for_driver] driver=63 lap=40, car_data rows=311
2025-12-15 11:15:49 [INFO] __main__ - [compute_lap_features_for_driver] driver=63 lap=41 KEEP, status=GREEN, duration=82.1s
2025-12-15 11:15:49 [DEBUG] __main__ - [get_openf1] GET https://api.openf1.org/v1/car_data params={'session_key': 9488, 'driver_number': 63, 'date>': '2024-03-24T04:59:19.059000+00:00', 'date<': '2024-03-24T05:00:41.201000+00:00'}
2025-12-15 11:15:50 [DEBUG] __main__ - [compute_lap_features_for_driver] driver=63 lap=41, car_data rows=309
2025-12-15 11:15:50 [INFO] __main__ - [compute_lap_features_for_driver] driver=63 lap=42 KEEP, status=GREEN, duration=82.4s
2025-12-15 11:15:50 [DEBUG] __main__ - [get_openf1] GET https://api.openf1.org/v1/car_data params={'session_key': 9488, 'driver_number': 63, 'date>': '2024-03-24T05:00:41.201000+00:00', 'date<': '2024-03-24T05:02:03.596000+00:00'}
2025-12-15 11:15:50 [DEBUG] __main__ - [compute_lap_features_for_driver] driver=63 lap=42, car_data rows=304
2025-12-15 11:15:50 [INFO] __main__ - [compute_lap_features_for_driver] driver=63 lap=43 KEEP, status=GREEN, duration=82.1s
2025-12-15 11:15:50 [DEBUG] __main__ - [get_openf1] GET https://api.openf1.org/v1/car_data params={'session_key': 9488, 'driver_number': 63, 'date>': '2024-03-24T05:02:03.596000+00:00', 'date<': '2024-03-24T05:03:25.698000+00:00'}
2025-12-15 11:15:51 [DEBUG] __main__ - [compute_lap_features_for_driver] driver=63 lap=43, car_data rows=303
2025-12-15 11:15:51 [INFO] __main__ - [compute_lap_features_for_driver] driver=63 lap=44 KEEP, status=GREEN, duration=82.2s
2025-12-15 11:15:51 [DEBUG] __main__ - [get_openf1] GET https://api.openf1.org/v1/car_data params={'session_key': 9488, 'driver_number': 63, 'date>': '2024-03-24T05:03:25.698000+00:00', 'date<': '2024-03-24T05:04:47.907000+00:00'}
2025-12-15 11:15:52 [DEBUG] __main__ - [compute_lap_features_for_driver] driver=63 lap=44, car_data rows=312
2025-12-15 11:15:52 [INFO] __main__ - [compute_lap_features_for_driver] driver=63 lap=45 KEEP, status=GREEN, duration=96.5s
2025-12-15 11:15:52 [DEBUG] __main__ - [get_openf1] GET https://api.openf1.org/v1/car_data params={'session_key': 9488, 'driver_number': 63, 'date>': '2024-03-24T05:04:47.907000+00:00', 'date<': '2024-03-24T05:06:24.372000+00:00'}
2025-12-15 11:15:52 [DEBUG] __main__ - [compute_lap_features_for_driver] driver=63 lap=45, car_data rows=354
2025-12-15 11:15:52 [INFO] __main__ - [compute_lap_features_for_driver] driver=63 lap=46 KEEP, status=GREEN, duration=86.3s
2025-12-15 11:15:52 [DEBUG] __main__ - [get_openf1] GET https://api.openf1.org/v1/car_data params={'session_key': 9488, 'driver_number': 63, 'date>': '2024-03-24T05:06:24.372000+00:00', 'date<': '2024-03-24T05:07:50.703000+00:00'}
2025-12-15 11:15:53 [DEBUG] __main__ - [compute_lap_features_for_driver] driver=63 lap=46, car_data rows=324
2025-12-15 11:15:53 [INFO] __main__ - [compute_lap_features_for_driver] driver=63 lap=47 KEEP, status=GREEN, duration=80.2s
2025-12-15 11:15:53 [DEBUG] __main__ - [get_openf1] GET https://api.openf1.org/v1/car_data params={'session_key': 9488, 'driver_number': 63, 'date>': '2024-03-24T05:07:50.703000+00:00', 'date<': '2024-03-24T05:09:10.920000+00:00'}
2025-12-15 11:15:53 [DEBUG] __main__ - [compute_lap_features_for_driver] driver=63 lap=47, car_data rows=304
2025-12-15 11:15:53 [INFO] __main__ - [compute_lap_features_for_driver] driver=63 lap=48 KEEP, status=GREEN, duration=80.7s
2025-12-15 11:15:53 [DEBUG] __main__ - [get_openf1] GET https://api.openf1.org/v1/car_data params={'session_key': 9488, 'driver_number': 63, 'date>': '2024-03-24T05:09:10.920000+00:00', 'date<': '2024-03-24T05:10:31.655000+00:00'}
2025-12-15 11:15:54 [DEBUG] __main__ - [compute_lap_features_for_driver] driver=63 lap=48, car_data rows=311
2025-12-15 11:15:54 [INFO] __main__ - [compute_lap_features_for_driver] driver=63 lap=49 KEEP, status=GREEN, duration=80.8s
2025-12-15 11:15:54 [DEBUG] __main__ - [get_openf1] GET https://api.openf1.org/v1/car_data params={'session_key': 9488, 'driver_number': 63, 'date>': '2024-03-24T05:10:31.655000+00:00', 'date<': '2024-03-24T05:11:52.489000+00:00'}
2025-12-15 11:15:55 [DEBUG] __main__ - [compute_lap_features_for_driver] driver=63 lap=49, car_data rows=303
2025-12-15 11:15:55 [INFO] __main__ - [compute_lap_features_for_driver] driver=63 lap=50 KEEP, status=GREEN, duration=80.9s
2025-12-15 11:15:55 [DEBUG] __main__ - [get_openf1] GET https://api.openf1.org/v1/car_data params={'session_key': 9488, 'driver_number': 63, 'date>': '2024-03-24T05:11:52.489000+00:00', 'date<': '2024-03-24T05:13:13.399000+00:00'}
2025-12-15 11:15:55 [DEBUG] __main__ - [compute_lap_features_for_driver] driver=63 lap=50, car_data rows=312
2025-12-15 11:15:55 [INFO] __main__ - [compute_lap_features_for_driver] driver=63 lap=51 KEEP, status=GREEN, duration=80.8s
2025-12-15 11:15:55 [DEBUG] __main__ - [get_openf1] GET https://api.openf1.org/v1/car_data params={'session_key': 9488, 'driver_number': 63, 'date>': '2024-03-24T05:13:13.399000+00:00', 'date<': '2024-03-24T05:14:34.230000+00:00'}
2025-12-15 11:15:56 [DEBUG] __main__ - [compute_lap_features_for_driver] driver=63 lap=51, car_data rows=310
2025-12-15 11:15:56 [INFO] __main__ - [compute_lap_features_for_driver] driver=63 lap=52 KEEP, status=GREEN, duration=80.5s
2025-12-15 11:15:56 [DEBUG] __main__ - [get_openf1] GET https://api.openf1.org/v1/car_data params={'session_key': 9488, 'driver_number': 63, 'date>': '2024-03-24T05:14:34.230000+00:00', 'date<': '2024-03-24T05:15:54.696000+00:00'}
2025-12-15 11:15:56 [DEBUG] __main__ - [compute_lap_features_for_driver] driver=63 lap=52, car_data rows=309
2025-12-15 11:15:56 [INFO] __main__ - [compute_lap_features_for_driver] driver=63 lap=53 KEEP, status=GREEN, duration=80.2s
2025-12-15 11:15:56 [DEBUG] __main__ - [get_openf1] GET https://api.openf1.org/v1/car_data params={'session_key': 9488, 'driver_number': 63, 'date>': '2024-03-24T05:15:54.696000+00:00', 'date<': '2024-03-24T05:17:14.936000+00:00'}
2025-12-15 11:15:57 [DEBUG] __main__ - [compute_lap_features_for_driver] driver=63 lap=53, car_data rows=296
2025-12-15 11:15:57 [INFO] __main__ - [compute_lap_features_for_driver] driver=63 lap=54 KEEP, status=GREEN, duration=81.2s
2025-12-15 11:15:57 [DEBUG] __main__ - [get_openf1] GET https://api.openf1.org/v1/car_data params={'session_key': 9488, 'driver_number': 63, 'date>': '2024-03-24T05:17:14.936000+00:00', 'date<': '2024-03-24T05:18:36.165000+00:00'}
2025-12-15 11:15:57 [DEBUG] __main__ - [compute_lap_features_for_driver] driver=63 lap=54, car_data rows=315
2025-12-15 11:15:57 [INFO] __main__ - [compute_lap_features_for_driver] driver=63 lap=55 KEEP, status=GREEN, duration=80.8s
2025-12-15 11:15:57 [DEBUG] __main__ - [get_openf1] GET https://api.openf1.org/v1/car_data params={'session_key': 9488, 'driver_number': 63, 'date>': '2024-03-24T05:18:36.165000+00:00', 'date<': '2024-03-24T05:19:56.948000+00:00'}
2025-12-15 11:15:58 [DEBUG] __main__ - [compute_lap_features_for_driver] driver=63 lap=55, car_data rows=296
2025-12-15 11:15:58 [INFO] __main__ - [compute_lap_features_for_driver] driver=63 lap=56 KEEP, status=GREEN, duration=80.5s
2025-12-15 11:15:58 [DEBUG] __main__ - [get_openf1] GET https://api.openf1.org/v1/car_data params={'session_key': 9488, 'driver_number': 63, 'date>': '2024-03-24T05:19:56.948000+00:00', 'date<': '2024-03-24T05:21:17.493000+00:00'}
2025-12-15 11:15:58 [DEBUG] __main__ - [compute_lap_features_for_driver] driver=63 lap=56, car_data rows=294
2025-12-15 11:15:58 [INFO] __main__ - [compute_lap_features_for_driver] driver=63 lap=57 DROP (VSC_LAP), status=VSC;YELLOW;RED_FLAG;CHEQUERED, duration=nans
2025-12-15 11:15:58 [INFO] __main__ - [compute_lap_features_for_driver] driver=63, feature laps=[2, 3, 4, 5, 6, 7, 8, 9, 10, 11, 12, 13, 14, 15, 16, 18, 19, 20, 21, 22, 23, 24, 25, 26, 27, 28, 29, 30, 31, 32, 33, 34, 35, 36, 37, 38, 39, 40, 41, 42, 43, 44, 45, 46, 47, 48, 49, 50, 51, 52, 53, 54, 55, 56]
2025-12-15 11:15:58 [INFO] __main__ - [build_driver_style_embedding_json] all feature laps (combined)=[2, 3, 4, 5, 6, 7, 8, 9, 10, 11, 12, 13, 14, 15, 16, 18, 19, 20, 21, 22, 23, 24, 25, 26, 27, 28, 29, 30, 31, 32, 33, 34, 35, 36, 37, 38, 39, 40, 41, 42, 43, 44, 45, 46, 47, 48, 49, 50, 51, 52, 53, 54, 55, 56, 57]
2025-12-15 11:15:58 [INFO] __main__ - [embed_lap_features] focus_laps = [11, 30, 58]
2025-12-15 11:15:58 [INFO] __main__ - Saved ./driver_style_embedding_2024melbourne.json
