2025-12-15 11:15:58 [INFO] __main__ - ===== Driver Style Map logging started for race_id=2024suzuka =====
2025-12-15 11:15:58 [INFO] __main__ - log file: log/driver_style_2024suzuka.log
2025-12-15 11:15:58 [INFO] __main__ - === Start processing 2024suzuka ===
2025-12-15 11:15:58 [DEBUG] __main__ - [get_openf1] GET https://api.openf1.org/v1/meetings params={'year': 2024}
2025-12-15 11:15:59 [DEBUG] __main__ - [get_openf1] GET https://api.openf1.org/v1/sessions params={'meeting_key': 1232}
2025-12-15 11:15:59 [INFO] __main__ - [find_race_session] year=2024 slug=suzuka -> session_key=9496, meeting_name=Japanese Grand Prix
2025-12-15 11:15:59 [INFO] __main__ - [main] race_id=2024suzuka -> session_key=9496, meeting_name=Japanese Grand Prix
2025-12-15 11:15:59 [DEBUG] __main__ - [get_openf1] GET https://api.openf1.org/v1/session_result params={'session_key': 9496}
2025-12-15 11:16:00 [DEBUG] __main__ - [get_openf1] GET https://api.openf1.org/v1/drivers params={'session_key': 9496}
2025-12-15 11:16:00 [INFO] __main__ - [select_race_drivers] session_key=9496 winner=1 teammate=11 last_finisher=2
2025-12-15 11:16:00 [INFO] __main__ - [build_driver_style_embedding_json] start session_key=9496, drivers=[1, 11, 2]
2025-12-15 11:16:00 [DEBUG] __main__ - [get_openf1] GET https://api.openf1.org/v1/race_control params={'session_key': 9496}
2025-12-15 11:16:00 [DEBUG] __main__ - [get_openf1] GET https://api.openf1.org/v1/sessions params={'session_key': 9496}
2025-12-15 11:16:01 [INFO] __main__ - [fetch_session_start] session_key=9496, date_start=2024-04-07 05:00:00+00:00
2025-12-15 11:16:01 [INFO] __main__ - [fetch_race_start_time] use first GREEN as race_start: 2024-04-07 04:20:01+00:00
2025-12-15 11:16:01 [DEBUG] __main__ - [get_openf1] GET https://api.openf1.org/v1/laps params={'session_key': 9496, 'driver_number': 1}
2025-12-15 11:16:02 [INFO] __main__ - [fetch_laps] fill lap 1 date_start with race_start=2024-04-07 04:20:01+00:00
2025-12-15 11:16:02 [INFO] __main__ - [fetch_laps] driver=1, laps: min=1, max=53, count=53
2025-12-15 11:16:02 [DEBUG] __main__ - [fetch_laps] head:
   meeting_key  session_key  ...  st_speed  lap_duration_s
0         1232         9496  ...       184        2752.290
1         1232         9496  ...       126        1711.156
2         1232         9496  ...       285         172.943
3         1232         9496  ...       284          96.403
4         1232         9496  ...       286          96.423

[5 rows x 17 columns]
2025-12-15 11:16:02 [INFO] __main__ - [build_driver_style_embedding_json] ref_driver=1, min_lap=1, max_lap=53
2025-12-15 11:16:02 [INFO] __main__ - [build_driver_style_embedding_json] phase_split plan =
2025-12-15 11:16:02 [INFO] __main__ -   opening: [1, 2, 3, 4, 5, 6, 7, 8, 9, 10, 11, 12, 13, 14, 15, 16, 17, 18]
2025-12-15 11:16:02 [INFO] __main__ -   middle : [19, 20, 21, 22, 23, 24, 25, 26, 27, 28, 29, 30, 31, 32, 33, 34, 35, 36]
2025-12-15 11:16:02 [INFO] __main__ -   ending : [37, 38, 39, 40, 41, 42, 43, 44, 45, 46, 47, 48, 49, 50, 51, 52, 53]
2025-12-15 11:16:02 [INFO] __main__ - [build_driver_style_embedding_json] compute features for driver=1
2025-12-15 11:16:02 [DEBUG] __main__ - [get_openf1] GET https://api.openf1.org/v1/laps params={'session_key': 9496, 'driver_number': 1}
2025-12-15 11:16:03 [DEBUG] __main__ - [get_openf1] GET https://api.openf1.org/v1/sessions params={'session_key': 9496}
2025-12-15 11:16:04 [INFO] __main__ - [fetch_session_start] session_key=9496, date_start=2024-04-07 05:00:00+00:00
2025-12-15 11:16:04 [INFO] __main__ - [fetch_race_start_time] use first GREEN as race_start: 2024-04-07 04:20:01+00:00
2025-12-15 11:16:04 [INFO] __main__ - [fetch_laps] fill lap 1 date_start with race_start=2024-04-07 04:20:01+00:00
2025-12-15 11:16:04 [INFO] __main__ - [fetch_laps] driver=1, laps: min=1, max=53, count=53
2025-12-15 11:16:04 [DEBUG] __main__ - [fetch_laps] head:
   meeting_key  session_key  ...  st_speed  lap_duration_s
0         1232         9496  ...       184        2752.290
1         1232         9496  ...       126        1711.156
2         1232         9496  ...       285         172.943
3         1232         9496  ...       284          96.403
4         1232         9496  ...       286          96.423

[5 rows x 17 columns]
2025-12-15 11:16:04 [DEBUG] __main__ - [build_lap_status_mapping] status_by_lap={1: 'YELLOW;RED_FLAG', 2: 'SC', 3: 'GREEN', 4: 'GREEN', 5: 'GREEN', 6: 'GREEN', 7: 'GREEN', 8: 'GREEN', 9: 'GREEN', 10: 'GREEN', 11: 'GREEN', 12: 'GREEN', 13: 'GREEN', 14: 'GREEN', 15: 'GREEN', 16: 'GREEN', 17: 'GREEN', 18: 'GREEN', 19: 'GREEN', 20: 'GREEN', 21: 'GREEN', 22: 'GREEN', 23: 'GREEN', 24: 'GREEN', 25: 'GREEN', 26: 'GREEN', 27: 'GREEN', 28: 'GREEN', 29: 'GREEN', 30: 'GREEN', 31: 'GREEN', 32: 'GREEN', 33: 'GREEN', 34: 'GREEN', 35: 'GREEN', 36: 'GREEN', 37: 'GREEN', 38: 'GREEN', 39: 'GREEN', 40: 'GREEN', 41: 'GREEN', 42: 'YELLOW', 43: 'GREEN', 44: 'GREEN', 45: 'GREEN', 46: 'GREEN', 47: 'GREEN', 48: 'GREEN', 49: 'GREEN', 50: 'GREEN', 51: 'GREEN', 52: 'GREEN', 53: 'RED_FLAG;CHEQUERED'}
2025-12-15 11:16:04 [INFO] __main__ - [compute_lap_features_for_driver] driver=1, typical_duration_s=96.423
2025-12-15 11:16:04 [INFO] __main__ - [compute_lap_features_for_driver] driver=1 lap=1 DROP (RED_FLAG_LAP), status=YELLOW;RED_FLAG, duration=2752.3s
2025-12-15 11:16:04 [INFO] __main__ - [compute_lap_features_for_driver] driver=1 lap=2 DROP (SC_LAP), status=SC, duration=1711.2s
2025-12-15 11:16:04 [INFO] __main__ - [compute_lap_features_for_driver] driver=1 lap=3 DROP (LONG_LAP_172.9s), status=GREEN, duration=172.9s
2025-12-15 11:16:04 [INFO] __main__ - [compute_lap_features_for_driver] driver=1 lap=4 KEEP, status=GREEN, duration=96.4s
2025-12-15 11:16:04 [DEBUG] __main__ - [get_openf1] GET https://api.openf1.org/v1/car_data params={'session_key': 9496, 'driver_number': 1, 'date>': '2024-04-07T05:37:17.389000+00:00', 'date<': '2024-04-07T05:38:53.792000+00:00'}
2025-12-15 11:16:06 [DEBUG] __main__ - [compute_lap_features_for_driver] driver=1 lap=4, car_data rows=361
2025-12-15 11:16:06 [INFO] __main__ - [compute_lap_features_for_driver] driver=1 lap=5 KEEP, status=GREEN, duration=96.4s
2025-12-15 11:16:06 [DEBUG] __main__ - [get_openf1] GET https://api.openf1.org/v1/car_data params={'session_key': 9496, 'driver_number': 1, 'date>': '2024-04-07T05:38:53.792000+00:00', 'date<': '2024-04-07T05:40:30.215000+00:00'}
2025-12-15 11:16:07 [DEBUG] __main__ - [compute_lap_features_for_driver] driver=1 lap=5, car_data rows=355
2025-12-15 11:16:07 [INFO] __main__ - [compute_lap_features_for_driver] driver=1 lap=6 KEEP, status=GREEN, duration=96.9s
2025-12-15 11:16:07 [DEBUG] __main__ - [get_openf1] GET https://api.openf1.org/v1/car_data params={'session_key': 9496, 'driver_number': 1, 'date>': '2024-04-07T05:40:30.215000+00:00', 'date<': '2024-04-07T05:42:07.118000+00:00'}
2025-12-15 11:16:08 [DEBUG] __main__ - [compute_lap_features_for_driver] driver=1 lap=6, car_data rows=368
2025-12-15 11:16:08 [INFO] __main__ - [compute_lap_features_for_driver] driver=1 lap=7 KEEP, status=GREEN, duration=97.0s
2025-12-15 11:16:08 [DEBUG] __main__ - [get_openf1] GET https://api.openf1.org/v1/car_data params={'session_key': 9496, 'driver_number': 1, 'date>': '2024-04-07T05:42:07.118000+00:00', 'date<': '2024-04-07T05:43:44.080000+00:00'}
2025-12-15 11:16:08 [DEBUG] __main__ - [compute_lap_features_for_driver] driver=1 lap=7, car_data rows=372
2025-12-15 11:16:08 [INFO] __main__ - [compute_lap_features_for_driver] driver=1 lap=8 KEEP, status=GREEN, duration=97.3s
2025-12-15 11:16:08 [DEBUG] __main__ - [get_openf1] GET https://api.openf1.org/v1/car_data params={'session_key': 9496, 'driver_number': 1, 'date>': '2024-04-07T05:43:44.080000+00:00', 'date<': '2024-04-07T05:45:21.406000+00:00'}
2025-12-15 11:16:09 [DEBUG] __main__ - [compute_lap_features_for_driver] driver=1 lap=8, car_data rows=368
2025-12-15 11:16:09 [INFO] __main__ - [compute_lap_features_for_driver] driver=1 lap=9 KEEP, status=GREEN, duration=97.2s
2025-12-15 11:16:09 [DEBUG] __main__ - [get_openf1] GET https://api.openf1.org/v1/car_data params={'session_key': 9496, 'driver_number': 1, 'date>': '2024-04-07T05:45:21.406000+00:00', 'date<': '2024-04-07T05:46:58.590000+00:00'}
2025-12-15 11:16:10 [DEBUG] __main__ - [compute_lap_features_for_driver] driver=1 lap=9, car_data rows=364
2025-12-15 11:16:10 [INFO] __main__ - [compute_lap_features_for_driver] driver=1 lap=10 KEEP, status=GREEN, duration=97.6s
2025-12-15 11:16:10 [DEBUG] __main__ - [get_openf1] GET https://api.openf1.org/v1/car_data params={'session_key': 9496, 'driver_number': 1, 'date>': '2024-04-07T05:46:58.590000+00:00', 'date<': '2024-04-07T05:48:36.141000+00:00'}
2025-12-15 11:16:10 [DEBUG] __main__ - [compute_lap_features_for_driver] driver=1 lap=10, car_data rows=373
2025-12-15 11:16:10 [INFO] __main__ - [compute_lap_features_for_driver] driver=1 lap=11 KEEP, status=GREEN, duration=97.8s
2025-12-15 11:16:10 [DEBUG] __main__ - [get_openf1] GET https://api.openf1.org/v1/car_data params={'session_key': 9496, 'driver_number': 1, 'date>': '2024-04-07T05:48:36.141000+00:00', 'date<': '2024-04-07T05:50:13.928000+00:00'}
2025-12-15 11:16:11 [DEBUG] __main__ - [compute_lap_features_for_driver] driver=1 lap=11, car_data rows=372
2025-12-15 11:16:11 [INFO] __main__ - [compute_lap_features_for_driver] driver=1 lap=12 KEEP, status=GREEN, duration=97.7s
2025-12-15 11:16:11 [DEBUG] __main__ - [get_openf1] GET https://api.openf1.org/v1/car_data params={'session_key': 9496, 'driver_number': 1, 'date>': '2024-04-07T05:50:13.928000+00:00', 'date<': '2024-04-07T05:51:51.589000+00:00'}
2025-12-15 11:16:11 [DEBUG] __main__ - [compute_lap_features_for_driver] driver=1 lap=12, car_data rows=373
2025-12-15 11:16:11 [INFO] __main__ - [compute_lap_features_for_driver] driver=1 lap=13 KEEP, status=GREEN, duration=97.9s
2025-12-15 11:16:11 [DEBUG] __main__ - [get_openf1] GET https://api.openf1.org/v1/car_data params={'session_key': 9496, 'driver_number': 1, 'date>': '2024-04-07T05:51:51.589000+00:00', 'date<': '2024-04-07T05:53:29.452000+00:00'}
2025-12-15 11:16:12 [DEBUG] __main__ - [compute_lap_features_for_driver] driver=1 lap=13, car_data rows=357
2025-12-15 11:16:12 [INFO] __main__ - [compute_lap_features_for_driver] driver=1 lap=14 KEEP, status=GREEN, duration=97.8s
2025-12-15 11:16:12 [DEBUG] __main__ - [get_openf1] GET https://api.openf1.org/v1/car_data params={'session_key': 9496, 'driver_number': 1, 'date>': '2024-04-07T05:53:29.452000+00:00', 'date<': '2024-04-07T05:55:07.284000+00:00'}
2025-12-15 11:16:13 [DEBUG] __main__ - [compute_lap_features_for_driver] driver=1 lap=14, car_data rows=365
2025-12-15 11:16:13 [INFO] __main__ - [compute_lap_features_for_driver] driver=1 lap=15 KEEP, status=GREEN, duration=97.8s
2025-12-15 11:16:13 [DEBUG] __main__ - [get_openf1] GET https://api.openf1.org/v1/car_data params={'session_key': 9496, 'driver_number': 1, 'date>': '2024-04-07T05:55:07.284000+00:00', 'date<': '2024-04-07T05:56:45.100000+00:00'}
2025-12-15 11:16:13 [DEBUG] __main__ - [compute_lap_features_for_driver] driver=1 lap=15, car_data rows=357
2025-12-15 11:16:13 [INFO] __main__ - [compute_lap_features_for_driver] driver=1 lap=16 KEEP, status=GREEN, duration=100.3s
2025-12-15 11:16:13 [DEBUG] __main__ - [get_openf1] GET https://api.openf1.org/v1/car_data params={'session_key': 9496, 'driver_number': 1, 'date>': '2024-04-07T05:56:45.100000+00:00', 'date<': '2024-04-07T05:58:25.361000+00:00'}
2025-12-15 11:16:14 [DEBUG] __main__ - [compute_lap_features_for_driver] driver=1 lap=16, car_data rows=366
2025-12-15 11:16:14 [INFO] __main__ - [compute_lap_features_for_driver] driver=1 lap=17 KEEP, status=GREEN, duration=116.6s
2025-12-15 11:16:14 [DEBUG] __main__ - [get_openf1] GET https://api.openf1.org/v1/car_data params={'session_key': 9496, 'driver_number': 1, 'date>': '2024-04-07T05:58:25.361000+00:00', 'date<': '2024-04-07T06:00:21.943000+00:00'}
2025-12-15 11:16:15 [DEBUG] __main__ - [compute_lap_features_for_driver] driver=1 lap=17, car_data rows=446
2025-12-15 11:16:15 [INFO] __main__ - [compute_lap_features_for_driver] driver=1 lap=18 KEEP, status=GREEN, duration=96.8s
2025-12-15 11:16:15 [DEBUG] __main__ - [get_openf1] GET https://api.openf1.org/v1/car_data params={'session_key': 9496, 'driver_number': 1, 'date>': '2024-04-07T06:00:21.943000+00:00', 'date<': '2024-04-07T06:01:58.729000+00:00'}
2025-12-15 11:16:15 [DEBUG] __main__ - [compute_lap_features_for_driver] driver=1 lap=18, car_data rows=372
2025-12-15 11:16:15 [INFO] __main__ - [compute_lap_features_for_driver] driver=1 lap=19 KEEP, status=GREEN, duration=96.2s
2025-12-15 11:16:15 [DEBUG] __main__ - [get_openf1] GET https://api.openf1.org/v1/car_data params={'session_key': 9496, 'driver_number': 1, 'date>': '2024-04-07T06:01:58.729000+00:00', 'date<': '2024-04-07T06:03:34.976000+00:00'}
2025-12-15 11:16:16 [DEBUG] __main__ - [compute_lap_features_for_driver] driver=1 lap=19, car_data rows=363
2025-12-15 11:16:16 [INFO] __main__ - [compute_lap_features_for_driver] driver=1 lap=20 KEEP, status=GREEN, duration=96.4s
2025-12-15 11:16:16 [DEBUG] __main__ - [get_openf1] GET https://api.openf1.org/v1/car_data params={'session_key': 9496, 'driver_number': 1, 'date>': '2024-04-07T06:03:34.976000+00:00', 'date<': '2024-04-07T06:05:11.403000+00:00'}
2025-12-15 11:16:17 [DEBUG] __main__ - [compute_lap_features_for_driver] driver=1 lap=20, car_data rows=356
2025-12-15 11:16:17 [INFO] __main__ - [compute_lap_features_for_driver] driver=1 lap=21 KEEP, status=GREEN, duration=95.6s
2025-12-15 11:16:17 [DEBUG] __main__ - [get_openf1] GET https://api.openf1.org/v1/car_data params={'session_key': 9496, 'driver_number': 1, 'date>': '2024-04-07T06:05:11.403000+00:00', 'date<': '2024-04-07T06:06:46.958000+00:00'}
2025-12-15 11:16:18 [DEBUG] __main__ - [compute_lap_features_for_driver] driver=1 lap=21, car_data rows=360
2025-12-15 11:16:18 [INFO] __main__ - [compute_lap_features_for_driver] driver=1 lap=22 KEEP, status=GREEN, duration=96.4s
2025-12-15 11:16:18 [DEBUG] __main__ - [get_openf1] GET https://api.openf1.org/v1/car_data params={'session_key': 9496, 'driver_number': 1, 'date>': '2024-04-07T06:06:46.958000+00:00', 'date<': '2024-04-07T06:08:23.362000+00:00'}
2025-12-15 11:16:19 [DEBUG] __main__ - [compute_lap_features_for_driver] driver=1 lap=22, car_data rows=373
2025-12-15 11:16:19 [INFO] __main__ - [compute_lap_features_for_driver] driver=1 lap=23 KEEP, status=GREEN, duration=96.2s
2025-12-15 11:16:19 [DEBUG] __main__ - [get_openf1] GET https://api.openf1.org/v1/car_data params={'session_key': 9496, 'driver_number': 1, 'date>': '2024-04-07T06:08:23.362000+00:00', 'date<': '2024-04-07T06:09:59.554000+00:00'}
2025-12-15 11:16:19 [DEBUG] __main__ - [compute_lap_features_for_driver] driver=1 lap=23, car_data rows=362
2025-12-15 11:16:19 [INFO] __main__ - [compute_lap_features_for_driver] driver=1 lap=24 KEEP, status=GREEN, duration=96.6s
2025-12-15 11:16:19 [DEBUG] __main__ - [get_openf1] GET https://api.openf1.org/v1/car_data params={'session_key': 9496, 'driver_number': 1, 'date>': '2024-04-07T06:09:59.554000+00:00', 'date<': '2024-04-07T06:11:36.118000+00:00'}
2025-12-15 11:16:20 [DEBUG] __main__ - [compute_lap_features_for_driver] driver=1 lap=24, car_data rows=366
2025-12-15 11:16:20 [INFO] __main__ - [compute_lap_features_for_driver] driver=1 lap=25 KEEP, status=GREEN, duration=96.3s
2025-12-15 11:16:20 [DEBUG] __main__ - [get_openf1] GET https://api.openf1.org/v1/car_data params={'session_key': 9496, 'driver_number': 1, 'date>': '2024-04-07T06:11:36.118000+00:00', 'date<': '2024-04-07T06:13:12.443000+00:00'}
2025-12-15 11:16:21 [DEBUG] __main__ - [compute_lap_features_for_driver] driver=1 lap=25, car_data rows=365
2025-12-15 11:16:21 [INFO] __main__ - [compute_lap_features_for_driver] driver=1 lap=26 KEEP, status=GREEN, duration=96.4s
2025-12-15 11:16:21 [DEBUG] __main__ - [get_openf1] GET https://api.openf1.org/v1/car_data params={'session_key': 9496, 'driver_number': 1, 'date>': '2024-04-07T06:13:12.443000+00:00', 'date<': '2024-04-07T06:14:48.817000+00:00'}
2025-12-15 11:16:22 [DEBUG] __main__ - [compute_lap_features_for_driver] driver=1 lap=26, car_data rows=347
2025-12-15 11:16:22 [INFO] __main__ - [compute_lap_features_for_driver] driver=1 lap=27 KEEP, status=GREEN, duration=96.7s
2025-12-15 11:16:22 [DEBUG] __main__ - [get_openf1] GET https://api.openf1.org/v1/car_data params={'session_key': 9496, 'driver_number': 1, 'date>': '2024-04-07T06:14:48.817000+00:00', 'date<': '2024-04-07T06:16:25.497000+00:00'}
2025-12-15 11:16:23 [DEBUG] __main__ - [compute_lap_features_for_driver] driver=1 lap=27, car_data rows=379
2025-12-15 11:16:23 [INFO] __main__ - [compute_lap_features_for_driver] driver=1 lap=28 KEEP, status=GREEN, duration=96.5s
2025-12-15 11:16:23 [DEBUG] __main__ - [get_openf1] GET https://api.openf1.org/v1/car_data params={'session_key': 9496, 'driver_number': 1, 'date>': '2024-04-07T06:16:25.497000+00:00', 'date<': '2024-04-07T06:18:01.997000+00:00'}
2025-12-15 11:16:23 [DEBUG] __main__ - [compute_lap_features_for_driver] driver=1 lap=28, car_data rows=368
2025-12-15 11:16:23 [INFO] __main__ - [compute_lap_features_for_driver] driver=1 lap=29 KEEP, status=GREEN, duration=96.6s
2025-12-15 11:16:23 [DEBUG] __main__ - [get_openf1] GET https://api.openf1.org/v1/car_data params={'session_key': 9496, 'driver_number': 1, 'date>': '2024-04-07T06:18:01.997000+00:00', 'date<': '2024-04-07T06:19:38.628000+00:00'}
2025-12-15 11:16:24 [DEBUG] __main__ - [compute_lap_features_for_driver] driver=1 lap=29, car_data rows=362
2025-12-15 11:16:24 [INFO] __main__ - [compute_lap_features_for_driver] driver=1 lap=30 KEEP, status=GREEN, duration=96.8s
2025-12-15 11:16:24 [DEBUG] __main__ - [get_openf1] GET https://api.openf1.org/v1/car_data params={'session_key': 9496, 'driver_number': 1, 'date>': '2024-04-07T06:19:38.628000+00:00', 'date<': '2024-04-07T06:21:15.477000+00:00'}
2025-12-15 11:16:25 [DEBUG] __main__ - [compute_lap_features_for_driver] driver=1 lap=30, car_data rows=362
2025-12-15 11:16:25 [INFO] __main__ - [compute_lap_features_for_driver] driver=1 lap=31 KEEP, status=GREEN, duration=96.8s
2025-12-15 11:16:25 [DEBUG] __main__ - [get_openf1] GET https://api.openf1.org/v1/car_data params={'session_key': 9496, 'driver_number': 1, 'date>': '2024-04-07T06:21:15.477000+00:00', 'date<': '2024-04-07T06:22:52.278000+00:00'}
2025-12-15 11:16:25 [DEBUG] __main__ - [compute_lap_features_for_driver] driver=1 lap=31, car_data rows=360
2025-12-15 11:16:25 [INFO] __main__ - [compute_lap_features_for_driver] driver=1 lap=32 KEEP, status=GREEN, duration=97.0s
2025-12-15 11:16:25 [DEBUG] __main__ - [get_openf1] GET https://api.openf1.org/v1/car_data params={'session_key': 9496, 'driver_number': 1, 'date>': '2024-04-07T06:22:52.278000+00:00', 'date<': '2024-04-07T06:24:29.251000+00:00'}
2025-12-15 11:16:26 [DEBUG] __main__ - [compute_lap_features_for_driver] driver=1 lap=32, car_data rows=369
2025-12-15 11:16:26 [INFO] __main__ - [compute_lap_features_for_driver] driver=1 lap=33 KEEP, status=GREEN, duration=97.0s
2025-12-15 11:16:26 [DEBUG] __main__ - [get_openf1] GET https://api.openf1.org/v1/car_data params={'session_key': 9496, 'driver_number': 1, 'date>': '2024-04-07T06:24:29.251000+00:00', 'date<': '2024-04-07T06:26:06.288000+00:00'}
2025-12-15 11:16:27 [DEBUG] __main__ - [compute_lap_features_for_driver] driver=1 lap=33, car_data rows=370
2025-12-15 11:16:27 [INFO] __main__ - [compute_lap_features_for_driver] driver=1 lap=34 KEEP, status=GREEN, duration=99.3s
2025-12-15 11:16:27 [DEBUG] __main__ - [get_openf1] GET https://api.openf1.org/v1/car_data params={'session_key': 9496, 'driver_number': 1, 'date>': '2024-04-07T06:26:06.288000+00:00', 'date<': '2024-04-07T06:27:45.551000+00:00'}
2025-12-15 11:16:28 [DEBUG] __main__ - [compute_lap_features_for_driver] driver=1 lap=34, car_data rows=374
2025-12-15 11:16:28 [INFO] __main__ - [compute_lap_features_for_driver] driver=1 lap=35 KEEP, status=GREEN, duration=115.4s
2025-12-15 11:16:28 [DEBUG] __main__ - [get_openf1] GET https://api.openf1.org/v1/car_data params={'session_key': 9496, 'driver_number': 1, 'date>': '2024-04-07T06:27:45.551000+00:00', 'date<': '2024-04-07T06:29:40.961000+00:00'}
2025-12-15 11:16:28 [DEBUG] __main__ - [compute_lap_features_for_driver] driver=1 lap=35, car_data rows=424
2025-12-15 11:16:28 [INFO] __main__ - [compute_lap_features_for_driver] driver=1 lap=36 KEEP, status=GREEN, duration=94.7s
2025-12-15 11:16:28 [DEBUG] __main__ - [get_openf1] GET https://api.openf1.org/v1/car_data params={'session_key': 9496, 'driver_number': 1, 'date>': '2024-04-07T06:29:40.961000+00:00', 'date<': '2024-04-07T06:31:15.611000+00:00'}
2025-12-15 11:16:29 [DEBUG] __main__ - [compute_lap_features_for_driver] driver=1 lap=36, car_data rows=349
2025-12-15 11:16:29 [INFO] __main__ - [compute_lap_features_for_driver] driver=1 lap=37 KEEP, status=GREEN, duration=95.0s
2025-12-15 11:16:29 [DEBUG] __main__ - [get_openf1] GET https://api.openf1.org/v1/car_data params={'session_key': 9496, 'driver_number': 1, 'date>': '2024-04-07T06:31:15.611000+00:00', 'date<': '2024-04-07T06:32:50.641000+00:00'}
2025-12-15 11:16:30 [DEBUG] __main__ - [compute_lap_features_for_driver] driver=1 lap=37, car_data rows=373
2025-12-15 11:16:30 [INFO] __main__ - [compute_lap_features_for_driver] driver=1 lap=38 KEEP, status=GREEN, duration=94.9s
2025-12-15 11:16:30 [DEBUG] __main__ - [get_openf1] GET https://api.openf1.org/v1/car_data params={'session_key': 9496, 'driver_number': 1, 'date>': '2024-04-07T06:32:50.641000+00:00', 'date<': '2024-04-07T06:34:25.590000+00:00'}
2025-12-15 11:16:30 [DEBUG] __main__ - [compute_lap_features_for_driver] driver=1 lap=38, car_data rows=350
2025-12-15 11:16:30 [INFO] __main__ - [compute_lap_features_for_driver] driver=1 lap=39 KEEP, status=GREEN, duration=94.5s
2025-12-15 11:16:30 [DEBUG] __main__ - [get_openf1] GET https://api.openf1.org/v1/car_data params={'session_key': 9496, 'driver_number': 1, 'date>': '2024-04-07T06:34:25.590000+00:00', 'date<': '2024-04-07T06:36:00.138000+00:00'}
2025-12-15 11:16:31 [DEBUG] __main__ - [compute_lap_features_for_driver] driver=1 lap=39, car_data rows=345
2025-12-15 11:16:31 [INFO] __main__ - [compute_lap_features_for_driver] driver=1 lap=40 KEEP, status=GREEN, duration=94.3s
2025-12-15 11:16:31 [DEBUG] __main__ - [get_openf1] GET https://api.openf1.org/v1/car_data params={'session_key': 9496, 'driver_number': 1, 'date>': '2024-04-07T06:36:00.138000+00:00', 'date<': '2024-04-07T06:37:34.426000+00:00'}
2025-12-15 11:16:32 [DEBUG] __main__ - [compute_lap_features_for_driver] driver=1 lap=40, car_data rows=355
2025-12-15 11:16:32 [INFO] __main__ - [compute_lap_features_for_driver] driver=1 lap=41 KEEP, status=GREEN, duration=94.2s
2025-12-15 11:16:32 [DEBUG] __main__ - [get_openf1] GET https://api.openf1.org/v1/car_data params={'session_key': 9496, 'driver_number': 1, 'date>': '2024-04-07T06:37:34.426000+00:00', 'date<': '2024-04-07T06:39:08.603000+00:00'}
2025-12-15 11:16:32 [DEBUG] __main__ - [compute_lap_features_for_driver] driver=1 lap=41, car_data rows=349
2025-12-15 11:16:32 [INFO] __main__ - [compute_lap_features_for_driver] driver=1 lap=42 DROP (YELLOW_FLAG_LAP), status=YELLOW, duration=95.1s
2025-12-15 11:16:32 [INFO] __main__ - [compute_lap_features_for_driver] driver=1 lap=43 KEEP, status=GREEN, duration=94.2s
2025-12-15 11:16:32 [DEBUG] __main__ - [get_openf1] GET https://api.openf1.org/v1/car_data params={'session_key': 9496, 'driver_number': 1, 'date>': '2024-04-07T06:40:43.702000+00:00', 'date<': '2024-04-07T06:42:17.939000+00:00'}
2025-12-15 11:16:33 [DEBUG] __main__ - [compute_lap_features_for_driver] driver=1 lap=43, car_data rows=354
2025-12-15 11:16:33 [INFO] __main__ - [compute_lap_features_for_driver] driver=1 lap=44 KEEP, status=GREEN, duration=94.5s
2025-12-15 11:16:33 [DEBUG] __main__ - [get_openf1] GET https://api.openf1.org/v1/car_data params={'session_key': 9496, 'driver_number': 1, 'date>': '2024-04-07T06:42:17.939000+00:00', 'date<': '2024-04-07T06:43:52.477000+00:00'}
2025-12-15 11:16:34 [DEBUG] __main__ - [compute_lap_features_for_driver] driver=1 lap=44, car_data rows=349
2025-12-15 11:16:34 [INFO] __main__ - [compute_lap_features_for_driver] driver=1 lap=45 KEEP, status=GREEN, duration=94.6s
2025-12-15 11:16:34 [DEBUG] __main__ - [get_openf1] GET https://api.openf1.org/v1/car_data params={'session_key': 9496, 'driver_number': 1, 'date>': '2024-04-07T06:43:52.477000+00:00', 'date<': '2024-04-07T06:45:27.032000+00:00'}
2025-12-15 11:16:34 [DEBUG] __main__ - [compute_lap_features_for_driver] driver=1 lap=45, car_data rows=357
2025-12-15 11:16:34 [INFO] __main__ - [compute_lap_features_for_driver] driver=1 lap=46 KEEP, status=GREEN, duration=94.6s
2025-12-15 11:16:34 [DEBUG] __main__ - [get_openf1] GET https://api.openf1.org/v1/car_data params={'session_key': 9496, 'driver_number': 1, 'date>': '2024-04-07T06:45:27.032000+00:00', 'date<': '2024-04-07T06:47:01.651000+00:00'}
2025-12-15 11:16:35 [DEBUG] __main__ - [compute_lap_features_for_driver] driver=1 lap=46, car_data rows=364
2025-12-15 11:16:35 [INFO] __main__ - [compute_lap_features_for_driver] driver=1 lap=47 KEEP, status=GREEN, duration=95.0s
2025-12-15 11:16:35 [DEBUG] __main__ - [get_openf1] GET https://api.openf1.org/v1/car_data params={'session_key': 9496, 'driver_number': 1, 'date>': '2024-04-07T06:47:01.651000+00:00', 'date<': '2024-04-07T06:48:36.700000+00:00'}
2025-12-15 11:16:35 [DEBUG] __main__ - [compute_lap_features_for_driver] driver=1 lap=47, car_data rows=361
2025-12-15 11:16:35 [INFO] __main__ - [compute_lap_features_for_driver] driver=1 lap=48 KEEP, status=GREEN, duration=95.7s
2025-12-15 11:16:35 [DEBUG] __main__ - [get_openf1] GET https://api.openf1.org/v1/car_data params={'session_key': 9496, 'driver_number': 1, 'date>': '2024-04-07T06:48:36.700000+00:00', 'date<': '2024-04-07T06:50:12.416000+00:00'}
2025-12-15 11:16:36 [DEBUG] __main__ - [compute_lap_features_for_driver] driver=1 lap=48, car_data rows=359
2025-12-15 11:16:36 [INFO] __main__ - [compute_lap_features_for_driver] driver=1 lap=49 KEEP, status=GREEN, duration=94.9s
2025-12-15 11:16:36 [DEBUG] __main__ - [get_openf1] GET https://api.openf1.org/v1/car_data params={'session_key': 9496, 'driver_number': 1, 'date>': '2024-04-07T06:50:12.416000+00:00', 'date<': '2024-04-07T06:51:47.313000+00:00'}
2025-12-15 11:16:36 [DEBUG] __main__ - [compute_lap_features_for_driver] driver=1 lap=49, car_data rows=366
2025-12-15 11:16:36 [INFO] __main__ - [compute_lap_features_for_driver] driver=1 lap=50 KEEP, status=GREEN, duration=93.9s
2025-12-15 11:16:36 [DEBUG] __main__ - [get_openf1] GET https://api.openf1.org/v1/car_data params={'session_key': 9496, 'driver_number': 1, 'date>': '2024-04-07T06:51:47.313000+00:00', 'date<': '2024-04-07T06:53:21.225000+00:00'}
2025-12-15 11:16:37 [DEBUG] __main__ - [compute_lap_features_for_driver] driver=1 lap=50, car_data rows=347
2025-12-15 11:16:37 [INFO] __main__ - [compute_lap_features_for_driver] driver=1 lap=51 KEEP, status=GREEN, duration=94.6s
2025-12-15 11:16:37 [DEBUG] __main__ - [get_openf1] GET https://api.openf1.org/v1/car_data params={'session_key': 9496, 'driver_number': 1, 'date>': '2024-04-07T06:53:21.225000+00:00', 'date<': '2024-04-07T06:54:55.869000+00:00'}
2025-12-15 11:16:37 [DEBUG] __main__ - [compute_lap_features_for_driver] driver=1 lap=51, car_data rows=365
2025-12-15 11:16:37 [INFO] __main__ - [compute_lap_features_for_driver] driver=1 lap=52 KEEP, status=GREEN, duration=95.0s
2025-12-15 11:16:37 [DEBUG] __main__ - [get_openf1] GET https://api.openf1.org/v1/car_data params={'session_key': 9496, 'driver_number': 1, 'date>': '2024-04-07T06:54:55.869000+00:00', 'date<': '2024-04-07T06:56:30.849000+00:00'}
2025-12-15 11:16:38 [DEBUG] __main__ - [compute_lap_features_for_driver] driver=1 lap=52, car_data rows=364
2025-12-15 11:16:38 [INFO] __main__ - [compute_lap_features_for_driver] driver=1 lap=53 DROP (CHEQUERED_FLAG_LAP), status=RED_FLAG;CHEQUERED, duration=nans
2025-12-15 11:16:38 [INFO] __main__ - [compute_lap_features_for_driver] driver=1, feature laps=[4, 5, 6, 7, 8, 9, 10, 11, 12, 13, 14, 15, 16, 17, 18, 19, 20, 21, 22, 23, 24, 25, 26, 27, 28, 29, 30, 31, 32, 33, 34, 35, 36, 37, 38, 39, 40, 41, 43, 44, 45, 46, 47, 48, 49, 50, 51, 52]
2025-12-15 11:16:38 [INFO] __main__ - [build_driver_style_embedding_json] compute features for driver=11
2025-12-15 11:16:38 [DEBUG] __main__ - [get_openf1] GET https://api.openf1.org/v1/laps params={'session_key': 9496, 'driver_number': 11}
2025-12-15 11:16:39 [DEBUG] __main__ - [get_openf1] GET https://api.openf1.org/v1/sessions params={'session_key': 9496}
2025-12-15 11:16:39 [INFO] __main__ - [fetch_session_start] session_key=9496, date_start=2024-04-07 05:00:00+00:00
2025-12-15 11:16:39 [INFO] __main__ - [fetch_race_start_time] use first GREEN as race_start: 2024-04-07 04:20:01+00:00
2025-12-15 11:16:39 [INFO] __main__ - [fetch_laps] fill lap 1 date_start with race_start=2024-04-07 04:20:01+00:00
2025-12-15 11:16:39 [INFO] __main__ - [fetch_laps] driver=11, laps: min=1, max=53, count=53
2025-12-15 11:16:39 [DEBUG] __main__ - [fetch_laps] head:
   meeting_key  session_key  ...  st_speed  lap_duration_s
0         1232         9496  ...       169        2754.247
1         1232         9496  ...       152        1711.421
2         1232         9496  ...       290         171.684
3         1232         9496  ...       296          96.526
4         1232         9496  ...       297          96.490

[5 rows x 17 columns]
2025-12-15 11:16:39 [DEBUG] __main__ - [build_lap_status_mapping] status_by_lap={1: 'YELLOW;RED_FLAG', 2: 'SC', 3: 'GREEN', 4: 'GREEN', 5: 'GREEN', 6: 'GREEN', 7: 'GREEN', 8: 'GREEN', 9: 'GREEN', 10: 'GREEN', 11: 'GREEN', 12: 'GREEN', 13: 'GREEN', 14: 'GREEN', 15: 'GREEN', 16: 'GREEN', 17: 'GREEN', 18: 'GREEN', 19: 'GREEN', 20: 'GREEN', 21: 'GREEN', 22: 'GREEN', 23: 'GREEN', 24: 'GREEN', 25: 'GREEN', 26: 'GREEN', 27: 'GREEN', 28: 'GREEN', 29: 'GREEN', 30: 'GREEN', 31: 'GREEN', 32: 'GREEN', 33: 'GREEN', 34: 'GREEN', 35: 'GREEN', 36: 'GREEN', 37: 'GREEN', 38: 'GREEN', 39: 'GREEN', 40: 'GREEN', 41: 'GREEN', 42: 'YELLOW', 43: 'GREEN', 44: 'GREEN', 45: 'GREEN', 46: 'GREEN', 47: 'GREEN', 48: 'GREEN', 49: 'GREEN', 50: 'GREEN', 51: 'GREEN', 52: 'GREEN', 53: 'RED_FLAG;CHEQUERED'}
2025-12-15 11:16:39 [INFO] __main__ - [compute_lap_features_for_driver] driver=11, typical_duration_s=96.757
2025-12-15 11:16:39 [INFO] __main__ - [compute_lap_features_for_driver] driver=11 lap=1 DROP (RED_FLAG_LAP), status=YELLOW;RED_FLAG, duration=2754.2s
2025-12-15 11:16:39 [INFO] __main__ - [compute_lap_features_for_driver] driver=11 lap=2 DROP (SC_LAP), status=SC, duration=1711.4s
2025-12-15 11:16:39 [INFO] __main__ - [compute_lap_features_for_driver] driver=11 lap=3 DROP (LONG_LAP_171.7s), status=GREEN, duration=171.7s
2025-12-15 11:16:39 [INFO] __main__ - [compute_lap_features_for_driver] driver=11 lap=4 KEEP, status=GREEN, duration=96.5s
2025-12-15 11:16:39 [DEBUG] __main__ - [get_openf1] GET https://api.openf1.org/v1/car_data params={'session_key': 9496, 'driver_number': 11, 'date>': '2024-04-07T05:37:18.352000+00:00', 'date<': '2024-04-07T05:38:54.878000+00:00'}
2025-12-15 11:16:40 [DEBUG] __main__ - [compute_lap_features_for_driver] driver=11 lap=4, car_data rows=359
2025-12-15 11:16:40 [INFO] __main__ - [compute_lap_features_for_driver] driver=11 lap=5 KEEP, status=GREEN, duration=96.5s
2025-12-15 11:16:40 [DEBUG] __main__ - [get_openf1] GET https://api.openf1.org/v1/car_data params={'session_key': 9496, 'driver_number': 11, 'date>': '2024-04-07T05:38:54.878000+00:00', 'date<': '2024-04-07T05:40:31.368000+00:00'}
2025-12-15 11:16:41 [DEBUG] __main__ - [compute_lap_features_for_driver] driver=11 lap=5, car_data rows=356
2025-12-15 11:16:41 [INFO] __main__ - [compute_lap_features_for_driver] driver=11 lap=6 KEEP, status=GREEN, duration=97.8s
2025-12-15 11:16:41 [DEBUG] __main__ - [get_openf1] GET https://api.openf1.org/v1/car_data params={'session_key': 9496, 'driver_number': 11, 'date>': '2024-04-07T05:40:31.368000+00:00', 'date<': '2024-04-07T05:42:09.146000+00:00'}
2025-12-15 11:16:41 [DEBUG] __main__ - [compute_lap_features_for_driver] driver=11 lap=6, car_data rows=371
2025-12-15 11:16:41 [INFO] __main__ - [compute_lap_features_for_driver] driver=11 lap=7 KEEP, status=GREEN, duration=97.2s
2025-12-15 11:16:41 [DEBUG] __main__ - [get_openf1] GET https://api.openf1.org/v1/car_data params={'session_key': 9496, 'driver_number': 11, 'date>': '2024-04-07T05:42:09.146000+00:00', 'date<': '2024-04-07T05:43:46.373000+00:00'}
2025-12-15 11:16:42 [DEBUG] __main__ - [compute_lap_features_for_driver] driver=11 lap=7, car_data rows=374
2025-12-15 11:16:42 [INFO] __main__ - [compute_lap_features_for_driver] driver=11 lap=8 KEEP, status=GREEN, duration=97.3s
2025-12-15 11:16:42 [DEBUG] __main__ - [get_openf1] GET https://api.openf1.org/v1/car_data params={'session_key': 9496, 'driver_number': 11, 'date>': '2024-04-07T05:43:46.373000+00:00', 'date<': '2024-04-07T05:45:23.666000+00:00'}
2025-12-15 11:16:42 [DEBUG] __main__ - [compute_lap_features_for_driver] driver=11 lap=8, car_data rows=367
2025-12-15 11:16:42 [INFO] __main__ - [compute_lap_features_for_driver] driver=11 lap=9 KEEP, status=GREEN, duration=97.8s
2025-12-15 11:16:42 [DEBUG] __main__ - [get_openf1] GET https://api.openf1.org/v1/car_data params={'session_key': 9496, 'driver_number': 11, 'date>': '2024-04-07T05:45:23.666000+00:00', 'date<': '2024-04-07T05:47:01.438000+00:00'}
2025-12-15 11:16:43 [DEBUG] __main__ - [compute_lap_features_for_driver] driver=11 lap=9, car_data rows=367
2025-12-15 11:16:43 [INFO] __main__ - [compute_lap_features_for_driver] driver=11 lap=10 KEEP, status=GREEN, duration=97.9s
2025-12-15 11:16:43 [DEBUG] __main__ - [get_openf1] GET https://api.openf1.org/v1/car_data params={'session_key': 9496, 'driver_number': 11, 'date>': '2024-04-07T05:47:01.438000+00:00', 'date<': '2024-04-07T05:48:39.380000+00:00'}
2025-12-15 11:16:44 [DEBUG] __main__ - [compute_lap_features_for_driver] driver=11 lap=10, car_data rows=374
2025-12-15 11:16:44 [INFO] __main__ - [compute_lap_features_for_driver] driver=11 lap=11 KEEP, status=GREEN, duration=98.3s
2025-12-15 11:16:44 [DEBUG] __main__ - [get_openf1] GET https://api.openf1.org/v1/car_data params={'session_key': 9496, 'driver_number': 11, 'date>': '2024-04-07T05:48:39.380000+00:00', 'date<': '2024-04-07T05:50:17.644000+00:00'}
2025-12-15 11:16:44 [DEBUG] __main__ - [compute_lap_features_for_driver] driver=11 lap=11, car_data rows=375
2025-12-15 11:16:44 [INFO] __main__ - [compute_lap_features_for_driver] driver=11 lap=12 KEEP, status=GREEN, duration=98.1s
2025-12-15 11:16:44 [DEBUG] __main__ - [get_openf1] GET https://api.openf1.org/v1/car_data params={'session_key': 9496, 'driver_number': 11, 'date>': '2024-04-07T05:50:17.644000+00:00', 'date<': '2024-04-07T05:51:55.786000+00:00'}
2025-12-15 11:16:45 [DEBUG] __main__ - [compute_lap_features_for_driver] driver=11 lap=12, car_data rows=372
2025-12-15 11:16:45 [INFO] __main__ - [compute_lap_features_for_driver] driver=11 lap=13 KEEP, status=GREEN, duration=98.1s
2025-12-15 11:16:45 [DEBUG] __main__ - [get_openf1] GET https://api.openf1.org/v1/car_data params={'session_key': 9496, 'driver_number': 11, 'date>': '2024-04-07T05:51:55.786000+00:00', 'date<': '2024-04-07T05:53:33.895000+00:00'}
2025-12-15 11:16:45 [DEBUG] __main__ - [compute_lap_features_for_driver] driver=11 lap=13, car_data rows=361
2025-12-15 11:16:45 [INFO] __main__ - [compute_lap_features_for_driver] driver=11 lap=14 KEEP, status=GREEN, duration=98.5s
2025-12-15 11:16:45 [DEBUG] __main__ - [get_openf1] GET https://api.openf1.org/v1/car_data params={'session_key': 9496, 'driver_number': 11, 'date>': '2024-04-07T05:53:33.895000+00:00', 'date<': '2024-04-07T05:55:12.379000+00:00'}
2025-12-15 11:16:46 [DEBUG] __main__ - [compute_lap_features_for_driver] driver=11 lap=14, car_data rows=363
2025-12-15 11:16:46 [INFO] __main__ - [compute_lap_features_for_driver] driver=11 lap=15 KEEP, status=GREEN, duration=100.9s
2025-12-15 11:16:46 [DEBUG] __main__ - [get_openf1] GET https://api.openf1.org/v1/car_data params={'session_key': 9496, 'driver_number': 11, 'date>': '2024-04-07T05:55:12.379000+00:00', 'date<': '2024-04-07T05:56:53.254000+00:00'}
2025-12-15 11:16:47 [DEBUG] __main__ - [compute_lap_features_for_driver] driver=11 lap=15, car_data rows=368
2025-12-15 11:16:47 [INFO] __main__ - [compute_lap_features_for_driver] driver=11 lap=16 KEEP, status=GREEN, duration=114.9s
2025-12-15 11:16:47 [DEBUG] __main__ - [get_openf1] GET https://api.openf1.org/v1/car_data params={'session_key': 9496, 'driver_number': 11, 'date>': '2024-04-07T05:56:53.254000+00:00', 'date<': '2024-04-07T05:58:48.107000+00:00'}
2025-12-15 11:16:47 [DEBUG] __main__ - [compute_lap_features_for_driver] driver=11 lap=16, car_data rows=426
2025-12-15 11:16:47 [INFO] __main__ - [compute_lap_features_for_driver] driver=11 lap=17 KEEP, status=GREEN, duration=97.5s
2025-12-15 11:16:47 [DEBUG] __main__ - [get_openf1] GET https://api.openf1.org/v1/car_data params={'session_key': 9496, 'driver_number': 11, 'date>': '2024-04-07T05:58:48.107000+00:00', 'date<': '2024-04-07T06:00:25.588000+00:00'}
2025-12-15 11:16:48 [DEBUG] __main__ - [compute_lap_features_for_driver] driver=11 lap=17, car_data rows=375
2025-12-15 11:16:48 [INFO] __main__ - [compute_lap_features_for_driver] driver=11 lap=18 KEEP, status=GREEN, duration=97.8s
2025-12-15 11:16:48 [DEBUG] __main__ - [get_openf1] GET https://api.openf1.org/v1/car_data params={'session_key': 9496, 'driver_number': 11, 'date>': '2024-04-07T06:00:25.588000+00:00', 'date<': '2024-04-07T06:02:03.416000+00:00'}
2025-12-15 11:16:49 [DEBUG] __main__ - [compute_lap_features_for_driver] driver=11 lap=18, car_data rows=376
2025-12-15 11:16:49 [INFO] __main__ - [compute_lap_features_for_driver] driver=11 lap=19 KEEP, status=GREEN, duration=96.4s
2025-12-15 11:16:49 [DEBUG] __main__ - [get_openf1] GET https://api.openf1.org/v1/car_data params={'session_key': 9496, 'driver_number': 11, 'date>': '2024-04-07T06:02:03.416000+00:00', 'date<': '2024-04-07T06:03:39.776000+00:00'}
2025-12-15 11:16:50 [DEBUG] __main__ - [compute_lap_features_for_driver] driver=11 lap=19, car_data rows=361
2025-12-15 11:16:50 [INFO] __main__ - [compute_lap_features_for_driver] driver=11 lap=20 KEEP, status=GREEN, duration=96.2s
2025-12-15 11:16:50 [DEBUG] __main__ - [get_openf1] GET https://api.openf1.org/v1/car_data params={'session_key': 9496, 'driver_number': 11, 'date>': '2024-04-07T06:03:39.776000+00:00', 'date<': '2024-04-07T06:05:16.011000+00:00'}
2025-12-15 11:16:51 [DEBUG] __main__ - [compute_lap_features_for_driver] driver=11 lap=20, car_data rows=353
2025-12-15 11:16:51 [INFO] __main__ - [compute_lap_features_for_driver] driver=11 lap=21 KEEP, status=GREEN, duration=96.7s
2025-12-15 11:16:51 [DEBUG] __main__ - [get_openf1] GET https://api.openf1.org/v1/car_data params={'session_key': 9496, 'driver_number': 11, 'date>': '2024-04-07T06:05:16.011000+00:00', 'date<': '2024-04-07T06:06:52.663000+00:00'}
2025-12-15 11:16:52 [DEBUG] __main__ - [compute_lap_features_for_driver] driver=11 lap=21, car_data rows=367
2025-12-15 11:16:52 [INFO] __main__ - [compute_lap_features_for_driver] driver=11 lap=22 KEEP, status=GREEN, duration=97.1s
2025-12-15 11:16:52 [DEBUG] __main__ - [get_openf1] GET https://api.openf1.org/v1/car_data params={'session_key': 9496, 'driver_number': 11, 'date>': '2024-04-07T06:06:52.663000+00:00', 'date<': '2024-04-07T06:08:29.809000+00:00'}
2025-12-15 11:16:52 [DEBUG] __main__ - [compute_lap_features_for_driver] driver=11 lap=22, car_data rows=375
2025-12-15 11:16:52 [INFO] __main__ - [compute_lap_features_for_driver] driver=11 lap=23 KEEP, status=GREEN, duration=96.8s
2025-12-15 11:16:52 [DEBUG] __main__ - [get_openf1] GET https://api.openf1.org/v1/car_data params={'session_key': 9496, 'driver_number': 11, 'date>': '2024-04-07T06:08:29.809000+00:00', 'date<': '2024-04-07T06:10:06.566000+00:00'}
2025-12-15 11:16:53 [DEBUG] __main__ - [compute_lap_features_for_driver] driver=11 lap=23, car_data rows=363
2025-12-15 11:16:53 [INFO] __main__ - [compute_lap_features_for_driver] driver=11 lap=24 KEEP, status=GREEN, duration=96.9s
2025-12-15 11:16:53 [DEBUG] __main__ - [get_openf1] GET https://api.openf1.org/v1/car_data params={'session_key': 9496, 'driver_number': 11, 'date>': '2024-04-07T06:10:06.566000+00:00', 'date<': '2024-04-07T06:11:43.439000+00:00'}
2025-12-15 11:16:54 [DEBUG] __main__ - [compute_lap_features_for_driver] driver=11 lap=24, car_data rows=369
2025-12-15 11:16:54 [INFO] __main__ - [compute_lap_features_for_driver] driver=11 lap=25 KEEP, status=GREEN, duration=97.7s
2025-12-15 11:16:54 [DEBUG] __main__ - [get_openf1] GET https://api.openf1.org/v1/car_data params={'session_key': 9496, 'driver_number': 11, 'date>': '2024-04-07T06:11:43.439000+00:00', 'date<': '2024-04-07T06:13:21.164000+00:00'}
2025-12-15 11:16:55 [DEBUG] __main__ - [compute_lap_features_for_driver] driver=11 lap=25, car_data rows=367
2025-12-15 11:16:55 [INFO] __main__ - [compute_lap_features_for_driver] driver=11 lap=26 KEEP, status=GREEN, duration=97.7s
2025-12-15 11:16:55 [DEBUG] __main__ - [get_openf1] GET https://api.openf1.org/v1/car_data params={'session_key': 9496, 'driver_number': 11, 'date>': '2024-04-07T06:13:21.164000+00:00', 'date<': '2024-04-07T06:14:58.895000+00:00'}
2025-12-15 11:16:56 [DEBUG] __main__ - [compute_lap_features_for_driver] driver=11 lap=26, car_data rows=357
2025-12-15 11:16:56 [INFO] __main__ - [compute_lap_features_for_driver] driver=11 lap=27 KEEP, status=GREEN, duration=96.9s
2025-12-15 11:16:56 [DEBUG] __main__ - [get_openf1] GET https://api.openf1.org/v1/car_data params={'session_key': 9496, 'driver_number': 11, 'date>': '2024-04-07T06:14:58.895000+00:00', 'date<': '2024-04-07T06:16:35.812000+00:00'}
2025-12-15 11:16:57 [DEBUG] __main__ - [compute_lap_features_for_driver] driver=11 lap=27, car_data rows=378
2025-12-15 11:16:57 [INFO] __main__ - [compute_lap_features_for_driver] driver=11 lap=28 KEEP, status=GREEN, duration=96.6s
2025-12-15 11:16:57 [DEBUG] __main__ - [get_openf1] GET https://api.openf1.org/v1/car_data params={'session_key': 9496, 'driver_number': 11, 'date>': '2024-04-07T06:16:35.812000+00:00', 'date<': '2024-04-07T06:18:12.457000+00:00'}
2025-12-15 11:16:58 [DEBUG] __main__ - [compute_lap_features_for_driver] driver=11 lap=28, car_data rows=364
2025-12-15 11:16:58 [INFO] __main__ - [compute_lap_features_for_driver] driver=11 lap=29 KEEP, status=GREEN, duration=97.0s
2025-12-15 11:16:58 [DEBUG] __main__ - [get_openf1] GET https://api.openf1.org/v1/car_data params={'session_key': 9496, 'driver_number': 11, 'date>': '2024-04-07T06:18:12.457000+00:00', 'date<': '2024-04-07T06:19:49.434000+00:00'}
2025-12-15 11:16:58 [DEBUG] __main__ - [compute_lap_features_for_driver] driver=11 lap=29, car_data rows=366
2025-12-15 11:16:58 [INFO] __main__ - [compute_lap_features_for_driver] driver=11 lap=30 KEEP, status=GREEN, duration=97.1s
2025-12-15 11:16:58 [DEBUG] __main__ - [get_openf1] GET https://api.openf1.org/v1/car_data params={'session_key': 9496, 'driver_number': 11, 'date>': '2024-04-07T06:19:49.434000+00:00', 'date<': '2024-04-07T06:21:26.575000+00:00'}
2025-12-15 11:16:59 [DEBUG] __main__ - [compute_lap_features_for_driver] driver=11 lap=30, car_data rows=365
2025-12-15 11:16:59 [INFO] __main__ - [compute_lap_features_for_driver] driver=11 lap=31 KEEP, status=GREEN, duration=97.2s
2025-12-15 11:16:59 [DEBUG] __main__ - [get_openf1] GET https://api.openf1.org/v1/car_data params={'session_key': 9496, 'driver_number': 11, 'date>': '2024-04-07T06:21:26.575000+00:00', 'date<': '2024-04-07T06:23:03.747000+00:00'}
2025-12-15 11:17:00 [DEBUG] __main__ - [compute_lap_features_for_driver] driver=11 lap=31, car_data rows=360
2025-12-15 11:17:00 [INFO] __main__ - [compute_lap_features_for_driver] driver=11 lap=32 KEEP, status=GREEN, duration=97.0s
2025-12-15 11:17:00 [DEBUG] __main__ - [get_openf1] GET https://api.openf1.org/v1/car_data params={'session_key': 9496, 'driver_number': 11, 'date>': '2024-04-07T06:23:03.747000+00:00', 'date<': '2024-04-07T06:24:40.713000+00:00'}
2025-12-15 11:17:00 [DEBUG] __main__ - [compute_lap_features_for_driver] driver=11 lap=32, car_data rows=367
2025-12-15 11:17:00 [INFO] __main__ - [compute_lap_features_for_driver] driver=11 lap=33 KEEP, status=GREEN, duration=99.5s
2025-12-15 11:17:00 [DEBUG] __main__ - [get_openf1] GET https://api.openf1.org/v1/car_data params={'session_key': 9496, 'driver_number': 11, 'date>': '2024-04-07T06:24:40.713000+00:00', 'date<': '2024-04-07T06:26:20.177000+00:00'}
2025-12-15 11:17:01 [DEBUG] __main__ - [compute_lap_features_for_driver] driver=11 lap=33, car_data rows=384
2025-12-15 11:17:01 [INFO] __main__ - [compute_lap_features_for_driver] driver=11 lap=34 KEEP, status=GREEN, duration=115.0s
2025-12-15 11:17:01 [DEBUG] __main__ - [get_openf1] GET https://api.openf1.org/v1/car_data params={'session_key': 9496, 'driver_number': 11, 'date>': '2024-04-07T06:26:20.177000+00:00', 'date<': '2024-04-07T06:28:15.185000+00:00'}
2025-12-15 11:17:02 [DEBUG] __main__ - [compute_lap_features_for_driver] driver=11 lap=34, car_data rows=424
2025-12-15 11:17:02 [INFO] __main__ - [compute_lap_features_for_driver] driver=11 lap=35 KEEP, status=GREEN, duration=94.0s
2025-12-15 11:17:02 [DEBUG] __main__ - [get_openf1] GET https://api.openf1.org/v1/car_data params={'session_key': 9496, 'driver_number': 11, 'date>': '2024-04-07T06:28:15.185000+00:00', 'date<': '2024-04-07T06:29:49.188000+00:00'}
2025-12-15 11:17:03 [DEBUG] __main__ - [compute_lap_features_for_driver] driver=11 lap=35, car_data rows=347
2025-12-15 11:17:03 [INFO] __main__ - [compute_lap_features_for_driver] driver=11 lap=36 KEEP, status=GREEN, duration=94.3s
2025-12-15 11:17:03 [DEBUG] __main__ - [get_openf1] GET https://api.openf1.org/v1/car_data params={'session_key': 9496, 'driver_number': 11, 'date>': '2024-04-07T06:29:49.188000+00:00', 'date<': '2024-04-07T06:31:23.473000+00:00'}
2025-12-15 11:17:03 [DEBUG] __main__ - [compute_lap_features_for_driver] driver=11 lap=36, car_data rows=353
2025-12-15 11:17:03 [INFO] __main__ - [compute_lap_features_for_driver] driver=11 lap=37 KEEP, status=GREEN, duration=94.7s
2025-12-15 11:17:03 [DEBUG] __main__ - [get_openf1] GET https://api.openf1.org/v1/car_data params={'session_key': 9496, 'driver_number': 11, 'date>': '2024-04-07T06:31:23.473000+00:00', 'date<': '2024-04-07T06:32:58.208000+00:00'}
2025-12-15 11:17:04 [DEBUG] __main__ - [compute_lap_features_for_driver] driver=11 lap=37, car_data rows=365
2025-12-15 11:17:04 [INFO] __main__ - [compute_lap_features_for_driver] driver=11 lap=38 KEEP, status=GREEN, duration=95.5s
2025-12-15 11:17:04 [DEBUG] __main__ - [get_openf1] GET https://api.openf1.org/v1/car_data params={'session_key': 9496, 'driver_number': 11, 'date>': '2024-04-07T06:32:58.208000+00:00', 'date<': '2024-04-07T06:34:33.674000+00:00'}
2025-12-15 11:17:05 [DEBUG] __main__ - [compute_lap_features_for_driver] driver=11 lap=38, car_data rows=357
2025-12-15 11:17:05 [INFO] __main__ - [compute_lap_features_for_driver] driver=11 lap=39 KEEP, status=GREEN, duration=95.0s
2025-12-15 11:17:05 [DEBUG] __main__ - [get_openf1] GET https://api.openf1.org/v1/car_data params={'session_key': 9496, 'driver_number': 11, 'date>': '2024-04-07T06:34:33.674000+00:00', 'date<': '2024-04-07T06:36:08.655000+00:00'}
2025-12-15 11:17:05 [DEBUG] __main__ - [compute_lap_features_for_driver] driver=11 lap=39, car_data rows=345
2025-12-15 11:17:05 [INFO] __main__ - [compute_lap_features_for_driver] driver=11 lap=40 KEEP, status=GREEN, duration=94.7s
2025-12-15 11:17:05 [DEBUG] __main__ - [get_openf1] GET https://api.openf1.org/v1/car_data params={'session_key': 9496, 'driver_number': 11, 'date>': '2024-04-07T06:36:08.655000+00:00', 'date<': '2024-04-07T06:37:43.330000+00:00'}
2025-12-15 11:17:06 [DEBUG] __main__ - [compute_lap_features_for_driver] driver=11 lap=40, car_data rows=360
2025-12-15 11:17:06 [INFO] __main__ - [compute_lap_features_for_driver] driver=11 lap=41 KEEP, status=GREEN, duration=95.1s
2025-12-15 11:17:06 [DEBUG] __main__ - [get_openf1] GET https://api.openf1.org/v1/car_data params={'session_key': 9496, 'driver_number': 11, 'date>': '2024-04-07T06:37:43.330000+00:00', 'date<': '2024-04-07T06:39:18.391000+00:00'}
2025-12-15 11:17:07 [DEBUG] __main__ - [compute_lap_features_for_driver] driver=11 lap=41, car_data rows=348
2025-12-15 11:17:07 [INFO] __main__ - [compute_lap_features_for_driver] driver=11 lap=42 DROP (YELLOW_FLAG_LAP), status=YELLOW, duration=95.4s
2025-12-15 11:17:07 [INFO] __main__ - [compute_lap_features_for_driver] driver=11 lap=43 KEEP, status=GREEN, duration=95.1s
2025-12-15 11:17:07 [DEBUG] __main__ - [get_openf1] GET https://api.openf1.org/v1/car_data params={'session_key': 9496, 'driver_number': 11, 'date>': '2024-04-07T06:40:53.804000+00:00', 'date<': '2024-04-07T06:42:28.877000+00:00'}
2025-12-15 11:17:07 [DEBUG] __main__ - [compute_lap_features_for_driver] driver=11 lap=43, car_data rows=360
2025-12-15 11:17:07 [INFO] __main__ - [compute_lap_features_for_driver] driver=11 lap=44 KEEP, status=GREEN, duration=94.7s
2025-12-15 11:17:07 [DEBUG] __main__ - [get_openf1] GET https://api.openf1.org/v1/car_data params={'session_key': 9496, 'driver_number': 11, 'date>': '2024-04-07T06:42:28.877000+00:00', 'date<': '2024-04-07T06:44:03.593000+00:00'}
2025-12-15 11:17:08 [DEBUG] __main__ - [compute_lap_features_for_driver] driver=11 lap=44, car_data rows=342
2025-12-15 11:17:08 [INFO] __main__ - [compute_lap_features_for_driver] driver=11 lap=45 KEEP, status=GREEN, duration=95.0s
2025-12-15 11:17:08 [DEBUG] __main__ - [get_openf1] GET https://api.openf1.org/v1/car_data params={'session_key': 9496, 'driver_number': 11, 'date>': '2024-04-07T06:44:03.593000+00:00', 'date<': '2024-04-07T06:45:38.583000+00:00'}
2025-12-15 11:17:09 [DEBUG] __main__ - [compute_lap_features_for_driver] driver=11 lap=45, car_data rows=365
2025-12-15 11:17:09 [INFO] __main__ - [compute_lap_features_for_driver] driver=11 lap=46 KEEP, status=GREEN, duration=94.8s
2025-12-15 11:17:09 [DEBUG] __main__ - [get_openf1] GET https://api.openf1.org/v1/car_data params={'session_key': 9496, 'driver_number': 11, 'date>': '2024-04-07T06:45:38.583000+00:00', 'date<': '2024-04-07T06:47:13.391000+00:00'}
2025-12-15 11:17:09 [DEBUG] __main__ - [compute_lap_features_for_driver] driver=11 lap=46, car_data rows=364
2025-12-15 11:17:09 [INFO] __main__ - [compute_lap_features_for_driver] driver=11 lap=47 KEEP, status=GREEN, duration=95.1s
2025-12-15 11:17:09 [DEBUG] __main__ - [get_openf1] GET https://api.openf1.org/v1/car_data params={'session_key': 9496, 'driver_number': 11, 'date>': '2024-04-07T06:47:13.391000+00:00', 'date<': '2024-04-07T06:48:48.445000+00:00'}
2025-12-15 11:17:10 [DEBUG] __main__ - [compute_lap_features_for_driver] driver=11 lap=47, car_data rows=360
2025-12-15 11:17:10 [INFO] __main__ - [compute_lap_features_for_driver] driver=11 lap=48 KEEP, status=GREEN, duration=95.3s
2025-12-15 11:17:10 [DEBUG] __main__ - [get_openf1] GET https://api.openf1.org/v1/car_data params={'session_key': 9496, 'driver_number': 11, 'date>': '2024-04-07T06:48:48.445000+00:00', 'date<': '2024-04-07T06:50:23.793000+00:00'}
2025-12-15 11:17:10 [DEBUG] __main__ - [compute_lap_features_for_driver] driver=11 lap=48, car_data rows=357
2025-12-15 11:17:10 [INFO] __main__ - [compute_lap_features_for_driver] driver=11 lap=49 KEEP, status=GREEN, duration=95.0s
2025-12-15 11:17:10 [DEBUG] __main__ - [get_openf1] GET https://api.openf1.org/v1/car_data params={'session_key': 9496, 'driver_number': 11, 'date>': '2024-04-07T06:50:23.793000+00:00', 'date<': '2024-04-07T06:51:58.827000+00:00'}
2025-12-15 11:17:11 [DEBUG] __main__ - [compute_lap_features_for_driver] driver=11 lap=49, car_data rows=371
2025-12-15 11:17:11 [INFO] __main__ - [compute_lap_features_for_driver] driver=11 lap=50 KEEP, status=GREEN, duration=95.2s
2025-12-15 11:17:11 [DEBUG] __main__ - [get_openf1] GET https://api.openf1.org/v1/car_data params={'session_key': 9496, 'driver_number': 11, 'date>': '2024-04-07T06:51:58.827000+00:00', 'date<': '2024-04-07T06:53:33.977000+00:00'}
2025-12-15 11:17:12 [DEBUG] __main__ - [compute_lap_features_for_driver] driver=11 lap=50, car_data rows=352
2025-12-15 11:17:12 [INFO] __main__ - [compute_lap_features_for_driver] driver=11 lap=51 KEEP, status=GREEN, duration=95.0s
2025-12-15 11:17:12 [DEBUG] __main__ - [get_openf1] GET https://api.openf1.org/v1/car_data params={'session_key': 9496, 'driver_number': 11, 'date>': '2024-04-07T06:53:33.977000+00:00', 'date<': '2024-04-07T06:55:08.944000+00:00'}
2025-12-15 11:17:12 [DEBUG] __main__ - [compute_lap_features_for_driver] driver=11 lap=51, car_data rows=362
2025-12-15 11:17:12 [INFO] __main__ - [compute_lap_features_for_driver] driver=11 lap=52 KEEP, status=GREEN, duration=94.9s
2025-12-15 11:17:12 [DEBUG] __main__ - [get_openf1] GET https://api.openf1.org/v1/car_data params={'session_key': 9496, 'driver_number': 11, 'date>': '2024-04-07T06:55:08.944000+00:00', 'date<': '2024-04-07T06:56:43.834000+00:00'}
2025-12-15 11:17:13 [DEBUG] __main__ - [compute_lap_features_for_driver] driver=11 lap=52, car_data rows=367
2025-12-15 11:17:13 [INFO] __main__ - [compute_lap_features_for_driver] driver=11 lap=53 DROP (CHEQUERED_FLAG_LAP), status=RED_FLAG;CHEQUERED, duration=nans
2025-12-15 11:17:13 [INFO] __main__ - [compute_lap_features_for_driver] driver=11, feature laps=[4, 5, 6, 7, 8, 9, 10, 11, 12, 13, 14, 15, 16, 17, 18, 19, 20, 21, 22, 23, 24, 25, 26, 27, 28, 29, 30, 31, 32, 33, 34, 35, 36, 37, 38, 39, 40, 41, 43, 44, 45, 46, 47, 48, 49, 50, 51, 52]
2025-12-15 11:17:13 [INFO] __main__ - [build_driver_style_embedding_json] compute features for driver=2
2025-12-15 11:17:13 [DEBUG] __main__ - [get_openf1] GET https://api.openf1.org/v1/laps params={'session_key': 9496, 'driver_number': 2}
2025-12-15 11:17:14 [DEBUG] __main__ - [get_openf1] GET https://api.openf1.org/v1/sessions params={'session_key': 9496}
2025-12-15 11:17:14 [INFO] __main__ - [fetch_session_start] session_key=9496, date_start=2024-04-07 05:00:00+00:00
2025-12-15 11:17:14 [INFO] __main__ - [fetch_race_start_time] use first GREEN as race_start: 2024-04-07 04:20:01+00:00
2025-12-15 11:17:14 [INFO] __main__ - [fetch_laps] fill lap 1 date_start with race_start=2024-04-07 04:20:01+00:00
2025-12-15 11:17:14 [INFO] __main__ - [fetch_laps] driver=2, laps: min=1, max=52, count=52
2025-12-15 11:17:14 [DEBUG] __main__ - [fetch_laps] head:
   meeting_key  session_key  ...  st_speed  lap_duration_s
0         1232         9496  ...       118        2810.029
1         1232         9496  ...       278        1704.480
2         1232         9496  ...       284         132.667
3         1232         9496  ...       295         100.273
4         1232         9496  ...       300          99.603

[5 rows x 17 columns]
2025-12-15 11:17:14 [DEBUG] __main__ - [build_lap_status_mapping] status_by_lap={1: 'YELLOW;RED_FLAG', 2: 'SC', 3: 'GREEN', 4: 'GREEN', 5: 'GREEN', 6: 'GREEN', 7: 'GREEN', 8: 'GREEN', 9: 'GREEN', 10: 'GREEN', 11: 'GREEN', 12: 'GREEN', 13: 'GREEN', 14: 'GREEN', 15: 'GREEN', 16: 'GREEN', 17: 'GREEN', 18: 'GREEN', 19: 'GREEN', 20: 'GREEN', 21: 'GREEN', 22: 'GREEN', 23: 'GREEN', 24: 'GREEN', 25: 'GREEN', 26: 'GREEN', 27: 'GREEN', 28: 'GREEN', 29: 'GREEN', 30: 'GREEN', 31: 'GREEN', 32: 'GREEN', 33: 'GREEN', 34: 'GREEN', 35: 'GREEN', 36: 'GREEN', 37: 'GREEN', 38: 'GREEN', 39: 'GREEN', 40: 'GREEN', 41: 'YELLOW', 42: 'GREEN', 43: 'GREEN', 44: 'GREEN', 45: 'GREEN', 46: 'GREEN', 47: 'GREEN', 48: 'GREEN', 49: 'GREEN', 50: 'GREEN', 51: 'GREEN', 52: 'RED_FLAG;CHEQUERED'}
2025-12-15 11:17:14 [INFO] __main__ - [compute_lap_features_for_driver] driver=2, typical_duration_s=98.977
2025-12-15 11:17:14 [INFO] __main__ - [compute_lap_features_for_driver] driver=2 lap=1 DROP (RED_FLAG_LAP), status=YELLOW;RED_FLAG, duration=2810.0s
2025-12-15 11:17:14 [INFO] __main__ - [compute_lap_features_for_driver] driver=2 lap=2 DROP (SC_LAP), status=SC, duration=1704.5s
2025-12-15 11:17:14 [INFO] __main__ - [compute_lap_features_for_driver] driver=2 lap=3 KEEP, status=GREEN, duration=132.7s
2025-12-15 11:17:14 [DEBUG] __main__ - [get_openf1] GET https://api.openf1.org/v1/car_data params={'session_key': 9496, 'driver_number': 2, 'date>': '2024-04-07T05:35:15.509000+00:00', 'date<': '2024-04-07T05:37:28.176000+00:00'}
2025-12-15 11:17:15 [DEBUG] __main__ - [compute_lap_features_for_driver] driver=2 lap=3, car_data rows=499
2025-12-15 11:17:15 [INFO] __main__ - [compute_lap_features_for_driver] driver=2 lap=4 KEEP, status=GREEN, duration=100.3s
2025-12-15 11:17:15 [DEBUG] __main__ - [get_openf1] GET https://api.openf1.org/v1/car_data params={'session_key': 9496, 'driver_number': 2, 'date>': '2024-04-07T05:37:28.176000+00:00', 'date<': '2024-04-07T05:39:08.449000+00:00'}
2025-12-15 11:17:16 [DEBUG] __main__ - [compute_lap_features_for_driver] driver=2 lap=4, car_data rows=375
2025-12-15 11:17:16 [INFO] __main__ - [compute_lap_features_for_driver] driver=2 lap=5 KEEP, status=GREEN, duration=99.6s
2025-12-15 11:17:16 [DEBUG] __main__ - [get_openf1] GET https://api.openf1.org/v1/car_data params={'session_key': 9496, 'driver_number': 2, 'date>': '2024-04-07T05:39:08.449000+00:00', 'date<': '2024-04-07T05:40:48.052000+00:00'}
2025-12-15 11:17:16 [DEBUG] __main__ - [compute_lap_features_for_driver] driver=2 lap=5, car_data rows=367
2025-12-15 11:17:16 [INFO] __main__ - [compute_lap_features_for_driver] driver=2 lap=6 KEEP, status=GREEN, duration=99.7s
2025-12-15 11:17:16 [DEBUG] __main__ - [get_openf1] GET https://api.openf1.org/v1/car_data params={'session_key': 9496, 'driver_number': 2, 'date>': '2024-04-07T05:40:48.052000+00:00', 'date<': '2024-04-07T05:42:27.739000+00:00'}
2025-12-15 11:17:17 [DEBUG] __main__ - [compute_lap_features_for_driver] driver=2 lap=6, car_data rows=378
2025-12-15 11:17:17 [INFO] __main__ - [compute_lap_features_for_driver] driver=2 lap=7 KEEP, status=GREEN, duration=100.1s
2025-12-15 11:17:17 [DEBUG] __main__ - [get_openf1] GET https://api.openf1.org/v1/car_data params={'session_key': 9496, 'driver_number': 2, 'date>': '2024-04-07T05:42:27.739000+00:00', 'date<': '2024-04-07T05:44:07.852000+00:00'}
2025-12-15 11:17:18 [DEBUG] __main__ - [compute_lap_features_for_driver] driver=2 lap=7, car_data rows=383
2025-12-15 11:17:18 [INFO] __main__ - [compute_lap_features_for_driver] driver=2 lap=8 KEEP, status=GREEN, duration=99.6s
2025-12-15 11:17:18 [DEBUG] __main__ - [get_openf1] GET https://api.openf1.org/v1/car_data params={'session_key': 9496, 'driver_number': 2, 'date>': '2024-04-07T05:44:07.852000+00:00', 'date<': '2024-04-07T05:45:47.405000+00:00'}
2025-12-15 11:17:20 [DEBUG] __main__ - [compute_lap_features_for_driver] driver=2 lap=8, car_data rows=375
2025-12-15 11:17:20 [INFO] __main__ - [compute_lap_features_for_driver] driver=2 lap=9 KEEP, status=GREEN, duration=101.0s
2025-12-15 11:17:20 [DEBUG] __main__ - [get_openf1] GET https://api.openf1.org/v1/car_data params={'session_key': 9496, 'driver_number': 2, 'date>': '2024-04-07T05:45:47.405000+00:00', 'date<': '2024-04-07T05:47:28.397000+00:00'}
2025-12-15 11:17:21 [DEBUG] __main__ - [compute_lap_features_for_driver] driver=2 lap=9, car_data rows=387
2025-12-15 11:17:21 [INFO] __main__ - [compute_lap_features_for_driver] driver=2 lap=10 KEEP, status=GREEN, duration=100.8s
2025-12-15 11:17:21 [DEBUG] __main__ - [get_openf1] GET https://api.openf1.org/v1/car_data params={'session_key': 9496, 'driver_number': 2, 'date>': '2024-04-07T05:47:28.397000+00:00', 'date<': '2024-04-07T05:49:09.195000+00:00'}
2025-12-15 11:17:21 [DEBUG] __main__ - [compute_lap_features_for_driver] driver=2 lap=10, car_data rows=379
2025-12-15 11:17:21 [INFO] __main__ - [compute_lap_features_for_driver] driver=2 lap=11 KEEP, status=GREEN, duration=99.4s
2025-12-15 11:17:21 [DEBUG] __main__ - [get_openf1] GET https://api.openf1.org/v1/car_data params={'session_key': 9496, 'driver_number': 2, 'date>': '2024-04-07T05:49:09.195000+00:00', 'date<': '2024-04-07T05:50:48.549000+00:00'}
2025-12-15 11:17:22 [DEBUG] __main__ - [compute_lap_features_for_driver] driver=2 lap=11, car_data rows=375
2025-12-15 11:17:22 [INFO] __main__ - [compute_lap_features_for_driver] driver=2 lap=12 KEEP, status=GREEN, duration=99.9s
2025-12-15 11:17:22 [DEBUG] __main__ - [get_openf1] GET https://api.openf1.org/v1/car_data params={'session_key': 9496, 'driver_number': 2, 'date>': '2024-04-07T05:50:48.549000+00:00', 'date<': '2024-04-07T05:52:28.449000+00:00'}
2025-12-15 11:17:23 [DEBUG] __main__ - [compute_lap_features_for_driver] driver=2 lap=12, car_data rows=383
2025-12-15 11:17:23 [INFO] __main__ - [compute_lap_features_for_driver] driver=2 lap=13 KEEP, status=GREEN, duration=100.2s
2025-12-15 11:17:23 [DEBUG] __main__ - [get_openf1] GET https://api.openf1.org/v1/car_data params={'session_key': 9496, 'driver_number': 2, 'date>': '2024-04-07T05:52:28.449000+00:00', 'date<': '2024-04-07T05:54:08.689000+00:00'}
2025-12-15 11:17:23 [DEBUG] __main__ - [compute_lap_features_for_driver] driver=2 lap=13, car_data rows=373
2025-12-15 11:17:23 [INFO] __main__ - [compute_lap_features_for_driver] driver=2 lap=14 KEEP, status=GREEN, duration=99.7s
2025-12-15 11:17:23 [DEBUG] __main__ - [get_openf1] GET https://api.openf1.org/v1/car_data params={'session_key': 9496, 'driver_number': 2, 'date>': '2024-04-07T05:54:08.689000+00:00', 'date<': '2024-04-07T05:55:48.357000+00:00'}
2025-12-15 11:17:24 [DEBUG] __main__ - [compute_lap_features_for_driver] driver=2 lap=14, car_data rows=358
2025-12-15 11:17:24 [INFO] __main__ - [compute_lap_features_for_driver] driver=2 lap=15 KEEP, status=GREEN, duration=99.4s
2025-12-15 11:17:24 [DEBUG] __main__ - [get_openf1] GET https://api.openf1.org/v1/car_data params={'session_key': 9496, 'driver_number': 2, 'date>': '2024-04-07T05:55:48.357000+00:00', 'date<': '2024-04-07T05:57:27.725000+00:00'}
2025-12-15 11:17:24 [DEBUG] __main__ - [compute_lap_features_for_driver] driver=2 lap=15, car_data rows=363
2025-12-15 11:17:24 [INFO] __main__ - [compute_lap_features_for_driver] driver=2 lap=16 KEEP, status=GREEN, duration=99.5s
2025-12-15 11:17:24 [DEBUG] __main__ - [get_openf1] GET https://api.openf1.org/v1/car_data params={'session_key': 9496, 'driver_number': 2, 'date>': '2024-04-07T05:57:27.725000+00:00', 'date<': '2024-04-07T05:59:07.232000+00:00'}
2025-12-15 11:17:25 [DEBUG] __main__ - [compute_lap_features_for_driver] driver=2 lap=16, car_data rows=377
2025-12-15 11:17:25 [INFO] __main__ - [compute_lap_features_for_driver] driver=2 lap=17 KEEP, status=GREEN, duration=99.2s
2025-12-15 11:17:25 [DEBUG] __main__ - [get_openf1] GET https://api.openf1.org/v1/car_data params={'session_key': 9496, 'driver_number': 2, 'date>': '2024-04-07T05:59:07.232000+00:00', 'date<': '2024-04-07T06:00:46.458000+00:00'}
2025-12-15 11:17:26 [DEBUG] __main__ - [compute_lap_features_for_driver] driver=2 lap=17, car_data rows=379
2025-12-15 11:17:26 [INFO] __main__ - [compute_lap_features_for_driver] driver=2 lap=18 KEEP, status=GREEN, duration=100.3s
2025-12-15 11:17:26 [DEBUG] __main__ - [get_openf1] GET https://api.openf1.org/v1/car_data params={'session_key': 9496, 'driver_number': 2, 'date>': '2024-04-07T06:00:46.458000+00:00', 'date<': '2024-04-07T06:02:26.728000+00:00'}
2025-12-15 11:17:27 [DEBUG] __main__ - [compute_lap_features_for_driver] driver=2 lap=18, car_data rows=387
2025-12-15 11:17:27 [INFO] __main__ - [compute_lap_features_for_driver] driver=2 lap=19 KEEP, status=GREEN, duration=99.5s
2025-12-15 11:17:27 [DEBUG] __main__ - [get_openf1] GET https://api.openf1.org/v1/car_data params={'session_key': 9496, 'driver_number': 2, 'date>': '2024-04-07T06:02:26.728000+00:00', 'date<': '2024-04-07T06:04:06.271000+00:00'}
2025-12-15 11:17:28 [DEBUG] __main__ - [compute_lap_features_for_driver] driver=2 lap=19, car_data rows=366
2025-12-15 11:17:28 [INFO] __main__ - [compute_lap_features_for_driver] driver=2 lap=20 KEEP, status=GREEN, duration=99.0s
2025-12-15 11:17:28 [DEBUG] __main__ - [get_openf1] GET https://api.openf1.org/v1/car_data params={'session_key': 9496, 'driver_number': 2, 'date>': '2024-04-07T06:04:06.271000+00:00', 'date<': '2024-04-07T06:05:45.248000+00:00'}
2025-12-15 11:17:28 [DEBUG] __main__ - [compute_lap_features_for_driver] driver=2 lap=20, car_data rows=367
2025-12-15 11:17:28 [INFO] __main__ - [compute_lap_features_for_driver] driver=2 lap=21 KEEP, status=GREEN, duration=99.6s
2025-12-15 11:17:28 [DEBUG] __main__ - [get_openf1] GET https://api.openf1.org/v1/car_data params={'session_key': 9496, 'driver_number': 2, 'date>': '2024-04-07T06:05:45.248000+00:00', 'date<': '2024-04-07T06:07:24.830000+00:00'}
2025-12-15 11:17:29 [DEBUG] __main__ - [compute_lap_features_for_driver] driver=2 lap=21, car_data rows=386
2025-12-15 11:17:29 [INFO] __main__ - [compute_lap_features_for_driver] driver=2 lap=22 KEEP, status=GREEN, duration=101.9s
2025-12-15 11:17:29 [DEBUG] __main__ - [get_openf1] GET https://api.openf1.org/v1/car_data params={'session_key': 9496, 'driver_number': 2, 'date>': '2024-04-07T06:07:24.830000+00:00', 'date<': '2024-04-07T06:09:06.727000+00:00'}
2025-12-15 11:17:30 [DEBUG] __main__ - [compute_lap_features_for_driver] driver=2 lap=22, car_data rows=382
2025-12-15 11:17:30 [INFO] __main__ - [compute_lap_features_for_driver] driver=2 lap=23 KEEP, status=GREEN, duration=121.9s
2025-12-15 11:17:30 [DEBUG] __main__ - [get_openf1] GET https://api.openf1.org/v1/car_data params={'session_key': 9496, 'driver_number': 2, 'date>': '2024-04-07T06:09:06.727000+00:00', 'date<': '2024-04-07T06:11:08.655000+00:00'}
2025-12-15 11:17:31 [DEBUG] __main__ - [compute_lap_features_for_driver] driver=2 lap=23, car_data rows=465
2025-12-15 11:17:31 [INFO] __main__ - [compute_lap_features_for_driver] driver=2 lap=24 KEEP, status=GREEN, duration=98.1s
2025-12-15 11:17:31 [DEBUG] __main__ - [get_openf1] GET https://api.openf1.org/v1/car_data params={'session_key': 9496, 'driver_number': 2, 'date>': '2024-04-07T06:11:08.655000+00:00', 'date<': '2024-04-07T06:12:46.707000+00:00'}
2025-12-15 11:17:32 [DEBUG] __main__ - [compute_lap_features_for_driver] driver=2 lap=24, car_data rows=368
2025-12-15 11:17:32 [INFO] __main__ - [compute_lap_features_for_driver] driver=2 lap=25 KEEP, status=GREEN, duration=98.5s
2025-12-15 11:17:32 [DEBUG] __main__ - [get_openf1] GET https://api.openf1.org/v1/car_data params={'session_key': 9496, 'driver_number': 2, 'date>': '2024-04-07T06:12:46.707000+00:00', 'date<': '2024-04-07T06:14:25.170000+00:00'}
2025-12-15 11:17:33 [DEBUG] __main__ - [compute_lap_features_for_driver] driver=2 lap=25, car_data rows=358
2025-12-15 11:17:33 [INFO] __main__ - [compute_lap_features_for_driver] driver=2 lap=26 KEEP, status=GREEN, duration=98.6s
2025-12-15 11:17:33 [DEBUG] __main__ - [get_openf1] GET https://api.openf1.org/v1/car_data params={'session_key': 9496, 'driver_number': 2, 'date>': '2024-04-07T06:14:25.170000+00:00', 'date<': '2024-04-07T06:16:03.747000+00:00'}
2025-12-15 11:17:34 [DEBUG] __main__ - [compute_lap_features_for_driver] driver=2 lap=26, car_data rows=379
2025-12-15 11:17:34 [INFO] __main__ - [compute_lap_features_for_driver] driver=2 lap=27 KEEP, status=GREEN, duration=96.5s
2025-12-15 11:17:34 [DEBUG] __main__ - [get_openf1] GET https://api.openf1.org/v1/car_data params={'session_key': 9496, 'driver_number': 2, 'date>': '2024-04-07T06:16:03.747000+00:00', 'date<': '2024-04-07T06:17:40.238000+00:00'}
2025-12-15 11:17:35 [DEBUG] __main__ - [compute_lap_features_for_driver] driver=2 lap=27, car_data rows=370
2025-12-15 11:17:35 [INFO] __main__ - [compute_lap_features_for_driver] driver=2 lap=28 KEEP, status=GREEN, duration=97.5s
2025-12-15 11:17:35 [DEBUG] __main__ - [get_openf1] GET https://api.openf1.org/v1/car_data params={'session_key': 9496, 'driver_number': 2, 'date>': '2024-04-07T06:17:40.238000+00:00', 'date<': '2024-04-07T06:19:17.780000+00:00'}
2025-12-15 11:17:35 [DEBUG] __main__ - [compute_lap_features_for_driver] driver=2 lap=28, car_data rows=368
2025-12-15 11:17:35 [INFO] __main__ - [compute_lap_features_for_driver] driver=2 lap=29 KEEP, status=GREEN, duration=97.6s
2025-12-15 11:17:35 [DEBUG] __main__ - [get_openf1] GET https://api.openf1.org/v1/car_data params={'session_key': 9496, 'driver_number': 2, 'date>': '2024-04-07T06:19:17.780000+00:00', 'date<': '2024-04-07T06:20:55.404000+00:00'}
2025-12-15 11:17:36 [DEBUG] __main__ - [compute_lap_features_for_driver] driver=2 lap=29, car_data rows=363
2025-12-15 11:17:36 [INFO] __main__ - [compute_lap_features_for_driver] driver=2 lap=30 KEEP, status=GREEN, duration=97.5s
2025-12-15 11:17:36 [DEBUG] __main__ - [get_openf1] GET https://api.openf1.org/v1/car_data params={'session_key': 9496, 'driver_number': 2, 'date>': '2024-04-07T06:20:55.404000+00:00', 'date<': '2024-04-07T06:22:32.905000+00:00'}
2025-12-15 11:17:37 [DEBUG] __main__ - [compute_lap_features_for_driver] driver=2 lap=30, car_data rows=368
2025-12-15 11:17:37 [INFO] __main__ - [compute_lap_features_for_driver] driver=2 lap=31 KEEP, status=GREEN, duration=97.6s
2025-12-15 11:17:37 [DEBUG] __main__ - [get_openf1] GET https://api.openf1.org/v1/car_data params={'session_key': 9496, 'driver_number': 2, 'date>': '2024-04-07T06:22:32.905000+00:00', 'date<': '2024-04-07T06:24:10.475000+00:00'}
2025-12-15 11:17:37 [DEBUG] __main__ - [compute_lap_features_for_driver] driver=2 lap=31, car_data rows=365
2025-12-15 11:17:37 [INFO] __main__ - [compute_lap_features_for_driver] driver=2 lap=32 KEEP, status=GREEN, duration=97.8s
2025-12-15 11:17:37 [DEBUG] __main__ - [get_openf1] GET https://api.openf1.org/v1/car_data params={'session_key': 9496, 'driver_number': 2, 'date>': '2024-04-07T06:24:10.475000+00:00', 'date<': '2024-04-07T06:25:48.263000+00:00'}
2025-12-15 11:17:38 [DEBUG] __main__ - [compute_lap_features_for_driver] driver=2 lap=32, car_data rows=377
2025-12-15 11:17:38 [INFO] __main__ - [compute_lap_features_for_driver] driver=2 lap=33 KEEP, status=GREEN, duration=98.0s
2025-12-15 11:17:38 [DEBUG] __main__ - [get_openf1] GET https://api.openf1.org/v1/car_data params={'session_key': 9496, 'driver_number': 2, 'date>': '2024-04-07T06:25:48.263000+00:00', 'date<': '2024-04-07T06:27:26.270000+00:00'}
2025-12-15 11:17:39 [DEBUG] __main__ - [compute_lap_features_for_driver] driver=2 lap=33, car_data rows=368
2025-12-15 11:17:39 [INFO] __main__ - [compute_lap_features_for_driver] driver=2 lap=34 KEEP, status=GREEN, duration=100.3s
2025-12-15 11:17:39 [DEBUG] __main__ - [get_openf1] GET https://api.openf1.org/v1/car_data params={'session_key': 9496, 'driver_number': 2, 'date>': '2024-04-07T06:27:26.270000+00:00', 'date<': '2024-04-07T06:29:06.604000+00:00'}
2025-12-15 11:17:39 [DEBUG] __main__ - [compute_lap_features_for_driver] driver=2 lap=34, car_data rows=363
2025-12-15 11:17:39 [INFO] __main__ - [compute_lap_features_for_driver] driver=2 lap=35 KEEP, status=GREEN, duration=116.3s
2025-12-15 11:17:39 [DEBUG] __main__ - [get_openf1] GET https://api.openf1.org/v1/car_data params={'session_key': 9496, 'driver_number': 2, 'date>': '2024-04-07T06:29:06.604000+00:00', 'date<': '2024-04-07T06:31:02.920000+00:00'}
2025-12-15 11:17:40 [DEBUG] __main__ - [compute_lap_features_for_driver] driver=2 lap=35, car_data rows=436
2025-12-15 11:17:40 [INFO] __main__ - [compute_lap_features_for_driver] driver=2 lap=36 KEEP, status=GREEN, duration=95.5s
2025-12-15 11:17:40 [DEBUG] __main__ - [get_openf1] GET https://api.openf1.org/v1/car_data params={'session_key': 9496, 'driver_number': 2, 'date>': '2024-04-07T06:31:02.920000+00:00', 'date<': '2024-04-07T06:32:38.380000+00:00'}
2025-12-15 11:17:41 [DEBUG] __main__ - [compute_lap_features_for_driver] driver=2 lap=36, car_data rows=371
2025-12-15 11:17:41 [INFO] __main__ - [compute_lap_features_for_driver] driver=2 lap=37 KEEP, status=GREEN, duration=96.1s
2025-12-15 11:17:41 [DEBUG] __main__ - [get_openf1] GET https://api.openf1.org/v1/car_data params={'session_key': 9496, 'driver_number': 2, 'date>': '2024-04-07T06:32:38.380000+00:00', 'date<': '2024-04-07T06:34:14.500000+00:00'}
2025-12-15 11:17:42 [DEBUG] __main__ - [compute_lap_features_for_driver] driver=2 lap=37, car_data rows=358
2025-12-15 11:17:42 [INFO] __main__ - [compute_lap_features_for_driver] driver=2 lap=38 KEEP, status=GREEN, duration=96.2s
2025-12-15 11:17:42 [DEBUG] __main__ - [get_openf1] GET https://api.openf1.org/v1/car_data params={'session_key': 9496, 'driver_number': 2, 'date>': '2024-04-07T06:34:14.500000+00:00', 'date<': '2024-04-07T06:35:50.709000+00:00'}
2025-12-15 11:17:42 [DEBUG] __main__ - [compute_lap_features_for_driver] driver=2 lap=38, car_data rows=353
2025-12-15 11:17:42 [INFO] __main__ - [compute_lap_features_for_driver] driver=2 lap=39 KEEP, status=GREEN, duration=96.2s
2025-12-15 11:17:42 [DEBUG] __main__ - [get_openf1] GET https://api.openf1.org/v1/car_data params={'session_key': 9496, 'driver_number': 2, 'date>': '2024-04-07T06:35:50.709000+00:00', 'date<': '2024-04-07T06:37:26.918000+00:00'}
2025-12-15 11:17:43 [DEBUG] __main__ - [compute_lap_features_for_driver] driver=2 lap=39, car_data rows=364
2025-12-15 11:17:43 [INFO] __main__ - [compute_lap_features_for_driver] driver=2 lap=40 KEEP, status=GREEN, duration=96.3s
2025-12-15 11:17:43 [DEBUG] __main__ - [get_openf1] GET https://api.openf1.org/v1/car_data params={'session_key': 9496, 'driver_number': 2, 'date>': '2024-04-07T06:37:26.918000+00:00', 'date<': '2024-04-07T06:39:03.220000+00:00'}
2025-12-15 11:17:44 [DEBUG] __main__ - [compute_lap_features_for_driver] driver=2 lap=40, car_data rows=354
2025-12-15 11:17:44 [INFO] __main__ - [compute_lap_features_for_driver] driver=2 lap=41 DROP (YELLOW_FLAG_LAP), status=YELLOW, duration=143.8s
2025-12-15 11:17:44 [INFO] __main__ - [compute_lap_features_for_driver] driver=2 lap=42 KEEP, status=GREEN, duration=115.1s
2025-12-15 11:17:44 [DEBUG] __main__ - [get_openf1] GET https://api.openf1.org/v1/car_data params={'session_key': 9496, 'driver_number': 2, 'date>': '2024-04-07T06:41:26.998000+00:00', 'date<': '2024-04-07T06:43:22.091000+00:00'}
2025-12-15 11:17:44 [DEBUG] __main__ - [compute_lap_features_for_driver] driver=2 lap=42, car_data rows=429
2025-12-15 11:17:44 [INFO] __main__ - [compute_lap_features_for_driver] driver=2 lap=43 KEEP, status=GREEN, duration=95.0s
2025-12-15 11:17:44 [DEBUG] __main__ - [get_openf1] GET https://api.openf1.org/v1/car_data params={'session_key': 9496, 'driver_number': 2, 'date>': '2024-04-07T06:43:22.091000+00:00', 'date<': '2024-04-07T06:44:57.129000+00:00'}
2025-12-15 11:17:45 [DEBUG] __main__ - [compute_lap_features_for_driver] driver=2 lap=43, car_data rows=358
2025-12-15 11:17:45 [INFO] __main__ - [compute_lap_features_for_driver] driver=2 lap=44 KEEP, status=GREEN, duration=95.0s
2025-12-15 11:17:45 [DEBUG] __main__ - [get_openf1] GET https://api.openf1.org/v1/car_data params={'session_key': 9496, 'driver_number': 2, 'date>': '2024-04-07T06:44:57.129000+00:00', 'date<': '2024-04-07T06:46:32.102000+00:00'}
2025-12-15 11:17:45 [DEBUG] __main__ - [compute_lap_features_for_driver] driver=2 lap=44, car_data rows=361
2025-12-15 11:17:46 [INFO] __main__ - [compute_lap_features_for_driver] driver=2 lap=45 KEEP, status=GREEN, duration=95.4s
2025-12-15 11:17:46 [DEBUG] __main__ - [get_openf1] GET https://api.openf1.org/v1/car_data params={'session_key': 9496, 'driver_number': 2, 'date>': '2024-04-07T06:46:32.102000+00:00', 'date<': '2024-04-07T06:48:07.535000+00:00'}
2025-12-15 11:17:46 [DEBUG] __main__ - [compute_lap_features_for_driver] driver=2 lap=45, car_data rows=365
2025-12-15 11:17:46 [INFO] __main__ - [compute_lap_features_for_driver] driver=2 lap=46 KEEP, status=GREEN, duration=95.7s
2025-12-15 11:17:46 [DEBUG] __main__ - [get_openf1] GET https://api.openf1.org/v1/car_data params={'session_key': 9496, 'driver_number': 2, 'date>': '2024-04-07T06:48:07.535000+00:00', 'date<': '2024-04-07T06:49:43.269000+00:00'}
2025-12-15 11:17:47 [DEBUG] __main__ - [compute_lap_features_for_driver] driver=2 lap=46, car_data rows=364
2025-12-15 11:17:47 [INFO] __main__ - [compute_lap_features_for_driver] driver=2 lap=47 KEEP, status=GREEN, duration=95.7s
2025-12-15 11:17:47 [DEBUG] __main__ - [get_openf1] GET https://api.openf1.org/v1/car_data params={'session_key': 9496, 'driver_number': 2, 'date>': '2024-04-07T06:49:43.269000+00:00', 'date<': '2024-04-07T06:51:19.001000+00:00'}
2025-12-15 11:17:47 [DEBUG] __main__ - [compute_lap_features_for_driver] driver=2 lap=47, car_data rows=361
2025-12-15 11:17:47 [INFO] __main__ - [compute_lap_features_for_driver] driver=2 lap=48 KEEP, status=GREEN, duration=95.9s
2025-12-15 11:17:47 [DEBUG] __main__ - [get_openf1] GET https://api.openf1.org/v1/car_data params={'session_key': 9496, 'driver_number': 2, 'date>': '2024-04-07T06:51:19.001000+00:00', 'date<': '2024-04-07T06:52:54.894000+00:00'}
2025-12-15 11:17:48 [DEBUG] __main__ - [compute_lap_features_for_driver] driver=2 lap=48, car_data rows=362
2025-12-15 11:17:48 [INFO] __main__ - [compute_lap_features_for_driver] driver=2 lap=49 KEEP, status=GREEN, duration=95.5s
2025-12-15 11:17:48 [DEBUG] __main__ - [get_openf1] GET https://api.openf1.org/v1/car_data params={'session_key': 9496, 'driver_number': 2, 'date>': '2024-04-07T06:52:54.894000+00:00', 'date<': '2024-04-07T06:54:30.351000+00:00'}
2025-12-15 11:17:48 [DEBUG] __main__ - [compute_lap_features_for_driver] driver=2 lap=49, car_data rows=364
2025-12-15 11:17:48 [INFO] __main__ - [compute_lap_features_for_driver] driver=2 lap=50 KEEP, status=GREEN, duration=95.6s
2025-12-15 11:17:48 [DEBUG] __main__ - [get_openf1] GET https://api.openf1.org/v1/car_data params={'session_key': 9496, 'driver_number': 2, 'date>': '2024-04-07T06:54:30.351000+00:00', 'date<': '2024-04-07T06:56:05.980000+00:00'}
2025-12-15 11:17:49 [DEBUG] __main__ - [compute_lap_features_for_driver] driver=2 lap=50, car_data rows=371
2025-12-15 11:17:49 [INFO] __main__ - [compute_lap_features_for_driver] driver=2 lap=51 KEEP, status=GREEN, duration=95.2s
2025-12-15 11:17:49 [DEBUG] __main__ - [get_openf1] GET https://api.openf1.org/v1/car_data params={'session_key': 9496, 'driver_number': 2, 'date>': '2024-04-07T06:56:05.980000+00:00', 'date<': '2024-04-07T06:57:41.190000+00:00'}
2025-12-15 11:17:49 [DEBUG] __main__ - [compute_lap_features_for_driver] driver=2 lap=51, car_data rows=352
2025-12-15 11:17:49 [INFO] __main__ - [compute_lap_features_for_driver] driver=2 lap=52 DROP (CHEQUERED_FLAG_LAP), status=RED_FLAG;CHEQUERED, duration=nans
2025-12-15 11:17:49 [INFO] __main__ - [compute_lap_features_for_driver] driver=2, feature laps=[3, 4, 5, 6, 7, 8, 9, 10, 11, 12, 13, 14, 15, 16, 17, 18, 19, 20, 21, 22, 23, 24, 25, 26, 27, 28, 29, 30, 31, 32, 33, 34, 35, 36, 37, 38, 39, 40, 42, 43, 44, 45, 46, 47, 48, 49, 50, 51]
2025-12-15 11:17:49 [INFO] __main__ - [build_driver_style_embedding_json] all feature laps (combined)=[3, 4, 5, 6, 7, 8, 9, 10, 11, 12, 13, 14, 15, 16, 17, 18, 19, 20, 21, 22, 23, 24, 25, 26, 27, 28, 29, 30, 31, 32, 33, 34, 35, 36, 37, 38, 39, 40, 41, 42, 43, 44, 45, 46, 47, 48, 49, 50, 51, 52]
2025-12-15 11:17:49 [INFO] __main__ - [embed_lap_features] focus_laps = [10, 28, 53]
2025-12-15 11:17:49 [INFO] __main__ - Saved ./driver_style_embedding_2024suzuka.json
