2025-12-15 11:41:31 [INFO] __main__ - ===== Driver Style Map logging started for race_id=2024monza =====
2025-12-15 11:41:31 [INFO] __main__ - log file: log/driver_style_2024monza.log
2025-12-15 11:41:31 [INFO] __main__ - === Start processing 2024monza ===
2025-12-15 11:41:31 [DEBUG] __main__ - [get_openf1] GET https://api.openf1.org/v1/meetings params={'year': 2024}
2025-12-15 11:41:31 [DEBUG] __main__ - [get_openf1] GET https://api.openf1.org/v1/sessions params={'meeting_key': 1244}
2025-12-15 11:41:31 [INFO] __main__ - [find_race_session] year=2024 slug=monza -> session_key=9590, meeting_name=Italian Grand Prix
2025-12-15 11:41:31 [INFO] __main__ - [main] race_id=2024monza -> session_key=9590, meeting_name=Italian Grand Prix
2025-12-15 11:41:31 [DEBUG] __main__ - [get_openf1] GET https://api.openf1.org/v1/session_result params={'session_key': 9590}
2025-12-15 11:41:32 [DEBUG] __main__ - [get_openf1] GET https://api.openf1.org/v1/drivers params={'session_key': 9590}
2025-12-15 11:41:32 [INFO] __main__ - [select_race_drivers] session_key=9590 winner=16 teammate=55 last_finisher=18
2025-12-15 11:41:32 [INFO] __main__ - [build_driver_style_embedding_json] start session_key=9590, drivers=[16, 55, 18]
2025-12-15 11:41:32 [DEBUG] __main__ - [get_openf1] GET https://api.openf1.org/v1/race_control params={'session_key': 9590}
2025-12-15 11:41:32 [DEBUG] __main__ - [get_openf1] GET https://api.openf1.org/v1/sessions params={'session_key': 9590}
2025-12-15 11:41:33 [INFO] __main__ - [fetch_session_start] session_key=9590, date_start=2024-09-01 13:00:00+00:00
2025-12-15 11:41:33 [INFO] __main__ - [fetch_race_start_time] use first GREEN as race_start: 2024-09-01 12:20:01+00:00
2025-12-15 11:41:33 [DEBUG] __main__ - [get_openf1] GET https://api.openf1.org/v1/laps params={'session_key': 9590, 'driver_number': 16}
2025-12-15 11:41:34 [INFO] __main__ - [fetch_laps] fill lap 1 date_start with race_start=2024-09-01 12:20:01+00:00
2025-12-15 11:41:34 [INFO] __main__ - [fetch_laps] driver=16, laps: min=1, max=53, count=53
2025-12-15 11:41:34 [DEBUG] __main__ - [fetch_laps] head:
   meeting_key  session_key  ...  st_speed  lap_duration_s
0         1244         9590  ...     300.0        2702.005
1         1244         9590  ...     325.0          85.446
2         1244         9590  ...     328.0          85.226
3         1244         9590  ...     327.0          84.714
4         1244         9590  ...     321.0          84.743

[5 rows x 17 columns]
2025-12-15 11:41:34 [INFO] __main__ - [build_driver_style_embedding_json] ref_driver=16, min_lap=1, max_lap=53
2025-12-15 11:41:34 [INFO] __main__ - [build_driver_style_embedding_json] phase_split plan =
2025-12-15 11:41:34 [INFO] __main__ -   opening: [1, 2, 3, 4, 5, 6, 7, 8, 9, 10, 11, 12, 13, 14, 15, 16, 17, 18]
2025-12-15 11:41:34 [INFO] __main__ -   middle : [19, 20, 21, 22, 23, 24, 25, 26, 27, 28, 29, 30, 31, 32, 33, 34, 35, 36]
2025-12-15 11:41:34 [INFO] __main__ -   ending : [37, 38, 39, 40, 41, 42, 43, 44, 45, 46, 47, 48, 49, 50, 51, 52, 53]
2025-12-15 11:41:34 [INFO] __main__ - [build_driver_style_embedding_json] compute features for driver=16
2025-12-15 11:41:34 [DEBUG] __main__ - [get_openf1] GET https://api.openf1.org/v1/laps params={'session_key': 9590, 'driver_number': 16}
2025-12-15 11:41:36 [DEBUG] __main__ - [get_openf1] GET https://api.openf1.org/v1/sessions params={'session_key': 9590}
2025-12-15 11:41:36 [INFO] __main__ - [fetch_session_start] session_key=9590, date_start=2024-09-01 13:00:00+00:00
2025-12-15 11:41:36 [INFO] __main__ - [fetch_race_start_time] use first GREEN as race_start: 2024-09-01 12:20:01+00:00
2025-12-15 11:41:36 [INFO] __main__ - [fetch_laps] fill lap 1 date_start with race_start=2024-09-01 12:20:01+00:00
2025-12-15 11:41:36 [INFO] __main__ - [fetch_laps] driver=16, laps: min=1, max=53, count=53
2025-12-15 11:41:36 [DEBUG] __main__ - [fetch_laps] head:
   meeting_key  session_key  ...  st_speed  lap_duration_s
0         1244         9590  ...     300.0        2702.005
1         1244         9590  ...     325.0          85.446
2         1244         9590  ...     328.0          85.226
3         1244         9590  ...     327.0          84.714
4         1244         9590  ...     321.0          84.743

[5 rows x 17 columns]
2025-12-15 11:41:36 [DEBUG] __main__ - [build_lap_status_mapping] status_by_lap={1: 'GREEN', 2: 'GREEN', 3: 'GREEN', 4: 'GREEN', 5: 'GREEN', 6: 'GREEN', 7: 'GREEN', 8: 'GREEN', 9: 'GREEN', 10: 'GREEN', 11: 'GREEN', 12: 'GREEN', 13: 'GREEN', 14: 'GREEN', 15: 'GREEN', 16: 'GREEN', 17: 'GREEN', 18: 'GREEN', 19: 'GREEN', 20: 'GREEN', 21: 'GREEN', 22: 'GREEN', 23: 'GREEN', 24: 'GREEN', 25: 'GREEN', 26: 'GREEN', 27: 'GREEN', 28: 'GREEN', 29: 'GREEN', 30: 'GREEN', 31: 'GREEN', 32: 'GREEN', 33: 'GREEN', 34: 'GREEN', 35: 'GREEN', 36: 'GREEN', 37: 'GREEN', 38: 'GREEN', 39: 'GREEN', 40: 'GREEN', 41: 'GREEN', 42: 'GREEN', 43: 'GREEN', 44: 'GREEN', 45: 'GREEN', 46: 'GREEN', 47: 'GREEN', 48: 'GREEN', 49: 'GREEN', 50: 'GREEN', 51: 'GREEN', 52: 'GREEN', 53: 'RED_FLAG;CHEQUERED'}
2025-12-15 11:41:36 [INFO] __main__ - [compute_lap_features_for_driver] driver=16, typical_duration_s=83.72
2025-12-15 11:41:36 [INFO] __main__ - [compute_lap_features_for_driver] driver=16 lap=1 DROP (LONG_LAP_2702.0s), status=GREEN, duration=2702.0s
2025-12-15 11:41:36 [INFO] __main__ - [compute_lap_features_for_driver] driver=16 lap=2 KEEP, status=GREEN, duration=85.4s
2025-12-15 11:41:36 [DEBUG] __main__ - [get_openf1] GET https://api.openf1.org/v1/car_data params={'session_key': 9590, 'driver_number': 16, 'date>': '2024-09-01T13:05:03.005000+00:00', 'date<': '2024-09-01T13:06:28.451000+00:00'}
2025-12-15 11:41:37 [DEBUG] __main__ - [compute_lap_features_for_driver] driver=16 lap=2, car_data rows=329
2025-12-15 11:41:37 [INFO] __main__ - [compute_lap_features_for_driver] driver=16 lap=3 KEEP, status=GREEN, duration=85.2s
2025-12-15 11:41:37 [DEBUG] __main__ - [get_openf1] GET https://api.openf1.org/v1/car_data params={'session_key': 9590, 'driver_number': 16, 'date>': '2024-09-01T13:06:28.451000+00:00', 'date<': '2024-09-01T13:07:53.677000+00:00'}
2025-12-15 11:41:37 [DEBUG] __main__ - [compute_lap_features_for_driver] driver=16 lap=3, car_data rows=321
2025-12-15 11:41:37 [INFO] __main__ - [compute_lap_features_for_driver] driver=16 lap=4 KEEP, status=GREEN, duration=84.7s
2025-12-15 11:41:37 [DEBUG] __main__ - [get_openf1] GET https://api.openf1.org/v1/car_data params={'session_key': 9590, 'driver_number': 16, 'date>': '2024-09-01T13:07:53.677000+00:00', 'date<': '2024-09-01T13:09:18.391000+00:00'}
2025-12-15 11:41:38 [DEBUG] __main__ - [compute_lap_features_for_driver] driver=16 lap=4, car_data rows=317
2025-12-15 11:41:38 [INFO] __main__ - [compute_lap_features_for_driver] driver=16 lap=5 KEEP, status=GREEN, duration=84.7s
2025-12-15 11:41:38 [DEBUG] __main__ - [get_openf1] GET https://api.openf1.org/v1/car_data params={'session_key': 9590, 'driver_number': 16, 'date>': '2024-09-01T13:09:18.391000+00:00', 'date<': '2024-09-01T13:10:43.134000+00:00'}
2025-12-15 11:41:39 [DEBUG] __main__ - [compute_lap_features_for_driver] driver=16 lap=5, car_data rows=327
2025-12-15 11:41:39 [INFO] __main__ - [compute_lap_features_for_driver] driver=16 lap=6 KEEP, status=GREEN, duration=84.6s
2025-12-15 11:41:39 [DEBUG] __main__ - [get_openf1] GET https://api.openf1.org/v1/car_data params={'session_key': 9590, 'driver_number': 16, 'date>': '2024-09-01T13:10:43.134000+00:00', 'date<': '2024-09-01T13:12:07.753000+00:00'}
2025-12-15 11:41:40 [DEBUG] __main__ - [compute_lap_features_for_driver] driver=16 lap=6, car_data rows=327
2025-12-15 11:41:40 [INFO] __main__ - [compute_lap_features_for_driver] driver=16 lap=7 KEEP, status=GREEN, duration=84.4s
2025-12-15 11:41:40 [DEBUG] __main__ - [get_openf1] GET https://api.openf1.org/v1/car_data params={'session_key': 9590, 'driver_number': 16, 'date>': '2024-09-01T13:12:07.753000+00:00', 'date<': '2024-09-01T13:13:32.169000+00:00'}
2025-12-15 11:41:40 [DEBUG] __main__ - [compute_lap_features_for_driver] driver=16 lap=7, car_data rows=306
2025-12-15 11:41:40 [INFO] __main__ - [compute_lap_features_for_driver] driver=16 lap=8 KEEP, status=GREEN, duration=84.5s
2025-12-15 11:41:40 [DEBUG] __main__ - [get_openf1] GET https://api.openf1.org/v1/car_data params={'session_key': 9590, 'driver_number': 16, 'date>': '2024-09-01T13:13:32.169000+00:00', 'date<': '2024-09-01T13:14:56.660000+00:00'}
2025-12-15 11:41:41 [DEBUG] __main__ - [compute_lap_features_for_driver] driver=16 lap=8, car_data rows=311
2025-12-15 11:41:41 [INFO] __main__ - [compute_lap_features_for_driver] driver=16 lap=9 KEEP, status=GREEN, duration=84.5s
2025-12-15 11:41:41 [DEBUG] __main__ - [get_openf1] GET https://api.openf1.org/v1/car_data params={'session_key': 9590, 'driver_number': 16, 'date>': '2024-09-01T13:14:56.660000+00:00', 'date<': '2024-09-01T13:16:21.155000+00:00'}
2025-12-15 11:41:42 [DEBUG] __main__ - [compute_lap_features_for_driver] driver=16 lap=9, car_data rows=316
2025-12-15 11:41:42 [INFO] __main__ - [compute_lap_features_for_driver] driver=16 lap=10 KEEP, status=GREEN, duration=84.4s
2025-12-15 11:41:42 [DEBUG] __main__ - [get_openf1] GET https://api.openf1.org/v1/car_data params={'session_key': 9590, 'driver_number': 16, 'date>': '2024-09-01T13:16:21.155000+00:00', 'date<': '2024-09-01T13:17:45.559000+00:00'}
2025-12-15 11:41:43 [DEBUG] __main__ - [compute_lap_features_for_driver] driver=16 lap=10, car_data rows=322
2025-12-15 11:41:43 [INFO] __main__ - [compute_lap_features_for_driver] driver=16 lap=11 KEEP, status=GREEN, duration=84.7s
2025-12-15 11:41:43 [DEBUG] __main__ - [get_openf1] GET https://api.openf1.org/v1/car_data params={'session_key': 9590, 'driver_number': 16, 'date>': '2024-09-01T13:17:45.559000+00:00', 'date<': '2024-09-01T13:19:10.276000+00:00'}
2025-12-15 11:41:43 [DEBUG] __main__ - [compute_lap_features_for_driver] driver=16 lap=11, car_data rows=324
2025-12-15 11:41:43 [INFO] __main__ - [compute_lap_features_for_driver] driver=16 lap=12 KEEP, status=GREEN, duration=85.1s
2025-12-15 11:41:43 [DEBUG] __main__ - [get_openf1] GET https://api.openf1.org/v1/car_data params={'session_key': 9590, 'driver_number': 16, 'date>': '2024-09-01T13:19:10.276000+00:00', 'date<': '2024-09-01T13:20:35.346000+00:00'}
2025-12-15 11:41:44 [DEBUG] __main__ - [compute_lap_features_for_driver] driver=16 lap=12, car_data rows=317
2025-12-15 11:41:44 [INFO] __main__ - [compute_lap_features_for_driver] driver=16 lap=13 KEEP, status=GREEN, duration=85.5s
2025-12-15 11:41:44 [DEBUG] __main__ - [get_openf1] GET https://api.openf1.org/v1/car_data params={'session_key': 9590, 'driver_number': 16, 'date>': '2024-09-01T13:20:35.346000+00:00', 'date<': '2024-09-01T13:22:00.856000+00:00'}
2025-12-15 11:41:45 [DEBUG] __main__ - [compute_lap_features_for_driver] driver=16 lap=13, car_data rows=319
2025-12-15 11:41:45 [INFO] __main__ - [compute_lap_features_for_driver] driver=16 lap=14 KEEP, status=GREEN, duration=85.6s
2025-12-15 11:41:45 [DEBUG] __main__ - [get_openf1] GET https://api.openf1.org/v1/car_data params={'session_key': 9590, 'driver_number': 16, 'date>': '2024-09-01T13:22:00.856000+00:00', 'date<': '2024-09-01T13:23:26.425000+00:00'}
2025-12-15 11:41:45 [DEBUG] __main__ - [compute_lap_features_for_driver] driver=16 lap=14, car_data rows=327
2025-12-15 11:41:45 [INFO] __main__ - [compute_lap_features_for_driver] driver=16 lap=15 KEEP, status=GREEN, duration=90.1s
2025-12-15 11:41:45 [DEBUG] __main__ - [get_openf1] GET https://api.openf1.org/v1/car_data params={'session_key': 9590, 'driver_number': 16, 'date>': '2024-09-01T13:23:26.425000+00:00', 'date<': '2024-09-01T13:24:56.510000+00:00'}
2025-12-15 11:41:46 [DEBUG] __main__ - [compute_lap_features_for_driver] driver=16 lap=15, car_data rows=341
2025-12-15 11:41:46 [INFO] __main__ - [compute_lap_features_for_driver] driver=16 lap=16 KEEP, status=GREEN, duration=105.0s
2025-12-15 11:41:46 [DEBUG] __main__ - [get_openf1] GET https://api.openf1.org/v1/car_data params={'session_key': 9590, 'driver_number': 16, 'date>': '2024-09-01T13:24:56.510000+00:00', 'date<': '2024-09-01T13:26:41.473000+00:00'}
2025-12-15 11:41:47 [DEBUG] __main__ - [compute_lap_features_for_driver] driver=16 lap=16, car_data rows=393
2025-12-15 11:41:47 [INFO] __main__ - [compute_lap_features_for_driver] driver=16 lap=17 KEEP, status=GREEN, duration=84.2s
2025-12-15 11:41:47 [DEBUG] __main__ - [get_openf1] GET https://api.openf1.org/v1/car_data params={'session_key': 9590, 'driver_number': 16, 'date>': '2024-09-01T13:26:41.473000+00:00', 'date<': '2024-09-01T13:28:05.665000+00:00'}
2025-12-15 11:41:48 [DEBUG] __main__ - [compute_lap_features_for_driver] driver=16 lap=17, car_data rows=316
2025-12-15 11:41:48 [INFO] __main__ - [compute_lap_features_for_driver] driver=16 lap=18 KEEP, status=GREEN, duration=83.9s
2025-12-15 11:41:48 [DEBUG] __main__ - [get_openf1] GET https://api.openf1.org/v1/car_data params={'session_key': 9590, 'driver_number': 16, 'date>': '2024-09-01T13:28:05.665000+00:00', 'date<': '2024-09-01T13:29:29.577000+00:00'}
2025-12-15 11:41:48 [DEBUG] __main__ - [compute_lap_features_for_driver] driver=16 lap=18, car_data rows=305
2025-12-15 11:41:48 [INFO] __main__ - [compute_lap_features_for_driver] driver=16 lap=19 KEEP, status=GREEN, duration=84.2s
2025-12-15 11:41:48 [DEBUG] __main__ - [get_openf1] GET https://api.openf1.org/v1/car_data params={'session_key': 9590, 'driver_number': 16, 'date>': '2024-09-01T13:29:29.577000+00:00', 'date<': '2024-09-01T13:30:53.769000+00:00'}
2025-12-15 11:41:49 [DEBUG] __main__ - [compute_lap_features_for_driver] driver=16 lap=19, car_data rows=311
2025-12-15 11:41:49 [INFO] __main__ - [compute_lap_features_for_driver] driver=16 lap=20 KEEP, status=GREEN, duration=83.8s
2025-12-15 11:41:49 [DEBUG] __main__ - [get_openf1] GET https://api.openf1.org/v1/car_data params={'session_key': 9590, 'driver_number': 16, 'date>': '2024-09-01T13:30:53.769000+00:00', 'date<': '2024-09-01T13:32:17.596000+00:00'}
2025-12-15 11:41:50 [DEBUG] __main__ - [compute_lap_features_for_driver] driver=16 lap=20, car_data rows=311
2025-12-15 11:41:50 [INFO] __main__ - [compute_lap_features_for_driver] driver=16 lap=21 KEEP, status=GREEN, duration=84.0s
2025-12-15 11:41:50 [DEBUG] __main__ - [get_openf1] GET https://api.openf1.org/v1/car_data params={'session_key': 9590, 'driver_number': 16, 'date>': '2024-09-01T13:32:17.596000+00:00', 'date<': '2024-09-01T13:33:41.593000+00:00'}
2025-12-15 11:41:50 [DEBUG] __main__ - [compute_lap_features_for_driver] driver=16 lap=21, car_data rows=318
2025-12-15 11:41:50 [INFO] __main__ - [compute_lap_features_for_driver] driver=16 lap=22 KEEP, status=GREEN, duration=83.7s
2025-12-15 11:41:50 [DEBUG] __main__ - [get_openf1] GET https://api.openf1.org/v1/car_data params={'session_key': 9590, 'driver_number': 16, 'date>': '2024-09-01T13:33:41.593000+00:00', 'date<': '2024-09-01T13:35:05.273000+00:00'}
2025-12-15 11:41:51 [DEBUG] __main__ - [compute_lap_features_for_driver] driver=16 lap=22, car_data rows=306
2025-12-15 11:41:51 [INFO] __main__ - [compute_lap_features_for_driver] driver=16 lap=23 KEEP, status=GREEN, duration=83.8s
2025-12-15 11:41:51 [DEBUG] __main__ - [get_openf1] GET https://api.openf1.org/v1/car_data params={'session_key': 9590, 'driver_number': 16, 'date>': '2024-09-01T13:35:05.273000+00:00', 'date<': '2024-09-01T13:36:29.098000+00:00'}
2025-12-15 11:41:52 [DEBUG] __main__ - [compute_lap_features_for_driver] driver=16 lap=23, car_data rows=318
2025-12-15 11:41:52 [INFO] __main__ - [compute_lap_features_for_driver] driver=16 lap=24 KEEP, status=GREEN, duration=83.7s
2025-12-15 11:41:52 [DEBUG] __main__ - [get_openf1] GET https://api.openf1.org/v1/car_data params={'session_key': 9590, 'driver_number': 16, 'date>': '2024-09-01T13:36:29.098000+00:00', 'date<': '2024-09-01T13:37:52.818000+00:00'}
2025-12-15 11:41:52 [DEBUG] __main__ - [compute_lap_features_for_driver] driver=16 lap=24, car_data rows=312
2025-12-15 11:41:52 [INFO] __main__ - [compute_lap_features_for_driver] driver=16 lap=25 KEEP, status=GREEN, duration=83.6s
2025-12-15 11:41:52 [DEBUG] __main__ - [get_openf1] GET https://api.openf1.org/v1/car_data params={'session_key': 9590, 'driver_number': 16, 'date>': '2024-09-01T13:37:52.818000+00:00', 'date<': '2024-09-01T13:39:16.466000+00:00'}
2025-12-15 11:41:53 [DEBUG] __main__ - [compute_lap_features_for_driver] driver=16 lap=25, car_data rows=317
2025-12-15 11:41:53 [INFO] __main__ - [compute_lap_features_for_driver] driver=16 lap=26 KEEP, status=GREEN, duration=83.4s
2025-12-15 11:41:53 [DEBUG] __main__ - [get_openf1] GET https://api.openf1.org/v1/car_data params={'session_key': 9590, 'driver_number': 16, 'date>': '2024-09-01T13:39:16.466000+00:00', 'date<': '2024-09-01T13:40:39.849000+00:00'}
2025-12-15 11:41:53 [DEBUG] __main__ - [compute_lap_features_for_driver] driver=16 lap=26, car_data rows=315
2025-12-15 11:41:53 [INFO] __main__ - [compute_lap_features_for_driver] driver=16 lap=27 KEEP, status=GREEN, duration=83.4s
2025-12-15 11:41:53 [DEBUG] __main__ - [get_openf1] GET https://api.openf1.org/v1/car_data params={'session_key': 9590, 'driver_number': 16, 'date>': '2024-09-01T13:40:39.849000+00:00', 'date<': '2024-09-01T13:42:03.253000+00:00'}
2025-12-15 11:41:54 [DEBUG] __main__ - [compute_lap_features_for_driver] driver=16 lap=27, car_data rows=313
2025-12-15 11:41:54 [INFO] __main__ - [compute_lap_features_for_driver] driver=16 lap=28 KEEP, status=GREEN, duration=83.3s
2025-12-15 11:41:54 [DEBUG] __main__ - [get_openf1] GET https://api.openf1.org/v1/car_data params={'session_key': 9590, 'driver_number': 16, 'date>': '2024-09-01T13:42:03.253000+00:00', 'date<': '2024-09-01T13:43:26.515000+00:00'}
2025-12-15 11:41:55 [DEBUG] __main__ - [compute_lap_features_for_driver] driver=16 lap=28, car_data rows=322
2025-12-15 11:41:55 [INFO] __main__ - [compute_lap_features_for_driver] driver=16 lap=29 KEEP, status=GREEN, duration=83.2s
2025-12-15 11:41:55 [DEBUG] __main__ - [get_openf1] GET https://api.openf1.org/v1/car_data params={'session_key': 9590, 'driver_number': 16, 'date>': '2024-09-01T13:43:26.515000+00:00', 'date<': '2024-09-01T13:44:49.738000+00:00'}
2025-12-15 11:41:55 [DEBUG] __main__ - [compute_lap_features_for_driver] driver=16 lap=29, car_data rows=311
2025-12-15 11:41:55 [INFO] __main__ - [compute_lap_features_for_driver] driver=16 lap=30 KEEP, status=GREEN, duration=83.4s
2025-12-15 11:41:55 [DEBUG] __main__ - [get_openf1] GET https://api.openf1.org/v1/car_data params={'session_key': 9590, 'driver_number': 16, 'date>': '2024-09-01T13:44:49.738000+00:00', 'date<': '2024-09-01T13:46:13.093000+00:00'}
2025-12-15 11:41:56 [DEBUG] __main__ - [compute_lap_features_for_driver] driver=16 lap=30, car_data rows=322
2025-12-15 11:41:56 [INFO] __main__ - [compute_lap_features_for_driver] driver=16 lap=31 KEEP, status=GREEN, duration=84.0s
2025-12-15 11:41:56 [DEBUG] __main__ - [get_openf1] GET https://api.openf1.org/v1/car_data params={'session_key': 9590, 'driver_number': 16, 'date>': '2024-09-01T13:46:13.093000+00:00', 'date<': '2024-09-01T13:47:37.075000+00:00'}
2025-12-15 11:41:56 [DEBUG] __main__ - [compute_lap_features_for_driver] driver=16 lap=31, car_data rows=317
2025-12-15 11:41:56 [INFO] __main__ - [compute_lap_features_for_driver] driver=16 lap=32 KEEP, status=GREEN, duration=83.2s
2025-12-15 11:41:56 [DEBUG] __main__ - [get_openf1] GET https://api.openf1.org/v1/car_data params={'session_key': 9590, 'driver_number': 16, 'date>': '2024-09-01T13:47:37.075000+00:00', 'date<': '2024-09-01T13:49:00.302000+00:00'}
2025-12-15 11:41:57 [DEBUG] __main__ - [compute_lap_features_for_driver] driver=16 lap=32, car_data rows=311
2025-12-15 11:41:57 [INFO] __main__ - [compute_lap_features_for_driver] driver=16 lap=33 KEEP, status=GREEN, duration=83.3s
2025-12-15 11:41:57 [DEBUG] __main__ - [get_openf1] GET https://api.openf1.org/v1/car_data params={'session_key': 9590, 'driver_number': 16, 'date>': '2024-09-01T13:49:00.302000+00:00', 'date<': '2024-09-01T13:50:23.556000+00:00'}
2025-12-15 11:41:58 [DEBUG] __main__ - [compute_lap_features_for_driver] driver=16 lap=33, car_data rows=305
2025-12-15 11:41:58 [INFO] __main__ - [compute_lap_features_for_driver] driver=16 lap=34 KEEP, status=GREEN, duration=83.5s
2025-12-15 11:41:58 [DEBUG] __main__ - [get_openf1] GET https://api.openf1.org/v1/car_data params={'session_key': 9590, 'driver_number': 16, 'date>': '2024-09-01T13:50:23.556000+00:00', 'date<': '2024-09-01T13:51:47.042000+00:00'}
2025-12-15 11:41:58 [DEBUG] __main__ - [compute_lap_features_for_driver] driver=16 lap=34, car_data rows=321
2025-12-15 11:41:58 [INFO] __main__ - [compute_lap_features_for_driver] driver=16 lap=35 KEEP, status=GREEN, duration=83.8s
2025-12-15 11:41:58 [DEBUG] __main__ - [get_openf1] GET https://api.openf1.org/v1/car_data params={'session_key': 9590, 'driver_number': 16, 'date>': '2024-09-01T13:51:47.042000+00:00', 'date<': '2024-09-01T13:53:10.810000+00:00'}
2025-12-15 11:41:59 [DEBUG] __main__ - [compute_lap_features_for_driver] driver=16 lap=35, car_data rows=310
2025-12-15 11:41:59 [INFO] __main__ - [compute_lap_features_for_driver] driver=16 lap=36 KEEP, status=GREEN, duration=83.6s
2025-12-15 11:41:59 [DEBUG] __main__ - [get_openf1] GET https://api.openf1.org/v1/car_data params={'session_key': 9590, 'driver_number': 16, 'date>': '2024-09-01T13:53:10.810000+00:00', 'date<': '2024-09-01T13:54:34.446000+00:00'}
2025-12-15 11:41:59 [DEBUG] __main__ - [compute_lap_features_for_driver] driver=16 lap=36, car_data rows=319
2025-12-15 11:41:59 [INFO] __main__ - [compute_lap_features_for_driver] driver=16 lap=37 KEEP, status=GREEN, duration=83.5s
2025-12-15 11:41:59 [DEBUG] __main__ - [get_openf1] GET https://api.openf1.org/v1/car_data params={'session_key': 9590, 'driver_number': 16, 'date>': '2024-09-01T13:54:34.446000+00:00', 'date<': '2024-09-01T13:55:57.904000+00:00'}
2025-12-15 11:42:00 [DEBUG] __main__ - [compute_lap_features_for_driver] driver=16 lap=37, car_data rows=310
2025-12-15 11:42:00 [INFO] __main__ - [compute_lap_features_for_driver] driver=16 lap=38 KEEP, status=GREEN, duration=83.7s
2025-12-15 11:42:00 [DEBUG] __main__ - [get_openf1] GET https://api.openf1.org/v1/car_data params={'session_key': 9590, 'driver_number': 16, 'date>': '2024-09-01T13:55:57.904000+00:00', 'date<': '2024-09-01T13:57:21.606000+00:00'}
2025-12-15 11:42:00 [DEBUG] __main__ - [compute_lap_features_for_driver] driver=16 lap=38, car_data rows=313
2025-12-15 11:42:00 [INFO] __main__ - [compute_lap_features_for_driver] driver=16 lap=39 KEEP, status=GREEN, duration=83.7s
2025-12-15 11:42:00 [DEBUG] __main__ - [get_openf1] GET https://api.openf1.org/v1/car_data params={'session_key': 9590, 'driver_number': 16, 'date>': '2024-09-01T13:57:21.606000+00:00', 'date<': '2024-09-01T13:58:45.324000+00:00'}
2025-12-15 11:42:01 [DEBUG] __main__ - [compute_lap_features_for_driver] driver=16 lap=39, car_data rows=318
2025-12-15 11:42:01 [INFO] __main__ - [compute_lap_features_for_driver] driver=16 lap=40 KEEP, status=GREEN, duration=83.6s
2025-12-15 11:42:01 [DEBUG] __main__ - [get_openf1] GET https://api.openf1.org/v1/car_data params={'session_key': 9590, 'driver_number': 16, 'date>': '2024-09-01T13:58:45.324000+00:00', 'date<': '2024-09-01T14:00:08.946000+00:00'}
2025-12-15 11:42:01 [DEBUG] __main__ - [compute_lap_features_for_driver] driver=16 lap=40, car_data rows=320
2025-12-15 11:42:01 [INFO] __main__ - [compute_lap_features_for_driver] driver=16 lap=41 KEEP, status=GREEN, duration=83.7s
2025-12-15 11:42:01 [DEBUG] __main__ - [get_openf1] GET https://api.openf1.org/v1/car_data params={'session_key': 9590, 'driver_number': 16, 'date>': '2024-09-01T14:00:08.946000+00:00', 'date<': '2024-09-01T14:01:32.637000+00:00'}
2025-12-15 11:42:03 [DEBUG] __main__ - [compute_lap_features_for_driver] driver=16 lap=41, car_data rows=299
2025-12-15 11:42:03 [INFO] __main__ - [compute_lap_features_for_driver] driver=16 lap=42 KEEP, status=GREEN, duration=83.7s
2025-12-15 11:42:03 [DEBUG] __main__ - [get_openf1] GET https://api.openf1.org/v1/car_data params={'session_key': 9590, 'driver_number': 16, 'date>': '2024-09-01T14:01:32.637000+00:00', 'date<': '2024-09-01T14:02:56.287000+00:00'}
2025-12-15 11:42:04 [DEBUG] __main__ - [compute_lap_features_for_driver] driver=16 lap=42, car_data rows=321
2025-12-15 11:42:04 [INFO] __main__ - [compute_lap_features_for_driver] driver=16 lap=43 KEEP, status=GREEN, duration=83.9s
2025-12-15 11:42:04 [DEBUG] __main__ - [get_openf1] GET https://api.openf1.org/v1/car_data params={'session_key': 9590, 'driver_number': 16, 'date>': '2024-09-01T14:02:56.287000+00:00', 'date<': '2024-09-01T14:04:20.156000+00:00'}
2025-12-15 11:42:04 [DEBUG] __main__ - [compute_lap_features_for_driver] driver=16 lap=43, car_data rows=317
2025-12-15 11:42:04 [INFO] __main__ - [compute_lap_features_for_driver] driver=16 lap=44 KEEP, status=GREEN, duration=83.5s
2025-12-15 11:42:04 [DEBUG] __main__ - [get_openf1] GET https://api.openf1.org/v1/car_data params={'session_key': 9590, 'driver_number': 16, 'date>': '2024-09-01T14:04:20.156000+00:00', 'date<': '2024-09-01T14:05:43.646000+00:00'}
2025-12-15 11:42:05 [DEBUG] __main__ - [compute_lap_features_for_driver] driver=16 lap=44, car_data rows=311
2025-12-15 11:42:05 [INFO] __main__ - [compute_lap_features_for_driver] driver=16 lap=45 KEEP, status=GREEN, duration=83.6s
2025-12-15 11:42:05 [DEBUG] __main__ - [get_openf1] GET https://api.openf1.org/v1/car_data params={'session_key': 9590, 'driver_number': 16, 'date>': '2024-09-01T14:05:43.646000+00:00', 'date<': '2024-09-01T14:07:07.289000+00:00'}
2025-12-15 11:42:05 [DEBUG] __main__ - [compute_lap_features_for_driver] driver=16 lap=45, car_data rows=315
2025-12-15 11:42:05 [INFO] __main__ - [compute_lap_features_for_driver] driver=16 lap=46 KEEP, status=GREEN, duration=83.6s
2025-12-15 11:42:05 [DEBUG] __main__ - [get_openf1] GET https://api.openf1.org/v1/car_data params={'session_key': 9590, 'driver_number': 16, 'date>': '2024-09-01T14:07:07.289000+00:00', 'date<': '2024-09-01T14:08:30.866000+00:00'}
2025-12-15 11:42:06 [DEBUG] __main__ - [compute_lap_features_for_driver] driver=16 lap=46, car_data rows=303
2025-12-15 11:42:06 [INFO] __main__ - [compute_lap_features_for_driver] driver=16 lap=47 KEEP, status=GREEN, duration=83.7s
2025-12-15 11:42:06 [DEBUG] __main__ - [get_openf1] GET https://api.openf1.org/v1/car_data params={'session_key': 9590, 'driver_number': 16, 'date>': '2024-09-01T14:08:30.866000+00:00', 'date<': '2024-09-01T14:09:54.613000+00:00'}
2025-12-15 11:42:06 [DEBUG] __main__ - [compute_lap_features_for_driver] driver=16 lap=47, car_data rows=310
2025-12-15 11:42:06 [INFO] __main__ - [compute_lap_features_for_driver] driver=16 lap=48 KEEP, status=GREEN, duration=83.5s
2025-12-15 11:42:06 [DEBUG] __main__ - [get_openf1] GET https://api.openf1.org/v1/car_data params={'session_key': 9590, 'driver_number': 16, 'date>': '2024-09-01T14:09:54.613000+00:00', 'date<': '2024-09-01T14:11:18.153000+00:00'}
2025-12-15 11:42:07 [DEBUG] __main__ - [compute_lap_features_for_driver] driver=16 lap=48, car_data rows=311
2025-12-15 11:42:07 [INFO] __main__ - [compute_lap_features_for_driver] driver=16 lap=49 KEEP, status=GREEN, duration=83.4s
2025-12-15 11:42:07 [DEBUG] __main__ - [get_openf1] GET https://api.openf1.org/v1/car_data params={'session_key': 9590, 'driver_number': 16, 'date>': '2024-09-01T14:11:18.153000+00:00', 'date<': '2024-09-01T14:12:41.531000+00:00'}
2025-12-15 11:42:07 [DEBUG] __main__ - [compute_lap_features_for_driver] driver=16 lap=49, car_data rows=309
2025-12-15 11:42:07 [INFO] __main__ - [compute_lap_features_for_driver] driver=16 lap=50 KEEP, status=GREEN, duration=83.5s
2025-12-15 11:42:07 [DEBUG] __main__ - [get_openf1] GET https://api.openf1.org/v1/car_data params={'session_key': 9590, 'driver_number': 16, 'date>': '2024-09-01T14:12:41.531000+00:00', 'date<': '2024-09-01T14:14:05.018000+00:00'}
2025-12-15 11:42:08 [DEBUG] __main__ - [compute_lap_features_for_driver] driver=16 lap=50, car_data rows=307
2025-12-15 11:42:08 [INFO] __main__ - [compute_lap_features_for_driver] driver=16 lap=51 KEEP, status=GREEN, duration=83.7s
2025-12-15 11:42:08 [DEBUG] __main__ - [get_openf1] GET https://api.openf1.org/v1/car_data params={'session_key': 9590, 'driver_number': 16, 'date>': '2024-09-01T14:14:05.018000+00:00', 'date<': '2024-09-01T14:15:28.694000+00:00'}
2025-12-15 11:42:08 [DEBUG] __main__ - [compute_lap_features_for_driver] driver=16 lap=51, car_data rows=310
2025-12-15 11:42:08 [INFO] __main__ - [compute_lap_features_for_driver] driver=16 lap=52 KEEP, status=GREEN, duration=83.7s
2025-12-15 11:42:08 [DEBUG] __main__ - [get_openf1] GET https://api.openf1.org/v1/car_data params={'session_key': 9590, 'driver_number': 16, 'date>': '2024-09-01T14:15:28.694000+00:00', 'date<': '2024-09-01T14:16:52.392000+00:00'}
2025-12-15 11:42:09 [DEBUG] __main__ - [compute_lap_features_for_driver] driver=16 lap=52, car_data rows=315
2025-12-15 11:42:09 [INFO] __main__ - [compute_lap_features_for_driver] driver=16 lap=53 DROP (CHEQUERED_FLAG_LAP), status=RED_FLAG;CHEQUERED, duration=nans
2025-12-15 11:42:09 [INFO] __main__ - [compute_lap_features_for_driver] driver=16, feature laps=[2, 3, 4, 5, 6, 7, 8, 9, 10, 11, 12, 13, 14, 15, 16, 17, 18, 19, 20, 21, 22, 23, 24, 25, 26, 27, 28, 29, 30, 31, 32, 33, 34, 35, 36, 37, 38, 39, 40, 41, 42, 43, 44, 45, 46, 47, 48, 49, 50, 51, 52]
2025-12-15 11:42:09 [INFO] __main__ - [build_driver_style_embedding_json] compute features for driver=55
2025-12-15 11:42:09 [DEBUG] __main__ - [get_openf1] GET https://api.openf1.org/v1/laps params={'session_key': 9590, 'driver_number': 55}
2025-12-15 11:42:10 [DEBUG] __main__ - [get_openf1] GET https://api.openf1.org/v1/sessions params={'session_key': 9590}
2025-12-15 11:42:11 [INFO] __main__ - [fetch_session_start] session_key=9590, date_start=2024-09-01 13:00:00+00:00
2025-12-15 11:42:11 [INFO] __main__ - [fetch_race_start_time] use first GREEN as race_start: 2024-09-01 12:20:01+00:00
2025-12-15 11:42:11 [INFO] __main__ - [fetch_laps] fill lap 1 date_start with race_start=2024-09-01 12:20:01+00:00
2025-12-15 11:42:11 [INFO] __main__ - [fetch_laps] driver=55, laps: min=1, max=53, count=53
2025-12-15 11:42:11 [DEBUG] __main__ - [fetch_laps] head:
   meeting_key  session_key  ...  st_speed  lap_duration_s
0         1244         9590  ...     299.0        2703.265
1         1244         9590  ...     331.0          85.748
2         1244         9590  ...     337.0          85.310
3         1244         9590  ...     339.0          85.068
4         1244         9590  ...     333.0          85.007

[5 rows x 17 columns]
2025-12-15 11:42:11 [DEBUG] __main__ - [build_lap_status_mapping] status_by_lap={1: 'GREEN', 2: 'GREEN', 3: 'GREEN', 4: 'GREEN', 5: 'GREEN', 6: 'GREEN', 7: 'GREEN', 8: 'GREEN', 9: 'GREEN', 10: 'GREEN', 11: 'GREEN', 12: 'GREEN', 13: 'GREEN', 14: 'GREEN', 15: 'GREEN', 16: 'GREEN', 17: 'GREEN', 18: 'GREEN', 19: 'GREEN', 20: 'GREEN', 21: 'GREEN', 22: 'GREEN', 23: 'GREEN', 24: 'GREEN', 25: 'GREEN', 26: 'GREEN', 27: 'GREEN', 28: 'GREEN', 29: 'GREEN', 30: 'GREEN', 31: 'GREEN', 32: 'GREEN', 33: 'GREEN', 34: 'GREEN', 35: 'GREEN', 36: 'GREEN', 37: 'GREEN', 38: 'GREEN', 39: 'GREEN', 40: 'GREEN', 41: 'GREEN', 42: 'GREEN', 43: 'GREEN', 44: 'GREEN', 45: 'GREEN', 46: 'GREEN', 47: 'GREEN', 48: 'GREEN', 49: 'GREEN', 50: 'GREEN', 51: 'GREEN', 52: 'GREEN', 53: 'RED_FLAG;CHEQUERED'}
2025-12-15 11:42:11 [INFO] __main__ - [compute_lap_features_for_driver] driver=55, typical_duration_s=83.981
2025-12-15 11:42:11 [INFO] __main__ - [compute_lap_features_for_driver] driver=55 lap=1 DROP (LONG_LAP_2703.3s), status=GREEN, duration=2703.3s
2025-12-15 11:42:11 [INFO] __main__ - [compute_lap_features_for_driver] driver=55 lap=2 KEEP, status=GREEN, duration=85.7s
2025-12-15 11:42:11 [DEBUG] __main__ - [get_openf1] GET https://api.openf1.org/v1/car_data params={'session_key': 9590, 'driver_number': 55, 'date>': '2024-09-01T13:05:04.265000+00:00', 'date<': '2024-09-01T13:06:30.013000+00:00'}
2025-12-15 11:42:12 [DEBUG] __main__ - [compute_lap_features_for_driver] driver=55 lap=2, car_data rows=330
2025-12-15 11:42:12 [INFO] __main__ - [compute_lap_features_for_driver] driver=55 lap=3 KEEP, status=GREEN, duration=85.3s
2025-12-15 11:42:12 [DEBUG] __main__ - [get_openf1] GET https://api.openf1.org/v1/car_data params={'session_key': 9590, 'driver_number': 55, 'date>': '2024-09-01T13:06:30.013000+00:00', 'date<': '2024-09-01T13:07:55.323000+00:00'}
2025-12-15 11:42:12 [DEBUG] __main__ - [compute_lap_features_for_driver] driver=55 lap=3, car_data rows=321
2025-12-15 11:42:12 [INFO] __main__ - [compute_lap_features_for_driver] driver=55 lap=4 KEEP, status=GREEN, duration=85.1s
2025-12-15 11:42:12 [DEBUG] __main__ - [get_openf1] GET https://api.openf1.org/v1/car_data params={'session_key': 9590, 'driver_number': 55, 'date>': '2024-09-01T13:07:55.323000+00:00', 'date<': '2024-09-01T13:09:20.391000+00:00'}
2025-12-15 11:42:13 [DEBUG] __main__ - [compute_lap_features_for_driver] driver=55 lap=4, car_data rows=319
2025-12-15 11:42:13 [INFO] __main__ - [compute_lap_features_for_driver] driver=55 lap=5 KEEP, status=GREEN, duration=85.0s
2025-12-15 11:42:13 [DEBUG] __main__ - [get_openf1] GET https://api.openf1.org/v1/car_data params={'session_key': 9590, 'driver_number': 55, 'date>': '2024-09-01T13:09:20.391000+00:00', 'date<': '2024-09-01T13:10:45.398000+00:00'}
2025-12-15 11:42:14 [DEBUG] __main__ - [compute_lap_features_for_driver] driver=55 lap=5, car_data rows=327
2025-12-15 11:42:14 [INFO] __main__ - [compute_lap_features_for_driver] driver=55 lap=6 KEEP, status=GREEN, duration=84.7s
2025-12-15 11:42:14 [DEBUG] __main__ - [get_openf1] GET https://api.openf1.org/v1/car_data params={'session_key': 9590, 'driver_number': 55, 'date>': '2024-09-01T13:10:45.398000+00:00', 'date<': '2024-09-01T13:12:10.077000+00:00'}
2025-12-15 11:42:14 [DEBUG] __main__ - [compute_lap_features_for_driver] driver=55 lap=6, car_data rows=325
2025-12-15 11:42:14 [INFO] __main__ - [compute_lap_features_for_driver] driver=55 lap=7 KEEP, status=GREEN, duration=84.6s
2025-12-15 11:42:14 [DEBUG] __main__ - [get_openf1] GET https://api.openf1.org/v1/car_data params={'session_key': 9590, 'driver_number': 55, 'date>': '2024-09-01T13:12:10.077000+00:00', 'date<': '2024-09-01T13:13:34.681000+00:00'}
2025-12-15 11:42:15 [DEBUG] __main__ - [compute_lap_features_for_driver] driver=55 lap=7, car_data rows=310
2025-12-15 11:42:15 [INFO] __main__ - [compute_lap_features_for_driver] driver=55 lap=8 KEEP, status=GREEN, duration=84.9s
2025-12-15 11:42:15 [DEBUG] __main__ - [get_openf1] GET https://api.openf1.org/v1/car_data params={'session_key': 9590, 'driver_number': 55, 'date>': '2024-09-01T13:13:34.681000+00:00', 'date<': '2024-09-01T13:14:59.588000+00:00'}
2025-12-15 11:42:16 [DEBUG] __main__ - [compute_lap_features_for_driver] driver=55 lap=8, car_data rows=311
2025-12-15 11:42:16 [INFO] __main__ - [compute_lap_features_for_driver] driver=55 lap=9 KEEP, status=GREEN, duration=84.8s
2025-12-15 11:42:16 [DEBUG] __main__ - [get_openf1] GET https://api.openf1.org/v1/car_data params={'session_key': 9590, 'driver_number': 55, 'date>': '2024-09-01T13:14:59.588000+00:00', 'date<': '2024-09-01T13:16:24.422000+00:00'}
2025-12-15 11:42:17 [DEBUG] __main__ - [compute_lap_features_for_driver] driver=55 lap=9, car_data rows=320
2025-12-15 11:42:17 [INFO] __main__ - [compute_lap_features_for_driver] driver=55 lap=10 KEEP, status=GREEN, duration=84.6s
2025-12-15 11:42:17 [DEBUG] __main__ - [get_openf1] GET https://api.openf1.org/v1/car_data params={'session_key': 9590, 'driver_number': 55, 'date>': '2024-09-01T13:16:24.422000+00:00', 'date<': '2024-09-01T13:17:49.020000+00:00'}
2025-12-15 11:42:18 [DEBUG] __main__ - [compute_lap_features_for_driver] driver=55 lap=10, car_data rows=321
2025-12-15 11:42:18 [INFO] __main__ - [compute_lap_features_for_driver] driver=55 lap=11 KEEP, status=GREEN, duration=85.2s
2025-12-15 11:42:18 [DEBUG] __main__ - [get_openf1] GET https://api.openf1.org/v1/car_data params={'session_key': 9590, 'driver_number': 55, 'date>': '2024-09-01T13:17:49.020000+00:00', 'date<': '2024-09-01T13:19:14.198000+00:00'}
2025-12-15 11:42:18 [DEBUG] __main__ - [compute_lap_features_for_driver] driver=55 lap=11, car_data rows=328
2025-12-15 11:42:18 [INFO] __main__ - [compute_lap_features_for_driver] driver=55 lap=12 KEEP, status=GREEN, duration=85.2s
2025-12-15 11:42:18 [DEBUG] __main__ - [get_openf1] GET https://api.openf1.org/v1/car_data params={'session_key': 9590, 'driver_number': 55, 'date>': '2024-09-01T13:19:14.198000+00:00', 'date<': '2024-09-01T13:20:39.447000+00:00'}
2025-12-15 11:42:19 [DEBUG] __main__ - [compute_lap_features_for_driver] driver=55 lap=12, car_data rows=317
2025-12-15 11:42:19 [INFO] __main__ - [compute_lap_features_for_driver] driver=55 lap=13 KEEP, status=GREEN, duration=85.3s
2025-12-15 11:42:19 [DEBUG] __main__ - [get_openf1] GET https://api.openf1.org/v1/car_data params={'session_key': 9590, 'driver_number': 55, 'date>': '2024-09-01T13:20:39.447000+00:00', 'date<': '2024-09-01T13:22:04.772000+00:00'}
2025-12-15 11:42:20 [DEBUG] __main__ - [compute_lap_features_for_driver] driver=55 lap=13, car_data rows=319
2025-12-15 11:42:20 [INFO] __main__ - [compute_lap_features_for_driver] driver=55 lap=14 KEEP, status=GREEN, duration=85.2s
2025-12-15 11:42:20 [DEBUG] __main__ - [get_openf1] GET https://api.openf1.org/v1/car_data params={'session_key': 9590, 'driver_number': 55, 'date>': '2024-09-01T13:22:04.772000+00:00', 'date<': '2024-09-01T13:23:29.967000+00:00'}
2025-12-15 11:42:20 [DEBUG] __main__ - [compute_lap_features_for_driver] driver=55 lap=14, car_data rows=324
2025-12-15 11:42:20 [INFO] __main__ - [compute_lap_features_for_driver] driver=55 lap=15 KEEP, status=GREEN, duration=85.2s
2025-12-15 11:42:20 [DEBUG] __main__ - [get_openf1] GET https://api.openf1.org/v1/car_data params={'session_key': 9590, 'driver_number': 55, 'date>': '2024-09-01T13:23:29.967000+00:00', 'date<': '2024-09-01T13:24:55.196000+00:00'}
2025-12-15 11:42:21 [DEBUG] __main__ - [compute_lap_features_for_driver] driver=55 lap=15, car_data rows=323
2025-12-15 11:42:21 [INFO] __main__ - [compute_lap_features_for_driver] driver=55 lap=16 KEEP, status=GREEN, duration=85.3s
2025-12-15 11:42:21 [DEBUG] __main__ - [get_openf1] GET https://api.openf1.org/v1/car_data params={'session_key': 9590, 'driver_number': 55, 'date>': '2024-09-01T13:24:55.196000+00:00', 'date<': '2024-09-01T13:26:20.543000+00:00'}
2025-12-15 11:42:22 [DEBUG] __main__ - [compute_lap_features_for_driver] driver=55 lap=16, car_data rows=315
2025-12-15 11:42:22 [INFO] __main__ - [compute_lap_features_for_driver] driver=55 lap=17 KEEP, status=GREEN, duration=85.3s
2025-12-15 11:42:22 [DEBUG] __main__ - [get_openf1] GET https://api.openf1.org/v1/car_data params={'session_key': 9590, 'driver_number': 55, 'date>': '2024-09-01T13:26:20.543000+00:00', 'date<': '2024-09-01T13:27:45.879000+00:00'}
2025-12-15 11:42:22 [DEBUG] __main__ - [compute_lap_features_for_driver] driver=55 lap=17, car_data rows=320
2025-12-15 11:42:22 [INFO] __main__ - [compute_lap_features_for_driver] driver=55 lap=18 KEEP, status=GREEN, duration=85.9s
2025-12-15 11:42:22 [DEBUG] __main__ - [get_openf1] GET https://api.openf1.org/v1/car_data params={'session_key': 9590, 'driver_number': 55, 'date>': '2024-09-01T13:27:45.879000+00:00', 'date<': '2024-09-01T13:29:11.738000+00:00'}
2025-12-15 11:42:23 [DEBUG] __main__ - [compute_lap_features_for_driver] driver=55 lap=18, car_data rows=316
2025-12-15 11:42:23 [INFO] __main__ - [compute_lap_features_for_driver] driver=55 lap=19 KEEP, status=GREEN, duration=90.3s
2025-12-15 11:42:23 [DEBUG] __main__ - [get_openf1] GET https://api.openf1.org/v1/car_data params={'session_key': 9590, 'driver_number': 55, 'date>': '2024-09-01T13:29:11.738000+00:00', 'date<': '2024-09-01T13:30:42.070000+00:00'}
2025-12-15 11:42:24 [DEBUG] __main__ - [compute_lap_features_for_driver] driver=55 lap=19, car_data rows=337
2025-12-15 11:42:24 [INFO] __main__ - [compute_lap_features_for_driver] driver=55 lap=20 KEEP, status=GREEN, duration=104.8s
2025-12-15 11:42:24 [DEBUG] __main__ - [get_openf1] GET https://api.openf1.org/v1/car_data params={'session_key': 9590, 'driver_number': 55, 'date>': '2024-09-01T13:30:42.070000+00:00', 'date<': '2024-09-01T13:32:26.874000+00:00'}
2025-12-15 11:42:25 [DEBUG] __main__ - [compute_lap_features_for_driver] driver=55 lap=20, car_data rows=392
2025-12-15 11:42:25 [INFO] __main__ - [compute_lap_features_for_driver] driver=55 lap=21 KEEP, status=GREEN, duration=84.5s
2025-12-15 11:42:25 [DEBUG] __main__ - [get_openf1] GET https://api.openf1.org/v1/car_data params={'session_key': 9590, 'driver_number': 55, 'date>': '2024-09-01T13:32:26.874000+00:00', 'date<': '2024-09-01T13:33:51.375000+00:00'}
2025-12-15 11:42:25 [DEBUG] __main__ - [compute_lap_features_for_driver] driver=55 lap=21, car_data rows=314
2025-12-15 11:42:25 [INFO] __main__ - [compute_lap_features_for_driver] driver=55 lap=22 KEEP, status=GREEN, duration=84.2s
2025-12-15 11:42:25 [DEBUG] __main__ - [get_openf1] GET https://api.openf1.org/v1/car_data params={'session_key': 9590, 'driver_number': 55, 'date>': '2024-09-01T13:33:51.375000+00:00', 'date<': '2024-09-01T13:35:15.560000+00:00'}
2025-12-15 11:42:26 [DEBUG] __main__ - [compute_lap_features_for_driver] driver=55 lap=22, car_data rows=307
2025-12-15 11:42:26 [INFO] __main__ - [compute_lap_features_for_driver] driver=55 lap=23 KEEP, status=GREEN, duration=84.6s
2025-12-15 11:42:26 [DEBUG] __main__ - [get_openf1] GET https://api.openf1.org/v1/car_data params={'session_key': 9590, 'driver_number': 55, 'date>': '2024-09-01T13:35:15.560000+00:00', 'date<': '2024-09-01T13:36:40.180000+00:00'}
2025-12-15 11:42:27 [DEBUG] __main__ - [compute_lap_features_for_driver] driver=55 lap=23, car_data rows=323
2025-12-15 11:42:27 [INFO] __main__ - [compute_lap_features_for_driver] driver=55 lap=24 KEEP, status=GREEN, duration=83.6s
2025-12-15 11:42:27 [DEBUG] __main__ - [get_openf1] GET https://api.openf1.org/v1/car_data params={'session_key': 9590, 'driver_number': 55, 'date>': '2024-09-01T13:36:40.180000+00:00', 'date<': '2024-09-01T13:38:03.737000+00:00'}
2025-12-15 11:42:27 [DEBUG] __main__ - [compute_lap_features_for_driver] driver=55 lap=24, car_data rows=313
2025-12-15 11:42:27 [INFO] __main__ - [compute_lap_features_for_driver] driver=55 lap=25 KEEP, status=GREEN, duration=83.8s
2025-12-15 11:42:27 [DEBUG] __main__ - [get_openf1] GET https://api.openf1.org/v1/car_data params={'session_key': 9590, 'driver_number': 55, 'date>': '2024-09-01T13:38:03.737000+00:00', 'date<': '2024-09-01T13:39:27.576000+00:00'}
2025-12-15 11:42:28 [DEBUG] __main__ - [compute_lap_features_for_driver] driver=55 lap=25, car_data rows=315
2025-12-15 11:42:28 [INFO] __main__ - [compute_lap_features_for_driver] driver=55 lap=26 KEEP, status=GREEN, duration=83.4s
2025-12-15 11:42:28 [DEBUG] __main__ - [get_openf1] GET https://api.openf1.org/v1/car_data params={'session_key': 9590, 'driver_number': 55, 'date>': '2024-09-01T13:39:27.576000+00:00', 'date<': '2024-09-01T13:40:51.018000+00:00'}
2025-12-15 11:42:28 [DEBUG] __main__ - [compute_lap_features_for_driver] driver=55 lap=26, car_data rows=321
2025-12-15 11:42:28 [INFO] __main__ - [compute_lap_features_for_driver] driver=55 lap=27 KEEP, status=GREEN, duration=83.5s
2025-12-15 11:42:28 [DEBUG] __main__ - [get_openf1] GET https://api.openf1.org/v1/car_data params={'session_key': 9590, 'driver_number': 55, 'date>': '2024-09-01T13:40:51.018000+00:00', 'date<': '2024-09-01T13:42:14.502000+00:00'}
2025-12-15 11:42:29 [DEBUG] __main__ - [compute_lap_features_for_driver] driver=55 lap=27, car_data rows=307
2025-12-15 11:42:29 [INFO] __main__ - [compute_lap_features_for_driver] driver=55 lap=28 KEEP, status=GREEN, duration=83.8s
2025-12-15 11:42:29 [DEBUG] __main__ - [get_openf1] GET https://api.openf1.org/v1/car_data params={'session_key': 9590, 'driver_number': 55, 'date>': '2024-09-01T13:42:14.502000+00:00', 'date<': '2024-09-01T13:43:38.315000+00:00'}
2025-12-15 11:42:30 [DEBUG] __main__ - [compute_lap_features_for_driver] driver=55 lap=28, car_data rows=328
2025-12-15 11:42:30 [INFO] __main__ - [compute_lap_features_for_driver] driver=55 lap=29 KEEP, status=GREEN, duration=83.4s
2025-12-15 11:42:30 [DEBUG] __main__ - [get_openf1] GET https://api.openf1.org/v1/car_data params={'session_key': 9590, 'driver_number': 55, 'date>': '2024-09-01T13:43:38.315000+00:00', 'date<': '2024-09-01T13:45:01.719000+00:00'}
2025-12-15 11:42:30 [DEBUG] __main__ - [compute_lap_features_for_driver] driver=55 lap=29, car_data rows=309
2025-12-15 11:42:30 [INFO] __main__ - [compute_lap_features_for_driver] driver=55 lap=30 KEEP, status=GREEN, duration=83.7s
2025-12-15 11:42:30 [DEBUG] __main__ - [get_openf1] GET https://api.openf1.org/v1/car_data params={'session_key': 9590, 'driver_number': 55, 'date>': '2024-09-01T13:45:01.719000+00:00', 'date<': '2024-09-01T13:46:25.369000+00:00'}
2025-12-15 11:42:31 [DEBUG] __main__ - [compute_lap_features_for_driver] driver=55 lap=30, car_data rows=325
2025-12-15 11:42:31 [INFO] __main__ - [compute_lap_features_for_driver] driver=55 lap=31 KEEP, status=GREEN, duration=83.3s
2025-12-15 11:42:31 [DEBUG] __main__ - [get_openf1] GET https://api.openf1.org/v1/car_data params={'session_key': 9590, 'driver_number': 55, 'date>': '2024-09-01T13:46:25.369000+00:00', 'date<': '2024-09-01T13:47:48.705000+00:00'}
2025-12-15 11:42:31 [DEBUG] __main__ - [compute_lap_features_for_driver] driver=55 lap=31, car_data rows=310
2025-12-15 11:42:31 [INFO] __main__ - [compute_lap_features_for_driver] driver=55 lap=32 KEEP, status=GREEN, duration=83.4s
2025-12-15 11:42:31 [DEBUG] __main__ - [get_openf1] GET https://api.openf1.org/v1/car_data params={'session_key': 9590, 'driver_number': 55, 'date>': '2024-09-01T13:47:48.705000+00:00', 'date<': '2024-09-01T13:49:12.057000+00:00'}
2025-12-15 11:42:32 [DEBUG] __main__ - [compute_lap_features_for_driver] driver=55 lap=32, car_data rows=316
2025-12-15 11:42:32 [INFO] __main__ - [compute_lap_features_for_driver] driver=55 lap=33 KEEP, status=GREEN, duration=83.4s
2025-12-15 11:42:32 [DEBUG] __main__ - [get_openf1] GET https://api.openf1.org/v1/car_data params={'session_key': 9590, 'driver_number': 55, 'date>': '2024-09-01T13:49:12.057000+00:00', 'date<': '2024-09-01T13:50:35.448000+00:00'}
2025-12-15 11:42:33 [DEBUG] __main__ - [compute_lap_features_for_driver] driver=55 lap=33, car_data rows=306
2025-12-15 11:42:33 [INFO] __main__ - [compute_lap_features_for_driver] driver=55 lap=34 KEEP, status=GREEN, duration=83.2s
2025-12-15 11:42:33 [DEBUG] __main__ - [get_openf1] GET https://api.openf1.org/v1/car_data params={'session_key': 9590, 'driver_number': 55, 'date>': '2024-09-01T13:50:35.448000+00:00', 'date<': '2024-09-01T13:51:58.678000+00:00'}
2025-12-15 11:42:33 [DEBUG] __main__ - [compute_lap_features_for_driver] driver=55 lap=34, car_data rows=318
2025-12-15 11:42:33 [INFO] __main__ - [compute_lap_features_for_driver] driver=55 lap=35 KEEP, status=GREEN, duration=83.5s
2025-12-15 11:42:33 [DEBUG] __main__ - [get_openf1] GET https://api.openf1.org/v1/car_data params={'session_key': 9590, 'driver_number': 55, 'date>': '2024-09-01T13:51:58.678000+00:00', 'date<': '2024-09-01T13:53:22.136000+00:00'}
2025-12-15 11:42:34 [DEBUG] __main__ - [compute_lap_features_for_driver] driver=55 lap=35, car_data rows=311
2025-12-15 11:42:34 [INFO] __main__ - [compute_lap_features_for_driver] driver=55 lap=36 KEEP, status=GREEN, duration=83.2s
2025-12-15 11:42:34 [DEBUG] __main__ - [get_openf1] GET https://api.openf1.org/v1/car_data params={'session_key': 9590, 'driver_number': 55, 'date>': '2024-09-01T13:53:22.136000+00:00', 'date<': '2024-09-01T13:54:45.355000+00:00'}
2025-12-15 11:42:34 [DEBUG] __main__ - [compute_lap_features_for_driver] driver=55 lap=36, car_data rows=317
2025-12-15 11:42:34 [INFO] __main__ - [compute_lap_features_for_driver] driver=55 lap=37 KEEP, status=GREEN, duration=83.3s
2025-12-15 11:42:34 [DEBUG] __main__ - [get_openf1] GET https://api.openf1.org/v1/car_data params={'session_key': 9590, 'driver_number': 55, 'date>': '2024-09-01T13:54:45.355000+00:00', 'date<': '2024-09-01T13:56:08.615000+00:00'}
2025-12-15 11:42:35 [DEBUG] __main__ - [compute_lap_features_for_driver] driver=55 lap=37, car_data rows=306
2025-12-15 11:42:35 [INFO] __main__ - [compute_lap_features_for_driver] driver=55 lap=38 KEEP, status=GREEN, duration=83.5s
2025-12-15 11:42:35 [DEBUG] __main__ - [get_openf1] GET https://api.openf1.org/v1/car_data params={'session_key': 9590, 'driver_number': 55, 'date>': '2024-09-01T13:56:08.615000+00:00', 'date<': '2024-09-01T13:57:32.148000+00:00'}
2025-12-15 11:42:35 [DEBUG] __main__ - [compute_lap_features_for_driver] driver=55 lap=38, car_data rows=314
2025-12-15 11:42:35 [INFO] __main__ - [compute_lap_features_for_driver] driver=55 lap=39 KEEP, status=GREEN, duration=83.8s
2025-12-15 11:42:35 [DEBUG] __main__ - [get_openf1] GET https://api.openf1.org/v1/car_data params={'session_key': 9590, 'driver_number': 55, 'date>': '2024-09-01T13:57:32.148000+00:00', 'date<': '2024-09-01T13:58:55.953000+00:00'}
2025-12-15 11:42:36 [DEBUG] __main__ - [compute_lap_features_for_driver] driver=55 lap=39, car_data rows=319
2025-12-15 11:42:36 [INFO] __main__ - [compute_lap_features_for_driver] driver=55 lap=40 KEEP, status=GREEN, duration=83.8s
2025-12-15 11:42:36 [DEBUG] __main__ - [get_openf1] GET https://api.openf1.org/v1/car_data params={'session_key': 9590, 'driver_number': 55, 'date>': '2024-09-01T13:58:55.953000+00:00', 'date<': '2024-09-01T14:00:19.788000+00:00'}
2025-12-15 11:42:38 [DEBUG] __main__ - [compute_lap_features_for_driver] driver=55 lap=40, car_data rows=318
2025-12-15 11:42:38 [INFO] __main__ - [compute_lap_features_for_driver] driver=55 lap=41 KEEP, status=GREEN, duration=83.4s
2025-12-15 11:42:38 [DEBUG] __main__ - [get_openf1] GET https://api.openf1.org/v1/car_data params={'session_key': 9590, 'driver_number': 55, 'date>': '2024-09-01T14:00:19.788000+00:00', 'date<': '2024-09-01T14:01:43.194000+00:00'}
2025-12-15 11:42:38 [DEBUG] __main__ - [compute_lap_features_for_driver] driver=55 lap=41, car_data rows=303
2025-12-15 11:42:38 [INFO] __main__ - [compute_lap_features_for_driver] driver=55 lap=42 KEEP, status=GREEN, duration=83.8s
2025-12-15 11:42:38 [DEBUG] __main__ - [get_openf1] GET https://api.openf1.org/v1/car_data params={'session_key': 9590, 'driver_number': 55, 'date>': '2024-09-01T14:01:43.194000+00:00', 'date<': '2024-09-01T14:03:07.010000+00:00'}
2025-12-15 11:42:39 [DEBUG] __main__ - [compute_lap_features_for_driver] driver=55 lap=42, car_data rows=320
2025-12-15 11:42:39 [INFO] __main__ - [compute_lap_features_for_driver] driver=55 lap=43 KEEP, status=GREEN, duration=83.8s
2025-12-15 11:42:39 [DEBUG] __main__ - [get_openf1] GET https://api.openf1.org/v1/car_data params={'session_key': 9590, 'driver_number': 55, 'date>': '2024-09-01T14:03:07.010000+00:00', 'date<': '2024-09-01T14:04:30.786000+00:00'}
2025-12-15 11:42:39 [DEBUG] __main__ - [compute_lap_features_for_driver] driver=55 lap=43, car_data rows=316
2025-12-15 11:42:39 [INFO] __main__ - [compute_lap_features_for_driver] driver=55 lap=44 KEEP, status=GREEN, duration=84.0s
2025-12-15 11:42:39 [DEBUG] __main__ - [get_openf1] GET https://api.openf1.org/v1/car_data params={'session_key': 9590, 'driver_number': 55, 'date>': '2024-09-01T14:04:30.786000+00:00', 'date<': '2024-09-01T14:05:54.767000+00:00'}
2025-12-15 11:42:40 [DEBUG] __main__ - [compute_lap_features_for_driver] driver=55 lap=44, car_data rows=314
2025-12-15 11:42:40 [INFO] __main__ - [compute_lap_features_for_driver] driver=55 lap=45 KEEP, status=GREEN, duration=85.1s
2025-12-15 11:42:40 [DEBUG] __main__ - [get_openf1] GET https://api.openf1.org/v1/car_data params={'session_key': 9590, 'driver_number': 55, 'date>': '2024-09-01T14:05:54.767000+00:00', 'date<': '2024-09-01T14:07:19.854000+00:00'}
2025-12-15 11:42:41 [DEBUG] __main__ - [compute_lap_features_for_driver] driver=55 lap=45, car_data rows=316
2025-12-15 11:42:41 [INFO] __main__ - [compute_lap_features_for_driver] driver=55 lap=46 KEEP, status=GREEN, duration=84.1s
2025-12-15 11:42:41 [DEBUG] __main__ - [get_openf1] GET https://api.openf1.org/v1/car_data params={'session_key': 9590, 'driver_number': 55, 'date>': '2024-09-01T14:07:19.854000+00:00', 'date<': '2024-09-01T14:08:43.976000+00:00'}
2025-12-15 11:42:41 [DEBUG] __main__ - [compute_lap_features_for_driver] driver=55 lap=46, car_data rows=310
2025-12-15 11:42:41 [INFO] __main__ - [compute_lap_features_for_driver] driver=55 lap=47 KEEP, status=GREEN, duration=83.9s
2025-12-15 11:42:41 [DEBUG] __main__ - [get_openf1] GET https://api.openf1.org/v1/car_data params={'session_key': 9590, 'driver_number': 55, 'date>': '2024-09-01T14:08:43.976000+00:00', 'date<': '2024-09-01T14:10:07.885000+00:00'}
2025-12-15 11:42:42 [DEBUG] __main__ - [compute_lap_features_for_driver] driver=55 lap=47, car_data rows=306
2025-12-15 11:42:42 [INFO] __main__ - [compute_lap_features_for_driver] driver=55 lap=48 KEEP, status=GREEN, duration=84.9s
2025-12-15 11:42:42 [DEBUG] __main__ - [get_openf1] GET https://api.openf1.org/v1/car_data params={'session_key': 9590, 'driver_number': 55, 'date>': '2024-09-01T14:10:07.885000+00:00', 'date<': '2024-09-01T14:11:32.823000+00:00'}
2025-12-15 11:42:42 [DEBUG] __main__ - [compute_lap_features_for_driver] driver=55 lap=48, car_data rows=314
2025-12-15 11:42:42 [INFO] __main__ - [compute_lap_features_for_driver] driver=55 lap=49 KEEP, status=GREEN, duration=83.9s
2025-12-15 11:42:42 [DEBUG] __main__ - [get_openf1] GET https://api.openf1.org/v1/car_data params={'session_key': 9590, 'driver_number': 55, 'date>': '2024-09-01T14:11:32.823000+00:00', 'date<': '2024-09-01T14:12:56.740000+00:00'}
2025-12-15 11:42:43 [DEBUG] __main__ - [compute_lap_features_for_driver] driver=55 lap=49, car_data rows=315
2025-12-15 11:42:43 [INFO] __main__ - [compute_lap_features_for_driver] driver=55 lap=50 KEEP, status=GREEN, duration=83.8s
2025-12-15 11:42:43 [DEBUG] __main__ - [get_openf1] GET https://api.openf1.org/v1/car_data params={'session_key': 9590, 'driver_number': 55, 'date>': '2024-09-01T14:12:56.740000+00:00', 'date<': '2024-09-01T14:14:20.504000+00:00'}
2025-12-15 11:42:43 [DEBUG] __main__ - [compute_lap_features_for_driver] driver=55 lap=50, car_data rows=310
2025-12-15 11:42:43 [INFO] __main__ - [compute_lap_features_for_driver] driver=55 lap=51 KEEP, status=GREEN, duration=83.8s
2025-12-15 11:42:43 [DEBUG] __main__ - [get_openf1] GET https://api.openf1.org/v1/car_data params={'session_key': 9590, 'driver_number': 55, 'date>': '2024-09-01T14:14:20.504000+00:00', 'date<': '2024-09-01T14:15:44.264000+00:00'}
2025-12-15 11:42:44 [DEBUG] __main__ - [compute_lap_features_for_driver] driver=55 lap=51, car_data rows=309
2025-12-15 11:42:44 [INFO] __main__ - [compute_lap_features_for_driver] driver=55 lap=52 KEEP, status=GREEN, duration=83.8s
2025-12-15 11:42:44 [DEBUG] __main__ - [get_openf1] GET https://api.openf1.org/v1/car_data params={'session_key': 9590, 'driver_number': 55, 'date>': '2024-09-01T14:15:44.264000+00:00', 'date<': '2024-09-01T14:17:08.035000+00:00'}
2025-12-15 11:42:44 [DEBUG] __main__ - [compute_lap_features_for_driver] driver=55 lap=52, car_data rows=318
2025-12-15 11:42:44 [INFO] __main__ - [compute_lap_features_for_driver] driver=55 lap=53 DROP (CHEQUERED_FLAG_LAP), status=RED_FLAG;CHEQUERED, duration=nans
2025-12-15 11:42:44 [INFO] __main__ - [compute_lap_features_for_driver] driver=55, feature laps=[2, 3, 4, 5, 6, 7, 8, 9, 10, 11, 12, 13, 14, 15, 16, 17, 18, 19, 20, 21, 22, 23, 24, 25, 26, 27, 28, 29, 30, 31, 32, 33, 34, 35, 36, 37, 38, 39, 40, 41, 42, 43, 44, 45, 46, 47, 48, 49, 50, 51, 52]
2025-12-15 11:42:44 [INFO] __main__ - [build_driver_style_embedding_json] compute features for driver=18
2025-12-15 11:42:44 [DEBUG] __main__ - [get_openf1] GET https://api.openf1.org/v1/laps params={'session_key': 9590, 'driver_number': 18}
2025-12-15 11:42:45 [DEBUG] __main__ - [get_openf1] GET https://api.openf1.org/v1/sessions params={'session_key': 9590}
2025-12-15 11:42:46 [INFO] __main__ - [fetch_session_start] session_key=9590, date_start=2024-09-01 13:00:00+00:00
2025-12-15 11:42:46 [INFO] __main__ - [fetch_race_start_time] use first GREEN as race_start: 2024-09-01 12:20:01+00:00
2025-12-15 11:42:46 [INFO] __main__ - [fetch_laps] fill lap 1 date_start with race_start=2024-09-01 12:20:01+00:00
2025-12-15 11:42:46 [INFO] __main__ - [fetch_laps] driver=18, laps: min=1, max=52, count=52
2025-12-15 11:42:46 [DEBUG] __main__ - [fetch_laps] head:
   meeting_key  session_key  ...  st_speed  lap_duration_s
0         1244         9590  ...     279.0        2709.639
1         1244         9590  ...     340.0          88.403
2         1244         9590  ...     338.0          86.760
3         1244         9590  ...     344.0          86.239
4         1244         9590  ...     335.0          87.192

[5 rows x 17 columns]
2025-12-15 11:42:46 [DEBUG] __main__ - [build_lap_status_mapping] status_by_lap={1: 'GREEN', 2: 'GREEN', 3: 'GREEN', 4: 'GREEN', 5: 'GREEN', 6: 'GREEN', 7: 'GREEN', 8: 'GREEN', 9: 'GREEN', 10: 'GREEN', 11: 'GREEN', 12: 'GREEN', 13: 'GREEN', 14: 'GREEN', 15: 'GREEN', 16: 'GREEN', 17: 'GREEN', 18: 'GREEN', 19: 'GREEN', 20: 'GREEN', 21: 'GREEN', 22: 'GREEN', 23: 'GREEN', 24: 'GREEN', 25: 'GREEN', 26: 'GREEN', 27: 'GREEN', 28: 'GREEN', 29: 'GREEN', 30: 'GREEN', 31: 'GREEN', 32: 'GREEN', 33: 'GREEN', 34: 'GREEN', 35: 'GREEN', 36: 'GREEN', 37: 'GREEN', 38: 'GREEN', 39: 'GREEN', 40: 'GREEN', 41: 'GREEN', 42: 'GREEN', 43: 'GREEN', 44: 'GREEN', 45: 'GREEN', 46: 'GREEN', 47: 'GREEN', 48: 'GREEN', 49: 'GREEN', 50: 'GREEN', 51: 'GREEN', 52: 'RED_FLAG;CHEQUERED'}
2025-12-15 11:42:46 [INFO] __main__ - [compute_lap_features_for_driver] driver=18, typical_duration_s=85.634
2025-12-15 11:42:46 [INFO] __main__ - [compute_lap_features_for_driver] driver=18 lap=1 DROP (LONG_LAP_2709.6s), status=GREEN, duration=2709.6s
2025-12-15 11:42:46 [INFO] __main__ - [compute_lap_features_for_driver] driver=18 lap=2 KEEP, status=GREEN, duration=88.4s
2025-12-15 11:42:46 [DEBUG] __main__ - [get_openf1] GET https://api.openf1.org/v1/car_data params={'session_key': 9590, 'driver_number': 18, 'date>': '2024-09-01T13:05:10.639000+00:00', 'date<': '2024-09-01T13:06:39.042000+00:00'}
2025-12-15 11:42:46 [DEBUG] __main__ - [compute_lap_features_for_driver] driver=18 lap=2, car_data rows=344
2025-12-15 11:42:46 [INFO] __main__ - [compute_lap_features_for_driver] driver=18 lap=3 KEEP, status=GREEN, duration=86.8s
2025-12-15 11:42:46 [DEBUG] __main__ - [get_openf1] GET https://api.openf1.org/v1/car_data params={'session_key': 9590, 'driver_number': 18, 'date>': '2024-09-01T13:06:39.042000+00:00', 'date<': '2024-09-01T13:08:05.802000+00:00'}
2025-12-15 11:42:48 [DEBUG] __main__ - [compute_lap_features_for_driver] driver=18 lap=3, car_data rows=323
2025-12-15 11:42:48 [INFO] __main__ - [compute_lap_features_for_driver] driver=18 lap=4 KEEP, status=GREEN, duration=86.2s
2025-12-15 11:42:48 [DEBUG] __main__ - [get_openf1] GET https://api.openf1.org/v1/car_data params={'session_key': 9590, 'driver_number': 18, 'date>': '2024-09-01T13:08:05.802000+00:00', 'date<': '2024-09-01T13:09:32.041000+00:00'}
2025-12-15 11:42:49 [DEBUG] __main__ - [compute_lap_features_for_driver] driver=18 lap=4, car_data rows=325
2025-12-15 11:42:49 [INFO] __main__ - [compute_lap_features_for_driver] driver=18 lap=5 KEEP, status=GREEN, duration=87.2s
2025-12-15 11:42:49 [DEBUG] __main__ - [get_openf1] GET https://api.openf1.org/v1/car_data params={'session_key': 9590, 'driver_number': 18, 'date>': '2024-09-01T13:09:32.041000+00:00', 'date<': '2024-09-01T13:10:59.233000+00:00'}
2025-12-15 11:42:50 [DEBUG] __main__ - [compute_lap_features_for_driver] driver=18 lap=5, car_data rows=333
2025-12-15 11:42:50 [INFO] __main__ - [compute_lap_features_for_driver] driver=18 lap=6 KEEP, status=GREEN, duration=85.5s
2025-12-15 11:42:50 [DEBUG] __main__ - [get_openf1] GET https://api.openf1.org/v1/car_data params={'session_key': 9590, 'driver_number': 18, 'date>': '2024-09-01T13:10:59.233000+00:00', 'date<': '2024-09-01T13:12:24.765000+00:00'}
2025-12-15 11:42:50 [DEBUG] __main__ - [compute_lap_features_for_driver] driver=18 lap=6, car_data rows=327
2025-12-15 11:42:50 [INFO] __main__ - [compute_lap_features_for_driver] driver=18 lap=7 KEEP, status=GREEN, duration=86.1s
2025-12-15 11:42:50 [DEBUG] __main__ - [get_openf1] GET https://api.openf1.org/v1/car_data params={'session_key': 9590, 'driver_number': 18, 'date>': '2024-09-01T13:12:24.765000+00:00', 'date<': '2024-09-01T13:13:50.899000+00:00'}
2025-12-15 11:42:51 [DEBUG] __main__ - [compute_lap_features_for_driver] driver=18 lap=7, car_data rows=318
2025-12-15 11:42:51 [INFO] __main__ - [compute_lap_features_for_driver] driver=18 lap=8 KEEP, status=GREEN, duration=85.9s
2025-12-15 11:42:51 [DEBUG] __main__ - [get_openf1] GET https://api.openf1.org/v1/car_data params={'session_key': 9590, 'driver_number': 18, 'date>': '2024-09-01T13:13:50.899000+00:00', 'date<': '2024-09-01T13:15:16.769000+00:00'}
2025-12-15 11:42:52 [DEBUG] __main__ - [compute_lap_features_for_driver] driver=18 lap=8, car_data rows=314
2025-12-15 11:42:52 [INFO] __main__ - [compute_lap_features_for_driver] driver=18 lap=9 KEEP, status=GREEN, duration=86.0s
2025-12-15 11:42:52 [DEBUG] __main__ - [get_openf1] GET https://api.openf1.org/v1/car_data params={'session_key': 9590, 'driver_number': 18, 'date>': '2024-09-01T13:15:16.769000+00:00', 'date<': '2024-09-01T13:16:42.750000+00:00'}
2025-12-15 11:42:52 [DEBUG] __main__ - [compute_lap_features_for_driver] driver=18 lap=9, car_data rows=325
2025-12-15 11:42:52 [INFO] __main__ - [compute_lap_features_for_driver] driver=18 lap=10 KEEP, status=GREEN, duration=86.1s
2025-12-15 11:42:52 [DEBUG] __main__ - [get_openf1] GET https://api.openf1.org/v1/car_data params={'session_key': 9590, 'driver_number': 18, 'date>': '2024-09-01T13:16:42.750000+00:00', 'date<': '2024-09-01T13:18:08.873000+00:00'}
2025-12-15 11:42:53 [DEBUG] __main__ - [compute_lap_features_for_driver] driver=18 lap=10, car_data rows=327
2025-12-15 11:42:53 [INFO] __main__ - [compute_lap_features_for_driver] driver=18 lap=11 KEEP, status=GREEN, duration=85.7s
2025-12-15 11:42:53 [DEBUG] __main__ - [get_openf1] GET https://api.openf1.org/v1/car_data params={'session_key': 9590, 'driver_number': 18, 'date>': '2024-09-01T13:18:08.873000+00:00', 'date<': '2024-09-01T13:19:34.609000+00:00'}
2025-12-15 11:42:54 [DEBUG] __main__ - [compute_lap_features_for_driver] driver=18 lap=11, car_data rows=326
2025-12-15 11:42:54 [INFO] __main__ - [compute_lap_features_for_driver] driver=18 lap=12 KEEP, status=GREEN, duration=86.0s
2025-12-15 11:42:54 [DEBUG] __main__ - [get_openf1] GET https://api.openf1.org/v1/car_data params={'session_key': 9590, 'driver_number': 18, 'date>': '2024-09-01T13:19:34.609000+00:00', 'date<': '2024-09-01T13:21:00.586000+00:00'}
2025-12-15 11:42:54 [DEBUG] __main__ - [compute_lap_features_for_driver] driver=18 lap=12, car_data rows=322
2025-12-15 11:42:54 [INFO] __main__ - [compute_lap_features_for_driver] driver=18 lap=13 KEEP, status=GREEN, duration=86.1s
2025-12-15 11:42:54 [DEBUG] __main__ - [get_openf1] GET https://api.openf1.org/v1/car_data params={'session_key': 9590, 'driver_number': 18, 'date>': '2024-09-01T13:21:00.586000+00:00', 'date<': '2024-09-01T13:22:26.696000+00:00'}
2025-12-15 11:42:55 [DEBUG] __main__ - [compute_lap_features_for_driver] driver=18 lap=13, car_data rows=326
2025-12-15 11:42:55 [INFO] __main__ - [compute_lap_features_for_driver] driver=18 lap=14 KEEP, status=GREEN, duration=85.8s
2025-12-15 11:42:55 [DEBUG] __main__ - [get_openf1] GET https://api.openf1.org/v1/car_data params={'session_key': 9590, 'driver_number': 18, 'date>': '2024-09-01T13:22:26.696000+00:00', 'date<': '2024-09-01T13:23:52.509000+00:00'}
2025-12-15 11:42:56 [DEBUG] __main__ - [compute_lap_features_for_driver] driver=18 lap=14, car_data rows=321
2025-12-15 11:42:56 [INFO] __main__ - [compute_lap_features_for_driver] driver=18 lap=15 KEEP, status=GREEN, duration=87.2s
2025-12-15 11:42:56 [DEBUG] __main__ - [get_openf1] GET https://api.openf1.org/v1/car_data params={'session_key': 9590, 'driver_number': 18, 'date>': '2024-09-01T13:23:52.509000+00:00', 'date<': '2024-09-01T13:25:19.685000+00:00'}
2025-12-15 11:42:57 [DEBUG] __main__ - [compute_lap_features_for_driver] driver=18 lap=15, car_data rows=333
2025-12-15 11:42:57 [INFO] __main__ - [compute_lap_features_for_driver] driver=18 lap=16 KEEP, status=GREEN, duration=86.5s
2025-12-15 11:42:57 [DEBUG] __main__ - [get_openf1] GET https://api.openf1.org/v1/car_data params={'session_key': 9590, 'driver_number': 18, 'date>': '2024-09-01T13:25:19.685000+00:00', 'date<': '2024-09-01T13:26:46.146000+00:00'}
2025-12-15 11:42:58 [DEBUG] __main__ - [compute_lap_features_for_driver] driver=18 lap=16, car_data rows=322
2025-12-15 11:42:58 [INFO] __main__ - [compute_lap_features_for_driver] driver=18 lap=17 KEEP, status=GREEN, duration=86.7s
2025-12-15 11:42:58 [DEBUG] __main__ - [get_openf1] GET https://api.openf1.org/v1/car_data params={'session_key': 9590, 'driver_number': 18, 'date>': '2024-09-01T13:26:46.146000+00:00', 'date<': '2024-09-01T13:28:12.845000+00:00'}
2025-12-15 11:42:58 [DEBUG] __main__ - [compute_lap_features_for_driver] driver=18 lap=17, car_data rows=328
2025-12-15 11:42:58 [INFO] __main__ - [compute_lap_features_for_driver] driver=18 lap=18 KEEP, status=GREEN, duration=87.4s
2025-12-15 11:42:58 [DEBUG] __main__ - [get_openf1] GET https://api.openf1.org/v1/car_data params={'session_key': 9590, 'driver_number': 18, 'date>': '2024-09-01T13:28:12.845000+00:00', 'date<': '2024-09-01T13:29:40.259000+00:00'}
2025-12-15 11:42:59 [DEBUG] __main__ - [compute_lap_features_for_driver] driver=18 lap=18, car_data rows=318
2025-12-15 11:42:59 [INFO] __main__ - [compute_lap_features_for_driver] driver=18 lap=19 KEEP, status=GREEN, duration=91.3s
2025-12-15 11:42:59 [DEBUG] __main__ - [get_openf1] GET https://api.openf1.org/v1/car_data params={'session_key': 9590, 'driver_number': 18, 'date>': '2024-09-01T13:29:40.259000+00:00', 'date<': '2024-09-01T13:31:11.556000+00:00'}
2025-12-15 11:42:59 [DEBUG] __main__ - [compute_lap_features_for_driver] driver=18 lap=19, car_data rows=337
2025-12-15 11:42:59 [INFO] __main__ - [compute_lap_features_for_driver] driver=18 lap=20 KEEP, status=GREEN, duration=105.7s
2025-12-15 11:42:59 [DEBUG] __main__ - [get_openf1] GET https://api.openf1.org/v1/car_data params={'session_key': 9590, 'driver_number': 18, 'date>': '2024-09-01T13:31:11.556000+00:00', 'date<': '2024-09-01T13:32:57.282000+00:00'}
2025-12-15 11:43:00 [DEBUG] __main__ - [compute_lap_features_for_driver] driver=18 lap=20, car_data rows=399
2025-12-15 11:43:00 [INFO] __main__ - [compute_lap_features_for_driver] driver=18 lap=21 KEEP, status=GREEN, duration=84.8s
2025-12-15 11:43:00 [DEBUG] __main__ - [get_openf1] GET https://api.openf1.org/v1/car_data params={'session_key': 9590, 'driver_number': 18, 'date>': '2024-09-01T13:32:57.282000+00:00', 'date<': '2024-09-01T13:34:22.085000+00:00'}
2025-12-15 11:43:01 [DEBUG] __main__ - [compute_lap_features_for_driver] driver=18 lap=21, car_data rows=312
2025-12-15 11:43:01 [INFO] __main__ - [compute_lap_features_for_driver] driver=18 lap=22 KEEP, status=GREEN, duration=84.7s
2025-12-15 11:43:01 [DEBUG] __main__ - [get_openf1] GET https://api.openf1.org/v1/car_data params={'session_key': 9590, 'driver_number': 18, 'date>': '2024-09-01T13:34:22.085000+00:00', 'date<': '2024-09-01T13:35:46.819000+00:00'}
2025-12-15 11:43:01 [DEBUG] __main__ - [compute_lap_features_for_driver] driver=18 lap=22, car_data rows=310
2025-12-15 11:43:01 [INFO] __main__ - [compute_lap_features_for_driver] driver=18 lap=23 KEEP, status=GREEN, duration=84.6s
2025-12-15 11:43:01 [DEBUG] __main__ - [get_openf1] GET https://api.openf1.org/v1/car_data params={'session_key': 9590, 'driver_number': 18, 'date>': '2024-09-01T13:35:46.819000+00:00', 'date<': '2024-09-01T13:37:11.430000+00:00'}
2025-12-15 11:43:02 [DEBUG] __main__ - [compute_lap_features_for_driver] driver=18 lap=23, car_data rows=322
2025-12-15 11:43:02 [INFO] __main__ - [compute_lap_features_for_driver] driver=18 lap=24 KEEP, status=GREEN, duration=84.8s
2025-12-15 11:43:02 [DEBUG] __main__ - [get_openf1] GET https://api.openf1.org/v1/car_data params={'session_key': 9590, 'driver_number': 18, 'date>': '2024-09-01T13:37:11.430000+00:00', 'date<': '2024-09-01T13:38:36.196000+00:00'}
2025-12-15 11:43:03 [DEBUG] __main__ - [compute_lap_features_for_driver] driver=18 lap=24, car_data rows=323
2025-12-15 11:43:03 [INFO] __main__ - [compute_lap_features_for_driver] driver=18 lap=25 KEEP, status=GREEN, duration=84.7s
2025-12-15 11:43:03 [DEBUG] __main__ - [get_openf1] GET https://api.openf1.org/v1/car_data params={'session_key': 9590, 'driver_number': 18, 'date>': '2024-09-01T13:38:36.196000+00:00', 'date<': '2024-09-01T13:40:00.937000+00:00'}
2025-12-15 11:43:05 [DEBUG] __main__ - [compute_lap_features_for_driver] driver=18 lap=25, car_data rows=319
2025-12-15 11:43:05 [INFO] __main__ - [compute_lap_features_for_driver] driver=18 lap=26 KEEP, status=GREEN, duration=84.5s
2025-12-15 11:43:05 [DEBUG] __main__ - [get_openf1] GET https://api.openf1.org/v1/car_data params={'session_key': 9590, 'driver_number': 18, 'date>': '2024-09-01T13:40:00.937000+00:00', 'date<': '2024-09-01T13:41:25.469000+00:00'}
2025-12-15 11:43:05 [DEBUG] __main__ - [compute_lap_features_for_driver] driver=18 lap=26, car_data rows=315
2025-12-15 11:43:05 [INFO] __main__ - [compute_lap_features_for_driver] driver=18 lap=27 KEEP, status=GREEN, duration=84.4s
2025-12-15 11:43:05 [DEBUG] __main__ - [get_openf1] GET https://api.openf1.org/v1/car_data params={'session_key': 9590, 'driver_number': 18, 'date>': '2024-09-01T13:41:25.469000+00:00', 'date<': '2024-09-01T13:42:49.841000+00:00'}
2025-12-15 11:43:06 [DEBUG] __main__ - [compute_lap_features_for_driver] driver=18 lap=27, car_data rows=315
2025-12-15 11:43:06 [INFO] __main__ - [compute_lap_features_for_driver] driver=18 lap=28 KEEP, status=GREEN, duration=84.7s
2025-12-15 11:43:06 [DEBUG] __main__ - [get_openf1] GET https://api.openf1.org/v1/car_data params={'session_key': 9590, 'driver_number': 18, 'date>': '2024-09-01T13:42:49.841000+00:00', 'date<': '2024-09-01T13:44:14.531000+00:00'}
2025-12-15 11:43:07 [DEBUG] __main__ - [compute_lap_features_for_driver] driver=18 lap=28, car_data rows=330
2025-12-15 11:43:07 [INFO] __main__ - [compute_lap_features_for_driver] driver=18 lap=29 KEEP, status=GREEN, duration=85.4s
2025-12-15 11:43:07 [DEBUG] __main__ - [get_openf1] GET https://api.openf1.org/v1/car_data params={'session_key': 9590, 'driver_number': 18, 'date>': '2024-09-01T13:44:14.531000+00:00', 'date<': '2024-09-01T13:45:39.907000+00:00'}
2025-12-15 11:43:07 [DEBUG] __main__ - [compute_lap_features_for_driver] driver=18 lap=29, car_data rows=319
2025-12-15 11:43:07 [INFO] __main__ - [compute_lap_features_for_driver] driver=18 lap=30 KEEP, status=GREEN, duration=86.3s
2025-12-15 11:43:07 [DEBUG] __main__ - [get_openf1] GET https://api.openf1.org/v1/car_data params={'session_key': 9590, 'driver_number': 18, 'date>': '2024-09-01T13:45:39.907000+00:00', 'date<': '2024-09-01T13:47:06.223000+00:00'}
2025-12-15 11:43:08 [DEBUG] __main__ - [compute_lap_features_for_driver] driver=18 lap=30, car_data rows=339
2025-12-15 11:43:08 [INFO] __main__ - [compute_lap_features_for_driver] driver=18 lap=31 KEEP, status=GREEN, duration=84.8s
2025-12-15 11:43:08 [DEBUG] __main__ - [get_openf1] GET https://api.openf1.org/v1/car_data params={'session_key': 9590, 'driver_number': 18, 'date>': '2024-09-01T13:47:06.223000+00:00', 'date<': '2024-09-01T13:48:31.057000+00:00'}
2025-12-15 11:43:08 [DEBUG] __main__ - [compute_lap_features_for_driver] driver=18 lap=31, car_data rows=311
2025-12-15 11:43:08 [INFO] __main__ - [compute_lap_features_for_driver] driver=18 lap=32 KEEP, status=GREEN, duration=85.5s
2025-12-15 11:43:08 [DEBUG] __main__ - [get_openf1] GET https://api.openf1.org/v1/car_data params={'session_key': 9590, 'driver_number': 18, 'date>': '2024-09-01T13:48:31.057000+00:00', 'date<': '2024-09-01T13:49:56.555000+00:00'}
2025-12-15 11:43:09 [DEBUG] __main__ - [compute_lap_features_for_driver] driver=18 lap=32, car_data rows=317
2025-12-15 11:43:09 [INFO] __main__ - [compute_lap_features_for_driver] driver=18 lap=33 KEEP, status=GREEN, duration=85.1s
2025-12-15 11:43:09 [DEBUG] __main__ - [get_openf1] GET https://api.openf1.org/v1/car_data params={'session_key': 9590, 'driver_number': 18, 'date>': '2024-09-01T13:49:56.555000+00:00', 'date<': '2024-09-01T13:51:21.614000+00:00'}
2025-12-15 11:43:09 [DEBUG] __main__ - [compute_lap_features_for_driver] driver=18 lap=33, car_data rows=323
2025-12-15 11:43:09 [INFO] __main__ - [compute_lap_features_for_driver] driver=18 lap=34 KEEP, status=GREEN, duration=85.0s
2025-12-15 11:43:09 [DEBUG] __main__ - [get_openf1] GET https://api.openf1.org/v1/car_data params={'session_key': 9590, 'driver_number': 18, 'date>': '2024-09-01T13:51:21.614000+00:00', 'date<': '2024-09-01T13:52:46.565000+00:00'}
2025-12-15 11:43:10 [DEBUG] __main__ - [compute_lap_features_for_driver] driver=18 lap=34, car_data rows=316
2025-12-15 11:43:10 [INFO] __main__ - [compute_lap_features_for_driver] driver=18 lap=35 KEEP, status=GREEN, duration=84.7s
2025-12-15 11:43:10 [DEBUG] __main__ - [get_openf1] GET https://api.openf1.org/v1/car_data params={'session_key': 9590, 'driver_number': 18, 'date>': '2024-09-01T13:52:46.565000+00:00', 'date<': '2024-09-01T13:54:11.274000+00:00'}
2025-12-15 11:43:10 [DEBUG] __main__ - [compute_lap_features_for_driver] driver=18 lap=35, car_data rows=327
2025-12-15 11:43:10 [INFO] __main__ - [compute_lap_features_for_driver] driver=18 lap=36 KEEP, status=GREEN, duration=89.2s
2025-12-15 11:43:10 [DEBUG] __main__ - [get_openf1] GET https://api.openf1.org/v1/car_data params={'session_key': 9590, 'driver_number': 18, 'date>': '2024-09-01T13:54:11.274000+00:00', 'date<': '2024-09-01T13:55:40.455000+00:00'}
2025-12-15 11:43:11 [DEBUG] __main__ - [compute_lap_features_for_driver] driver=18 lap=36, car_data rows=331
2025-12-15 11:43:11 [INFO] __main__ - [compute_lap_features_for_driver] driver=18 lap=37 KEEP, status=GREEN, duration=103.9s
2025-12-15 11:43:11 [DEBUG] __main__ - [get_openf1] GET https://api.openf1.org/v1/car_data params={'session_key': 9590, 'driver_number': 18, 'date>': '2024-09-01T13:55:40.455000+00:00', 'date<': '2024-09-01T13:57:24.361000+00:00'}
2025-12-15 11:43:12 [DEBUG] __main__ - [compute_lap_features_for_driver] driver=18 lap=37, car_data rows=389
2025-12-15 11:43:12 [INFO] __main__ - [compute_lap_features_for_driver] driver=18 lap=38 KEEP, status=GREEN, duration=83.5s
2025-12-15 11:43:12 [DEBUG] __main__ - [get_openf1] GET https://api.openf1.org/v1/car_data params={'session_key': 9590, 'driver_number': 18, 'date>': '2024-09-01T13:57:24.361000+00:00', 'date<': '2024-09-01T13:58:47.897000+00:00'}
2025-12-15 11:43:12 [DEBUG] __main__ - [compute_lap_features_for_driver] driver=18 lap=38, car_data rows=315
2025-12-15 11:43:12 [INFO] __main__ - [compute_lap_features_for_driver] driver=18 lap=39 KEEP, status=GREEN, duration=84.6s
2025-12-15 11:43:12 [DEBUG] __main__ - [get_openf1] GET https://api.openf1.org/v1/car_data params={'session_key': 9590, 'driver_number': 18, 'date>': '2024-09-01T13:58:47.897000+00:00', 'date<': '2024-09-01T14:00:12.478000+00:00'}
2025-12-15 11:43:13 [DEBUG] __main__ - [compute_lap_features_for_driver] driver=18 lap=39, car_data rows=326
2025-12-15 11:43:13 [INFO] __main__ - [compute_lap_features_for_driver] driver=18 lap=40 KEEP, status=GREEN, duration=85.8s
2025-12-15 11:43:13 [DEBUG] __main__ - [get_openf1] GET https://api.openf1.org/v1/car_data params={'session_key': 9590, 'driver_number': 18, 'date>': '2024-09-01T14:00:12.478000+00:00', 'date<': '2024-09-01T14:01:38.245000+00:00'}
2025-12-15 11:43:13 [DEBUG] __main__ - [compute_lap_features_for_driver] driver=18 lap=40, car_data rows=303
2025-12-15 11:43:13 [INFO] __main__ - [compute_lap_features_for_driver] driver=18 lap=41 KEEP, status=GREEN, duration=83.5s
2025-12-15 11:43:13 [DEBUG] __main__ - [get_openf1] GET https://api.openf1.org/v1/car_data params={'session_key': 9590, 'driver_number': 18, 'date>': '2024-09-01T14:01:38.245000+00:00', 'date<': '2024-09-01T14:03:01.766000+00:00'}
2025-12-15 11:43:14 [DEBUG] __main__ - [compute_lap_features_for_driver] driver=18 lap=41, car_data rows=321
2025-12-15 11:43:14 [INFO] __main__ - [compute_lap_features_for_driver] driver=18 lap=42 KEEP, status=GREEN, duration=83.9s
2025-12-15 11:43:14 [DEBUG] __main__ - [get_openf1] GET https://api.openf1.org/v1/car_data params={'session_key': 9590, 'driver_number': 18, 'date>': '2024-09-01T14:03:01.766000+00:00', 'date<': '2024-09-01T14:04:25.665000+00:00'}
2025-12-15 11:43:14 [DEBUG] __main__ - [compute_lap_features_for_driver] driver=18 lap=42, car_data rows=319
2025-12-15 11:43:14 [INFO] __main__ - [compute_lap_features_for_driver] driver=18 lap=43 KEEP, status=GREEN, duration=83.9s
2025-12-15 11:43:14 [DEBUG] __main__ - [get_openf1] GET https://api.openf1.org/v1/car_data params={'session_key': 9590, 'driver_number': 18, 'date>': '2024-09-01T14:04:25.665000+00:00', 'date<': '2024-09-01T14:05:49.536000+00:00'}
2025-12-15 11:43:15 [DEBUG] __main__ - [compute_lap_features_for_driver] driver=18 lap=43, car_data rows=313
2025-12-15 11:43:15 [INFO] __main__ - [compute_lap_features_for_driver] driver=18 lap=44 KEEP, status=GREEN, duration=83.7s
2025-12-15 11:43:15 [DEBUG] __main__ - [get_openf1] GET https://api.openf1.org/v1/car_data params={'session_key': 9590, 'driver_number': 18, 'date>': '2024-09-01T14:05:49.536000+00:00', 'date<': '2024-09-01T14:07:13.193000+00:00'}
2025-12-15 11:43:16 [DEBUG] __main__ - [compute_lap_features_for_driver] driver=18 lap=44, car_data rows=311
2025-12-15 11:43:16 [INFO] __main__ - [compute_lap_features_for_driver] driver=18 lap=45 KEEP, status=GREEN, duration=83.4s
2025-12-15 11:43:16 [DEBUG] __main__ - [get_openf1] GET https://api.openf1.org/v1/car_data params={'session_key': 9590, 'driver_number': 18, 'date>': '2024-09-01T14:07:13.193000+00:00', 'date<': '2024-09-01T14:08:36.612000+00:00'}
2025-12-15 11:43:16 [DEBUG] __main__ - [compute_lap_features_for_driver] driver=18 lap=45, car_data rows=306
2025-12-15 11:43:16 [INFO] __main__ - [compute_lap_features_for_driver] driver=18 lap=46 KEEP, status=GREEN, duration=83.9s
2025-12-15 11:43:16 [DEBUG] __main__ - [get_openf1] GET https://api.openf1.org/v1/car_data params={'session_key': 9590, 'driver_number': 18, 'date>': '2024-09-01T14:08:36.612000+00:00', 'date<': '2024-09-01T14:10:00.546000+00:00'}
2025-12-15 11:43:17 [DEBUG] __main__ - [compute_lap_features_for_driver] driver=18 lap=46, car_data rows=310
2025-12-15 11:43:17 [INFO] __main__ - [compute_lap_features_for_driver] driver=18 lap=47 KEEP, status=GREEN, duration=84.0s
2025-12-15 11:43:17 [DEBUG] __main__ - [get_openf1] GET https://api.openf1.org/v1/car_data params={'session_key': 9590, 'driver_number': 18, 'date>': '2024-09-01T14:10:00.546000+00:00', 'date<': '2024-09-01T14:11:24.524000+00:00'}
2025-12-15 11:43:17 [DEBUG] __main__ - [compute_lap_features_for_driver] driver=18 lap=47, car_data rows=310
2025-12-15 11:43:17 [INFO] __main__ - [compute_lap_features_for_driver] driver=18 lap=48 KEEP, status=GREEN, duration=86.2s
2025-12-15 11:43:17 [DEBUG] __main__ - [get_openf1] GET https://api.openf1.org/v1/car_data params={'session_key': 9590, 'driver_number': 18, 'date>': '2024-09-01T14:11:24.524000+00:00', 'date<': '2024-09-01T14:12:50.685000+00:00'}
2025-12-15 11:43:18 [DEBUG] __main__ - [compute_lap_features_for_driver] driver=18 lap=48, car_data rows=319
2025-12-15 11:43:18 [INFO] __main__ - [compute_lap_features_for_driver] driver=18 lap=49 KEEP, status=GREEN, duration=85.1s
2025-12-15 11:43:18 [DEBUG] __main__ - [get_openf1] GET https://api.openf1.org/v1/car_data params={'session_key': 9590, 'driver_number': 18, 'date>': '2024-09-01T14:12:50.685000+00:00', 'date<': '2024-09-01T14:14:15.757000+00:00'}
2025-12-15 11:43:18 [DEBUG] __main__ - [compute_lap_features_for_driver] driver=18 lap=49, car_data rows=316
2025-12-15 11:43:18 [INFO] __main__ - [compute_lap_features_for_driver] driver=18 lap=50 KEEP, status=GREEN, duration=90.2s
2025-12-15 11:43:18 [DEBUG] __main__ - [get_openf1] GET https://api.openf1.org/v1/car_data params={'session_key': 9590, 'driver_number': 18, 'date>': '2024-09-01T14:14:15.757000+00:00', 'date<': '2024-09-01T14:15:45.956000+00:00'}
2025-12-15 11:43:19 [DEBUG] __main__ - [compute_lap_features_for_driver] driver=18 lap=50, car_data rows=333
2025-12-15 11:43:19 [INFO] __main__ - [compute_lap_features_for_driver] driver=18 lap=51 KEEP, status=GREEN, duration=110.9s
2025-12-15 11:43:19 [DEBUG] __main__ - [get_openf1] GET https://api.openf1.org/v1/car_data params={'session_key': 9590, 'driver_number': 18, 'date>': '2024-09-01T14:15:45.956000+00:00', 'date<': '2024-09-01T14:17:36.874000+00:00'}
2025-12-15 11:43:20 [DEBUG] __main__ - [compute_lap_features_for_driver] driver=18 lap=51, car_data rows=416
2025-12-15 11:43:20 [INFO] __main__ - [compute_lap_features_for_driver] driver=18 lap=52 DROP (CHEQUERED_FLAG_LAP), status=RED_FLAG;CHEQUERED, duration=nans
2025-12-15 11:43:20 [INFO] __main__ - [compute_lap_features_for_driver] driver=18, feature laps=[2, 3, 4, 5, 6, 7, 8, 9, 10, 11, 12, 13, 14, 15, 16, 17, 18, 19, 20, 21, 22, 23, 24, 25, 26, 27, 28, 29, 30, 31, 32, 33, 34, 35, 36, 37, 38, 39, 40, 41, 42, 43, 44, 45, 46, 47, 48, 49, 50, 51]
2025-12-15 11:43:20 [INFO] __main__ - [build_driver_style_embedding_json] all feature laps (combined)=[2, 3, 4, 5, 6, 7, 8, 9, 10, 11, 12, 13, 14, 15, 16, 17, 18, 19, 20, 21, 22, 23, 24, 25, 26, 27, 28, 29, 30, 31, 32, 33, 34, 35, 36, 37, 38, 39, 40, 41, 42, 43, 44, 45, 46, 47, 48, 49, 50, 51, 52]
2025-12-15 11:43:20 [INFO] __main__ - [embed_lap_features] focus_laps = [10, 28, 53]
2025-12-15 11:43:20 [INFO] __main__ - Saved ./driver_style_embedding_2024monza.json
