2025-12-15 11:21:34 [INFO] __main__ - ===== Driver Style Map logging started for race_id=2024imola =====
2025-12-15 11:21:34 [INFO] __main__ - log file: log/driver_style_2024imola.log
2025-12-15 11:21:34 [INFO] __main__ - === Start processing 2024imola ===
2025-12-15 11:21:34 [DEBUG] __main__ - [get_openf1] GET https://api.openf1.org/v1/meetings params={'year': 2024}
2025-12-15 11:21:34 [DEBUG] __main__ - [get_openf1] GET https://api.openf1.org/v1/sessions params={'meeting_key': 1235}
2025-12-15 11:21:34 [INFO] __main__ - [find_race_session] year=2024 slug=imola -> session_key=9515, meeting_name=Emilia Romagna Grand Prix
2025-12-15 11:21:34 [INFO] __main__ - [main] race_id=2024imola -> session_key=9515, meeting_name=Emilia Romagna Grand Prix
2025-12-15 11:21:34 [DEBUG] __main__ - [get_openf1] GET https://api.openf1.org/v1/session_result params={'session_key': 9515}
2025-12-15 11:21:35 [DEBUG] __main__ - [get_openf1] GET https://api.openf1.org/v1/drivers params={'session_key': 9515}
2025-12-15 11:21:35 [INFO] __main__ - [select_race_drivers] session_key=9515 winner=1 teammate=11 last_finisher=14
2025-12-15 11:21:35 [INFO] __main__ - [build_driver_style_embedding_json] start session_key=9515, drivers=[1, 11, 14]
2025-12-15 11:21:35 [DEBUG] __main__ - [get_openf1] GET https://api.openf1.org/v1/race_control params={'session_key': 9515}
2025-12-15 11:21:35 [DEBUG] __main__ - [get_openf1] GET https://api.openf1.org/v1/sessions params={'session_key': 9515}
2025-12-15 11:21:36 [INFO] __main__ - [fetch_session_start] session_key=9515, date_start=2024-05-19 13:00:00+00:00
2025-12-15 11:21:36 [INFO] __main__ - [fetch_race_start_time] use first GREEN as race_start: 2024-05-19 12:20:00+00:00
2025-12-15 11:21:36 [DEBUG] __main__ - [get_openf1] GET https://api.openf1.org/v1/laps params={'session_key': 9515, 'driver_number': 1}
2025-12-15 11:21:37 [INFO] __main__ - [fetch_laps] fill lap 1 date_start with race_start=2024-05-19 12:20:00+00:00
2025-12-15 11:21:37 [INFO] __main__ - [fetch_laps] driver=1, laps: min=1, max=63, count=63
2025-12-15 11:21:37 [DEBUG] __main__ - [fetch_laps] head:
   meeting_key  session_key  ...  st_speed  lap_duration_s
0         1235         9515  ...       280        2679.907
1         1235         9515  ...       281          80.633
2         1235         9515  ...       281          80.873
3         1235         9515  ...       281          80.645
4         1235         9515  ...       282          80.749

[5 rows x 17 columns]
2025-12-15 11:21:37 [INFO] __main__ - [build_driver_style_embedding_json] ref_driver=1, min_lap=1, max_lap=63
2025-12-15 11:21:37 [INFO] __main__ - [build_driver_style_embedding_json] phase_split plan =
2025-12-15 11:21:37 [INFO] __main__ -   opening: [1, 2, 3, 4, 5, 6, 7, 8, 9, 10, 11, 12, 13, 14, 15, 16, 17, 18, 19, 20, 21]
2025-12-15 11:21:37 [INFO] __main__ -   middle : [22, 23, 24, 25, 26, 27, 28, 29, 30, 31, 32, 33, 34, 35, 36, 37, 38, 39, 40, 41, 42]
2025-12-15 11:21:37 [INFO] __main__ -   ending : [43, 44, 45, 46, 47, 48, 49, 50, 51, 52, 53, 54, 55, 56, 57, 58, 59, 60, 61, 62, 63]
2025-12-15 11:21:37 [INFO] __main__ - [build_driver_style_embedding_json] compute features for driver=1
2025-12-15 11:21:37 [DEBUG] __main__ - [get_openf1] GET https://api.openf1.org/v1/laps params={'session_key': 9515, 'driver_number': 1}
2025-12-15 11:21:38 [DEBUG] __main__ - [get_openf1] GET https://api.openf1.org/v1/sessions params={'session_key': 9515}
2025-12-15 11:21:38 [INFO] __main__ - [fetch_session_start] session_key=9515, date_start=2024-05-19 13:00:00+00:00
2025-12-15 11:21:38 [INFO] __main__ - [fetch_race_start_time] use first GREEN as race_start: 2024-05-19 12:20:00+00:00
2025-12-15 11:21:38 [INFO] __main__ - [fetch_laps] fill lap 1 date_start with race_start=2024-05-19 12:20:00+00:00
2025-12-15 11:21:38 [INFO] __main__ - [fetch_laps] driver=1, laps: min=1, max=63, count=63
2025-12-15 11:21:38 [DEBUG] __main__ - [fetch_laps] head:
   meeting_key  session_key  ...  st_speed  lap_duration_s
0         1235         9515  ...       280        2679.907
1         1235         9515  ...       281          80.633
2         1235         9515  ...       281          80.873
3         1235         9515  ...       281          80.645
4         1235         9515  ...       282          80.749

[5 rows x 17 columns]
2025-12-15 11:21:38 [DEBUG] __main__ - [build_lap_status_mapping] status_by_lap={1: 'YELLOW', 2: 'GREEN', 3: 'GREEN', 4: 'GREEN', 5: 'GREEN', 6: 'GREEN', 7: 'GREEN', 8: 'GREEN', 9: 'GREEN', 10: 'GREEN', 11: 'GREEN', 12: 'GREEN', 13: 'GREEN', 14: 'GREEN', 15: 'GREEN', 16: 'GREEN', 17: 'GREEN', 18: 'GREEN', 19: 'GREEN', 20: 'GREEN', 21: 'GREEN', 22: 'GREEN', 23: 'GREEN', 24: 'GREEN', 25: 'GREEN', 26: 'GREEN', 27: 'GREEN', 28: 'GREEN', 29: 'GREEN', 30: 'GREEN', 31: 'GREEN', 32: 'GREEN', 33: 'GREEN', 34: 'GREEN', 35: 'GREEN', 36: 'GREEN', 37: 'GREEN', 38: 'GREEN', 39: 'GREEN', 40: 'GREEN', 41: 'GREEN', 42: 'GREEN', 43: 'GREEN', 44: 'GREEN', 45: 'GREEN', 46: 'GREEN', 47: 'GREEN', 48: 'GREEN', 49: 'GREEN', 50: 'GREEN', 51: 'GREEN', 52: 'GREEN', 53: 'GREEN', 54: 'GREEN', 55: 'GREEN', 56: 'GREEN', 57: 'GREEN', 58: 'GREEN', 59: 'GREEN', 60: 'GREEN', 61: 'GREEN', 62: 'GREEN', 63: 'RED_FLAG;CHEQUERED'}
2025-12-15 11:21:38 [INFO] __main__ - [compute_lap_features_for_driver] driver=1, typical_duration_s=80.795
2025-12-15 11:21:38 [INFO] __main__ - [compute_lap_features_for_driver] driver=1 lap=1 DROP (YELLOW_FLAG_LAP), status=YELLOW, duration=2679.9s
2025-12-15 11:21:38 [INFO] __main__ - [compute_lap_features_for_driver] driver=1 lap=2 KEEP, status=GREEN, duration=80.6s
2025-12-15 11:21:38 [DEBUG] __main__ - [get_openf1] GET https://api.openf1.org/v1/car_data params={'session_key': 9515, 'driver_number': 1, 'date>': '2024-05-19T13:04:39.907000+00:00', 'date<': '2024-05-19T13:06:00.540000+00:00'}
2025-12-15 11:21:40 [DEBUG] __main__ - [compute_lap_features_for_driver] driver=1 lap=2, car_data rows=318
2025-12-15 11:21:40 [INFO] __main__ - [compute_lap_features_for_driver] driver=1 lap=3 KEEP, status=GREEN, duration=80.9s
2025-12-15 11:21:40 [DEBUG] __main__ - [get_openf1] GET https://api.openf1.org/v1/car_data params={'session_key': 9515, 'driver_number': 1, 'date>': '2024-05-19T13:06:00.540000+00:00', 'date<': '2024-05-19T13:07:21.413000+00:00'}
2025-12-15 11:21:41 [DEBUG] __main__ - [compute_lap_features_for_driver] driver=1 lap=3, car_data rows=309
2025-12-15 11:21:41 [INFO] __main__ - [compute_lap_features_for_driver] driver=1 lap=4 KEEP, status=GREEN, duration=80.6s
2025-12-15 11:21:41 [DEBUG] __main__ - [get_openf1] GET https://api.openf1.org/v1/car_data params={'session_key': 9515, 'driver_number': 1, 'date>': '2024-05-19T13:07:21.413000+00:00', 'date<': '2024-05-19T13:08:42.058000+00:00'}
2025-12-15 11:21:41 [DEBUG] __main__ - [compute_lap_features_for_driver] driver=1 lap=4, car_data rows=300
2025-12-15 11:21:41 [INFO] __main__ - [compute_lap_features_for_driver] driver=1 lap=5 KEEP, status=GREEN, duration=80.7s
2025-12-15 11:21:41 [DEBUG] __main__ - [get_openf1] GET https://api.openf1.org/v1/car_data params={'session_key': 9515, 'driver_number': 1, 'date>': '2024-05-19T13:08:42.058000+00:00', 'date<': '2024-05-19T13:10:02.807000+00:00'}
2025-12-15 11:21:43 [DEBUG] __main__ - [compute_lap_features_for_driver] driver=1 lap=5, car_data rows=318
2025-12-15 11:21:43 [INFO] __main__ - [compute_lap_features_for_driver] driver=1 lap=6 KEEP, status=GREEN, duration=80.9s
2025-12-15 11:21:43 [DEBUG] __main__ - [get_openf1] GET https://api.openf1.org/v1/car_data params={'session_key': 9515, 'driver_number': 1, 'date>': '2024-05-19T13:10:02.807000+00:00', 'date<': '2024-05-19T13:11:23.685000+00:00'}
2025-12-15 11:21:44 [DEBUG] __main__ - [compute_lap_features_for_driver] driver=1 lap=6, car_data rows=309
2025-12-15 11:21:44 [INFO] __main__ - [compute_lap_features_for_driver] driver=1 lap=7 KEEP, status=GREEN, duration=80.9s
2025-12-15 11:21:44 [DEBUG] __main__ - [get_openf1] GET https://api.openf1.org/v1/car_data params={'session_key': 9515, 'driver_number': 1, 'date>': '2024-05-19T13:11:23.685000+00:00', 'date<': '2024-05-19T13:12:44.566000+00:00'}
2025-12-15 11:21:45 [DEBUG] __main__ - [compute_lap_features_for_driver] driver=1 lap=7, car_data rows=306
2025-12-15 11:21:45 [INFO] __main__ - [compute_lap_features_for_driver] driver=1 lap=8 KEEP, status=GREEN, duration=80.8s
2025-12-15 11:21:45 [DEBUG] __main__ - [get_openf1] GET https://api.openf1.org/v1/car_data params={'session_key': 9515, 'driver_number': 1, 'date>': '2024-05-19T13:12:44.566000+00:00', 'date<': '2024-05-19T13:14:05.333000+00:00'}
2025-12-15 11:21:45 [DEBUG] __main__ - [compute_lap_features_for_driver] driver=1 lap=8, car_data rows=318
2025-12-15 11:21:45 [INFO] __main__ - [compute_lap_features_for_driver] driver=1 lap=9 KEEP, status=GREEN, duration=80.5s
2025-12-15 11:21:45 [DEBUG] __main__ - [get_openf1] GET https://api.openf1.org/v1/car_data params={'session_key': 9515, 'driver_number': 1, 'date>': '2024-05-19T13:14:05.333000+00:00', 'date<': '2024-05-19T13:15:25.870000+00:00'}
2025-12-15 11:21:46 [DEBUG] __main__ - [compute_lap_features_for_driver] driver=1 lap=9, car_data rows=298
2025-12-15 11:21:46 [INFO] __main__ - [compute_lap_features_for_driver] driver=1 lap=10 KEEP, status=GREEN, duration=81.1s
2025-12-15 11:21:46 [DEBUG] __main__ - [get_openf1] GET https://api.openf1.org/v1/car_data params={'session_key': 9515, 'driver_number': 1, 'date>': '2024-05-19T13:15:25.870000+00:00', 'date<': '2024-05-19T13:16:46.993000+00:00'}
2025-12-15 11:21:47 [DEBUG] __main__ - [compute_lap_features_for_driver] driver=1 lap=10, car_data rows=307
2025-12-15 11:21:47 [INFO] __main__ - [compute_lap_features_for_driver] driver=1 lap=11 KEEP, status=GREEN, duration=80.9s
2025-12-15 11:21:47 [DEBUG] __main__ - [get_openf1] GET https://api.openf1.org/v1/car_data params={'session_key': 9515, 'driver_number': 1, 'date>': '2024-05-19T13:16:46.993000+00:00', 'date<': '2024-05-19T13:18:07.866000+00:00'}
2025-12-15 11:21:48 [DEBUG] __main__ - [compute_lap_features_for_driver] driver=1 lap=11, car_data rows=307
2025-12-15 11:21:48 [INFO] __main__ - [compute_lap_features_for_driver] driver=1 lap=12 KEEP, status=GREEN, duration=81.2s
2025-12-15 11:21:48 [DEBUG] __main__ - [get_openf1] GET https://api.openf1.org/v1/car_data params={'session_key': 9515, 'driver_number': 1, 'date>': '2024-05-19T13:18:07.866000+00:00', 'date<': '2024-05-19T13:19:29.095000+00:00'}
2025-12-15 11:21:48 [DEBUG] __main__ - [compute_lap_features_for_driver] driver=1 lap=12, car_data rows=307
2025-12-15 11:21:48 [INFO] __main__ - [compute_lap_features_for_driver] driver=1 lap=13 KEEP, status=GREEN, duration=81.1s
2025-12-15 11:21:48 [DEBUG] __main__ - [get_openf1] GET https://api.openf1.org/v1/car_data params={'session_key': 9515, 'driver_number': 1, 'date>': '2024-05-19T13:19:29.095000+00:00', 'date<': '2024-05-19T13:20:50.190000+00:00'}
2025-12-15 11:21:49 [DEBUG] __main__ - [compute_lap_features_for_driver] driver=1 lap=13, car_data rows=312
2025-12-15 11:21:49 [INFO] __main__ - [compute_lap_features_for_driver] driver=1 lap=14 KEEP, status=GREEN, duration=80.9s
2025-12-15 11:21:49 [DEBUG] __main__ - [get_openf1] GET https://api.openf1.org/v1/car_data params={'session_key': 9515, 'driver_number': 1, 'date>': '2024-05-19T13:20:50.190000+00:00', 'date<': '2024-05-19T13:22:11.116000+00:00'}
2025-12-15 11:21:50 [DEBUG] __main__ - [compute_lap_features_for_driver] driver=1 lap=14, car_data rows=302
2025-12-15 11:21:50 [INFO] __main__ - [compute_lap_features_for_driver] driver=1 lap=15 KEEP, status=GREEN, duration=81.4s
2025-12-15 11:21:50 [DEBUG] __main__ - [get_openf1] GET https://api.openf1.org/v1/car_data params={'session_key': 9515, 'driver_number': 1, 'date>': '2024-05-19T13:22:11.116000+00:00', 'date<': '2024-05-19T13:23:32.505000+00:00'}
2025-12-15 11:21:50 [DEBUG] __main__ - [compute_lap_features_for_driver] driver=1 lap=15, car_data rows=311
2025-12-15 11:21:50 [INFO] __main__ - [compute_lap_features_for_driver] driver=1 lap=16 KEEP, status=GREEN, duration=81.4s
2025-12-15 11:21:50 [DEBUG] __main__ - [get_openf1] GET https://api.openf1.org/v1/car_data params={'session_key': 9515, 'driver_number': 1, 'date>': '2024-05-19T13:23:32.505000+00:00', 'date<': '2024-05-19T13:24:53.891000+00:00'}
2025-12-15 11:21:51 [DEBUG] __main__ - [compute_lap_features_for_driver] driver=1 lap=16, car_data rows=298
2025-12-15 11:21:51 [INFO] __main__ - [compute_lap_features_for_driver] driver=1 lap=17 KEEP, status=GREEN, duration=81.2s
2025-12-15 11:21:51 [DEBUG] __main__ - [get_openf1] GET https://api.openf1.org/v1/car_data params={'session_key': 9515, 'driver_number': 1, 'date>': '2024-05-19T13:24:53.891000+00:00', 'date<': '2024-05-19T13:26:15.105000+00:00'}
2025-12-15 11:21:52 [DEBUG] __main__ - [compute_lap_features_for_driver] driver=1 lap=17, car_data rows=306
2025-12-15 11:21:52 [INFO] __main__ - [compute_lap_features_for_driver] driver=1 lap=18 KEEP, status=GREEN, duration=81.5s
2025-12-15 11:21:52 [DEBUG] __main__ - [get_openf1] GET https://api.openf1.org/v1/car_data params={'session_key': 9515, 'driver_number': 1, 'date>': '2024-05-19T13:26:15.105000+00:00', 'date<': '2024-05-19T13:27:36.586000+00:00'}
2025-12-15 11:21:52 [DEBUG] __main__ - [compute_lap_features_for_driver] driver=1 lap=18, car_data rows=309
2025-12-15 11:21:52 [INFO] __main__ - [compute_lap_features_for_driver] driver=1 lap=19 KEEP, status=GREEN, duration=81.5s
2025-12-15 11:21:52 [DEBUG] __main__ - [get_openf1] GET https://api.openf1.org/v1/car_data params={'session_key': 9515, 'driver_number': 1, 'date>': '2024-05-19T13:27:36.586000+00:00', 'date<': '2024-05-19T13:28:58.124000+00:00'}
2025-12-15 11:21:53 [DEBUG] __main__ - [compute_lap_features_for_driver] driver=1 lap=19, car_data rows=317
2025-12-15 11:21:53 [INFO] __main__ - [compute_lap_features_for_driver] driver=1 lap=20 KEEP, status=GREEN, duration=81.4s
2025-12-15 11:21:53 [DEBUG] __main__ - [get_openf1] GET https://api.openf1.org/v1/car_data params={'session_key': 9515, 'driver_number': 1, 'date>': '2024-05-19T13:28:58.124000+00:00', 'date<': '2024-05-19T13:30:19.572000+00:00'}
2025-12-15 11:21:54 [DEBUG] __main__ - [compute_lap_features_for_driver] driver=1 lap=20, car_data rows=302
2025-12-15 11:21:54 [INFO] __main__ - [compute_lap_features_for_driver] driver=1 lap=21 KEEP, status=GREEN, duration=81.7s
2025-12-15 11:21:54 [DEBUG] __main__ - [get_openf1] GET https://api.openf1.org/v1/car_data params={'session_key': 9515, 'driver_number': 1, 'date>': '2024-05-19T13:30:19.572000+00:00', 'date<': '2024-05-19T13:31:41.223000+00:00'}
2025-12-15 11:21:55 [DEBUG] __main__ - [compute_lap_features_for_driver] driver=1 lap=21, car_data rows=310
2025-12-15 11:21:55 [INFO] __main__ - [compute_lap_features_for_driver] driver=1 lap=22 KEEP, status=GREEN, duration=81.8s
2025-12-15 11:21:55 [DEBUG] __main__ - [get_openf1] GET https://api.openf1.org/v1/car_data params={'session_key': 9515, 'driver_number': 1, 'date>': '2024-05-19T13:31:41.223000+00:00', 'date<': '2024-05-19T13:33:02.987000+00:00'}
2025-12-15 11:21:56 [DEBUG] __main__ - [compute_lap_features_for_driver] driver=1 lap=22, car_data rows=311
2025-12-15 11:21:56 [INFO] __main__ - [compute_lap_features_for_driver] driver=1 lap=23 KEEP, status=GREEN, duration=82.1s
2025-12-15 11:21:56 [DEBUG] __main__ - [get_openf1] GET https://api.openf1.org/v1/car_data params={'session_key': 9515, 'driver_number': 1, 'date>': '2024-05-19T13:33:02.987000+00:00', 'date<': '2024-05-19T13:34:25.087000+00:00'}
2025-12-15 11:21:57 [DEBUG] __main__ - [compute_lap_features_for_driver] driver=1 lap=23, car_data rows=312
2025-12-15 11:21:57 [INFO] __main__ - [compute_lap_features_for_driver] driver=1 lap=24 KEEP, status=GREEN, duration=86.1s
2025-12-15 11:21:57 [DEBUG] __main__ - [get_openf1] GET https://api.openf1.org/v1/car_data params={'session_key': 9515, 'driver_number': 1, 'date>': '2024-05-19T13:34:25.087000+00:00', 'date<': '2024-05-19T13:35:51.214000+00:00'}
2025-12-15 11:21:57 [DEBUG] __main__ - [compute_lap_features_for_driver] driver=1 lap=24, car_data rows=320
2025-12-15 11:21:57 [INFO] __main__ - [compute_lap_features_for_driver] driver=1 lap=25 KEEP, status=GREEN, duration=103.6s
2025-12-15 11:21:57 [DEBUG] __main__ - [get_openf1] GET https://api.openf1.org/v1/car_data params={'session_key': 9515, 'driver_number': 1, 'date>': '2024-05-19T13:35:51.214000+00:00', 'date<': '2024-05-19T13:37:34.852000+00:00'}
2025-12-15 11:21:58 [DEBUG] __main__ - [compute_lap_features_for_driver] driver=1 lap=25, car_data rows=389
2025-12-15 11:21:58 [INFO] __main__ - [compute_lap_features_for_driver] driver=1 lap=26 KEEP, status=GREEN, duration=80.5s
2025-12-15 11:21:58 [DEBUG] __main__ - [get_openf1] GET https://api.openf1.org/v1/car_data params={'session_key': 9515, 'driver_number': 1, 'date>': '2024-05-19T13:37:34.852000+00:00', 'date<': '2024-05-19T13:38:55.304000+00:00'}
2025-12-15 11:21:59 [DEBUG] __main__ - [compute_lap_features_for_driver] driver=1 lap=26, car_data rows=305
2025-12-15 11:21:59 [INFO] __main__ - [compute_lap_features_for_driver] driver=1 lap=27 KEEP, status=GREEN, duration=81.0s
2025-12-15 11:21:59 [DEBUG] __main__ - [get_openf1] GET https://api.openf1.org/v1/car_data params={'session_key': 9515, 'driver_number': 1, 'date>': '2024-05-19T13:38:55.304000+00:00', 'date<': '2024-05-19T13:40:16.294000+00:00'}
2025-12-15 11:21:59 [DEBUG] __main__ - [compute_lap_features_for_driver] driver=1 lap=27, car_data rows=312
2025-12-15 11:21:59 [INFO] __main__ - [compute_lap_features_for_driver] driver=1 lap=28 KEEP, status=GREEN, duration=80.6s
2025-12-15 11:21:59 [DEBUG] __main__ - [get_openf1] GET https://api.openf1.org/v1/car_data params={'session_key': 9515, 'driver_number': 1, 'date>': '2024-05-19T13:40:16.294000+00:00', 'date<': '2024-05-19T13:41:36.878000+00:00'}
2025-12-15 11:22:00 [DEBUG] __main__ - [compute_lap_features_for_driver] driver=1 lap=28, car_data rows=304
2025-12-15 11:22:00 [INFO] __main__ - [compute_lap_features_for_driver] driver=1 lap=29 KEEP, status=GREEN, duration=80.6s
2025-12-15 11:22:00 [DEBUG] __main__ - [get_openf1] GET https://api.openf1.org/v1/car_data params={'session_key': 9515, 'driver_number': 1, 'date>': '2024-05-19T13:41:36.878000+00:00', 'date<': '2024-05-19T13:42:57.527000+00:00'}
2025-12-15 11:22:01 [DEBUG] __main__ - [compute_lap_features_for_driver] driver=1 lap=29, car_data rows=300
2025-12-15 11:22:01 [INFO] __main__ - [compute_lap_features_for_driver] driver=1 lap=30 KEEP, status=GREEN, duration=80.6s
2025-12-15 11:22:01 [DEBUG] __main__ - [get_openf1] GET https://api.openf1.org/v1/car_data params={'session_key': 9515, 'driver_number': 1, 'date>': '2024-05-19T13:42:57.527000+00:00', 'date<': '2024-05-19T13:44:18.121000+00:00'}
2025-12-15 11:22:01 [DEBUG] __main__ - [compute_lap_features_for_driver] driver=1 lap=30, car_data rows=310
2025-12-15 11:22:01 [INFO] __main__ - [compute_lap_features_for_driver] driver=1 lap=31 KEEP, status=GREEN, duration=80.5s
2025-12-15 11:22:01 [DEBUG] __main__ - [get_openf1] GET https://api.openf1.org/v1/car_data params={'session_key': 9515, 'driver_number': 1, 'date>': '2024-05-19T13:44:18.121000+00:00', 'date<': '2024-05-19T13:45:38.670000+00:00'}
2025-12-15 11:22:02 [DEBUG] __main__ - [compute_lap_features_for_driver] driver=1 lap=31, car_data rows=311
2025-12-15 11:22:02 [INFO] __main__ - [compute_lap_features_for_driver] driver=1 lap=32 KEEP, status=GREEN, duration=80.8s
2025-12-15 11:22:02 [DEBUG] __main__ - [get_openf1] GET https://api.openf1.org/v1/car_data params={'session_key': 9515, 'driver_number': 1, 'date>': '2024-05-19T13:45:38.670000+00:00', 'date<': '2024-05-19T13:46:59.474000+00:00'}
2025-12-15 11:22:02 [DEBUG] __main__ - [compute_lap_features_for_driver] driver=1 lap=32, car_data rows=298
2025-12-15 11:22:02 [INFO] __main__ - [compute_lap_features_for_driver] driver=1 lap=33 KEEP, status=GREEN, duration=81.1s
2025-12-15 11:22:02 [DEBUG] __main__ - [get_openf1] GET https://api.openf1.org/v1/car_data params={'session_key': 9515, 'driver_number': 1, 'date>': '2024-05-19T13:46:59.474000+00:00', 'date<': '2024-05-19T13:48:20.557000+00:00'}
2025-12-15 11:22:03 [DEBUG] __main__ - [compute_lap_features_for_driver] driver=1 lap=33, car_data rows=310
2025-12-15 11:22:03 [INFO] __main__ - [compute_lap_features_for_driver] driver=1 lap=34 KEEP, status=GREEN, duration=80.8s
2025-12-15 11:22:03 [DEBUG] __main__ - [get_openf1] GET https://api.openf1.org/v1/car_data params={'session_key': 9515, 'driver_number': 1, 'date>': '2024-05-19T13:48:20.557000+00:00', 'date<': '2024-05-19T13:49:41.307000+00:00'}
2025-12-15 11:22:04 [DEBUG] __main__ - [compute_lap_features_for_driver] driver=1 lap=34, car_data rows=301
2025-12-15 11:22:04 [INFO] __main__ - [compute_lap_features_for_driver] driver=1 lap=35 KEEP, status=GREEN, duration=80.9s
2025-12-15 11:22:04 [DEBUG] __main__ - [get_openf1] GET https://api.openf1.org/v1/car_data params={'session_key': 9515, 'driver_number': 1, 'date>': '2024-05-19T13:49:41.307000+00:00', 'date<': '2024-05-19T13:51:02.170000+00:00'}
2025-12-15 11:22:04 [DEBUG] __main__ - [compute_lap_features_for_driver] driver=1 lap=35, car_data rows=308
2025-12-15 11:22:04 [INFO] __main__ - [compute_lap_features_for_driver] driver=1 lap=36 KEEP, status=GREEN, duration=80.6s
2025-12-15 11:22:04 [DEBUG] __main__ - [get_openf1] GET https://api.openf1.org/v1/car_data params={'session_key': 9515, 'driver_number': 1, 'date>': '2024-05-19T13:51:02.170000+00:00', 'date<': '2024-05-19T13:52:22.755000+00:00'}
2025-12-15 11:22:05 [DEBUG] __main__ - [compute_lap_features_for_driver] driver=1 lap=36, car_data rows=310
2025-12-15 11:22:05 [INFO] __main__ - [compute_lap_features_for_driver] driver=1 lap=37 KEEP, status=GREEN, duration=80.5s
2025-12-15 11:22:05 [DEBUG] __main__ - [get_openf1] GET https://api.openf1.org/v1/car_data params={'session_key': 9515, 'driver_number': 1, 'date>': '2024-05-19T13:52:22.755000+00:00', 'date<': '2024-05-19T13:53:43.298000+00:00'}
2025-12-15 11:22:05 [DEBUG] __main__ - [compute_lap_features_for_driver] driver=1 lap=37, car_data rows=313
2025-12-15 11:22:05 [INFO] __main__ - [compute_lap_features_for_driver] driver=1 lap=38 KEEP, status=GREEN, duration=80.3s
2025-12-15 11:22:05 [DEBUG] __main__ - [get_openf1] GET https://api.openf1.org/v1/car_data params={'session_key': 9515, 'driver_number': 1, 'date>': '2024-05-19T13:53:43.298000+00:00', 'date<': '2024-05-19T13:55:03.590000+00:00'}
2025-12-15 11:22:06 [DEBUG] __main__ - [compute_lap_features_for_driver] driver=1 lap=38, car_data rows=304
2025-12-15 11:22:06 [INFO] __main__ - [compute_lap_features_for_driver] driver=1 lap=39 KEEP, status=GREEN, duration=80.7s
2025-12-15 11:22:06 [DEBUG] __main__ - [get_openf1] GET https://api.openf1.org/v1/car_data params={'session_key': 9515, 'driver_number': 1, 'date>': '2024-05-19T13:55:03.590000+00:00', 'date<': '2024-05-19T13:56:24.256000+00:00'}
2025-12-15 11:22:06 [DEBUG] __main__ - [compute_lap_features_for_driver] driver=1 lap=39, car_data rows=310
2025-12-15 11:22:06 [INFO] __main__ - [compute_lap_features_for_driver] driver=1 lap=40 KEEP, status=GREEN, duration=80.6s
2025-12-15 11:22:06 [DEBUG] __main__ - [get_openf1] GET https://api.openf1.org/v1/car_data params={'session_key': 9515, 'driver_number': 1, 'date>': '2024-05-19T13:56:24.256000+00:00', 'date<': '2024-05-19T13:57:44.843000+00:00'}
2025-12-15 11:22:07 [DEBUG] __main__ - [compute_lap_features_for_driver] driver=1 lap=40, car_data rows=305
2025-12-15 11:22:07 [INFO] __main__ - [compute_lap_features_for_driver] driver=1 lap=41 KEEP, status=GREEN, duration=80.6s
2025-12-15 11:22:07 [DEBUG] __main__ - [get_openf1] GET https://api.openf1.org/v1/car_data params={'session_key': 9515, 'driver_number': 1, 'date>': '2024-05-19T13:57:44.843000+00:00', 'date<': '2024-05-19T13:59:05.475000+00:00'}
2025-12-15 11:22:07 [DEBUG] __main__ - [compute_lap_features_for_driver] driver=1 lap=41, car_data rows=306
2025-12-15 11:22:07 [INFO] __main__ - [compute_lap_features_for_driver] driver=1 lap=42 KEEP, status=GREEN, duration=80.9s
2025-12-15 11:22:07 [DEBUG] __main__ - [get_openf1] GET https://api.openf1.org/v1/car_data params={'session_key': 9515, 'driver_number': 1, 'date>': '2024-05-19T13:59:05.475000+00:00', 'date<': '2024-05-19T14:00:26.374000+00:00'}
2025-12-15 11:22:08 [DEBUG] __main__ - [compute_lap_features_for_driver] driver=1 lap=42, car_data rows=312
2025-12-15 11:22:08 [INFO] __main__ - [compute_lap_features_for_driver] driver=1 lap=43 KEEP, status=GREEN, duration=80.7s
2025-12-15 11:22:08 [DEBUG] __main__ - [get_openf1] GET https://api.openf1.org/v1/car_data params={'session_key': 9515, 'driver_number': 1, 'date>': '2024-05-19T14:00:26.374000+00:00', 'date<': '2024-05-19T14:01:47.075000+00:00'}
2025-12-15 11:22:09 [DEBUG] __main__ - [compute_lap_features_for_driver] driver=1 lap=43, car_data rows=312
2025-12-15 11:22:09 [INFO] __main__ - [compute_lap_features_for_driver] driver=1 lap=44 KEEP, status=GREEN, duration=80.9s
2025-12-15 11:22:09 [DEBUG] __main__ - [get_openf1] GET https://api.openf1.org/v1/car_data params={'session_key': 9515, 'driver_number': 1, 'date>': '2024-05-19T14:01:47.075000+00:00', 'date<': '2024-05-19T14:03:07.929000+00:00'}
2025-12-15 11:22:09 [DEBUG] __main__ - [compute_lap_features_for_driver] driver=1 lap=44, car_data rows=309
2025-12-15 11:22:09 [INFO] __main__ - [compute_lap_features_for_driver] driver=1 lap=45 KEEP, status=GREEN, duration=81.4s
2025-12-15 11:22:09 [DEBUG] __main__ - [get_openf1] GET https://api.openf1.org/v1/car_data params={'session_key': 9515, 'driver_number': 1, 'date>': '2024-05-19T14:03:07.929000+00:00', 'date<': '2024-05-19T14:04:29.367000+00:00'}
2025-12-15 11:22:10 [DEBUG] __main__ - [compute_lap_features_for_driver] driver=1 lap=45, car_data rows=308
2025-12-15 11:22:10 [INFO] __main__ - [compute_lap_features_for_driver] driver=1 lap=46 KEEP, status=GREEN, duration=80.7s
2025-12-15 11:22:10 [DEBUG] __main__ - [get_openf1] GET https://api.openf1.org/v1/car_data params={'session_key': 9515, 'driver_number': 1, 'date>': '2024-05-19T14:04:29.367000+00:00', 'date<': '2024-05-19T14:05:50.075000+00:00'}
2025-12-15 11:22:11 [DEBUG] __main__ - [compute_lap_features_for_driver] driver=1 lap=46, car_data rows=303
2025-12-15 11:22:11 [INFO] __main__ - [compute_lap_features_for_driver] driver=1 lap=47 KEEP, status=GREEN, duration=80.8s
2025-12-15 11:22:11 [DEBUG] __main__ - [get_openf1] GET https://api.openf1.org/v1/car_data params={'session_key': 9515, 'driver_number': 1, 'date>': '2024-05-19T14:05:50.075000+00:00', 'date<': '2024-05-19T14:07:10.921000+00:00'}
2025-12-15 11:22:11 [DEBUG] __main__ - [compute_lap_features_for_driver] driver=1 lap=47, car_data rows=311
2025-12-15 11:22:11 [INFO] __main__ - [compute_lap_features_for_driver] driver=1 lap=48 KEEP, status=GREEN, duration=81.0s
2025-12-15 11:22:11 [DEBUG] __main__ - [get_openf1] GET https://api.openf1.org/v1/car_data params={'session_key': 9515, 'driver_number': 1, 'date>': '2024-05-19T14:07:10.921000+00:00', 'date<': '2024-05-19T14:08:31.932000+00:00'}
2025-12-15 11:22:12 [DEBUG] __main__ - [compute_lap_features_for_driver] driver=1 lap=48, car_data rows=310
2025-12-15 11:22:12 [INFO] __main__ - [compute_lap_features_for_driver] driver=1 lap=49 KEEP, status=GREEN, duration=80.7s
2025-12-15 11:22:12 [DEBUG] __main__ - [get_openf1] GET https://api.openf1.org/v1/car_data params={'session_key': 9515, 'driver_number': 1, 'date>': '2024-05-19T14:08:31.932000+00:00', 'date<': '2024-05-19T14:09:52.661000+00:00'}
2025-12-15 11:22:13 [DEBUG] __main__ - [compute_lap_features_for_driver] driver=1 lap=49, car_data rows=303
2025-12-15 11:22:13 [INFO] __main__ - [compute_lap_features_for_driver] driver=1 lap=50 KEEP, status=GREEN, duration=80.8s
2025-12-15 11:22:13 [DEBUG] __main__ - [get_openf1] GET https://api.openf1.org/v1/car_data params={'session_key': 9515, 'driver_number': 1, 'date>': '2024-05-19T14:09:52.661000+00:00', 'date<': '2024-05-19T14:11:13.456000+00:00'}
2025-12-15 11:22:13 [DEBUG] __main__ - [compute_lap_features_for_driver] driver=1 lap=50, car_data rows=309
2025-12-15 11:22:13 [INFO] __main__ - [compute_lap_features_for_driver] driver=1 lap=51 KEEP, status=GREEN, duration=80.7s
2025-12-15 11:22:13 [DEBUG] __main__ - [get_openf1] GET https://api.openf1.org/v1/car_data params={'session_key': 9515, 'driver_number': 1, 'date>': '2024-05-19T14:11:13.456000+00:00', 'date<': '2024-05-19T14:12:34.172000+00:00'}
2025-12-15 11:22:14 [DEBUG] __main__ - [compute_lap_features_for_driver] driver=1 lap=51, car_data rows=306
2025-12-15 11:22:14 [INFO] __main__ - [compute_lap_features_for_driver] driver=1 lap=52 KEEP, status=GREEN, duration=80.6s
2025-12-15 11:22:14 [DEBUG] __main__ - [get_openf1] GET https://api.openf1.org/v1/car_data params={'session_key': 9515, 'driver_number': 1, 'date>': '2024-05-19T14:12:34.172000+00:00', 'date<': '2024-05-19T14:13:54.756000+00:00'}
2025-12-15 11:22:14 [DEBUG] __main__ - [compute_lap_features_for_driver] driver=1 lap=52, car_data rows=307
2025-12-15 11:22:14 [INFO] __main__ - [compute_lap_features_for_driver] driver=1 lap=53 KEEP, status=GREEN, duration=80.7s
2025-12-15 11:22:14 [DEBUG] __main__ - [get_openf1] GET https://api.openf1.org/v1/car_data params={'session_key': 9515, 'driver_number': 1, 'date>': '2024-05-19T14:13:54.756000+00:00', 'date<': '2024-05-19T14:15:15.482000+00:00'}
2025-12-15 11:22:15 [DEBUG] __main__ - [compute_lap_features_for_driver] driver=1 lap=53, car_data rows=310
2025-12-15 11:22:15 [INFO] __main__ - [compute_lap_features_for_driver] driver=1 lap=54 KEEP, status=GREEN, duration=80.8s
2025-12-15 11:22:15 [DEBUG] __main__ - [get_openf1] GET https://api.openf1.org/v1/car_data params={'session_key': 9515, 'driver_number': 1, 'date>': '2024-05-19T14:15:15.482000+00:00', 'date<': '2024-05-19T14:16:36.303000+00:00'}
2025-12-15 11:22:16 [DEBUG] __main__ - [compute_lap_features_for_driver] driver=1 lap=54, car_data rows=309
2025-12-15 11:22:16 [INFO] __main__ - [compute_lap_features_for_driver] driver=1 lap=55 KEEP, status=GREEN, duration=81.0s
2025-12-15 11:22:16 [DEBUG] __main__ - [get_openf1] GET https://api.openf1.org/v1/car_data params={'session_key': 9515, 'driver_number': 1, 'date>': '2024-05-19T14:16:36.303000+00:00', 'date<': '2024-05-19T14:17:57.260000+00:00'}
2025-12-15 11:22:16 [DEBUG] __main__ - [compute_lap_features_for_driver] driver=1 lap=55, car_data rows=319
2025-12-15 11:22:16 [INFO] __main__ - [compute_lap_features_for_driver] driver=1 lap=56 KEEP, status=GREEN, duration=80.5s
2025-12-15 11:22:16 [DEBUG] __main__ - [get_openf1] GET https://api.openf1.org/v1/car_data params={'session_key': 9515, 'driver_number': 1, 'date>': '2024-05-19T14:17:57.260000+00:00', 'date<': '2024-05-19T14:19:17.762000+00:00'}
2025-12-15 11:22:17 [DEBUG] __main__ - [compute_lap_features_for_driver] driver=1 lap=56, car_data rows=307
2025-12-15 11:22:17 [INFO] __main__ - [compute_lap_features_for_driver] driver=1 lap=57 KEEP, status=GREEN, duration=80.6s
2025-12-15 11:22:17 [DEBUG] __main__ - [get_openf1] GET https://api.openf1.org/v1/car_data params={'session_key': 9515, 'driver_number': 1, 'date>': '2024-05-19T14:19:17.762000+00:00', 'date<': '2024-05-19T14:20:38.338000+00:00'}
2025-12-15 11:22:17 [DEBUG] __main__ - [compute_lap_features_for_driver] driver=1 lap=57, car_data rows=304
2025-12-15 11:22:17 [INFO] __main__ - [compute_lap_features_for_driver] driver=1 lap=58 KEEP, status=GREEN, duration=80.4s
2025-12-15 11:22:17 [DEBUG] __main__ - [get_openf1] GET https://api.openf1.org/v1/car_data params={'session_key': 9515, 'driver_number': 1, 'date>': '2024-05-19T14:20:38.338000+00:00', 'date<': '2024-05-19T14:21:58.784000+00:00'}
2025-12-15 11:22:18 [DEBUG] __main__ - [compute_lap_features_for_driver] driver=1 lap=58, car_data rows=303
2025-12-15 11:22:18 [INFO] __main__ - [compute_lap_features_for_driver] driver=1 lap=59 KEEP, status=GREEN, duration=80.4s
2025-12-15 11:22:18 [DEBUG] __main__ - [get_openf1] GET https://api.openf1.org/v1/car_data params={'session_key': 9515, 'driver_number': 1, 'date>': '2024-05-19T14:21:58.784000+00:00', 'date<': '2024-05-19T14:23:19.156000+00:00'}
2025-12-15 11:22:18 [DEBUG] __main__ - [compute_lap_features_for_driver] driver=1 lap=59, car_data rows=299
2025-12-15 11:22:18 [INFO] __main__ - [compute_lap_features_for_driver] driver=1 lap=60 KEEP, status=GREEN, duration=80.6s
2025-12-15 11:22:18 [DEBUG] __main__ - [get_openf1] GET https://api.openf1.org/v1/car_data params={'session_key': 9515, 'driver_number': 1, 'date>': '2024-05-19T14:23:19.156000+00:00', 'date<': '2024-05-19T14:24:39.743000+00:00'}
2025-12-15 11:22:19 [DEBUG] __main__ - [compute_lap_features_for_driver] driver=1 lap=60, car_data rows=304
2025-12-15 11:22:19 [INFO] __main__ - [compute_lap_features_for_driver] driver=1 lap=61 KEEP, status=GREEN, duration=80.8s
2025-12-15 11:22:19 [DEBUG] __main__ - [get_openf1] GET https://api.openf1.org/v1/car_data params={'session_key': 9515, 'driver_number': 1, 'date>': '2024-05-19T14:24:39.743000+00:00', 'date<': '2024-05-19T14:26:00.497000+00:00'}
2025-12-15 11:22:19 [DEBUG] __main__ - [compute_lap_features_for_driver] driver=1 lap=61, car_data rows=304
2025-12-15 11:22:19 [INFO] __main__ - [compute_lap_features_for_driver] driver=1 lap=62 KEEP, status=GREEN, duration=80.7s
2025-12-15 11:22:19 [DEBUG] __main__ - [get_openf1] GET https://api.openf1.org/v1/car_data params={'session_key': 9515, 'driver_number': 1, 'date>': '2024-05-19T14:26:00.497000+00:00', 'date<': '2024-05-19T14:27:21.236000+00:00'}
2025-12-15 11:22:20 [DEBUG] __main__ - [compute_lap_features_for_driver] driver=1 lap=62, car_data rows=305
2025-12-15 11:22:20 [INFO] __main__ - [compute_lap_features_for_driver] driver=1 lap=63 DROP (CHEQUERED_FLAG_LAP), status=RED_FLAG;CHEQUERED, duration=nans
2025-12-15 11:22:20 [INFO] __main__ - [compute_lap_features_for_driver] driver=1, feature laps=[2, 3, 4, 5, 6, 7, 8, 9, 10, 11, 12, 13, 14, 15, 16, 17, 18, 19, 20, 21, 22, 23, 24, 25, 26, 27, 28, 29, 30, 31, 32, 33, 34, 35, 36, 37, 38, 39, 40, 41, 42, 43, 44, 45, 46, 47, 48, 49, 50, 51, 52, 53, 54, 55, 56, 57, 58, 59, 60, 61, 62]
2025-12-15 11:22:20 [INFO] __main__ - [build_driver_style_embedding_json] compute features for driver=11
2025-12-15 11:22:20 [DEBUG] __main__ - [get_openf1] GET https://api.openf1.org/v1/laps params={'session_key': 9515, 'driver_number': 11}
2025-12-15 11:22:21 [DEBUG] __main__ - [get_openf1] GET https://api.openf1.org/v1/sessions params={'session_key': 9515}
2025-12-15 11:22:21 [INFO] __main__ - [fetch_session_start] session_key=9515, date_start=2024-05-19 13:00:00+00:00
2025-12-15 11:22:21 [INFO] __main__ - [fetch_race_start_time] use first GREEN as race_start: 2024-05-19 12:20:00+00:00
2025-12-15 11:22:21 [INFO] __main__ - [fetch_laps] fill lap 1 date_start with race_start=2024-05-19 12:20:00+00:00
2025-12-15 11:22:21 [INFO] __main__ - [fetch_laps] driver=11, laps: min=1, max=63, count=63
2025-12-15 11:22:21 [DEBUG] __main__ - [fetch_laps] head:
   meeting_key  session_key  ...  st_speed  lap_duration_s
0         1235         9515  ...       282        2685.876
1         1235         9515  ...       280          82.584
2         1235         9515  ...       294          81.834
3         1235         9515  ...       282          82.252
4         1235         9515  ...       284          82.107

[5 rows x 17 columns]
2025-12-15 11:22:21 [DEBUG] __main__ - [build_lap_status_mapping] status_by_lap={1: 'YELLOW', 2: 'GREEN', 3: 'GREEN', 4: 'GREEN', 5: 'GREEN', 6: 'GREEN', 7: 'GREEN', 8: 'GREEN', 9: 'GREEN', 10: 'GREEN', 11: 'GREEN', 12: 'GREEN', 13: 'GREEN', 14: 'GREEN', 15: 'GREEN', 16: 'GREEN', 17: 'GREEN', 18: 'GREEN', 19: 'GREEN', 20: 'GREEN', 21: 'GREEN', 22: 'GREEN', 23: 'GREEN', 24: 'GREEN', 25: 'GREEN', 26: 'GREEN', 27: 'GREEN', 28: 'GREEN', 29: 'GREEN', 30: 'GREEN', 31: 'GREEN', 32: 'GREEN', 33: 'GREEN', 34: 'GREEN', 35: 'GREEN', 36: 'GREEN', 37: 'GREEN', 38: 'GREEN', 39: 'GREEN', 40: 'GREEN', 41: 'GREEN', 42: 'GREEN', 43: 'GREEN', 44: 'GREEN', 45: 'GREEN', 46: 'GREEN', 47: 'GREEN', 48: 'GREEN', 49: 'GREEN', 50: 'GREEN', 51: 'GREEN', 52: 'GREEN', 53: 'GREEN', 54: 'GREEN', 55: 'GREEN', 56: 'GREEN', 57: 'GREEN', 58: 'GREEN', 59: 'GREEN', 60: 'GREEN', 61: 'GREEN', 62: 'GREEN', 63: 'RED_FLAG;CHEQUERED'}
2025-12-15 11:22:21 [INFO] __main__ - [compute_lap_features_for_driver] driver=11, typical_duration_s=82.099
2025-12-15 11:22:21 [INFO] __main__ - [compute_lap_features_for_driver] driver=11 lap=1 DROP (YELLOW_FLAG_LAP), status=YELLOW, duration=2685.9s
2025-12-15 11:22:21 [INFO] __main__ - [compute_lap_features_for_driver] driver=11 lap=2 KEEP, status=GREEN, duration=82.6s
2025-12-15 11:22:21 [DEBUG] __main__ - [get_openf1] GET https://api.openf1.org/v1/car_data params={'session_key': 9515, 'driver_number': 11, 'date>': '2024-05-19T13:04:45.876000+00:00', 'date<': '2024-05-19T13:06:08.460000+00:00'}
2025-12-15 11:22:22 [DEBUG] __main__ - [compute_lap_features_for_driver] driver=11 lap=2, car_data rows=323
2025-12-15 11:22:22 [INFO] __main__ - [compute_lap_features_for_driver] driver=11 lap=3 KEEP, status=GREEN, duration=81.8s
2025-12-15 11:22:22 [DEBUG] __main__ - [get_openf1] GET https://api.openf1.org/v1/car_data params={'session_key': 9515, 'driver_number': 11, 'date>': '2024-05-19T13:06:08.460000+00:00', 'date<': '2024-05-19T13:07:30.294000+00:00'}
2025-12-15 11:22:23 [DEBUG] __main__ - [compute_lap_features_for_driver] driver=11 lap=3, car_data rows=315
2025-12-15 11:22:23 [INFO] __main__ - [compute_lap_features_for_driver] driver=11 lap=4 KEEP, status=GREEN, duration=82.3s
2025-12-15 11:22:23 [DEBUG] __main__ - [get_openf1] GET https://api.openf1.org/v1/car_data params={'session_key': 9515, 'driver_number': 11, 'date>': '2024-05-19T13:07:30.294000+00:00', 'date<': '2024-05-19T13:08:52.546000+00:00'}
2025-12-15 11:22:24 [DEBUG] __main__ - [compute_lap_features_for_driver] driver=11 lap=4, car_data rows=306
2025-12-15 11:22:24 [INFO] __main__ - [compute_lap_features_for_driver] driver=11 lap=5 KEEP, status=GREEN, duration=82.1s
2025-12-15 11:22:24 [DEBUG] __main__ - [get_openf1] GET https://api.openf1.org/v1/car_data params={'session_key': 9515, 'driver_number': 11, 'date>': '2024-05-19T13:08:52.546000+00:00', 'date<': '2024-05-19T13:10:14.653000+00:00'}
2025-12-15 11:22:25 [DEBUG] __main__ - [compute_lap_features_for_driver] driver=11 lap=5, car_data rows=320
2025-12-15 11:22:25 [INFO] __main__ - [compute_lap_features_for_driver] driver=11 lap=6 KEEP, status=GREEN, duration=82.3s
2025-12-15 11:22:25 [DEBUG] __main__ - [get_openf1] GET https://api.openf1.org/v1/car_data params={'session_key': 9515, 'driver_number': 11, 'date>': '2024-05-19T13:10:14.653000+00:00', 'date<': '2024-05-19T13:11:36.924000+00:00'}
2025-12-15 11:22:25 [DEBUG] __main__ - [compute_lap_features_for_driver] driver=11 lap=6, car_data rows=315
2025-12-15 11:22:25 [INFO] __main__ - [compute_lap_features_for_driver] driver=11 lap=7 KEEP, status=GREEN, duration=82.5s
2025-12-15 11:22:25 [DEBUG] __main__ - [get_openf1] GET https://api.openf1.org/v1/car_data params={'session_key': 9515, 'driver_number': 11, 'date>': '2024-05-19T13:11:36.924000+00:00', 'date<': '2024-05-19T13:12:59.426000+00:00'}
2025-12-15 11:22:26 [DEBUG] __main__ - [compute_lap_features_for_driver] driver=11 lap=7, car_data rows=319
2025-12-15 11:22:26 [INFO] __main__ - [compute_lap_features_for_driver] driver=11 lap=8 KEEP, status=GREEN, duration=82.3s
2025-12-15 11:22:26 [DEBUG] __main__ - [get_openf1] GET https://api.openf1.org/v1/car_data params={'session_key': 9515, 'driver_number': 11, 'date>': '2024-05-19T13:12:59.426000+00:00', 'date<': '2024-05-19T13:14:21.749000+00:00'}
2025-12-15 11:22:27 [DEBUG] __main__ - [compute_lap_features_for_driver] driver=11 lap=8, car_data rows=313
2025-12-15 11:22:27 [INFO] __main__ - [compute_lap_features_for_driver] driver=11 lap=9 KEEP, status=GREEN, duration=82.7s
2025-12-15 11:22:27 [DEBUG] __main__ - [get_openf1] GET https://api.openf1.org/v1/car_data params={'session_key': 9515, 'driver_number': 11, 'date>': '2024-05-19T13:14:21.749000+00:00', 'date<': '2024-05-19T13:15:44.440000+00:00'}
2025-12-15 11:22:28 [DEBUG] __main__ - [compute_lap_features_for_driver] driver=11 lap=9, car_data rows=316
2025-12-15 11:22:28 [INFO] __main__ - [compute_lap_features_for_driver] driver=11 lap=10 KEEP, status=GREEN, duration=82.5s
2025-12-15 11:22:28 [DEBUG] __main__ - [get_openf1] GET https://api.openf1.org/v1/car_data params={'session_key': 9515, 'driver_number': 11, 'date>': '2024-05-19T13:15:44.440000+00:00', 'date<': '2024-05-19T13:17:06.900000+00:00'}
2025-12-15 11:22:28 [DEBUG] __main__ - [compute_lap_features_for_driver] driver=11 lap=10, car_data rows=310
2025-12-15 11:22:28 [INFO] __main__ - [compute_lap_features_for_driver] driver=11 lap=11 KEEP, status=GREEN, duration=82.2s
2025-12-15 11:22:28 [DEBUG] __main__ - [get_openf1] GET https://api.openf1.org/v1/car_data params={'session_key': 9515, 'driver_number': 11, 'date>': '2024-05-19T13:17:06.900000+00:00', 'date<': '2024-05-19T13:18:29.085000+00:00'}
2025-12-15 11:22:29 [DEBUG] __main__ - [compute_lap_features_for_driver] driver=11 lap=11, car_data rows=309
2025-12-15 11:22:29 [INFO] __main__ - [compute_lap_features_for_driver] driver=11 lap=12 KEEP, status=GREEN, duration=82.4s
2025-12-15 11:22:29 [DEBUG] __main__ - [get_openf1] GET https://api.openf1.org/v1/car_data params={'session_key': 9515, 'driver_number': 11, 'date>': '2024-05-19T13:18:29.085000+00:00', 'date<': '2024-05-19T13:19:51.513000+00:00'}
2025-12-15 11:22:30 [DEBUG] __main__ - [compute_lap_features_for_driver] driver=11 lap=12, car_data rows=313
2025-12-15 11:22:30 [INFO] __main__ - [compute_lap_features_for_driver] driver=11 lap=13 KEEP, status=GREEN, duration=82.3s
2025-12-15 11:22:30 [DEBUG] __main__ - [get_openf1] GET https://api.openf1.org/v1/car_data params={'session_key': 9515, 'driver_number': 11, 'date>': '2024-05-19T13:19:51.513000+00:00', 'date<': '2024-05-19T13:21:13.820000+00:00'}
2025-12-15 11:22:30 [DEBUG] __main__ - [compute_lap_features_for_driver] driver=11 lap=13, car_data rows=312
2025-12-15 11:22:30 [INFO] __main__ - [compute_lap_features_for_driver] driver=11 lap=14 KEEP, status=GREEN, duration=81.9s
2025-12-15 11:22:30 [DEBUG] __main__ - [get_openf1] GET https://api.openf1.org/v1/car_data params={'session_key': 9515, 'driver_number': 11, 'date>': '2024-05-19T13:21:13.820000+00:00', 'date<': '2024-05-19T13:22:35.699000+00:00'}
2025-12-15 11:22:31 [DEBUG] __main__ - [compute_lap_features_for_driver] driver=11 lap=14, car_data rows=311
2025-12-15 11:22:31 [INFO] __main__ - [compute_lap_features_for_driver] driver=11 lap=15 KEEP, status=GREEN, duration=81.7s
2025-12-15 11:22:31 [DEBUG] __main__ - [get_openf1] GET https://api.openf1.org/v1/car_data params={'session_key': 9515, 'driver_number': 11, 'date>': '2024-05-19T13:22:35.699000+00:00', 'date<': '2024-05-19T13:23:57.403000+00:00'}
2025-12-15 11:22:32 [DEBUG] __main__ - [compute_lap_features_for_driver] driver=11 lap=15, car_data rows=306
2025-12-15 11:22:32 [INFO] __main__ - [compute_lap_features_for_driver] driver=11 lap=16 KEEP, status=GREEN, duration=81.9s
2025-12-15 11:22:32 [DEBUG] __main__ - [get_openf1] GET https://api.openf1.org/v1/car_data params={'session_key': 9515, 'driver_number': 11, 'date>': '2024-05-19T13:23:57.403000+00:00', 'date<': '2024-05-19T13:25:19.333000+00:00'}
2025-12-15 11:22:33 [DEBUG] __main__ - [compute_lap_features_for_driver] driver=11 lap=16, car_data rows=308
2025-12-15 11:22:33 [INFO] __main__ - [compute_lap_features_for_driver] driver=11 lap=17 KEEP, status=GREEN, duration=86.7s
2025-12-15 11:22:33 [DEBUG] __main__ - [get_openf1] GET https://api.openf1.org/v1/car_data params={'session_key': 9515, 'driver_number': 11, 'date>': '2024-05-19T13:25:19.333000+00:00', 'date<': '2024-05-19T13:26:46.014000+00:00'}
2025-12-15 11:22:33 [DEBUG] __main__ - [compute_lap_features_for_driver] driver=11 lap=17, car_data rows=325
2025-12-15 11:22:33 [INFO] __main__ - [compute_lap_features_for_driver] driver=11 lap=18 KEEP, status=GREEN, duration=82.6s
2025-12-15 11:22:33 [DEBUG] __main__ - [get_openf1] GET https://api.openf1.org/v1/car_data params={'session_key': 9515, 'driver_number': 11, 'date>': '2024-05-19T13:26:46.014000+00:00', 'date<': '2024-05-19T13:28:08.599000+00:00'}
2025-12-15 11:22:34 [DEBUG] __main__ - [compute_lap_features_for_driver] driver=11 lap=18, car_data rows=319
2025-12-15 11:22:34 [INFO] __main__ - [compute_lap_features_for_driver] driver=11 lap=19 KEEP, status=GREEN, duration=81.7s
2025-12-15 11:22:34 [DEBUG] __main__ - [get_openf1] GET https://api.openf1.org/v1/car_data params={'session_key': 9515, 'driver_number': 11, 'date>': '2024-05-19T13:28:08.599000+00:00', 'date<': '2024-05-19T13:29:30.321000+00:00'}
2025-12-15 11:22:35 [DEBUG] __main__ - [compute_lap_features_for_driver] driver=11 lap=19, car_data rows=306
2025-12-15 11:22:35 [INFO] __main__ - [compute_lap_features_for_driver] driver=11 lap=20 KEEP, status=GREEN, duration=82.3s
2025-12-15 11:22:35 [DEBUG] __main__ - [get_openf1] GET https://api.openf1.org/v1/car_data params={'session_key': 9515, 'driver_number': 11, 'date>': '2024-05-19T13:29:30.321000+00:00', 'date<': '2024-05-19T13:30:52.658000+00:00'}
2025-12-15 11:22:35 [DEBUG] __main__ - [compute_lap_features_for_driver] driver=11 lap=20, car_data rows=308
2025-12-15 11:22:35 [INFO] __main__ - [compute_lap_features_for_driver] driver=11 lap=21 KEEP, status=GREEN, duration=81.8s
2025-12-15 11:22:35 [DEBUG] __main__ - [get_openf1] GET https://api.openf1.org/v1/car_data params={'session_key': 9515, 'driver_number': 11, 'date>': '2024-05-19T13:30:52.658000+00:00', 'date<': '2024-05-19T13:32:14.484000+00:00'}
2025-12-15 11:22:36 [DEBUG] __main__ - [compute_lap_features_for_driver] driver=11 lap=21, car_data rows=316
2025-12-15 11:22:36 [INFO] __main__ - [compute_lap_features_for_driver] driver=11 lap=22 KEEP, status=GREEN, duration=81.9s
2025-12-15 11:22:36 [DEBUG] __main__ - [get_openf1] GET https://api.openf1.org/v1/car_data params={'session_key': 9515, 'driver_number': 11, 'date>': '2024-05-19T13:32:14.484000+00:00', 'date<': '2024-05-19T13:33:36.393000+00:00'}
2025-12-15 11:22:36 [DEBUG] __main__ - [compute_lap_features_for_driver] driver=11 lap=22, car_data rows=310
2025-12-15 11:22:36 [INFO] __main__ - [compute_lap_features_for_driver] driver=11 lap=23 KEEP, status=GREEN, duration=82.3s
2025-12-15 11:22:36 [DEBUG] __main__ - [get_openf1] GET https://api.openf1.org/v1/car_data params={'session_key': 9515, 'driver_number': 11, 'date>': '2024-05-19T13:33:36.393000+00:00', 'date<': '2024-05-19T13:34:58.723000+00:00'}
2025-12-15 11:22:37 [DEBUG] __main__ - [compute_lap_features_for_driver] driver=11 lap=23, car_data rows=305
2025-12-15 11:22:37 [INFO] __main__ - [compute_lap_features_for_driver] driver=11 lap=24 KEEP, status=GREEN, duration=82.3s
2025-12-15 11:22:37 [DEBUG] __main__ - [get_openf1] GET https://api.openf1.org/v1/car_data params={'session_key': 9515, 'driver_number': 11, 'date>': '2024-05-19T13:34:58.723000+00:00', 'date<': '2024-05-19T13:36:21.073000+00:00'}
2025-12-15 11:22:38 [DEBUG] __main__ - [compute_lap_features_for_driver] driver=11 lap=24, car_data rows=311
2025-12-15 11:22:38 [INFO] __main__ - [compute_lap_features_for_driver] driver=11 lap=25 KEEP, status=GREEN, duration=82.2s
2025-12-15 11:22:38 [DEBUG] __main__ - [get_openf1] GET https://api.openf1.org/v1/car_data params={'session_key': 9515, 'driver_number': 11, 'date>': '2024-05-19T13:36:21.073000+00:00', 'date<': '2024-05-19T13:37:43.288000+00:00'}
2025-12-15 11:22:38 [DEBUG] __main__ - [compute_lap_features_for_driver] driver=11 lap=25, car_data rows=310
2025-12-15 11:22:38 [INFO] __main__ - [compute_lap_features_for_driver] driver=11 lap=26 KEEP, status=GREEN, duration=82.3s
2025-12-15 11:22:38 [DEBUG] __main__ - [get_openf1] GET https://api.openf1.org/v1/car_data params={'session_key': 9515, 'driver_number': 11, 'date>': '2024-05-19T13:37:43.288000+00:00', 'date<': '2024-05-19T13:39:05.634000+00:00'}
2025-12-15 11:22:39 [DEBUG] __main__ - [compute_lap_features_for_driver] driver=11 lap=26, car_data rows=313
2025-12-15 11:22:39 [INFO] __main__ - [compute_lap_features_for_driver] driver=11 lap=27 KEEP, status=GREEN, duration=83.8s
2025-12-15 11:22:39 [DEBUG] __main__ - [get_openf1] GET https://api.openf1.org/v1/car_data params={'session_key': 9515, 'driver_number': 11, 'date>': '2024-05-19T13:39:05.634000+00:00', 'date<': '2024-05-19T13:40:29.425000+00:00'}
2025-12-15 11:22:40 [DEBUG] __main__ - [compute_lap_features_for_driver] driver=11 lap=27, car_data rows=320
2025-12-15 11:22:40 [INFO] __main__ - [compute_lap_features_for_driver] driver=11 lap=28 KEEP, status=GREEN, duration=82.1s
2025-12-15 11:22:40 [DEBUG] __main__ - [get_openf1] GET https://api.openf1.org/v1/car_data params={'session_key': 9515, 'driver_number': 11, 'date>': '2024-05-19T13:40:29.425000+00:00', 'date<': '2024-05-19T13:41:51.570000+00:00'}
2025-12-15 11:22:40 [DEBUG] __main__ - [compute_lap_features_for_driver] driver=11 lap=28, car_data rows=307
2025-12-15 11:22:40 [INFO] __main__ - [compute_lap_features_for_driver] driver=11 lap=29 KEEP, status=GREEN, duration=82.5s
2025-12-15 11:22:40 [DEBUG] __main__ - [get_openf1] GET https://api.openf1.org/v1/car_data params={'session_key': 9515, 'driver_number': 11, 'date>': '2024-05-19T13:41:51.570000+00:00', 'date<': '2024-05-19T13:43:14.021000+00:00'}
2025-12-15 11:22:41 [DEBUG] __main__ - [compute_lap_features_for_driver] driver=11 lap=29, car_data rows=310
2025-12-15 11:22:41 [INFO] __main__ - [compute_lap_features_for_driver] driver=11 lap=30 KEEP, status=GREEN, duration=83.2s
2025-12-15 11:22:41 [DEBUG] __main__ - [get_openf1] GET https://api.openf1.org/v1/car_data params={'session_key': 9515, 'driver_number': 11, 'date>': '2024-05-19T13:43:14.021000+00:00', 'date<': '2024-05-19T13:44:37.264000+00:00'}
2025-12-15 11:22:42 [DEBUG] __main__ - [compute_lap_features_for_driver] driver=11 lap=30, car_data rows=322
2025-12-15 11:22:42 [INFO] __main__ - [compute_lap_features_for_driver] driver=11 lap=31 KEEP, status=GREEN, duration=83.7s
2025-12-15 11:22:42 [DEBUG] __main__ - [get_openf1] GET https://api.openf1.org/v1/car_data params={'session_key': 9515, 'driver_number': 11, 'date>': '2024-05-19T13:44:37.264000+00:00', 'date<': '2024-05-19T13:46:00.999000+00:00'}
2025-12-15 11:22:42 [DEBUG] __main__ - [compute_lap_features_for_driver] driver=11 lap=31, car_data rows=316
2025-12-15 11:22:42 [INFO] __main__ - [compute_lap_features_for_driver] driver=11 lap=32 KEEP, status=GREEN, duration=82.2s
2025-12-15 11:22:42 [DEBUG] __main__ - [get_openf1] GET https://api.openf1.org/v1/car_data params={'session_key': 9515, 'driver_number': 11, 'date>': '2024-05-19T13:46:00.999000+00:00', 'date<': '2024-05-19T13:47:23.214000+00:00'}
2025-12-15 11:22:43 [DEBUG] __main__ - [compute_lap_features_for_driver] driver=11 lap=32, car_data rows=307
2025-12-15 11:22:43 [INFO] __main__ - [compute_lap_features_for_driver] driver=11 lap=33 KEEP, status=GREEN, duration=82.3s
2025-12-15 11:22:43 [DEBUG] __main__ - [get_openf1] GET https://api.openf1.org/v1/car_data params={'session_key': 9515, 'driver_number': 11, 'date>': '2024-05-19T13:47:23.214000+00:00', 'date<': '2024-05-19T13:48:45.480000+00:00'}
2025-12-15 11:22:43 [DEBUG] __main__ - [compute_lap_features_for_driver] driver=11 lap=33, car_data rows=315
2025-12-15 11:22:43 [INFO] __main__ - [compute_lap_features_for_driver] driver=11 lap=34 KEEP, status=GREEN, duration=82.5s
2025-12-15 11:22:43 [DEBUG] __main__ - [get_openf1] GET https://api.openf1.org/v1/car_data params={'session_key': 9515, 'driver_number': 11, 'date>': '2024-05-19T13:48:45.480000+00:00', 'date<': '2024-05-19T13:50:07.978000+00:00'}
2025-12-15 11:22:44 [DEBUG] __main__ - [compute_lap_features_for_driver] driver=11 lap=34, car_data rows=311
2025-12-15 11:22:44 [INFO] __main__ - [compute_lap_features_for_driver] driver=11 lap=35 KEEP, status=GREEN, duration=82.4s
2025-12-15 11:22:44 [DEBUG] __main__ - [get_openf1] GET https://api.openf1.org/v1/car_data params={'session_key': 9515, 'driver_number': 11, 'date>': '2024-05-19T13:50:07.978000+00:00', 'date<': '2024-05-19T13:51:30.409000+00:00'}
2025-12-15 11:22:44 [DEBUG] __main__ - [compute_lap_features_for_driver] driver=11 lap=35, car_data rows=314
2025-12-15 11:22:44 [INFO] __main__ - [compute_lap_features_for_driver] driver=11 lap=36 KEEP, status=GREEN, duration=83.1s
2025-12-15 11:22:44 [DEBUG] __main__ - [get_openf1] GET https://api.openf1.org/v1/car_data params={'session_key': 9515, 'driver_number': 11, 'date>': '2024-05-19T13:51:30.409000+00:00', 'date<': '2024-05-19T13:52:53.530000+00:00'}
2025-12-15 11:22:45 [DEBUG] __main__ - [compute_lap_features_for_driver] driver=11 lap=36, car_data rows=321
2025-12-15 11:22:45 [INFO] __main__ - [compute_lap_features_for_driver] driver=11 lap=37 KEEP, status=GREEN, duration=87.9s
2025-12-15 11:22:45 [DEBUG] __main__ - [get_openf1] GET https://api.openf1.org/v1/car_data params={'session_key': 9515, 'driver_number': 11, 'date>': '2024-05-19T13:52:53.530000+00:00', 'date<': '2024-05-19T13:54:21.477000+00:00'}
2025-12-15 11:22:46 [DEBUG] __main__ - [compute_lap_features_for_driver] driver=11 lap=37, car_data rows=338
2025-12-15 11:22:46 [INFO] __main__ - [compute_lap_features_for_driver] driver=11 lap=38 KEEP, status=GREEN, duration=103.3s
2025-12-15 11:22:46 [DEBUG] __main__ - [get_openf1] GET https://api.openf1.org/v1/car_data params={'session_key': 9515, 'driver_number': 11, 'date>': '2024-05-19T13:54:21.477000+00:00', 'date<': '2024-05-19T13:56:04.813000+00:00'}
2025-12-15 11:22:47 [DEBUG] __main__ - [compute_lap_features_for_driver] driver=11 lap=38, car_data rows=390
2025-12-15 11:22:47 [INFO] __main__ - [compute_lap_features_for_driver] driver=11 lap=39 KEEP, status=GREEN, duration=80.7s
2025-12-15 11:22:47 [DEBUG] __main__ - [get_openf1] GET https://api.openf1.org/v1/car_data params={'session_key': 9515, 'driver_number': 11, 'date>': '2024-05-19T13:56:04.813000+00:00', 'date<': '2024-05-19T13:57:25.553000+00:00'}
2025-12-15 11:22:47 [DEBUG] __main__ - [compute_lap_features_for_driver] driver=11 lap=39, car_data rows=309
2025-12-15 11:22:47 [INFO] __main__ - [compute_lap_features_for_driver] driver=11 lap=40 KEEP, status=GREEN, duration=80.2s
2025-12-15 11:22:47 [DEBUG] __main__ - [get_openf1] GET https://api.openf1.org/v1/car_data params={'session_key': 9515, 'driver_number': 11, 'date>': '2024-05-19T13:57:25.553000+00:00', 'date<': '2024-05-19T13:58:45.780000+00:00'}
2025-12-15 11:22:48 [DEBUG] __main__ - [compute_lap_features_for_driver] driver=11 lap=40, car_data rows=309
2025-12-15 11:22:48 [INFO] __main__ - [compute_lap_features_for_driver] driver=11 lap=41 KEEP, status=GREEN, duration=82.1s
2025-12-15 11:22:48 [DEBUG] __main__ - [get_openf1] GET https://api.openf1.org/v1/car_data params={'session_key': 9515, 'driver_number': 11, 'date>': '2024-05-19T13:58:45.780000+00:00', 'date<': '2024-05-19T14:00:07.879000+00:00'}
2025-12-15 11:22:48 [DEBUG] __main__ - [compute_lap_features_for_driver] driver=11 lap=41, car_data rows=311
2025-12-15 11:22:48 [INFO] __main__ - [compute_lap_features_for_driver] driver=11 lap=42 KEEP, status=GREEN, duration=79.8s
2025-12-15 11:22:48 [DEBUG] __main__ - [get_openf1] GET https://api.openf1.org/v1/car_data params={'session_key': 9515, 'driver_number': 11, 'date>': '2024-05-19T14:00:07.879000+00:00', 'date<': '2024-05-19T14:01:27.640000+00:00'}
2025-12-15 11:22:49 [DEBUG] __main__ - [compute_lap_features_for_driver] driver=11 lap=42, car_data rows=309
2025-12-15 11:22:49 [INFO] __main__ - [compute_lap_features_for_driver] driver=11 lap=43 KEEP, status=GREEN, duration=80.4s
2025-12-15 11:22:49 [DEBUG] __main__ - [get_openf1] GET https://api.openf1.org/v1/car_data params={'session_key': 9515, 'driver_number': 11, 'date>': '2024-05-19T14:01:27.640000+00:00', 'date<': '2024-05-19T14:02:48.004000+00:00'}
2025-12-15 11:22:50 [DEBUG] __main__ - [compute_lap_features_for_driver] driver=11 lap=43, car_data rows=307
2025-12-15 11:22:50 [INFO] __main__ - [compute_lap_features_for_driver] driver=11 lap=44 KEEP, status=GREEN, duration=80.5s
2025-12-15 11:22:50 [DEBUG] __main__ - [get_openf1] GET https://api.openf1.org/v1/car_data params={'session_key': 9515, 'driver_number': 11, 'date>': '2024-05-19T14:02:48.004000+00:00', 'date<': '2024-05-19T14:04:08.530000+00:00'}
2025-12-15 11:22:50 [DEBUG] __main__ - [compute_lap_features_for_driver] driver=11 lap=44, car_data rows=301
2025-12-15 11:22:50 [INFO] __main__ - [compute_lap_features_for_driver] driver=11 lap=45 KEEP, status=GREEN, duration=80.6s
2025-12-15 11:22:50 [DEBUG] __main__ - [get_openf1] GET https://api.openf1.org/v1/car_data params={'session_key': 9515, 'driver_number': 11, 'date>': '2024-05-19T14:04:08.530000+00:00', 'date<': '2024-05-19T14:05:29.103000+00:00'}
2025-12-15 11:22:51 [DEBUG] __main__ - [compute_lap_features_for_driver] driver=11 lap=45, car_data rows=306
2025-12-15 11:22:51 [INFO] __main__ - [compute_lap_features_for_driver] driver=11 lap=46 KEEP, status=GREEN, duration=80.8s
2025-12-15 11:22:51 [DEBUG] __main__ - [get_openf1] GET https://api.openf1.org/v1/car_data params={'session_key': 9515, 'driver_number': 11, 'date>': '2024-05-19T14:05:29.103000+00:00', 'date<': '2024-05-19T14:06:49.855000+00:00'}
2025-12-15 11:22:52 [DEBUG] __main__ - [compute_lap_features_for_driver] driver=11 lap=46, car_data rows=309
2025-12-15 11:22:52 [INFO] __main__ - [compute_lap_features_for_driver] driver=11 lap=47 KEEP, status=GREEN, duration=80.5s
2025-12-15 11:22:52 [DEBUG] __main__ - [get_openf1] GET https://api.openf1.org/v1/car_data params={'session_key': 9515, 'driver_number': 11, 'date>': '2024-05-19T14:06:49.855000+00:00', 'date<': '2024-05-19T14:08:10.383000+00:00'}
2025-12-15 11:22:54 [DEBUG] __main__ - [compute_lap_features_for_driver] driver=11 lap=47, car_data rows=311
2025-12-15 11:22:54 [INFO] __main__ - [compute_lap_features_for_driver] driver=11 lap=48 KEEP, status=GREEN, duration=80.2s
2025-12-15 11:22:54 [DEBUG] __main__ - [get_openf1] GET https://api.openf1.org/v1/car_data params={'session_key': 9515, 'driver_number': 11, 'date>': '2024-05-19T14:08:10.383000+00:00', 'date<': '2024-05-19T14:09:30.572000+00:00'}
2025-12-15 11:22:54 [DEBUG] __main__ - [compute_lap_features_for_driver] driver=11 lap=48, car_data rows=302
2025-12-15 11:22:54 [INFO] __main__ - [compute_lap_features_for_driver] driver=11 lap=49 KEEP, status=GREEN, duration=80.0s
2025-12-15 11:22:54 [DEBUG] __main__ - [get_openf1] GET https://api.openf1.org/v1/car_data params={'session_key': 9515, 'driver_number': 11, 'date>': '2024-05-19T14:09:30.572000+00:00', 'date<': '2024-05-19T14:10:50.537000+00:00'}
2025-12-15 11:22:55 [DEBUG] __main__ - [compute_lap_features_for_driver] driver=11 lap=49, car_data rows=308
2025-12-15 11:22:55 [INFO] __main__ - [compute_lap_features_for_driver] driver=11 lap=50 KEEP, status=GREEN, duration=79.9s
2025-12-15 11:22:55 [DEBUG] __main__ - [get_openf1] GET https://api.openf1.org/v1/car_data params={'session_key': 9515, 'driver_number': 11, 'date>': '2024-05-19T14:10:50.537000+00:00', 'date<': '2024-05-19T14:12:10.455000+00:00'}
2025-12-15 11:22:55 [DEBUG] __main__ - [compute_lap_features_for_driver] driver=11 lap=50, car_data rows=299
2025-12-15 11:22:55 [INFO] __main__ - [compute_lap_features_for_driver] driver=11 lap=51 KEEP, status=GREEN, duration=81.1s
2025-12-15 11:22:55 [DEBUG] __main__ - [get_openf1] GET https://api.openf1.org/v1/car_data params={'session_key': 9515, 'driver_number': 11, 'date>': '2024-05-19T14:12:10.455000+00:00', 'date<': '2024-05-19T14:13:31.582000+00:00'}
2025-12-15 11:22:56 [DEBUG] __main__ - [compute_lap_features_for_driver] driver=11 lap=51, car_data rows=305
2025-12-15 11:22:56 [INFO] __main__ - [compute_lap_features_for_driver] driver=11 lap=52 KEEP, status=GREEN, duration=79.9s
2025-12-15 11:22:56 [DEBUG] __main__ - [get_openf1] GET https://api.openf1.org/v1/car_data params={'session_key': 9515, 'driver_number': 11, 'date>': '2024-05-19T14:13:31.582000+00:00', 'date<': '2024-05-19T14:14:51.440000+00:00'}
2025-12-15 11:22:57 [DEBUG] __main__ - [compute_lap_features_for_driver] driver=11 lap=52, car_data rows=304
2025-12-15 11:22:57 [INFO] __main__ - [compute_lap_features_for_driver] driver=11 lap=53 KEEP, status=GREEN, duration=81.0s
2025-12-15 11:22:57 [DEBUG] __main__ - [get_openf1] GET https://api.openf1.org/v1/car_data params={'session_key': 9515, 'driver_number': 11, 'date>': '2024-05-19T14:14:51.440000+00:00', 'date<': '2024-05-19T14:16:12.403000+00:00'}
2025-12-15 11:22:57 [DEBUG] __main__ - [compute_lap_features_for_driver] driver=11 lap=53, car_data rows=315
2025-12-15 11:22:57 [INFO] __main__ - [compute_lap_features_for_driver] driver=11 lap=54 KEEP, status=GREEN, duration=80.3s
2025-12-15 11:22:57 [DEBUG] __main__ - [get_openf1] GET https://api.openf1.org/v1/car_data params={'session_key': 9515, 'driver_number': 11, 'date>': '2024-05-19T14:16:12.403000+00:00', 'date<': '2024-05-19T14:17:32.741000+00:00'}
2025-12-15 11:22:58 [DEBUG] __main__ - [compute_lap_features_for_driver] driver=11 lap=54, car_data rows=313
2025-12-15 11:22:58 [INFO] __main__ - [compute_lap_features_for_driver] driver=11 lap=55 KEEP, status=GREEN, duration=80.5s
2025-12-15 11:22:58 [DEBUG] __main__ - [get_openf1] GET https://api.openf1.org/v1/car_data params={'session_key': 9515, 'driver_number': 11, 'date>': '2024-05-19T14:17:32.741000+00:00', 'date<': '2024-05-19T14:18:53.204000+00:00'}
2025-12-15 11:22:59 [DEBUG] __main__ - [compute_lap_features_for_driver] driver=11 lap=55, car_data rows=314
2025-12-15 11:22:59 [INFO] __main__ - [compute_lap_features_for_driver] driver=11 lap=56 KEEP, status=GREEN, duration=80.4s
2025-12-15 11:22:59 [DEBUG] __main__ - [get_openf1] GET https://api.openf1.org/v1/car_data params={'session_key': 9515, 'driver_number': 11, 'date>': '2024-05-19T14:18:53.204000+00:00', 'date<': '2024-05-19T14:20:13.586000+00:00'}
2025-12-15 11:22:59 [DEBUG] __main__ - [compute_lap_features_for_driver] driver=11 lap=56, car_data rows=303
2025-12-15 11:22:59 [INFO] __main__ - [compute_lap_features_for_driver] driver=11 lap=57 KEEP, status=GREEN, duration=80.2s
2025-12-15 11:22:59 [DEBUG] __main__ - [get_openf1] GET https://api.openf1.org/v1/car_data params={'session_key': 9515, 'driver_number': 11, 'date>': '2024-05-19T14:20:13.586000+00:00', 'date<': '2024-05-19T14:21:33.834000+00:00'}
2025-12-15 11:23:00 [DEBUG] __main__ - [compute_lap_features_for_driver] driver=11 lap=57, car_data rows=300
2025-12-15 11:23:00 [INFO] __main__ - [compute_lap_features_for_driver] driver=11 lap=58 KEEP, status=GREEN, duration=80.1s
2025-12-15 11:23:00 [DEBUG] __main__ - [get_openf1] GET https://api.openf1.org/v1/car_data params={'session_key': 9515, 'driver_number': 11, 'date>': '2024-05-19T14:21:33.834000+00:00', 'date<': '2024-05-19T14:22:53.973000+00:00'}
2025-12-15 11:23:00 [DEBUG] __main__ - [compute_lap_features_for_driver] driver=11 lap=58, car_data rows=303
2025-12-15 11:23:00 [INFO] __main__ - [compute_lap_features_for_driver] driver=11 lap=59 KEEP, status=GREEN, duration=80.1s
2025-12-15 11:23:00 [DEBUG] __main__ - [get_openf1] GET https://api.openf1.org/v1/car_data params={'session_key': 9515, 'driver_number': 11, 'date>': '2024-05-19T14:22:53.973000+00:00', 'date<': '2024-05-19T14:24:14.116000+00:00'}
2025-12-15 11:23:01 [DEBUG] __main__ - [compute_lap_features_for_driver] driver=11 lap=59, car_data rows=294
2025-12-15 11:23:01 [INFO] __main__ - [compute_lap_features_for_driver] driver=11 lap=60 KEEP, status=GREEN, duration=80.4s
2025-12-15 11:23:01 [DEBUG] __main__ - [get_openf1] GET https://api.openf1.org/v1/car_data params={'session_key': 9515, 'driver_number': 11, 'date>': '2024-05-19T14:24:14.116000+00:00', 'date<': '2024-05-19T14:25:34.526000+00:00'}
2025-12-15 11:23:01 [DEBUG] __main__ - [compute_lap_features_for_driver] driver=11 lap=60, car_data rows=307
2025-12-15 11:23:01 [INFO] __main__ - [compute_lap_features_for_driver] driver=11 lap=61 KEEP, status=GREEN, duration=80.9s
2025-12-15 11:23:01 [DEBUG] __main__ - [get_openf1] GET https://api.openf1.org/v1/car_data params={'session_key': 9515, 'driver_number': 11, 'date>': '2024-05-19T14:25:34.526000+00:00', 'date<': '2024-05-19T14:26:55.472000+00:00'}
2025-12-15 11:23:02 [DEBUG] __main__ - [compute_lap_features_for_driver] driver=11 lap=61, car_data rows=307
2025-12-15 11:23:02 [INFO] __main__ - [compute_lap_features_for_driver] driver=11 lap=62 KEEP, status=GREEN, duration=80.6s
2025-12-15 11:23:02 [DEBUG] __main__ - [get_openf1] GET https://api.openf1.org/v1/car_data params={'session_key': 9515, 'driver_number': 11, 'date>': '2024-05-19T14:26:55.472000+00:00', 'date<': '2024-05-19T14:28:16.089000+00:00'}
2025-12-15 11:23:02 [DEBUG] __main__ - [compute_lap_features_for_driver] driver=11 lap=62, car_data rows=306
2025-12-15 11:23:02 [INFO] __main__ - [compute_lap_features_for_driver] driver=11 lap=63 DROP (CHEQUERED_FLAG_LAP), status=RED_FLAG;CHEQUERED, duration=nans
2025-12-15 11:23:02 [INFO] __main__ - [compute_lap_features_for_driver] driver=11, feature laps=[2, 3, 4, 5, 6, 7, 8, 9, 10, 11, 12, 13, 14, 15, 16, 17, 18, 19, 20, 21, 22, 23, 24, 25, 26, 27, 28, 29, 30, 31, 32, 33, 34, 35, 36, 37, 38, 39, 40, 41, 42, 43, 44, 45, 46, 47, 48, 49, 50, 51, 52, 53, 54, 55, 56, 57, 58, 59, 60, 61, 62]
2025-12-15 11:23:02 [INFO] __main__ - [build_driver_style_embedding_json] compute features for driver=14
2025-12-15 11:23:02 [DEBUG] __main__ - [get_openf1] GET https://api.openf1.org/v1/laps params={'session_key': 9515, 'driver_number': 14}
2025-12-15 11:23:03 [DEBUG] __main__ - [get_openf1] GET https://api.openf1.org/v1/sessions params={'session_key': 9515}
2025-12-15 11:23:04 [INFO] __main__ - [fetch_session_start] session_key=9515, date_start=2024-05-19 13:00:00+00:00
2025-12-15 11:23:04 [INFO] __main__ - [fetch_race_start_time] use first GREEN as race_start: 2024-05-19 12:20:00+00:00
2025-12-15 11:23:04 [INFO] __main__ - [fetch_laps] fill lap 1 date_start with race_start=2024-05-19 12:20:00+00:00
2025-12-15 11:23:04 [INFO] __main__ - [fetch_laps] driver=14, laps: min=1, max=62, count=62
2025-12-15 11:23:04 [DEBUG] __main__ - [fetch_laps] head:
   meeting_key  session_key  ...  st_speed  lap_duration_s
0         1235         9515  ...       278        2690.684
1         1235         9515  ...       285          84.112
2         1235         9515  ...       277          82.980
3         1235         9515  ...       274          83.137
4         1235         9515  ...       280          82.704

[5 rows x 17 columns]
2025-12-15 11:23:04 [DEBUG] __main__ - [build_lap_status_mapping] status_by_lap={1: 'YELLOW', 2: 'GREEN', 3: 'GREEN', 4: 'GREEN', 5: 'GREEN', 6: 'GREEN', 7: 'GREEN', 8: 'GREEN', 9: 'GREEN', 10: 'GREEN', 11: 'GREEN', 12: 'GREEN', 13: 'GREEN', 14: 'GREEN', 15: 'GREEN', 16: 'GREEN', 17: 'GREEN', 18: 'GREEN', 19: 'GREEN', 20: 'GREEN', 21: 'GREEN', 22: 'GREEN', 23: 'GREEN', 24: 'GREEN', 25: 'GREEN', 26: 'GREEN', 27: 'GREEN', 28: 'GREEN', 29: 'GREEN', 30: 'GREEN', 31: 'GREEN', 32: 'GREEN', 33: 'GREEN', 34: 'GREEN', 35: 'GREEN', 36: 'GREEN', 37: 'GREEN', 38: 'GREEN', 39: 'GREEN', 40: 'GREEN', 41: 'GREEN', 42: 'GREEN', 43: 'GREEN', 44: 'GREEN', 45: 'GREEN', 46: 'GREEN', 47: 'GREEN', 48: 'GREEN', 49: 'GREEN', 50: 'GREEN', 51: 'GREEN', 52: 'GREEN', 53: 'GREEN', 54: 'GREEN', 55: 'GREEN', 56: 'GREEN', 57: 'GREEN', 58: 'GREEN', 59: 'GREEN', 60: 'GREEN', 61: 'GREEN', 62: 'RED_FLAG;CHEQUERED'}
2025-12-15 11:23:04 [INFO] __main__ - [compute_lap_features_for_driver] driver=14, typical_duration_s=82.7305
2025-12-15 11:23:04 [INFO] __main__ - [compute_lap_features_for_driver] driver=14 lap=1 DROP (YELLOW_FLAG_LAP), status=YELLOW, duration=2690.7s
2025-12-15 11:23:04 [INFO] __main__ - [compute_lap_features_for_driver] driver=14 lap=2 KEEP, status=GREEN, duration=84.1s
2025-12-15 11:23:04 [DEBUG] __main__ - [get_openf1] GET https://api.openf1.org/v1/car_data params={'session_key': 9515, 'driver_number': 14, 'date>': '2024-05-19T13:04:50.684000+00:00', 'date<': '2024-05-19T13:06:14.796000+00:00'}
2025-12-15 11:23:04 [DEBUG] __main__ - [compute_lap_features_for_driver] driver=14 lap=2, car_data rows=331
2025-12-15 11:23:04 [INFO] __main__ - [compute_lap_features_for_driver] driver=14 lap=3 KEEP, status=GREEN, duration=83.0s
2025-12-15 11:23:04 [DEBUG] __main__ - [get_openf1] GET https://api.openf1.org/v1/car_data params={'session_key': 9515, 'driver_number': 14, 'date>': '2024-05-19T13:06:14.796000+00:00', 'date<': '2024-05-19T13:07:37.776000+00:00'}
2025-12-15 11:23:05 [DEBUG] __main__ - [compute_lap_features_for_driver] driver=14 lap=3, car_data rows=314
2025-12-15 11:23:05 [INFO] __main__ - [compute_lap_features_for_driver] driver=14 lap=4 KEEP, status=GREEN, duration=83.1s
2025-12-15 11:23:05 [DEBUG] __main__ - [get_openf1] GET https://api.openf1.org/v1/car_data params={'session_key': 9515, 'driver_number': 14, 'date>': '2024-05-19T13:07:37.776000+00:00', 'date<': '2024-05-19T13:09:00.913000+00:00'}
2025-12-15 11:23:06 [DEBUG] __main__ - [compute_lap_features_for_driver] driver=14 lap=4, car_data rows=313
2025-12-15 11:23:06 [INFO] __main__ - [compute_lap_features_for_driver] driver=14 lap=5 KEEP, status=GREEN, duration=82.7s
2025-12-15 11:23:06 [DEBUG] __main__ - [get_openf1] GET https://api.openf1.org/v1/car_data params={'session_key': 9515, 'driver_number': 14, 'date>': '2024-05-19T13:09:00.913000+00:00', 'date<': '2024-05-19T13:10:23.617000+00:00'}
2025-12-15 11:23:08 [DEBUG] __main__ - [compute_lap_features_for_driver] driver=14 lap=5, car_data rows=324
2025-12-15 11:23:08 [INFO] __main__ - [compute_lap_features_for_driver] driver=14 lap=6 KEEP, status=GREEN, duration=82.7s
2025-12-15 11:23:08 [DEBUG] __main__ - [get_openf1] GET https://api.openf1.org/v1/car_data params={'session_key': 9515, 'driver_number': 14, 'date>': '2024-05-19T13:10:23.617000+00:00', 'date<': '2024-05-19T13:11:46.344000+00:00'}
2025-12-15 11:23:08 [DEBUG] __main__ - [compute_lap_features_for_driver] driver=14 lap=6, car_data rows=317
2025-12-15 11:23:08 [INFO] __main__ - [compute_lap_features_for_driver] driver=14 lap=7 KEEP, status=GREEN, duration=87.4s
2025-12-15 11:23:08 [DEBUG] __main__ - [get_openf1] GET https://api.openf1.org/v1/car_data params={'session_key': 9515, 'driver_number': 14, 'date>': '2024-05-19T13:11:46.344000+00:00', 'date<': '2024-05-19T13:13:13.735000+00:00'}
2025-12-15 11:23:09 [DEBUG] __main__ - [compute_lap_features_for_driver] driver=14 lap=7, car_data rows=339
2025-12-15 11:23:09 [INFO] __main__ - [compute_lap_features_for_driver] driver=14 lap=8 KEEP, status=GREEN, duration=106.0s
2025-12-15 11:23:09 [DEBUG] __main__ - [get_openf1] GET https://api.openf1.org/v1/car_data params={'session_key': 9515, 'driver_number': 14, 'date>': '2024-05-19T13:13:13.735000+00:00', 'date<': '2024-05-19T13:14:59.761000+00:00'}
2025-12-15 11:23:10 [DEBUG] __main__ - [compute_lap_features_for_driver] driver=14 lap=8, car_data rows=401
2025-12-15 11:23:10 [INFO] __main__ - [compute_lap_features_for_driver] driver=14 lap=9 KEEP, status=GREEN, duration=81.6s
2025-12-15 11:23:10 [DEBUG] __main__ - [get_openf1] GET https://api.openf1.org/v1/car_data params={'session_key': 9515, 'driver_number': 14, 'date>': '2024-05-19T13:14:59.761000+00:00', 'date<': '2024-05-19T13:16:21.376000+00:00'}
2025-12-15 11:23:11 [DEBUG] __main__ - [compute_lap_features_for_driver] driver=14 lap=9, car_data rows=308
2025-12-15 11:23:11 [INFO] __main__ - [compute_lap_features_for_driver] driver=14 lap=10 KEEP, status=GREEN, duration=81.6s
2025-12-15 11:23:11 [DEBUG] __main__ - [get_openf1] GET https://api.openf1.org/v1/car_data params={'session_key': 9515, 'driver_number': 14, 'date>': '2024-05-19T13:16:21.376000+00:00', 'date<': '2024-05-19T13:17:42.977000+00:00'}
2025-12-15 11:23:12 [DEBUG] __main__ - [compute_lap_features_for_driver] driver=14 lap=10, car_data rows=307
2025-12-15 11:23:12 [INFO] __main__ - [compute_lap_features_for_driver] driver=14 lap=11 KEEP, status=GREEN, duration=81.6s
2025-12-15 11:23:12 [DEBUG] __main__ - [get_openf1] GET https://api.openf1.org/v1/car_data params={'session_key': 9515, 'driver_number': 14, 'date>': '2024-05-19T13:17:42.977000+00:00', 'date<': '2024-05-19T13:19:04.591000+00:00'}
2025-12-15 11:23:12 [DEBUG] __main__ - [compute_lap_features_for_driver] driver=14 lap=11, car_data rows=307
2025-12-15 11:23:12 [INFO] __main__ - [compute_lap_features_for_driver] driver=14 lap=12 KEEP, status=GREEN, duration=81.8s
2025-12-15 11:23:12 [DEBUG] __main__ - [get_openf1] GET https://api.openf1.org/v1/car_data params={'session_key': 9515, 'driver_number': 14, 'date>': '2024-05-19T13:19:04.591000+00:00', 'date<': '2024-05-19T13:20:26.393000+00:00'}
2025-12-15 11:23:13 [DEBUG] __main__ - [compute_lap_features_for_driver] driver=14 lap=12, car_data rows=311
2025-12-15 11:23:13 [INFO] __main__ - [compute_lap_features_for_driver] driver=14 lap=13 KEEP, status=GREEN, duration=81.6s
2025-12-15 11:23:13 [DEBUG] __main__ - [get_openf1] GET https://api.openf1.org/v1/car_data params={'session_key': 9515, 'driver_number': 14, 'date>': '2024-05-19T13:20:26.393000+00:00', 'date<': '2024-05-19T13:21:47.977000+00:00'}
2025-12-15 11:23:14 [DEBUG] __main__ - [compute_lap_features_for_driver] driver=14 lap=13, car_data rows=314
2025-12-15 11:23:14 [INFO] __main__ - [compute_lap_features_for_driver] driver=14 lap=14 KEEP, status=GREEN, duration=81.7s
2025-12-15 11:23:14 [DEBUG] __main__ - [get_openf1] GET https://api.openf1.org/v1/car_data params={'session_key': 9515, 'driver_number': 14, 'date>': '2024-05-19T13:21:47.977000+00:00', 'date<': '2024-05-19T13:23:09.689000+00:00'}
2025-12-15 11:23:14 [DEBUG] __main__ - [compute_lap_features_for_driver] driver=14 lap=14, car_data rows=312
2025-12-15 11:23:14 [INFO] __main__ - [compute_lap_features_for_driver] driver=14 lap=15 KEEP, status=GREEN, duration=81.9s
2025-12-15 11:23:14 [DEBUG] __main__ - [get_openf1] GET https://api.openf1.org/v1/car_data params={'session_key': 9515, 'driver_number': 14, 'date>': '2024-05-19T13:23:09.689000+00:00', 'date<': '2024-05-19T13:24:31.610000+00:00'}
2025-12-15 11:23:15 [DEBUG] __main__ - [compute_lap_features_for_driver] driver=14 lap=15, car_data rows=295
2025-12-15 11:23:15 [INFO] __main__ - [compute_lap_features_for_driver] driver=14 lap=16 KEEP, status=GREEN, duration=81.9s
2025-12-15 11:23:15 [DEBUG] __main__ - [get_openf1] GET https://api.openf1.org/v1/car_data params={'session_key': 9515, 'driver_number': 14, 'date>': '2024-05-19T13:24:31.610000+00:00', 'date<': '2024-05-19T13:25:53.465000+00:00'}
2025-12-15 11:23:16 [DEBUG] __main__ - [compute_lap_features_for_driver] driver=14 lap=16, car_data rows=312
2025-12-15 11:23:16 [INFO] __main__ - [compute_lap_features_for_driver] driver=14 lap=17 KEEP, status=GREEN, duration=82.7s
2025-12-15 11:23:16 [DEBUG] __main__ - [get_openf1] GET https://api.openf1.org/v1/car_data params={'session_key': 9515, 'driver_number': 14, 'date>': '2024-05-19T13:25:53.465000+00:00', 'date<': '2024-05-19T13:27:16.126000+00:00'}
2025-12-15 11:23:16 [DEBUG] __main__ - [compute_lap_features_for_driver] driver=14 lap=17, car_data rows=314
2025-12-15 11:23:16 [INFO] __main__ - [compute_lap_features_for_driver] driver=14 lap=18 KEEP, status=GREEN, duration=82.4s
2025-12-15 11:23:16 [DEBUG] __main__ - [get_openf1] GET https://api.openf1.org/v1/car_data params={'session_key': 9515, 'driver_number': 14, 'date>': '2024-05-19T13:27:16.126000+00:00', 'date<': '2024-05-19T13:28:38.482000+00:00'}
2025-12-15 11:23:17 [DEBUG] __main__ - [compute_lap_features_for_driver] driver=14 lap=18, car_data rows=323
2025-12-15 11:23:17 [INFO] __main__ - [compute_lap_features_for_driver] driver=14 lap=19 KEEP, status=GREEN, duration=82.7s
2025-12-15 11:23:17 [DEBUG] __main__ - [get_openf1] GET https://api.openf1.org/v1/car_data params={'session_key': 9515, 'driver_number': 14, 'date>': '2024-05-19T13:28:38.482000+00:00', 'date<': '2024-05-19T13:30:01.216000+00:00'}
2025-12-15 11:23:18 [DEBUG] __main__ - [compute_lap_features_for_driver] driver=14 lap=19, car_data rows=301
2025-12-15 11:23:18 [INFO] __main__ - [compute_lap_features_for_driver] driver=14 lap=20 KEEP, status=GREEN, duration=82.9s
2025-12-15 11:23:18 [DEBUG] __main__ - [get_openf1] GET https://api.openf1.org/v1/car_data params={'session_key': 9515, 'driver_number': 14, 'date>': '2024-05-19T13:30:01.216000+00:00', 'date<': '2024-05-19T13:31:24.095000+00:00'}
2025-12-15 11:23:18 [DEBUG] __main__ - [compute_lap_features_for_driver] driver=14 lap=20, car_data rows=319
2025-12-15 11:23:18 [INFO] __main__ - [compute_lap_features_for_driver] driver=14 lap=21 KEEP, status=GREEN, duration=84.4s
2025-12-15 11:23:18 [DEBUG] __main__ - [get_openf1] GET https://api.openf1.org/v1/car_data params={'session_key': 9515, 'driver_number': 14, 'date>': '2024-05-19T13:31:24.095000+00:00', 'date<': '2024-05-19T13:32:48.490000+00:00'}
2025-12-15 11:23:19 [DEBUG] __main__ - [compute_lap_features_for_driver] driver=14 lap=21, car_data rows=320
2025-12-15 11:23:19 [INFO] __main__ - [compute_lap_features_for_driver] driver=14 lap=22 KEEP, status=GREEN, duration=83.3s
2025-12-15 11:23:19 [DEBUG] __main__ - [get_openf1] GET https://api.openf1.org/v1/car_data params={'session_key': 9515, 'driver_number': 14, 'date>': '2024-05-19T13:32:48.490000+00:00', 'date<': '2024-05-19T13:34:11.757000+00:00'}
2025-12-15 11:23:20 [DEBUG] __main__ - [compute_lap_features_for_driver] driver=14 lap=22, car_data rows=314
2025-12-15 11:23:20 [INFO] __main__ - [compute_lap_features_for_driver] driver=14 lap=23 KEEP, status=GREEN, duration=83.1s
2025-12-15 11:23:20 [DEBUG] __main__ - [get_openf1] GET https://api.openf1.org/v1/car_data params={'session_key': 9515, 'driver_number': 14, 'date>': '2024-05-19T13:34:11.757000+00:00', 'date<': '2024-05-19T13:35:34.855000+00:00'}
2025-12-15 11:23:20 [DEBUG] __main__ - [compute_lap_features_for_driver] driver=14 lap=23, car_data rows=306
2025-12-15 11:23:20 [INFO] __main__ - [compute_lap_features_for_driver] driver=14 lap=24 KEEP, status=GREEN, duration=82.9s
2025-12-15 11:23:20 [DEBUG] __main__ - [get_openf1] GET https://api.openf1.org/v1/car_data params={'session_key': 9515, 'driver_number': 14, 'date>': '2024-05-19T13:35:34.855000+00:00', 'date<': '2024-05-19T13:36:57.766000+00:00'}
2025-12-15 11:23:21 [DEBUG] __main__ - [compute_lap_features_for_driver] driver=14 lap=24, car_data rows=306
2025-12-15 11:23:21 [INFO] __main__ - [compute_lap_features_for_driver] driver=14 lap=25 KEEP, status=GREEN, duration=82.9s
2025-12-15 11:23:21 [DEBUG] __main__ - [get_openf1] GET https://api.openf1.org/v1/car_data params={'session_key': 9515, 'driver_number': 14, 'date>': '2024-05-19T13:36:57.766000+00:00', 'date<': '2024-05-19T13:38:20.674000+00:00'}
2025-12-15 11:23:21 [DEBUG] __main__ - [compute_lap_features_for_driver] driver=14 lap=25, car_data rows=323
2025-12-15 11:23:21 [INFO] __main__ - [compute_lap_features_for_driver] driver=14 lap=26 KEEP, status=GREEN, duration=82.8s
2025-12-15 11:23:21 [DEBUG] __main__ - [get_openf1] GET https://api.openf1.org/v1/car_data params={'session_key': 9515, 'driver_number': 14, 'date>': '2024-05-19T13:38:20.674000+00:00', 'date<': '2024-05-19T13:39:43.516000+00:00'}
2025-12-15 11:23:22 [DEBUG] __main__ - [compute_lap_features_for_driver] driver=14 lap=26, car_data rows=318
2025-12-15 11:23:22 [INFO] __main__ - [compute_lap_features_for_driver] driver=14 lap=27 KEEP, status=GREEN, duration=82.8s
2025-12-15 11:23:22 [DEBUG] __main__ - [get_openf1] GET https://api.openf1.org/v1/car_data params={'session_key': 9515, 'driver_number': 14, 'date>': '2024-05-19T13:39:43.516000+00:00', 'date<': '2024-05-19T13:41:06.336000+00:00'}
2025-12-15 11:23:23 [DEBUG] __main__ - [compute_lap_features_for_driver] driver=14 lap=27, car_data rows=316
2025-12-15 11:23:23 [INFO] __main__ - [compute_lap_features_for_driver] driver=14 lap=28 KEEP, status=GREEN, duration=82.9s
2025-12-15 11:23:23 [DEBUG] __main__ - [get_openf1] GET https://api.openf1.org/v1/car_data params={'session_key': 9515, 'driver_number': 14, 'date>': '2024-05-19T13:41:06.336000+00:00', 'date<': '2024-05-19T13:42:29.215000+00:00'}
2025-12-15 11:23:23 [DEBUG] __main__ - [compute_lap_features_for_driver] driver=14 lap=28, car_data rows=301
2025-12-15 11:23:23 [INFO] __main__ - [compute_lap_features_for_driver] driver=14 lap=29 KEEP, status=GREEN, duration=82.9s
2025-12-15 11:23:23 [DEBUG] __main__ - [get_openf1] GET https://api.openf1.org/v1/car_data params={'session_key': 9515, 'driver_number': 14, 'date>': '2024-05-19T13:42:29.215000+00:00', 'date<': '2024-05-19T13:43:52.122000+00:00'}
2025-12-15 11:23:24 [DEBUG] __main__ - [compute_lap_features_for_driver] driver=14 lap=29, car_data rows=318
2025-12-15 11:23:24 [INFO] __main__ - [compute_lap_features_for_driver] driver=14 lap=30 KEEP, status=GREEN, duration=83.0s
2025-12-15 11:23:24 [DEBUG] __main__ - [get_openf1] GET https://api.openf1.org/v1/car_data params={'session_key': 9515, 'driver_number': 14, 'date>': '2024-05-19T13:43:52.122000+00:00', 'date<': '2024-05-19T13:45:15.078000+00:00'}
2025-12-15 11:23:25 [DEBUG] __main__ - [compute_lap_features_for_driver] driver=14 lap=30, car_data rows=322
2025-12-15 11:23:25 [INFO] __main__ - [compute_lap_features_for_driver] driver=14 lap=31 KEEP, status=GREEN, duration=82.5s
2025-12-15 11:23:25 [DEBUG] __main__ - [get_openf1] GET https://api.openf1.org/v1/car_data params={'session_key': 9515, 'driver_number': 14, 'date>': '2024-05-19T13:45:15.078000+00:00', 'date<': '2024-05-19T13:46:37.605000+00:00'}
2025-12-15 11:23:25 [DEBUG] __main__ - [compute_lap_features_for_driver] driver=14 lap=31, car_data rows=305
2025-12-15 11:23:25 [INFO] __main__ - [compute_lap_features_for_driver] driver=14 lap=32 KEEP, status=GREEN, duration=82.7s
2025-12-15 11:23:25 [DEBUG] __main__ - [get_openf1] GET https://api.openf1.org/v1/car_data params={'session_key': 9515, 'driver_number': 14, 'date>': '2024-05-19T13:46:37.605000+00:00', 'date<': '2024-05-19T13:48:00.294000+00:00'}
2025-12-15 11:23:26 [DEBUG] __main__ - [compute_lap_features_for_driver] driver=14 lap=32, car_data rows=320
2025-12-15 11:23:26 [INFO] __main__ - [compute_lap_features_for_driver] driver=14 lap=33 KEEP, status=GREEN, duration=82.6s
2025-12-15 11:23:26 [DEBUG] __main__ - [get_openf1] GET https://api.openf1.org/v1/car_data params={'session_key': 9515, 'driver_number': 14, 'date>': '2024-05-19T13:48:00.294000+00:00', 'date<': '2024-05-19T13:49:22.922000+00:00'}
2025-12-15 11:23:26 [DEBUG] __main__ - [compute_lap_features_for_driver] driver=14 lap=33, car_data rows=310
2025-12-15 11:23:26 [INFO] __main__ - [compute_lap_features_for_driver] driver=14 lap=34 KEEP, status=GREEN, duration=83.1s
2025-12-15 11:23:26 [DEBUG] __main__ - [get_openf1] GET https://api.openf1.org/v1/car_data params={'session_key': 9515, 'driver_number': 14, 'date>': '2024-05-19T13:49:22.922000+00:00', 'date<': '2024-05-19T13:50:46.011000+00:00'}
2025-12-15 11:23:27 [DEBUG] __main__ - [compute_lap_features_for_driver] driver=14 lap=34, car_data rows=310
2025-12-15 11:23:27 [INFO] __main__ - [compute_lap_features_for_driver] driver=14 lap=35 KEEP, status=GREEN, duration=82.7s
2025-12-15 11:23:27 [DEBUG] __main__ - [get_openf1] GET https://api.openf1.org/v1/car_data params={'session_key': 9515, 'driver_number': 14, 'date>': '2024-05-19T13:50:46.011000+00:00', 'date<': '2024-05-19T13:52:08.729000+00:00'}
2025-12-15 11:23:28 [DEBUG] __main__ - [compute_lap_features_for_driver] driver=14 lap=35, car_data rows=320
2025-12-15 11:23:28 [INFO] __main__ - [compute_lap_features_for_driver] driver=14 lap=36 KEEP, status=GREEN, duration=82.9s
2025-12-15 11:23:28 [DEBUG] __main__ - [get_openf1] GET https://api.openf1.org/v1/car_data params={'session_key': 9515, 'driver_number': 14, 'date>': '2024-05-19T13:52:08.729000+00:00', 'date<': '2024-05-19T13:53:31.617000+00:00'}
2025-12-15 11:23:28 [DEBUG] __main__ - [compute_lap_features_for_driver] driver=14 lap=36, car_data rows=319
2025-12-15 11:23:28 [INFO] __main__ - [compute_lap_features_for_driver] driver=14 lap=37 KEEP, status=GREEN, duration=83.8s
2025-12-15 11:23:28 [DEBUG] __main__ - [get_openf1] GET https://api.openf1.org/v1/car_data params={'session_key': 9515, 'driver_number': 14, 'date>': '2024-05-19T13:53:31.617000+00:00', 'date<': '2024-05-19T13:54:55.399000+00:00'}
2025-12-15 11:23:29 [DEBUG] __main__ - [compute_lap_features_for_driver] driver=14 lap=37, car_data rows=319
2025-12-15 11:23:29 [INFO] __main__ - [compute_lap_features_for_driver] driver=14 lap=38 KEEP, status=GREEN, duration=82.9s
2025-12-15 11:23:29 [DEBUG] __main__ - [get_openf1] GET https://api.openf1.org/v1/car_data params={'session_key': 9515, 'driver_number': 14, 'date>': '2024-05-19T13:54:55.399000+00:00', 'date<': '2024-05-19T13:56:18.265000+00:00'}
2025-12-15 11:23:29 [DEBUG] __main__ - [compute_lap_features_for_driver] driver=14 lap=38, car_data rows=316
2025-12-15 11:23:29 [INFO] __main__ - [compute_lap_features_for_driver] driver=14 lap=39 KEEP, status=GREEN, duration=82.8s
2025-12-15 11:23:29 [DEBUG] __main__ - [get_openf1] GET https://api.openf1.org/v1/car_data params={'session_key': 9515, 'driver_number': 14, 'date>': '2024-05-19T13:56:18.265000+00:00', 'date<': '2024-05-19T13:57:41.095000+00:00'}
2025-12-15 11:23:30 [DEBUG] __main__ - [compute_lap_features_for_driver] driver=14 lap=39, car_data rows=316
2025-12-15 11:23:30 [INFO] __main__ - [compute_lap_features_for_driver] driver=14 lap=40 KEEP, status=GREEN, duration=87.5s
2025-12-15 11:23:30 [DEBUG] __main__ - [get_openf1] GET https://api.openf1.org/v1/car_data params={'session_key': 9515, 'driver_number': 14, 'date>': '2024-05-19T13:57:41.095000+00:00', 'date<': '2024-05-19T13:59:08.600000+00:00'}
2025-12-15 11:23:30 [DEBUG] __main__ - [compute_lap_features_for_driver] driver=14 lap=40, car_data rows=334
2025-12-15 11:23:30 [INFO] __main__ - [compute_lap_features_for_driver] driver=14 lap=41 KEEP, status=GREEN, duration=105.9s
2025-12-15 11:23:30 [DEBUG] __main__ - [get_openf1] GET https://api.openf1.org/v1/car_data params={'session_key': 9515, 'driver_number': 14, 'date>': '2024-05-19T13:59:08.600000+00:00', 'date<': '2024-05-19T14:00:54.504000+00:00'}
2025-12-15 11:23:31 [DEBUG] __main__ - [compute_lap_features_for_driver] driver=14 lap=41, car_data rows=403
2025-12-15 11:23:31 [INFO] __main__ - [compute_lap_features_for_driver] driver=14 lap=42 KEEP, status=GREEN, duration=80.0s
2025-12-15 11:23:31 [DEBUG] __main__ - [get_openf1] GET https://api.openf1.org/v1/car_data params={'session_key': 9515, 'driver_number': 14, 'date>': '2024-05-19T14:00:54.504000+00:00', 'date<': '2024-05-19T14:02:14.468000+00:00'}
2025-12-15 11:23:32 [DEBUG] __main__ - [compute_lap_features_for_driver] driver=14 lap=42, car_data rows=318
2025-12-15 11:23:32 [INFO] __main__ - [compute_lap_features_for_driver] driver=14 lap=43 KEEP, status=GREEN, duration=81.0s
2025-12-15 11:23:32 [DEBUG] __main__ - [get_openf1] GET https://api.openf1.org/v1/car_data params={'session_key': 9515, 'driver_number': 14, 'date>': '2024-05-19T14:02:14.468000+00:00', 'date<': '2024-05-19T14:03:35.426000+00:00'}
2025-12-15 11:23:33 [DEBUG] __main__ - [compute_lap_features_for_driver] driver=14 lap=43, car_data rows=301
2025-12-15 11:23:33 [INFO] __main__ - [compute_lap_features_for_driver] driver=14 lap=44 KEEP, status=GREEN, duration=81.0s
2025-12-15 11:23:33 [DEBUG] __main__ - [get_openf1] GET https://api.openf1.org/v1/car_data params={'session_key': 9515, 'driver_number': 14, 'date>': '2024-05-19T14:03:35.426000+00:00', 'date<': '2024-05-19T14:04:56.450000+00:00'}
2025-12-15 11:23:33 [DEBUG] __main__ - [compute_lap_features_for_driver] driver=14 lap=44, car_data rows=305
2025-12-15 11:23:33 [INFO] __main__ - [compute_lap_features_for_driver] driver=14 lap=45 KEEP, status=GREEN, duration=81.0s
2025-12-15 11:23:33 [DEBUG] __main__ - [get_openf1] GET https://api.openf1.org/v1/car_data params={'session_key': 9515, 'driver_number': 14, 'date>': '2024-05-19T14:04:56.450000+00:00', 'date<': '2024-05-19T14:06:17.407000+00:00'}
2025-12-15 11:23:34 [DEBUG] __main__ - [compute_lap_features_for_driver] driver=14 lap=45, car_data rows=311
2025-12-15 11:23:34 [INFO] __main__ - [compute_lap_features_for_driver] driver=14 lap=46 KEEP, status=GREEN, duration=81.1s
2025-12-15 11:23:34 [DEBUG] __main__ - [get_openf1] GET https://api.openf1.org/v1/car_data params={'session_key': 9515, 'driver_number': 14, 'date>': '2024-05-19T14:06:17.407000+00:00', 'date<': '2024-05-19T14:07:38.512000+00:00'}
2025-12-15 11:23:34 [DEBUG] __main__ - [compute_lap_features_for_driver] driver=14 lap=46, car_data rows=308
2025-12-15 11:23:34 [INFO] __main__ - [compute_lap_features_for_driver] driver=14 lap=47 KEEP, status=GREEN, duration=81.0s
2025-12-15 11:23:34 [DEBUG] __main__ - [get_openf1] GET https://api.openf1.org/v1/car_data params={'session_key': 9515, 'driver_number': 14, 'date>': '2024-05-19T14:07:38.512000+00:00', 'date<': '2024-05-19T14:08:59.505000+00:00'}
2025-12-15 11:23:35 [DEBUG] __main__ - [compute_lap_features_for_driver] driver=14 lap=47, car_data rows=311
2025-12-15 11:23:35 [INFO] __main__ - [compute_lap_features_for_driver] driver=14 lap=48 KEEP, status=GREEN, duration=81.0s
2025-12-15 11:23:35 [DEBUG] __main__ - [get_openf1] GET https://api.openf1.org/v1/car_data params={'session_key': 9515, 'driver_number': 14, 'date>': '2024-05-19T14:08:59.505000+00:00', 'date<': '2024-05-19T14:10:20.480000+00:00'}
2025-12-15 11:23:36 [DEBUG] __main__ - [compute_lap_features_for_driver] driver=14 lap=48, car_data rows=306
2025-12-15 11:23:36 [INFO] __main__ - [compute_lap_features_for_driver] driver=14 lap=49 KEEP, status=GREEN, duration=81.0s
2025-12-15 11:23:36 [DEBUG] __main__ - [get_openf1] GET https://api.openf1.org/v1/car_data params={'session_key': 9515, 'driver_number': 14, 'date>': '2024-05-19T14:10:20.480000+00:00', 'date<': '2024-05-19T14:11:41.460000+00:00'}
2025-12-15 11:23:36 [DEBUG] __main__ - [compute_lap_features_for_driver] driver=14 lap=49, car_data rows=306
2025-12-15 11:23:36 [INFO] __main__ - [compute_lap_features_for_driver] driver=14 lap=50 KEEP, status=GREEN, duration=81.6s
2025-12-15 11:23:36 [DEBUG] __main__ - [get_openf1] GET https://api.openf1.org/v1/car_data params={'session_key': 9515, 'driver_number': 14, 'date>': '2024-05-19T14:11:41.460000+00:00', 'date<': '2024-05-19T14:13:03.069000+00:00'}
2025-12-15 11:23:37 [DEBUG] __main__ - [compute_lap_features_for_driver] driver=14 lap=50, car_data rows=307
2025-12-15 11:23:37 [INFO] __main__ - [compute_lap_features_for_driver] driver=14 lap=51 KEEP, status=GREEN, duration=82.1s
2025-12-15 11:23:37 [DEBUG] __main__ - [get_openf1] GET https://api.openf1.org/v1/car_data params={'session_key': 9515, 'driver_number': 14, 'date>': '2024-05-19T14:13:03.069000+00:00', 'date<': '2024-05-19T14:14:25.122000+00:00'}
2025-12-15 11:23:37 [DEBUG] __main__ - [compute_lap_features_for_driver] driver=14 lap=51, car_data rows=312
2025-12-15 11:23:37 [INFO] __main__ - [compute_lap_features_for_driver] driver=14 lap=52 KEEP, status=GREEN, duration=81.1s
2025-12-15 11:23:37 [DEBUG] __main__ - [get_openf1] GET https://api.openf1.org/v1/car_data params={'session_key': 9515, 'driver_number': 14, 'date>': '2024-05-19T14:14:25.122000+00:00', 'date<': '2024-05-19T14:15:46.205000+00:00'}
2025-12-15 11:23:38 [DEBUG] __main__ - [compute_lap_features_for_driver] driver=14 lap=52, car_data rows=317
2025-12-15 11:23:38 [INFO] __main__ - [compute_lap_features_for_driver] driver=14 lap=53 KEEP, status=GREEN, duration=80.5s
2025-12-15 11:23:38 [DEBUG] __main__ - [get_openf1] GET https://api.openf1.org/v1/car_data params={'session_key': 9515, 'driver_number': 14, 'date>': '2024-05-19T14:15:46.205000+00:00', 'date<': '2024-05-19T14:17:06.666000+00:00'}
2025-12-15 11:23:39 [DEBUG] __main__ - [compute_lap_features_for_driver] driver=14 lap=53, car_data rows=310
2025-12-15 11:23:39 [INFO] __main__ - [compute_lap_features_for_driver] driver=14 lap=54 KEEP, status=GREEN, duration=81.1s
2025-12-15 11:23:39 [DEBUG] __main__ - [get_openf1] GET https://api.openf1.org/v1/car_data params={'session_key': 9515, 'driver_number': 14, 'date>': '2024-05-19T14:17:06.666000+00:00', 'date<': '2024-05-19T14:18:27.751000+00:00'}
2025-12-15 11:23:39 [DEBUG] __main__ - [compute_lap_features_for_driver] driver=14 lap=54, car_data rows=315
2025-12-15 11:23:39 [INFO] __main__ - [compute_lap_features_for_driver] driver=14 lap=55 KEEP, status=GREEN, duration=82.4s
2025-12-15 11:23:39 [DEBUG] __main__ - [get_openf1] GET https://api.openf1.org/v1/car_data params={'session_key': 9515, 'driver_number': 14, 'date>': '2024-05-19T14:18:27.751000+00:00', 'date<': '2024-05-19T14:19:50.154000+00:00'}
2025-12-15 11:23:40 [DEBUG] __main__ - [compute_lap_features_for_driver] driver=14 lap=55, car_data rows=315
2025-12-15 11:23:40 [INFO] __main__ - [compute_lap_features_for_driver] driver=14 lap=56 KEEP, status=GREEN, duration=83.6s
2025-12-15 11:23:40 [DEBUG] __main__ - [get_openf1] GET https://api.openf1.org/v1/car_data params={'session_key': 9515, 'driver_number': 14, 'date>': '2024-05-19T14:19:50.154000+00:00', 'date<': '2024-05-19T14:21:13.792000+00:00'}
2025-12-15 11:23:40 [DEBUG] __main__ - [compute_lap_features_for_driver] driver=14 lap=56, car_data rows=310
2025-12-15 11:23:40 [INFO] __main__ - [compute_lap_features_for_driver] driver=14 lap=57 KEEP, status=GREEN, duration=82.8s
2025-12-15 11:23:40 [DEBUG] __main__ - [get_openf1] GET https://api.openf1.org/v1/car_data params={'session_key': 9515, 'driver_number': 14, 'date>': '2024-05-19T14:21:13.792000+00:00', 'date<': '2024-05-19T14:22:36.618000+00:00'}
2025-12-15 11:23:41 [DEBUG] __main__ - [compute_lap_features_for_driver] driver=14 lap=57, car_data rows=317
2025-12-15 11:23:41 [INFO] __main__ - [compute_lap_features_for_driver] driver=14 lap=58 KEEP, status=GREEN, duration=83.2s
2025-12-15 11:23:41 [DEBUG] __main__ - [get_openf1] GET https://api.openf1.org/v1/car_data params={'session_key': 9515, 'driver_number': 14, 'date>': '2024-05-19T14:22:36.618000+00:00', 'date<': '2024-05-19T14:23:59.850000+00:00'}
2025-12-15 11:23:42 [DEBUG] __main__ - [compute_lap_features_for_driver] driver=14 lap=58, car_data rows=307
2025-12-15 11:23:42 [INFO] __main__ - [compute_lap_features_for_driver] driver=14 lap=59 KEEP, status=GREEN, duration=88.4s
2025-12-15 11:23:42 [DEBUG] __main__ - [get_openf1] GET https://api.openf1.org/v1/car_data params={'session_key': 9515, 'driver_number': 14, 'date>': '2024-05-19T14:23:59.850000+00:00', 'date<': '2024-05-19T14:25:28.210000+00:00'}
2025-12-15 11:23:42 [DEBUG] __main__ - [compute_lap_features_for_driver] driver=14 lap=59, car_data rows=332
2025-12-15 11:23:42 [INFO] __main__ - [compute_lap_features_for_driver] driver=14 lap=60 KEEP, status=GREEN, duration=105.9s
2025-12-15 11:23:42 [DEBUG] __main__ - [get_openf1] GET https://api.openf1.org/v1/car_data params={'session_key': 9515, 'driver_number': 14, 'date>': '2024-05-19T14:25:28.210000+00:00', 'date<': '2024-05-19T14:27:14.082000+00:00'}
2025-12-15 11:23:43 [DEBUG] __main__ - [compute_lap_features_for_driver] driver=14 lap=60, car_data rows=399
2025-12-15 11:23:43 [INFO] __main__ - [compute_lap_features_for_driver] driver=14 lap=61 KEEP, status=GREEN, duration=84.3s
2025-12-15 11:23:43 [DEBUG] __main__ - [get_openf1] GET https://api.openf1.org/v1/car_data params={'session_key': 9515, 'driver_number': 14, 'date>': '2024-05-19T14:27:14.082000+00:00', 'date<': '2024-05-19T14:28:38.355000+00:00'}
2025-12-15 11:23:44 [DEBUG] __main__ - [compute_lap_features_for_driver] driver=14 lap=61, car_data rows=323
2025-12-15 11:23:44 [INFO] __main__ - [compute_lap_features_for_driver] driver=14 lap=62 DROP (CHEQUERED_FLAG_LAP), status=RED_FLAG;CHEQUERED, duration=nans
2025-12-15 11:23:44 [INFO] __main__ - [compute_lap_features_for_driver] driver=14, feature laps=[2, 3, 4, 5, 6, 7, 8, 9, 10, 11, 12, 13, 14, 15, 16, 17, 18, 19, 20, 21, 22, 23, 24, 25, 26, 27, 28, 29, 30, 31, 32, 33, 34, 35, 36, 37, 38, 39, 40, 41, 42, 43, 44, 45, 46, 47, 48, 49, 50, 51, 52, 53, 54, 55, 56, 57, 58, 59, 60, 61]
2025-12-15 11:23:44 [INFO] __main__ - [build_driver_style_embedding_json] all feature laps (combined)=[2, 3, 4, 5, 6, 7, 8, 9, 10, 11, 12, 13, 14, 15, 16, 17, 18, 19, 20, 21, 22, 23, 24, 25, 26, 27, 28, 29, 30, 31, 32, 33, 34, 35, 36, 37, 38, 39, 40, 41, 42, 43, 44, 45, 46, 47, 48, 49, 50, 51, 52, 53, 54, 55, 56, 57, 58, 59, 60, 61, 62]
2025-12-15 11:23:44 [INFO] __main__ - [embed_lap_features] focus_laps = [11, 32, 63]
2025-12-15 11:23:44 [INFO] __main__ - Saved ./driver_style_embedding_2024imola.json
