2025-12-15 11:32:46 [INFO] __main__ - ===== Driver Style Map logging started for race_id=2024silverstone =====
2025-12-15 11:32:46 [INFO] __main__ - log file: log/driver_style_2024silverstone.log
2025-12-15 11:32:46 [INFO] __main__ - === Start processing 2024silverstone ===
2025-12-15 11:32:46 [DEBUG] __main__ - [get_openf1] GET https://api.openf1.org/v1/meetings params={'year': 2024}
2025-12-15 11:32:46 [DEBUG] __main__ - [get_openf1] GET https://api.openf1.org/v1/sessions params={'meeting_key': 1240}
2025-12-15 11:32:47 [INFO] __main__ - [find_race_session] year=2024 slug=silverstone -> session_key=9558, meeting_name=British Grand Prix
2025-12-15 11:32:47 [INFO] __main__ - [main] race_id=2024silverstone -> session_key=9558, meeting_name=British Grand Prix
2025-12-15 11:32:47 [DEBUG] __main__ - [get_openf1] GET https://api.openf1.org/v1/session_result params={'session_key': 9558}
2025-12-15 11:32:47 [DEBUG] __main__ - [get_openf1] GET https://api.openf1.org/v1/drivers params={'session_key': 9558}
2025-12-15 11:32:47 [INFO] __main__ - [select_race_drivers] session_key=9558 winner=44 teammate=63 last_finisher=24
2025-12-15 11:32:47 [INFO] __main__ - [build_driver_style_embedding_json] start session_key=9558, drivers=[44, 63, 24]
2025-12-15 11:32:47 [DEBUG] __main__ - [get_openf1] GET https://api.openf1.org/v1/race_control params={'session_key': 9558}
2025-12-15 11:32:48 [DEBUG] __main__ - [get_openf1] GET https://api.openf1.org/v1/sessions params={'session_key': 9558}
2025-12-15 11:32:48 [INFO] __main__ - [fetch_session_start] session_key=9558, date_start=2024-07-07 14:00:00+00:00
2025-12-15 11:32:48 [INFO] __main__ - [fetch_race_start_time] use first GREEN as race_start: 2024-07-07 13:20:00+00:00
2025-12-15 11:32:48 [DEBUG] __main__ - [get_openf1] GET https://api.openf1.org/v1/laps params={'session_key': 9558, 'driver_number': 44}
2025-12-15 11:32:49 [INFO] __main__ - [fetch_laps] fill lap 1 date_start with race_start=2024-07-07 13:20:00+00:00
2025-12-15 11:32:49 [INFO] __main__ - [fetch_laps] driver=44, laps: min=1, max=52, count=52
2025-12-15 11:32:49 [DEBUG] __main__ - [fetch_laps] head:
   meeting_key  session_key  ...  st_speed  lap_duration_s
0         1240         9558  ...       299        2688.941
1         1240         9558  ...       319          91.571
2         1240         9558  ...       294          91.587
3         1240         9558  ...       295          91.934
4         1240         9558  ...       297          91.766

[5 rows x 17 columns]
2025-12-15 11:32:49 [INFO] __main__ - [build_driver_style_embedding_json] ref_driver=44, min_lap=1, max_lap=52
2025-12-15 11:32:49 [INFO] __main__ - [build_driver_style_embedding_json] phase_split plan =
2025-12-15 11:32:49 [INFO] __main__ -   opening: [1, 2, 3, 4, 5, 6, 7, 8, 9, 10, 11, 12, 13, 14, 15, 16, 17, 18]
2025-12-15 11:32:49 [INFO] __main__ -   middle : [19, 20, 21, 22, 23, 24, 25, 26, 27, 28, 29, 30, 31, 32, 33, 34, 35]
2025-12-15 11:32:49 [INFO] __main__ -   ending : [36, 37, 38, 39, 40, 41, 42, 43, 44, 45, 46, 47, 48, 49, 50, 51, 52]
2025-12-15 11:32:49 [INFO] __main__ - [build_driver_style_embedding_json] compute features for driver=44
2025-12-15 11:32:49 [DEBUG] __main__ - [get_openf1] GET https://api.openf1.org/v1/laps params={'session_key': 9558, 'driver_number': 44}
2025-12-15 11:32:50 [DEBUG] __main__ - [get_openf1] GET https://api.openf1.org/v1/sessions params={'session_key': 9558}
2025-12-15 11:32:51 [INFO] __main__ - [fetch_session_start] session_key=9558, date_start=2024-07-07 14:00:00+00:00
2025-12-15 11:32:51 [INFO] __main__ - [fetch_race_start_time] use first GREEN as race_start: 2024-07-07 13:20:00+00:00
2025-12-15 11:32:51 [INFO] __main__ - [fetch_laps] fill lap 1 date_start with race_start=2024-07-07 13:20:00+00:00
2025-12-15 11:32:51 [INFO] __main__ - [fetch_laps] driver=44, laps: min=1, max=52, count=52
2025-12-15 11:32:51 [DEBUG] __main__ - [fetch_laps] head:
   meeting_key  session_key  ...  st_speed  lap_duration_s
0         1240         9558  ...       299        2688.941
1         1240         9558  ...       319          91.571
2         1240         9558  ...       294          91.587
3         1240         9558  ...       295          91.934
4         1240         9558  ...       297          91.766

[5 rows x 17 columns]
2025-12-15 11:32:51 [DEBUG] __main__ - [build_lap_status_mapping] status_by_lap={1: 'GREEN', 2: 'GREEN', 3: 'GREEN', 4: 'GREEN', 5: 'GREEN', 6: 'GREEN', 7: 'GREEN', 8: 'GREEN', 9: 'GREEN', 10: 'GREEN', 11: 'GREEN', 12: 'GREEN', 13: 'GREEN', 14: 'GREEN', 15: 'GREEN', 16: 'GREEN', 17: 'GREEN', 18: 'GREEN', 19: 'GREEN', 20: 'GREEN', 21: 'GREEN', 22: 'GREEN', 23: 'GREEN', 24: 'GREEN', 25: 'GREEN', 26: 'GREEN', 27: 'GREEN', 28: 'GREEN', 29: 'GREEN', 30: 'GREEN', 31: 'GREEN', 32: 'GREEN', 33: 'GREEN', 34: 'GREEN', 35: 'GREEN', 36: 'GREEN', 37: 'GREEN', 38: 'GREEN', 39: 'GREEN', 40: 'GREEN', 41: 'GREEN', 42: 'GREEN', 43: 'GREEN', 44: 'GREEN', 45: 'GREEN', 46: 'GREEN', 47: 'GREEN', 48: 'GREEN', 49: 'GREEN', 50: 'GREEN', 51: 'GREEN', 52: 'RED_FLAG;CHEQUERED'}
2025-12-15 11:32:51 [INFO] __main__ - [compute_lap_features_for_driver] driver=44, typical_duration_s=91.74000000000001
2025-12-15 11:32:51 [INFO] __main__ - [compute_lap_features_for_driver] driver=44 lap=1 DROP (LONG_LAP_2688.9s), status=GREEN, duration=2688.9s
2025-12-15 11:32:51 [INFO] __main__ - [compute_lap_features_for_driver] driver=44 lap=2 KEEP, status=GREEN, duration=91.6s
2025-12-15 11:32:51 [DEBUG] __main__ - [get_openf1] GET https://api.openf1.org/v1/car_data params={'session_key': 9558, 'driver_number': 44, 'date>': '2024-07-07T14:04:48.941000+00:00', 'date<': '2024-07-07T14:06:20.512000+00:00'}
2025-12-15 11:32:51 [DEBUG] __main__ - [compute_lap_features_for_driver] driver=44 lap=2, car_data rows=342
2025-12-15 11:32:51 [INFO] __main__ - [compute_lap_features_for_driver] driver=44 lap=3 KEEP, status=GREEN, duration=91.6s
2025-12-15 11:32:51 [DEBUG] __main__ - [get_openf1] GET https://api.openf1.org/v1/car_data params={'session_key': 9558, 'driver_number': 44, 'date>': '2024-07-07T14:06:20.512000+00:00', 'date<': '2024-07-07T14:07:52.099000+00:00'}
2025-12-15 11:32:52 [DEBUG] __main__ - [compute_lap_features_for_driver] driver=44 lap=3, car_data rows=355
2025-12-15 11:32:52 [INFO] __main__ - [compute_lap_features_for_driver] driver=44 lap=4 KEEP, status=GREEN, duration=91.9s
2025-12-15 11:32:52 [DEBUG] __main__ - [get_openf1] GET https://api.openf1.org/v1/car_data params={'session_key': 9558, 'driver_number': 44, 'date>': '2024-07-07T14:07:52.099000+00:00', 'date<': '2024-07-07T14:09:24.033000+00:00'}
2025-12-15 11:32:53 [DEBUG] __main__ - [compute_lap_features_for_driver] driver=44 lap=4, car_data rows=338
2025-12-15 11:32:53 [INFO] __main__ - [compute_lap_features_for_driver] driver=44 lap=5 KEEP, status=GREEN, duration=91.8s
2025-12-15 11:32:53 [DEBUG] __main__ - [get_openf1] GET https://api.openf1.org/v1/car_data params={'session_key': 9558, 'driver_number': 44, 'date>': '2024-07-07T14:09:24.033000+00:00', 'date<': '2024-07-07T14:10:55.799000+00:00'}
2025-12-15 11:32:54 [DEBUG] __main__ - [compute_lap_features_for_driver] driver=44 lap=5, car_data rows=337
2025-12-15 11:32:54 [INFO] __main__ - [compute_lap_features_for_driver] driver=44 lap=6 KEEP, status=GREEN, duration=91.6s
2025-12-15 11:32:54 [DEBUG] __main__ - [get_openf1] GET https://api.openf1.org/v1/car_data params={'session_key': 9558, 'driver_number': 44, 'date>': '2024-07-07T14:10:55.799000+00:00', 'date<': '2024-07-07T14:12:27.443000+00:00'}
2025-12-15 11:32:56 [DEBUG] __main__ - [compute_lap_features_for_driver] driver=44 lap=6, car_data rows=352
2025-12-15 11:32:56 [INFO] __main__ - [compute_lap_features_for_driver] driver=44 lap=7 KEEP, status=GREEN, duration=91.8s
2025-12-15 11:32:56 [DEBUG] __main__ - [get_openf1] GET https://api.openf1.org/v1/car_data params={'session_key': 9558, 'driver_number': 44, 'date>': '2024-07-07T14:12:27.443000+00:00', 'date<': '2024-07-07T14:13:59.281000+00:00'}
2025-12-15 11:32:56 [DEBUG] __main__ - [compute_lap_features_for_driver] driver=44 lap=7, car_data rows=347
2025-12-15 11:32:56 [INFO] __main__ - [compute_lap_features_for_driver] driver=44 lap=8 KEEP, status=GREEN, duration=91.7s
2025-12-15 11:32:56 [DEBUG] __main__ - [get_openf1] GET https://api.openf1.org/v1/car_data params={'session_key': 9558, 'driver_number': 44, 'date>': '2024-07-07T14:13:59.281000+00:00', 'date<': '2024-07-07T14:15:30.995000+00:00'}
2025-12-15 11:32:57 [DEBUG] __main__ - [compute_lap_features_for_driver] driver=44 lap=8, car_data rows=344
2025-12-15 11:32:57 [INFO] __main__ - [compute_lap_features_for_driver] driver=44 lap=9 KEEP, status=GREEN, duration=91.6s
2025-12-15 11:32:57 [DEBUG] __main__ - [get_openf1] GET https://api.openf1.org/v1/car_data params={'session_key': 9558, 'driver_number': 44, 'date>': '2024-07-07T14:15:30.995000+00:00', 'date<': '2024-07-07T14:17:02.582000+00:00'}
2025-12-15 11:32:58 [DEBUG] __main__ - [compute_lap_features_for_driver] driver=44 lap=9, car_data rows=353
2025-12-15 11:32:58 [INFO] __main__ - [compute_lap_features_for_driver] driver=44 lap=10 KEEP, status=GREEN, duration=91.5s
2025-12-15 11:32:58 [DEBUG] __main__ - [get_openf1] GET https://api.openf1.org/v1/car_data params={'session_key': 9558, 'driver_number': 44, 'date>': '2024-07-07T14:17:02.582000+00:00', 'date<': '2024-07-07T14:18:34.108000+00:00'}
2025-12-15 11:32:59 [DEBUG] __main__ - [compute_lap_features_for_driver] driver=44 lap=10, car_data rows=354
2025-12-15 11:32:59 [INFO] __main__ - [compute_lap_features_for_driver] driver=44 lap=11 KEEP, status=GREEN, duration=91.5s
2025-12-15 11:32:59 [DEBUG] __main__ - [get_openf1] GET https://api.openf1.org/v1/car_data params={'session_key': 9558, 'driver_number': 44, 'date>': '2024-07-07T14:18:34.108000+00:00', 'date<': '2024-07-07T14:20:05.572000+00:00'}
2025-12-15 11:33:00 [DEBUG] __main__ - [compute_lap_features_for_driver] driver=44 lap=11, car_data rows=342
2025-12-15 11:33:00 [INFO] __main__ - [compute_lap_features_for_driver] driver=44 lap=12 KEEP, status=GREEN, duration=91.5s
2025-12-15 11:33:00 [DEBUG] __main__ - [get_openf1] GET https://api.openf1.org/v1/car_data params={'session_key': 9558, 'driver_number': 44, 'date>': '2024-07-07T14:20:05.572000+00:00', 'date<': '2024-07-07T14:21:37.040000+00:00'}
2025-12-15 11:33:00 [DEBUG] __main__ - [compute_lap_features_for_driver] driver=44 lap=12, car_data rows=343
2025-12-15 11:33:00 [INFO] __main__ - [compute_lap_features_for_driver] driver=44 lap=13 KEEP, status=GREEN, duration=91.9s
2025-12-15 11:33:00 [DEBUG] __main__ - [get_openf1] GET https://api.openf1.org/v1/car_data params={'session_key': 9558, 'driver_number': 44, 'date>': '2024-07-07T14:21:37.040000+00:00', 'date<': '2024-07-07T14:23:08.945000+00:00'}
2025-12-15 11:33:01 [DEBUG] __main__ - [compute_lap_features_for_driver] driver=44 lap=13, car_data rows=360
2025-12-15 11:33:01 [INFO] __main__ - [compute_lap_features_for_driver] driver=44 lap=14 KEEP, status=GREEN, duration=91.6s
2025-12-15 11:33:01 [DEBUG] __main__ - [get_openf1] GET https://api.openf1.org/v1/car_data params={'session_key': 9558, 'driver_number': 44, 'date>': '2024-07-07T14:23:08.945000+00:00', 'date<': '2024-07-07T14:24:40.578000+00:00'}
2025-12-15 11:33:03 [DEBUG] __main__ - [compute_lap_features_for_driver] driver=44 lap=14, car_data rows=360
2025-12-15 11:33:03 [INFO] __main__ - [compute_lap_features_for_driver] driver=44 lap=15 KEEP, status=GREEN, duration=91.7s
2025-12-15 11:33:03 [DEBUG] __main__ - [get_openf1] GET https://api.openf1.org/v1/car_data params={'session_key': 9558, 'driver_number': 44, 'date>': '2024-07-07T14:24:40.578000+00:00', 'date<': '2024-07-07T14:26:12.237000+00:00'}
2025-12-15 11:33:04 [DEBUG] __main__ - [compute_lap_features_for_driver] driver=44 lap=15, car_data rows=342
2025-12-15 11:33:04 [INFO] __main__ - [compute_lap_features_for_driver] driver=44 lap=16 KEEP, status=GREEN, duration=92.0s
2025-12-15 11:33:04 [DEBUG] __main__ - [get_openf1] GET https://api.openf1.org/v1/car_data params={'session_key': 9558, 'driver_number': 44, 'date>': '2024-07-07T14:26:12.237000+00:00', 'date<': '2024-07-07T14:27:44.227000+00:00'}
2025-12-15 11:33:05 [DEBUG] __main__ - [compute_lap_features_for_driver] driver=44 lap=16, car_data rows=340
2025-12-15 11:33:05 [INFO] __main__ - [compute_lap_features_for_driver] driver=44 lap=17 KEEP, status=GREEN, duration=93.5s
2025-12-15 11:33:05 [DEBUG] __main__ - [get_openf1] GET https://api.openf1.org/v1/car_data params={'session_key': 9558, 'driver_number': 44, 'date>': '2024-07-07T14:27:44.227000+00:00', 'date<': '2024-07-07T14:29:17.771000+00:00'}
2025-12-15 11:33:05 [DEBUG] __main__ - [compute_lap_features_for_driver] driver=44 lap=17, car_data rows=353
2025-12-15 11:33:05 [INFO] __main__ - [compute_lap_features_for_driver] driver=44 lap=18 KEEP, status=GREEN, duration=95.1s
2025-12-15 11:33:05 [DEBUG] __main__ - [get_openf1] GET https://api.openf1.org/v1/car_data params={'session_key': 9558, 'driver_number': 44, 'date>': '2024-07-07T14:29:17.771000+00:00', 'date<': '2024-07-07T14:30:52.867000+00:00'}
2025-12-15 11:33:06 [DEBUG] __main__ - [compute_lap_features_for_driver] driver=44 lap=18, car_data rows=349
2025-12-15 11:33:06 [INFO] __main__ - [compute_lap_features_for_driver] driver=44 lap=19 KEEP, status=GREEN, duration=103.7s
2025-12-15 11:33:06 [DEBUG] __main__ - [get_openf1] GET https://api.openf1.org/v1/car_data params={'session_key': 9558, 'driver_number': 44, 'date>': '2024-07-07T14:30:52.867000+00:00', 'date<': '2024-07-07T14:32:36.572000+00:00'}
2025-12-15 11:33:07 [DEBUG] __main__ - [compute_lap_features_for_driver] driver=44 lap=19, car_data rows=391
2025-12-15 11:33:07 [INFO] __main__ - [compute_lap_features_for_driver] driver=44 lap=20 KEEP, status=GREEN, duration=100.0s
2025-12-15 11:33:07 [DEBUG] __main__ - [get_openf1] GET https://api.openf1.org/v1/car_data params={'session_key': 9558, 'driver_number': 44, 'date>': '2024-07-07T14:32:36.572000+00:00', 'date<': '2024-07-07T14:34:16.551000+00:00'}
2025-12-15 11:33:08 [DEBUG] __main__ - [compute_lap_features_for_driver] driver=44 lap=20, car_data rows=381
2025-12-15 11:33:08 [INFO] __main__ - [compute_lap_features_for_driver] driver=44 lap=21 KEEP, status=GREEN, duration=92.2s
2025-12-15 11:33:08 [DEBUG] __main__ - [get_openf1] GET https://api.openf1.org/v1/car_data params={'session_key': 9558, 'driver_number': 44, 'date>': '2024-07-07T14:34:16.551000+00:00', 'date<': '2024-07-07T14:35:48.789000+00:00'}
2025-12-15 11:33:08 [DEBUG] __main__ - [compute_lap_features_for_driver] driver=44 lap=21, car_data rows=362
2025-12-15 11:33:08 [INFO] __main__ - [compute_lap_features_for_driver] driver=44 lap=22 KEEP, status=GREEN, duration=91.0s
2025-12-15 11:33:08 [DEBUG] __main__ - [get_openf1] GET https://api.openf1.org/v1/car_data params={'session_key': 9558, 'driver_number': 44, 'date>': '2024-07-07T14:35:48.789000+00:00', 'date<': '2024-07-07T14:37:19.817000+00:00'}
2025-12-15 11:33:09 [DEBUG] __main__ - [compute_lap_features_for_driver] driver=44 lap=22, car_data rows=338
2025-12-15 11:33:09 [INFO] __main__ - [compute_lap_features_for_driver] driver=44 lap=23 KEEP, status=GREEN, duration=91.1s
2025-12-15 11:33:09 [DEBUG] __main__ - [get_openf1] GET https://api.openf1.org/v1/car_data params={'session_key': 9558, 'driver_number': 44, 'date>': '2024-07-07T14:37:19.817000+00:00', 'date<': '2024-07-07T14:38:50.891000+00:00'}
2025-12-15 11:33:10 [DEBUG] __main__ - [compute_lap_features_for_driver] driver=44 lap=23, car_data rows=351
2025-12-15 11:33:10 [INFO] __main__ - [compute_lap_features_for_driver] driver=44 lap=24 KEEP, status=GREEN, duration=91.7s
2025-12-15 11:33:10 [DEBUG] __main__ - [get_openf1] GET https://api.openf1.org/v1/car_data params={'session_key': 9558, 'driver_number': 44, 'date>': '2024-07-07T14:38:50.891000+00:00', 'date<': '2024-07-07T14:40:22.555000+00:00'}
2025-12-15 11:33:10 [DEBUG] __main__ - [compute_lap_features_for_driver] driver=44 lap=24, car_data rows=365
2025-12-15 11:33:10 [INFO] __main__ - [compute_lap_features_for_driver] driver=44 lap=25 KEEP, status=GREEN, duration=95.0s
2025-12-15 11:33:10 [DEBUG] __main__ - [get_openf1] GET https://api.openf1.org/v1/car_data params={'session_key': 9558, 'driver_number': 44, 'date>': '2024-07-07T14:40:22.555000+00:00', 'date<': '2024-07-07T14:41:57.554000+00:00'}
2025-12-15 11:33:11 [DEBUG] __main__ - [compute_lap_features_for_driver] driver=44 lap=25, car_data rows=365
2025-12-15 11:33:11 [INFO] __main__ - [compute_lap_features_for_driver] driver=44 lap=26 KEEP, status=GREEN, duration=100.8s
2025-12-15 11:33:11 [DEBUG] __main__ - [get_openf1] GET https://api.openf1.org/v1/car_data params={'session_key': 9558, 'driver_number': 44, 'date>': '2024-07-07T14:41:57.554000+00:00', 'date<': '2024-07-07T14:43:38.322000+00:00'}
2025-12-15 11:33:12 [DEBUG] __main__ - [compute_lap_features_for_driver] driver=44 lap=26, car_data rows=388
2025-12-15 11:33:12 [INFO] __main__ - [compute_lap_features_for_driver] driver=44 lap=27 KEEP, status=GREEN, duration=105.2s
2025-12-15 11:33:12 [DEBUG] __main__ - [get_openf1] GET https://api.openf1.org/v1/car_data params={'session_key': 9558, 'driver_number': 44, 'date>': '2024-07-07T14:43:38.322000+00:00', 'date<': '2024-07-07T14:45:23.481000+00:00'}
2025-12-15 11:33:13 [DEBUG] __main__ - [compute_lap_features_for_driver] driver=44 lap=27, car_data rows=393
2025-12-15 11:33:13 [INFO] __main__ - [compute_lap_features_for_driver] driver=44 lap=28 KEEP, status=GREEN, duration=120.9s
2025-12-15 11:33:13 [DEBUG] __main__ - [get_openf1] GET https://api.openf1.org/v1/car_data params={'session_key': 9558, 'driver_number': 44, 'date>': '2024-07-07T14:45:23.481000+00:00', 'date<': '2024-07-07T14:47:24.424000+00:00'}
2025-12-15 11:33:13 [DEBUG] __main__ - [compute_lap_features_for_driver] driver=44 lap=28, car_data rows=456
2025-12-15 11:33:13 [INFO] __main__ - [compute_lap_features_for_driver] driver=44 lap=29 KEEP, status=GREEN, duration=100.3s
2025-12-15 11:33:13 [DEBUG] __main__ - [get_openf1] GET https://api.openf1.org/v1/car_data params={'session_key': 9558, 'driver_number': 44, 'date>': '2024-07-07T14:47:24.424000+00:00', 'date<': '2024-07-07T14:49:04.695000+00:00'}
2025-12-15 11:33:14 [DEBUG] __main__ - [compute_lap_features_for_driver] driver=44 lap=29, car_data rows=378
2025-12-15 11:33:14 [INFO] __main__ - [compute_lap_features_for_driver] driver=44 lap=30 KEEP, status=GREEN, duration=100.6s
2025-12-15 11:33:14 [DEBUG] __main__ - [get_openf1] GET https://api.openf1.org/v1/car_data params={'session_key': 9558, 'driver_number': 44, 'date>': '2024-07-07T14:49:04.695000+00:00', 'date<': '2024-07-07T14:50:45.325000+00:00'}
2025-12-15 11:33:15 [DEBUG] __main__ - [compute_lap_features_for_driver] driver=44 lap=30, car_data rows=376
2025-12-15 11:33:15 [INFO] __main__ - [compute_lap_features_for_driver] driver=44 lap=31 KEEP, status=GREEN, duration=101.6s
2025-12-15 11:33:15 [DEBUG] __main__ - [get_openf1] GET https://api.openf1.org/v1/car_data params={'session_key': 9558, 'driver_number': 44, 'date>': '2024-07-07T14:50:45.325000+00:00', 'date<': '2024-07-07T14:52:26.885000+00:00'}
2025-12-15 11:33:16 [DEBUG] __main__ - [compute_lap_features_for_driver] driver=44 lap=31, car_data rows=392
2025-12-15 11:33:16 [INFO] __main__ - [compute_lap_features_for_driver] driver=44 lap=32 KEEP, status=GREEN, duration=102.4s
2025-12-15 11:33:16 [DEBUG] __main__ - [get_openf1] GET https://api.openf1.org/v1/car_data params={'session_key': 9558, 'driver_number': 44, 'date>': '2024-07-07T14:52:26.885000+00:00', 'date<': '2024-07-07T14:54:09.330000+00:00'}
2025-12-15 11:33:16 [DEBUG] __main__ - [compute_lap_features_for_driver] driver=44 lap=32, car_data rows=397
2025-12-15 11:33:16 [INFO] __main__ - [compute_lap_features_for_driver] driver=44 lap=33 KEEP, status=GREEN, duration=102.4s
2025-12-15 11:33:16 [DEBUG] __main__ - [get_openf1] GET https://api.openf1.org/v1/car_data params={'session_key': 9558, 'driver_number': 44, 'date>': '2024-07-07T14:54:09.330000+00:00', 'date<': '2024-07-07T14:55:51.747000+00:00'}
2025-12-15 11:33:17 [DEBUG] __main__ - [compute_lap_features_for_driver] driver=44 lap=33, car_data rows=376
2025-12-15 11:33:17 [INFO] __main__ - [compute_lap_features_for_driver] driver=44 lap=34 KEEP, status=GREEN, duration=102.7s
2025-12-15 11:33:17 [DEBUG] __main__ - [get_openf1] GET https://api.openf1.org/v1/car_data params={'session_key': 9558, 'driver_number': 44, 'date>': '2024-07-07T14:55:51.747000+00:00', 'date<': '2024-07-07T14:57:34.436000+00:00'}
2025-12-15 11:33:18 [DEBUG] __main__ - [compute_lap_features_for_driver] driver=44 lap=34, car_data rows=399
2025-12-15 11:33:18 [INFO] __main__ - [compute_lap_features_for_driver] driver=44 lap=35 KEEP, status=GREEN, duration=102.4s
2025-12-15 11:33:18 [DEBUG] __main__ - [get_openf1] GET https://api.openf1.org/v1/car_data params={'session_key': 9558, 'driver_number': 44, 'date>': '2024-07-07T14:57:34.436000+00:00', 'date<': '2024-07-07T14:59:16.820000+00:00'}
2025-12-15 11:33:18 [DEBUG] __main__ - [compute_lap_features_for_driver] driver=44 lap=35, car_data rows=390
2025-12-15 11:33:18 [INFO] __main__ - [compute_lap_features_for_driver] driver=44 lap=36 KEEP, status=GREEN, duration=101.9s
2025-12-15 11:33:18 [DEBUG] __main__ - [get_openf1] GET https://api.openf1.org/v1/car_data params={'session_key': 9558, 'driver_number': 44, 'date>': '2024-07-07T14:59:16.820000+00:00', 'date<': '2024-07-07T15:00:58.721000+00:00'}
2025-12-15 11:33:19 [DEBUG] __main__ - [compute_lap_features_for_driver] driver=44 lap=36, car_data rows=373
2025-12-15 11:33:19 [INFO] __main__ - [compute_lap_features_for_driver] driver=44 lap=37 KEEP, status=GREEN, duration=99.7s
2025-12-15 11:33:19 [DEBUG] __main__ - [get_openf1] GET https://api.openf1.org/v1/car_data params={'session_key': 9558, 'driver_number': 44, 'date>': '2024-07-07T15:00:58.721000+00:00', 'date<': '2024-07-07T15:02:38.413000+00:00'}
2025-12-15 11:33:20 [DEBUG] __main__ - [compute_lap_features_for_driver] driver=44 lap=37, car_data rows=372
2025-12-15 11:33:20 [INFO] __main__ - [compute_lap_features_for_driver] driver=44 lap=38 KEEP, status=GREEN, duration=97.2s
2025-12-15 11:33:20 [DEBUG] __main__ - [get_openf1] GET https://api.openf1.org/v1/car_data params={'session_key': 9558, 'driver_number': 44, 'date>': '2024-07-07T15:02:38.413000+00:00', 'date<': '2024-07-07T15:04:15.601000+00:00'}
2025-12-15 11:33:22 [DEBUG] __main__ - [compute_lap_features_for_driver] driver=44 lap=38, car_data rows=362
2025-12-15 11:33:22 [INFO] __main__ - [compute_lap_features_for_driver] driver=44 lap=39 KEEP, status=GREEN, duration=117.5s
2025-12-15 11:33:22 [DEBUG] __main__ - [get_openf1] GET https://api.openf1.org/v1/car_data params={'session_key': 9558, 'driver_number': 44, 'date>': '2024-07-07T15:04:15.601000+00:00', 'date<': '2024-07-07T15:06:13.073000+00:00'}
2025-12-15 11:33:23 [DEBUG] __main__ - [compute_lap_features_for_driver] driver=44 lap=39, car_data rows=454
2025-12-15 11:33:23 [INFO] __main__ - [compute_lap_features_for_driver] driver=44 lap=40 KEEP, status=GREEN, duration=90.4s
2025-12-15 11:33:23 [DEBUG] __main__ - [get_openf1] GET https://api.openf1.org/v1/car_data params={'session_key': 9558, 'driver_number': 44, 'date>': '2024-07-07T15:06:13.073000+00:00', 'date<': '2024-07-07T15:07:43.491000+00:00'}
2025-12-15 11:33:23 [DEBUG] __main__ - [compute_lap_features_for_driver] driver=44 lap=40, car_data rows=339
2025-12-15 11:33:23 [INFO] __main__ - [compute_lap_features_for_driver] driver=44 lap=41 KEEP, status=GREEN, duration=90.0s
2025-12-15 11:33:23 [DEBUG] __main__ - [get_openf1] GET https://api.openf1.org/v1/car_data params={'session_key': 9558, 'driver_number': 44, 'date>': '2024-07-07T15:07:43.491000+00:00', 'date<': '2024-07-07T15:09:13.478000+00:00'}
2025-12-15 11:33:24 [DEBUG] __main__ - [compute_lap_features_for_driver] driver=44 lap=41, car_data rows=349
2025-12-15 11:33:24 [INFO] __main__ - [compute_lap_features_for_driver] driver=44 lap=42 KEEP, status=GREEN, duration=89.6s
2025-12-15 11:33:24 [DEBUG] __main__ - [get_openf1] GET https://api.openf1.org/v1/car_data params={'session_key': 9558, 'driver_number': 44, 'date>': '2024-07-07T15:09:13.478000+00:00', 'date<': '2024-07-07T15:10:43.050000+00:00'}
2025-12-15 11:33:25 [DEBUG] __main__ - [compute_lap_features_for_driver] driver=44 lap=42, car_data rows=349
2025-12-15 11:33:25 [INFO] __main__ - [compute_lap_features_for_driver] driver=44 lap=43 KEEP, status=GREEN, duration=89.8s
2025-12-15 11:33:25 [DEBUG] __main__ - [get_openf1] GET https://api.openf1.org/v1/car_data params={'session_key': 9558, 'driver_number': 44, 'date>': '2024-07-07T15:10:43.050000+00:00', 'date<': '2024-07-07T15:12:12.874000+00:00'}
2025-12-15 11:33:25 [DEBUG] __main__ - [compute_lap_features_for_driver] driver=44 lap=43, car_data rows=348
2025-12-15 11:33:25 [INFO] __main__ - [compute_lap_features_for_driver] driver=44 lap=44 KEEP, status=GREEN, duration=89.7s
2025-12-15 11:33:25 [DEBUG] __main__ - [get_openf1] GET https://api.openf1.org/v1/car_data params={'session_key': 9558, 'driver_number': 44, 'date>': '2024-07-07T15:12:12.874000+00:00', 'date<': '2024-07-07T15:13:42.570000+00:00'}
2025-12-15 11:33:26 [DEBUG] __main__ - [compute_lap_features_for_driver] driver=44 lap=44, car_data rows=345
2025-12-15 11:33:26 [INFO] __main__ - [compute_lap_features_for_driver] driver=44 lap=45 KEEP, status=GREEN, duration=89.5s
2025-12-15 11:33:26 [DEBUG] __main__ - [get_openf1] GET https://api.openf1.org/v1/car_data params={'session_key': 9558, 'driver_number': 44, 'date>': '2024-07-07T15:13:42.570000+00:00', 'date<': '2024-07-07T15:15:12.033000+00:00'}
2025-12-15 11:33:26 [DEBUG] __main__ - [compute_lap_features_for_driver] driver=44 lap=45, car_data rows=339
2025-12-15 11:33:26 [INFO] __main__ - [compute_lap_features_for_driver] driver=44 lap=46 KEEP, status=GREEN, duration=89.6s
2025-12-15 11:33:26 [DEBUG] __main__ - [get_openf1] GET https://api.openf1.org/v1/car_data params={'session_key': 9558, 'driver_number': 44, 'date>': '2024-07-07T15:15:12.033000+00:00', 'date<': '2024-07-07T15:16:41.627000+00:00'}
2025-12-15 11:33:27 [DEBUG] __main__ - [compute_lap_features_for_driver] driver=44 lap=46, car_data rows=346
2025-12-15 11:33:27 [INFO] __main__ - [compute_lap_features_for_driver] driver=44 lap=47 KEEP, status=GREEN, duration=89.6s
2025-12-15 11:33:27 [DEBUG] __main__ - [get_openf1] GET https://api.openf1.org/v1/car_data params={'session_key': 9558, 'driver_number': 44, 'date>': '2024-07-07T15:16:41.627000+00:00', 'date<': '2024-07-07T15:18:11.268000+00:00'}
2025-12-15 11:33:27 [DEBUG] __main__ - [compute_lap_features_for_driver] driver=44 lap=47, car_data rows=342
2025-12-15 11:33:27 [INFO] __main__ - [compute_lap_features_for_driver] driver=44 lap=48 KEEP, status=GREEN, duration=89.5s
2025-12-15 11:33:27 [DEBUG] __main__ - [get_openf1] GET https://api.openf1.org/v1/car_data params={'session_key': 9558, 'driver_number': 44, 'date>': '2024-07-07T15:18:11.268000+00:00', 'date<': '2024-07-07T15:19:40.785000+00:00'}
2025-12-15 11:33:28 [DEBUG] __main__ - [compute_lap_features_for_driver] driver=44 lap=48, car_data rows=335
2025-12-15 11:33:28 [INFO] __main__ - [compute_lap_features_for_driver] driver=44 lap=49 KEEP, status=GREEN, duration=89.6s
2025-12-15 11:33:28 [DEBUG] __main__ - [get_openf1] GET https://api.openf1.org/v1/car_data params={'session_key': 9558, 'driver_number': 44, 'date>': '2024-07-07T15:19:40.785000+00:00', 'date<': '2024-07-07T15:21:10.411000+00:00'}
2025-12-15 11:33:29 [DEBUG] __main__ - [compute_lap_features_for_driver] driver=44 lap=49, car_data rows=330
2025-12-15 11:33:29 [INFO] __main__ - [compute_lap_features_for_driver] driver=44 lap=50 KEEP, status=GREEN, duration=89.8s
2025-12-15 11:33:29 [DEBUG] __main__ - [get_openf1] GET https://api.openf1.org/v1/car_data params={'session_key': 9558, 'driver_number': 44, 'date>': '2024-07-07T15:21:10.411000+00:00', 'date<': '2024-07-07T15:22:40.226000+00:00'}
2025-12-15 11:33:29 [DEBUG] __main__ - [compute_lap_features_for_driver] driver=44 lap=50, car_data rows=347
2025-12-15 11:33:29 [INFO] __main__ - [compute_lap_features_for_driver] driver=44 lap=51 KEEP, status=GREEN, duration=89.7s
2025-12-15 11:33:29 [DEBUG] __main__ - [get_openf1] GET https://api.openf1.org/v1/car_data params={'session_key': 9558, 'driver_number': 44, 'date>': '2024-07-07T15:22:40.226000+00:00', 'date<': '2024-07-07T15:24:09.955000+00:00'}
2025-12-15 11:33:30 [DEBUG] __main__ - [compute_lap_features_for_driver] driver=44 lap=51, car_data rows=348
2025-12-15 11:33:30 [INFO] __main__ - [compute_lap_features_for_driver] driver=44 lap=52 DROP (CHEQUERED_FLAG_LAP), status=RED_FLAG;CHEQUERED, duration=nans
2025-12-15 11:33:30 [INFO] __main__ - [compute_lap_features_for_driver] driver=44, feature laps=[2, 3, 4, 5, 6, 7, 8, 9, 10, 11, 12, 13, 14, 15, 16, 17, 18, 19, 20, 21, 22, 23, 24, 25, 26, 27, 28, 29, 30, 31, 32, 33, 34, 35, 36, 37, 38, 39, 40, 41, 42, 43, 44, 45, 46, 47, 48, 49, 50, 51]
2025-12-15 11:33:30 [INFO] __main__ - [build_driver_style_embedding_json] compute features for driver=63
2025-12-15 11:33:30 [DEBUG] __main__ - [get_openf1] GET https://api.openf1.org/v1/laps params={'session_key': 9558, 'driver_number': 63}
2025-12-15 11:33:31 [DEBUG] __main__ - [get_openf1] GET https://api.openf1.org/v1/sessions params={'session_key': 9558}
2025-12-15 11:33:31 [INFO] __main__ - [fetch_session_start] session_key=9558, date_start=2024-07-07 14:00:00+00:00
2025-12-15 11:33:31 [INFO] __main__ - [fetch_race_start_time] use first GREEN as race_start: 2024-07-07 13:20:00+00:00
2025-12-15 11:33:31 [INFO] __main__ - [fetch_laps] fill lap 1 date_start with race_start=2024-07-07 13:20:00+00:00
2025-12-15 11:33:31 [INFO] __main__ - [fetch_laps] driver=63, laps: min=1, max=34, count=34
2025-12-15 11:33:31 [DEBUG] __main__ - [fetch_laps] head:
   meeting_key  session_key  ...  st_speed  lap_duration_s
0         1240         9558  ...     290.0        2688.099
1         1240         9558  ...     299.0          91.584
2         1240         9558  ...     290.0          91.267
3         1240         9558  ...     292.0          91.757
4         1240         9558  ...     292.0          91.545

[5 rows x 17 columns]
2025-12-15 11:33:31 [DEBUG] __main__ - [build_lap_status_mapping] status_by_lap={1: 'GREEN', 2: 'GREEN', 3: 'GREEN', 4: 'GREEN', 5: 'GREEN', 6: 'GREEN', 7: 'GREEN', 8: 'GREEN', 9: 'GREEN', 10: 'GREEN', 11: 'GREEN', 12: 'GREEN', 13: 'GREEN', 14: 'GREEN', 15: 'GREEN', 16: 'GREEN', 17: 'GREEN', 18: 'GREEN', 19: 'GREEN', 20: 'GREEN', 21: 'GREEN', 22: 'GREEN', 23: 'GREEN', 24: 'GREEN', 25: 'GREEN', 26: 'GREEN', 27: 'GREEN', 28: 'GREEN', 29: 'GREEN', 30: 'GREEN', 31: 'GREEN', 32: 'GREEN', 33: 'GREEN', 34: 'RED_FLAG;CHEQUERED'}
2025-12-15 11:33:31 [INFO] __main__ - [compute_lap_features_for_driver] driver=63, typical_duration_s=91.7895
2025-12-15 11:33:31 [INFO] __main__ - [compute_lap_features_for_driver] driver=63 lap=1 DROP (LONG_LAP_2688.1s), status=GREEN, duration=2688.1s
2025-12-15 11:33:31 [INFO] __main__ - [compute_lap_features_for_driver] driver=63 lap=2 KEEP, status=GREEN, duration=91.6s
2025-12-15 11:33:31 [DEBUG] __main__ - [get_openf1] GET https://api.openf1.org/v1/car_data params={'session_key': 9558, 'driver_number': 63, 'date>': '2024-07-07T14:04:48.099000+00:00', 'date<': '2024-07-07T14:06:19.683000+00:00'}
2025-12-15 11:33:32 [DEBUG] __main__ - [compute_lap_features_for_driver] driver=63 lap=2, car_data rows=343
2025-12-15 11:33:32 [INFO] __main__ - [compute_lap_features_for_driver] driver=63 lap=3 KEEP, status=GREEN, duration=91.3s
2025-12-15 11:33:32 [DEBUG] __main__ - [get_openf1] GET https://api.openf1.org/v1/car_data params={'session_key': 9558, 'driver_number': 63, 'date>': '2024-07-07T14:06:19.683000+00:00', 'date<': '2024-07-07T14:07:50.950000+00:00'}
2025-12-15 11:33:33 [DEBUG] __main__ - [compute_lap_features_for_driver] driver=63 lap=3, car_data rows=354
2025-12-15 11:33:33 [INFO] __main__ - [compute_lap_features_for_driver] driver=63 lap=4 KEEP, status=GREEN, duration=91.8s
2025-12-15 11:33:33 [DEBUG] __main__ - [get_openf1] GET https://api.openf1.org/v1/car_data params={'session_key': 9558, 'driver_number': 63, 'date>': '2024-07-07T14:07:50.950000+00:00', 'date<': '2024-07-07T14:09:22.707000+00:00'}
2025-12-15 11:33:33 [DEBUG] __main__ - [compute_lap_features_for_driver] driver=63 lap=4, car_data rows=337
2025-12-15 11:33:33 [INFO] __main__ - [compute_lap_features_for_driver] driver=63 lap=5 KEEP, status=GREEN, duration=91.5s
2025-12-15 11:33:33 [DEBUG] __main__ - [get_openf1] GET https://api.openf1.org/v1/car_data params={'session_key': 9558, 'driver_number': 63, 'date>': '2024-07-07T14:09:22.707000+00:00', 'date<': '2024-07-07T14:10:54.252000+00:00'}
2025-12-15 11:33:34 [DEBUG] __main__ - [compute_lap_features_for_driver] driver=63 lap=5, car_data rows=336
2025-12-15 11:33:34 [INFO] __main__ - [compute_lap_features_for_driver] driver=63 lap=6 KEEP, status=GREEN, duration=91.8s
2025-12-15 11:33:34 [DEBUG] __main__ - [get_openf1] GET https://api.openf1.org/v1/car_data params={'session_key': 9558, 'driver_number': 63, 'date>': '2024-07-07T14:10:54.252000+00:00', 'date<': '2024-07-07T14:12:26.014000+00:00'}
2025-12-15 11:33:35 [DEBUG] __main__ - [compute_lap_features_for_driver] driver=63 lap=6, car_data rows=353
2025-12-15 11:33:35 [INFO] __main__ - [compute_lap_features_for_driver] driver=63 lap=7 KEEP, status=GREEN, duration=91.6s
2025-12-15 11:33:35 [DEBUG] __main__ - [get_openf1] GET https://api.openf1.org/v1/car_data params={'session_key': 9558, 'driver_number': 63, 'date>': '2024-07-07T14:12:26.014000+00:00', 'date<': '2024-07-07T14:13:57.639000+00:00'}
2025-12-15 11:33:36 [DEBUG] __main__ - [compute_lap_features_for_driver] driver=63 lap=7, car_data rows=347
2025-12-15 11:33:36 [INFO] __main__ - [compute_lap_features_for_driver] driver=63 lap=8 KEEP, status=GREEN, duration=91.8s
2025-12-15 11:33:36 [DEBUG] __main__ - [get_openf1] GET https://api.openf1.org/v1/car_data params={'session_key': 9558, 'driver_number': 63, 'date>': '2024-07-07T14:13:57.639000+00:00', 'date<': '2024-07-07T14:15:29.420000+00:00'}
2025-12-15 11:33:36 [DEBUG] __main__ - [compute_lap_features_for_driver] driver=63 lap=8, car_data rows=342
2025-12-15 11:33:36 [INFO] __main__ - [compute_lap_features_for_driver] driver=63 lap=9 KEEP, status=GREEN, duration=91.5s
2025-12-15 11:33:36 [DEBUG] __main__ - [get_openf1] GET https://api.openf1.org/v1/car_data params={'session_key': 9558, 'driver_number': 63, 'date>': '2024-07-07T14:15:29.420000+00:00', 'date<': '2024-07-07T14:17:00.895000+00:00'}
2025-12-15 11:33:37 [DEBUG] __main__ - [compute_lap_features_for_driver] driver=63 lap=9, car_data rows=354
2025-12-15 11:33:37 [INFO] __main__ - [compute_lap_features_for_driver] driver=63 lap=10 KEEP, status=GREEN, duration=91.7s
2025-12-15 11:33:37 [DEBUG] __main__ - [get_openf1] GET https://api.openf1.org/v1/car_data params={'session_key': 9558, 'driver_number': 63, 'date>': '2024-07-07T14:17:00.895000+00:00', 'date<': '2024-07-07T14:18:32.560000+00:00'}
2025-12-15 11:33:39 [DEBUG] __main__ - [compute_lap_features_for_driver] driver=63 lap=10, car_data rows=355
2025-12-15 11:33:39 [INFO] __main__ - [compute_lap_features_for_driver] driver=63 lap=11 KEEP, status=GREEN, duration=91.7s
2025-12-15 11:33:39 [DEBUG] __main__ - [get_openf1] GET https://api.openf1.org/v1/car_data params={'session_key': 9558, 'driver_number': 63, 'date>': '2024-07-07T14:18:32.560000+00:00', 'date<': '2024-07-07T14:20:04.225000+00:00'}
2025-12-15 11:33:39 [DEBUG] __main__ - [compute_lap_features_for_driver] driver=63 lap=11, car_data rows=342
2025-12-15 11:33:39 [INFO] __main__ - [compute_lap_features_for_driver] driver=63 lap=12 KEEP, status=GREEN, duration=91.5s
2025-12-15 11:33:39 [DEBUG] __main__ - [get_openf1] GET https://api.openf1.org/v1/car_data params={'session_key': 9558, 'driver_number': 63, 'date>': '2024-07-07T14:20:04.225000+00:00', 'date<': '2024-07-07T14:21:35.771000+00:00'}
2025-12-15 11:33:40 [DEBUG] __main__ - [compute_lap_features_for_driver] driver=63 lap=12, car_data rows=345
2025-12-15 11:33:40 [INFO] __main__ - [compute_lap_features_for_driver] driver=63 lap=13 KEEP, status=GREEN, duration=91.8s
2025-12-15 11:33:40 [DEBUG] __main__ - [get_openf1] GET https://api.openf1.org/v1/car_data params={'session_key': 9558, 'driver_number': 63, 'date>': '2024-07-07T14:21:35.771000+00:00', 'date<': '2024-07-07T14:23:07.569000+00:00'}
2025-12-15 11:33:41 [DEBUG] __main__ - [compute_lap_features_for_driver] driver=63 lap=13, car_data rows=357
2025-12-15 11:33:41 [INFO] __main__ - [compute_lap_features_for_driver] driver=63 lap=14 KEEP, status=GREEN, duration=91.5s
2025-12-15 11:33:41 [DEBUG] __main__ - [get_openf1] GET https://api.openf1.org/v1/car_data params={'session_key': 9558, 'driver_number': 63, 'date>': '2024-07-07T14:23:07.569000+00:00', 'date<': '2024-07-07T14:24:39.071000+00:00'}
2025-12-15 11:33:42 [DEBUG] __main__ - [compute_lap_features_for_driver] driver=63 lap=14, car_data rows=361
2025-12-15 11:33:42 [INFO] __main__ - [compute_lap_features_for_driver] driver=63 lap=15 KEEP, status=GREEN, duration=91.4s
2025-12-15 11:33:42 [DEBUG] __main__ - [get_openf1] GET https://api.openf1.org/v1/car_data params={'session_key': 9558, 'driver_number': 63, 'date>': '2024-07-07T14:24:39.071000+00:00', 'date<': '2024-07-07T14:26:10.452000+00:00'}
2025-12-15 11:33:42 [DEBUG] __main__ - [compute_lap_features_for_driver] driver=63 lap=15, car_data rows=341
2025-12-15 11:33:42 [INFO] __main__ - [compute_lap_features_for_driver] driver=63 lap=16 KEEP, status=GREEN, duration=91.7s
2025-12-15 11:33:42 [DEBUG] __main__ - [get_openf1] GET https://api.openf1.org/v1/car_data params={'session_key': 9558, 'driver_number': 63, 'date>': '2024-07-07T14:26:10.452000+00:00', 'date<': '2024-07-07T14:27:42.140000+00:00'}
2025-12-15 11:33:43 [DEBUG] __main__ - [compute_lap_features_for_driver] driver=63 lap=16, car_data rows=338
2025-12-15 11:33:43 [INFO] __main__ - [compute_lap_features_for_driver] driver=63 lap=17 KEEP, status=GREEN, duration=94.8s
2025-12-15 11:33:43 [DEBUG] __main__ - [get_openf1] GET https://api.openf1.org/v1/car_data params={'session_key': 9558, 'driver_number': 63, 'date>': '2024-07-07T14:27:42.140000+00:00', 'date<': '2024-07-07T14:29:16.964000+00:00'}
2025-12-15 11:33:44 [DEBUG] __main__ - [compute_lap_features_for_driver] driver=63 lap=17, car_data rows=358
2025-12-15 11:33:44 [INFO] __main__ - [compute_lap_features_for_driver] driver=63 lap=18 KEEP, status=GREEN, duration=96.4s
2025-12-15 11:33:44 [DEBUG] __main__ - [get_openf1] GET https://api.openf1.org/v1/car_data params={'session_key': 9558, 'driver_number': 63, 'date>': '2024-07-07T14:29:16.964000+00:00', 'date<': '2024-07-07T14:30:53.372000+00:00'}
2025-12-15 11:33:44 [DEBUG] __main__ - [compute_lap_features_for_driver] driver=63 lap=18, car_data rows=354
2025-12-15 11:33:44 [INFO] __main__ - [compute_lap_features_for_driver] driver=63 lap=19 KEEP, status=GREEN, duration=104.1s
2025-12-15 11:33:44 [DEBUG] __main__ - [get_openf1] GET https://api.openf1.org/v1/car_data params={'session_key': 9558, 'driver_number': 63, 'date>': '2024-07-07T14:30:53.372000+00:00', 'date<': '2024-07-07T14:32:37.425000+00:00'}
2025-12-15 11:33:45 [DEBUG] __main__ - [compute_lap_features_for_driver] driver=63 lap=19, car_data rows=391
2025-12-15 11:33:45 [INFO] __main__ - [compute_lap_features_for_driver] driver=63 lap=20 KEEP, status=GREEN, duration=100.1s
2025-12-15 11:33:45 [DEBUG] __main__ - [get_openf1] GET https://api.openf1.org/v1/car_data params={'session_key': 9558, 'driver_number': 63, 'date>': '2024-07-07T14:32:37.425000+00:00', 'date<': '2024-07-07T14:34:17.501000+00:00'}
2025-12-15 11:33:46 [DEBUG] __main__ - [compute_lap_features_for_driver] driver=63 lap=20, car_data rows=383
2025-12-15 11:33:46 [INFO] __main__ - [compute_lap_features_for_driver] driver=63 lap=21 KEEP, status=GREEN, duration=92.7s
2025-12-15 11:33:46 [DEBUG] __main__ - [get_openf1] GET https://api.openf1.org/v1/car_data params={'session_key': 9558, 'driver_number': 63, 'date>': '2024-07-07T14:34:17.501000+00:00', 'date<': '2024-07-07T14:35:50.207000+00:00'}
2025-12-15 11:33:47 [DEBUG] __main__ - [compute_lap_features_for_driver] driver=63 lap=21, car_data rows=363
2025-12-15 11:33:47 [INFO] __main__ - [compute_lap_features_for_driver] driver=63 lap=22 KEEP, status=GREEN, duration=91.3s
2025-12-15 11:33:47 [DEBUG] __main__ - [get_openf1] GET https://api.openf1.org/v1/car_data params={'session_key': 9558, 'driver_number': 63, 'date>': '2024-07-07T14:35:50.207000+00:00', 'date<': '2024-07-07T14:37:21.555000+00:00'}
2025-12-15 11:33:47 [DEBUG] __main__ - [compute_lap_features_for_driver] driver=63 lap=22, car_data rows=339
2025-12-15 11:33:47 [INFO] __main__ - [compute_lap_features_for_driver] driver=63 lap=23 KEEP, status=GREEN, duration=91.5s
2025-12-15 11:33:47 [DEBUG] __main__ - [get_openf1] GET https://api.openf1.org/v1/car_data params={'session_key': 9558, 'driver_number': 63, 'date>': '2024-07-07T14:37:21.555000+00:00', 'date<': '2024-07-07T14:38:53.069000+00:00'}
2025-12-15 11:33:48 [DEBUG] __main__ - [compute_lap_features_for_driver] driver=63 lap=23, car_data rows=355
2025-12-15 11:33:48 [INFO] __main__ - [compute_lap_features_for_driver] driver=63 lap=24 KEEP, status=GREEN, duration=91.9s
2025-12-15 11:33:48 [DEBUG] __main__ - [get_openf1] GET https://api.openf1.org/v1/car_data params={'session_key': 9558, 'driver_number': 63, 'date>': '2024-07-07T14:38:53.069000+00:00', 'date<': '2024-07-07T14:40:25.003000+00:00'}
2025-12-15 11:33:49 [DEBUG] __main__ - [compute_lap_features_for_driver] driver=63 lap=24, car_data rows=366
2025-12-15 11:33:49 [INFO] __main__ - [compute_lap_features_for_driver] driver=63 lap=25 KEEP, status=GREEN, duration=94.7s
2025-12-15 11:33:49 [DEBUG] __main__ - [get_openf1] GET https://api.openf1.org/v1/car_data params={'session_key': 9558, 'driver_number': 63, 'date>': '2024-07-07T14:40:25.003000+00:00', 'date<': '2024-07-07T14:41:59.699000+00:00'}
2025-12-15 11:33:49 [DEBUG] __main__ - [compute_lap_features_for_driver] driver=63 lap=25, car_data rows=362
2025-12-15 11:33:49 [INFO] __main__ - [compute_lap_features_for_driver] driver=63 lap=26 KEEP, status=GREEN, duration=100.1s
2025-12-15 11:33:49 [DEBUG] __main__ - [get_openf1] GET https://api.openf1.org/v1/car_data params={'session_key': 9558, 'driver_number': 63, 'date>': '2024-07-07T14:41:59.699000+00:00', 'date<': '2024-07-07T14:43:39.776000+00:00'}
2025-12-15 11:33:50 [DEBUG] __main__ - [compute_lap_features_for_driver] driver=63 lap=26, car_data rows=386
2025-12-15 11:33:50 [INFO] __main__ - [compute_lap_features_for_driver] driver=63 lap=27 KEEP, status=GREEN, duration=107.7s
2025-12-15 11:33:50 [DEBUG] __main__ - [get_openf1] GET https://api.openf1.org/v1/car_data params={'session_key': 9558, 'driver_number': 63, 'date>': '2024-07-07T14:43:39.776000+00:00', 'date<': '2024-07-07T14:45:27.462000+00:00'}
2025-12-15 11:33:51 [DEBUG] __main__ - [compute_lap_features_for_driver] driver=63 lap=27, car_data rows=400
2025-12-15 11:33:51 [INFO] __main__ - [compute_lap_features_for_driver] driver=63 lap=28 KEEP, status=GREEN, duration=124.3s
2025-12-15 11:33:51 [DEBUG] __main__ - [get_openf1] GET https://api.openf1.org/v1/car_data params={'session_key': 9558, 'driver_number': 63, 'date>': '2024-07-07T14:45:27.462000+00:00', 'date<': '2024-07-07T14:47:31.764000+00:00'}
2025-12-15 11:33:52 [DEBUG] __main__ - [compute_lap_features_for_driver] driver=63 lap=28, car_data rows=469
2025-12-15 11:33:52 [INFO] __main__ - [compute_lap_features_for_driver] driver=63 lap=29 KEEP, status=GREEN, duration=100.3s
2025-12-15 11:33:52 [DEBUG] __main__ - [get_openf1] GET https://api.openf1.org/v1/car_data params={'session_key': 9558, 'driver_number': 63, 'date>': '2024-07-07T14:47:31.764000+00:00', 'date<': '2024-07-07T14:49:12.059000+00:00'}
2025-12-15 11:33:53 [DEBUG] __main__ - [compute_lap_features_for_driver] driver=63 lap=29, car_data rows=379
2025-12-15 11:33:53 [INFO] __main__ - [compute_lap_features_for_driver] driver=63 lap=30 KEEP, status=GREEN, duration=101.4s
2025-12-15 11:33:53 [DEBUG] __main__ - [get_openf1] GET https://api.openf1.org/v1/car_data params={'session_key': 9558, 'driver_number': 63, 'date>': '2024-07-07T14:49:12.059000+00:00', 'date<': '2024-07-07T14:50:53.411000+00:00'}
2025-12-15 11:33:53 [DEBUG] __main__ - [compute_lap_features_for_driver] driver=63 lap=30, car_data rows=383
2025-12-15 11:33:53 [INFO] __main__ - [compute_lap_features_for_driver] driver=63 lap=31 KEEP, status=GREEN, duration=101.9s
2025-12-15 11:33:53 [DEBUG] __main__ - [get_openf1] GET https://api.openf1.org/v1/car_data params={'session_key': 9558, 'driver_number': 63, 'date>': '2024-07-07T14:50:53.411000+00:00', 'date<': '2024-07-07T14:52:35.342000+00:00'}
2025-12-15 11:33:54 [DEBUG] __main__ - [compute_lap_features_for_driver] driver=63 lap=31, car_data rows=392
2025-12-15 11:33:54 [INFO] __main__ - [compute_lap_features_for_driver] driver=63 lap=32 KEEP, status=GREEN, duration=103.0s
2025-12-15 11:33:54 [DEBUG] __main__ - [get_openf1] GET https://api.openf1.org/v1/car_data params={'session_key': 9558, 'driver_number': 63, 'date>': '2024-07-07T14:52:35.342000+00:00', 'date<': '2024-07-07T14:54:18.380000+00:00'}
2025-12-15 11:33:55 [DEBUG] __main__ - [compute_lap_features_for_driver] driver=63 lap=32, car_data rows=397
2025-12-15 11:33:55 [INFO] __main__ - [compute_lap_features_for_driver] driver=63 lap=33 KEEP, status=GREEN, duration=106.3s
2025-12-15 11:33:55 [DEBUG] __main__ - [get_openf1] GET https://api.openf1.org/v1/car_data params={'session_key': 9558, 'driver_number': 63, 'date>': '2024-07-07T14:54:18.380000+00:00', 'date<': '2024-07-07T14:56:04.669000+00:00'}
2025-12-15 11:33:56 [DEBUG] __main__ - [compute_lap_features_for_driver] driver=63 lap=33, car_data rows=390
2025-12-15 11:33:56 [INFO] __main__ - [compute_lap_features_for_driver] driver=63 lap=34 DROP (CHEQUERED_FLAG_LAP), status=RED_FLAG;CHEQUERED, duration=nans
2025-12-15 11:33:56 [INFO] __main__ - [compute_lap_features_for_driver] driver=63, feature laps=[2, 3, 4, 5, 6, 7, 8, 9, 10, 11, 12, 13, 14, 15, 16, 17, 18, 19, 20, 21, 22, 23, 24, 25, 26, 27, 28, 29, 30, 31, 32, 33]
2025-12-15 11:33:56 [INFO] __main__ - [build_driver_style_embedding_json] compute features for driver=24
2025-12-15 11:33:56 [DEBUG] __main__ - [get_openf1] GET https://api.openf1.org/v1/laps params={'session_key': 9558, 'driver_number': 24}
2025-12-15 11:33:57 [DEBUG] __main__ - [get_openf1] GET https://api.openf1.org/v1/sessions params={'session_key': 9558}
2025-12-15 11:33:57 [INFO] __main__ - [fetch_session_start] session_key=9558, date_start=2024-07-07 14:00:00+00:00
2025-12-15 11:33:57 [INFO] __main__ - [fetch_race_start_time] use first GREEN as race_start: 2024-07-07 13:20:00+00:00
2025-12-15 11:33:57 [INFO] __main__ - [fetch_laps] fill lap 1 date_start with race_start=2024-07-07 13:20:00+00:00
2025-12-15 11:33:57 [INFO] __main__ - [fetch_laps] driver=24, laps: min=1, max=50, count=50
2025-12-15 11:33:57 [DEBUG] __main__ - [fetch_laps] head:
   meeting_key  session_key  ...  st_speed  lap_duration_s
0         1240         9558  ...       309        2695.121
1         1240         9558  ...       329          93.639
2         1240         9558  ...       321          93.368
3         1240         9558  ...       321          93.359
4         1240         9558  ...       323          93.239

[5 rows x 17 columns]
2025-12-15 11:33:57 [DEBUG] __main__ - [build_lap_status_mapping] status_by_lap={1: 'GREEN', 2: 'GREEN', 3: 'GREEN', 4: 'GREEN', 5: 'GREEN', 6: 'GREEN', 7: 'GREEN', 8: 'GREEN', 9: 'GREEN', 10: 'GREEN', 11: 'GREEN', 12: 'GREEN', 13: 'GREEN', 14: 'GREEN', 15: 'GREEN', 16: 'GREEN', 17: 'GREEN', 18: 'GREEN', 19: 'GREEN', 20: 'GREEN', 21: 'GREEN', 22: 'GREEN', 23: 'GREEN', 24: 'GREEN', 25: 'GREEN', 26: 'GREEN', 27: 'GREEN', 28: 'GREEN', 29: 'GREEN', 30: 'GREEN', 31: 'GREEN', 32: 'GREEN', 33: 'GREEN', 34: 'GREEN', 35: 'GREEN', 36: 'GREEN', 37: 'GREEN', 38: 'GREEN', 39: 'GREEN', 40: 'GREEN', 41: 'GREEN', 42: 'GREEN', 43: 'GREEN', 44: 'GREEN', 45: 'GREEN', 46: 'GREEN', 47: 'GREEN', 48: 'GREEN', 49: 'GREEN', 50: 'RED_FLAG;CHEQUERED'}
2025-12-15 11:33:57 [INFO] __main__ - [compute_lap_features_for_driver] driver=24, typical_duration_s=96.042
2025-12-15 11:33:57 [INFO] __main__ - [compute_lap_features_for_driver] driver=24 lap=1 DROP (LONG_LAP_2695.1s), status=GREEN, duration=2695.1s
2025-12-15 11:33:57 [INFO] __main__ - [compute_lap_features_for_driver] driver=24 lap=2 KEEP, status=GREEN, duration=93.6s
2025-12-15 11:33:57 [DEBUG] __main__ - [get_openf1] GET https://api.openf1.org/v1/car_data params={'session_key': 9558, 'driver_number': 24, 'date>': '2024-07-07T14:04:55.121000+00:00', 'date<': '2024-07-07T14:06:28.760000+00:00'}
2025-12-15 11:33:58 [DEBUG] __main__ - [compute_lap_features_for_driver] driver=24 lap=2, car_data rows=349
2025-12-15 11:33:58 [INFO] __main__ - [compute_lap_features_for_driver] driver=24 lap=3 KEEP, status=GREEN, duration=93.4s
2025-12-15 11:33:58 [DEBUG] __main__ - [get_openf1] GET https://api.openf1.org/v1/car_data params={'session_key': 9558, 'driver_number': 24, 'date>': '2024-07-07T14:06:28.760000+00:00', 'date<': '2024-07-07T14:08:02.128000+00:00'}
2025-12-15 11:33:59 [DEBUG] __main__ - [compute_lap_features_for_driver] driver=24 lap=3, car_data rows=361
2025-12-15 11:33:59 [INFO] __main__ - [compute_lap_features_for_driver] driver=24 lap=4 KEEP, status=GREEN, duration=93.4s
2025-12-15 11:33:59 [DEBUG] __main__ - [get_openf1] GET https://api.openf1.org/v1/car_data params={'session_key': 9558, 'driver_number': 24, 'date>': '2024-07-07T14:08:02.128000+00:00', 'date<': '2024-07-07T14:09:35.487000+00:00'}
2025-12-15 11:33:59 [DEBUG] __main__ - [compute_lap_features_for_driver] driver=24 lap=4, car_data rows=342
2025-12-15 11:33:59 [INFO] __main__ - [compute_lap_features_for_driver] driver=24 lap=5 KEEP, status=GREEN, duration=93.2s
2025-12-15 11:33:59 [DEBUG] __main__ - [get_openf1] GET https://api.openf1.org/v1/car_data params={'session_key': 9558, 'driver_number': 24, 'date>': '2024-07-07T14:09:35.487000+00:00', 'date<': '2024-07-07T14:11:08.726000+00:00'}
2025-12-15 11:34:02 [DEBUG] __main__ - [compute_lap_features_for_driver] driver=24 lap=5, car_data rows=347
2025-12-15 11:34:02 [INFO] __main__ - [compute_lap_features_for_driver] driver=24 lap=6 KEEP, status=GREEN, duration=93.8s
2025-12-15 11:34:02 [DEBUG] __main__ - [get_openf1] GET https://api.openf1.org/v1/car_data params={'session_key': 9558, 'driver_number': 24, 'date>': '2024-07-07T14:11:08.726000+00:00', 'date<': '2024-07-07T14:12:42.544000+00:00'}
2025-12-15 11:34:04 [DEBUG] __main__ - [compute_lap_features_for_driver] driver=24 lap=6, car_data rows=361
2025-12-15 11:34:04 [INFO] __main__ - [compute_lap_features_for_driver] driver=24 lap=7 KEEP, status=GREEN, duration=94.4s
2025-12-15 11:34:04 [DEBUG] __main__ - [get_openf1] GET https://api.openf1.org/v1/car_data params={'session_key': 9558, 'driver_number': 24, 'date>': '2024-07-07T14:12:42.544000+00:00', 'date<': '2024-07-07T14:14:16.964000+00:00'}
2025-12-15 11:34:04 [DEBUG] __main__ - [compute_lap_features_for_driver] driver=24 lap=7, car_data rows=351
2025-12-15 11:34:04 [INFO] __main__ - [compute_lap_features_for_driver] driver=24 lap=8 KEEP, status=GREEN, duration=96.3s
2025-12-15 11:34:04 [DEBUG] __main__ - [get_openf1] GET https://api.openf1.org/v1/car_data params={'session_key': 9558, 'driver_number': 24, 'date>': '2024-07-07T14:14:16.964000+00:00', 'date<': '2024-07-07T14:15:53.314000+00:00'}
2025-12-15 11:34:05 [DEBUG] __main__ - [compute_lap_features_for_driver] driver=24 lap=8, car_data rows=367
2025-12-15 11:34:05 [INFO] __main__ - [compute_lap_features_for_driver] driver=24 lap=9 KEEP, status=GREEN, duration=95.4s
2025-12-15 11:34:05 [DEBUG] __main__ - [get_openf1] GET https://api.openf1.org/v1/car_data params={'session_key': 9558, 'driver_number': 24, 'date>': '2024-07-07T14:15:53.314000+00:00', 'date<': '2024-07-07T14:17:28.725000+00:00'}
2025-12-15 11:34:06 [DEBUG] __main__ - [compute_lap_features_for_driver] driver=24 lap=9, car_data rows=370
2025-12-15 11:34:06 [INFO] __main__ - [compute_lap_features_for_driver] driver=24 lap=10 KEEP, status=GREEN, duration=95.7s
2025-12-15 11:34:06 [DEBUG] __main__ - [get_openf1] GET https://api.openf1.org/v1/car_data params={'session_key': 9558, 'driver_number': 24, 'date>': '2024-07-07T14:17:28.725000+00:00', 'date<': '2024-07-07T14:19:04.459000+00:00'}
2025-12-15 11:34:07 [DEBUG] __main__ - [compute_lap_features_for_driver] driver=24 lap=10, car_data rows=362
2025-12-15 11:34:07 [INFO] __main__ - [compute_lap_features_for_driver] driver=24 lap=11 KEEP, status=GREEN, duration=95.0s
2025-12-15 11:34:07 [DEBUG] __main__ - [get_openf1] GET https://api.openf1.org/v1/car_data params={'session_key': 9558, 'driver_number': 24, 'date>': '2024-07-07T14:19:04.459000+00:00', 'date<': '2024-07-07T14:20:39.493000+00:00'}
2025-12-15 11:34:07 [DEBUG] __main__ - [compute_lap_features_for_driver] driver=24 lap=11, car_data rows=365
2025-12-15 11:34:07 [INFO] __main__ - [compute_lap_features_for_driver] driver=24 lap=12 KEEP, status=GREEN, duration=94.3s
2025-12-15 11:34:07 [DEBUG] __main__ - [get_openf1] GET https://api.openf1.org/v1/car_data params={'session_key': 9558, 'driver_number': 24, 'date>': '2024-07-07T14:20:39.493000+00:00', 'date<': '2024-07-07T14:22:13.751000+00:00'}
2025-12-15 11:34:08 [DEBUG] __main__ - [compute_lap_features_for_driver] driver=24 lap=12, car_data rows=349
2025-12-15 11:34:08 [INFO] __main__ - [compute_lap_features_for_driver] driver=24 lap=13 KEEP, status=GREEN, duration=115.0s
2025-12-15 11:34:08 [DEBUG] __main__ - [get_openf1] GET https://api.openf1.org/v1/car_data params={'session_key': 9558, 'driver_number': 24, 'date>': '2024-07-07T14:22:13.751000+00:00', 'date<': '2024-07-07T14:24:08.767000+00:00'}
2025-12-15 11:34:09 [DEBUG] __main__ - [compute_lap_features_for_driver] driver=24 lap=13, car_data rows=459
2025-12-15 11:34:09 [INFO] __main__ - [compute_lap_features_for_driver] driver=24 lap=14 KEEP, status=GREEN, duration=92.6s
2025-12-15 11:34:09 [DEBUG] __main__ - [get_openf1] GET https://api.openf1.org/v1/car_data params={'session_key': 9558, 'driver_number': 24, 'date>': '2024-07-07T14:24:08.767000+00:00', 'date<': '2024-07-07T14:25:41.342000+00:00'}
2025-12-15 11:34:10 [DEBUG] __main__ - [compute_lap_features_for_driver] driver=24 lap=14, car_data rows=350
2025-12-15 11:34:10 [INFO] __main__ - [compute_lap_features_for_driver] driver=24 lap=15 KEEP, status=GREEN, duration=92.3s
2025-12-15 11:34:10 [DEBUG] __main__ - [get_openf1] GET https://api.openf1.org/v1/car_data params={'session_key': 9558, 'driver_number': 24, 'date>': '2024-07-07T14:25:41.342000+00:00', 'date<': '2024-07-07T14:27:13.686000+00:00'}
2025-12-15 11:34:10 [DEBUG] __main__ - [compute_lap_features_for_driver] driver=24 lap=15, car_data rows=340
2025-12-15 11:34:10 [INFO] __main__ - [compute_lap_features_for_driver] driver=24 lap=16 KEEP, status=GREEN, duration=95.3s
2025-12-15 11:34:10 [DEBUG] __main__ - [get_openf1] GET https://api.openf1.org/v1/car_data params={'session_key': 9558, 'driver_number': 24, 'date>': '2024-07-07T14:27:13.686000+00:00', 'date<': '2024-07-07T14:28:48.978000+00:00'}
2025-12-15 11:34:11 [DEBUG] __main__ - [compute_lap_features_for_driver] driver=24 lap=16, car_data rows=361
2025-12-15 11:34:11 [INFO] __main__ - [compute_lap_features_for_driver] driver=24 lap=17 KEEP, status=GREEN, duration=98.1s
2025-12-15 11:34:11 [DEBUG] __main__ - [get_openf1] GET https://api.openf1.org/v1/car_data params={'session_key': 9558, 'driver_number': 24, 'date>': '2024-07-07T14:28:48.978000+00:00', 'date<': '2024-07-07T14:30:27.050000+00:00'}
2025-12-15 11:34:12 [DEBUG] __main__ - [compute_lap_features_for_driver] driver=24 lap=17, car_data rows=358
2025-12-15 11:34:12 [INFO] __main__ - [compute_lap_features_for_driver] driver=24 lap=18 KEEP, status=GREEN, duration=99.6s
2025-12-15 11:34:12 [DEBUG] __main__ - [get_openf1] GET https://api.openf1.org/v1/car_data params={'session_key': 9558, 'driver_number': 24, 'date>': '2024-07-07T14:30:27.050000+00:00', 'date<': '2024-07-07T14:32:06.641000+00:00'}
2025-12-15 11:34:13 [DEBUG] __main__ - [compute_lap_features_for_driver] driver=24 lap=18, car_data rows=378
2025-12-15 11:34:13 [INFO] __main__ - [compute_lap_features_for_driver] driver=24 lap=19 KEEP, status=GREEN, duration=106.4s
2025-12-15 11:34:13 [DEBUG] __main__ - [get_openf1] GET https://api.openf1.org/v1/car_data params={'session_key': 9558, 'driver_number': 24, 'date>': '2024-07-07T14:32:06.641000+00:00', 'date<': '2024-07-07T14:33:53.001000+00:00'}
2025-12-15 11:34:14 [DEBUG] __main__ - [compute_lap_features_for_driver] driver=24 lap=19, car_data rows=402
2025-12-15 11:34:14 [INFO] __main__ - [compute_lap_features_for_driver] driver=24 lap=20 KEEP, status=GREEN, duration=125.9s
2025-12-15 11:34:14 [DEBUG] __main__ - [get_openf1] GET https://api.openf1.org/v1/car_data params={'session_key': 9558, 'driver_number': 24, 'date>': '2024-07-07T14:33:53.001000+00:00', 'date<': '2024-07-07T14:35:58.897000+00:00'}
2025-12-15 11:34:14 [DEBUG] __main__ - [compute_lap_features_for_driver] driver=24 lap=20, car_data rows=485
2025-12-15 11:34:14 [INFO] __main__ - [compute_lap_features_for_driver] driver=24 lap=21 KEEP, status=GREEN, duration=104.5s
2025-12-15 11:34:14 [DEBUG] __main__ - [get_openf1] GET https://api.openf1.org/v1/car_data params={'session_key': 9558, 'driver_number': 24, 'date>': '2024-07-07T14:35:58.897000+00:00', 'date<': '2024-07-07T14:37:43.402000+00:00'}
2025-12-15 11:34:15 [DEBUG] __main__ - [compute_lap_features_for_driver] driver=24 lap=21, car_data rows=392
2025-12-15 11:34:15 [INFO] __main__ - [compute_lap_features_for_driver] driver=24 lap=22 KEEP, status=GREEN, duration=110.4s
2025-12-15 11:34:15 [DEBUG] __main__ - [get_openf1] GET https://api.openf1.org/v1/car_data params={'session_key': 9558, 'driver_number': 24, 'date>': '2024-07-07T14:37:43.402000+00:00', 'date<': '2024-07-07T14:39:33.805000+00:00'}
2025-12-15 11:34:16 [DEBUG] __main__ - [compute_lap_features_for_driver] driver=24 lap=22, car_data rows=434
2025-12-15 11:34:16 [INFO] __main__ - [compute_lap_features_for_driver] driver=24 lap=23 KEEP, status=GREEN, duration=109.9s
2025-12-15 11:34:16 [DEBUG] __main__ - [get_openf1] GET https://api.openf1.org/v1/car_data params={'session_key': 9558, 'driver_number': 24, 'date>': '2024-07-07T14:39:33.805000+00:00', 'date<': '2024-07-07T14:41:23.752000+00:00'}
2025-12-15 11:34:17 [DEBUG] __main__ - [compute_lap_features_for_driver] driver=24 lap=23, car_data rows=426
2025-12-15 11:34:17 [INFO] __main__ - [compute_lap_features_for_driver] driver=24 lap=24 KEEP, status=GREEN, duration=108.9s
2025-12-15 11:34:17 [DEBUG] __main__ - [get_openf1] GET https://api.openf1.org/v1/car_data params={'session_key': 9558, 'driver_number': 24, 'date>': '2024-07-07T14:41:23.752000+00:00', 'date<': '2024-07-07T14:43:12.693000+00:00'}
2025-12-15 11:34:18 [DEBUG] __main__ - [compute_lap_features_for_driver] driver=24 lap=24, car_data rows=422
2025-12-15 11:34:18 [INFO] __main__ - [compute_lap_features_for_driver] driver=24 lap=25 KEEP, status=GREEN, duration=108.3s
2025-12-15 11:34:18 [DEBUG] __main__ - [get_openf1] GET https://api.openf1.org/v1/car_data params={'session_key': 9558, 'driver_number': 24, 'date>': '2024-07-07T14:43:12.693000+00:00', 'date<': '2024-07-07T14:45:01.020000+00:00'}
2025-12-15 11:34:19 [DEBUG] __main__ - [compute_lap_features_for_driver] driver=24 lap=25, car_data rows=410
2025-12-15 11:34:19 [INFO] __main__ - [compute_lap_features_for_driver] driver=24 lap=26 KEEP, status=GREEN, duration=105.1s
2025-12-15 11:34:19 [DEBUG] __main__ - [get_openf1] GET https://api.openf1.org/v1/car_data params={'session_key': 9558, 'driver_number': 24, 'date>': '2024-07-07T14:45:01.020000+00:00', 'date<': '2024-07-07T14:46:46.143000+00:00'}
2025-12-15 11:34:19 [DEBUG] __main__ - [compute_lap_features_for_driver] driver=24 lap=26, car_data rows=391
2025-12-15 11:34:19 [INFO] __main__ - [compute_lap_features_for_driver] driver=24 lap=27 KEEP, status=GREEN, duration=124.4s
2025-12-15 11:34:19 [DEBUG] __main__ - [get_openf1] GET https://api.openf1.org/v1/car_data params={'session_key': 9558, 'driver_number': 24, 'date>': '2024-07-07T14:46:46.143000+00:00', 'date<': '2024-07-07T14:48:50.518000+00:00'}
2025-12-15 11:34:20 [DEBUG] __main__ - [compute_lap_features_for_driver] driver=24 lap=27, car_data rows=470
2025-12-15 11:34:20 [INFO] __main__ - [compute_lap_features_for_driver] driver=24 lap=28 KEEP, status=GREEN, duration=101.9s
2025-12-15 11:34:20 [DEBUG] __main__ - [get_openf1] GET https://api.openf1.org/v1/car_data params={'session_key': 9558, 'driver_number': 24, 'date>': '2024-07-07T14:48:50.518000+00:00', 'date<': '2024-07-07T14:50:32.456000+00:00'}
2025-12-15 11:34:21 [DEBUG] __main__ - [compute_lap_features_for_driver] driver=24 lap=28, car_data rows=382
2025-12-15 11:34:21 [INFO] __main__ - [compute_lap_features_for_driver] driver=24 lap=29 KEEP, status=GREEN, duration=101.9s
2025-12-15 11:34:21 [DEBUG] __main__ - [get_openf1] GET https://api.openf1.org/v1/car_data params={'session_key': 9558, 'driver_number': 24, 'date>': '2024-07-07T14:50:32.456000+00:00', 'date<': '2024-07-07T14:52:14.388000+00:00'}
2025-12-15 11:34:22 [DEBUG] __main__ - [compute_lap_features_for_driver] driver=24 lap=29, car_data rows=393
2025-12-15 11:34:22 [INFO] __main__ - [compute_lap_features_for_driver] driver=24 lap=30 KEEP, status=GREEN, duration=103.3s
2025-12-15 11:34:22 [DEBUG] __main__ - [get_openf1] GET https://api.openf1.org/v1/car_data params={'session_key': 9558, 'driver_number': 24, 'date>': '2024-07-07T14:52:14.388000+00:00', 'date<': '2024-07-07T14:53:57.642000+00:00'}
2025-12-15 11:34:22 [DEBUG] __main__ - [compute_lap_features_for_driver] driver=24 lap=30, car_data rows=401
2025-12-15 11:34:22 [INFO] __main__ - [compute_lap_features_for_driver] driver=24 lap=31 KEEP, status=GREEN, duration=104.3s
2025-12-15 11:34:22 [DEBUG] __main__ - [get_openf1] GET https://api.openf1.org/v1/car_data params={'session_key': 9558, 'driver_number': 24, 'date>': '2024-07-07T14:53:57.642000+00:00', 'date<': '2024-07-07T14:55:41.942000+00:00'}
2025-12-15 11:34:23 [DEBUG] __main__ - [compute_lap_features_for_driver] driver=24 lap=31, car_data rows=382
2025-12-15 11:34:23 [INFO] __main__ - [compute_lap_features_for_driver] driver=24 lap=32 KEEP, status=GREEN, duration=105.0s
2025-12-15 11:34:23 [DEBUG] __main__ - [get_openf1] GET https://api.openf1.org/v1/car_data params={'session_key': 9558, 'driver_number': 24, 'date>': '2024-07-07T14:55:41.942000+00:00', 'date<': '2024-07-07T14:57:26.958000+00:00'}
2025-12-15 11:34:24 [DEBUG] __main__ - [compute_lap_features_for_driver] driver=24 lap=32, car_data rows=405
2025-12-15 11:34:24 [INFO] __main__ - [compute_lap_features_for_driver] driver=24 lap=33 KEEP, status=GREEN, duration=105.4s
2025-12-15 11:34:24 [DEBUG] __main__ - [get_openf1] GET https://api.openf1.org/v1/car_data params={'session_key': 9558, 'driver_number': 24, 'date>': '2024-07-07T14:57:26.958000+00:00', 'date<': '2024-07-07T14:59:12.334000+00:00'}
2025-12-15 11:34:25 [DEBUG] __main__ - [compute_lap_features_for_driver] driver=24 lap=33, car_data rows=405
2025-12-15 11:34:25 [INFO] __main__ - [compute_lap_features_for_driver] driver=24 lap=34 KEEP, status=GREEN, duration=108.0s
2025-12-15 11:34:25 [DEBUG] __main__ - [get_openf1] GET https://api.openf1.org/v1/car_data params={'session_key': 9558, 'driver_number': 24, 'date>': '2024-07-07T14:59:12.334000+00:00', 'date<': '2024-07-07T15:01:00.334000+00:00'}
2025-12-15 11:34:26 [DEBUG] __main__ - [compute_lap_features_for_driver] driver=24 lap=34, car_data rows=395
2025-12-15 11:34:26 [INFO] __main__ - [compute_lap_features_for_driver] driver=24 lap=35 KEEP, status=GREEN, duration=102.5s
2025-12-15 11:34:26 [DEBUG] __main__ - [get_openf1] GET https://api.openf1.org/v1/car_data params={'session_key': 9558, 'driver_number': 24, 'date>': '2024-07-07T15:01:00.334000+00:00', 'date<': '2024-07-07T15:02:42.865000+00:00'}
2025-12-15 11:34:27 [DEBUG] __main__ - [compute_lap_features_for_driver] driver=24 lap=35, car_data rows=384
2025-12-15 11:34:27 [INFO] __main__ - [compute_lap_features_for_driver] driver=24 lap=36 KEEP, status=GREEN, duration=102.9s
2025-12-15 11:34:27 [DEBUG] __main__ - [get_openf1] GET https://api.openf1.org/v1/car_data params={'session_key': 9558, 'driver_number': 24, 'date>': '2024-07-07T15:02:42.865000+00:00', 'date<': '2024-07-07T15:04:25.725000+00:00'}
2025-12-15 11:34:28 [DEBUG] __main__ - [compute_lap_features_for_driver] driver=24 lap=36, car_data rows=380
2025-12-15 11:34:28 [INFO] __main__ - [compute_lap_features_for_driver] driver=24 lap=37 KEEP, status=GREEN, duration=101.6s
2025-12-15 11:34:28 [DEBUG] __main__ - [get_openf1] GET https://api.openf1.org/v1/car_data params={'session_key': 9558, 'driver_number': 24, 'date>': '2024-07-07T15:04:25.725000+00:00', 'date<': '2024-07-07T15:06:07.310000+00:00'}
2025-12-15 11:34:29 [DEBUG] __main__ - [compute_lap_features_for_driver] driver=24 lap=37, car_data rows=396
2025-12-15 11:34:29 [INFO] __main__ - [compute_lap_features_for_driver] driver=24 lap=38 KEEP, status=GREEN, duration=126.7s
2025-12-15 11:34:29 [DEBUG] __main__ - [get_openf1] GET https://api.openf1.org/v1/car_data params={'session_key': 9558, 'driver_number': 24, 'date>': '2024-07-07T15:06:07.310000+00:00', 'date<': '2024-07-07T15:08:14.014000+00:00'}
2025-12-15 11:34:30 [DEBUG] __main__ - [compute_lap_features_for_driver] driver=24 lap=38, car_data rows=476
2025-12-15 11:34:30 [INFO] __main__ - [compute_lap_features_for_driver] driver=24 lap=39 KEEP, status=GREEN, duration=92.8s
2025-12-15 11:34:30 [DEBUG] __main__ - [get_openf1] GET https://api.openf1.org/v1/car_data params={'session_key': 9558, 'driver_number': 24, 'date>': '2024-07-07T15:08:14.014000+00:00', 'date<': '2024-07-07T15:09:46.808000+00:00'}
2025-12-15 11:34:30 [DEBUG] __main__ - [compute_lap_features_for_driver] driver=24 lap=39, car_data rows=360
2025-12-15 11:34:30 [INFO] __main__ - [compute_lap_features_for_driver] driver=24 lap=40 KEEP, status=GREEN, duration=93.2s
2025-12-15 11:34:30 [DEBUG] __main__ - [get_openf1] GET https://api.openf1.org/v1/car_data params={'session_key': 9558, 'driver_number': 24, 'date>': '2024-07-07T15:09:46.808000+00:00', 'date<': '2024-07-07T15:11:20.006000+00:00'}
2025-12-15 11:34:31 [DEBUG] __main__ - [compute_lap_features_for_driver] driver=24 lap=40, car_data rows=363
2025-12-15 11:34:31 [INFO] __main__ - [compute_lap_features_for_driver] driver=24 lap=41 KEEP, status=GREEN, duration=91.2s
2025-12-15 11:34:31 [DEBUG] __main__ - [get_openf1] GET https://api.openf1.org/v1/car_data params={'session_key': 9558, 'driver_number': 24, 'date>': '2024-07-07T15:11:20.006000+00:00', 'date<': '2024-07-07T15:12:51.169000+00:00'}
2025-12-15 11:34:31 [DEBUG] __main__ - [compute_lap_features_for_driver] driver=24 lap=41, car_data rows=359
2025-12-15 11:34:31 [INFO] __main__ - [compute_lap_features_for_driver] driver=24 lap=42 KEEP, status=GREEN, duration=91.0s
2025-12-15 11:34:31 [DEBUG] __main__ - [get_openf1] GET https://api.openf1.org/v1/car_data params={'session_key': 9558, 'driver_number': 24, 'date>': '2024-07-07T15:12:51.169000+00:00', 'date<': '2024-07-07T15:14:22.188000+00:00'}
2025-12-15 11:34:32 [DEBUG] __main__ - [compute_lap_features_for_driver] driver=24 lap=42, car_data rows=348
2025-12-15 11:34:32 [INFO] __main__ - [compute_lap_features_for_driver] driver=24 lap=43 KEEP, status=GREEN, duration=91.1s
2025-12-15 11:34:32 [DEBUG] __main__ - [get_openf1] GET https://api.openf1.org/v1/car_data params={'session_key': 9558, 'driver_number': 24, 'date>': '2024-07-07T15:14:22.188000+00:00', 'date<': '2024-07-07T15:15:53.256000+00:00'}
2025-12-15 11:34:33 [DEBUG] __main__ - [compute_lap_features_for_driver] driver=24 lap=43, car_data rows=348
2025-12-15 11:34:33 [INFO] __main__ - [compute_lap_features_for_driver] driver=24 lap=44 KEEP, status=GREEN, duration=91.3s
2025-12-15 11:34:33 [DEBUG] __main__ - [get_openf1] GET https://api.openf1.org/v1/car_data params={'session_key': 9558, 'driver_number': 24, 'date>': '2024-07-07T15:15:53.256000+00:00', 'date<': '2024-07-07T15:17:24.587000+00:00'}
2025-12-15 11:34:33 [DEBUG] __main__ - [compute_lap_features_for_driver] driver=24 lap=44, car_data rows=346
2025-12-15 11:34:33 [INFO] __main__ - [compute_lap_features_for_driver] driver=24 lap=45 KEEP, status=GREEN, duration=91.4s
2025-12-15 11:34:33 [DEBUG] __main__ - [get_openf1] GET https://api.openf1.org/v1/car_data params={'session_key': 9558, 'driver_number': 24, 'date>': '2024-07-07T15:17:24.587000+00:00', 'date<': '2024-07-07T15:18:56.026000+00:00'}
2025-12-15 11:34:34 [DEBUG] __main__ - [compute_lap_features_for_driver] driver=24 lap=45, car_data rows=345
2025-12-15 11:34:34 [INFO] __main__ - [compute_lap_features_for_driver] driver=24 lap=46 KEEP, status=GREEN, duration=91.3s
2025-12-15 11:34:34 [DEBUG] __main__ - [get_openf1] GET https://api.openf1.org/v1/car_data params={'session_key': 9558, 'driver_number': 24, 'date>': '2024-07-07T15:18:56.026000+00:00', 'date<': '2024-07-07T15:20:27.357000+00:00'}
2025-12-15 11:34:34 [DEBUG] __main__ - [compute_lap_features_for_driver] driver=24 lap=46, car_data rows=341
2025-12-15 11:34:34 [INFO] __main__ - [compute_lap_features_for_driver] driver=24 lap=47 KEEP, status=GREEN, duration=91.4s
2025-12-15 11:34:34 [DEBUG] __main__ - [get_openf1] GET https://api.openf1.org/v1/car_data params={'session_key': 9558, 'driver_number': 24, 'date>': '2024-07-07T15:20:27.357000+00:00', 'date<': '2024-07-07T15:21:58.755000+00:00'}
2025-12-15 11:34:35 [DEBUG] __main__ - [compute_lap_features_for_driver] driver=24 lap=47, car_data rows=343
2025-12-15 11:34:35 [INFO] __main__ - [compute_lap_features_for_driver] driver=24 lap=48 KEEP, status=GREEN, duration=91.5s
2025-12-15 11:34:35 [DEBUG] __main__ - [get_openf1] GET https://api.openf1.org/v1/car_data params={'session_key': 9558, 'driver_number': 24, 'date>': '2024-07-07T15:21:58.755000+00:00', 'date<': '2024-07-07T15:23:30.296000+00:00'}
2025-12-15 11:34:36 [DEBUG] __main__ - [compute_lap_features_for_driver] driver=24 lap=48, car_data rows=352
2025-12-15 11:34:36 [INFO] __main__ - [compute_lap_features_for_driver] driver=24 lap=49 KEEP, status=GREEN, duration=92.5s
2025-12-15 11:34:36 [DEBUG] __main__ - [get_openf1] GET https://api.openf1.org/v1/car_data params={'session_key': 9558, 'driver_number': 24, 'date>': '2024-07-07T15:23:30.296000+00:00', 'date<': '2024-07-07T15:25:02.816000+00:00'}
2025-12-15 11:34:36 [DEBUG] __main__ - [compute_lap_features_for_driver] driver=24 lap=49, car_data rows=363
2025-12-15 11:34:36 [INFO] __main__ - [compute_lap_features_for_driver] driver=24 lap=50 DROP (CHEQUERED_FLAG_LAP), status=RED_FLAG;CHEQUERED, duration=nans
2025-12-15 11:34:36 [INFO] __main__ - [compute_lap_features_for_driver] driver=24, feature laps=[2, 3, 4, 5, 6, 7, 8, 9, 10, 11, 12, 13, 14, 15, 16, 17, 18, 19, 20, 21, 22, 23, 24, 25, 26, 27, 28, 29, 30, 31, 32, 33, 34, 35, 36, 37, 38, 39, 40, 41, 42, 43, 44, 45, 46, 47, 48, 49]
2025-12-15 11:34:36 [INFO] __main__ - [build_driver_style_embedding_json] all feature laps (combined)=[2, 3, 4, 5, 6, 7, 8, 9, 10, 11, 12, 13, 14, 15, 16, 17, 18, 19, 20, 21, 22, 23, 24, 25, 26, 27, 28, 29, 30, 31, 32, 33, 34, 35, 36, 37, 38, 39, 40, 41, 42, 43, 44, 45, 46, 47, 48, 49, 50, 51]
2025-12-15 11:34:36 [INFO] __main__ - [embed_lap_features] focus_laps = [10, 27, 52]
2025-12-15 11:34:36 [INFO] __main__ - Saved ./driver_style_embedding_2024silverstone.json
